test: (g=0): rw=randread, bs=(R) 4096B-4096B, (W) 4096B-4096B, (T) 4096B-4096B, ioengine=libaio, iodepth=256
...
fio-3.27
Starting 32 processes
rand-read: Laying out IO file (1 file / 1024MiB)
rand-read: Laying out IO file (1 file / 1024MiB)
rand-read: Laying out IO file (1 file / 1024MiB)
rand-read: Laying out IO file (1 file / 1024MiB)
rand-read: Laying out IO file (1 file / 1024MiB)
rand-read: Laying out IO file (1 file / 1024MiB)
rand-read: Laying out IO file (1 file / 1024MiB)
rand-read: Laying out IO file (1 file / 1024MiB)
rand-read: Laying out IO file (1 file / 1024MiB)
rand-read: Laying out IO file (1 file / 1024MiB)
rand-read: Laying out IO file (1 file / 1024MiB)
rand-read: Laying out IO file (1 file / 1024MiB)
rand-read: Laying out IO file (1 file / 1024MiB)
rand-read: Laying out IO file (1 file / 1024MiB)
rand-read: Laying out IO file (1 file / 1024MiB)
rand-read: Laying out IO file (1 file / 1024MiB)

test: (groupid=0, jobs=32): err= 0: pid=231330: Mon Jul 19 22:26:18 2021
  read: IOPS=634, BW=2537KiB/s (2598kB/s)(743MiB/300067msec)
    slat (msec): min=5, max=283, avg=50.42, stdev=15.72
    clat (usec): min=14, max=14982k, avg=12596572.78, stdev=1769630.55
     lat (msec): min=6, max=15075, avg=12647.00, stdev=1771.32
    clat percentiles (msec):
     |  1.00th=[ 2802],  5.00th=[11342], 10.00th=[11476], 20.00th=[11745],
     | 30.00th=[12147], 40.00th=[12550], 50.00th=[12953], 60.00th=[13221],
     | 70.00th=[13489], 80.00th=[13758], 90.00th=[14026], 95.00th=[14160],
     | 99.00th=[14429], 99.50th=[14563], 99.90th=[14697], 99.95th=[14832],
     | 99.99th=[14832]
   bw (  KiB/s): min= 1024, max= 4360, per=99.77%, avg=2532.00, stdev=11.93, samples=18385
   iops        : min=  256, max= 1090, avg=633.00, stdev= 2.98, samples=18385
  lat (usec)   : 20=0.01%, 50=0.01%
  lat (msec)   : 10=0.01%, 20=0.01%, 50=0.01%, 100=0.03%, 250=0.08%
  lat (msec)   : 500=0.10%, 750=0.08%, 1000=0.08%, 2000=0.32%, >=2000=99.26%
  cpu          : usr=0.06%, sys=0.38%, ctx=190543, majf=0, minf=9441
  IO depths    : 1=0.1%, 2=0.1%, 4=0.1%, 8=0.1%, 16=0.3%, 32=0.5%, >=64=98.9%
     submit    : 0=0.0%, 4=100.0%, 8=0.0%, 16=0.0%, 32=0.0%, 64=0.0%, >=64=0.0%
     complete  : 0=0.0%, 4=100.0%, 8=0.0%, 16=0.0%, 32=0.0%, 64=0.0%, >=64=0.1%
     issued rwts: total=190302,0,0,0 short=0,0,0,0 dropped=0,0,0,0
     latency   : target=0, window=0, percentile=100.00%, depth=256

Run status group 0 (all jobs):
   READ: bw=2537KiB/s (2598kB/s), 2537KiB/s-2537KiB/s (2598kB/s-2598kB/s), io=743MiB (779MB), run=300067-300067msec
