test: (g=0): rw=randread, bs=(R) 4096B-4096B, (W) 4096B-4096B, (T) 4096B-4096B, ioengine=libaio, iodepth=256
...
fio-3.27
Starting 8 processes
rand-read: Laying out IO file (1 file / 1024MiB)
rand-read: Laying out IO file (1 file / 1024MiB)
rand-read: Laying out IO file (1 file / 1024MiB)
rand-read: Laying out IO file (1 file / 1024MiB)

test: (groupid=0, jobs=8): err= 0: pid=165377: Mon Jul 19 19:39:40 2021
  read: IOPS=766, BW=3065KiB/s (3139kB/s)(898MiB/300021msec)
    slat (usec): min=455, max=157452, avg=10414.37, stdev=8422.14
    clat (usec): min=15, max=3719.5k, avg=2650341.39, stdev=295371.28
     lat (msec): min=5, max=3742, avg=2660.76, stdev=296.10
    clat percentiles (msec):
     |  1.00th=[ 1972],  5.00th=[ 2198], 10.00th=[ 2333], 20.00th=[ 2467],
     | 30.00th=[ 2534], 40.00th=[ 2601], 50.00th=[ 2668], 60.00th=[ 2702],
     | 70.00th=[ 2802], 80.00th=[ 2869], 90.00th=[ 2970], 95.00th=[ 3104],
     | 99.00th=[ 3339], 99.50th=[ 3406], 99.90th=[ 3540], 99.95th=[ 3608],
     | 99.99th=[ 3675]
   bw (  KiB/s): min= 1536, max= 4632, per=99.92%, avg=3063.86, stdev=54.41, samples=4754
   iops        : min=  384, max= 1158, avg=765.96, stdev=13.60, samples=4754
  lat (usec)   : 20=0.01%, 50=0.01%
  lat (msec)   : 10=0.01%, 20=0.01%, 50=0.01%, 100=0.01%, 250=0.05%
  lat (msec)   : 500=0.08%, 750=0.08%, 1000=0.08%, 2000=0.93%, >=2000=98.75%
  cpu          : usr=0.26%, sys=1.63%, ctx=230010, majf=0, minf=2361
  IO depths    : 1=0.1%, 2=0.1%, 4=0.1%, 8=0.1%, 16=0.1%, 32=0.1%, >=64=99.8%
     submit    : 0=0.0%, 4=100.0%, 8=0.0%, 16=0.0%, 32=0.0%, 64=0.0%, >=64=0.0%
     complete  : 0=0.0%, 4=100.0%, 8=0.0%, 16=0.0%, 32=0.0%, 64=0.0%, >=64=0.1%
     issued rwts: total=229926,0,0,0 short=0,0,0,0 dropped=0,0,0,0
     latency   : target=0, window=0, percentile=100.00%, depth=256

Run status group 0 (all jobs):
   READ: bw=3065KiB/s (3139kB/s), 3065KiB/s-3065KiB/s (3139kB/s-3139kB/s), io=898MiB (942MB), run=300021-300021msec
