test: (g=0): rw=randread, bs=(R) 4096B-4096B, (W) 4096B-4096B, (T) 4096B-4096B, ioengine=libaio, iodepth=256
...
fio-3.27
Starting 4 processes
rand-read: Laying out IO file (1 file / 1024MiB)
rand-read: Laying out IO file (1 file / 1024MiB)

test: (groupid=0, jobs=4): err= 0: pid=171727: Tue Jul 20 11:16:42 2021
  read: IOPS=444, BW=1780KiB/s (1822kB/s)(521MiB/300010msec)
    slat (usec): min=455, max=109723, avg=8969.02, stdev=6605.72
    clat (usec): min=15, max=2713.2k, avg=2284282.12, stdev=163288.18
     lat (msec): min=4, max=2717, avg=2293.25, stdev=163.46
    clat percentiles (msec):
     |  1.00th=[ 2005],  5.00th=[ 2106], 10.00th=[ 2140], 20.00th=[ 2198],
     | 30.00th=[ 2232], 40.00th=[ 2265], 50.00th=[ 2299], 60.00th=[ 2333],
     | 70.00th=[ 2366], 80.00th=[ 2400], 90.00th=[ 2433], 95.00th=[ 2500],
     | 99.00th=[ 2567], 99.50th=[ 2601], 99.90th=[ 2635], 99.95th=[ 2635],
     | 99.99th=[ 2668]
   bw (  KiB/s): min= 1016, max= 2320, per=99.92%, avg=1778.45, stdev=44.93, samples=2380
   iops        : min=  254, max=  580, avg=444.61, stdev=11.23, samples=2380
  lat (usec)   : 20=0.01%, 50=0.01%
  lat (msec)   : 10=0.01%, 20=0.01%, 50=0.01%, 100=0.02%, 250=0.05%
  lat (msec)   : 500=0.08%, 750=0.08%, 1000=0.08%, 2000=0.54%, >=2000=99.12%
  cpu          : usr=0.28%, sys=1.79%, ctx=133514, majf=0, minf=1180
  IO depths    : 1=0.1%, 2=0.1%, 4=0.1%, 8=0.1%, 16=0.1%, 32=0.1%, >=64=99.8%
     submit    : 0=0.0%, 4=100.0%, 8=0.0%, 16=0.0%, 32=0.0%, 64=0.0%, >=64=0.0%
     complete  : 0=0.0%, 4=100.0%, 8=0.0%, 16=0.0%, 32=0.0%, 64=0.0%, >=64=0.1%
     issued rwts: total=133467,0,0,0 short=0,0,0,0 dropped=0,0,0,0
     latency   : target=0, window=0, percentile=100.00%, depth=256

Run status group 0 (all jobs):
   READ: bw=1780KiB/s (1822kB/s), 1780KiB/s-1780KiB/s (1822kB/s-1822kB/s), io=521MiB (547MB), run=300010-300010msec
