test: (g=0): rw=read, bs=(R) 4096B-4096B, (W) 4096B-4096B, (T) 4096B-4096B, ioengine=libaio, iodepth=256
...
fio-3.27
Starting 32 processes
seq-read: Laying out IO file (1 file / 1024MiB)
seq-read: Laying out IO file (1 file / 1024MiB)
seq-read: Laying out IO file (1 file / 1024MiB)
seq-read: Laying out IO file (1 file / 1024MiB)
seq-read: Laying out IO file (1 file / 1024MiB)
seq-read: Laying out IO file (1 file / 1024MiB)
seq-read: Laying out IO file (1 file / 1024MiB)
seq-read: Laying out IO file (1 file / 1024MiB)
seq-read: Laying out IO file (1 file / 1024MiB)
seq-read: Laying out IO file (1 file / 1024MiB)
seq-read: Laying out IO file (1 file / 1024MiB)
seq-read: Laying out IO file (1 file / 1024MiB)
seq-read: Laying out IO file (1 file / 1024MiB)
seq-read: Laying out IO file (1 file / 1024MiB)
seq-read: Laying out IO file (1 file / 1024MiB)
seq-read: Laying out IO file (1 file / 1024MiB)

test: (groupid=0, jobs=32): err= 0: pid=247055: Tue Jul 20 15:59:12 2021
  read: IOPS=28.7k, BW=112MiB/s (118MB/s)(32.9GiB/300037msec)
    slat (usec): min=10, max=591767, avg=1102.51, stdev=7322.99
    clat (usec): min=10, max=25004k, avg=283124.41, stdev=1642308.15
     lat (usec): min=22, max=25073k, avg=284227.85, stdev=1648553.50
    clat percentiles (msec):
     |  1.00th=[    5],  5.00th=[    5], 10.00th=[    5], 20.00th=[    5],
     | 30.00th=[    5], 40.00th=[    6], 50.00th=[    6], 60.00th=[    6],
     | 70.00th=[    6], 80.00th=[   16], 90.00th=[   26], 95.00th=[ 1045],
     | 99.00th=[ 8557], 99.50th=[14429], 99.90th=[17113], 99.95th=[17113],
     | 99.99th=[17113]
   bw (  KiB/s): min=  576, max=3880487, per=100.00%, avg=116241.78, stdev=20293.24, samples=19017
   iops        : min=  144, max=970120, avg=29060.37, stdev=5073.30, samples=19017
  lat (usec)   : 20=0.01%, 50=0.01%, 100=0.01%, 250=0.01%, 500=0.01%
  lat (usec)   : 750=0.01%, 1000=0.01%
  lat (msec)   : 2=0.01%, 4=0.01%, 10=78.34%, 20=11.16%, 50=5.25%
  lat (msec)   : 100=0.11%, 250=0.02%, 500=0.01%, 750=0.01%, 1000=0.07%
  lat (msec)   : 2000=0.28%, >=2000=4.75%
  cpu          : usr=0.85%, sys=2.90%, ctx=428754, majf=0, minf=9477
  IO depths    : 1=0.1%, 2=0.1%, 4=0.1%, 8=0.1%, 16=0.1%, 32=0.1%, >=64=100.0%
     submit    : 0=0.0%, 4=100.0%, 8=0.0%, 16=0.0%, 32=0.0%, 64=0.0%, >=64=0.0%
     complete  : 0=0.0%, 4=100.0%, 8=0.0%, 16=0.0%, 32=0.0%, 64=0.0%, >=64=0.1%
     issued rwts: total=8615239,0,0,0 short=0,0,0,0 dropped=0,0,0,0
     latency   : target=0, window=0, percentile=100.00%, depth=256

Run status group 0 (all jobs):
   READ: bw=112MiB/s (118MB/s), 112MiB/s-112MiB/s (118MB/s-118MB/s), io=32.9GiB (35.3GB), run=300037-300037msec
