test: (g=0): rw=read, bs=(R) 4096B-4096B, (W) 4096B-4096B, (T) 4096B-4096B, ioengine=libaio, iodepth=256
...
fio-3.27
Starting 2 processes
seq-read: Laying out IO file (1 file / 1024MiB)

test: (groupid=0, jobs=2): err= 0: pid=249770: Tue Jul 20 14:24:35 2021
  read: IOPS=33.4k, BW=130MiB/s (137MB/s)(38.2GiB/300009msec)
    slat (usec): min=10, max=162660, avg=48.65, stdev=617.51
    clat (usec): min=10, max=6396.6k, avg=15279.32, stdev=75304.55
     lat (usec): min=22, max=6397.7k, avg=15328.78, stdev=75538.20
    clat percentiles (msec):
     |  1.00th=[    5],  5.00th=[    5], 10.00th=[    5], 20.00th=[    5],
     | 30.00th=[    5], 40.00th=[    5], 50.00th=[    5], 60.00th=[    6],
     | 70.00th=[    6], 80.00th=[    6], 90.00th=[   16], 95.00th=[   26],
     | 99.00th=[  422], 99.50th=[  558], 99.90th=[  927], 99.95th=[  953],
     | 99.99th=[ 1133]
   bw (  KiB/s): min=   80, max=331888, per=100.00%, avg=139336.63, stdev=40375.92, samples=1171
   iops        : min=   20, max=82970, avg=34834.15, stdev=10093.99, samples=1171
  lat (usec)   : 20=0.01%, 50=0.01%, 100=0.01%, 250=0.01%, 500=0.01%
  lat (usec)   : 750=0.01%, 1000=0.01%
  lat (msec)   : 2=0.01%, 4=0.01%, 10=87.85%, 20=4.59%, 50=5.81%
  lat (msec)   : 100=0.03%, 250=0.11%, 500=0.93%, 750=0.49%, 1000=0.17%
  lat (msec)   : 2000=0.01%, >=2000=0.01%
  cpu          : usr=14.14%, sys=39.06%, ctx=163233, majf=0, minf=590
  IO depths    : 1=0.1%, 2=0.1%, 4=0.1%, 8=0.1%, 16=0.1%, 32=0.1%, >=64=100.0%
     submit    : 0=0.0%, 4=100.0%, 8=0.0%, 16=0.0%, 32=0.0%, 64=0.0%, >=64=0.0%
     complete  : 0=0.0%, 4=100.0%, 8=0.0%, 16=0.0%, 32=0.0%, 64=0.0%, >=64=0.1%
     issued rwts: total=10011265,0,0,0 short=0,0,0,0 dropped=0,0,0,0
     latency   : target=0, window=0, percentile=100.00%, depth=256

Run status group 0 (all jobs):
   READ: bw=130MiB/s (137MB/s), 130MiB/s-130MiB/s (137MB/s-137MB/s), io=38.2GiB (41.0GB), run=300009-300009msec
