readwrite: (g=0): rw=rw, bs=(R) 4096B-4096B, (W) 4096B-4096B, (T) 4096B-4096B, ioengine=libaio, iodepth=256
...
fio-3.27
Starting 64 processes
readwrite: Laying out IO file (1 file / 1024MiB)
readwrite: Laying out IO file (1 file / 1024MiB)
readwrite: Laying out IO file (1 file / 1024MiB)
readwrite: Laying out IO file (1 file / 1024MiB)
readwrite: Laying out IO file (1 file / 1024MiB)
readwrite: Laying out IO file (1 file / 1024MiB)
readwrite: Laying out IO file (1 file / 1024MiB)
readwrite: Laying out IO file (1 file / 1024MiB)
readwrite: Laying out IO file (1 file / 1024MiB)
readwrite: Laying out IO file (1 file / 1024MiB)
readwrite: Laying out IO file (1 file / 1024MiB)
readwrite: Laying out IO file (1 file / 1024MiB)
readwrite: Laying out IO file (1 file / 1024MiB)
readwrite: Laying out IO file (1 file / 1024MiB)
readwrite: Laying out IO file (1 file / 1024MiB)
readwrite: Laying out IO file (1 file / 1024MiB)
readwrite: Laying out IO file (1 file / 1024MiB)
readwrite: Laying out IO file (1 file / 1024MiB)
readwrite: Laying out IO file (1 file / 1024MiB)
readwrite: Laying out IO file (1 file / 1024MiB)
readwrite: Laying out IO file (1 file / 1024MiB)
readwrite: Laying out IO file (1 file / 1024MiB)
readwrite: Laying out IO file (1 file / 1024MiB)
readwrite: Laying out IO file (1 file / 1024MiB)
readwrite: Laying out IO file (1 file / 1024MiB)
readwrite: Laying out IO file (1 file / 1024MiB)
readwrite: Laying out IO file (1 file / 1024MiB)
readwrite: Laying out IO file (1 file / 1024MiB)
readwrite: Laying out IO file (1 file / 1024MiB)
readwrite: Laying out IO file (1 file / 1024MiB)
readwrite: Laying out IO file (1 file / 1024MiB)
readwrite: Laying out IO file (1 file / 1024MiB)

readwrite: (groupid=0, jobs=64): err= 0: pid=111005: Wed Jul 21 20:16:01 2021
  read: IOPS=20.1k, BW=78.7MiB/s (82.5MB/s)(23.1GiB/300089msec)
    slat (usec): min=7, max=8330.9k, avg=3069.88, stdev=39662.84
    clat (usec): min=10, max=65704k, avg=406187.60, stdev=3168119.59
     lat (usec): min=19, max=65926k, avg=409258.26, stdev=3191013.95
    clat percentiles (msec):
     |  1.00th=[   13],  5.00th=[   13], 10.00th=[   14], 20.00th=[   14],
     | 30.00th=[   14], 40.00th=[   14], 50.00th=[   15], 60.00th=[   15],
     | 70.00th=[   15], 80.00th=[   16], 90.00th=[   16], 95.00th=[   20],
     | 99.00th=[17113], 99.50th=[17113], 99.90th=[17113], 99.95th=[17113],
     | 99.99th=[17113]
   bw (  KiB/s): min=  503, max=895943, per=100.00%, avg=93589.39, stdev=6084.72, samples=29820
   iops        : min=  119, max=223983, avg=23396.99, stdev=1521.17, samples=29820
  write: IOPS=20.1k, BW=78.6MiB/s (82.5MB/s)(23.0GiB/300089msec); 0 zone resets
    slat (usec): min=68, max=4690.9k, avg=85.92, stdev=2377.33
    clat (usec): min=47, max=65704k, avg=387498.66, stdev=3080922.66
     lat (usec): min=131, max=65704k, avg=387585.68, stdev=3080926.54
    clat percentiles (msec):
     |  1.00th=[   13],  5.00th=[   13], 10.00th=[   14], 20.00th=[   14],
     | 30.00th=[   14], 40.00th=[   14], 50.00th=[   15], 60.00th=[   15],
     | 70.00th=[   15], 80.00th=[   16], 90.00th=[   16], 95.00th=[   20],
     | 99.00th=[17113], 99.50th=[17113], 99.90th=[17113], 99.95th=[17113],
     | 99.99th=[17113]
   bw (  KiB/s): min=  499, max=904136, per=100.00%, avg=94470.15, stdev=6105.63, samples=29522
   iops        : min=  115, max=226033, avg=23617.20, stdev=1526.40, samples=29522
  lat (usec)   : 20=0.01%, 50=0.01%, 100=0.01%, 250=0.01%, 500=0.01%
  lat (usec)   : 750=0.01%, 1000=0.01%
  lat (msec)   : 2=0.01%, 4=0.01%, 10=0.01%, 20=96.54%, 50=1.18%
  lat (msec)   : 100=0.11%, 250=0.06%, 500=0.07%, 750=0.06%, 1000=0.06%
  lat (msec)   : 2000=0.10%, >=2000=1.82%
  cpu          : usr=0.61%, sys=3.15%, ctx=92967, majf=0, minf=2830
  IO depths    : 1=0.1%, 2=0.1%, 4=0.1%, 8=0.1%, 16=0.1%, 32=0.1%, >=64=100.0%
     submit    : 0=0.0%, 4=100.0%, 8=0.0%, 16=0.0%, 32=0.0%, 64=0.0%, >=64=0.0%
     complete  : 0=0.0%, 4=100.0%, 8=0.0%, 16=0.0%, 32=0.0%, 64=0.0%, >=64=0.1%
     issued rwts: total=6044480,6041830,0,0 short=0,0,0,0 dropped=0,0,0,0
     latency   : target=0, window=0, percentile=100.00%, depth=256

Run status group 0 (all jobs):
   READ: bw=78.7MiB/s (82.5MB/s), 78.7MiB/s-78.7MiB/s (82.5MB/s-82.5MB/s), io=23.1GiB (24.8GB), run=300089-300089msec
  WRITE: bw=78.6MiB/s (82.5MB/s), 78.6MiB/s-78.6MiB/s (82.5MB/s-82.5MB/s), io=23.0GiB (24.7GB), run=300089-300089msec
