readwrite: (g=0): rw=rw, bs=(R) 4096B-4096B, (W) 4096B-4096B, (T) 4096B-4096B, ioengine=libaio, iodepth=256
...
fio-3.27
Starting 32 processes
readwrite: Laying out IO file (1 file / 1024MiB)
readwrite: Laying out IO file (1 file / 1024MiB)
readwrite: Laying out IO file (1 file / 1024MiB)
readwrite: Laying out IO file (1 file / 1024MiB)
readwrite: Laying out IO file (1 file / 1024MiB)
readwrite: Laying out IO file (1 file / 1024MiB)
readwrite: Laying out IO file (1 file / 1024MiB)
readwrite: Laying out IO file (1 file / 1024MiB)
readwrite: Laying out IO file (1 file / 1024MiB)
readwrite: Laying out IO file (1 file / 1024MiB)
readwrite: Laying out IO file (1 file / 1024MiB)
readwrite: Laying out IO file (1 file / 1024MiB)
readwrite: Laying out IO file (1 file / 1024MiB)
readwrite: Laying out IO file (1 file / 1024MiB)
readwrite: Laying out IO file (1 file / 1024MiB)
readwrite: Laying out IO file (1 file / 1024MiB)

readwrite: (groupid=0, jobs=32): err= 0: pid=63076: Wed Jul 21 18:59:27 2021
  read: IOPS=26.5k, BW=103MiB/s (108MB/s)(30.3GiB/300232msec)
    slat (usec): min=7, max=2587.6k, avg=1105.51, stdev=14495.68
    clat (usec): min=10, max=44777k, avg=155252.30, stdev=1388696.81
     lat (usec): min=21, max=44870k, avg=156358.56, stdev=1398657.83
    clat percentiles (msec):
     |  1.00th=[   13],  5.00th=[   13], 10.00th=[   13], 20.00th=[   14],
     | 30.00th=[   14], 40.00th=[   14], 50.00th=[   15], 60.00th=[   15],
     | 70.00th=[   15], 80.00th=[   15], 90.00th=[   16], 95.00th=[   19],
     | 99.00th=[ 5671], 99.50th=[11476], 99.90th=[17113], 99.95th=[17113],
     | 99.99th=[17113]
   bw (  KiB/s): min=  256, max=745384, per=100.00%, avg=114176.54, stdev=8804.55, samples=17549
   iops        : min=   64, max=186346, avg=28544.09, stdev=2201.13, samples=17549
  write: IOPS=26.5k, BW=103MiB/s (108MB/s)(30.3GiB/300232msec); 0 zone resets
    slat (usec): min=68, max=336212, avg=82.41, stdev=285.13
    clat (usec): min=11, max=44368k, avg=151782.00, stdev=1372945.41
     lat (usec): min=84, max=44368k, avg=151865.51, stdev=1372948.14
    clat percentiles (msec):
     |  1.00th=[   13],  5.00th=[   13], 10.00th=[   13], 20.00th=[   14],
     | 30.00th=[   14], 40.00th=[   14], 50.00th=[   15], 60.00th=[   15],
     | 70.00th=[   15], 80.00th=[   15], 90.00th=[   16], 95.00th=[   19],
     | 99.00th=[ 5470], 99.50th=[11208], 99.90th=[17113], 99.95th=[17113],
     | 99.99th=[17113]
   bw (  KiB/s): min=  256, max=741163, per=100.00%, avg=114075.84, stdev=8816.11, samples=17547
   iops        : min=   64, max=185290, avg=28518.90, stdev=2204.02, samples=17547
  lat (usec)   : 20=0.01%, 50=0.01%, 100=0.01%, 250=0.01%, 500=0.01%
  lat (usec)   : 750=0.01%, 1000=0.01%
  lat (msec)   : 2=0.01%, 4=0.01%, 10=0.01%, 20=97.03%, 50=1.31%
  lat (msec)   : 100=0.10%, 250=0.05%, 500=0.06%, 750=0.04%, 1000=0.06%
  lat (msec)   : 2000=0.07%, >=2000=1.28%
  cpu          : usr=1.58%, sys=8.17%, ctx=96660, majf=0, minf=1424
  IO depths    : 1=0.1%, 2=0.1%, 4=0.1%, 8=0.1%, 16=0.1%, 32=0.1%, >=64=100.0%
     submit    : 0=0.0%, 4=100.0%, 8=0.0%, 16=0.0%, 32=0.0%, 64=0.0%, >=64=0.0%
     complete  : 0=0.0%, 4=100.0%, 8=0.0%, 16=0.0%, 32=0.0%, 64=0.0%, >=64=0.1%
     issued rwts: total=7942090,7943725,0,0 short=0,0,0,0 dropped=0,0,0,0
     latency   : target=0, window=0, percentile=100.00%, depth=256

Run status group 0 (all jobs):
   READ: bw=103MiB/s (108MB/s), 103MiB/s-103MiB/s (108MB/s-108MB/s), io=30.3GiB (32.5GB), run=300232-300232msec
  WRITE: bw=103MiB/s (108MB/s), 103MiB/s-103MiB/s (108MB/s-108MB/s), io=30.3GiB (32.5GB), run=300232-300232msec
