readwrite: (g=0): rw=rw, bs=(R) 4096B-4096B, (W) 4096B-4096B, (T) 4096B-4096B, ioengine=libaio, iodepth=256
...
fio-3.27
Starting 8 processes
readwrite: Laying out IO file (1 file / 1024MiB)
readwrite: Laying out IO file (1 file / 1024MiB)
readwrite: Laying out IO file (1 file / 1024MiB)
readwrite: Laying out IO file (1 file / 1024MiB)

readwrite: (groupid=0, jobs=8): err= 0: pid=153986: Wed Jul 21 19:40:18 2021
  read: IOPS=23.5k, BW=91.7MiB/s (96.1MB/s)(26.9GiB/300032msec)
    slat (usec): min=7, max=1423.0k, avg=240.49, stdev=5022.05
    clat (usec): min=12, max=23952k, avg=43566.10, stdev=438332.19
     lat (usec): min=107, max=23998k, avg=43807.33, stdev=441372.54
    clat percentiles (msec):
     |  1.00th=[   12],  5.00th=[   13], 10.00th=[   13], 20.00th=[   14],
     | 30.00th=[   14], 40.00th=[   14], 50.00th=[   14], 60.00th=[   14],
     | 70.00th=[   15], 80.00th=[   15], 90.00th=[   16], 95.00th=[   18],
     | 99.00th=[   70], 99.50th=[ 1972], 99.90th=[ 6275], 99.95th=[10134],
     | 99.99th=[16576]
   bw (  KiB/s): min=   64, max=307696, per=100.00%, avg=95538.90, stdev=13428.27, samples=4684
   iops        : min=   16, max=76924, avg=23884.72, stdev=3357.07, samples=4684
  write: IOPS=23.5k, BW=91.7MiB/s (96.1MB/s)(26.9GiB/300032msec); 0 zone resets
    slat (usec): min=68, max=649859, avg=79.29, stdev=269.00
    clat (usec): min=11, max=23977k, avg=43327.10, stdev=437005.77
     lat (usec): min=82, max=23977k, avg=43407.50, stdev=437007.66
    clat percentiles (msec):
     |  1.00th=[   12],  5.00th=[   13], 10.00th=[   13], 20.00th=[   14],
     | 30.00th=[   14], 40.00th=[   14], 50.00th=[   14], 60.00th=[   14],
     | 70.00th=[   15], 80.00th=[   15], 90.00th=[   16], 95.00th=[   17],
     | 99.00th=[   64], 99.50th=[ 1972], 99.90th=[ 6275], 99.95th=[10134],
     | 99.99th=[16711]
   bw (  KiB/s): min=   64, max=304312, per=100.00%, avg=95657.02, stdev=13401.08, samples=4688
   iops        : min=   16, max=76078, avg=23914.23, stdev=3350.27, samples=4688
  lat (usec)   : 20=0.01%, 50=0.01%, 100=0.01%, 250=0.01%, 500=0.01%
  lat (usec)   : 750=0.01%, 1000=0.01%
  lat (msec)   : 2=0.01%, 4=0.01%, 10=0.01%, 20=97.43%, 50=1.51%
  lat (msec)   : 100=0.07%, 250=0.05%, 500=0.04%, 750=0.05%, 1000=0.09%
  lat (msec)   : 2000=0.26%, >=2000=0.49%
  cpu          : usr=5.56%, sys=28.10%, ctx=58107, majf=0, minf=359
  IO depths    : 1=0.1%, 2=0.1%, 4=0.1%, 8=0.1%, 16=0.1%, 32=0.1%, >=64=100.0%
     submit    : 0=0.0%, 4=100.0%, 8=0.0%, 16=0.0%, 32=0.0%, 64=0.0%, >=64=0.0%
     complete  : 0=0.0%, 4=100.0%, 8=0.0%, 16=0.0%, 32=0.0%, 64=0.0%, >=64=0.1%
     issued rwts: total=7042624,7041586,0,0 short=0,0,0,0 dropped=0,0,0,0
     latency   : target=0, window=0, percentile=100.00%, depth=256

Run status group 0 (all jobs):
   READ: bw=91.7MiB/s (96.1MB/s), 91.7MiB/s-91.7MiB/s (96.1MB/s-96.1MB/s), io=26.9GiB (28.8GB), run=300032-300032msec
  WRITE: bw=91.7MiB/s (96.1MB/s), 91.7MiB/s-91.7MiB/s (96.1MB/s-96.1MB/s), io=26.9GiB (28.8GB), run=300032-300032msec
