test: (g=0): rw=read, bs=(R) 4096B-4096B, (W) 4096B-4096B, (T) 4096B-4096B, ioengine=libaio, iodepth=256
...
fio-3.27
Starting 2 processes

test: (groupid=0, jobs=2): err= 0: pid=8425: Fri Jul 16 03:45:03 2021
  read: IOPS=36.4k, BW=142MiB/s (149MB/s)(41.7GiB/300001msec)
    slat (usec): min=10, max=66826, avg=43.56, stdev=412.59
    clat (usec): min=10, max=1081.7k, avg=13993.89, stdev=53414.36
     lat (usec): min=22, max=1087.4k, avg=14038.23, stdev=53564.51
    clat percentiles (msec):
     |  1.00th=[    5],  5.00th=[    5], 10.00th=[    5], 20.00th=[    5],
     | 30.00th=[    5], 40.00th=[    5], 50.00th=[    6], 60.00th=[    6],
     | 70.00th=[    6], 80.00th=[    6], 90.00th=[   16], 95.00th=[   26],
     | 99.00th=[  326], 99.50th=[  355], 99.90th=[  810], 99.95th=[  927],
     | 99.99th=[  961]
   bw (  KiB/s): min=   16, max=329144, per=100.00%, avg=151887.04, stdev=42882.05, samples=1170
   iops        : min=    4, max=82286, avg=37971.77, stdev=10720.52, samples=1170
  lat (usec)   : 20=0.01%, 50=0.01%, 100=0.01%, 250=0.01%, 500=0.01%
  lat (usec)   : 750=0.01%, 1000=0.01%
  lat (msec)   : 2=0.01%, 4=0.01%, 10=87.52%, 20=4.51%, 50=5.80%
  lat (msec)   : 100=0.02%, 250=0.19%, 500=1.85%, 750=0.01%, 1000=0.10%
  lat (msec)   : 2000=0.01%
  cpu          : usr=15.54%, sys=43.37%, ctx=226414, majf=0, minf=590
  IO depths    : 1=0.1%, 2=0.1%, 4=0.1%, 8=0.1%, 16=0.1%, 32=0.1%, >=64=100.0%
     submit    : 0=0.0%, 4=100.0%, 8=0.0%, 16=0.0%, 32=0.0%, 64=0.0%, >=64=0.0%
     complete  : 0=0.0%, 4=100.0%, 8=0.0%, 16=0.0%, 32=0.0%, 64=0.0%, >=64=0.1%
     issued rwts: total=10932107,0,0,0 short=0,0,0,0 dropped=0,0,0,0
     latency   : target=0, window=0, percentile=100.00%, depth=256

Run status group 0 (all jobs):
   READ: bw=142MiB/s (149MB/s), 142MiB/s-142MiB/s (149MB/s-149MB/s), io=41.7GiB (44.8GB), run=300001-300001msec
