test: (g=0): rw=read, bs=(R) 4096B-4096B, (W) 4096B-4096B, (T) 4096B-4096B, ioengine=libaio, iodepth=256
...
fio-3.27
Starting 8 processes
seq-read: Laying out IO file (1 file / 1024MiB)
seq-read: Laying out IO file (1 file / 1024MiB)
seq-read: Laying out IO file (1 file / 1024MiB)
seq-read: Laying out IO file (1 file / 1024MiB)

test: (groupid=0, jobs=8): err= 0: pid=29970: Tue Jul 20 15:40:03 2021
  read: IOPS=37.7k, BW=147MiB/s (154MB/s)(43.1GiB/300054msec)
    slat (usec): min=10, max=328151, avg=200.21, stdev=2224.49
    clat (usec): min=10, max=35345k, avg=54058.56, stdev=472901.66
     lat (usec): min=22, max=35498k, avg=54259.66, stdev=474648.60
    clat percentiles (msec):
     |  1.00th=[    5],  5.00th=[    5], 10.00th=[    5], 20.00th=[    5],
     | 30.00th=[    6], 40.00th=[    6], 50.00th=[    6], 60.00th=[    6],
     | 70.00th=[    6], 80.00th=[    6], 90.00th=[   27], 95.00th=[  542],
     | 99.00th=[  818], 99.50th=[ 1053], 99.90th=[ 1871], 99.95th=[ 6812],
     | 99.99th=[17113]
   bw (  KiB/s): min=  152, max=1308269, per=100.00%, avg=154625.03, stdev=39841.78, samples=4752
   iops        : min=   38, max=327067, avg=38655.49, stdev=9960.45, samples=4752
  lat (usec)   : 20=0.01%, 50=0.01%, 100=0.01%, 250=0.01%, 500=0.01%
  lat (usec)   : 750=0.01%, 1000=0.01%
  lat (msec)   : 2=0.01%, 4=0.01%, 10=82.88%, 20=6.13%, 50=5.49%
  lat (msec)   : 100=0.06%, 250=0.01%, 500=0.05%, 750=4.13%, 1000=0.66%
  lat (msec)   : 2000=0.50%, >=2000=0.09%
  cpu          : usr=4.36%, sys=14.21%, ctx=604647, majf=0, minf=2366
  IO depths    : 1=0.1%, 2=0.1%, 4=0.1%, 8=0.1%, 16=0.1%, 32=0.1%, >=64=100.0%
     submit    : 0=0.0%, 4=100.0%, 8=0.0%, 16=0.0%, 32=0.0%, 64=0.0%, >=64=0.0%
     complete  : 0=0.0%, 4=100.0%, 8=0.0%, 16=0.0%, 32=0.0%, 64=0.0%, >=64=0.1%
     issued rwts: total=11311021,0,0,0 short=0,0,0,0 dropped=0,0,0,0
     latency   : target=0, window=0, percentile=100.00%, depth=256

Run status group 0 (all jobs):
   READ: bw=147MiB/s (154MB/s), 147MiB/s-147MiB/s (154MB/s-154MB/s), io=43.1GiB (46.3GB), run=300054-300054msec
