readwrite: (g=0): rw=rw, bs=(R) 4096B-4096B, (W) 4096B-4096B, (T) 4096B-4096B, ioengine=libaio, iodepth=256
...
fio-3.27
Starting 16 processes
readwrite: Laying out IO file (1 file / 1024MiB)
readwrite: Laying out IO file (1 file / 1024MiB)
readwrite: Laying out IO file (1 file / 1024MiB)
readwrite: Laying out IO file (1 file / 1024MiB)
readwrite: Laying out IO file (1 file / 1024MiB)
readwrite: Laying out IO file (1 file / 1024MiB)
readwrite: Laying out IO file (1 file / 1024MiB)
readwrite: Laying out IO file (1 file / 1024MiB)

readwrite: (groupid=0, jobs=16): err= 0: pid=253558: Wed Jul 21 17:49:11 2021
  read: IOPS=41.1k, BW=161MiB/s (168MB/s)(47.1GiB/300014msec)
    slat (usec): min=7, max=1074.8k, avg=288.78, stdev=5397.10
    clat (usec): min=10, max=23375k, avg=49816.14, stdev=520243.23
     lat (usec): min=25, max=23439k, avg=50105.65, stdev=524011.08
    clat percentiles (msec):
     |  1.00th=[   12],  5.00th=[   13], 10.00th=[   13], 20.00th=[   14],
     | 30.00th=[   14], 40.00th=[   14], 50.00th=[   14], 60.00th=[   14],
     | 70.00th=[   15], 80.00th=[   15], 90.00th=[   15], 95.00th=[   16],
     | 99.00th=[   37], 99.50th=[ 2802], 99.90th=[ 8658], 99.95th=[11476],
     | 99.99th=[17113]
   bw (  KiB/s): min=  144, max=585179, per=100.00%, avg=166715.37, stdev=12247.89, samples=9389
   iops        : min=   36, max=146294, avg=41678.61, stdev=3061.96, samples=9389
  write: IOPS=41.1k, BW=161MiB/s (168MB/s)(47.1GiB/300014msec); 0 zone resets
    slat (usec): min=68, max=282324, avg=79.19, stdev=134.44
    clat (usec): min=12, max=23384k, avg=49313.50, stdev=514238.99
     lat (usec): min=93, max=23384k, avg=49393.78, stdev=514240.75
    clat percentiles (msec):
     |  1.00th=[   12],  5.00th=[   13], 10.00th=[   13], 20.00th=[   14],
     | 30.00th=[   14], 40.00th=[   14], 50.00th=[   14], 60.00th=[   14],
     | 70.00th=[   15], 80.00th=[   15], 90.00th=[   15], 95.00th=[   16],
     | 99.00th=[   37], 99.50th=[ 2735], 99.90th=[ 8557], 99.95th=[11342],
     | 99.99th=[16845]
   bw (  KiB/s): min=  152, max=577000, per=100.00%, avg=167059.78, stdev=12248.64, samples=9360
   iops        : min=   38, max=144250, avg=41764.73, stdev=3062.15, samples=9360
  lat (usec)   : 20=0.01%, 50=0.01%, 250=0.01%, 500=0.01%, 750=0.01%
  lat (usec)   : 1000=0.01%
  lat (msec)   : 2=0.01%, 4=0.01%, 10=0.01%, 20=98.11%, 50=1.00%
  lat (msec)   : 100=0.05%, 250=0.04%, 500=0.04%, 750=0.02%, 1000=0.05%
  lat (msec)   : 2000=0.10%, >=2000=0.58%
  cpu          : usr=4.86%, sys=24.39%, ctx=86069, majf=0, minf=720
  IO depths    : 1=0.1%, 2=0.1%, 4=0.1%, 8=0.1%, 16=0.1%, 32=0.1%, >=64=100.0%
     submit    : 0=0.0%, 4=100.0%, 8=0.0%, 16=0.0%, 32=0.0%, 64=0.0%, >=64=0.0%
     complete  : 0=0.0%, 4=100.0%, 8=0.0%, 16=0.0%, 32=0.0%, 64=0.0%, >=64=0.1%
     issued rwts: total=12335301,12337674,0,0 short=0,0,0,0 dropped=0,0,0,0
     latency   : target=0, window=0, percentile=100.00%, depth=256

Run status group 0 (all jobs):
   READ: bw=161MiB/s (168MB/s), 161MiB/s-161MiB/s (168MB/s-168MB/s), io=47.1GiB (50.5GB), run=300014-300014msec
  WRITE: bw=161MiB/s (168MB/s), 161MiB/s-161MiB/s (168MB/s-168MB/s), io=47.1GiB (50.5GB), run=300014-300014msec
