readwrite: (g=0): rw=rw, bs=(R) 4096B-4096B, (W) 4096B-4096B, (T) 4096B-4096B, ioengine=libaio, iodepth=256
...
fio-3.27
Starting 8 processes
readwrite: Laying out IO file (1 file / 1024MiB)
readwrite: Laying out IO file (1 file / 1024MiB)
readwrite: Laying out IO file (1 file / 1024MiB)
readwrite: Laying out IO file (1 file / 1024MiB)

readwrite: (groupid=0, jobs=8): err= 0: pid=251886: Wed Jul 21 16:53:46 2021
  read: IOPS=33.0k, BW=129MiB/s (135MB/s)(37.8GiB/300015msec)
    slat (usec): min=7, max=949182, avg=135.73, stdev=2247.95
    clat (usec): min=9, max=7198.4k, avg=30904.74, stdev=119060.38
     lat (usec): min=21, max=7199.7k, avg=31041.27, stdev=119805.51
    clat percentiles (msec):
     |  1.00th=[   13],  5.00th=[   13], 10.00th=[   14], 20.00th=[   14],
     | 30.00th=[   14], 40.00th=[   14], 50.00th=[   14], 60.00th=[   15],
     | 70.00th=[   15], 80.00th=[   16], 90.00th=[   19], 95.00th=[   21],
     | 99.00th=[  592], 99.50th=[  835], 99.90th=[ 1401], 99.95th=[ 1754],
     | 99.99th=[ 3507]
   bw (  KiB/s): min=  736, max=306856, per=100.00%, avg=133297.17, stdev=13111.40, samples=4757
   iops        : min=  184, max=76714, avg=33323.89, stdev=3277.85, samples=4757
  write: IOPS=33.0k, BW=129MiB/s (135MB/s)(37.8GiB/300015msec); 0 zone resets
    slat (usec): min=68, max=797086, avg=84.82, stdev=947.71
    clat (usec): min=12, max=7197.9k, avg=30801.66, stdev=117882.93
     lat (usec): min=84, max=7198.0k, avg=30887.60, stdev=117944.50
    clat percentiles (msec):
     |  1.00th=[   13],  5.00th=[   13], 10.00th=[   14], 20.00th=[   14],
     | 30.00th=[   14], 40.00th=[   14], 50.00th=[   14], 60.00th=[   15],
     | 70.00th=[   15], 80.00th=[   16], 90.00th=[   19], 95.00th=[   21],
     | 99.00th=[  592], 99.50th=[  835], 99.90th=[ 1385], 99.95th=[ 1737],
     | 99.99th=[ 3373]
   bw (  KiB/s): min=  688, max=306680, per=100.00%, avg=133259.92, stdev=13102.54, samples=4757
   iops        : min=  172, max=76670, avg=33314.57, stdev=3275.63, samples=4757
  lat (usec)   : 10=0.01%, 20=0.01%, 50=0.01%, 100=0.01%, 250=0.01%
  lat (usec)   : 500=0.01%, 750=0.01%, 1000=0.01%
  lat (msec)   : 2=0.01%, 4=0.01%, 10=0.01%, 20=94.62%, 50=2.30%
  lat (msec)   : 100=0.12%, 250=0.49%, 500=1.16%, 750=0.68%, 1000=0.33%
  lat (msec)   : 2000=0.27%, >=2000=0.03%
  cpu          : usr=8.17%, sys=42.29%, ctx=239434, majf=0, minf=357
  IO depths    : 1=0.1%, 2=0.1%, 4=0.1%, 8=0.1%, 16=0.1%, 32=0.1%, >=64=100.0%
     submit    : 0=0.0%, 4=100.0%, 8=0.0%, 16=0.0%, 32=0.0%, 64=0.0%, >=64=0.0%
     complete  : 0=0.0%, 4=100.0%, 8=0.0%, 16=0.0%, 32=0.0%, 64=0.0%, >=64=0.1%
     issued rwts: total=9902148,9899638,0,0 short=0,0,0,0 dropped=0,0,0,0
     latency   : target=0, window=0, percentile=100.00%, depth=256

Run status group 0 (all jobs):
   READ: bw=129MiB/s (135MB/s), 129MiB/s-129MiB/s (135MB/s-135MB/s), io=37.8GiB (40.6GB), run=300015-300015msec
  WRITE: bw=129MiB/s (135MB/s), 129MiB/s-129MiB/s (135MB/s-135MB/s), io=37.8GiB (40.5GB), run=300015-300015msec
