test: (g=0): rw=read, bs=(R) 4096B-4096B, (W) 4096B-4096B, (T) 4096B-4096B, ioengine=libaio, iodepth=256
...
fio-3.27
Starting 8 processes
seq-read: Laying out IO file (1 file / 1024MiB)
seq-read: Laying out IO file (1 file / 1024MiB)
seq-read: Laying out IO file (1 file / 1024MiB)
seq-read: Laying out IO file (1 file / 1024MiB)

test: (groupid=0, jobs=8): err= 0: pid=239939: Tue Jul 20 13:35:52 2021
  read: IOPS=34.2k, BW=134MiB/s (140MB/s)(39.2GiB/300001msec)
    slat (usec): min=10, max=721388, avg=221.77, stdev=2784.38
    clat (usec): min=11, max=16393k, avg=59406.02, stdev=366001.90
     lat (usec): min=29, max=16422k, avg=59628.71, stdev=367326.44
    clat percentiles (msec):
     |  1.00th=[    5],  5.00th=[    5], 10.00th=[    5], 20.00th=[    5],
     | 30.00th=[    6], 40.00th=[    6], 50.00th=[    6], 60.00th=[    6],
     | 70.00th=[    6], 80.00th=[    9], 90.00th=[   27], 95.00th=[  388],
     | 99.00th=[  625], 99.50th=[ 1469], 99.90th=[ 6275], 99.95th=[ 8423],
     | 99.99th=[10805]
   bw (  KiB/s): min=   80, max=1200584, per=100.00%, avg=139406.13, stdev=39165.61, samples=4744
   iops        : min=   20, max=300146, avg=34851.32, stdev=9791.40, samples=4744
  lat (usec)   : 20=0.01%, 50=0.01%, 100=0.01%, 250=0.01%, 500=0.01%
  lat (usec)   : 750=0.01%, 1000=0.01%
  lat (msec)   : 2=0.01%, 4=0.01%, 10=80.09%, 20=6.84%, 50=5.29%
  lat (msec)   : 100=0.09%, 250=0.07%, 500=6.22%, 750=0.49%, 1000=0.20%
  lat (msec)   : 2000=0.31%, >=2000=0.40%
  cpu          : usr=4.10%, sys=13.83%, ctx=777107, majf=0, minf=2365
  IO depths    : 1=0.1%, 2=0.1%, 4=0.1%, 8=0.1%, 16=0.1%, 32=0.1%, >=64=100.0%
     submit    : 0=0.0%, 4=100.0%, 8=0.0%, 16=0.0%, 32=0.0%, 64=0.0%, >=64=0.0%
     complete  : 0=0.0%, 4=100.0%, 8=0.0%, 16=0.0%, 32=0.0%, 64=0.0%, >=64=0.1%
     issued rwts: total=10266005,0,0,0 short=0,0,0,0 dropped=0,0,0,0
     latency   : target=0, window=0, percentile=100.00%, depth=256

Run status group 0 (all jobs):
   READ: bw=134MiB/s (140MB/s), 134MiB/s-134MiB/s (140MB/s-140MB/s), io=39.2GiB (42.0GB), run=300001-300001msec
