test: (g=0): rw=randread, bs=(R) 4096B-4096B, (W) 4096B-4096B, (T) 4096B-4096B, ioengine=libaio, iodepth=256
...
fio-3.27
Starting 64 processes
rand-read: Laying out IO file (1 file / 1024MiB)
rand-read: Laying out IO file (1 file / 1024MiB)
rand-read: Laying out IO file (1 file / 1024MiB)
rand-read: Laying out IO file (1 file / 1024MiB)
rand-read: Laying out IO file (1 file / 1024MiB)
rand-read: Laying out IO file (1 file / 1024MiB)
rand-read: Laying out IO file (1 file / 1024MiB)
rand-read: Laying out IO file (1 file / 1024MiB)
rand-read: Laying out IO file (1 file / 1024MiB)
rand-read: Laying out IO file (1 file / 1024MiB)
rand-read: Laying out IO file (1 file / 1024MiB)
rand-read: Laying out IO file (1 file / 1024MiB)
rand-read: Laying out IO file (1 file / 1024MiB)
rand-read: Laying out IO file (1 file / 1024MiB)
rand-read: Laying out IO file (1 file / 1024MiB)
rand-read: Laying out IO file (1 file / 1024MiB)
rand-read: Laying out IO file (1 file / 1024MiB)
rand-read: Laying out IO file (1 file / 1024MiB)
rand-read: Laying out IO file (1 file / 1024MiB)
rand-read: Laying out IO file (1 file / 1024MiB)
rand-read: Laying out IO file (1 file / 1024MiB)
rand-read: Laying out IO file (1 file / 1024MiB)
rand-read: Laying out IO file (1 file / 1024MiB)
rand-read: Laying out IO file (1 file / 1024MiB)
rand-read: Laying out IO file (1 file / 1024MiB)
rand-read: Laying out IO file (1 file / 1024MiB)
rand-read: Laying out IO file (1 file / 1024MiB)
rand-read: Laying out IO file (1 file / 1024MiB)
rand-read: Laying out IO file (1 file / 1024MiB)
rand-read: Laying out IO file (1 file / 1024MiB)
rand-read: Laying out IO file (1 file / 1024MiB)
rand-read: Laying out IO file (1 file / 1024MiB)

test: (groupid=0, jobs=64): err= 0: pid=163266: Tue Jul 20 10:59:34 2021
  read: IOPS=727, BW=2911KiB/s (2981kB/s)(853MiB/300092msec)
    slat (msec): min=13, max=2237, avg=87.90, stdev=45.40
    clat (usec): min=14, max=31603k, avg=21642251.55, stdev=4428931.79
     lat (msec): min=14, max=31689, avg=21730.16, stdev=4435.42
    clat percentiles (msec):
     |  1.00th=[ 2198],  5.00th=[14429], 10.00th=[17113], 20.00th=[17113],
     | 30.00th=[17113], 40.00th=[17113], 50.00th=[17113], 60.00th=[17113],
     | 70.00th=[17113], 80.00th=[17113], 90.00th=[17113], 95.00th=[17113],
     | 99.00th=[17113], 99.50th=[17113], 99.90th=[17113], 99.95th=[17113],
     | 99.99th=[17113]
   bw (  KiB/s): min= 1287, max= 4784, per=100.00%, avg=2912.51, stdev= 6.87, samples=35365
   iops        : min=  321, max= 1196, avg=728.04, stdev= 1.72, samples=35365
  lat (usec)   : 20=0.01%, 50=0.02%, 100=0.01%
  lat (msec)   : 20=0.01%, 50=0.02%, 100=0.04%, 250=0.10%, 500=0.14%
  lat (msec)   : 750=0.14%, 1000=0.11%, 2000=0.36%, >=2000=99.06%
  cpu          : usr=0.04%, sys=0.22%, ctx=218837, majf=0, minf=18904
  IO depths    : 1=0.1%, 2=0.1%, 4=0.1%, 8=0.2%, 16=0.5%, 32=0.9%, >=64=98.2%
     submit    : 0=0.0%, 4=100.0%, 8=0.0%, 16=0.0%, 32=0.0%, 64=0.0%, >=64=0.0%
     complete  : 0=0.0%, 4=100.0%, 8=0.0%, 16=0.0%, 32=0.0%, 64=0.0%, >=64=0.1%
     issued rwts: total=218374,0,0,0 short=0,0,0,0 dropped=0,0,0,0
     latency   : target=0, window=0, percentile=100.00%, depth=256

Run status group 0 (all jobs):
   READ: bw=2911KiB/s (2981kB/s), 2911KiB/s-2911KiB/s (2981kB/s-2981kB/s), io=853MiB (894MB), run=300092-300092msec
