readwrite: (g=0): rw=rw, bs=(R) 4096B-4096B, (W) 4096B-4096B, (T) 4096B-4096B, ioengine=libaio, iodepth=256
...
fio-3.27
Starting 4 processes
readwrite: Laying out IO file (1 file / 1024MiB)
readwrite: Laying out IO file (1 file / 1024MiB)

readwrite: (groupid=0, jobs=4): err= 0: pid=241157: Wed Jul 21 19:33:36 2021
  read: IOPS=19.7k, BW=77.0MiB/s (80.8MB/s)(22.6GiB/300041msec)
    slat (usec): min=7, max=354756, avg=106.35, stdev=1745.35
    clat (usec): min=10, max=6810.5k, avg=25934.83, stdev=121940.68
     lat (usec): min=22, max=6844.0k, avg=26041.97, stdev=122781.98
    clat percentiles (msec):
     |  1.00th=[   12],  5.00th=[   13], 10.00th=[   13], 20.00th=[   13],
     | 30.00th=[   13], 40.00th=[   14], 50.00th=[   14], 60.00th=[   14],
     | 70.00th=[   14], 80.00th=[   14], 90.00th=[   15], 95.00th=[   19],
     | 99.00th=[  422], 99.50th=[  667], 99.90th=[ 1603], 99.95th=[ 2333],
     | 99.99th=[ 4597]
   bw (  KiB/s): min=   72, max=165304, per=100.00%, avg=79735.30, stdev=13391.17, samples=2381
   iops        : min=   18, max=41326, avg=19933.83, stdev=3347.79, samples=2381
  write: IOPS=19.7k, BW=77.0MiB/s (80.7MB/s)(22.6GiB/300041msec); 0 zone resets
    slat (usec): min=68, max=18702, avg=74.76, stdev=19.33
    clat (usec): min=90, max=6836.1k, avg=25801.96, stdev=119601.32
     lat (usec): min=162, max=6836.2k, avg=25877.81, stdev=119603.73
    clat percentiles (msec):
     |  1.00th=[   12],  5.00th=[   13], 10.00th=[   13], 20.00th=[   13],
     | 30.00th=[   13], 40.00th=[   14], 50.00th=[   14], 60.00th=[   14],
     | 70.00th=[   14], 80.00th=[   14], 90.00th=[   15], 95.00th=[   19],
     | 99.00th=[  426], 99.50th=[  659], 99.90th=[ 1552], 99.95th=[ 2299],
     | 99.99th=[ 4463]
   bw (  KiB/s): min=   40, max=163480, per=100.00%, avg=79627.18, stdev=13388.67, samples=2382
   iops        : min=   10, max=40870, avg=19906.79, stdev=3347.16, samples=2382
  lat (usec)   : 20=0.01%, 50=0.01%, 100=0.01%, 250=0.01%, 500=0.01%
  lat (usec)   : 750=0.01%, 1000=0.01%
  lat (msec)   : 2=0.01%, 4=0.01%, 10=0.01%, 20=95.62%, 50=2.31%
  lat (msec)   : 100=0.07%, 250=0.21%, 500=1.03%, 750=0.34%, 1000=0.17%
  lat (msec)   : 2000=0.18%, >=2000=0.07%
  cpu          : usr=9.57%, sys=47.37%, ctx=112346, majf=0, minf=175
  IO depths    : 1=0.1%, 2=0.1%, 4=0.1%, 8=0.1%, 16=0.1%, 32=0.1%, >=64=100.0%
     submit    : 0=0.0%, 4=100.0%, 8=0.0%, 16=0.0%, 32=0.0%, 64=0.0%, >=64=0.0%
     complete  : 0=0.0%, 4=100.0%, 8=0.0%, 16=0.0%, 32=0.0%, 64=0.0%, >=64=0.1%
     issued rwts: total=5917566,5913084,0,0 short=0,0,0,0 dropped=0,0,0,0
     latency   : target=0, window=0, percentile=100.00%, depth=256

Run status group 0 (all jobs):
   READ: bw=77.0MiB/s (80.8MB/s), 77.0MiB/s-77.0MiB/s (80.8MB/s-80.8MB/s), io=22.6GiB (24.2GB), run=300041-300041msec
  WRITE: bw=77.0MiB/s (80.7MB/s), 77.0MiB/s-77.0MiB/s (80.7MB/s-80.7MB/s), io=22.6GiB (24.2GB), run=300041-300041msec
