test: (g=0): rw=randread, bs=(R) 4096B-4096B, (W) 4096B-4096B, (T) 4096B-4096B, ioengine=libaio, iodepth=256
...
fio-3.27
Starting 64 processes
rand-read: Laying out IO file (1 file / 1024MiB)
rand-read: Laying out IO file (1 file / 1024MiB)
rand-read: Laying out IO file (1 file / 1024MiB)
rand-read: Laying out IO file (1 file / 1024MiB)
rand-read: Laying out IO file (1 file / 1024MiB)
rand-read: Laying out IO file (1 file / 1024MiB)
rand-read: Laying out IO file (1 file / 1024MiB)
rand-read: Laying out IO file (1 file / 1024MiB)
rand-read: Laying out IO file (1 file / 1024MiB)
rand-read: Laying out IO file (1 file / 1024MiB)
rand-read: Laying out IO file (1 file / 1024MiB)
rand-read: Laying out IO file (1 file / 1024MiB)
rand-read: Laying out IO file (1 file / 1024MiB)
rand-read: Laying out IO file (1 file / 1024MiB)
rand-read: Laying out IO file (1 file / 1024MiB)
rand-read: Laying out IO file (1 file / 1024MiB)
rand-read: Laying out IO file (1 file / 1024MiB)
rand-read: Laying out IO file (1 file / 1024MiB)
rand-read: Laying out IO file (1 file / 1024MiB)
rand-read: Laying out IO file (1 file / 1024MiB)
rand-read: Laying out IO file (1 file / 1024MiB)
rand-read: Laying out IO file (1 file / 1024MiB)
rand-read: Laying out IO file (1 file / 1024MiB)
rand-read: Laying out IO file (1 file / 1024MiB)
rand-read: Laying out IO file (1 file / 1024MiB)
rand-read: Laying out IO file (1 file / 1024MiB)
rand-read: Laying out IO file (1 file / 1024MiB)
rand-read: Laying out IO file (1 file / 1024MiB)
rand-read: Laying out IO file (1 file / 1024MiB)
rand-read: Laying out IO file (1 file / 1024MiB)
rand-read: Laying out IO file (1 file / 1024MiB)
rand-read: Laying out IO file (1 file / 1024MiB)

test: (groupid=0, jobs=64): err= 0: pid=157021: Mon Jul 19 20:01:24 2021
  read: IOPS=1443, BW=5773KiB/s (5911kB/s)(1691MiB/300043msec)
    slat (usec): min=600, max=872273, avg=44313.71, stdev=23250.41
    clat (usec): min=14, max=16942k, avg=11092244.20, stdev=2376263.02
     lat (msec): min=3, max=16999, avg=11136.56, stdev=2382.95
    clat percentiles (msec):
     |  1.00th=[ 1250],  5.00th=[ 9194], 10.00th=[ 9463], 20.00th=[ 9597],
     | 30.00th=[ 9731], 40.00th=[10000], 50.00th=[10805], 60.00th=[11342],
     | 70.00th=[12281], 80.00th=[13221], 90.00th=[14160], 95.00th=[14697],
     | 99.00th=[15503], 99.50th=[15771], 99.90th=[16442], 99.95th=[16576],
     | 99.99th=[16711]
   bw (  KiB/s): min= 1944, max=14872, per=99.66%, avg=5753.95, stdev=14.27, samples=36903
   iops        : min=  486, max= 3718, avg=1438.49, stdev= 3.57, samples=36903
  lat (usec)   : 20=0.01%, 50=0.01%
  lat (msec)   : 4=0.01%, 10=0.01%, 20=0.01%, 50=0.03%, 100=0.06%
  lat (msec)   : 250=0.15%, 500=0.24%, 750=0.21%, 1000=0.16%, 2000=0.48%
  lat (msec)   : >=2000=98.63%
  cpu          : usr=0.07%, sys=0.42%, ctx=433516, majf=0, minf=18907
  IO depths    : 1=0.1%, 2=0.1%, 4=0.1%, 8=0.1%, 16=0.2%, 32=0.5%, >=64=99.1%
     submit    : 0=0.0%, 4=100.0%, 8=0.0%, 16=0.0%, 32=0.0%, 64=0.0%, >=64=0.0%
     complete  : 0=0.0%, 4=100.0%, 8=0.0%, 16=0.0%, 32=0.0%, 64=0.0%, >=64=0.1%
     issued rwts: total=433022,0,0,0 short=0,0,0,0 dropped=0,0,0,0
     latency   : target=0, window=0, percentile=100.00%, depth=256

Run status group 0 (all jobs):
   READ: bw=5773KiB/s (5911kB/s), 5773KiB/s-5773KiB/s (5911kB/s-5911kB/s), io=1691MiB (1774MB), run=300043-300043msec
