test: (g=0): rw=randread, bs=(R) 4096B-4096B, (W) 4096B-4096B, (T) 4096B-4096B, ioengine=libaio, iodepth=256
...
fio-3.27
Starting 16 processes
rand-read: Laying out IO file (1 file / 1024MiB)
rand-read: Laying out IO file (1 file / 1024MiB)
rand-read: Laying out IO file (1 file / 1024MiB)
rand-read: Laying out IO file (1 file / 1024MiB)
rand-read: Laying out IO file (1 file / 1024MiB)
rand-read: Laying out IO file (1 file / 1024MiB)
rand-read: Laying out IO file (1 file / 1024MiB)
rand-read: Laying out IO file (1 file / 1024MiB)

test: (groupid=0, jobs=16): err= 0: pid=216447: Mon Jul 19 22:15:36 2021
  read: IOPS=699, BW=2796KiB/s (2864kB/s)(819MiB/300058msec)
    slat (usec): min=962, max=359648, avg=22858.18, stdev=14104.69
    clat (usec): min=15, max=7445.4k, avg=5781510.35, stdev=627219.19
     lat (msec): min=7, max=7469, avg=5804.37, stdev=628.15
    clat percentiles (msec):
     |  1.00th=[ 2869],  5.00th=[ 5067], 10.00th=[ 5269], 20.00th=[ 5470],
     | 30.00th=[ 5604], 40.00th=[ 5738], 50.00th=[ 5873], 60.00th=[ 5940],
     | 70.00th=[ 6074], 80.00th=[ 6141], 90.00th=[ 6342], 95.00th=[ 6477],
     | 99.00th=[ 6812], 99.50th=[ 6879], 99.90th=[ 7080], 99.95th=[ 7148],
     | 99.99th=[ 7349]
   bw (  KiB/s): min= 1152, max= 3920, per=99.80%, avg=2791.62, stdev=23.53, samples=9411
   iops        : min=  288, max=  980, avg=697.90, stdev= 5.88, samples=9411
  lat (usec)   : 20=0.01%, 50=0.01%
  lat (msec)   : 10=0.01%, 20=0.01%, 50=0.02%, 100=0.03%, 250=0.07%
  lat (msec)   : 500=0.09%, 750=0.09%, 1000=0.08%, 2000=0.32%, >=2000=99.29%
  cpu          : usr=0.12%, sys=0.76%, ctx=209905, majf=0, minf=4723
  IO depths    : 1=0.1%, 2=0.1%, 4=0.1%, 8=0.1%, 16=0.1%, 32=0.2%, >=64=99.5%
     submit    : 0=0.0%, 4=100.0%, 8=0.0%, 16=0.0%, 32=0.0%, 64=0.0%, >=64=0.0%
     complete  : 0=0.0%, 4=100.0%, 8=0.0%, 16=0.0%, 32=0.0%, 64=0.0%, >=64=0.1%
     issued rwts: total=209777,0,0,0 short=0,0,0,0 dropped=0,0,0,0
     latency   : target=0, window=0, percentile=100.00%, depth=256

Run status group 0 (all jobs):
   READ: bw=2796KiB/s (2864kB/s), 2796KiB/s-2796KiB/s (2864kB/s-2864kB/s), io=819MiB (859MB), run=300058-300058msec
