readwrite: (g=0): rw=rw, bs=(R) 4096B-4096B, (W) 4096B-4096B, (T) 4096B-4096B, ioengine=libaio, iodepth=256
fio-3.27
Starting 1 process
readwrite: Laying out IO file (1 file / 1024MiB)

readwrite: (groupid=0, jobs=1): err= 0: pid=80090: Wed Jul 21 17:22:44 2021
  read: IOPS=9017, BW=35.2MiB/s (36.9MB/s)(10.3GiB/300019msec)
    slat (usec): min=7, max=69758, avg=18.15, stdev=334.15
    clat (usec): min=25, max=929751, avg=14154.50, stdev=19275.50
     lat (msec): min=10, max=929, avg=14.17, stdev=19.28
    clat percentiles (msec):
     |  1.00th=[   12],  5.00th=[   13], 10.00th=[   13], 20.00th=[   13],
     | 30.00th=[   13], 40.00th=[   13], 50.00th=[   14], 60.00th=[   14],
     | 70.00th=[   14], 80.00th=[   14], 90.00th=[   14], 95.00th=[   15],
     | 99.00th=[   35], 99.50th=[   35], 99.90th=[   82], 99.95th=[  305],
     | 99.99th=[  902]
   bw (  KiB/s): min=   96, max=42952, per=100.00%, avg=36517.08, stdev=4941.98, samples=592
   iops        : min=   24, max=10738, avg=9129.27, stdev=1235.50, samples=592
  write: IOPS=9010, BW=35.2MiB/s (36.9MB/s)(10.3GiB/300019msec); 0 zone resets
    slat (usec): min=67, max=3399, avg=71.08, stdev=11.28
    clat (msec): min=10, max=929, avg=14.14, stdev=18.95
     lat (msec): min=10, max=929, avg=14.21, stdev=18.95
    clat percentiles (msec):
     |  1.00th=[   12],  5.00th=[   13], 10.00th=[   13], 20.00th=[   13],
     | 30.00th=[   13], 40.00th=[   13], 50.00th=[   14], 60.00th=[   14],
     | 70.00th=[   14], 80.00th=[   14], 90.00th=[   14], 95.00th=[   15],
     | 99.00th=[   35], 99.50th=[   35], 99.90th=[   83], 99.95th=[  305],
     | 99.99th=[  902]
   bw (  KiB/s): min=   88, max=41424, per=100.00%, avg=36487.72, stdev=4870.67, samples=592
   iops        : min=   22, max=10356, avg=9121.93, stdev=1217.67, samples=592
  lat (usec)   : 50=0.01%
  lat (msec)   : 20=96.85%, 50=3.02%, 100=0.04%, 250=0.03%, 500=0.01%
  lat (msec)   : 750=0.01%, 1000=0.05%
  cpu          : usr=17.30%, sys=82.51%, ctx=694, majf=0, minf=41
  IO depths    : 1=0.1%, 2=0.1%, 4=0.1%, 8=0.1%, 16=0.1%, 32=0.1%, >=64=100.0%
     submit    : 0=0.0%, 4=100.0%, 8=0.0%, 16=0.0%, 32=0.0%, 64=0.0%, >=64=0.0%
     complete  : 0=0.0%, 4=100.0%, 8=0.0%, 16=0.0%, 32=0.0%, 64=0.0%, >=64=0.1%
     issued rwts: total=2705409,2703230,0,0 short=0,0,0,0 dropped=0,0,0,0
     latency   : target=0, window=0, percentile=100.00%, depth=256

Run status group 0 (all jobs):
   READ: bw=35.2MiB/s (36.9MB/s), 35.2MiB/s-35.2MiB/s (36.9MB/s-36.9MB/s), io=10.3GiB (11.1GB), run=300019-300019msec
  WRITE: bw=35.2MiB/s (36.9MB/s), 35.2MiB/s-35.2MiB/s (36.9MB/s-36.9MB/s), io=10.3GiB (11.1GB), run=300019-300019msec
