test: (g=0): rw=randread, bs=(R) 4096B-4096B, (W) 4096B-4096B, (T) 4096B-4096B, ioengine=libaio, iodepth=256
fio-3.27
Starting 1 process
test: Laying out IO file (1 file / 1024MiB)

test: (groupid=0, jobs=1): err= 0: pid=122563: Tue Jul 20 11:05:15 2021
  read: IOPS=165, BW=660KiB/s (676kB/s)(193MiB/300002msec)
    slat (usec): min=440, max=78990, avg=6040.25, stdev=4497.72
    clat (usec): min=26, max=1850.5k, avg=1540910.14, stdev=102907.10
     lat (msec): min=8, max=1856, avg=1546.95, stdev=103.05
    clat percentiles (msec):
     |  1.00th=[ 1368],  5.00th=[ 1418], 10.00th=[ 1452], 20.00th=[ 1469],
     | 30.00th=[ 1502], 40.00th=[ 1519], 50.00th=[ 1536], 60.00th=[ 1552],
     | 70.00th=[ 1586], 80.00th=[ 1603], 90.00th=[ 1653], 95.00th=[ 1687],
     | 99.00th=[ 1754], 99.50th=[ 1770], 99.90th=[ 1804], 99.95th=[ 1838],
     | 99.99th=[ 1854]
   bw (  KiB/s): min=  472, max=  800, per=99.97%, avg=660.44, stdev=55.83, samples=596
   iops        : min=  118, max=  200, avg=165.10, stdev=13.96, samples=596
  lat (usec)   : 50=0.01%
  lat (msec)   : 10=0.01%, 20=0.01%, 50=0.01%, 100=0.02%, 250=0.06%
  lat (msec)   : 500=0.08%, 750=0.07%, 1000=0.08%, 2000=99.66%
  cpu          : usr=0.36%, sys=2.36%, ctx=49523, majf=0, minf=293
  IO depths    : 1=0.1%, 2=0.1%, 4=0.1%, 8=0.1%, 16=0.1%, 32=0.1%, >=64=99.9%
     submit    : 0=0.0%, 4=100.0%, 8=0.0%, 16=0.0%, 32=0.0%, 64=0.0%, >=64=0.0%
     complete  : 0=0.0%, 4=100.0%, 8=0.0%, 16=0.0%, 32=0.0%, 64=0.0%, >=64=0.1%
     issued rwts: total=49515,0,0,0 short=0,0,0,0 dropped=0,0,0,0
     latency   : target=0, window=0, percentile=100.00%, depth=256

Run status group 0 (all jobs):
   READ: bw=660KiB/s (676kB/s), 660KiB/s-660KiB/s (676kB/s-676kB/s), io=193MiB (203MB), run=300002-300002msec
