readwrite: (g=0): rw=rw, bs=(R) 4096B-4096B, (W) 4096B-4096B, (T) 4096B-4096B, ioengine=libaio, iodepth=256
...
fio-3.27
Starting 8 processes
readwrite: Laying out IO file (1 file / 1024MiB)
readwrite: Laying out IO file (1 file / 1024MiB)
readwrite: Laying out IO file (1 file / 1024MiB)
readwrite: Laying out IO file (1 file / 1024MiB)

readwrite: (groupid=0, jobs=8): err= 0: pid=260065: Wed Jul 21 16:53:46 2021
  read: IOPS=36.1k, BW=141MiB/s (148MB/s)(41.3GiB/300001msec)
    slat (usec): min=7, max=1080.1k, avg=114.43, stdev=1855.01
    clat (usec): min=10, max=7379.6k, avg=28189.13, stdev=114757.77
     lat (usec): min=22, max=7481.8k, avg=28304.33, stdev=115479.16
    clat percentiles (msec):
     |  1.00th=[   13],  5.00th=[   13], 10.00th=[   13], 20.00th=[   14],
     | 30.00th=[   14], 40.00th=[   14], 50.00th=[   14], 60.00th=[   15],
     | 70.00th=[   15], 80.00th=[   15], 90.00th=[   19], 95.00th=[   20],
     | 99.00th=[  506], 99.50th=[  768], 99.90th=[ 1469], 99.95th=[ 1821],
     | 99.99th=[ 3406]
   bw (  KiB/s): min=  144, max=309752, per=100.00%, avg=145960.43, stdev=12709.24, samples=4753
   iops        : min=   36, max=77438, avg=36490.06, stdev=3177.31, samples=4753
  write: IOPS=36.1k, BW=141MiB/s (148MB/s)(41.3GiB/300001msec); 0 zone resets
    slat (usec): min=68, max=1336.7k, avg=85.21, stdev=1175.18
    clat (usec): min=31, max=7481.7k, avg=28172.36, stdev=114932.73
     lat (usec): min=107, max=7481.7k, avg=28258.69, stdev=114999.73
    clat percentiles (msec):
     |  1.00th=[   13],  5.00th=[   13], 10.00th=[   13], 20.00th=[   14],
     | 30.00th=[   14], 40.00th=[   14], 50.00th=[   14], 60.00th=[   15],
     | 70.00th=[   15], 80.00th=[   15], 90.00th=[   19], 95.00th=[   20],
     | 99.00th=[  506], 99.50th=[  768], 99.90th=[ 1469], 99.95th=[ 1821],
     | 99.99th=[ 3406]
   bw (  KiB/s): min=  136, max=307560, per=100.00%, avg=145906.48, stdev=12700.34, samples=4755
   iops        : min=   34, max=76890, avg=36476.54, stdev=3175.09, samples=4755
  lat (usec)   : 20=0.01%, 50=0.01%, 250=0.01%, 500=0.01%, 750=0.01%
  lat (usec)   : 1000=0.01%
  lat (msec)   : 2=0.01%, 4=0.01%, 10=0.01%, 20=95.26%, 50=2.11%
  lat (msec)   : 100=0.12%, 250=0.45%, 500=1.04%, 750=0.49%, 1000=0.25%
  lat (msec)   : 2000=0.24%, >=2000=0.04%
  cpu          : usr=8.80%, sys=45.63%, ctx=244321, majf=0, minf=360
  IO depths    : 1=0.1%, 2=0.1%, 4=0.1%, 8=0.1%, 16=0.1%, 32=0.1%, >=64=100.0%
     submit    : 0=0.0%, 4=100.0%, 8=0.0%, 16=0.0%, 32=0.0%, 64=0.0%, >=64=0.0%
     complete  : 0=0.0%, 4=100.0%, 8=0.0%, 16=0.0%, 32=0.0%, 64=0.0%, >=64=0.1%
     issued rwts: total=10839237,10837306,0,0 short=0,0,0,0 dropped=0,0,0,0
     latency   : target=0, window=0, percentile=100.00%, depth=256

Run status group 0 (all jobs):
   READ: bw=141MiB/s (148MB/s), 141MiB/s-141MiB/s (148MB/s-148MB/s), io=41.3GiB (44.4GB), run=300001-300001msec
  WRITE: bw=141MiB/s (148MB/s), 141MiB/s-141MiB/s (148MB/s-148MB/s), io=41.3GiB (44.4GB), run=300001-300001msec
