readwrite: (g=0): rw=rw, bs=(R) 4096B-4096B, (W) 4096B-4096B, (T) 4096B-4096B, ioengine=libaio, iodepth=256
...
fio-3.27
Starting 8 processes
readwrite: Laying out IO file (1 file / 1024MiB)
readwrite: Laying out IO file (1 file / 1024MiB)
readwrite: Laying out IO file (1 file / 1024MiB)
readwrite: Laying out IO file (1 file / 1024MiB)

readwrite: (groupid=0, jobs=8): err= 0: pid=143949: Wed Jul 21 19:40:18 2021
  read: IOPS=19.6k, BW=76.6MiB/s (80.3MB/s)(22.4GiB/300084msec)
    slat (usec): min=7, max=815731, avg=308.40, stdev=5295.94
    clat (usec): min=13, max=24807k, avg=52025.03, stdev=466503.88
     lat (usec): min=193, max=24863k, avg=52334.17, stdev=469805.08
    clat percentiles (msec):
     |  1.00th=[   12],  5.00th=[   13], 10.00th=[   13], 20.00th=[   14],
     | 30.00th=[   14], 40.00th=[   14], 50.00th=[   14], 60.00th=[   14],
     | 70.00th=[   15], 80.00th=[   15], 90.00th=[   15], 95.00th=[   19],
     | 99.00th=[  978], 99.50th=[ 2869], 99.90th=[ 6946], 99.95th=[ 9866],
     | 99.99th=[15234]
   bw (  KiB/s): min=   64, max=323224, per=100.00%, avg=79889.24, stdev=14286.35, samples=4715
   iops        : min=   16, max=80806, avg=19972.30, stdev=3571.59, samples=4715
  write: IOPS=19.6k, BW=76.6MiB/s (80.3MB/s)(22.5GiB/300084msec); 0 zone resets
    slat (usec): min=68, max=180996, avg=78.34, stdev=115.83
    clat (usec): min=11, max=24863k, avg=51949.99, stdev=464989.01
     lat (usec): min=88, max=24863k, avg=52029.42, stdev=464991.10
    clat percentiles (msec):
     |  1.00th=[   12],  5.00th=[   13], 10.00th=[   13], 20.00th=[   14],
     | 30.00th=[   14], 40.00th=[   14], 50.00th=[   14], 60.00th=[   14],
     | 70.00th=[   15], 80.00th=[   15], 90.00th=[   15], 95.00th=[   19],
     | 99.00th=[  978], 99.50th=[ 2869], 99.90th=[ 6879], 99.95th=[ 9731],
     | 99.99th=[15100]
   bw (  KiB/s): min=   64, max=319448, per=100.00%, avg=79986.99, stdev=14307.14, samples=4700
   iops        : min=   16, max=79862, avg=19996.73, stdev=3576.78, samples=4700
  lat (usec)   : 20=0.01%, 50=0.01%, 100=0.01%, 250=0.01%, 500=0.01%
  lat (usec)   : 750=0.01%, 1000=0.01%
  lat (msec)   : 2=0.01%, 4=0.01%, 10=0.01%, 20=97.51%, 50=1.19%
  lat (msec)   : 100=0.07%, 250=0.05%, 500=0.06%, 750=0.04%, 1000=0.08%
  lat (msec)   : 2000=0.25%, >=2000=0.75%
  cpu          : usr=4.62%, sys=23.44%, ctx=63105, majf=0, minf=358
  IO depths    : 1=0.1%, 2=0.1%, 4=0.1%, 8=0.1%, 16=0.1%, 32=0.1%, >=64=100.0%
     submit    : 0=0.0%, 4=100.0%, 8=0.0%, 16=0.0%, 32=0.0%, 64=0.0%, >=64=0.0%
     complete  : 0=0.0%, 4=100.0%, 8=0.0%, 16=0.0%, 32=0.0%, 64=0.0%, >=64=0.1%
     issued rwts: total=5885176,5886086,0,0 short=0,0,0,0 dropped=0,0,0,0
     latency   : target=0, window=0, percentile=100.00%, depth=256

Run status group 0 (all jobs):
   READ: bw=76.6MiB/s (80.3MB/s), 76.6MiB/s-76.6MiB/s (80.3MB/s-80.3MB/s), io=22.4GiB (24.1GB), run=300084-300084msec
  WRITE: bw=76.6MiB/s (80.3MB/s), 76.6MiB/s-76.6MiB/s (80.3MB/s-80.3MB/s), io=22.5GiB (24.1GB), run=300084-300084msec
