test: (g=0): rw=randread, bs=(R) 4096B-4096B, (W) 4096B-4096B, (T) 4096B-4096B, ioengine=libaio, iodepth=256
...
fio-3.27
Starting 4 processes
rand-read: Laying out IO file (1 file / 1024MiB)
rand-read: Laying out IO file (1 file / 1024MiB)

test: (groupid=0, jobs=4): err= 0: pid=122564: Tue Jul 20 10:17:11 2021
  read: IOPS=534, BW=2140KiB/s (2191kB/s)(627MiB/300005msec)
    slat (usec): min=460, max=626128, avg=7454.68, stdev=5292.38
    clat (usec): min=15, max=2687.2k, avg=1900961.44, stdev=127111.62
     lat (usec): min=1554, max=2691.0k, avg=1908418.90, stdev=127260.62
    clat percentiles (msec):
     |  1.00th=[ 1703],  5.00th=[ 1770], 10.00th=[ 1804], 20.00th=[ 1838],
     | 30.00th=[ 1854], 40.00th=[ 1888], 50.00th=[ 1905], 60.00th=[ 1921],
     | 70.00th=[ 1955], 80.00th=[ 1972], 90.00th=[ 2022], 95.00th=[ 2056],
     | 99.00th=[ 2140], 99.50th=[ 2165], 99.90th=[ 2601], 99.95th=[ 2635],
     | 99.99th=[ 2668]
   bw (  KiB/s): min=  776, max= 2697, per=99.87%, avg=2137.73, stdev=48.59, samples=2384
   iops        : min=  194, max=  674, avg=534.30, stdev=12.14, samples=2384
  lat (usec)   : 20=0.01%, 50=0.01%
  lat (msec)   : 2=0.01%, 10=0.01%, 20=0.01%, 50=0.01%, 100=0.02%
  lat (msec)   : 250=0.05%, 500=0.08%, 750=0.08%, 1000=0.10%, 2000=86.01%
  lat (msec)   : >=2000=13.64%
  cpu          : usr=0.34%, sys=2.20%, ctx=160528, majf=0, minf=1181
  IO depths    : 1=0.1%, 2=0.1%, 4=0.1%, 8=0.1%, 16=0.1%, 32=0.1%, >=64=99.8%
     submit    : 0=0.0%, 4=100.0%, 8=0.0%, 16=0.0%, 32=0.0%, 64=0.0%, >=64=0.0%
     complete  : 0=0.0%, 4=100.0%, 8=0.0%, 16=0.0%, 32=0.0%, 64=0.0%, >=64=0.1%
     issued rwts: total=160485,0,0,0 short=0,0,0,0 dropped=0,0,0,0
     latency   : target=0, window=0, percentile=100.00%, depth=256

Run status group 0 (all jobs):
   READ: bw=2140KiB/s (2191kB/s), 2140KiB/s-2140KiB/s (2191kB/s-2191kB/s), io=627MiB (657MB), run=300005-300005msec
