test: (g=0): rw=randread, bs=(R) 4096B-4096B, (W) 4096B-4096B, (T) 4096B-4096B, ioengine=libaio, iodepth=256
...
fio-3.27
Starting 16 processes
rand-read: Laying out IO file (1 file / 1024MiB)
rand-read: Laying out IO file (1 file / 1024MiB)
rand-read: Laying out IO file (1 file / 1024MiB)
rand-read: Laying out IO file (1 file / 1024MiB)
rand-read: Laying out IO file (1 file / 1024MiB)
rand-read: Laying out IO file (1 file / 1024MiB)
rand-read: Laying out IO file (1 file / 1024MiB)
rand-read: Laying out IO file (1 file / 1024MiB)

test: (groupid=0, jobs=16): err= 0: pid=174120: Mon Jul 19 19:45:04 2021
  read: IOPS=1010, BW=4043KiB/s (4140kB/s)(1185MiB/300021msec)
    slat (usec): min=470, max=189767, avg=15804.62, stdev=13048.88
    clat (usec): min=16, max=6431.6k, avg=4015192.32, stdev=473222.03
     lat (msec): min=2, max=6465, avg=4031.00, stdev=474.26
    clat percentiles (msec):
     |  1.00th=[ 2769],  5.00th=[ 3306], 10.00th=[ 3641], 20.00th=[ 3775],
     | 30.00th=[ 3876], 40.00th=[ 3943], 50.00th=[ 4010], 60.00th=[ 4111],
     | 70.00th=[ 4178], 80.00th=[ 4279], 90.00th=[ 4463], 95.00th=[ 4665],
     | 99.00th=[ 5201], 99.50th=[ 5336], 99.90th=[ 5671], 99.95th=[ 5738],
     | 99.99th=[ 6208]
   bw (  KiB/s): min= 1592, max= 6512, per=99.60%, avg=4027.22, stdev=41.13, samples=9492
   iops        : min=  398, max= 1628, avg=1006.81, stdev=10.28, samples=9492
  lat (usec)   : 20=0.01%, 50=0.01%
  lat (msec)   : 4=0.01%, 10=0.01%, 20=0.01%, 50=0.01%, 100=0.02%
  lat (msec)   : 250=0.06%, 500=0.09%, 750=0.08%, 1000=0.09%, 2000=0.32%
  lat (msec)   : >=2000=99.31%
  cpu          : usr=0.16%, sys=1.07%, ctx=303399, majf=0, minf=4722
  IO depths    : 1=0.1%, 2=0.1%, 4=0.1%, 8=0.1%, 16=0.1%, 32=0.2%, >=64=99.7%
     submit    : 0=0.0%, 4=100.0%, 8=0.0%, 16=0.0%, 32=0.0%, 64=0.0%, >=64=0.0%
     complete  : 0=0.0%, 4=100.0%, 8=0.0%, 16=0.0%, 32=0.0%, 64=0.0%, >=64=0.1%
     issued rwts: total=303266,0,0,0 short=0,0,0,0 dropped=0,0,0,0
     latency   : target=0, window=0, percentile=100.00%, depth=256

Run status group 0 (all jobs):
   READ: bw=4043KiB/s (4140kB/s), 4043KiB/s-4043KiB/s (4140kB/s-4140kB/s), io=1185MiB (1242MB), run=300021-300021msec
