readwrite: (g=0): rw=rw, bs=(R) 4096B-4096B, (W) 4096B-4096B, (T) 4096B-4096B, ioengine=libaio, iodepth=256
...
fio-3.27
Starting 32 processes
readwrite: Laying out IO file (1 file / 1024MiB)
readwrite: Laying out IO file (1 file / 1024MiB)
readwrite: Laying out IO file (1 file / 1024MiB)
readwrite: Laying out IO file (1 file / 1024MiB)
readwrite: Laying out IO file (1 file / 1024MiB)
readwrite: Laying out IO file (1 file / 1024MiB)
readwrite: Laying out IO file (1 file / 1024MiB)
readwrite: Laying out IO file (1 file / 1024MiB)
readwrite: Laying out IO file (1 file / 1024MiB)
readwrite: Laying out IO file (1 file / 1024MiB)
readwrite: Laying out IO file (1 file / 1024MiB)
readwrite: Laying out IO file (1 file / 1024MiB)
readwrite: Laying out IO file (1 file / 1024MiB)
readwrite: Laying out IO file (1 file / 1024MiB)
readwrite: Laying out IO file (1 file / 1024MiB)
readwrite: Laying out IO file (1 file / 1024MiB)

readwrite: (groupid=0, jobs=32): err= 0: pid=40428: Wed Jul 21 17:04:57 2021
  read: IOPS=53.2k, BW=208MiB/s (218MB/s)(60.9GiB/300103msec)
    slat (usec): min=7, max=1889.7k, avg=494.73, stdev=7257.10
    clat (usec): min=10, max=24495k, avg=76655.97, stdev=670298.14
     lat (usec): min=21, max=24611k, avg=77151.44, stdev=675132.17
    clat percentiles (msec):
     |  1.00th=[   13],  5.00th=[   13], 10.00th=[   13], 20.00th=[   14],
     | 30.00th=[   14], 40.00th=[   14], 50.00th=[   14], 60.00th=[   15],
     | 70.00th=[   15], 80.00th=[   15], 90.00th=[   16], 95.00th=[   20],
     | 99.00th=[ 1955], 99.50th=[ 5201], 99.90th=[10268], 99.95th=[12147],
     | 99.99th=[15637]
   bw (  KiB/s): min=  256, max=1140935, per=100.00%, avg=217769.23, stdev=11026.75, samples=18627
   iops        : min=   64, max=285233, avg=54442.30, stdev=2756.69, samples=18627
  write: IOPS=53.2k, BW=208MiB/s (218MB/s)(60.9GiB/300103msec); 0 zone resets
    slat (usec): min=68, max=1976.4k, avg=85.19, stdev=1379.28
    clat (usec): min=12, max=24547k, avg=75897.95, stdev=666066.16
     lat (usec): min=84, max=24548k, avg=75984.26, stdev=666085.06
    clat percentiles (msec):
     |  1.00th=[   13],  5.00th=[   13], 10.00th=[   13], 20.00th=[   14],
     | 30.00th=[   14], 40.00th=[   14], 50.00th=[   14], 60.00th=[   15],
     | 70.00th=[   15], 80.00th=[   15], 90.00th=[   16], 95.00th=[   20],
     | 99.00th=[ 1905], 99.50th=[ 5201], 99.90th=[10268], 99.95th=[12147],
     | 99.99th=[15637]
   bw (  KiB/s): min=  256, max=1134880, per=100.00%, avg=217975.34, stdev=11022.03, samples=18602
   iops        : min=   64, max=283720, avg=54493.81, stdev=2755.51, samples=18602
  lat (usec)   : 20=0.01%, 50=0.01%, 100=0.01%, 250=0.01%, 500=0.01%
  lat (usec)   : 750=0.01%, 1000=0.01%
  lat (msec)   : 2=0.01%, 4=0.01%, 10=0.01%, 20=97.34%, 50=1.25%
  lat (msec)   : 100=0.08%, 250=0.06%, 500=0.07%, 750=0.04%, 1000=0.06%
  lat (msec)   : 2000=0.12%, >=2000=0.99%
  cpu          : usr=3.19%, sys=16.37%, ctx=168951, majf=0, minf=1417
  IO depths    : 1=0.1%, 2=0.1%, 4=0.1%, 8=0.1%, 16=0.1%, 32=0.1%, >=64=100.0%
     submit    : 0=0.0%, 4=100.0%, 8=0.0%, 16=0.0%, 32=0.0%, 64=0.0%, >=64=0.0%
     complete  : 0=0.0%, 4=100.0%, 8=0.0%, 16=0.0%, 32=0.0%, 64=0.0%, >=64=0.1%
     issued rwts: total=15973739,15972036,0,0 short=0,0,0,0 dropped=0,0,0,0
     latency   : target=0, window=0, percentile=100.00%, depth=256

Run status group 0 (all jobs):
   READ: bw=208MiB/s (218MB/s), 208MiB/s-208MiB/s (218MB/s-218MB/s), io=60.9GiB (65.4GB), run=300103-300103msec
  WRITE: bw=208MiB/s (218MB/s), 208MiB/s-208MiB/s (218MB/s-218MB/s), io=60.9GiB (65.4GB), run=300103-300103msec
