test: (g=0): rw=randread, bs=(R) 4096B-4096B, (W) 4096B-4096B, (T) 4096B-4096B, ioengine=libaio, iodepth=256
...
fio-3.27
Starting 32 processes
rand-read: Laying out IO file (1 file / 1024MiB)
rand-read: Laying out IO file (1 file / 1024MiB)
rand-read: Laying out IO file (1 file / 1024MiB)
rand-read: Laying out IO file (1 file / 1024MiB)
rand-read: Laying out IO file (1 file / 1024MiB)
rand-read: Laying out IO file (1 file / 1024MiB)
rand-read: Laying out IO file (1 file / 1024MiB)
rand-read: Laying out IO file (1 file / 1024MiB)
rand-read: Laying out IO file (1 file / 1024MiB)
rand-read: Laying out IO file (1 file / 1024MiB)
rand-read: Laying out IO file (1 file / 1024MiB)
rand-read: Laying out IO file (1 file / 1024MiB)
rand-read: Laying out IO file (1 file / 1024MiB)
rand-read: Laying out IO file (1 file / 1024MiB)
rand-read: Laying out IO file (1 file / 1024MiB)
rand-read: Laying out IO file (1 file / 1024MiB)

test: (groupid=0, jobs=32): err= 0: pid=141812: Tue Jul 20 10:43:02 2021
  read: IOPS=829, BW=3317KiB/s (3396kB/s)(972MiB/300038msec)
    slat (msec): min=2, max=353, avg=38.56, stdev=14.96
    clat (usec): min=15, max=12876k, avg=9682057.77, stdev=1441548.09
     lat (msec): min=5, max=12921, avg=9720.62, stdev=1444.32
    clat percentiles (msec):
     |  1.00th=[ 2433],  5.00th=[ 8658], 10.00th=[ 8792], 20.00th=[ 8926],
     | 30.00th=[ 9060], 40.00th=[ 9194], 50.00th=[ 9463], 60.00th=[ 9866],
     | 70.00th=[10671], 80.00th=[10805], 90.00th=[11073], 95.00th=[11476],
     | 99.00th=[12013], 99.50th=[12147], 99.90th=[12416], 99.95th=[12550],
     | 99.99th=[12684]
   bw (  KiB/s): min= 1600, max= 4688, per=99.76%, avg=3309.91, stdev=11.49, samples=18557
   iops        : min=  400, max= 1172, avg=827.48, stdev= 2.87, samples=18557
  lat (usec)   : 20=0.01%, 50=0.01%, 100=0.01%
  lat (msec)   : 10=0.01%, 20=0.01%, 50=0.02%, 100=0.04%, 250=0.10%
  lat (msec)   : 500=0.15%, 750=0.11%, 1000=0.09%, 2000=0.33%, >=2000=99.15%
  cpu          : usr=0.08%, sys=0.49%, ctx=249011, majf=0, minf=9447
  IO depths    : 1=0.1%, 2=0.1%, 4=0.1%, 8=0.1%, 16=0.2%, 32=0.4%, >=64=99.2%
     submit    : 0=0.0%, 4=100.0%, 8=0.0%, 16=0.0%, 32=0.0%, 64=0.0%, >=64=0.0%
     complete  : 0=0.0%, 4=100.0%, 8=0.0%, 16=0.0%, 32=0.0%, 64=0.0%, >=64=0.1%
     issued rwts: total=248793,0,0,0 short=0,0,0,0 dropped=0,0,0,0
     latency   : target=0, window=0, percentile=100.00%, depth=256

Run status group 0 (all jobs):
   READ: bw=3317KiB/s (3396kB/s), 3317KiB/s-3317KiB/s (3396kB/s-3396kB/s), io=972MiB (1019MB), run=300038-300038msec
