test: (g=0): rw=read, bs=(R) 4096B-4096B, (W) 4096B-4096B, (T) 4096B-4096B, ioengine=libaio, iodepth=256
...
fio-3.27
Starting 16 processes
seq-read: Laying out IO file (1 file / 1024MiB)
seq-read: Laying out IO file (1 file / 1024MiB)
seq-read: Laying out IO file (1 file / 1024MiB)
seq-read: Laying out IO file (1 file / 1024MiB)
seq-read: Laying out IO file (1 file / 1024MiB)
seq-read: Laying out IO file (1 file / 1024MiB)
seq-read: Laying out IO file (1 file / 1024MiB)
seq-read: Laying out IO file (1 file / 1024MiB)

test: (groupid=0, jobs=16): err= 0: pid=5254: Tue Jul 20 15:48:26 2021
  read: IOPS=28.2k, BW=110MiB/s (116MB/s)(32.3GiB/300056msec)
    slat (usec): min=10, max=383284, avg=554.78, stdev=3934.87
    clat (usec): min=10, max=31619k, avg=144499.38, stdev=787076.27
     lat (usec): min=22, max=31733k, avg=145055.16, stdev=790002.18
    clat percentiles (msec):
     |  1.00th=[    5],  5.00th=[    5], 10.00th=[    5], 20.00th=[    5],
     | 30.00th=[    6], 40.00th=[    6], 50.00th=[    6], 60.00th=[    6],
     | 70.00th=[    6], 80.00th=[   17], 90.00th=[   28], 95.00th=[ 1183],
     | 99.00th=[ 2198], 99.50th=[ 3373], 99.90th=[11610], 99.95th=[15637],
     | 99.99th=[17113]
   bw (  KiB/s): min=  376, max=2326288, per=100.00%, avg=114871.74, stdev=22099.76, samples=9562
   iops        : min=   94, max=581572, avg=28717.83, stdev=5524.94, samples=9562
  lat (usec)   : 20=0.01%, 50=0.01%, 100=0.01%, 250=0.01%, 500=0.01%
  lat (usec)   : 750=0.01%, 1000=0.01%
  lat (msec)   : 2=0.01%, 4=0.01%, 10=71.49%, 20=16.13%, 50=4.95%
  lat (msec)   : 100=0.11%, 250=0.08%, 500=0.07%, 750=0.03%, 1000=0.22%
  lat (msec)   : 2000=5.73%, >=2000=1.20%
  cpu          : usr=1.76%, sys=6.63%, ctx=603696, majf=0, minf=4737
  IO depths    : 1=0.1%, 2=0.1%, 4=0.1%, 8=0.1%, 16=0.1%, 32=0.1%, >=64=100.0%
     submit    : 0=0.0%, 4=100.0%, 8=0.0%, 16=0.0%, 32=0.0%, 64=0.0%, >=64=0.0%
     complete  : 0=0.0%, 4=100.0%, 8=0.0%, 16=0.0%, 32=0.0%, 64=0.0%, >=64=0.1%
     issued rwts: total=8466328,0,0,0 short=0,0,0,0 dropped=0,0,0,0
     latency   : target=0, window=0, percentile=100.00%, depth=256

Run status group 0 (all jobs):
   READ: bw=110MiB/s (116MB/s), 110MiB/s-110MiB/s (116MB/s-116MB/s), io=32.3GiB (34.7GB), run=300056-300056msec
