test: (g=0): rw=randread, bs=(R) 4096B-4096B, (W) 4096B-4096B, (T) 4096B-4096B, ioengine=libaio, iodepth=256
...
fio-3.27
Starting 16 processes
rand-read: Laying out IO file (1 file / 1024MiB)
rand-read: Laying out IO file (1 file / 1024MiB)
rand-read: Laying out IO file (1 file / 1024MiB)
rand-read: Laying out IO file (1 file / 1024MiB)
rand-read: Laying out IO file (1 file / 1024MiB)
rand-read: Laying out IO file (1 file / 1024MiB)
rand-read: Laying out IO file (1 file / 1024MiB)
rand-read: Laying out IO file (1 file / 1024MiB)

test: (groupid=0, jobs=16): err= 0: pid=165779: Tue Jul 20 11:31:17 2021
  read: IOPS=572, BW=2288KiB/s (2343kB/s)(671MiB/300042msec)
    slat (msec): min=2, max=343, avg=27.94, stdev=14.99
    clat (usec): min=16, max=10743k, avg=7049061.11, stdev=868361.75
     lat (msec): min=4, max=10804, avg=7077.00, stdev=869.77
    clat percentiles (msec):
     |  1.00th=[ 3071],  5.00th=[ 6141], 10.00th=[ 6342], 20.00th=[ 6611],
     | 30.00th=[ 6812], 40.00th=[ 6946], 50.00th=[ 7080], 60.00th=[ 7148],
     | 70.00th=[ 7282], 80.00th=[ 7550], 90.00th=[ 7886], 95.00th=[ 8221],
     | 99.00th=[ 9060], 99.50th=[ 9463], 99.90th=[10134], 99.95th=[10268],
     | 99.99th=[10537]
   bw (  KiB/s): min=  736, max= 3128, per=99.81%, avg=2284.89, stdev=20.87, samples=9370
   iops        : min=  184, max=  782, avg=571.22, stdev= 5.22, samples=9370
  lat (usec)   : 20=0.01%, 50=0.01%
  lat (msec)   : 10=0.01%, 20=0.01%, 50=0.02%, 100=0.02%, 250=0.06%
  lat (msec)   : 500=0.08%, 750=0.07%, 1000=0.08%, 2000=0.32%, >=2000=99.33%
  cpu          : usr=0.10%, sys=0.62%, ctx=171794, majf=0, minf=4721
  IO depths    : 1=0.1%, 2=0.1%, 4=0.1%, 8=0.1%, 16=0.1%, 32=0.3%, >=64=99.4%
     submit    : 0=0.0%, 4=100.0%, 8=0.0%, 16=0.0%, 32=0.0%, 64=0.0%, >=64=0.0%
     complete  : 0=0.0%, 4=100.0%, 8=0.0%, 16=0.0%, 32=0.0%, 64=0.0%, >=64=0.1%
     issued rwts: total=171656,0,0,0 short=0,0,0,0 dropped=0,0,0,0
     latency   : target=0, window=0, percentile=100.00%, depth=256

Run status group 0 (all jobs):
   READ: bw=2288KiB/s (2343kB/s), 2288KiB/s-2288KiB/s (2343kB/s-2343kB/s), io=671MiB (703MB), run=300042-300042msec
