test: (g=0): rw=randread, bs=(R) 4096B-4096B, (W) 4096B-4096B, (T) 4096B-4096B, ioengine=libaio, iodepth=256
...
fio-3.27
Starting 8 processes
rand-read: Laying out IO file (1 file / 1024MiB)
rand-read: Laying out IO file (1 file / 1024MiB)
rand-read: Laying out IO file (1 file / 1024MiB)
rand-read: Laying out IO file (1 file / 1024MiB)

test: (groupid=0, jobs=8): err= 0: pid=213082: Mon Jul 19 22:07:38 2021
  read: IOPS=649, BW=2600KiB/s (2662kB/s)(762MiB/300012msec)
    slat (usec): min=485, max=155422, avg=12282.96, stdev=9892.67
    clat (usec): min=13, max=4007.4k, avg=3122283.67, stdev=261583.33
     lat (msec): min=2, max=4021, avg=3134.57, stdev=261.90
    clat percentiles (msec):
     |  1.00th=[ 2635],  5.00th=[ 2836], 10.00th=[ 2903], 20.00th=[ 2970],
     | 30.00th=[ 3037], 40.00th=[ 3071], 50.00th=[ 3138], 60.00th=[ 3171],
     | 70.00th=[ 3239], 80.00th=[ 3272], 90.00th=[ 3373], 95.00th=[ 3473],
     | 99.00th=[ 3641], 99.50th=[ 3708], 99.90th=[ 3809], 99.95th=[ 3842],
     | 99.99th=[ 3910]
   bw (  KiB/s): min= 1256, max= 3616, per=99.93%, avg=2598.59, stdev=41.55, samples=4744
   iops        : min=  314, max=  904, avg=649.65, stdev=10.39, samples=4744
  lat (usec)   : 20=0.01%, 50=0.01%
  lat (msec)   : 4=0.01%, 10=0.01%, 20=0.01%, 50=0.01%, 100=0.02%
  lat (msec)   : 250=0.05%, 500=0.08%, 750=0.08%, 1000=0.08%, 2000=0.34%
  lat (msec)   : >=2000=99.33%
  cpu          : usr=0.24%, sys=1.46%, ctx=195061, majf=0, minf=2363
  IO depths    : 1=0.1%, 2=0.1%, 4=0.1%, 8=0.1%, 16=0.1%, 32=0.1%, >=64=99.7%
     submit    : 0=0.0%, 4=100.0%, 8=0.0%, 16=0.0%, 32=0.0%, 64=0.0%, >=64=0.0%
     complete  : 0=0.0%, 4=100.0%, 8=0.0%, 16=0.0%, 32=0.0%, 64=0.0%, >=64=0.1%
     issued rwts: total=194996,0,0,0 short=0,0,0,0 dropped=0,0,0,0
     latency   : target=0, window=0, percentile=100.00%, depth=256

Run status group 0 (all jobs):
   READ: bw=2600KiB/s (2662kB/s), 2600KiB/s-2600KiB/s (2662kB/s-2662kB/s), io=762MiB (799MB), run=300012-300012msec
