readwrite: (g=0): rw=rw, bs=(R) 4096B-4096B, (W) 4096B-4096B, (T) 4096B-4096B, ioengine=libaio, iodepth=256
...
fio-3.27
Starting 8 processes

readwrite: (groupid=0, jobs=8): err= 0: pid=44473: Wed Jul 21 16:23:41 2021
  read: IOPS=18.0k, BW=70.3MiB/s (73.7MB/s)(20.6GiB/300572msec)
    slat (usec): min=7, max=1362.9k, avg=196.39, stdev=6578.75
    clat (usec): min=17, max=21725k, avg=56643.90, stdev=370558.06
     lat (msec): min=10, max=21910, avg=56.84, stdev=371.95
    clat percentiles (msec):
     |  1.00th=[   13],  5.00th=[   13], 10.00th=[   14], 20.00th=[   14],
     | 30.00th=[   14], 40.00th=[   15], 50.00th=[   15], 60.00th=[   15],
     | 70.00th=[   19], 80.00th=[   20], 90.00th=[   20], 95.00th=[  114],
     | 99.00th=[  986], 99.50th=[ 1754], 99.90th=[ 4530], 99.95th=[ 7148],
     | 99.99th=[15771]
   bw (  KiB/s): min=   64, max=313344, per=100.00%, avg=75518.81, stdev=12508.29, samples=4563
   iops        : min=   16, max=78336, avg=18879.71, stdev=3127.08, samples=4563
  write: IOPS=18.0k, BW=70.3MiB/s (73.7MB/s)(20.6GiB/300572msec); 0 zone resets
    slat (usec): min=68, max=1825.8k, avg=227.46, stdev=7252.30
    clat (usec): min=23, max=21897k, avg=56443.07, stdev=368753.31
     lat (msec): min=10, max=21897, avg=56.67, stdev=369.86
    clat percentiles (msec):
     |  1.00th=[   13],  5.00th=[   13], 10.00th=[   14], 20.00th=[   14],
     | 30.00th=[   14], 40.00th=[   15], 50.00th=[   15], 60.00th=[   15],
     | 70.00th=[   19], 80.00th=[   20], 90.00th=[   20], 95.00th=[  112],
     | 99.00th=[  978], 99.50th=[ 1754], 99.90th=[ 4530], 99.95th=[ 7013],
     | 99.99th=[15905]
   bw (  KiB/s): min=   64, max=314184, per=100.00%, avg=75016.64, stdev=12512.36, samples=4595
   iops        : min=   16, max=78546, avg=18754.16, stdev=3128.09, samples=4595
  lat (usec)   : 20=0.01%, 50=0.01%
  lat (msec)   : 20=90.65%, 50=3.78%, 100=0.47%, 250=1.33%, 500=1.71%
  lat (msec)   : 750=0.75%, 1000=0.34%, 2000=0.56%, >=2000=0.41%
  cpu          : usr=4.43%, sys=24.43%, ctx=53720, majf=0, minf=352
  IO depths    : 1=0.1%, 2=0.1%, 4=0.1%, 8=0.1%, 16=0.1%, 32=0.1%, >=64=100.0%
     submit    : 0=0.0%, 4=100.0%, 8=0.0%, 16=0.0%, 32=0.0%, 64=0.0%, >=64=0.0%
     complete  : 0=0.0%, 4=100.0%, 8=0.0%, 16=0.0%, 32=0.0%, 64=0.0%, >=64=0.1%
     issued rwts: total=5409019,5411888,0,0 short=0,0,0,0 dropped=0,0,0,0
     latency   : target=0, window=0, percentile=100.00%, depth=256

Run status group 0 (all jobs):
   READ: bw=70.3MiB/s (73.7MB/s), 70.3MiB/s-70.3MiB/s (73.7MB/s-73.7MB/s), io=20.6GiB (22.2GB), run=300572-300572msec
  WRITE: bw=70.3MiB/s (73.7MB/s), 70.3MiB/s-70.3MiB/s (73.7MB/s-73.7MB/s), io=20.6GiB (22.2GB), run=300572-300572msec
