test: (g=0): rw=randread, bs=(R) 4096B-4096B, (W) 4096B-4096B, (T) 4096B-4096B, ioengine=libaio, iodepth=256
...
fio-3.27
Starting 2 processes
rand-read: Laying out IO file (1 file / 1024MiB)

test: (groupid=0, jobs=2): err= 0: pid=132205: Tue Jul 20 11:10:51 2021
  read: IOPS=288, BW=1155KiB/s (1183kB/s)(338MiB/300012msec)
    slat (usec): min=455, max=217975, avg=6904.87, stdev=4681.56
    clat (usec): min=17, max=2132.0k, avg=1760776.46, stdev=106581.50
     lat (msec): min=9, max=2141, avg=1767.68, stdev=106.67
    clat percentiles (msec):
     |  1.00th=[ 1603],  5.00th=[ 1653], 10.00th=[ 1670], 20.00th=[ 1703],
     | 30.00th=[ 1720], 40.00th=[ 1737], 50.00th=[ 1754], 60.00th=[ 1787],
     | 70.00th=[ 1804], 80.00th=[ 1821], 90.00th=[ 1854], 95.00th=[ 1888],
     | 99.00th=[ 1955], 99.50th=[ 1972], 99.90th=[ 2056], 99.95th=[ 2089],
     | 99.99th=[ 2123]
   bw (  KiB/s): min=  648, max= 1392, per=99.89%, avg=1154.99, stdev=46.04, samples=1192
   iops        : min=  162, max=  348, avg=288.75, stdev=11.51, samples=1192
  lat (usec)   : 20=0.01%, 50=0.01%
  lat (msec)   : 10=0.01%, 20=0.01%, 50=0.01%, 100=0.02%, 250=0.05%
  lat (msec)   : 500=0.09%, 750=0.09%, 1000=0.09%, 2000=99.35%, >=2000=0.31%
  cpu          : usr=0.31%, sys=2.12%, ctx=86676, majf=0, minf=589
  IO depths    : 1=0.1%, 2=0.1%, 4=0.1%, 8=0.1%, 16=0.1%, 32=0.1%, >=64=99.9%
     submit    : 0=0.0%, 4=100.0%, 8=0.0%, 16=0.0%, 32=0.0%, 64=0.0%, >=64=0.0%
     complete  : 0=0.0%, 4=100.0%, 8=0.0%, 16=0.0%, 32=0.0%, 64=0.0%, >=64=0.1%
     issued rwts: total=86652,0,0,0 short=0,0,0,0 dropped=0,0,0,0
     latency   : target=0, window=0, percentile=100.00%, depth=256

Run status group 0 (all jobs):
   READ: bw=1155KiB/s (1183kB/s), 1155KiB/s-1155KiB/s (1183kB/s-1183kB/s), io=338MiB (355MB), run=300012-300012msec
