test: (g=0): rw=read, bs=(R) 4096B-4096B, (W) 4096B-4096B, (T) 4096B-4096B, ioengine=libaio, iodepth=256
...
fio-3.27
Starting 4 processes
seq-read: Laying out IO file (1 file / 1024MiB)
seq-read: Laying out IO file (1 file / 1024MiB)

test: (groupid=0, jobs=4): err= 0: pid=12329: Tue Jul 20 15:33:21 2021
  read: IOPS=33.3k, BW=130MiB/s (136MB/s)(38.1GiB/300009msec)
    slat (usec): min=10, max=298565, avg=108.49, stdev=1308.17
    clat (usec): min=10, max=8137.4k, avg=30604.21, stdev=203121.20
     lat (usec): min=22, max=8139.3k, avg=30713.56, stdev=203824.14
    clat percentiles (msec):
     |  1.00th=[    5],  5.00th=[    5], 10.00th=[    5], 20.00th=[    5],
     | 30.00th=[    5], 40.00th=[    5], 50.00th=[    6], 60.00th=[    6],
     | 70.00th=[    6], 80.00th=[    6], 90.00th=[   17], 95.00th=[   27],
     | 99.00th=[  726], 99.50th=[ 1099], 99.90th=[ 2802], 99.95th=[ 3675],
     | 99.99th=[ 6409]
   bw (  KiB/s): min=  152, max=655912, per=100.00%, avg=137486.39, stdev=33115.08, samples=2374
   iops        : min=   38, max=163978, avg=34371.36, stdev=8278.77, samples=2374
  lat (usec)   : 20=0.01%, 50=0.01%, 100=0.01%, 250=0.01%, 500=0.01%
  lat (usec)   : 750=0.01%, 1000=0.01%
  lat (msec)   : 2=0.01%, 4=0.01%, 10=86.09%, 20=5.45%, 50=5.70%
  lat (msec)   : 100=0.06%, 250=0.04%, 500=0.91%, 750=0.79%, 1000=0.36%
  lat (msec)   : 2000=0.37%, >=2000=0.23%
  cpu          : usr=7.43%, sys=21.45%, ctx=261150, majf=0, minf=1183
  IO depths    : 1=0.1%, 2=0.1%, 4=0.1%, 8=0.1%, 16=0.1%, 32=0.1%, >=64=100.0%
     submit    : 0=0.0%, 4=100.0%, 8=0.0%, 16=0.0%, 32=0.0%, 64=0.0%, >=64=0.0%
     complete  : 0=0.0%, 4=100.0%, 8=0.0%, 16=0.0%, 32=0.0%, 64=0.0%, >=64=0.1%
     issued rwts: total=9994600,0,0,0 short=0,0,0,0 dropped=0,0,0,0
     latency   : target=0, window=0, percentile=100.00%, depth=256

Run status group 0 (all jobs):
   READ: bw=130MiB/s (136MB/s), 130MiB/s-130MiB/s (136MB/s-136MB/s), io=38.1GiB (40.9GB), run=300009-300009msec
