readwrite: (g=0): rw=rw, bs=(R) 4096B-4096B, (W) 4096B-4096B, (T) 4096B-4096B, ioengine=libaio, iodepth=256
...
fio-3.27
Starting 8 processes
readwrite: Laying out IO file (1 file / 1024MiB)
readwrite: Laying out IO file (1 file / 1024MiB)
readwrite: Laying out IO file (1 file / 1024MiB)
readwrite: Laying out IO file (1 file / 1024MiB)

readwrite: (groupid=0, jobs=8): err= 0: pid=101530: Wed Jul 21 18:40:18 2021
  read: IOPS=30.6k, BW=120MiB/s (125MB/s)(35.0GiB/300003msec)
    slat (usec): min=7, max=803444, avg=161.68, stdev=3203.30
    clat (usec): min=11, max=14666k, avg=33403.70, stdev=255072.10
     lat (usec): min=20, max=14868k, avg=33566.11, stdev=256897.55
    clat percentiles (msec):
     |  1.00th=[   12],  5.00th=[   13], 10.00th=[   13], 20.00th=[   14],
     | 30.00th=[   14], 40.00th=[   14], 50.00th=[   14], 60.00th=[   14],
     | 70.00th=[   15], 80.00th=[   15], 90.00th=[   15], 95.00th=[   19],
     | 99.00th=[  182], 99.50th=[ 1536], 99.90th=[ 3574], 99.95th=[ 5067],
     | 99.99th=[ 9731]
   bw (  KiB/s): min=   72, max=326673, per=100.00%, avg=123963.57, stdev=15738.12, samples=4739
   iops        : min=   18, max=81668, avg=30990.66, stdev=3934.51, samples=4739
  write: IOPS=30.6k, BW=120MiB/s (125MB/s)(35.0GiB/300003msec); 0 zone resets
    slat (usec): min=68, max=174810, avg=78.37, stdev=104.94
    clat (usec): min=11, max=14818k, avg=33227.54, stdev=253954.14
     lat (usec): min=85, max=14818k, avg=33307.01, stdev=253955.70
    clat percentiles (msec):
     |  1.00th=[   12],  5.00th=[   13], 10.00th=[   13], 20.00th=[   14],
     | 30.00th=[   14], 40.00th=[   14], 50.00th=[   14], 60.00th=[   14],
     | 70.00th=[   15], 80.00th=[   15], 90.00th=[   15], 95.00th=[   19],
     | 99.00th=[  163], 99.50th=[ 1519], 99.90th=[ 3540], 99.95th=[ 5000],
     | 99.99th=[ 9597]
   bw (  KiB/s): min=   64, max=324504, per=100.00%, avg=123821.22, stdev=15738.57, samples=4747
   iops        : min=   16, max=81126, avg=30955.05, stdev=3934.62, samples=4747
  lat (usec)   : 20=0.01%, 50=0.01%, 100=0.01%, 250=0.01%, 500=0.01%
  lat (usec)   : 750=0.01%, 1000=0.01%
  lat (msec)   : 2=0.01%, 4=0.01%, 10=0.01%, 20=97.48%, 50=1.42%
  lat (msec)   : 100=0.07%, 250=0.06%, 500=0.05%, 750=0.06%, 1000=0.12%
  lat (msec)   : 2000=0.44%, >=2000=0.31%
  cpu          : usr=7.30%, sys=36.58%, ctx=82855, majf=0, minf=364
  IO depths    : 1=0.1%, 2=0.1%, 4=0.1%, 8=0.1%, 16=0.1%, 32=0.1%, >=64=100.0%
     submit    : 0=0.0%, 4=100.0%, 8=0.0%, 16=0.0%, 32=0.0%, 64=0.0%, >=64=0.0%
     complete  : 0=0.0%, 4=100.0%, 8=0.0%, 16=0.0%, 32=0.0%, 64=0.0%, >=64=0.1%
     issued rwts: total=9182505,9184197,0,0 short=0,0,0,0 dropped=0,0,0,0
     latency   : target=0, window=0, percentile=100.00%, depth=256

Run status group 0 (all jobs):
   READ: bw=120MiB/s (125MB/s), 120MiB/s-120MiB/s (125MB/s-125MB/s), io=35.0GiB (37.6GB), run=300003-300003msec
  WRITE: bw=120MiB/s (125MB/s), 120MiB/s-120MiB/s (125MB/s-125MB/s), io=35.0GiB (37.6GB), run=300003-300003msec
