readwrite: (g=0): rw=rw, bs=(R) 4096B-4096B, (W) 4096B-4096B, (T) 4096B-4096B, ioengine=libaio, iodepth=256
...
fio-3.27
Starting 4 processes
readwrite: Laying out IO file (1 file / 1024MiB)
readwrite: Laying out IO file (1 file / 1024MiB)

readwrite: (groupid=0, jobs=4): err= 0: pid=70408: Wed Jul 21 19:33:36 2021
  read: IOPS=17.0k, BW=66.5MiB/s (69.7MB/s)(19.5GiB/300010msec)
    slat (usec): min=7, max=444203, avg=137.47, stdev=1939.87
    clat (usec): min=13, max=7093.0k, avg=30058.33, stdev=135450.78
     lat (usec): min=189, max=7119.1k, avg=30196.58, stdev=136397.73
    clat percentiles (msec):
     |  1.00th=[   12],  5.00th=[   13], 10.00th=[   13], 20.00th=[   13],
     | 30.00th=[   14], 40.00th=[   14], 50.00th=[   14], 60.00th=[   14],
     | 70.00th=[   14], 80.00th=[   15], 90.00th=[   15], 95.00th=[   21],
     | 99.00th=[  575], 99.50th=[  827], 99.90th=[ 1687], 99.95th=[ 2635],
     | 99.99th=[ 4329]
   bw (  KiB/s): min=   96, max=162856, per=100.00%, avg=68464.11, stdev=15255.08, samples=2385
   iops        : min=   24, max=40714, avg=17116.00, stdev=3813.77, samples=2385
  write: IOPS=17.0k, BW=66.4MiB/s (69.6MB/s)(19.5GiB/300010msec); 0 zone resets
    slat (usec): min=68, max=116102, avg=75.96, stdev=74.18
    clat (usec): min=11, max=7093.9k, avg=29906.00, stdev=133740.69
     lat (usec): min=82, max=7094.0k, avg=29983.05, stdev=133743.04
    clat percentiles (msec):
     |  1.00th=[   12],  5.00th=[   13], 10.00th=[   13], 20.00th=[   13],
     | 30.00th=[   14], 40.00th=[   14], 50.00th=[   14], 60.00th=[   14],
     | 70.00th=[   14], 80.00th=[   15], 90.00th=[   15], 95.00th=[   20],
     | 99.00th=[  567], 99.50th=[  818], 99.90th=[ 1620], 99.95th=[ 2567],
     | 99.99th=[ 4212]
   bw (  KiB/s): min=   64, max=162672, per=100.00%, avg=68436.66, stdev=15236.21, samples=2385
   iops        : min=   16, max=40668, avg=17109.14, stdev=3809.05, samples=2385
  lat (usec)   : 20=0.01%, 50=0.01%, 100=0.01%, 250=0.01%, 500=0.01%
  lat (usec)   : 750=0.01%, 1000=0.01%
  lat (msec)   : 2=0.01%, 4=0.01%, 10=0.01%, 20=95.04%, 50=2.35%
  lat (msec)   : 100=0.06%, 250=0.20%, 500=1.12%, 750=0.62%, 1000=0.31%
  lat (msec)   : 2000=0.21%, >=2000=0.08%
  cpu          : usr=8.25%, sys=41.57%, ctx=124492, majf=0, minf=176
  IO depths    : 1=0.1%, 2=0.1%, 4=0.1%, 8=0.1%, 16=0.1%, 32=0.1%, >=64=100.0%
     submit    : 0=0.0%, 4=100.0%, 8=0.0%, 16=0.0%, 32=0.0%, 64=0.0%, >=64=0.0%
     complete  : 0=0.0%, 4=100.0%, 8=0.0%, 16=0.0%, 32=0.0%, 64=0.0%, >=64=0.1%
     issued rwts: total=5105656,5100991,0,0 short=0,0,0,0 dropped=0,0,0,0
     latency   : target=0, window=0, percentile=100.00%, depth=256

Run status group 0 (all jobs):
   READ: bw=66.5MiB/s (69.7MB/s), 66.5MiB/s-66.5MiB/s (69.7MB/s-69.7MB/s), io=19.5GiB (20.9GB), run=300010-300010msec
  WRITE: bw=66.4MiB/s (69.6MB/s), 66.4MiB/s-66.4MiB/s (69.6MB/s-69.6MB/s), io=19.5GiB (20.9GB), run=300010-300010msec
