readwrite: (g=0): rw=rw, bs=(R) 4096B-4096B, (W) 4096B-4096B, (T) 4096B-4096B, ioengine=libaio, iodepth=256
...
fio-3.27
Starting 64 processes
readwrite: Laying out IO file (1 file / 1024MiB)
readwrite: Laying out IO file (1 file / 1024MiB)
readwrite: Laying out IO file (1 file / 1024MiB)
readwrite: Laying out IO file (1 file / 1024MiB)
readwrite: Laying out IO file (1 file / 1024MiB)
readwrite: Laying out IO file (1 file / 1024MiB)
readwrite: Laying out IO file (1 file / 1024MiB)
readwrite: Laying out IO file (1 file / 1024MiB)
readwrite: Laying out IO file (1 file / 1024MiB)
readwrite: Laying out IO file (1 file / 1024MiB)
readwrite: Laying out IO file (1 file / 1024MiB)
readwrite: Laying out IO file (1 file / 1024MiB)
readwrite: Laying out IO file (1 file / 1024MiB)
readwrite: Laying out IO file (1 file / 1024MiB)
readwrite: Laying out IO file (1 file / 1024MiB)
readwrite: Laying out IO file (1 file / 1024MiB)
readwrite: Laying out IO file (1 file / 1024MiB)
readwrite: Laying out IO file (1 file / 1024MiB)
readwrite: Laying out IO file (1 file / 1024MiB)
readwrite: Laying out IO file (1 file / 1024MiB)
readwrite: Laying out IO file (1 file / 1024MiB)
readwrite: Laying out IO file (1 file / 1024MiB)
readwrite: Laying out IO file (1 file / 1024MiB)
readwrite: Laying out IO file (1 file / 1024MiB)
readwrite: Laying out IO file (1 file / 1024MiB)
readwrite: Laying out IO file (1 file / 1024MiB)
readwrite: Laying out IO file (1 file / 1024MiB)
readwrite: Laying out IO file (1 file / 1024MiB)
readwrite: Laying out IO file (1 file / 1024MiB)
readwrite: Laying out IO file (1 file / 1024MiB)
readwrite: Laying out IO file (1 file / 1024MiB)
readwrite: Laying out IO file (1 file / 1024MiB)

readwrite: (groupid=0, jobs=64): err= 0: pid=87485: Wed Jul 21 20:16:01 2021
  read: IOPS=16.6k, BW=64.9MiB/s (68.0MB/s)(19.0GiB/300174msec)
    slat (usec): min=7, max=6175.4k, avg=3707.87, stdev=41721.09
    clat (usec): min=14, max=75802k, avg=492855.22, stdev=3592408.47
     lat (usec): min=118, max=76073k, avg=496563.86, stdev=3618097.42
    clat percentiles (msec):
     |  1.00th=[   13],  5.00th=[   13], 10.00th=[   14], 20.00th=[   14],
     | 30.00th=[   14], 40.00th=[   15], 50.00th=[   15], 60.00th=[   15],
     | 70.00th=[   16], 80.00th=[   16], 90.00th=[   17], 95.00th=[   20],
     | 99.00th=[17113], 99.50th=[17113], 99.90th=[17113], 99.95th=[17113],
     | 99.99th=[17113]
   bw (  KiB/s): min=  512, max=899133, per=100.00%, avg=76858.62, stdev=5205.73, samples=29724
   iops        : min=  128, max=224780, avg=19214.40, stdev=1301.42, samples=29724
  write: IOPS=16.6k, BW=64.9MiB/s (68.0MB/s)(19.0GiB/300174msec); 0 zone resets
    slat (usec): min=68, max=1275.6k, avg=122.47, stdev=3159.59
    clat (usec): min=11, max=75864k, avg=470196.32, stdev=3490484.48
     lat (usec): min=102, max=75864k, avg=470319.90, stdev=3490709.47
    clat percentiles (msec):
     |  1.00th=[   13],  5.00th=[   13], 10.00th=[   14], 20.00th=[   14],
     | 30.00th=[   14], 40.00th=[   15], 50.00th=[   15], 60.00th=[   15],
     | 70.00th=[   16], 80.00th=[   16], 90.00th=[   17], 95.00th=[   20],
     | 99.00th=[17113], 99.50th=[17113], 99.90th=[17113], 99.95th=[17113],
     | 99.99th=[17113]
   bw (  KiB/s): min=  512, max=902284, per=100.00%, avg=77893.20, stdev=5211.61, samples=29318
   iops        : min=  128, max=225566, avg=19473.06, stdev=1302.89, samples=29318
  lat (usec)   : 20=0.01%, 50=0.01%, 100=0.01%, 250=0.01%, 500=0.01%
  lat (usec)   : 750=0.01%, 1000=0.01%
  lat (msec)   : 2=0.01%, 4=0.01%, 10=0.01%, 20=95.23%, 50=1.16%
  lat (msec)   : 100=0.41%, 250=0.49%, 500=0.23%, 750=0.14%, 1000=0.07%
  lat (msec)   : 2000=0.12%, >=2000=2.15%
  cpu          : usr=0.50%, sys=2.65%, ctx=91369, majf=0, minf=2801
  IO depths    : 1=0.1%, 2=0.1%, 4=0.1%, 8=0.1%, 16=0.1%, 32=0.1%, >=64=100.0%
     submit    : 0=0.0%, 4=100.0%, 8=0.0%, 16=0.0%, 32=0.0%, 64=0.0%, >=64=0.0%
     complete  : 0=0.0%, 4=100.0%, 8=0.0%, 16=0.0%, 32=0.0%, 64=0.0%, >=64=0.1%
     issued rwts: total=4986522,4984232,0,0 short=0,0,0,0 dropped=0,0,0,0
     latency   : target=0, window=0, percentile=100.00%, depth=256

Run status group 0 (all jobs):
   READ: bw=64.9MiB/s (68.0MB/s), 64.9MiB/s-64.9MiB/s (68.0MB/s-68.0MB/s), io=19.0GiB (20.4GB), run=300174-300174msec
  WRITE: bw=64.9MiB/s (68.0MB/s), 64.9MiB/s-64.9MiB/s (68.0MB/s-68.0MB/s), io=19.0GiB (20.4GB), run=300174-300174msec
