readwrite: (g=0): rw=rw, bs=(R) 4096B-4096B, (W) 4096B-4096B, (T) 4096B-4096B, ioengine=libaio, iodepth=256
...
fio-3.27
Starting 4 processes
readwrite: Laying out IO file (1 file / 1024MiB)
readwrite: Laying out IO file (1 file / 1024MiB)

readwrite: (groupid=0, jobs=4): err= 0: pid=85193: Wed Jul 21 17:34:06 2021
  read: IOPS=24.0k, BW=93.7MiB/s (98.2MB/s)(27.4GiB/300008msec)
    slat (usec): min=7, max=198109, avg=69.86, stdev=863.10
    clat (usec): min=12, max=2093.8k, avg=21261.46, stdev=55953.73
     lat (usec): min=258, max=2142.4k, avg=21332.11, stdev=56319.51
    clat percentiles (msec):
     |  1.00th=[   12],  5.00th=[   13], 10.00th=[   13], 20.00th=[   13],
     | 30.00th=[   13], 40.00th=[   14], 50.00th=[   14], 60.00th=[   14],
     | 70.00th=[   14], 80.00th=[   14], 90.00th=[   15], 95.00th=[   19],
     | 99.00th=[  317], 99.50th=[  414], 99.90th=[  768], 99.95th=[  911],
     | 99.99th=[ 1133]
   bw (  KiB/s): min=  648, max=164696, per=100.00%, avg=96815.55, stdev=13849.97, samples=2379
   iops        : min=  162, max=41174, avg=24203.84, stdev=3462.51, samples=2379
  write: IOPS=24.0k, BW=93.6MiB/s (98.2MB/s)(27.4GiB/300008msec); 0 zone resets
    slat (usec): min=68, max=104814, avg=75.24, stdev=50.89
    clat (usec): min=11, max=2093.7k, avg=21286.47, stdev=56173.29
     lat (usec): min=82, max=2093.8k, avg=21362.80, stdev=56176.00
    clat percentiles (msec):
     |  1.00th=[   12],  5.00th=[   13], 10.00th=[   13], 20.00th=[   13],
     | 30.00th=[   13], 40.00th=[   14], 50.00th=[   14], 60.00th=[   14],
     | 70.00th=[   14], 80.00th=[   14], 90.00th=[   15], 95.00th=[   19],
     | 99.00th=[  317], 99.50th=[  414], 99.90th=[  768], 99.95th=[  919],
     | 99.99th=[ 1133]
   bw (  KiB/s): min=  728, max=163592, per=100.00%, avg=96797.06, stdev=13818.31, samples=2378
   iops        : min=  182, max=40898, avg=24199.22, stdev=3454.59, samples=2378
  lat (usec)   : 20=0.01%, 100=0.01%, 250=0.01%, 500=0.01%, 750=0.01%
  lat (usec)   : 1000=0.01%
  lat (msec)   : 2=0.01%, 4=0.01%, 10=0.01%, 20=95.46%, 50=2.22%
  lat (msec)   : 100=0.08%, 250=0.73%, 500=1.21%, 750=0.19%, 1000=0.08%
  lat (msec)   : 2000=0.02%, >=2000=0.01%
  cpu          : usr=11.59%, sys=57.68%, ctx=153799, majf=0, minf=172
  IO depths    : 1=0.1%, 2=0.1%, 4=0.1%, 8=0.1%, 16=0.1%, 32=0.1%, >=64=100.0%
     submit    : 0=0.0%, 4=100.0%, 8=0.0%, 16=0.0%, 32=0.0%, 64=0.0%, >=64=0.0%
     complete  : 0=0.0%, 4=100.0%, 8=0.0%, 16=0.0%, 32=0.0%, 64=0.0%, >=64=0.1%
     issued rwts: total=7195548,7189803,0,0 short=0,0,0,0 dropped=0,0,0,0
     latency   : target=0, window=0, percentile=100.00%, depth=256

Run status group 0 (all jobs):
   READ: bw=93.7MiB/s (98.2MB/s), 93.7MiB/s-93.7MiB/s (98.2MB/s-98.2MB/s), io=27.4GiB (29.5GB), run=300008-300008msec
  WRITE: bw=93.6MiB/s (98.2MB/s), 93.6MiB/s-93.6MiB/s (98.2MB/s-98.2MB/s), io=27.4GiB (29.4GB), run=300008-300008msec
