readwrite: (g=0): rw=rw, bs=(R) 4096B-4096B, (W) 4096B-4096B, (T) 4096B-4096B, ioengine=libaio, iodepth=256
...
fio-3.27
Starting 2 processes
readwrite: Laying out IO file (1 file / 1024MiB)

readwrite: (groupid=0, jobs=2): err= 0: pid=98925: Wed Jul 21 19:27:18 2021
  read: IOPS=11.0k, BW=43.1MiB/s (45.2MB/s)(12.6GiB/300001msec)
    slat (usec): min=7, max=264152, avg=83.48, stdev=879.02
    clat (usec): min=12, max=1466.9k, avg=23125.12, stdev=56090.08
     lat (usec): min=105, max=1469.6k, avg=23209.36, stdev=56458.33
    clat percentiles (msec):
     |  1.00th=[   12],  5.00th=[   13], 10.00th=[   13], 20.00th=[   13],
     | 30.00th=[   14], 40.00th=[   14], 50.00th=[   14], 60.00th=[   14],
     | 70.00th=[   14], 80.00th=[   15], 90.00th=[   15], 95.00th=[   24],
     | 99.00th=[  326], 99.50th=[  409], 99.90th=[  684], 99.95th=[  785],
     | 99.99th=[  978]
   bw (  KiB/s): min=  184, max=83448, per=100.00%, avg=44471.65, stdev=16050.05, samples=1192
   iops        : min=   46, max=20862, avg=11117.87, stdev=4012.52, samples=1192
  write: IOPS=11.0k, BW=43.1MiB/s (45.2MB/s)(12.6GiB/300001msec); 0 zone resets
    slat (usec): min=68, max=27218, avg=76.27, stdev=22.00
    clat (usec): min=12, max=1469.5k, avg=23085.73, stdev=55995.71
     lat (usec): min=84, max=1469.5k, avg=23163.09, stdev=55998.11
    clat percentiles (msec):
     |  1.00th=[   12],  5.00th=[   13], 10.00th=[   13], 20.00th=[   13],
     | 30.00th=[   14], 40.00th=[   14], 50.00th=[   14], 60.00th=[   14],
     | 70.00th=[   14], 80.00th=[   15], 90.00th=[   15], 95.00th=[   23],
     | 99.00th=[  326], 99.50th=[  409], 99.90th=[  684], 99.95th=[  793],
     | 99.99th=[  978]
   bw (  KiB/s): min=  280, max=82496, per=100.00%, avg=44461.05, stdev=16044.45, samples=1192
   iops        : min=   70, max=20624, avg=11115.23, stdev=4011.12, samples=1192
  lat (usec)   : 20=0.01%, 100=0.01%, 250=0.01%, 500=0.01%, 750=0.01%
  lat (usec)   : 1000=0.01%
  lat (msec)   : 2=0.01%, 4=0.01%, 10=0.01%, 20=94.71%, 50=1.53%
  lat (msec)   : 100=0.11%, 250=2.02%, 500=1.37%, 750=0.18%, 1000=0.07%
  lat (msec)   : 2000=0.01%
  cpu          : usr=10.57%, sys=53.47%, ctx=119485, majf=0, minf=87
  IO depths    : 1=0.1%, 2=0.1%, 4=0.1%, 8=0.1%, 16=0.1%, 32=0.1%, >=64=100.0%
     submit    : 0=0.0%, 4=100.0%, 8=0.0%, 16=0.0%, 32=0.0%, 64=0.0%, >=64=0.0%
     complete  : 0=0.0%, 4=100.0%, 8=0.0%, 16=0.0%, 32=0.0%, 64=0.0%, >=64=0.1%
     issued rwts: total=3311537,3310695,0,0 short=0,0,0,0 dropped=0,0,0,0
     latency   : target=0, window=0, percentile=100.00%, depth=256

Run status group 0 (all jobs):
   READ: bw=43.1MiB/s (45.2MB/s), 43.1MiB/s-43.1MiB/s (45.2MB/s-45.2MB/s), io=12.6GiB (13.6GB), run=300001-300001msec
  WRITE: bw=43.1MiB/s (45.2MB/s), 43.1MiB/s-43.1MiB/s (45.2MB/s-45.2MB/s), io=12.6GiB (13.6GB), run=300001-300001msec
