test: (g=0): rw=randread, bs=(R) 4096B-4096B, (W) 4096B-4096B, (T) 4096B-4096B, ioengine=libaio, iodepth=256
...
fio-3.27
Starting 8 processes
rand-read: Laying out IO file (1 file / 1024MiB)
rand-read: Laying out IO file (1 file / 1024MiB)
rand-read: Laying out IO file (1 file / 1024MiB)
rand-read: Laying out IO file (1 file / 1024MiB)

test: (groupid=0, jobs=8): err= 0: pid=178204: Tue Jul 20 11:23:18 2021
  read: IOPS=575, BW=2300KiB/s (2355kB/s)(674MiB/300012msec)
    slat (usec): min=481, max=272134, avg=13887.65, stdev=11475.32
    clat (usec): min=13, max=4558.7k, avg=3526779.07, stdev=321494.66
     lat (msec): min=6, max=4578, avg=3540.67, stdev=321.95
    clat percentiles (msec):
     |  1.00th=[ 2937],  5.00th=[ 3205], 10.00th=[ 3272], 20.00th=[ 3339],
     | 30.00th=[ 3406], 40.00th=[ 3473], 50.00th=[ 3540], 60.00th=[ 3574],
     | 70.00th=[ 3641], 80.00th=[ 3742], 90.00th=[ 3842], 95.00th=[ 3943],
     | 99.00th=[ 4144], 99.50th=[ 4212], 99.90th=[ 4329], 99.95th=[ 4396],
     | 99.99th=[ 4530]
   bw (  KiB/s): min=  552, max= 3272, per=99.86%, avg=2297.31, stdev=39.84, samples=4741
   iops        : min=  138, max=  818, avg=574.33, stdev= 9.96, samples=4741
  lat (usec)   : 20=0.01%
  lat (msec)   : 10=0.01%, 20=0.01%, 50=0.02%, 100=0.02%, 250=0.06%
  lat (msec)   : 500=0.08%, 750=0.09%, 1000=0.08%, 2000=0.34%, >=2000=99.30%
  cpu          : usr=0.19%, sys=1.24%, ctx=172587, majf=0, minf=2361
  IO depths    : 1=0.1%, 2=0.1%, 4=0.1%, 8=0.1%, 16=0.1%, 32=0.1%, >=64=99.7%
     submit    : 0=0.0%, 4=100.0%, 8=0.0%, 16=0.0%, 32=0.0%, 64=0.0%, >=64=0.0%
     complete  : 0=0.0%, 4=100.0%, 8=0.0%, 16=0.0%, 32=0.0%, 64=0.0%, >=64=0.1%
     issued rwts: total=172518,0,0,0 short=0,0,0,0 dropped=0,0,0,0
     latency   : target=0, window=0, percentile=100.00%, depth=256

Run status group 0 (all jobs):
   READ: bw=2300KiB/s (2355kB/s), 2300KiB/s-2300KiB/s (2355kB/s-2355kB/s), io=674MiB (707MB), run=300012-300012msec
