test: (g=0): rw=randread, bs=(R) 4096B-4096B, (W) 4096B-4096B, (T) 4096B-4096B, ioengine=libaio, iodepth=256
...
fio-3.27
Starting 4 processes
rand-read: Laying out IO file (1 file / 1024MiB)
rand-read: Laying out IO file (1 file / 1024MiB)

test: (groupid=0, jobs=4): err= 0: pid=135498: Tue Jul 20 10:17:11 2021
  read: IOPS=533, BW=2135KiB/s (2186kB/s)(625MiB/300007msec)
    slat (usec): min=450, max=351211, avg=7472.03, stdev=5148.85
    clat (usec): min=13, max=2687.9k, avg=1905596.85, stdev=126754.47
     lat (msec): min=3, max=2697, avg=1913.07, stdev=126.89
    clat percentiles (msec):
     |  1.00th=[ 1687],  5.00th=[ 1770], 10.00th=[ 1804], 20.00th=[ 1838],
     | 30.00th=[ 1871], 40.00th=[ 1888], 50.00th=[ 1905], 60.00th=[ 1921],
     | 70.00th=[ 1955], 80.00th=[ 1989], 90.00th=[ 2022], 95.00th=[ 2056],
     | 99.00th=[ 2123], 99.50th=[ 2165], 99.90th=[ 2534], 99.95th=[ 2601],
     | 99.99th=[ 2668]
   bw (  KiB/s): min=  496, max= 2712, per=99.88%, avg=2132.62, stdev=49.01, samples=2384
   iops        : min=  124, max=  678, avg=533.08, stdev=12.25, samples=2384
  lat (usec)   : 20=0.01%, 50=0.01%
  lat (msec)   : 4=0.01%, 10=0.01%, 20=0.01%, 50=0.01%, 100=0.02%
  lat (msec)   : 250=0.05%, 500=0.08%, 750=0.08%, 1000=0.08%, 2000=84.26%
  lat (msec)   : >=2000=15.40%
  cpu          : usr=0.36%, sys=2.28%, ctx=160137, majf=0, minf=1182
  IO depths    : 1=0.1%, 2=0.1%, 4=0.1%, 8=0.1%, 16=0.1%, 32=0.1%, >=64=99.8%
     submit    : 0=0.0%, 4=100.0%, 8=0.0%, 16=0.0%, 32=0.0%, 64=0.0%, >=64=0.0%
     complete  : 0=0.0%, 4=100.0%, 8=0.0%, 16=0.0%, 32=0.0%, 64=0.0%, >=64=0.1%
     issued rwts: total=160094,0,0,0 short=0,0,0,0 dropped=0,0,0,0
     latency   : target=0, window=0, percentile=100.00%, depth=256

Run status group 0 (all jobs):
   READ: bw=2135KiB/s (2186kB/s), 2135KiB/s-2135KiB/s (2186kB/s-2186kB/s), io=625MiB (656MB), run=300007-300007msec
