readwrite: (g=0): rw=rw, bs=(R) 4096B-4096B, (W) 4096B-4096B, (T) 4096B-4096B, ioengine=libaio, iodepth=256
...
fio-3.27
Starting 4 processes
readwrite: Laying out IO file (1 file / 1024MiB)
readwrite: Laying out IO file (1 file / 1024MiB)

readwrite: (groupid=0, jobs=4): err= 0: pid=157211: Wed Jul 21 19:33:36 2021
  read: IOPS=17.4k, BW=67.9MiB/s (71.2MB/s)(19.9GiB/300004msec)
    slat (usec): min=7, max=512046, avg=133.30, stdev=2035.59
    clat (usec): min=12, max=11425k, avg=29425.55, stdev=144976.89
     lat (usec): min=27, max=11439k, avg=29559.64, stdev=145954.17
    clat percentiles (msec):
     |  1.00th=[   12],  5.00th=[   13], 10.00th=[   13], 20.00th=[   13],
     | 30.00th=[   13], 40.00th=[   14], 50.00th=[   14], 60.00th=[   14],
     | 70.00th=[   14], 80.00th=[   14], 90.00th=[   15], 95.00th=[   19],
     | 99.00th=[  542], 99.50th=[  827], 99.90th=[ 1787], 99.95th=[ 2601],
     | 99.99th=[ 4665]
   bw (  KiB/s): min=  112, max=164920, per=100.00%, avg=70063.61, stdev=14099.07, samples=2386
   iops        : min=   28, max=41230, avg=17515.78, stdev=3524.79, samples=2386
  write: IOPS=17.4k, BW=67.9MiB/s (71.2MB/s)(19.9GiB/300004msec); 0 zone resets
    slat (usec): min=67, max=116518, avg=75.22, stdev=80.83
    clat (usec): min=37, max=11425k, avg=29252.10, stdev=142670.44
     lat (usec): min=118, max=11425k, avg=29328.42, stdev=142672.60
    clat percentiles (msec):
     |  1.00th=[   12],  5.00th=[   13], 10.00th=[   13], 20.00th=[   13],
     | 30.00th=[   13], 40.00th=[   14], 50.00th=[   14], 60.00th=[   14],
     | 70.00th=[   14], 80.00th=[   14], 90.00th=[   15], 95.00th=[   19],
     | 99.00th=[  542], 99.50th=[  827], 99.90th=[ 1737], 99.95th=[ 2534],
     | 99.99th=[ 4597]
   bw (  KiB/s): min=   80, max=163448, per=100.00%, avg=69954.92, stdev=14113.47, samples=2384
   iops        : min=   20, max=40862, avg=17488.60, stdev=3528.39, samples=2384
  lat (usec)   : 20=0.01%, 50=0.01%, 250=0.01%, 500=0.01%, 750=0.01%
  lat (usec)   : 1000=0.01%
  lat (msec)   : 2=0.01%, 4=0.01%, 10=0.01%, 20=95.45%, 50=2.06%
  lat (msec)   : 100=0.08%, 250=0.23%, 500=1.07%, 750=0.51%, 1000=0.28%
  lat (msec)   : 2000=0.25%, >=2000=0.08%
  cpu          : usr=8.39%, sys=41.78%, ctx=119718, majf=0, minf=176
  IO depths    : 1=0.1%, 2=0.1%, 4=0.1%, 8=0.1%, 16=0.1%, 32=0.1%, >=64=100.0%
     submit    : 0=0.0%, 4=100.0%, 8=0.0%, 16=0.0%, 32=0.0%, 64=0.0%, >=64=0.0%
     complete  : 0=0.0%, 4=100.0%, 8=0.0%, 16=0.0%, 32=0.0%, 64=0.0%, >=64=0.1%
     issued rwts: total=5217550,5212795,0,0 short=0,0,0,0 dropped=0,0,0,0
     latency   : target=0, window=0, percentile=100.00%, depth=256

Run status group 0 (all jobs):
   READ: bw=67.9MiB/s (71.2MB/s), 67.9MiB/s-67.9MiB/s (71.2MB/s-71.2MB/s), io=19.9GiB (21.4GB), run=300004-300004msec
  WRITE: bw=67.9MiB/s (71.2MB/s), 67.9MiB/s-67.9MiB/s (71.2MB/s-71.2MB/s), io=19.9GiB (21.4GB), run=300004-300004msec
