readwrite: (g=0): rw=rw, bs=(R) 4096B-4096B, (W) 4096B-4096B, (T) 4096B-4096B, ioengine=libaio, iodepth=256
...
fio-3.27
Starting 64 processes
readwrite: Laying out IO file (1 file / 1024MiB)
readwrite: Laying out IO file (1 file / 1024MiB)
readwrite: Laying out IO file (1 file / 1024MiB)
readwrite: Laying out IO file (1 file / 1024MiB)
readwrite: Laying out IO file (1 file / 1024MiB)
readwrite: Laying out IO file (1 file / 1024MiB)
readwrite: Laying out IO file (1 file / 1024MiB)
readwrite: Laying out IO file (1 file / 1024MiB)
readwrite: Laying out IO file (1 file / 1024MiB)
readwrite: Laying out IO file (1 file / 1024MiB)
readwrite: Laying out IO file (1 file / 1024MiB)
readwrite: Laying out IO file (1 file / 1024MiB)
readwrite: Laying out IO file (1 file / 1024MiB)
readwrite: Laying out IO file (1 file / 1024MiB)
readwrite: Laying out IO file (1 file / 1024MiB)
readwrite: Laying out IO file (1 file / 1024MiB)
readwrite: Laying out IO file (1 file / 1024MiB)
readwrite: Laying out IO file (1 file / 1024MiB)
readwrite: Laying out IO file (1 file / 1024MiB)
readwrite: Laying out IO file (1 file / 1024MiB)
readwrite: Laying out IO file (1 file / 1024MiB)
readwrite: Laying out IO file (1 file / 1024MiB)
readwrite: Laying out IO file (1 file / 1024MiB)
readwrite: Laying out IO file (1 file / 1024MiB)
readwrite: Laying out IO file (1 file / 1024MiB)
readwrite: Laying out IO file (1 file / 1024MiB)
readwrite: Laying out IO file (1 file / 1024MiB)
readwrite: Laying out IO file (1 file / 1024MiB)
readwrite: Laying out IO file (1 file / 1024MiB)
readwrite: Laying out IO file (1 file / 1024MiB)
readwrite: Laying out IO file (1 file / 1024MiB)
readwrite: Laying out IO file (1 file / 1024MiB)

readwrite: (groupid=0, jobs=64): err= 0: pid=86064: Wed Jul 21 19:16:00 2021
  read: IOPS=16.8k, BW=65.7MiB/s (68.9MB/s)(19.3GiB/300100msec)
    slat (usec): min=7, max=7526.5k, avg=3695.48, stdev=37812.46
    clat (usec): min=14, max=47008k, avg=488184.83, stdev=3092251.19
     lat (usec): min=130, max=47046k, avg=491881.11, stdev=3114531.23
    clat percentiles (msec):
     |  1.00th=[   13],  5.00th=[   13], 10.00th=[   14], 20.00th=[   14],
     | 30.00th=[   14], 40.00th=[   14], 50.00th=[   15], 60.00th=[   15],
     | 70.00th=[   15], 80.00th=[   16], 90.00th=[   17], 95.00th=[   20],
     | 99.00th=[17113], 99.50th=[17113], 99.90th=[17113], 99.95th=[17113],
     | 99.99th=[17113]
   bw (  KiB/s): min=  512, max=1036682, per=100.00%, avg=77485.59, stdev=5306.62, samples=31850
   iops        : min=  128, max=259167, avg=19371.15, stdev=1326.64, samples=31850
  write: IOPS=16.8k, BW=65.7MiB/s (68.9MB/s)(19.2GiB/300100msec); 0 zone resets
    slat (usec): min=68, max=3017.3k, avg=85.72, stdev=1955.25
    clat (usec): min=12, max=47008k, avg=470759.38, stdev=3028178.91
     lat (usec): min=111, max=47008k, avg=470846.22, stdev=3028183.01
    clat percentiles (msec):
     |  1.00th=[   13],  5.00th=[   13], 10.00th=[   14], 20.00th=[   14],
     | 30.00th=[   14], 40.00th=[   14], 50.00th=[   15], 60.00th=[   15],
     | 70.00th=[   15], 80.00th=[   16], 90.00th=[   17], 95.00th=[   20],
     | 99.00th=[17113], 99.50th=[17113], 99.90th=[17113], 99.95th=[17113],
     | 99.99th=[17113]
   bw (  KiB/s): min=  512, max=1036888, per=100.00%, avg=77248.32, stdev=5338.98, samples=31568
   iops        : min=  128, max=259220, avg=19311.85, stdev=1334.73, samples=31568
  lat (usec)   : 20=0.01%, 50=0.01%, 250=0.01%, 500=0.01%, 750=0.01%
  lat (usec)   : 1000=0.01%
  lat (msec)   : 2=0.01%, 4=0.01%, 10=0.01%, 20=95.49%, 50=1.27%
  lat (msec)   : 100=0.11%, 250=0.09%, 500=0.09%, 750=0.09%, 1000=0.07%
  lat (msec)   : 2000=0.11%, >=2000=2.67%
  cpu          : usr=0.51%, sys=2.68%, ctx=117500, majf=0, minf=2818
  IO depths    : 1=0.1%, 2=0.1%, 4=0.1%, 8=0.1%, 16=0.1%, 32=0.1%, >=64=100.0%
     submit    : 0=0.0%, 4=100.0%, 8=0.0%, 16=0.0%, 32=0.0%, 64=0.0%, >=64=0.0%
     complete  : 0=0.0%, 4=100.0%, 8=0.0%, 16=0.0%, 32=0.0%, 64=0.0%, >=64=0.1%
     issued rwts: total=5050615,5046265,0,0 short=0,0,0,0 dropped=0,0,0,0
     latency   : target=0, window=0, percentile=100.00%, depth=256

Run status group 0 (all jobs):
   READ: bw=65.7MiB/s (68.9MB/s), 65.7MiB/s-65.7MiB/s (68.9MB/s-68.9MB/s), io=19.3GiB (20.7GB), run=300100-300100msec
  WRITE: bw=65.7MiB/s (68.9MB/s), 65.7MiB/s-65.7MiB/s (68.9MB/s-68.9MB/s), io=19.2GiB (20.7GB), run=300100-300100msec
