test: (g=0): rw=read, bs=(R) 4096B-4096B, (W) 4096B-4096B, (T) 4096B-4096B, ioengine=libaio, iodepth=256
...
fio-3.27
Starting 4 processes
seq-read: Laying out IO file (1 file / 1024MiB)
seq-read: Laying out IO file (1 file / 1024MiB)

test: (groupid=0, jobs=4): err= 0: pid=16926: Tue Jul 20 15:33:21 2021
  read: IOPS=33.0k, BW=129MiB/s (135MB/s)(37.8GiB/300018msec)
    slat (usec): min=10, max=198936, avg=109.74, stdev=1414.16
    clat (usec): min=12, max=14087k, avg=30852.38, stdev=229398.24
     lat (usec): min=64, max=14107k, avg=30962.94, stdev=230172.85
    clat percentiles (msec):
     |  1.00th=[    5],  5.00th=[    5], 10.00th=[    5], 20.00th=[    5],
     | 30.00th=[    5], 40.00th=[    5], 50.00th=[    5], 60.00th=[    6],
     | 70.00th=[    6], 80.00th=[    6], 90.00th=[   17], 95.00th=[   26],
     | 99.00th=[ 1045], 99.50th=[ 1452], 99.90th=[ 3037], 99.95th=[ 4530],
     | 99.99th=[ 6544]
   bw (  KiB/s): min=  104, max=657672, per=100.00%, avg=136794.78, stdev=32997.98, samples=2373
   iops        : min=   26, max=164418, avg=34198.57, stdev=8249.50, samples=2373
  lat (usec)   : 20=0.01%, 100=0.01%, 250=0.01%, 500=0.01%, 750=0.01%
  lat (usec)   : 1000=0.01%
  lat (msec)   : 2=0.01%, 4=0.01%, 10=86.98%, 20=5.42%, 50=5.77%
  lat (msec)   : 100=0.05%, 250=0.02%, 500=0.21%, 750=0.09%, 1000=0.38%
  lat (msec)   : 2000=0.87%, >=2000=0.22%
  cpu          : usr=7.15%, sys=19.77%, ctx=168488, majf=0, minf=1183
  IO depths    : 1=0.1%, 2=0.1%, 4=0.1%, 8=0.1%, 16=0.1%, 32=0.1%, >=64=100.0%
     submit    : 0=0.0%, 4=100.0%, 8=0.0%, 16=0.0%, 32=0.0%, 64=0.0%, >=64=0.0%
     complete  : 0=0.0%, 4=100.0%, 8=0.0%, 16=0.0%, 32=0.0%, 64=0.0%, >=64=0.1%
     issued rwts: total=9913140,0,0,0 short=0,0,0,0 dropped=0,0,0,0
     latency   : target=0, window=0, percentile=100.00%, depth=256

Run status group 0 (all jobs):
   READ: bw=129MiB/s (135MB/s), 129MiB/s-129MiB/s (135MB/s-135MB/s), io=37.8GiB (40.6GB), run=300018-300018msec
