test: (g=0): rw=randread, bs=(R) 4096B-4096B, (W) 4096B-4096B, (T) 4096B-4096B, ioengine=libaio, iodepth=256
...
fio-3.27
Starting 4 processes
rand-read: Laying out IO file (1 file / 1024MiB)
rand-read: Laying out IO file (1 file / 1024MiB)

test: (groupid=0, jobs=4): err= 0: pid=150188: Mon Jul 19 19:36:59 2021
  read: IOPS=445, BW=1783KiB/s (1825kB/s)(522MiB/300019msec)
    slat (usec): min=452, max=172136, avg=8954.44, stdev=7145.64
    clat (usec): min=17, max=3188.6k, avg=2281492.02, stdev=325962.51
     lat (msec): min=6, max=3197, avg=2290.45, stdev=326.98
    clat percentiles (msec):
     |  1.00th=[ 1653],  5.00th=[ 1804], 10.00th=[ 1871], 20.00th=[ 1955],
     | 30.00th=[ 2056], 40.00th=[ 2232], 50.00th=[ 2333], 60.00th=[ 2400],
     | 70.00th=[ 2467], 80.00th=[ 2567], 90.00th=[ 2668], 95.00th=[ 2769],
     | 99.00th=[ 2937], 99.50th=[ 3004], 99.90th=[ 3071], 99.95th=[ 3104],
     | 99.99th=[ 3171]
   bw (  KiB/s): min=  728, max= 2683, per=99.74%, avg=1778.98, stdev=74.61, samples=2384
   iops        : min=  182, max=  670, avg=444.71, stdev=18.64, samples=2384
  lat (usec)   : 20=0.01%, 50=0.01%
  lat (msec)   : 10=0.01%, 20=0.01%, 50=0.01%, 100=0.02%, 250=0.05%
  lat (msec)   : 500=0.08%, 750=0.06%, 1000=0.07%, 2000=25.30%, >=2000=74.41%
  cpu          : usr=0.27%, sys=1.73%, ctx=133736, majf=0, minf=1180
  IO depths    : 1=0.1%, 2=0.1%, 4=0.1%, 8=0.1%, 16=0.1%, 32=0.1%, >=64=99.8%
     submit    : 0=0.0%, 4=100.0%, 8=0.0%, 16=0.0%, 32=0.0%, 64=0.0%, >=64=0.0%
     complete  : 0=0.0%, 4=100.0%, 8=0.0%, 16=0.0%, 32=0.0%, 64=0.0%, >=64=0.1%
     issued rwts: total=133700,0,0,0 short=0,0,0,0 dropped=0,0,0,0
     latency   : target=0, window=0, percentile=100.00%, depth=256

Run status group 0 (all jobs):
   READ: bw=1783KiB/s (1825kB/s), 1783KiB/s-1783KiB/s (1825kB/s-1825kB/s), io=522MiB (548MB), run=300019-300019msec
