test: (g=0): rw=read, bs=(R) 4096B-4096B, (W) 4096B-4096B, (T) 4096B-4096B, ioengine=libaio, iodepth=256
...
fio-3.27
Starting 4 processes

test: (groupid=0, jobs=4): err= 0: pid=242937: Fri Jul 16 04:00:06 2021
  read: IOPS=34.1k, BW=133MiB/s (140MB/s)(39.0GiB/300005msec)
    slat (usec): min=10, max=267244, avg=105.66, stdev=897.47
    clat (usec): min=10, max=4837.6k, avg=29904.58, stdev=120576.46
     lat (usec): min=22, max=4844.9k, avg=30011.10, stdev=121002.93
    clat percentiles (msec):
     |  1.00th=[    5],  5.00th=[    5], 10.00th=[    5], 20.00th=[    5],
     | 30.00th=[    5], 40.00th=[    5], 50.00th=[    5], 60.00th=[    6],
     | 70.00th=[    6], 80.00th=[    6], 90.00th=[   26], 95.00th=[   33],
     | 99.00th=[  567], 99.50th=[  709], 99.90th=[ 1150], 99.95th=[ 1385],
     | 99.99th=[ 3138]
   bw (  KiB/s): min=  256, max=646952, per=100.00%, avg=140042.07, stdev=40233.12, samples=2373
   iops        : min=   64, max=161738, avg=35010.52, stdev=10058.28, samples=2373
  lat (usec)   : 20=0.01%, 50=0.01%, 100=0.01%, 250=0.01%, 500=0.01%
  lat (usec)   : 750=0.01%, 1000=0.01%
  lat (msec)   : 2=0.01%, 4=0.01%, 10=83.76%, 20=5.91%, 50=5.56%
  lat (msec)   : 100=0.06%, 250=0.10%, 500=3.06%, 750=1.11%, 1000=0.24%
  lat (msec)   : 2000=0.17%, >=2000=0.02%
  cpu          : usr=7.62%, sys=23.66%, ctx=470775, majf=0, minf=1182
  IO depths    : 1=0.1%, 2=0.1%, 4=0.1%, 8=0.1%, 16=0.1%, 32=0.1%, >=64=100.0%
     submit    : 0=0.0%, 4=100.0%, 8=0.0%, 16=0.0%, 32=0.0%, 64=0.0%, >=64=0.0%
     complete  : 0=0.0%, 4=100.0%, 8=0.0%, 16=0.0%, 32=0.0%, 64=0.0%, >=64=0.1%
     issued rwts: total=10228179,0,0,0 short=0,0,0,0 dropped=0,0,0,0
     latency   : target=0, window=0, percentile=100.00%, depth=256

Run status group 0 (all jobs):
   READ: bw=133MiB/s (140MB/s), 133MiB/s-133MiB/s (140MB/s-140MB/s), io=39.0GiB (41.9GB), run=300005-300005msec
