test: (g=0): rw=randread, bs=(R) 4096B-4096B, (W) 4096B-4096B, (T) 4096B-4096B, ioengine=libaio, iodepth=256
...
fio-3.27
Starting 4 processes
rand-read: Laying out IO file (1 file / 1024MiB)
rand-read: Laying out IO file (1 file / 1024MiB)

test: (groupid=0, jobs=4): err= 0: pid=139306: Mon Jul 19 19:14:28 2021
  read: IOPS=330, BW=1322KiB/s (1354kB/s)(387MiB/300012msec)
    slat (usec): min=484, max=344644, avg=12077.03, stdev=10404.04
    clat (usec): min=19, max=5686.7k, avg=3070267.98, stdev=836722.86
     lat (msec): min=8, max=5703, avg=3082.35, stdev=839.69
    clat percentiles (msec):
     |  1.00th=[ 1552],  5.00th=[ 1687], 10.00th=[ 1838], 20.00th=[ 2106],
     | 30.00th=[ 2702], 40.00th=[ 2836], 50.00th=[ 2970], 60.00th=[ 3540],
     | 70.00th=[ 3708], 80.00th=[ 3842], 90.00th=[ 4010], 95.00th=[ 4178],
     | 99.00th=[ 4732], 99.50th=[ 5000], 99.90th=[ 5470], 99.95th=[ 5537],
     | 99.99th=[ 5671]
   bw (  KiB/s): min=  456, max= 2856, per=99.89%, avg=1321.49, stdev=107.89, samples=2375
   iops        : min=  114, max=  714, avg=330.37, stdev=26.97, samples=2375
  lat (usec)   : 20=0.01%, 50=0.01%
  lat (msec)   : 10=0.01%, 20=0.01%, 50=0.01%, 100=0.01%, 250=0.03%
  lat (msec)   : 500=0.05%, 750=0.05%, 1000=0.05%, 2000=17.14%, >=2000=82.66%
  cpu          : usr=0.21%, sys=1.33%, ctx=99227, majf=0, minf=1179
  IO depths    : 1=0.1%, 2=0.1%, 4=0.1%, 8=0.1%, 16=0.1%, 32=0.1%, >=64=99.7%
     submit    : 0=0.0%, 4=100.0%, 8=0.0%, 16=0.0%, 32=0.0%, 64=0.0%, >=64=0.0%
     complete  : 0=0.0%, 4=100.0%, 8=0.0%, 16=0.0%, 32=0.0%, 64=0.0%, >=64=0.1%
     issued rwts: total=99184,0,0,0 short=0,0,0,0 dropped=0,0,0,0
     latency   : target=0, window=0, percentile=100.00%, depth=256

Run status group 0 (all jobs):
   READ: bw=1322KiB/s (1354kB/s), 1322KiB/s-1322KiB/s (1354kB/s-1354kB/s), io=387MiB (406MB), run=300012-300012msec
