test: (g=0): rw=read, bs=(R) 4096B-4096B, (W) 4096B-4096B, (T) 4096B-4096B, ioengine=libaio, iodepth=256
fio-3.27
Starting 1 process
test: Laying out IO file (1 file / 1024MiB)

test: (groupid=0, jobs=1): err= 0: pid=206785: Tue Jul 20 14:19:00 2021
  read: IOPS=33.0k, BW=129MiB/s (135MB/s)(37.8GiB/300001msec)
    slat (usec): min=10, max=67610, avg=19.12, stdev=336.93
    clat (usec): min=10, max=952907, avg=7717.73, stdev=28715.36
     lat (usec): min=22, max=952960, avg=7737.63, stdev=28722.64
    clat percentiles (msec):
     |  1.00th=[    5],  5.00th=[    5], 10.00th=[    5], 20.00th=[    5],
     | 30.00th=[    5], 40.00th=[    5], 50.00th=[    6], 60.00th=[    6],
     | 70.00th=[    6], 80.00th=[    6], 90.00th=[   16], 95.00th=[   26],
     | 99.00th=[   27], 99.50th=[   27], 99.90th=[  279], 99.95th=[  911],
     | 99.99th=[  927]
   bw (  KiB/s): min=    8, max=165648, per=100.00%, avg=137018.37, stdev=49331.95, samples=578
   iops        : min=    2, max=41412, avg=34254.63, stdev=12333.00, samples=578
  lat (usec)   : 20=0.01%, 50=0.01%, 100=0.01%, 250=0.01%, 500=0.01%
  lat (usec)   : 750=0.01%, 1000=0.01%
  lat (msec)   : 2=0.01%, 4=0.01%, 10=89.34%, 20=4.56%, 50=5.92%
  lat (msec)   : 100=0.01%, 250=0.06%, 500=0.01%, 750=0.01%, 1000=0.10%
  cpu          : usr=27.62%, sys=70.69%, ctx=7641, majf=0, minf=294
  IO depths    : 1=0.1%, 2=0.1%, 4=0.1%, 8=0.1%, 16=0.1%, 32=0.1%, >=64=100.0%
     submit    : 0=0.0%, 4=100.0%, 8=0.0%, 16=0.0%, 32=0.0%, 64=0.0%, >=64=0.0%
     complete  : 0=0.0%, 4=100.0%, 8=0.0%, 16=0.0%, 32=0.0%, 64=0.0%, >=64=0.1%
     issued rwts: total=9911638,0,0,0 short=0,0,0,0 dropped=0,0,0,0
     latency   : target=0, window=0, percentile=100.00%, depth=256

Run status group 0 (all jobs):
   READ: bw=129MiB/s (135MB/s), 129MiB/s-129MiB/s (135MB/s-135MB/s), io=37.8GiB (40.6GB), run=300001-300001msec
