test: (g=0): rw=randread, bs=(R) 4096B-4096B, (W) 4096B-4096B, (T) 4096B-4096B, ioengine=libaio, iodepth=256
...
fio-3.27
Starting 32 processes
rand-read: Laying out IO file (1 file / 1024MiB)
rand-read: Laying out IO file (1 file / 1024MiB)
rand-read: Laying out IO file (1 file / 1024MiB)
rand-read: Laying out IO file (1 file / 1024MiB)
rand-read: Laying out IO file (1 file / 1024MiB)
rand-read: Laying out IO file (1 file / 1024MiB)
rand-read: Laying out IO file (1 file / 1024MiB)
rand-read: Laying out IO file (1 file / 1024MiB)
rand-read: Laying out IO file (1 file / 1024MiB)
rand-read: Laying out IO file (1 file / 1024MiB)
rand-read: Laying out IO file (1 file / 1024MiB)
rand-read: Laying out IO file (1 file / 1024MiB)
rand-read: Laying out IO file (1 file / 1024MiB)
rand-read: Laying out IO file (1 file / 1024MiB)
rand-read: Laying out IO file (1 file / 1024MiB)
rand-read: Laying out IO file (1 file / 1024MiB)

test: (groupid=0, jobs=32): err= 0: pid=196642: Tue Jul 20 11:42:03 2021
  read: IOPS=447, BW=1788KiB/s (1831kB/s)(524MiB/300139msec)
    slat (msec): min=2, max=399, avg=71.53, stdev=22.27
    clat (usec): min=17, max=28268k, avg=17810216.83, stdev=3634776.27
     lat (msec): min=45, max=28351, avg=17881.75, stdev=3641.66
    clat percentiles (msec):
     |  1.00th=[ 3104],  5.00th=[15368], 10.00th=[16174], 20.00th=[16576],
     | 30.00th=[16845], 40.00th=[17113], 50.00th=[17113], 60.00th=[17113],
     | 70.00th=[17113], 80.00th=[17113], 90.00th=[17113], 95.00th=[17113],
     | 99.00th=[17113], 99.50th=[17113], 99.90th=[17113], 99.95th=[17113],
     | 99.99th=[17113]
   bw (  KiB/s): min=  768, max= 2360, per=98.88%, avg=1768.69, stdev= 7.07, samples=18206
   iops        : min=  192, max=  590, avg=442.17, stdev= 1.77, samples=18206
  lat (usec)   : 20=0.01%, 50=0.02%
  lat (msec)   : 50=0.01%, 100=0.02%, 250=0.06%, 500=0.07%, 750=0.08%
  lat (msec)   : 1000=0.08%, 2000=0.31%, >=2000=99.35%
  cpu          : usr=0.04%, sys=0.27%, ctx=134387, majf=0, minf=9443
  IO depths    : 1=0.1%, 2=0.1%, 4=0.1%, 8=0.2%, 16=0.4%, 32=0.8%, >=64=98.5%
     submit    : 0=0.0%, 4=100.0%, 8=0.0%, 16=0.0%, 32=0.0%, 64=0.0%, >=64=0.0%
     complete  : 0=0.0%, 4=100.0%, 8=0.0%, 16=0.0%, 32=0.0%, 64=0.0%, >=64=0.1%
     issued rwts: total=134165,0,0,0 short=0,0,0,0 dropped=0,0,0,0
     latency   : target=0, window=0, percentile=100.00%, depth=256

Run status group 0 (all jobs):
   READ: bw=1788KiB/s (1831kB/s), 1788KiB/s-1788KiB/s (1831kB/s-1831kB/s), io=524MiB (550MB), run=300139-300139msec
