readwrite: (g=0): rw=rw, bs=(R) 4096B-4096B, (W) 4096B-4096B, (T) 4096B-4096B, ioengine=libaio, iodepth=256
...
fio-3.27
Starting 16 processes
readwrite: Laying out IO file (1 file / 1024MiB)
readwrite: Laying out IO file (1 file / 1024MiB)
readwrite: Laying out IO file (1 file / 1024MiB)
readwrite: Laying out IO file (1 file / 1024MiB)
readwrite: Laying out IO file (1 file / 1024MiB)
readwrite: Laying out IO file (1 file / 1024MiB)
readwrite: Laying out IO file (1 file / 1024MiB)
readwrite: Laying out IO file (1 file / 1024MiB)

readwrite: (groupid=0, jobs=16): err= 0: pid=168505: Wed Jul 21 19:48:41 2021
  read: IOPS=26.0k, BW=102MiB/s (107MB/s)(29.8GiB/300103msec)
    slat (usec): min=7, max=1323.3k, avg=513.69, stdev=9037.64
    clat (usec): min=13, max=42387k, avg=78879.43, stdev=922909.74
     lat (usec): min=106, max=42497k, avg=79393.85, stdev=929534.58
    clat percentiles (msec):
     |  1.00th=[   12],  5.00th=[   13], 10.00th=[   13], 20.00th=[   14],
     | 30.00th=[   14], 40.00th=[   14], 50.00th=[   14], 60.00th=[   14],
     | 70.00th=[   15], 80.00th=[   15], 90.00th=[   15], 95.00th=[   17],
     | 99.00th=[   45], 99.50th=[ 4463], 99.90th=[16845], 99.95th=[17113],
     | 99.99th=[17113]
   bw (  KiB/s): min=  128, max=442536, per=100.00%, avg=107988.44, stdev=10838.29, samples=9030
   iops        : min=   32, max=110634, avg=26997.05, stdev=2709.57, samples=9030
  write: IOPS=26.0k, BW=102MiB/s (107MB/s)(29.8GiB/300103msec); 0 zone resets
    slat (usec): min=68, max=222828, avg=79.72, stdev=165.01
    clat (usec): min=11, max=42432k, avg=77404.82, stdev=911169.29
     lat (usec): min=90, max=42432k, avg=77485.64, stdev=911171.39
    clat percentiles (msec):
     |  1.00th=[   12],  5.00th=[   13], 10.00th=[   13], 20.00th=[   14],
     | 30.00th=[   14], 40.00th=[   14], 50.00th=[   14], 60.00th=[   14],
     | 70.00th=[   15], 80.00th=[   15], 90.00th=[   15], 95.00th=[   17],
     | 99.00th=[   41], 99.50th=[ 4329], 99.90th=[16576], 99.95th=[17113],
     | 99.99th=[17113]
   bw (  KiB/s): min=  128, max=439171, per=100.00%, avg=108254.48, stdev=10871.14, samples=8966
   iops        : min=   32, max=109792, avg=27063.55, stdev=2717.78, samples=8966
  lat (usec)   : 20=0.01%, 50=0.01%, 100=0.01%, 250=0.01%, 500=0.01%
  lat (usec)   : 750=0.01%, 1000=0.01%
  lat (msec)   : 2=0.01%, 4=0.01%, 10=0.01%, 20=97.89%, 50=1.14%
  lat (msec)   : 100=0.06%, 250=0.03%, 500=0.04%, 750=0.02%, 1000=0.05%
  lat (msec)   : 2000=0.06%, >=2000=0.71%
  cpu          : usr=3.05%, sys=15.57%, ctx=56613, majf=0, minf=711
  IO depths    : 1=0.1%, 2=0.1%, 4=0.1%, 8=0.1%, 16=0.1%, 32=0.1%, >=64=100.0%
     submit    : 0=0.0%, 4=100.0%, 8=0.0%, 16=0.0%, 32=0.0%, 64=0.0%, >=64=0.0%
     complete  : 0=0.0%, 4=100.0%, 8=0.0%, 16=0.0%, 32=0.0%, 64=0.0%, >=64=0.1%
     issued rwts: total=7812343,7813012,0,0 short=0,0,0,0 dropped=0,0,0,0
     latency   : target=0, window=0, percentile=100.00%, depth=256

Run status group 0 (all jobs):
   READ: bw=102MiB/s (107MB/s), 102MiB/s-102MiB/s (107MB/s-107MB/s), io=29.8GiB (32.0GB), run=300103-300103msec
  WRITE: bw=102MiB/s (107MB/s), 102MiB/s-102MiB/s (107MB/s-107MB/s), io=29.8GiB (32.0GB), run=300103-300103msec
