test: (g=0): rw=randread, bs=(R) 4096B-4096B, (W) 4096B-4096B, (T) 4096B-4096B, ioengine=libaio, iodepth=256
...
fio-3.27
Starting 16 processes
rand-read: Laying out IO file (1 file / 1024MiB)
rand-read: Laying out IO file (1 file / 1024MiB)
rand-read: Laying out IO file (1 file / 1024MiB)
rand-read: Laying out IO file (1 file / 1024MiB)
rand-read: Laying out IO file (1 file / 1024MiB)
rand-read: Laying out IO file (1 file / 1024MiB)
rand-read: Laying out IO file (1 file / 1024MiB)
rand-read: Laying out IO file (1 file / 1024MiB)

test: (groupid=0, jobs=16): err= 0: pid=193036: Tue Jul 20 11:31:17 2021
  read: IOPS=518, BW=2075KiB/s (2125kB/s)(608MiB/300037msec)
    slat (usec): min=734, max=467085, avg=30808.86, stdev=16298.05
    clat (usec): min=13, max=12665k, avg=7759192.32, stdev=1406162.74
     lat (msec): min=3, max=12706, avg=7790.00, stdev=1410.03
    clat percentiles (msec):
     |  1.00th=[ 2802],  5.00th=[ 6745], 10.00th=[ 6879], 20.00th=[ 7013],
     | 30.00th=[ 7080], 40.00th=[ 7215], 50.00th=[ 7282], 60.00th=[ 7483],
     | 70.00th=[ 8087], 80.00th=[ 8490], 90.00th=[ 9866], 95.00th=[10671],
     | 99.00th=[11610], 99.50th=[11879], 99.90th=[12281], 99.95th=[12416],
     | 99.99th=[12684]
   bw (  KiB/s): min=  824, max= 2832, per=99.88%, avg=2073.63, stdev=18.44, samples=9333
   iops        : min=  206, max=  708, avg=518.41, stdev= 4.61, samples=9333
  lat (usec)   : 20=0.01%, 50=0.01%
  lat (msec)   : 4=0.01%, 10=0.01%, 20=0.01%, 50=0.02%, 100=0.03%
  lat (msec)   : 250=0.08%, 500=0.10%, 750=0.07%, 1000=0.08%, 2000=0.32%
  lat (msec)   : >=2000=99.27%
  cpu          : usr=0.09%, sys=0.59%, ctx=155786, majf=0, minf=4719
  IO depths    : 1=0.1%, 2=0.1%, 4=0.1%, 8=0.1%, 16=0.2%, 32=0.3%, >=64=99.4%
     submit    : 0=0.0%, 4=100.0%, 8=0.0%, 16=0.0%, 32=0.0%, 64=0.0%, >=64=0.0%
     complete  : 0=0.0%, 4=100.0%, 8=0.0%, 16=0.0%, 32=0.0%, 64=0.0%, >=64=0.1%
     issued rwts: total=155678,0,0,0 short=0,0,0,0 dropped=0,0,0,0
     latency   : target=0, window=0, percentile=100.00%, depth=256

Run status group 0 (all jobs):
   READ: bw=2075KiB/s (2125kB/s), 2075KiB/s-2075KiB/s (2125kB/s-2125kB/s), io=608MiB (638MB), run=300037-300037msec
