test: (g=0): rw=randread, bs=(R) 4096B-4096B, (W) 4096B-4096B, (T) 4096B-4096B, ioengine=libaio, iodepth=256
fio-3.27
Starting 1 process
test: Laying out IO file (1 file / 1024MiB)

test: (groupid=0, jobs=1): err= 0: pid=109049: Tue Jul 20 10:05:39 2021
  read: IOPS=191, BW=768KiB/s (786kB/s)(225MiB/300001msec)
    slat (usec): min=450, max=78465, avg=5191.30, stdev=3861.76
    clat (usec): min=28, max=1577.0k, avg=1325533.07, stdev=85257.81
     lat (msec): min=2, max=1581, avg=1330.73, stdev=85.38
    clat percentiles (msec):
     |  1.00th=[ 1167],  5.00th=[ 1217], 10.00th=[ 1234], 20.00th=[ 1267],
     | 30.00th=[ 1284], 40.00th=[ 1301], 50.00th=[ 1318], 60.00th=[ 1351],
     | 70.00th=[ 1368], 80.00th=[ 1385], 90.00th=[ 1418], 95.00th=[ 1452],
     | 99.00th=[ 1485], 99.50th=[ 1519], 99.90th=[ 1552], 99.95th=[ 1552],
     | 99.99th=[ 1569]
   bw (  KiB/s): min=  256, max=  928, per=99.90%, avg=767.29, stdev=66.56, samples=597
   iops        : min=   64, max=  232, avg=191.79, stdev=16.64, samples=597
  lat (usec)   : 50=0.01%
  lat (msec)   : 4=0.01%, 10=0.01%, 20=0.01%, 50=0.01%, 100=0.01%
  lat (msec)   : 250=0.04%, 500=0.08%, 750=0.08%, 1000=0.08%, 2000=99.69%
  cpu          : usr=0.39%, sys=2.74%, ctx=57592, majf=0, minf=294
  IO depths    : 1=0.1%, 2=0.1%, 4=0.1%, 8=0.1%, 16=0.1%, 32=0.1%, >=64=99.9%
     submit    : 0=0.0%, 4=100.0%, 8=0.0%, 16=0.0%, 32=0.0%, 64=0.0%, >=64=0.0%
     complete  : 0=0.0%, 4=100.0%, 8=0.0%, 16=0.0%, 32=0.0%, 64=0.0%, >=64=0.1%
     issued rwts: total=57583,0,0,0 short=0,0,0,0 dropped=0,0,0,0
     latency   : target=0, window=0, percentile=100.00%, depth=256

Run status group 0 (all jobs):
   READ: bw=768KiB/s (786kB/s), 768KiB/s-768KiB/s (786kB/s-786kB/s), io=225MiB (236MB), run=300001-300001msec
