readwrite: (g=0): rw=rw, bs=(R) 4096B-4096B, (W) 4096B-4096B, (T) 4096B-4096B, ioengine=libaio, iodepth=256
...
fio-3.27
Starting 4 processes
readwrite: Laying out IO file (1 file / 1024MiB)
readwrite: Laying out IO file (1 file / 1024MiB)

readwrite: (groupid=0, jobs=4): err= 0: pid=123234: Wed Jul 21 18:33:38 2021
  read: IOPS=17.6k, BW=68.8MiB/s (72.2MB/s)(20.2GiB/300024msec)
    slat (usec): min=7, max=397417, avg=129.21, stdev=1767.57
    clat (usec): min=13, max=5475.2k, avg=28932.27, stdev=118889.49
     lat (usec): min=267, max=5514.2k, avg=29062.26, stdev=119743.32
    clat percentiles (msec):
     |  1.00th=[   12],  5.00th=[   13], 10.00th=[   13], 20.00th=[   13],
     | 30.00th=[   14], 40.00th=[   14], 50.00th=[   14], 60.00th=[   14],
     | 70.00th=[   14], 80.00th=[   15], 90.00th=[   15], 95.00th=[   20],
     | 99.00th=[  514], 99.50th=[  768], 99.90th=[ 1636], 99.95th=[ 2039],
     | 99.99th=[ 3574]
   bw (  KiB/s): min=  168, max=164392, per=100.00%, avg=71037.14, stdev=14834.14, samples=2380
   iops        : min=   42, max=41098, avg=17759.29, stdev=3708.54, samples=2380
  write: IOPS=17.6k, BW=68.8MiB/s (72.1MB/s)(20.2GiB/300024msec); 0 zone resets
    slat (usec): min=68, max=105195, avg=76.38, stdev=69.00
    clat (usec): min=11, max=5498.9k, avg=28978.82, stdev=119447.10
     lat (usec): min=82, max=5499.0k, avg=29056.31, stdev=119449.72
    clat percentiles (msec):
     |  1.00th=[   12],  5.00th=[   13], 10.00th=[   13], 20.00th=[   13],
     | 30.00th=[   14], 40.00th=[   14], 50.00th=[   14], 60.00th=[   14],
     | 70.00th=[   14], 80.00th=[   15], 90.00th=[   15], 95.00th=[   20],
     | 99.00th=[  514], 99.50th=[  776], 99.90th=[ 1620], 99.95th=[ 2072],
     | 99.99th=[ 3608]
   bw (  KiB/s): min=  152, max=162704, per=100.00%, avg=70990.62, stdev=14816.27, samples=2382
   iops        : min=   38, max=40676, avg=17747.66, stdev=3704.07, samples=2382
  lat (usec)   : 20=0.01%, 100=0.01%, 250=0.01%, 500=0.01%, 750=0.01%
  lat (usec)   : 1000=0.01%
  lat (msec)   : 2=0.01%, 4=0.01%, 10=0.01%, 20=95.28%, 50=1.95%
  lat (msec)   : 100=0.08%, 250=0.28%, 500=1.36%, 750=0.50%, 1000=0.25%
  lat (msec)   : 2000=0.23%, >=2000=0.06%
  cpu          : usr=8.54%, sys=42.79%, ctx=135994, majf=0, minf=176
  IO depths    : 1=0.1%, 2=0.1%, 4=0.1%, 8=0.1%, 16=0.1%, 32=0.1%, >=64=100.0%
     submit    : 0=0.0%, 4=100.0%, 8=0.0%, 16=0.0%, 32=0.0%, 64=0.0%, >=64=0.0%
     complete  : 0=0.0%, 4=100.0%, 8=0.0%, 16=0.0%, 32=0.0%, 64=0.0%, >=64=0.1%
     issued rwts: total=5285464,5283256,0,0 short=0,0,0,0 dropped=0,0,0,0
     latency   : target=0, window=0, percentile=100.00%, depth=256

Run status group 0 (all jobs):
   READ: bw=68.8MiB/s (72.2MB/s), 68.8MiB/s-68.8MiB/s (72.2MB/s-72.2MB/s), io=20.2GiB (21.6GB), run=300024-300024msec
  WRITE: bw=68.8MiB/s (72.1MB/s), 68.8MiB/s-68.8MiB/s (72.1MB/s-72.1MB/s), io=20.2GiB (21.6GB), run=300024-300024msec
