test: (g=0): rw=randread, bs=(R) 4096B-4096B, (W) 4096B-4096B, (T) 4096B-4096B, ioengine=libaio, iodepth=256
...
fio-3.27
Starting 16 processes
rand-read: Laying out IO file (1 file / 1024MiB)
rand-read: Laying out IO file (1 file / 1024MiB)
rand-read: Laying out IO file (1 file / 1024MiB)
rand-read: Laying out IO file (1 file / 1024MiB)
rand-read: Laying out IO file (1 file / 1024MiB)
rand-read: Laying out IO file (1 file / 1024MiB)
rand-read: Laying out IO file (1 file / 1024MiB)
rand-read: Laying out IO file (1 file / 1024MiB)

test: (groupid=0, jobs=16): err= 0: pid=139553: Mon Jul 19 19:22:04 2021
  read: IOPS=1087, BW=4351KiB/s (4455kB/s)(1275MiB/300042msec)
    slat (usec): min=453, max=226138, avg=14683.97, stdev=12270.23
    clat (usec): min=13, max=6745.5k, avg=3728452.05, stdev=1053380.76
     lat (msec): min=4, max=6765, avg=3743.14, stdev=1057.15
    clat percentiles (msec):
     |  1.00th=[ 2534],  5.00th=[ 2735], 10.00th=[ 2802], 20.00th=[ 2903],
     | 30.00th=[ 3004], 40.00th=[ 3071], 50.00th=[ 3205], 60.00th=[ 3406],
     | 70.00th=[ 4396], 80.00th=[ 5000], 90.00th=[ 5470], 95.00th=[ 5671],
     | 99.00th=[ 6007], 99.50th=[ 6141], 99.90th=[ 6477], 99.95th=[ 6544],
     | 99.99th=[ 6678]
   bw (  KiB/s): min= 1544, max= 7568, per=99.93%, avg=4348.03, stdev=79.06, samples=9478
   iops        : min=  386, max= 1892, avg=1087.01, stdev=19.77, samples=9478
  lat (usec)   : 20=0.01%, 50=0.01%
  lat (msec)   : 10=0.01%, 20=0.01%, 50=0.01%, 100=0.02%, 250=0.05%
  lat (msec)   : 500=0.06%, 750=0.06%, 1000=0.06%, 2000=0.25%, >=2000=99.48%
  cpu          : usr=0.19%, sys=1.17%, ctx=326552, majf=0, minf=4721
  IO depths    : 1=0.1%, 2=0.1%, 4=0.1%, 8=0.1%, 16=0.1%, 32=0.2%, >=64=99.7%
     submit    : 0=0.0%, 4=100.0%, 8=0.0%, 16=0.0%, 32=0.0%, 64=0.0%, >=64=0.0%
     complete  : 0=0.0%, 4=100.0%, 8=0.0%, 16=0.0%, 32=0.0%, 64=0.0%, >=64=0.1%
     issued rwts: total=326371,0,0,0 short=0,0,0,0 dropped=0,0,0,0
     latency   : target=0, window=0, percentile=100.00%, depth=256

Run status group 0 (all jobs):
   READ: bw=4351KiB/s (4455kB/s), 4351KiB/s-4351KiB/s (4455kB/s-4455kB/s), io=1275MiB (1337MB), run=300042-300042msec
