test: (g=0): rw=randread, bs=(R) 4096B-4096B, (W) 4096B-4096B, (T) 4096B-4096B, ioengine=libaio, iodepth=256
...
fio-3.27
Starting 8 processes
rand-read: Laying out IO file (1 file / 1024MiB)
rand-read: Laying out IO file (1 file / 1024MiB)
rand-read: Laying out IO file (1 file / 1024MiB)
rand-read: Laying out IO file (1 file / 1024MiB)

test: (groupid=0, jobs=8): err= 0: pid=168681: Tue Jul 20 11:23:18 2021
  read: IOPS=570, BW=2282KiB/s (2337kB/s)(669MiB/300014msec)
    slat (usec): min=517, max=222882, avg=14000.04, stdev=11493.39
    clat (usec): min=13, max=4596.6k, avg=3556231.27, stdev=330028.37
     lat (msec): min=4, max=4621, avg=3570.23, stdev=330.52
    clat percentiles (msec):
     |  1.00th=[ 2869],  5.00th=[ 3205], 10.00th=[ 3306], 20.00th=[ 3373],
     | 30.00th=[ 3440], 40.00th=[ 3507], 50.00th=[ 3540], 60.00th=[ 3608],
     | 70.00th=[ 3675], 80.00th=[ 3742], 90.00th=[ 3876], 95.00th=[ 4010],
     | 99.00th=[ 4212], 99.50th=[ 4279], 99.90th=[ 4463], 99.95th=[ 4463],
     | 99.99th=[ 4530]
   bw (  KiB/s): min=  784, max= 3184, per=99.84%, avg=2278.20, stdev=40.30, samples=4742
   iops        : min=  196, max=  796, avg=569.55, stdev=10.07, samples=4742
  lat (usec)   : 20=0.01%, 50=0.01%
  lat (msec)   : 10=0.01%, 20=0.01%, 50=0.02%, 100=0.03%, 250=0.06%
  lat (msec)   : 500=0.09%, 750=0.09%, 1000=0.09%, 2000=0.34%, >=2000=99.27%
  cpu          : usr=0.20%, sys=1.21%, ctx=171199, majf=0, minf=2361
  IO depths    : 1=0.1%, 2=0.1%, 4=0.1%, 8=0.1%, 16=0.1%, 32=0.1%, >=64=99.7%
     submit    : 0=0.0%, 4=100.0%, 8=0.0%, 16=0.0%, 32=0.0%, 64=0.0%, >=64=0.0%
     complete  : 0=0.0%, 4=100.0%, 8=0.0%, 16=0.0%, 32=0.0%, 64=0.0%, >=64=0.1%
     issued rwts: total=171139,0,0,0 short=0,0,0,0 dropped=0,0,0,0
     latency   : target=0, window=0, percentile=100.00%, depth=256

Run status group 0 (all jobs):
   READ: bw=2282KiB/s (2337kB/s), 2282KiB/s-2282KiB/s (2337kB/s-2337kB/s), io=669MiB (701MB), run=300014-300014msec
