test: (g=0): rw=read, bs=(R) 4096B-4096B, (W) 4096B-4096B, (T) 4096B-4096B, ioengine=libaio, iodepth=256
...
fio-3.27
Starting 16 processes
seq-read: Laying out IO file (1 file / 1024MiB)
seq-read: Laying out IO file (1 file / 1024MiB)
seq-read: Laying out IO file (1 file / 1024MiB)
seq-read: Laying out IO file (1 file / 1024MiB)
seq-read: Laying out IO file (1 file / 1024MiB)
seq-read: Laying out IO file (1 file / 1024MiB)
seq-read: Laying out IO file (1 file / 1024MiB)
seq-read: Laying out IO file (1 file / 1024MiB)

test: (groupid=0, jobs=16): err= 0: pid=250353: Tue Jul 20 14:45:32 2021
  read: IOPS=34.1k, BW=133MiB/s (140MB/s)(39.0GiB/300041msec)
    slat (usec): min=10, max=303855, avg=457.31, stdev=3190.32
    clat (usec): min=10, max=18383k, avg=119484.14, stdev=577518.98
     lat (usec): min=23, max=18443k, avg=119942.38, stdev=579653.72
    clat percentiles (msec):
     |  1.00th=[    5],  5.00th=[    5], 10.00th=[    5], 20.00th=[    5],
     | 30.00th=[    6], 40.00th=[    6], 50.00th=[    6], 60.00th=[    6],
     | 70.00th=[    6], 80.00th=[    6], 90.00th=[   26], 95.00th=[  986],
     | 99.00th=[ 2500], 99.50th=[ 3608], 99.90th=[ 7483], 99.95th=[ 8792],
     | 99.99th=[14832]
   bw (  KiB/s): min=  472, max=2184896, per=100.00%, avg=141449.10, stdev=22879.31, samples=9538
   iops        : min=  118, max=546224, avg=35361.76, stdev=5719.83, samples=9538
  lat (usec)   : 20=0.01%, 50=0.01%, 100=0.01%, 250=0.01%, 500=0.01%
  lat (usec)   : 750=0.01%, 1000=0.01%
  lat (msec)   : 2=0.01%, 4=0.01%, 10=81.33%, 20=6.92%, 50=5.41%
  lat (msec)   : 100=0.07%, 250=0.02%, 500=0.01%, 750=0.03%, 1000=1.31%
  lat (msec)   : 2000=3.46%, >=2000=1.44%
  cpu          : usr=2.03%, sys=6.66%, ctx=630478, majf=0, minf=4729
  IO depths    : 1=0.1%, 2=0.1%, 4=0.1%, 8=0.1%, 16=0.1%, 32=0.1%, >=64=100.0%
     submit    : 0=0.0%, 4=100.0%, 8=0.0%, 16=0.0%, 32=0.0%, 64=0.0%, >=64=0.0%
     complete  : 0=0.0%, 4=100.0%, 8=0.0%, 16=0.0%, 32=0.0%, 64=0.0%, >=64=0.1%
     issued rwts: total=10235847,0,0,0 short=0,0,0,0 dropped=0,0,0,0
     latency   : target=0, window=0, percentile=100.00%, depth=256

Run status group 0 (all jobs):
   READ: bw=133MiB/s (140MB/s), 133MiB/s-133MiB/s (140MB/s-140MB/s), io=39.0GiB (41.9GB), run=300041-300041msec
