readwrite: (g=0): rw=rw, bs=(R) 4096B-4096B, (W) 4096B-4096B, (T) 4096B-4096B, ioengine=libaio, iodepth=256
...
fio-3.27
Starting 2 processes
readwrite: Laying out IO file (1 file / 1024MiB)

readwrite: (groupid=0, jobs=2): err= 0: pid=261080: Wed Jul 21 16:46:43 2021
  read: IOPS=7415, BW=29.0MiB/s (30.4MB/s)(8690MiB/300001msec)
    slat (usec): min=7, max=300499, avg=171.97, stdev=2849.78
    clat (usec): min=14, max=8481.3k, avg=34587.51, stdev=264422.58
     lat (usec): min=103, max=8499.2k, avg=34760.19, stdev=266387.46
    clat percentiles (msec):
     |  1.00th=[   12],  5.00th=[   13], 10.00th=[   13], 20.00th=[   13],
     | 30.00th=[   14], 40.00th=[   14], 50.00th=[   14], 60.00th=[   14],
     | 70.00th=[   14], 80.00th=[   14], 90.00th=[   15], 95.00th=[   15],
     | 99.00th=[  157], 99.50th=[ 1972], 99.90th=[ 4463], 99.95th=[ 5201],
     | 99.99th=[ 6879]
   bw (  KiB/s): min=   16, max=82408, per=100.00%, avg=29715.00, stdev=13172.48, samples=1195
   iops        : min=    4, max=20602, avg=7428.70, stdev=3293.11, samples=1195
  write: IOPS=7412, BW=29.0MiB/s (30.4MB/s)(8687MiB/300001msec); 0 zone resets
    slat (usec): min=68, max=140950, avg=77.34, stdev=99.77
    clat (usec): min=11, max=8499.0k, avg=34178.12, stdev=261405.59
     lat (usec): min=83, max=8499.1k, avg=34256.54, stdev=261407.26
    clat percentiles (msec):
     |  1.00th=[   12],  5.00th=[   13], 10.00th=[   13], 20.00th=[   13],
     | 30.00th=[   14], 40.00th=[   14], 50.00th=[   14], 60.00th=[   14],
     | 70.00th=[   14], 80.00th=[   14], 90.00th=[   15], 95.00th=[   15],
     | 99.00th=[  155], 99.50th=[ 1938], 99.90th=[ 4396], 99.95th=[ 5201],
     | 99.99th=[ 6812]
   bw (  KiB/s): min=   32, max=81482, per=100.00%, avg=29749.32, stdev=13151.95, samples=1194
   iops        : min=    8, max=20370, avg=7437.26, stdev=3287.97, samples=1194
  lat (usec)   : 20=0.01%, 100=0.01%, 250=0.01%, 500=0.01%, 750=0.01%
  lat (usec)   : 1000=0.01%
  lat (msec)   : 2=0.01%, 4=0.01%, 10=0.01%, 20=97.62%, 50=0.94%
  lat (msec)   : 100=0.08%, 250=0.58%, 500=0.06%, 750=0.03%, 1000=0.03%
  lat (msec)   : 2000=0.17%, >=2000=0.49%
  cpu          : usr=6.91%, sys=34.37%, ctx=28623, majf=0, minf=90
  IO depths    : 1=0.1%, 2=0.1%, 4=0.1%, 8=0.1%, 16=0.1%, 32=0.1%, >=64=100.0%
     submit    : 0=0.0%, 4=100.0%, 8=0.0%, 16=0.0%, 32=0.0%, 64=0.0%, >=64=0.0%
     complete  : 0=0.0%, 4=100.0%, 8=0.0%, 16=0.0%, 32=0.0%, 64=0.0%, >=64=0.1%
     issued rwts: total=2224577,2223837,0,0 short=0,0,0,0 dropped=0,0,0,0
     latency   : target=0, window=0, percentile=100.00%, depth=256

Run status group 0 (all jobs):
   READ: bw=29.0MiB/s (30.4MB/s), 29.0MiB/s-29.0MiB/s (30.4MB/s-30.4MB/s), io=8690MiB (9112MB), run=300001-300001msec
  WRITE: bw=29.0MiB/s (30.4MB/s), 29.0MiB/s-29.0MiB/s (30.4MB/s-30.4MB/s), io=8687MiB (9109MB), run=300001-300001msec
