readwrite: (g=0): rw=rw, bs=(R) 4096B-4096B, (W) 4096B-4096B, (T) 4096B-4096B, ioengine=libaio, iodepth=256
fio-3.27
Starting 1 process
readwrite: Laying out IO file (1 file / 1024MiB)

readwrite: (groupid=0, jobs=1): err= 0: pid=89444: Wed Jul 21 19:21:48 2021
  read: IOPS=7838, BW=30.6MiB/s (32.1MB/s)(9185MiB/300001msec)
    slat (usec): min=7, max=75080, avg=34.45, stdev=398.46
    clat (usec): min=10, max=932014, avg=16271.88, stdev=23887.75
     lat (usec): min=21, max=932025, avg=16307.15, stdev=23958.25
    clat percentiles (msec):
     |  1.00th=[   12],  5.00th=[   13], 10.00th=[   13], 20.00th=[   13],
     | 30.00th=[   13], 40.00th=[   13], 50.00th=[   14], 60.00th=[   14],
     | 70.00th=[   14], 80.00th=[   14], 90.00th=[   14], 95.00th=[   26],
     | 99.00th=[  111], 99.50th=[  129], 99.90th=[  182], 99.95th=[  262],
     | 99.99th=[  919]
   bw (  KiB/s): min=   16, max=42728, per=100.00%, avg=31671.27, stdev=12199.36, samples=593
   iops        : min=    4, max=10682, avg=7917.72, stdev=3049.81, samples=593
  write: IOPS=7833, BW=30.6MiB/s (32.1MB/s)(9180MiB/300001msec); 0 zone resets
    slat (usec): min=67, max=3761, avg=71.48, stdev=12.86
    clat (usec): min=30, max=931946, avg=16274.60, stdev=23722.28
     lat (usec): min=101, max=932016, avg=16347.18, stdev=23723.77
    clat percentiles (msec):
     |  1.00th=[   12],  5.00th=[   13], 10.00th=[   13], 20.00th=[   13],
     | 30.00th=[   13], 40.00th=[   13], 50.00th=[   14], 60.00th=[   14],
     | 70.00th=[   14], 80.00th=[   14], 90.00th=[   14], 95.00th=[   26],
     | 99.00th=[  111], 99.50th=[  129], 99.90th=[  182], 99.95th=[  262],
     | 99.99th=[  911]
   bw (  KiB/s): min=   16, max=41528, per=100.00%, avg=31653.21, stdev=12170.40, samples=593
   iops        : min=    4, max=10382, avg=7913.18, stdev=3042.55, samples=593
  lat (usec)   : 20=0.01%, 50=0.01%, 250=0.01%, 500=0.01%, 750=0.01%
  lat (usec)   : 1000=0.01%
  lat (msec)   : 2=0.01%, 4=0.01%, 10=0.01%, 20=94.79%, 50=2.92%
  lat (msec)   : 100=0.84%, 250=1.39%, 500=0.01%, 750=0.01%, 1000=0.04%
  cpu          : usr=15.31%, sys=73.73%, ctx=51148, majf=0, minf=44
  IO depths    : 1=0.1%, 2=0.1%, 4=0.1%, 8=0.1%, 16=0.1%, 32=0.1%, >=64=100.0%
     submit    : 0=0.0%, 4=100.0%, 8=0.0%, 16=0.0%, 32=0.0%, 64=0.0%, >=64=0.0%
     complete  : 0=0.0%, 4=100.0%, 8=0.0%, 16=0.0%, 32=0.0%, 64=0.0%, >=64=0.1%
     issued rwts: total=2351441,2350034,0,0 short=0,0,0,0 dropped=0,0,0,0
     latency   : target=0, window=0, percentile=100.00%, depth=256

Run status group 0 (all jobs):
   READ: bw=30.6MiB/s (32.1MB/s), 30.6MiB/s-30.6MiB/s (32.1MB/s-32.1MB/s), io=9185MiB (9632MB), run=300001-300001msec
  WRITE: bw=30.6MiB/s (32.1MB/s), 30.6MiB/s-30.6MiB/s (32.1MB/s-32.1MB/s), io=9180MiB (9626MB), run=300001-300001msec
