test: (g=0): rw=read, bs=(R) 4096B-4096B, (W) 4096B-4096B, (T) 4096B-4096B, ioengine=libaio, iodepth=256
fio-3.27
Starting 1 process
test: Laying out IO file (1 file / 1024MiB)

test: (groupid=0, jobs=1): err= 0: pid=216477: Tue Jul 20 13:17:49 2021
  read: IOPS=33.0k, BW=129MiB/s (135MB/s)(37.7GiB/300011msec)
    slat (usec): min=10, max=62355, avg=19.19, stdev=339.58
    clat (usec): min=26, max=994736, avg=7733.99, stdev=29143.22
     lat (msec): min=4, max=994, avg= 7.75, stdev=29.15
    clat percentiles (msec):
     |  1.00th=[    5],  5.00th=[    5], 10.00th=[    5], 20.00th=[    5],
     | 30.00th=[    5], 40.00th=[    5], 50.00th=[    5], 60.00th=[    5],
     | 70.00th=[    6], 80.00th=[    6], 90.00th=[   16], 95.00th=[   26],
     | 99.00th=[   27], 99.50th=[   27], 99.90th=[  359], 99.95th=[  911],
     | 99.99th=[  944]
   bw (  KiB/s): min=    8, max=165776, per=100.00%, avg=137212.35, stdev=49260.43, samples=576
   iops        : min=    2, max=41444, avg=34303.09, stdev=12315.11, samples=576
  lat (usec)   : 50=0.01%
  lat (msec)   : 10=89.32%, 20=4.58%, 50=5.93%, 100=0.01%, 250=0.04%
  lat (msec)   : 500=0.03%, 1000=0.10%
  cpu          : usr=27.76%, sys=70.12%, ctx=7567, majf=0, minf=294
  IO depths    : 1=0.1%, 2=0.1%, 4=0.1%, 8=0.1%, 16=0.1%, 32=0.1%, >=64=100.0%
     submit    : 0=0.0%, 4=100.0%, 8=0.0%, 16=0.0%, 32=0.0%, 64=0.0%, >=64=0.0%
     complete  : 0=0.0%, 4=100.0%, 8=0.0%, 16=0.0%, 32=0.0%, 64=0.0%, >=64=0.1%
     issued rwts: total=9891841,0,0,0 short=0,0,0,0 dropped=0,0,0,0
     latency   : target=0, window=0, percentile=100.00%, depth=256

Run status group 0 (all jobs):
   READ: bw=129MiB/s (135MB/s), 129MiB/s-129MiB/s (135MB/s-135MB/s), io=37.7GiB (40.5GB), run=300011-300011msec
