readwrite: (g=0): rw=rw, bs=(R) 4096B-4096B, (W) 4096B-4096B, (T) 4096B-4096B, ioengine=libaio, iodepth=256
...
fio-3.27
Starting 2 processes
readwrite: Laying out IO file (1 file / 1024MiB)

readwrite: (groupid=0, jobs=2): err= 0: pid=62781: Wed Jul 21 16:46:43 2021
  read: IOPS=9688, BW=37.8MiB/s (39.7MB/s)(11.1GiB/300001msec)
    slat (usec): min=7, max=499227, avg=109.93, stdev=2457.13
    clat (usec): min=12, max=10297k, avg=26544.15, stdev=255338.08
     lat (usec): min=104, max=10332k, avg=26654.79, stdev=257230.16
    clat percentiles (msec):
     |  1.00th=[   12],  5.00th=[   13], 10.00th=[   13], 20.00th=[   13],
     | 30.00th=[   13], 40.00th=[   14], 50.00th=[   14], 60.00th=[   14],
     | 70.00th=[   14], 80.00th=[   14], 90.00th=[   15], 95.00th=[   15],
     | 99.00th=[   35], 99.50th=[  138], 99.90th=[ 5067], 99.95th=[ 6342],
     | 99.99th=[ 8792]
   bw (  KiB/s): min=   80, max=82920, per=100.00%, avg=39088.64, stdev=7275.02, samples=1191
   iops        : min=   20, max=20730, avg=9772.16, stdev=1818.76, samples=1191
  write: IOPS=9682, BW=37.8MiB/s (39.7MB/s)(11.1GiB/300001msec); 0 zone resets
    slat (usec): min=68, max=102608, avg=75.76, stdev=84.17
    clat (usec): min=11, max=10273k, avg=26099.86, stdev=250402.60
     lat (usec): min=84, max=10273k, avg=26176.71, stdev=250403.98
    clat percentiles (msec):
     |  1.00th=[   12],  5.00th=[   13], 10.00th=[   13], 20.00th=[   13],
     | 30.00th=[   13], 40.00th=[   14], 50.00th=[   14], 60.00th=[   14],
     | 70.00th=[   14], 80.00th=[   14], 90.00th=[   15], 95.00th=[   15],
     | 99.00th=[   35], 99.50th=[  133], 99.90th=[ 4933], 99.95th=[ 6275],
     | 99.99th=[ 8792]
   bw (  KiB/s): min=   96, max=82256, per=100.00%, avg=39066.48, stdev=7278.31, samples=1191
   iops        : min=   24, max=20564, avg=9766.62, stdev=1819.58, samples=1191
  lat (usec)   : 20=0.01%, 100=0.01%, 250=0.01%, 500=0.01%, 750=0.01%
  lat (usec)   : 1000=0.01%
  lat (msec)   : 2=0.01%, 4=0.01%, 10=0.01%, 20=97.93%, 50=1.33%
  lat (msec)   : 100=0.10%, 250=0.28%, 500=0.04%, 750=0.02%, 1000=0.04%
  lat (msec)   : 2000=0.04%, >=2000=0.23%
  cpu          : usr=9.20%, sys=44.18%, ctx=17034, majf=0, minf=89
  IO depths    : 1=0.1%, 2=0.1%, 4=0.1%, 8=0.1%, 16=0.1%, 32=0.1%, >=64=100.0%
     submit    : 0=0.0%, 4=100.0%, 8=0.0%, 16=0.0%, 32=0.0%, 64=0.0%, >=64=0.0%
     complete  : 0=0.0%, 4=100.0%, 8=0.0%, 16=0.0%, 32=0.0%, 64=0.0%, >=64=0.1%
     issued rwts: total=2906493,2904831,0,0 short=0,0,0,0 dropped=0,0,0,0
     latency   : target=0, window=0, percentile=100.00%, depth=256

Run status group 0 (all jobs):
   READ: bw=37.8MiB/s (39.7MB/s), 37.8MiB/s-37.8MiB/s (39.7MB/s-39.7MB/s), io=11.1GiB (11.9GB), run=300001-300001msec
  WRITE: bw=37.8MiB/s (39.7MB/s), 37.8MiB/s-37.8MiB/s (39.7MB/s-39.7MB/s), io=11.1GiB (11.9GB), run=300001-300001msec
