test: (g=0): rw=read, bs=(R) 4096B-4096B, (W) 4096B-4096B, (T) 4096B-4096B, ioengine=libaio, iodepth=256
...
fio-3.27
Starting 16 processes
seq-read: Laying out IO file (1 file / 1024MiB)
seq-read: Laying out IO file (1 file / 1024MiB)
seq-read: Laying out IO file (1 file / 1024MiB)
seq-read: Laying out IO file (1 file / 1024MiB)
seq-read: Laying out IO file (1 file / 1024MiB)
seq-read: Laying out IO file (1 file / 1024MiB)
seq-read: Laying out IO file (1 file / 1024MiB)
seq-read: Laying out IO file (1 file / 1024MiB)

test: (groupid=0, jobs=16): err= 0: pid=26430: Tue Jul 20 15:48:26 2021
  read: IOPS=26.4k, BW=103MiB/s (108MB/s)(30.2GiB/300012msec)
    slat (usec): min=10, max=389365, avg=593.18, stdev=4722.04
    clat (usec): min=10, max=36486k, avg=154094.66, stdev=1000821.68
     lat (usec): min=22, max=36634k, avg=154688.82, stdev=1004598.06
    clat percentiles (msec):
     |  1.00th=[    5],  5.00th=[    5], 10.00th=[    5], 20.00th=[    5],
     | 30.00th=[    6], 40.00th=[    6], 50.00th=[    6], 60.00th=[    6],
     | 70.00th=[   13], 80.00th=[   17], 90.00th=[   27], 95.00th=[ 1183],
     | 99.00th=[ 2072], 99.50th=[ 4111], 99.90th=[15368], 99.95th=[17113],
     | 99.99th=[17113]
   bw (  KiB/s): min=  344, max=2302425, per=100.00%, avg=107822.04, stdev=22099.93, samples=9529
   iops        : min=   86, max=575606, avg=26955.47, stdev=5524.98, samples=9529
  lat (usec)   : 20=0.01%, 50=0.01%, 100=0.01%, 250=0.01%, 500=0.01%
  lat (usec)   : 750=0.01%, 1000=0.01%
  lat (msec)   : 2=0.01%, 4=0.01%, 10=69.44%, 20=18.75%, 50=4.76%
  lat (msec)   : 100=0.16%, 250=0.06%, 500=0.02%, 750=0.01%, 1000=0.15%
  lat (msec)   : 2000=5.55%, >=2000=1.07%
  cpu          : usr=1.63%, sys=6.33%, ctx=532618, majf=0, minf=4736
  IO depths    : 1=0.1%, 2=0.1%, 4=0.1%, 8=0.1%, 16=0.1%, 32=0.1%, >=64=100.0%
     submit    : 0=0.0%, 4=100.0%, 8=0.0%, 16=0.0%, 32=0.0%, 64=0.0%, >=64=0.0%
     complete  : 0=0.0%, 4=100.0%, 8=0.0%, 16=0.0%, 32=0.0%, 64=0.0%, >=64=0.1%
     issued rwts: total=7928606,0,0,0 short=0,0,0,0 dropped=0,0,0,0
     latency   : target=0, window=0, percentile=100.00%, depth=256

Run status group 0 (all jobs):
   READ: bw=103MiB/s (108MB/s), 103MiB/s-103MiB/s (108MB/s-108MB/s), io=30.2GiB (32.5GB), run=300012-300012msec
