test: (g=0): rw=read, bs=(R) 4096B-4096B, (W) 4096B-4096B, (T) 4096B-4096B, ioengine=libaio, iodepth=256
...
fio-3.27
Starting 16 processes
seq-read: Laying out IO file (1 file / 1024MiB)
seq-read: Laying out IO file (1 file / 1024MiB)
seq-read: Laying out IO file (1 file / 1024MiB)
seq-read: Laying out IO file (1 file / 1024MiB)
seq-read: Laying out IO file (1 file / 1024MiB)
seq-read: Laying out IO file (1 file / 1024MiB)
seq-read: Laying out IO file (1 file / 1024MiB)
seq-read: Laying out IO file (1 file / 1024MiB)

test: (groupid=0, jobs=16): err= 0: pid=230632: Tue Jul 20 14:45:32 2021
  read: IOPS=35.5k, BW=139MiB/s (145MB/s)(40.6GiB/300010msec)
    slat (usec): min=10, max=504791, avg=439.07, stdev=2803.05
    clat (usec): min=10, max=17687k, avg=114915.88, stdev=520493.62
     lat (usec): min=22, max=17760k, avg=115355.90, stdev=522411.66
    clat percentiles (msec):
     |  1.00th=[    5],  5.00th=[    5], 10.00th=[    5], 20.00th=[    5],
     | 30.00th=[    6], 40.00th=[    6], 50.00th=[    6], 60.00th=[    6],
     | 70.00th=[    6], 80.00th=[   10], 90.00th=[   27], 95.00th=[  936],
     | 99.00th=[ 2232], 99.50th=[ 3239], 99.90th=[ 7349], 99.95th=[ 9194],
     | 99.99th=[11879]
   bw (  KiB/s): min=  352, max=2476801, per=100.00%, avg=145339.91, stdev=23939.06, samples=9547
   iops        : min=   88, max=619199, avg=36333.95, stdev=5984.76, samples=9547
  lat (usec)   : 20=0.01%, 50=0.01%, 100=0.01%, 250=0.01%, 500=0.01%
  lat (usec)   : 750=0.01%, 1000=0.01%
  lat (msec)   : 2=0.01%, 4=0.01%, 10=80.06%, 20=6.70%, 50=5.34%
  lat (msec)   : 100=0.07%, 250=0.01%, 500=0.01%, 750=0.29%, 1000=4.25%
  lat (msec)   : 2000=2.19%, >=2000=1.07%
  cpu          : usr=2.17%, sys=7.57%, ctx=821528, majf=0, minf=4731
  IO depths    : 1=0.1%, 2=0.1%, 4=0.1%, 8=0.1%, 16=0.1%, 32=0.1%, >=64=100.0%
     submit    : 0=0.0%, 4=100.0%, 8=0.0%, 16=0.0%, 32=0.0%, 64=0.0%, >=64=0.0%
     complete  : 0=0.0%, 4=100.0%, 8=0.0%, 16=0.0%, 32=0.0%, 64=0.0%, >=64=0.1%
     issued rwts: total=10641085,0,0,0 short=0,0,0,0 dropped=0,0,0,0
     latency   : target=0, window=0, percentile=100.00%, depth=256

Run status group 0 (all jobs):
   READ: bw=139MiB/s (145MB/s), 139MiB/s-139MiB/s (145MB/s-145MB/s), io=40.6GiB (43.6GB), run=300010-300010msec
