test: (g=0): rw=randread, bs=(R) 4096B-4096B, (W) 4096B-4096B, (T) 4096B-4096B, ioengine=libaio, iodepth=256
fio-3.27
Starting 1 process
test: Laying out IO file (1 file / 1024MiB)

test: (groupid=0, jobs=1): err= 0: pid=153201: Tue Jul 20 11:05:16 2021
  read: IOPS=166, BW=668KiB/s (684kB/s)(196MiB/300008msec)
    slat (usec): min=461, max=414294, avg=5972.62, stdev=4799.44
    clat (usec): min=13, max=2109.3k, avg=1523628.44, stdev=102200.95
     lat (msec): min=9, max=2115, avg=1529.60, stdev=102.33
    clat percentiles (msec):
     |  1.00th=[ 1351],  5.00th=[ 1401], 10.00th=[ 1435], 20.00th=[ 1469],
     | 30.00th=[ 1485], 40.00th=[ 1502], 50.00th=[ 1519], 60.00th=[ 1536],
     | 70.00th=[ 1552], 80.00th=[ 1586], 90.00th=[ 1620], 95.00th=[ 1653],
     | 99.00th=[ 1754], 99.50th=[ 1938], 99.90th=[ 2056], 99.95th=[ 2089],
     | 99.99th=[ 2106]
   bw (  KiB/s): min=  280, max=  824, per=99.89%, avg=667.99, stdev=57.54, samples=596
   iops        : min=   70, max=  206, avg=167.00, stdev=14.39, samples=596
  lat (usec)   : 20=0.01%
  lat (msec)   : 10=0.01%, 20=0.01%, 50=0.01%, 100=0.02%, 250=0.04%
  lat (msec)   : 500=0.09%, 750=0.06%, 1000=0.09%, 2000=99.51%, >=2000=0.17%
  cpu          : usr=0.37%, sys=2.33%, ctx=50091, majf=0, minf=294
  IO depths    : 1=0.1%, 2=0.1%, 4=0.1%, 8=0.1%, 16=0.1%, 32=0.1%, >=64=99.9%
     submit    : 0=0.0%, 4=100.0%, 8=0.0%, 16=0.0%, 32=0.0%, 64=0.0%, >=64=0.0%
     complete  : 0=0.0%, 4=100.0%, 8=0.0%, 16=0.0%, 32=0.0%, 64=0.0%, >=64=0.1%
     issued rwts: total=50079,0,0,0 short=0,0,0,0 dropped=0,0,0,0
     latency   : target=0, window=0, percentile=100.00%, depth=256

Run status group 0 (all jobs):
   READ: bw=668KiB/s (684kB/s), 668KiB/s-668KiB/s (684kB/s-684kB/s), io=196MiB (205MB), run=300008-300008msec
