test: (g=0): rw=read, bs=(R) 4096B-4096B, (W) 4096B-4096B, (T) 4096B-4096B, ioengine=libaio, iodepth=256
fio-3.27
Starting 1 process
test: Laying out IO file (1 file / 1024MiB)

test: (groupid=0, jobs=1): err= 0: pid=2029: Tue Jul 20 14:19:00 2021
  read: IOPS=32.4k, BW=126MiB/s (133MB/s)(37.0GiB/300001msec)
    slat (usec): min=10, max=158110, avg=19.67, stdev=384.46
    clat (usec): min=10, max=1126.6k, avg=7875.58, stdev=31205.17
     lat (usec): min=22, max=1126.7k, avg=7896.04, stdev=31213.42
    clat percentiles (msec):
     |  1.00th=[    5],  5.00th=[    5], 10.00th=[    5], 20.00th=[    5],
     | 30.00th=[    5], 40.00th=[    6], 50.00th=[    6], 60.00th=[    6],
     | 70.00th=[    6], 80.00th=[    6], 90.00th=[   16], 95.00th=[   26],
     | 99.00th=[   27], 99.50th=[   27], 99.90th=[  317], 99.95th=[  961],
     | 99.99th=[ 1053]
   bw (  KiB/s): min=    8, max=164168, per=100.00%, avg=135672.88, stdev=49855.60, samples=572
   iops        : min=    2, max=41042, avg=33918.20, stdev=12463.89, samples=572
  lat (usec)   : 20=0.01%, 50=0.01%, 100=0.01%, 250=0.01%, 500=0.01%
  lat (usec)   : 750=0.01%, 1000=0.01%
  lat (msec)   : 2=0.01%, 4=0.01%, 10=88.94%, 20=4.97%, 50=5.88%
  lat (msec)   : 100=0.04%, 250=0.06%, 500=0.01%, 1000=0.06%, 2000=0.03%
  cpu          : usr=27.09%, sys=70.02%, ctx=7466, majf=0, minf=294
  IO depths    : 1=0.1%, 2=0.1%, 4=0.1%, 8=0.1%, 16=0.1%, 32=0.1%, >=64=100.0%
     submit    : 0=0.0%, 4=100.0%, 8=0.0%, 16=0.0%, 32=0.0%, 64=0.0%, >=64=0.0%
     complete  : 0=0.0%, 4=100.0%, 8=0.0%, 16=0.0%, 32=0.0%, 64=0.0%, >=64=0.1%
     issued rwts: total=9710552,0,0,0 short=0,0,0,0 dropped=0,0,0,0
     latency   : target=0, window=0, percentile=100.00%, depth=256

Run status group 0 (all jobs):
   READ: bw=126MiB/s (133MB/s), 126MiB/s-126MiB/s (133MB/s-133MB/s), io=37.0GiB (39.8GB), run=300001-300001msec
