test: (g=0): rw=randread, bs=(R) 4096B-4096B, (W) 4096B-4096B, (T) 4096B-4096B, ioengine=libaio, iodepth=256
...
fio-3.27
Starting 4 processes
rand-read: Laying out IO file (1 file / 1024MiB)
rand-read: Laying out IO file (1 file / 1024MiB)

test: (groupid=0, jobs=4): err= 0: pid=172882: Tue Jul 20 11:16:42 2021
  read: IOPS=442, BW=1770KiB/s (1813kB/s)(519MiB/300021msec)
    slat (usec): min=461, max=112212, avg=9016.08, stdev=6659.49
    clat (usec): min=18, max=2703.8k, avg=2295924.93, stdev=160434.02
     lat (msec): min=4, max=2707, avg=2304.94, stdev=160.59
    clat percentiles (msec):
     |  1.00th=[ 2005],  5.00th=[ 2123], 10.00th=[ 2165], 20.00th=[ 2198],
     | 30.00th=[ 2232], 40.00th=[ 2265], 50.00th=[ 2299], 60.00th=[ 2333],
     | 70.00th=[ 2366], 80.00th=[ 2400], 90.00th=[ 2433], 95.00th=[ 2500],
     | 99.00th=[ 2567], 99.50th=[ 2601], 99.90th=[ 2635], 99.95th=[ 2635],
     | 99.99th=[ 2668]
   bw (  KiB/s): min=  680, max= 2296, per=99.93%, avg=1769.78, stdev=45.00, samples=2380
   iops        : min=  170, max=  574, avg=442.44, stdev=11.25, samples=2380
  lat (usec)   : 20=0.01%, 50=0.01%
  lat (msec)   : 10=0.01%, 20=0.01%, 50=0.01%, 100=0.02%, 250=0.05%
  lat (msec)   : 500=0.08%, 750=0.08%, 1000=0.08%, 2000=0.62%, >=2000=99.06%
  cpu          : usr=0.27%, sys=1.76%, ctx=132813, majf=0, minf=1182
  IO depths    : 1=0.1%, 2=0.1%, 4=0.1%, 8=0.1%, 16=0.1%, 32=0.1%, >=64=99.8%
     submit    : 0=0.0%, 4=100.0%, 8=0.0%, 16=0.0%, 32=0.0%, 64=0.0%, >=64=0.0%
     complete  : 0=0.0%, 4=100.0%, 8=0.0%, 16=0.0%, 32=0.0%, 64=0.0%, >=64=0.1%
     issued rwts: total=132780,0,0,0 short=0,0,0,0 dropped=0,0,0,0
     latency   : target=0, window=0, percentile=100.00%, depth=256

Run status group 0 (all jobs):
   READ: bw=1770KiB/s (1813kB/s), 1770KiB/s-1770KiB/s (1813kB/s-1813kB/s), io=519MiB (544MB), run=300021-300021msec
