test: (g=0): rw=randread, bs=(R) 4096B-4096B, (W) 4096B-4096B, (T) 4096B-4096B, ioengine=libaio, iodepth=256
...
fio-3.27
Starting 2 processes
rand-read: Laying out IO file (1 file / 1024MiB)

test: (groupid=0, jobs=2): err= 0: pid=197295: Mon Jul 19 21:55:06 2021
  read: IOPS=301, BW=1207KiB/s (1236kB/s)(354MiB/300004msec)
    slat (usec): min=449, max=94866, avg=6606.46, stdev=4426.77
    clat (usec): min=13, max=1990.5k, avg=1685380.86, stdev=104959.85
     lat (msec): min=6, max=2003, avg=1691.99, stdev=105.07
    clat percentiles (msec):
     |  1.00th=[ 1519],  5.00th=[ 1569], 10.00th=[ 1603], 20.00th=[ 1620],
     | 30.00th=[ 1653], 40.00th=[ 1670], 50.00th=[ 1687], 60.00th=[ 1703],
     | 70.00th=[ 1720], 80.00th=[ 1754], 90.00th=[ 1787], 95.00th=[ 1821],
     | 99.00th=[ 1905], 99.50th=[ 1921], 99.90th=[ 1955], 99.95th=[ 1955],
     | 99.99th=[ 1972]
   bw (  KiB/s): min=  456, max= 1520, per=99.90%, avg=1206.31, stdev=49.83, samples=1193
   iops        : min=  114, max=  380, avg=301.58, stdev=12.46, samples=1193
  lat (usec)   : 20=0.01%
  lat (msec)   : 10=0.01%, 20=0.01%, 50=0.01%, 100=0.02%, 250=0.05%
  lat (msec)   : 500=0.09%, 750=0.07%, 1000=0.07%, 2000=99.68%
  cpu          : usr=0.34%, sys=2.26%, ctx=90567, majf=0, minf=589
  IO depths    : 1=0.1%, 2=0.1%, 4=0.1%, 8=0.1%, 16=0.1%, 32=0.1%, >=64=99.9%
     submit    : 0=0.0%, 4=100.0%, 8=0.0%, 16=0.0%, 32=0.0%, 64=0.0%, >=64=0.0%
     complete  : 0=0.0%, 4=100.0%, 8=0.0%, 16=0.0%, 32=0.0%, 64=0.0%, >=64=0.1%
     issued rwts: total=90545,0,0,0 short=0,0,0,0 dropped=0,0,0,0
     latency   : target=0, window=0, percentile=100.00%, depth=256

Run status group 0 (all jobs):
   READ: bw=1207KiB/s (1236kB/s), 1207KiB/s-1207KiB/s (1236kB/s-1236kB/s), io=354MiB (371MB), run=300004-300004msec
