readwrite: (g=0): rw=rw, bs=(R) 4096B-4096B, (W) 4096B-4096B, (T) 4096B-4096B, ioengine=libaio, iodepth=256
...
fio-3.27
Starting 32 processes
readwrite: Laying out IO file (1 file / 1024MiB)
readwrite: Laying out IO file (1 file / 1024MiB)
readwrite: Laying out IO file (1 file / 1024MiB)
readwrite: Laying out IO file (1 file / 1024MiB)
readwrite: Laying out IO file (1 file / 1024MiB)
readwrite: Laying out IO file (1 file / 1024MiB)
readwrite: Laying out IO file (1 file / 1024MiB)
readwrite: Laying out IO file (1 file / 1024MiB)
readwrite: Laying out IO file (1 file / 1024MiB)
readwrite: Laying out IO file (1 file / 1024MiB)
readwrite: Laying out IO file (1 file / 1024MiB)
readwrite: Laying out IO file (1 file / 1024MiB)
readwrite: Laying out IO file (1 file / 1024MiB)
readwrite: Laying out IO file (1 file / 1024MiB)
readwrite: Laying out IO file (1 file / 1024MiB)
readwrite: Laying out IO file (1 file / 1024MiB)

readwrite: (groupid=0, jobs=32): err= 0: pid=45824: Wed Jul 21 17:59:58 2021
  read: IOPS=37.1k, BW=145MiB/s (152MB/s)(42.5GiB/300629msec)
    slat (usec): min=7, max=2196.6k, avg=754.63, stdev=10726.02
    clat (usec): min=15, max=49228k, avg=110740.45, stdev=1077019.02
     lat (usec): min=105, max=49228k, avg=111495.82, stdev=1084849.77
    clat percentiles (msec):
     |  1.00th=[   13],  5.00th=[   13], 10.00th=[   13], 20.00th=[   14],
     | 30.00th=[   14], 40.00th=[   14], 50.00th=[   14], 60.00th=[   15],
     | 70.00th=[   15], 80.00th=[   15], 90.00th=[   16], 95.00th=[   19],
     | 99.00th=[ 2735], 99.50th=[ 7483], 99.90th=[17113], 99.95th=[17113],
     | 99.99th=[17113]
   bw (  KiB/s): min=  256, max=837744, per=100.00%, avg=153164.58, stdev=8548.35, samples=18228
   iops        : min=   64, max=209436, avg=38291.11, stdev=2137.09, samples=18228
  write: IOPS=37.1k, BW=145MiB/s (152MB/s)(42.5GiB/300629msec); 0 zone resets
    slat (usec): min=68, max=339690, avg=85.75, stdev=691.10
    clat (usec): min=11, max=49228k, avg=108700.68, stdev=1065014.45
     lat (usec): min=85, max=49228k, avg=108787.54, stdev=1065024.27
    clat percentiles (msec):
     |  1.00th=[   13],  5.00th=[   13], 10.00th=[   13], 20.00th=[   14],
     | 30.00th=[   14], 40.00th=[   14], 50.00th=[   14], 60.00th=[   15],
     | 70.00th=[   15], 80.00th=[   15], 90.00th=[   16], 95.00th=[   19],
     | 99.00th=[ 2567], 99.50th=[ 7416], 99.90th=[17113], 99.95th=[17113],
     | 99.99th=[17113]
   bw (  KiB/s): min=  256, max=836320, per=100.00%, avg=153192.14, stdev=8573.07, samples=18182
   iops        : min=   64, max=209080, avg=38298.00, stdev=2143.27, samples=18182
  lat (usec)   : 20=0.01%, 50=0.01%, 100=0.01%, 250=0.01%, 500=0.01%
  lat (usec)   : 750=0.01%, 1000=0.01%
  lat (msec)   : 2=0.01%, 4=0.01%, 10=0.01%, 20=97.03%, 50=1.12%
  lat (msec)   : 100=0.36%, 250=0.20%, 500=0.06%, 750=0.03%, 1000=0.05%
  lat (msec)   : 2000=0.07%, >=2000=1.06%
  cpu          : usr=2.19%, sys=11.33%, ctx=120218, majf=0, minf=1423
  IO depths    : 1=0.1%, 2=0.1%, 4=0.1%, 8=0.1%, 16=0.1%, 32=0.1%, >=64=100.0%
     submit    : 0=0.0%, 4=100.0%, 8=0.0%, 16=0.0%, 32=0.0%, 64=0.0%, >=64=0.0%
     complete  : 0=0.0%, 4=100.0%, 8=0.0%, 16=0.0%, 32=0.0%, 64=0.0%, >=64=0.1%
     issued rwts: total=11145847,11147721,0,0 short=0,0,0,0 dropped=0,0,0,0
     latency   : target=0, window=0, percentile=100.00%, depth=256

Run status group 0 (all jobs):
   READ: bw=145MiB/s (152MB/s), 145MiB/s-145MiB/s (152MB/s-152MB/s), io=42.5GiB (45.7GB), run=300629-300629msec
  WRITE: bw=145MiB/s (152MB/s), 145MiB/s-145MiB/s (152MB/s-152MB/s), io=42.5GiB (45.7GB), run=300629-300629msec
