test: (g=0): rw=randread, bs=(R) 4096B-4096B, (W) 4096B-4096B, (T) 4096B-4096B, ioengine=libaio, iodepth=256
...
fio-3.27
Starting 8 processes
rand-read: Laying out IO file (1 file / 1024MiB)
rand-read: Laying out IO file (1 file / 1024MiB)
rand-read: Laying out IO file (1 file / 1024MiB)
rand-read: Laying out IO file (1 file / 1024MiB)

test: (groupid=0, jobs=8): err= 0: pid=149723: Mon Jul 19 19:17:41 2021
  read: IOPS=501, BW=2008KiB/s (2056kB/s)(588MiB/300017msec)
    slat (usec): min=505, max=241221, avg=15912.91, stdev=13578.27
    clat (usec): min=13, max=5955.1k, avg=4038417.73, stdev=879544.65
     lat (msec): min=6, max=5969, avg=4054.33, stdev=882.54
    clat percentiles (msec):
     |  1.00th=[ 2299],  5.00th=[ 2668], 10.00th=[ 2869], 20.00th=[ 3272],
     | 30.00th=[ 3574], 40.00th=[ 3809], 50.00th=[ 3977], 60.00th=[ 4212],
     | 70.00th=[ 4665], 80.00th=[ 4933], 90.00th=[ 5201], 95.00th=[ 5336],
     | 99.00th=[ 5604], 99.50th=[ 5671], 99.90th=[ 5738], 99.95th=[ 5805],
     | 99.99th=[ 5873]
   bw (  KiB/s): min=  736, max= 3914, per=99.87%, avg=2005.01, stdev=64.39, samples=4735
   iops        : min=  184, max=  978, avg=501.25, stdev=16.10, samples=4735
  lat (usec)   : 20=0.01%, 50=0.01%
  lat (msec)   : 10=0.01%, 20=0.01%, 50=0.01%, 100=0.02%, 250=0.06%
  lat (msec)   : 500=0.11%, 750=0.12%, 1000=0.10%, 2000=0.42%, >=2000=99.15%
  cpu          : usr=0.18%, sys=1.13%, ctx=150666, majf=0, minf=2360
  IO depths    : 1=0.1%, 2=0.1%, 4=0.1%, 8=0.1%, 16=0.1%, 32=0.2%, >=64=99.7%
     submit    : 0=0.0%, 4=100.0%, 8=0.0%, 16=0.0%, 32=0.0%, 64=0.0%, >=64=0.0%
     complete  : 0=0.0%, 4=100.0%, 8=0.0%, 16=0.0%, 32=0.0%, 64=0.0%, >=64=0.1%
     issued rwts: total=150585,0,0,0 short=0,0,0,0 dropped=0,0,0,0
     latency   : target=0, window=0, percentile=100.00%, depth=256

Run status group 0 (all jobs):
   READ: bw=2008KiB/s (2056kB/s), 2008KiB/s-2008KiB/s (2056kB/s-2056kB/s), io=588MiB (617MB), run=300017-300017msec
