readwrite: (g=0): rw=rw, bs=(R) 4096B-4096B, (W) 4096B-4096B, (T) 4096B-4096B, ioengine=libaio, iodepth=256
...
fio-3.27
Starting 2 processes
readwrite: Laying out IO file (1 file / 1024MiB)

readwrite: (groupid=0, jobs=2): err= 0: pid=58475: Wed Jul 21 16:46:43 2021
  read: IOPS=9702, BW=37.9MiB/s (39.7MB/s)(11.1GiB/300005msec)
    slat (usec): min=7, max=320530, avg=109.64, stdev=2166.80
    clat (usec): min=16, max=8101.6k, avg=26430.29, stdev=203123.25
     lat (usec): min=103, max=8127.4k, avg=26540.64, stdev=204616.93
    clat percentiles (msec):
     |  1.00th=[   12],  5.00th=[   13], 10.00th=[   13], 20.00th=[   13],
     | 30.00th=[   13], 40.00th=[   14], 50.00th=[   14], 60.00th=[   14],
     | 70.00th=[   14], 80.00th=[   14], 90.00th=[   15], 95.00th=[   15],
     | 99.00th=[   36], 99.50th=[  243], 99.90th=[ 3473], 99.95th=[ 4245],
     | 99.99th=[ 6007]
   bw (  KiB/s): min=  872, max=82296, per=100.00%, avg=39074.92, stdev=7260.39, samples=1193
   iops        : min=  218, max=20576, avg=9768.69, stdev=1815.10, samples=1193
  write: IOPS=9696, BW=37.9MiB/s (39.7MB/s)(11.1GiB/300005msec); 0 zone resets
    slat (usec): min=68, max=105271, avg=75.79, stdev=86.36
    clat (usec): min=11, max=8092.1k, avg=26123.35, stdev=201381.29
     lat (usec): min=82, max=8092.2k, avg=26200.22, stdev=201382.73
    clat percentiles (msec):
     |  1.00th=[   12],  5.00th=[   13], 10.00th=[   13], 20.00th=[   13],
     | 30.00th=[   13], 40.00th=[   14], 50.00th=[   14], 60.00th=[   14],
     | 70.00th=[   14], 80.00th=[   14], 90.00th=[   15], 95.00th=[   15],
     | 99.00th=[   36], 99.50th=[  222], 99.90th=[ 3473], 99.95th=[ 4212],
     | 99.99th=[ 6074]
   bw (  KiB/s): min=   16, max=82272, per=100.00%, avg=39003.10, stdev=7348.14, samples=1191
   iops        : min=    4, max=20568, avg=9750.73, stdev=1837.03, samples=1191
  lat (usec)   : 20=0.01%, 100=0.01%, 250=0.01%, 500=0.01%, 750=0.01%
  lat (usec)   : 1000=0.01%
  lat (msec)   : 2=0.01%, 4=0.01%, 10=0.01%, 20=97.77%, 50=1.40%
  lat (msec)   : 100=0.07%, 250=0.27%, 500=0.05%, 750=0.01%, 1000=0.03%
  lat (msec)   : 2000=0.08%, >=2000=0.32%
  cpu          : usr=8.97%, sys=44.59%, ctx=20373, majf=0, minf=88
  IO depths    : 1=0.1%, 2=0.1%, 4=0.1%, 8=0.1%, 16=0.1%, 32=0.1%, >=64=100.0%
     submit    : 0=0.0%, 4=100.0%, 8=0.0%, 16=0.0%, 32=0.0%, 64=0.0%, >=64=0.0%
     complete  : 0=0.0%, 4=100.0%, 8=0.0%, 16=0.0%, 32=0.0%, 64=0.0%, >=64=0.1%
     issued rwts: total=2910825,2909074,0,0 short=0,0,0,0 dropped=0,0,0,0
     latency   : target=0, window=0, percentile=100.00%, depth=256

Run status group 0 (all jobs):
   READ: bw=37.9MiB/s (39.7MB/s), 37.9MiB/s-37.9MiB/s (39.7MB/s-39.7MB/s), io=11.1GiB (11.9GB), run=300005-300005msec
  WRITE: bw=37.9MiB/s (39.7MB/s), 37.9MiB/s-37.9MiB/s (39.7MB/s-39.7MB/s), io=11.1GiB (11.9GB), run=300005-300005msec
