readwrite: (g=0): rw=rw, bs=(R) 4096B-4096B, (W) 4096B-4096B, (T) 4096B-4096B, ioengine=libaio, iodepth=256
...
fio-3.27
Starting 4 processes

readwrite: (groupid=0, jobs=4): err= 0: pid=256791: Wed Jul 21 16:26:52 2021
  read: IOPS=6582, BW=25.7MiB/s (27.0MB/s)(7724MiB/300406msec)
    slat (usec): min=7, max=1445.1k, avg=290.78, stdev=9710.24
    clat (usec): min=26, max=13577k, avg=77730.43, stdev=481312.54
     lat (msec): min=10, max=13617, avg=78.02, stdev=483.35
    clat percentiles (msec):
     |  1.00th=[   12],  5.00th=[   13], 10.00th=[   13], 20.00th=[   14],
     | 30.00th=[   14], 40.00th=[   14], 50.00th=[   14], 60.00th=[   15],
     | 70.00th=[   15], 80.00th=[   17], 90.00th=[   19], 95.00th=[  103],
     | 99.00th=[ 1737], 99.50th=[ 3272], 99.90th=[ 7282], 99.95th=[ 8926],
     | 99.99th=[11476]
   bw (  KiB/s): min=   32, max=157512, per=100.00%, avg=28251.11, stdev=11948.32, samples=2231
   iops        : min=    8, max=39378, avg=7062.74, stdev=2987.08, samples=2231
  write: IOPS=6582, BW=25.7MiB/s (27.0MB/s)(7725MiB/300406msec); 0 zone resets
    slat (usec): min=68, max=1348.8k, avg=297.16, stdev=9157.83
    clat (usec): min=25, max=13388k, avg=76906.63, stdev=478638.29
     lat (msec): min=10, max=13387, avg=77.20, stdev=479.81
    clat percentiles (msec):
     |  1.00th=[   12],  5.00th=[   13], 10.00th=[   13], 20.00th=[   14],
     | 30.00th=[   14], 40.00th=[   14], 50.00th=[   14], 60.00th=[   15],
     | 70.00th=[   15], 80.00th=[   16], 90.00th=[   19], 95.00th=[   92],
     | 99.00th=[ 1703], 99.50th=[ 3272], 99.90th=[ 7282], 99.95th=[ 8926],
     | 99.99th=[11476]
   bw (  KiB/s): min=   32, max=155864, per=100.00%, avg=28358.88, stdev=11997.02, samples=2218
   iops        : min=    8, max=38966, avg=7089.69, stdev=2999.26, samples=2218
  lat (usec)   : 50=0.01%
  lat (msec)   : 20=92.80%, 50=1.92%, 100=0.30%, 250=0.83%, 500=1.28%
  lat (msec)   : 750=0.90%, 1000=0.37%, 2000=0.74%, >=2000=0.86%
  cpu          : usr=3.13%, sys=16.35%, ctx=14336, majf=0, minf=176
  IO depths    : 1=0.1%, 2=0.1%, 4=0.1%, 8=0.1%, 16=0.1%, 32=0.1%, >=64=100.0%
     submit    : 0=0.0%, 4=100.0%, 8=0.0%, 16=0.0%, 32=0.0%, 64=0.0%, >=64=0.0%
     complete  : 0=0.0%, 4=100.0%, 8=0.0%, 16=0.0%, 32=0.0%, 64=0.0%, >=64=0.1%
     issued rwts: total=1977344,1977474,0,0 short=0,0,0,0 dropped=0,0,0,0
     latency   : target=0, window=0, percentile=100.00%, depth=256

Run status group 0 (all jobs):
   READ: bw=25.7MiB/s (27.0MB/s), 25.7MiB/s-25.7MiB/s (27.0MB/s-27.0MB/s), io=7724MiB (8099MB), run=300406-300406msec
  WRITE: bw=25.7MiB/s (27.0MB/s), 25.7MiB/s-25.7MiB/s (27.0MB/s-27.0MB/s), io=7725MiB (8100MB), run=300406-300406msec
