test: (g=0): rw=randread, bs=(R) 4096B-4096B, (W) 4096B-4096B, (T) 4096B-4096B, ioengine=libaio, iodepth=256
...
fio-3.27
Starting 2 processes
rand-read: Laying out IO file (1 file / 1024MiB)

test: (groupid=0, jobs=2): err= 0: pid=152340: Tue Jul 20 11:10:51 2021
  read: IOPS=284, BW=1139KiB/s (1166kB/s)(334MiB/300028msec)
    slat (usec): min=463, max=91940, avg=7002.77, stdev=4593.91
    clat (usec): min=17, max=2120.4k, avg=1785274.69, stdev=115311.96
     lat (msec): min=22, max=2129, avg=1792.28, stdev=115.45
    clat percentiles (msec):
     |  1.00th=[ 1603],  5.00th=[ 1670], 10.00th=[ 1687], 20.00th=[ 1720],
     | 30.00th=[ 1754], 40.00th=[ 1770], 50.00th=[ 1787], 60.00th=[ 1804],
     | 70.00th=[ 1838], 80.00th=[ 1854], 90.00th=[ 1905], 95.00th=[ 1938],
     | 99.00th=[ 1989], 99.50th=[ 2022], 99.90th=[ 2056], 99.95th=[ 2072],
     | 99.99th=[ 2106]
   bw (  KiB/s): min=  512, max= 1408, per=99.90%, avg=1138.32, stdev=47.63, samples=1192
   iops        : min=  128, max=  352, avg=284.50, stdev=11.90, samples=1192
  lat (usec)   : 20=0.01%, 50=0.01%
  lat (msec)   : 50=0.01%, 100=0.02%, 250=0.06%, 500=0.09%, 750=0.09%
  lat (msec)   : 1000=0.09%, 2000=98.79%, >=2000=0.86%
  cpu          : usr=0.34%, sys=2.11%, ctx=85465, majf=0, minf=589
  IO depths    : 1=0.1%, 2=0.1%, 4=0.1%, 8=0.1%, 16=0.1%, 32=0.1%, >=64=99.9%
     submit    : 0=0.0%, 4=100.0%, 8=0.0%, 16=0.0%, 32=0.0%, 64=0.0%, >=64=0.0%
     complete  : 0=0.0%, 4=100.0%, 8=0.0%, 16=0.0%, 32=0.0%, 64=0.0%, >=64=0.1%
     issued rwts: total=85441,0,0,0 short=0,0,0,0 dropped=0,0,0,0
     latency   : target=0, window=0, percentile=100.00%, depth=256

Run status group 0 (all jobs):
   READ: bw=1139KiB/s (1166kB/s), 1139KiB/s-1139KiB/s (1166kB/s-1166kB/s), io=334MiB (350MB), run=300028-300028msec
