test: (g=0): rw=randread, bs=(R) 4096B-4096B, (W) 4096B-4096B, (T) 4096B-4096B, ioengine=libaio, iodepth=256
...
fio-3.27
Starting 16 processes
rand-read: Laying out IO file (1 file / 1024MiB)
rand-read: Laying out IO file (1 file / 1024MiB)
rand-read: Laying out IO file (1 file / 1024MiB)
rand-read: Laying out IO file (1 file / 1024MiB)
rand-read: Laying out IO file (1 file / 1024MiB)
rand-read: Laying out IO file (1 file / 1024MiB)
rand-read: Laying out IO file (1 file / 1024MiB)
rand-read: Laying out IO file (1 file / 1024MiB)

test: (groupid=0, jobs=16): err= 0: pid=156757: Tue Jul 20 11:31:17 2021
  read: IOPS=537, BW=2150KiB/s (2202kB/s)(630MiB/300038msec)
    slat (usec): min=585, max=334167, avg=29734.64, stdev=16202.09
    clat (usec): min=15, max=13020k, avg=7489565.36, stdev=1541780.50
     lat (msec): min=4, max=13049, avg=7519.30, stdev=1546.39
    clat percentiles (msec):
     |  1.00th=[ 1737],  5.00th=[ 6208], 10.00th=[ 6342], 20.00th=[ 6544],
     | 30.00th=[ 6745], 40.00th=[ 7013], 50.00th=[ 7282], 60.00th=[ 7483],
     | 70.00th=[ 7819], 80.00th=[ 8154], 90.00th=[ 9329], 95.00th=[10805],
     | 99.00th=[12147], 99.50th=[12416], 99.90th=[12684], 99.95th=[12818],
     | 99.99th=[12953]
   bw (  KiB/s): min=  928, max= 5472, per=99.85%, avg=2147.29, stdev=23.61, samples=9341
   iops        : min=  232, max= 1368, avg=536.82, stdev= 5.90, samples=9341
  lat (usec)   : 20=0.01%, 50=0.01%
  lat (msec)   : 10=0.01%, 20=0.01%, 50=0.03%, 100=0.05%, 250=0.14%
  lat (msec)   : 500=0.27%, 750=0.16%, 1000=0.09%, 2000=0.30%, >=2000=98.92%
  cpu          : usr=0.10%, sys=0.64%, ctx=161400, majf=0, minf=4725
  IO depths    : 1=0.1%, 2=0.1%, 4=0.1%, 8=0.1%, 16=0.2%, 32=0.3%, >=64=99.4%
     submit    : 0=0.0%, 4=100.0%, 8=0.0%, 16=0.0%, 32=0.0%, 64=0.0%, >=64=0.0%
     complete  : 0=0.0%, 4=100.0%, 8=0.0%, 16=0.0%, 32=0.0%, 64=0.0%, >=64=0.1%
     issued rwts: total=161286,0,0,0 short=0,0,0,0 dropped=0,0,0,0
     latency   : target=0, window=0, percentile=100.00%, depth=256

Run status group 0 (all jobs):
   READ: bw=2150KiB/s (2202kB/s), 2150KiB/s-2150KiB/s (2202kB/s-2202kB/s), io=630MiB (661MB), run=300038-300038msec
