test: (g=0): rw=randread, bs=(R) 4096B-4096B, (W) 4096B-4096B, (T) 4096B-4096B, ioengine=libaio, iodepth=256
...
fio-3.27
Starting 64 processes
rand-read: Laying out IO file (1 file / 1024MiB)
rand-read: Laying out IO file (1 file / 1024MiB)
rand-read: Laying out IO file (1 file / 1024MiB)
rand-read: Laying out IO file (1 file / 1024MiB)
rand-read: Laying out IO file (1 file / 1024MiB)
rand-read: Laying out IO file (1 file / 1024MiB)
rand-read: Laying out IO file (1 file / 1024MiB)
rand-read: Laying out IO file (1 file / 1024MiB)
rand-read: Laying out IO file (1 file / 1024MiB)
rand-read: Laying out IO file (1 file / 1024MiB)
rand-read: Laying out IO file (1 file / 1024MiB)
rand-read: Laying out IO file (1 file / 1024MiB)
rand-read: Laying out IO file (1 file / 1024MiB)
rand-read: Laying out IO file (1 file / 1024MiB)
rand-read: Laying out IO file (1 file / 1024MiB)
rand-read: Laying out IO file (1 file / 1024MiB)
rand-read: Laying out IO file (1 file / 1024MiB)
rand-read: Laying out IO file (1 file / 1024MiB)
rand-read: Laying out IO file (1 file / 1024MiB)
rand-read: Laying out IO file (1 file / 1024MiB)
rand-read: Laying out IO file (1 file / 1024MiB)
rand-read: Laying out IO file (1 file / 1024MiB)
rand-read: Laying out IO file (1 file / 1024MiB)
rand-read: Laying out IO file (1 file / 1024MiB)
rand-read: Laying out IO file (1 file / 1024MiB)
rand-read: Laying out IO file (1 file / 1024MiB)
rand-read: Laying out IO file (1 file / 1024MiB)
rand-read: Laying out IO file (1 file / 1024MiB)
rand-read: Laying out IO file (1 file / 1024MiB)
rand-read: Laying out IO file (1 file / 1024MiB)
rand-read: Laying out IO file (1 file / 1024MiB)
rand-read: Laying out IO file (1 file / 1024MiB)

test: (groupid=0, jobs=64): err= 0: pid=161466: Mon Jul 19 19:30:54 2021
  read: IOPS=2487, BW=9949KiB/s (10.2MB/s)(2915MiB/300067msec)
    slat (usec): min=606, max=502380, avg=25700.12, stdev=17543.73
    clat (usec): min=14, max=11089k, avg=6502913.23, stdev=1160338.79
     lat (msec): min=4, max=11138, avg=6528.62, stdev=1163.69
    clat percentiles (msec):
     |  1.00th=[ 2601],  5.00th=[ 5000], 10.00th=[ 5201], 20.00th=[ 5537],
     | 30.00th=[ 5873], 40.00th=[ 6208], 50.00th=[ 6611], 60.00th=[ 6879],
     | 70.00th=[ 7148], 80.00th=[ 7416], 90.00th=[ 7752], 95.00th=[ 8154],
     | 99.00th=[ 9194], 99.50th=[ 9463], 99.90th=[10268], 99.95th=[10402],
     | 99.99th=[10805]
   bw (  KiB/s): min= 3304, max=14864, per=99.64%, avg=9913.05, stdev=25.08, samples=37630
   iops        : min=  826, max= 3716, avg=2478.26, stdev= 6.27, samples=37630
  lat (usec)   : 20=0.01%, 50=0.01%
  lat (msec)   : 10=0.01%, 20=0.01%, 50=0.01%, 100=0.03%, 250=0.07%
  lat (msec)   : 500=0.12%, 750=0.11%, 1000=0.10%, 2000=0.34%, >=2000=99.20%
  cpu          : usr=0.12%, sys=0.72%, ctx=746899, majf=0, minf=18877
  IO depths    : 1=0.1%, 2=0.1%, 4=0.1%, 8=0.1%, 16=0.1%, 32=0.3%, >=64=99.5%
     submit    : 0=0.0%, 4=100.0%, 8=0.0%, 16=0.0%, 32=0.0%, 64=0.0%, >=64=0.0%
     complete  : 0=0.0%, 4=100.0%, 8=0.0%, 16=0.0%, 32=0.0%, 64=0.0%, >=64=0.1%
     issued rwts: total=746329,0,0,0 short=0,0,0,0 dropped=0,0,0,0
     latency   : target=0, window=0, percentile=100.00%, depth=256

Run status group 0 (all jobs):
   READ: bw=9949KiB/s (10.2MB/s), 9949KiB/s-9949KiB/s (10.2MB/s-10.2MB/s), io=2915MiB (3057MB), run=300067-300067msec
