test: (g=0): rw=randread, bs=(R) 4096B-4096B, (W) 4096B-4096B, (T) 4096B-4096B, ioengine=libaio, iodepth=256
fio-3.27
Starting 1 process
test: Laying out IO file (1 file / 1024MiB)

test: (groupid=0, jobs=1): err= 0: pid=161758: Mon Jul 19 19:27:38 2021
  read: IOPS=71, BW=288KiB/s (295kB/s)(84.3MiB/300012msec)
    slat (usec): min=515, max=157245, avg=13884.78, stdev=13166.40
    clat (usec): min=12, max=7486.2k, avg=3517579.20, stdev=1939248.95
     lat (msec): min=18, max=7515, avg=3531.47, stdev=1946.61
    clat percentiles (msec):
     |  1.00th=[ 1485],  5.00th=[ 1519], 10.00th=[ 1552], 20.00th=[ 1603],
     | 30.00th=[ 1670], 40.00th=[ 1804], 50.00th=[ 3910], 60.00th=[ 4111],
     | 70.00th=[ 4329], 80.00th=[ 4530], 90.00th=[ 6879], 95.00th=[ 7080],
     | 99.00th=[ 7215], 99.50th=[ 7282], 99.90th=[ 7416], 99.95th=[ 7416],
     | 99.99th=[ 7483]
   bw (  KiB/s): min=   24, max=  800, per=100.00%, avg=288.41, stdev=180.74, samples=591
   iops        : min=    6, max=  200, avg=72.10, stdev=45.19, samples=591
  lat (usec)   : 20=0.01%
  lat (msec)   : 20=0.01%, 50=0.01%, 100=0.01%, 250=0.02%, 500=0.04%
  lat (msec)   : 750=0.05%, 1000=0.05%, 2000=43.05%, >=2000=56.76%
  cpu          : usr=0.16%, sys=1.08%, ctx=21587, majf=0, minf=294
  IO depths    : 1=0.1%, 2=0.1%, 4=0.1%, 8=0.1%, 16=0.1%, 32=0.1%, >=64=99.7%
     submit    : 0=0.0%, 4=100.0%, 8=0.0%, 16=0.0%, 32=0.0%, 64=0.0%, >=64=0.0%
     complete  : 0=0.0%, 4=100.0%, 8=0.0%, 16=0.0%, 32=0.0%, 64=0.0%, >=64=0.1%
     issued rwts: total=21577,0,0,0 short=0,0,0,0 dropped=0,0,0,0
     latency   : target=0, window=0, percentile=100.00%, depth=256

Run status group 0 (all jobs):
   READ: bw=288KiB/s (295kB/s), 288KiB/s-288KiB/s (295kB/s-295kB/s), io=84.3MiB (88.4MB), run=300012-300012msec
