test: (g=0): rw=randread, bs=(R) 4096B-4096B, (W) 4096B-4096B, (T) 4096B-4096B, ioengine=libaio, iodepth=256
...
fio-3.27
Starting 2 processes
rand-read: Laying out IO file (1 file / 1024MiB)

test: (groupid=0, jobs=2): err= 0: pid=133935: Tue Jul 20 11:10:51 2021
  read: IOPS=285, BW=1142KiB/s (1169kB/s)(335MiB/300009msec)
    slat (usec): min=451, max=72815, avg=6985.04, stdev=4611.03
    clat (usec): min=18, max=2084.4k, avg=1781347.84, stdev=114693.07
     lat (msec): min=8, max=2091, avg=1788.34, stdev=114.82
    clat percentiles (msec):
     |  1.00th=[ 1603],  5.00th=[ 1653], 10.00th=[ 1687], 20.00th=[ 1720],
     | 30.00th=[ 1737], 40.00th=[ 1754], 50.00th=[ 1787], 60.00th=[ 1804],
     | 70.00th=[ 1821], 80.00th=[ 1854], 90.00th=[ 1888], 95.00th=[ 1921],
     | 99.00th=[ 2005], 99.50th=[ 2022], 99.90th=[ 2056], 99.95th=[ 2056],
     | 99.99th=[ 2072]
   bw (  KiB/s): min=  632, max= 1392, per=99.92%, avg=1141.53, stdev=47.57, samples=1192
   iops        : min=  158, max=  348, avg=285.38, stdev=11.89, samples=1192
  lat (usec)   : 20=0.01%, 50=0.01%
  lat (msec)   : 10=0.01%, 20=0.01%, 50=0.01%, 100=0.02%, 250=0.05%
  lat (msec)   : 500=0.09%, 750=0.09%, 1000=0.09%, 2000=98.37%, >=2000=1.28%
  cpu          : usr=0.31%, sys=2.21%, ctx=85667, majf=0, minf=590
  IO depths    : 1=0.1%, 2=0.1%, 4=0.1%, 8=0.1%, 16=0.1%, 32=0.1%, >=64=99.9%
     submit    : 0=0.0%, 4=100.0%, 8=0.0%, 16=0.0%, 32=0.0%, 64=0.0%, >=64=0.0%
     complete  : 0=0.0%, 4=100.0%, 8=0.0%, 16=0.0%, 32=0.0%, 64=0.0%, >=64=0.1%
     issued rwts: total=85647,0,0,0 short=0,0,0,0 dropped=0,0,0,0
     latency   : target=0, window=0, percentile=100.00%, depth=256

Run status group 0 (all jobs):
   READ: bw=1142KiB/s (1169kB/s), 1142KiB/s-1142KiB/s (1169kB/s-1169kB/s), io=335MiB (351MB), run=300009-300009msec
