test: (g=0): rw=randread, bs=(R) 4096B-4096B, (W) 4096B-4096B, (T) 4096B-4096B, ioengine=libaio, iodepth=256
...
fio-3.27
Starting 2 processes
rand-read: Laying out IO file (1 file / 1024MiB)

test: (groupid=0, jobs=2): err= 0: pid=187418: Mon Jul 19 21:55:06 2021
  read: IOPS=300, BW=1202KiB/s (1231kB/s)(352MiB/300011msec)
    slat (usec): min=461, max=126117, avg=6632.37, stdev=4488.71
    clat (usec): min=17, max=2261.3k, avg=1691824.73, stdev=108436.16
     lat (msec): min=7, max=2267, avg=1698.46, stdev=108.56
    clat percentiles (msec):
     |  1.00th=[ 1502],  5.00th=[ 1569], 10.00th=[ 1603], 20.00th=[ 1636],
     | 30.00th=[ 1653], 40.00th=[ 1670], 50.00th=[ 1687], 60.00th=[ 1720],
     | 70.00th=[ 1737], 80.00th=[ 1754], 90.00th=[ 1787], 95.00th=[ 1821],
     | 99.00th=[ 1905], 99.50th=[ 2022], 99.90th=[ 2165], 99.95th=[ 2198],
     | 99.99th=[ 2265]
   bw (  KiB/s): min=  848, max= 1512, per=99.97%, avg=1202.28, stdev=47.84, samples=1192
   iops        : min=  212, max=  378, avg=300.47, stdev=11.96, samples=1192
  lat (usec)   : 20=0.01%, 50=0.01%
  lat (msec)   : 10=0.01%, 20=0.01%, 50=0.01%, 100=0.01%, 250=0.05%
  lat (msec)   : 500=0.08%, 750=0.08%, 1000=0.09%, 2000=99.17%, >=2000=0.52%
  cpu          : usr=0.35%, sys=2.33%, ctx=90205, majf=0, minf=589
  IO depths    : 1=0.1%, 2=0.1%, 4=0.1%, 8=0.1%, 16=0.1%, 32=0.1%, >=64=99.9%
     submit    : 0=0.0%, 4=100.0%, 8=0.0%, 16=0.0%, 32=0.0%, 64=0.0%, >=64=0.0%
     complete  : 0=0.0%, 4=100.0%, 8=0.0%, 16=0.0%, 32=0.0%, 64=0.0%, >=64=0.1%
     issued rwts: total=90181,0,0,0 short=0,0,0,0 dropped=0,0,0,0
     latency   : target=0, window=0, percentile=100.00%, depth=256

Run status group 0 (all jobs):
   READ: bw=1202KiB/s (1231kB/s), 1202KiB/s-1202KiB/s (1231kB/s-1231kB/s), io=352MiB (369MB), run=300011-300011msec
