test: (g=0): rw=read, bs=(R) 4096B-4096B, (W) 4096B-4096B, (T) 4096B-4096B, ioengine=libaio, iodepth=256
...
fio-3.27
Starting 8 processes
seq-read: Laying out IO file (1 file / 1024MiB)
seq-read: Laying out IO file (1 file / 1024MiB)
seq-read: Laying out IO file (1 file / 1024MiB)
seq-read: Laying out IO file (1 file / 1024MiB)

test: (groupid=0, jobs=8): err= 0: pid=213722: Tue Jul 20 13:35:51 2021
  read: IOPS=27.3k, BW=107MiB/s (112MB/s)(31.2GiB/300010msec)
    slat (usec): min=10, max=3381.4k, avg=281.10, stdev=3737.07
    clat (usec): min=10, max=17732k, avg=74485.33, stdev=373881.58
     lat (usec): min=21, max=17735k, avg=74767.37, stdev=375234.01
    clat percentiles (msec):
     |  1.00th=[    5],  5.00th=[    5], 10.00th=[    5], 20.00th=[    5],
     | 30.00th=[    5], 40.00th=[    6], 50.00th=[    6], 60.00th=[    6],
     | 70.00th=[    6], 80.00th=[   17], 90.00th=[   32], 95.00th=[  426],
     | 99.00th=[ 1062], 99.50th=[ 2500], 99.90th=[ 5336], 99.95th=[ 6678],
     | 99.99th=[10537]
   bw (  KiB/s): min=   64, max=1205920, per=100.00%, avg=111489.83, stdev=38172.39, samples=4715
   iops        : min=   16, max=301480, avg=27872.25, stdev=9543.10, samples=4715
  lat (usec)   : 20=0.01%, 50=0.01%, 100=0.01%, 250=0.01%, 500=0.01%
  lat (usec)   : 750=0.01%, 1000=0.01%
  lat (msec)   : 2=0.01%, 4=0.01%, 10=78.37%, 20=6.71%, 50=5.20%
  lat (msec)   : 100=0.09%, 250=0.05%, 500=7.29%, 750=1.09%, 1000=0.15%
  lat (msec)   : 2000=0.37%, >=2000=0.66%
  cpu          : usr=3.33%, sys=12.00%, ctx=778110, majf=0, minf=2365
  IO depths    : 1=0.1%, 2=0.1%, 4=0.1%, 8=0.1%, 16=0.1%, 32=0.1%, >=64=100.0%
     submit    : 0=0.0%, 4=100.0%, 8=0.0%, 16=0.0%, 32=0.0%, 64=0.0%, >=64=0.0%
     complete  : 0=0.0%, 4=100.0%, 8=0.0%, 16=0.0%, 32=0.0%, 64=0.0%, >=64=0.1%
     issued rwts: total=8184271,0,0,0 short=0,0,0,0 dropped=0,0,0,0
     latency   : target=0, window=0, percentile=100.00%, depth=256

Run status group 0 (all jobs):
   READ: bw=107MiB/s (112MB/s), 107MiB/s-107MiB/s (112MB/s-112MB/s), io=31.2GiB (33.5GB), run=300010-300010msec
