test: (g=0): rw=randread, bs=(R) 4096B-4096B, (W) 4096B-4096B, (T) 4096B-4096B, ioengine=libaio, iodepth=256
fio-3.27
Starting 1 process
test: Laying out IO file (1 file / 1024MiB)

test: (groupid=0, jobs=1): err= 0: pid=141934: Tue Jul 20 11:05:16 2021
  read: IOPS=169, BW=678KiB/s (695kB/s)(199MiB/300001msec)
    slat (usec): min=460, max=84313, avg=5879.43, stdev=4280.03
    clat (usec): min=13, max=1787.4k, avg=1500024.09, stdev=93852.42
     lat (msec): min=15, max=1796, avg=1505.91, stdev=93.96
    clat percentiles (msec):
     |  1.00th=[ 1351],  5.00th=[ 1401], 10.00th=[ 1418], 20.00th=[ 1435],
     | 30.00th=[ 1469], 40.00th=[ 1485], 50.00th=[ 1502], 60.00th=[ 1519],
     | 70.00th=[ 1536], 80.00th=[ 1569], 90.00th=[ 1603], 95.00th=[ 1636],
     | 99.00th=[ 1687], 99.50th=[ 1703], 99.90th=[ 1737], 99.95th=[ 1754],
     | 99.99th=[ 1770]
   bw (  KiB/s): min=    8, max=  880, per=99.82%, avg=677.66, stdev=62.28, samples=597
   iops        : min=    2, max=  220, avg=169.41, stdev=15.57, samples=597
  lat (usec)   : 20=0.01%
  lat (msec)   : 20=0.01%, 50=0.01%, 100=0.01%, 250=0.05%, 500=0.09%
  lat (msec)   : 750=0.07%, 1000=0.08%, 2000=99.68%
  cpu          : usr=0.34%, sys=2.35%, ctx=50880, majf=0, minf=293
  IO depths    : 1=0.1%, 2=0.1%, 4=0.1%, 8=0.1%, 16=0.1%, 32=0.1%, >=64=99.9%
     submit    : 0=0.0%, 4=100.0%, 8=0.0%, 16=0.0%, 32=0.0%, 64=0.0%, >=64=0.0%
     complete  : 0=0.0%, 4=100.0%, 8=0.0%, 16=0.0%, 32=0.0%, 64=0.0%, >=64=0.1%
     issued rwts: total=50869,0,0,0 short=0,0,0,0 dropped=0,0,0,0
     latency   : target=0, window=0, percentile=100.00%, depth=256

Run status group 0 (all jobs):
   READ: bw=678KiB/s (695kB/s), 678KiB/s-678KiB/s (695kB/s-695kB/s), io=199MiB (208MB), run=300001-300001msec
