test: (g=0): rw=randread, bs=(R) 4096B-4096B, (W) 4096B-4096B, (T) 4096B-4096B, ioengine=libaio, iodepth=256
...
fio-3.27
Starting 64 processes
rand-read: Laying out IO file (1 file / 1024MiB)
rand-read: Laying out IO file (1 file / 1024MiB)
rand-read: Laying out IO file (1 file / 1024MiB)
rand-read: Laying out IO file (1 file / 1024MiB)
rand-read: Laying out IO file (1 file / 1024MiB)
rand-read: Laying out IO file (1 file / 1024MiB)
rand-read: Laying out IO file (1 file / 1024MiB)
rand-read: Laying out IO file (1 file / 1024MiB)
rand-read: Laying out IO file (1 file / 1024MiB)
rand-read: Laying out IO file (1 file / 1024MiB)
rand-read: Laying out IO file (1 file / 1024MiB)
rand-read: Laying out IO file (1 file / 1024MiB)
rand-read: Laying out IO file (1 file / 1024MiB)
rand-read: Laying out IO file (1 file / 1024MiB)
rand-read: Laying out IO file (1 file / 1024MiB)
rand-read: Laying out IO file (1 file / 1024MiB)
rand-read: Laying out IO file (1 file / 1024MiB)
rand-read: Laying out IO file (1 file / 1024MiB)
rand-read: Laying out IO file (1 file / 1024MiB)
rand-read: Laying out IO file (1 file / 1024MiB)
rand-read: Laying out IO file (1 file / 1024MiB)
rand-read: Laying out IO file (1 file / 1024MiB)
rand-read: Laying out IO file (1 file / 1024MiB)
rand-read: Laying out IO file (1 file / 1024MiB)
rand-read: Laying out IO file (1 file / 1024MiB)
rand-read: Laying out IO file (1 file / 1024MiB)
rand-read: Laying out IO file (1 file / 1024MiB)
rand-read: Laying out IO file (1 file / 1024MiB)
rand-read: Laying out IO file (1 file / 1024MiB)
rand-read: Laying out IO file (1 file / 1024MiB)
rand-read: Laying out IO file (1 file / 1024MiB)
rand-read: Laying out IO file (1 file / 1024MiB)

test: (groupid=0, jobs=64): err= 0: pid=157835: Mon Jul 19 19:30:52 2021
  read: IOPS=2031, BW=8126KiB/s (8321kB/s)(2381MiB/300085msec)
    slat (usec): min=522, max=816456, avg=31468.28, stdev=19536.28
    clat (usec): min=16, max=14171k, avg=7986312.61, stdev=1546616.10
     lat (msec): min=18, max=14219, avg=8017.78, stdev=1551.25
    clat percentiles (msec):
     |  1.00th=[ 3004],  5.00th=[ 6544], 10.00th=[ 6745], 20.00th=[ 6946],
     | 30.00th=[ 7080], 40.00th=[ 7282], 50.00th=[ 7617], 60.00th=[ 8087],
     | 70.00th=[ 8658], 80.00th=[ 9329], 90.00th=[10134], 95.00th=[10537],
     | 99.00th=[11610], 99.50th=[12550], 99.90th=[13624], 99.95th=[13758],
     | 99.99th=[14026]
   bw (  KiB/s): min= 2728, max=11192, per=98.78%, avg=8027.15, stdev=19.29, samples=37781
   iops        : min=  682, max= 2798, avg=2006.79, stdev= 4.82, samples=37781
  lat (usec)   : 20=0.01%, 50=0.01%
  lat (msec)   : 20=0.01%, 50=0.01%, 100=0.02%, 250=0.05%, 500=0.08%
  lat (msec)   : 750=0.08%, 1000=0.08%, 2000=0.33%, >=2000=99.34%
  cpu          : usr=0.10%, sys=0.59%, ctx=610222, majf=0, minf=18878
  IO depths    : 1=0.1%, 2=0.1%, 4=0.1%, 8=0.1%, 16=0.2%, 32=0.3%, >=64=99.3%
     submit    : 0=0.0%, 4=100.0%, 8=0.0%, 16=0.0%, 32=0.0%, 64=0.0%, >=64=0.0%
     complete  : 0=0.0%, 4=100.0%, 8=0.0%, 16=0.0%, 32=0.0%, 64=0.0%, >=64=0.1%
     issued rwts: total=609647,0,0,0 short=0,0,0,0 dropped=0,0,0,0
     latency   : target=0, window=0, percentile=100.00%, depth=256

Run status group 0 (all jobs):
   READ: bw=8126KiB/s (8321kB/s), 8126KiB/s-8126KiB/s (8321kB/s-8321kB/s), io=2381MiB (2497MB), run=300085-300085msec
