readwrite: (g=0): rw=rw, bs=(R) 4096B-4096B, (W) 4096B-4096B, (T) 4096B-4096B, ioengine=libaio, iodepth=256
...
fio-3.27
Starting 4 processes

readwrite: (groupid=0, jobs=4): err= 0: pid=32933: Wed Jul 21 16:32:22 2021
  read: IOPS=6320, BW=24.7MiB/s (25.9MB/s)(7414MiB/300323msec)
    slat (usec): min=7, max=834783, avg=292.11, stdev=4805.55
    clat (usec): min=16, max=10218k, avg=80369.60, stdev=296543.32
     lat (msec): min=10, max=10472, avg=80.66, stdev=297.63
    clat percentiles (msec):
     |  1.00th=[   12],  5.00th=[   13], 10.00th=[   13], 20.00th=[   14],
     | 30.00th=[   14], 40.00th=[   14], 50.00th=[   15], 60.00th=[   19],
     | 70.00th=[   19], 80.00th=[   20], 90.00th=[  157], 95.00th=[  355],
     | 99.00th=[ 1368], 99.50th=[ 1888], 99.90th=[ 3742], 99.95th=[ 4933],
     | 99.99th=[ 7684]
   bw (  KiB/s): min=   40, max=159144, per=100.00%, avg=25739.58, stdev=11360.51, samples=2363
   iops        : min=   10, max=39786, avg=6434.90, stdev=2840.13, samples=2363
  write: IOPS=6320, BW=24.7MiB/s (25.9MB/s)(7415MiB/300323msec); 0 zone resets
    slat (usec): min=68, max=1034.3k, avg=319.69, stdev=6682.05
    clat (usec): min=26, max=10443k, avg=80178.02, stdev=295208.06
     lat (msec): min=10, max=10443, avg=80.50, stdev=296.21
    clat percentiles (msec):
     |  1.00th=[   12],  5.00th=[   13], 10.00th=[   13], 20.00th=[   14],
     | 30.00th=[   14], 40.00th=[   14], 50.00th=[   15], 60.00th=[   19],
     | 70.00th=[   19], 80.00th=[   20], 90.00th=[  157], 95.00th=[  355],
     | 99.00th=[ 1368], 99.50th=[ 1888], 99.90th=[ 3708], 99.95th=[ 4933],
     | 99.99th=[ 7416]
   bw (  KiB/s): min=   40, max=160992, per=100.00%, avg=25730.42, stdev=11363.78, samples=2364
   iops        : min=   10, max=40248, avg=6432.60, stdev=2840.95, samples=2364
  lat (usec)   : 20=0.01%, 50=0.01%
  lat (msec)   : 20=82.26%, 50=4.55%, 100=0.87%, 250=5.80%, 500=2.66%
  lat (msec)   : 750=1.22%, 1000=0.88%, 2000=1.32%, >=2000=0.43%
  cpu          : usr=3.21%, sys=18.64%, ctx=114068, majf=0, minf=173
  IO depths    : 1=0.1%, 2=0.1%, 4=0.1%, 8=0.1%, 16=0.1%, 32=0.1%, >=64=100.0%
     submit    : 0=0.0%, 4=100.0%, 8=0.0%, 16=0.0%, 32=0.0%, 64=0.0%, >=64=0.0%
     complete  : 0=0.0%, 4=100.0%, 8=0.0%, 16=0.0%, 32=0.0%, 64=0.0%, >=64=0.1%
     issued rwts: total=1898083,1898203,0,0 short=0,0,0,0 dropped=0,0,0,0
     latency   : target=0, window=0, percentile=100.00%, depth=256

Run status group 0 (all jobs):
   READ: bw=24.7MiB/s (25.9MB/s), 24.7MiB/s-24.7MiB/s (25.9MB/s-25.9MB/s), io=7414MiB (7775MB), run=300323-300323msec
  WRITE: bw=24.7MiB/s (25.9MB/s), 24.7MiB/s-24.7MiB/s (25.9MB/s-25.9MB/s), io=7415MiB (7775MB), run=300323-300323msec
