test: (g=0): rw=randread, bs=(R) 4096B-4096B, (W) 4096B-4096B, (T) 4096B-4096B, ioengine=libaio, iodepth=256
...
fio-3.27
Starting 2 processes
rand-read: Laying out IO file (1 file / 1024MiB)

test: (groupid=0, jobs=2): err= 0: pid=189511: Mon Jul 19 21:55:06 2021
  read: IOPS=302, BW=1210KiB/s (1239kB/s)(354MiB/300007msec)
    slat (usec): min=457, max=93606, avg=6591.96, stdev=4382.33
    clat (usec): min=13, max=1934.9k, avg=1681203.71, stdev=100560.27
     lat (msec): min=2, max=1941, avg=1687.80, stdev=100.65
    clat percentiles (msec):
     |  1.00th=[ 1519],  5.00th=[ 1569], 10.00th=[ 1603], 20.00th=[ 1620],
     | 30.00th=[ 1653], 40.00th=[ 1670], 50.00th=[ 1687], 60.00th=[ 1703],
     | 70.00th=[ 1720], 80.00th=[ 1737], 90.00th=[ 1787], 95.00th=[ 1804],
     | 99.00th=[ 1854], 99.50th=[ 1871], 99.90th=[ 1905], 99.95th=[ 1905],
     | 99.99th=[ 1921]
   bw (  KiB/s): min=  696, max= 1488, per=99.93%, avg=1209.92, stdev=48.01, samples=1192
   iops        : min=  174, max=  372, avg=302.48, stdev=12.00, samples=1192
  lat (usec)   : 20=0.01%, 50=0.01%
  lat (msec)   : 4=0.01%, 10=0.01%, 20=0.01%, 50=0.01%, 100=0.01%
  lat (msec)   : 250=0.05%, 500=0.08%, 750=0.08%, 1000=0.10%, 2000=99.66%
  cpu          : usr=0.35%, sys=2.27%, ctx=90757, majf=0, minf=590
  IO depths    : 1=0.1%, 2=0.1%, 4=0.1%, 8=0.1%, 16=0.1%, 32=0.1%, >=64=99.9%
     submit    : 0=0.0%, 4=100.0%, 8=0.0%, 16=0.0%, 32=0.0%, 64=0.0%, >=64=0.0%
     complete  : 0=0.0%, 4=100.0%, 8=0.0%, 16=0.0%, 32=0.0%, 64=0.0%, >=64=0.1%
     issued rwts: total=90740,0,0,0 short=0,0,0,0 dropped=0,0,0,0
     latency   : target=0, window=0, percentile=100.00%, depth=256

Run status group 0 (all jobs):
   READ: bw=1210KiB/s (1239kB/s), 1210KiB/s-1210KiB/s (1239kB/s-1239kB/s), io=354MiB (372MB), run=300007-300007msec
