test: (g=0): rw=read, bs=(R) 4096B-4096B, (W) 4096B-4096B, (T) 4096B-4096B, ioengine=libaio, iodepth=256
fio-3.27
Starting 1 process
test: Laying out IO file (1 file / 1024MiB)

test: (groupid=0, jobs=1): err= 0: pid=190844: Tue Jul 20 14:19:00 2021
  read: IOPS=33.0k, BW=129MiB/s (135MB/s)(37.8GiB/300009msec)
    slat (usec): min=10, max=60756, avg=19.08, stdev=334.35
    clat (usec): min=25, max=947936, avg=7727.36, stdev=28613.79
     lat (msec): min=4, max=947, avg= 7.75, stdev=28.62
    clat percentiles (msec):
     |  1.00th=[    5],  5.00th=[    5], 10.00th=[    5], 20.00th=[    6],
     | 30.00th=[    6], 40.00th=[    6], 50.00th=[    6], 60.00th=[    6],
     | 70.00th=[    6], 80.00th=[    6], 90.00th=[   16], 95.00th=[   26],
     | 99.00th=[   27], 99.50th=[   27], 99.90th=[  218], 99.95th=[  911],
     | 99.99th=[  927]
   bw (  KiB/s): min=   16, max=164168, per=100.00%, avg=137342.32, stdev=47782.73, samples=576
   iops        : min=    4, max=41042, avg=34335.61, stdev=11945.68, samples=576
  lat (usec)   : 50=0.01%
  lat (msec)   : 10=89.34%, 20=4.56%, 50=5.93%, 100=0.01%, 250=0.06%
  lat (msec)   : 500=0.01%, 1000=0.10%
  cpu          : usr=27.46%, sys=70.98%, ctx=7479, majf=0, minf=294
  IO depths    : 1=0.1%, 2=0.1%, 4=0.1%, 8=0.1%, 16=0.1%, 32=0.1%, >=64=100.0%
     submit    : 0=0.0%, 4=100.0%, 8=0.0%, 16=0.0%, 32=0.0%, 64=0.0%, >=64=0.0%
     complete  : 0=0.0%, 4=100.0%, 8=0.0%, 16=0.0%, 32=0.0%, 64=0.0%, >=64=0.1%
     issued rwts: total=9900033,0,0,0 short=0,0,0,0 dropped=0,0,0,0
     latency   : target=0, window=0, percentile=100.00%, depth=256

Run status group 0 (all jobs):
   READ: bw=129MiB/s (135MB/s), 129MiB/s-129MiB/s (135MB/s-135MB/s), io=37.8GiB (40.6GB), run=300009-300009msec
