test: (g=0): rw=read, bs=(R) 4096B-4096B, (W) 4096B-4096B, (T) 4096B-4096B, ioengine=libaio, iodepth=256
...
fio-3.27
Starting 16 processes
seq-read: Laying out IO file (1 file / 1024MiB)
seq-read: Laying out IO file (1 file / 1024MiB)
seq-read: Laying out IO file (1 file / 1024MiB)
seq-read: Laying out IO file (1 file / 1024MiB)
seq-read: Laying out IO file (1 file / 1024MiB)
seq-read: Laying out IO file (1 file / 1024MiB)
seq-read: Laying out IO file (1 file / 1024MiB)
seq-read: Laying out IO file (1 file / 1024MiB)

test: (groupid=0, jobs=16): err= 0: pid=231097: Tue Jul 20 13:44:15 2021
  read: IOPS=21.1k, BW=82.4MiB/s (86.4MB/s)(24.2GiB/301200msec)
    slat (usec): min=10, max=4365.5k, avg=744.85, stdev=11357.44
    clat (usec): min=15, max=32331k, avg=192359.84, stdev=1461640.90
     lat (msec): min=4, max=32458, avg=193.11, stdev=1467.12
    clat percentiles (msec):
     |  1.00th=[    5],  5.00th=[    5], 10.00th=[    5], 20.00th=[    5],
     | 30.00th=[    5], 40.00th=[    5], 50.00th=[    6], 60.00th=[    6],
     | 70.00th=[    6], 80.00th=[   17], 90.00th=[   17], 95.00th=[   28],
     | 99.00th=[ 7013], 99.50th=[11745], 99.90th=[17113], 99.95th=[17113],
     | 99.99th=[17113]
   bw (  KiB/s): min=  128, max=2166640, per=100.00%, avg=86390.86, stdev=24345.37, samples=9403
   iops        : min=   32, max=541660, avg=21597.70, stdev=6086.34, samples=9403
  lat (usec)   : 20=0.01%, 50=0.01%
  lat (msec)   : 10=74.38%, 20=17.23%, 50=4.76%, 100=0.38%, 250=0.20%
  lat (msec)   : 500=0.10%, 750=0.14%, 1000=0.23%, 2000=0.63%, >=2000=1.94%
  cpu          : usr=1.19%, sys=4.06%, ctx=182967, majf=0, minf=4734
  IO depths    : 1=0.1%, 2=0.1%, 4=0.1%, 8=0.1%, 16=0.1%, 32=0.1%, >=64=100.0%
     submit    : 0=0.0%, 4=100.0%, 8=0.0%, 16=0.0%, 32=0.0%, 64=0.0%, >=64=0.0%
     complete  : 0=0.0%, 4=100.0%, 8=0.0%, 16=0.0%, 32=0.0%, 64=0.0%, >=64=0.1%
     issued rwts: total=6351521,0,0,0 short=0,0,0,0 dropped=0,0,0,0
     latency   : target=0, window=0, percentile=100.00%, depth=256

Run status group 0 (all jobs):
   READ: bw=82.4MiB/s (86.4MB/s), 82.4MiB/s-82.4MiB/s (86.4MB/s-86.4MB/s), io=24.2GiB (26.0GB), run=301200-301200msec
