readwrite: (g=0): rw=rw, bs=(R) 4096B-4096B, (W) 4096B-4096B, (T) 4096B-4096B, ioengine=libaio, iodepth=256
...
fio-3.27
Starting 4 processes

readwrite: (groupid=0, jobs=4): err= 0: pid=217675: Wed Jul 21 16:26:52 2021
  read: IOPS=6980, BW=27.3MiB/s (28.6MB/s)(8186MiB/300224msec)
    slat (usec): min=7, max=1271.7k, avg=269.75, stdev=6975.32
    clat (usec): min=17, max=15506k, avg=73246.89, stdev=505889.42
     lat (msec): min=10, max=15583, avg=73.52, stdev=508.03
    clat percentiles (msec):
     |  1.00th=[   13],  5.00th=[   13], 10.00th=[   13], 20.00th=[   14],
     | 30.00th=[   14], 40.00th=[   14], 50.00th=[   14], 60.00th=[   15],
     | 70.00th=[   16], 80.00th=[   19], 90.00th=[   20], 95.00th=[   66],
     | 99.00th=[ 1250], 99.50th=[ 3138], 99.90th=[ 8557], 99.95th=[10134],
     | 99.99th=[12684]
   bw (  KiB/s): min=   32, max=158648, per=100.00%, avg=29632.84, stdev=11730.18, samples=2259
   iops        : min=    8, max=39662, avg=7408.17, stdev=2932.55, samples=2259
  write: IOPS=6977, BW=27.3MiB/s (28.6MB/s)(8183MiB/300224msec); 0 zone resets
    slat (usec): min=68, max=1533.1k, avg=283.46, stdev=8827.82
    clat (usec): min=23, max=15567k, avg=72657.06, stdev=503111.91
     lat (msec): min=10, max=15566, avg=72.94, stdev=504.45
    clat percentiles (msec):
     |  1.00th=[   13],  5.00th=[   13], 10.00th=[   13], 20.00th=[   14],
     | 30.00th=[   14], 40.00th=[   14], 50.00th=[   14], 60.00th=[   15],
     | 70.00th=[   16], 80.00th=[   19], 90.00th=[   20], 95.00th=[   59],
     | 99.00th=[ 1234], 99.50th=[ 3104], 99.90th=[ 8490], 99.95th=[10000],
     | 99.99th=[12684]
   bw (  KiB/s): min=   32, max=156264, per=100.00%, avg=29383.70, stdev=11712.80, samples=2280
   iops        : min=    8, max=39066, avg=7345.89, stdev=2928.21, samples=2280
  lat (usec)   : 20=0.01%, 50=0.01%
  lat (msec)   : 20=92.99%, 50=1.90%, 100=0.35%, 250=0.82%, 500=1.59%
  lat (msec)   : 750=0.74%, 1000=0.38%, 2000=0.53%, >=2000=0.69%
  cpu          : usr=3.39%, sys=18.17%, ctx=20419, majf=0, minf=173
  IO depths    : 1=0.1%, 2=0.1%, 4=0.1%, 8=0.1%, 16=0.1%, 32=0.1%, >=64=100.0%
     submit    : 0=0.0%, 4=100.0%, 8=0.0%, 16=0.0%, 32=0.0%, 64=0.0%, >=64=0.0%
     complete  : 0=0.0%, 4=100.0%, 8=0.0%, 16=0.0%, 32=0.0%, 64=0.0%, >=64=0.1%
     issued rwts: total=2095713,2094826,0,0 short=0,0,0,0 dropped=0,0,0,0
     latency   : target=0, window=0, percentile=100.00%, depth=256

Run status group 0 (all jobs):
   READ: bw=27.3MiB/s (28.6MB/s), 27.3MiB/s-27.3MiB/s (28.6MB/s-28.6MB/s), io=8186MiB (8584MB), run=300224-300224msec
  WRITE: bw=27.3MiB/s (28.6MB/s), 27.3MiB/s-27.3MiB/s (28.6MB/s-28.6MB/s), io=8183MiB (8580MB), run=300224-300224msec
