test: (g=0): rw=read, bs=(R) 4096B-4096B, (W) 4096B-4096B, (T) 4096B-4096B, ioengine=libaio, iodepth=256
...
fio-3.27
Starting 8 processes
seq-read: Laying out IO file (1 file / 1024MiB)
seq-read: Laying out IO file (1 file / 1024MiB)
seq-read: Laying out IO file (1 file / 1024MiB)
seq-read: Laying out IO file (1 file / 1024MiB)

test: (groupid=0, jobs=8): err= 0: pid=225871: Tue Jul 20 13:35:52 2021
  read: IOPS=26.1k, BW=102MiB/s (107MB/s)(29.9GiB/300001msec)
    slat (usec): min=10, max=3513.2k, avg=293.77, stdev=3998.14
    clat (usec): min=10, max=18823k, avg=77669.90, stdev=410653.23
     lat (usec): min=23, max=18913k, avg=77964.61, stdev=412139.01
    clat percentiles (msec):
     |  1.00th=[    5],  5.00th=[    5], 10.00th=[    5], 20.00th=[    5],
     | 30.00th=[    6], 40.00th=[    6], 50.00th=[    6], 60.00th=[    6],
     | 70.00th=[    6], 80.00th=[   17], 90.00th=[  334], 95.00th=[  409],
     | 99.00th=[  986], 99.50th=[ 2534], 99.90th=[ 6678], 99.95th=[ 8087],
     | 99.99th=[10537]
   bw (  KiB/s): min=   80, max=1184680, per=100.00%, avg=106764.98, stdev=34053.76, samples=4712
   iops        : min=   20, max=296168, avg=26691.10, stdev=8513.43, samples=4712
  lat (usec)   : 20=0.01%, 50=0.01%, 100=0.01%, 250=0.01%, 500=0.01%
  lat (usec)   : 750=0.01%, 1000=0.01%
  lat (msec)   : 2=0.01%, 4=0.01%, 10=78.34%, 20=6.14%, 50=5.18%
  lat (msec)   : 100=0.07%, 250=0.07%, 500=8.38%, 750=0.66%, 1000=0.17%
  lat (msec)   : 2000=0.34%, >=2000=0.65%
  cpu          : usr=3.19%, sys=11.56%, ctx=796400, majf=0, minf=2367
  IO depths    : 1=0.1%, 2=0.1%, 4=0.1%, 8=0.1%, 16=0.1%, 32=0.1%, >=64=100.0%
     submit    : 0=0.0%, 4=100.0%, 8=0.0%, 16=0.0%, 32=0.0%, 64=0.0%, >=64=0.0%
     complete  : 0=0.0%, 4=100.0%, 8=0.0%, 16=0.0%, 32=0.0%, 64=0.0%, >=64=0.1%
     issued rwts: total=7843431,0,0,0 short=0,0,0,0 dropped=0,0,0,0
     latency   : target=0, window=0, percentile=100.00%, depth=256

Run status group 0 (all jobs):
   READ: bw=102MiB/s (107MB/s), 102MiB/s-102MiB/s (107MB/s-107MB/s), io=29.9GiB (32.1GB), run=300001-300001msec
