test: (g=0): rw=read, bs=(R) 4096B-4096B, (W) 4096B-4096B, (T) 4096B-4096B, ioengine=libaio, iodepth=256
fio-3.27
Starting 1 process
test: Laying out IO file (1 file / 1024MiB)

test: (groupid=0, jobs=1): err= 0: pid=8398: Tue Jul 20 15:21:47 2021
  read: IOPS=32.9k, BW=128MiB/s (135MB/s)(37.6GiB/300001msec)
    slat (usec): min=10, max=257640, avg=19.22, stdev=346.75
    clat (usec): min=11, max=988316, avg=7754.42, stdev=28922.62
     lat (usec): min=23, max=988390, avg=7774.44, stdev=28929.49
    clat percentiles (msec):
     |  1.00th=[    5],  5.00th=[    5], 10.00th=[    5], 20.00th=[    5],
     | 30.00th=[    5], 40.00th=[    6], 50.00th=[    6], 60.00th=[    6],
     | 70.00th=[    6], 80.00th=[    6], 90.00th=[   16], 95.00th=[   26],
     | 99.00th=[   27], 99.50th=[   27], 99.90th=[  264], 99.95th=[  911],
     | 99.99th=[  936]
   bw (  KiB/s): min=    8, max=165304, per=100.00%, avg=136872.08, stdev=48366.94, samples=576
   iops        : min=    2, max=41326, avg=34218.02, stdev=12091.75, samples=576
  lat (usec)   : 20=0.01%, 50=0.01%, 100=0.01%, 250=0.01%, 500=0.01%
  lat (usec)   : 750=0.01%, 1000=0.01%
  lat (msec)   : 2=0.01%, 4=0.01%, 10=89.31%, 20=4.59%, 50=5.92%
  lat (msec)   : 100=0.01%, 250=0.06%, 500=0.01%, 1000=0.10%
  cpu          : usr=27.28%, sys=70.87%, ctx=7623, majf=0, minf=294
  IO depths    : 1=0.1%, 2=0.1%, 4=0.1%, 8=0.1%, 16=0.1%, 32=0.1%, >=64=100.0%
     submit    : 0=0.0%, 4=100.0%, 8=0.0%, 16=0.0%, 32=0.0%, 64=0.0%, >=64=0.0%
     complete  : 0=0.0%, 4=100.0%, 8=0.0%, 16=0.0%, 32=0.0%, 64=0.0%, >=64=0.1%
     issued rwts: total=9864332,0,0,0 short=0,0,0,0 dropped=0,0,0,0
     latency   : target=0, window=0, percentile=100.00%, depth=256

Run status group 0 (all jobs):
   READ: bw=128MiB/s (135MB/s), 128MiB/s-128MiB/s (135MB/s-135MB/s), io=37.6GiB (40.4GB), run=300001-300001msec
