test: (g=0): rw=randread, bs=(R) 4096B-4096B, (W) 4096B-4096B, (T) 4096B-4096B, ioengine=libaio, iodepth=256
fio-3.27
Starting 1 process
test: Laying out IO file (1 file / 1024MiB)

test: (groupid=0, jobs=1): err= 0: pid=123712: Tue Jul 20 10:05:39 2021
  read: IOPS=193, BW=774KiB/s (793kB/s)(227MiB/300002msec)
    slat (usec): min=448, max=81512, avg=5149.29, stdev=3970.36
    clat (usec): min=13, max=1628.4k, avg=1314943.36, stdev=87820.02
     lat (msec): min=9, max=1646, avg=1320.10, stdev=87.94
    clat percentiles (msec):
     |  1.00th=[ 1167],  5.00th=[ 1200], 10.00th=[ 1234], 20.00th=[ 1267],
     | 30.00th=[ 1284], 40.00th=[ 1301], 50.00th=[ 1318], 60.00th=[ 1334],
     | 70.00th=[ 1351], 80.00th=[ 1368], 90.00th=[ 1418], 95.00th=[ 1452],
     | 99.00th=[ 1536], 99.50th=[ 1569], 99.90th=[ 1603], 99.95th=[ 1603],
     | 99.99th=[ 1620]
   bw (  KiB/s): min=  288, max=  976, per=99.87%, avg=773.60, stdev=67.94, samples=597
   iops        : min=   72, max=  244, avg=193.40, stdev=16.98, samples=597
  lat (usec)   : 20=0.01%
  lat (msec)   : 10=0.01%, 20=0.01%, 50=0.01%, 100=0.02%, 250=0.06%
  lat (msec)   : 500=0.06%, 750=0.08%, 1000=0.09%, 2000=99.68%
  cpu          : usr=0.41%, sys=2.81%, ctx=58067, majf=0, minf=293
  IO depths    : 1=0.1%, 2=0.1%, 4=0.1%, 8=0.1%, 16=0.1%, 32=0.1%, >=64=99.9%
     submit    : 0=0.0%, 4=100.0%, 8=0.0%, 16=0.0%, 32=0.0%, 64=0.0%, >=64=0.0%
     complete  : 0=0.0%, 4=100.0%, 8=0.0%, 16=0.0%, 32=0.0%, 64=0.0%, >=64=0.1%
     issued rwts: total=58049,0,0,0 short=0,0,0,0 dropped=0,0,0,0
     latency   : target=0, window=0, percentile=100.00%, depth=256

Run status group 0 (all jobs):
   READ: bw=774KiB/s (793kB/s), 774KiB/s-774KiB/s (793kB/s-793kB/s), io=227MiB (238MB), run=300002-300002msec
