test: (g=0): rw=randread, bs=(R) 4096B-4096B, (W) 4096B-4096B, (T) 4096B-4096B, ioengine=libaio, iodepth=256
...
fio-3.27
Starting 32 processes
rand-read: Laying out IO file (1 file / 1024MiB)
rand-read: Laying out IO file (1 file / 1024MiB)
rand-read: Laying out IO file (1 file / 1024MiB)
rand-read: Laying out IO file (1 file / 1024MiB)
rand-read: Laying out IO file (1 file / 1024MiB)
rand-read: Laying out IO file (1 file / 1024MiB)
rand-read: Laying out IO file (1 file / 1024MiB)
rand-read: Laying out IO file (1 file / 1024MiB)
rand-read: Laying out IO file (1 file / 1024MiB)
rand-read: Laying out IO file (1 file / 1024MiB)
rand-read: Laying out IO file (1 file / 1024MiB)
rand-read: Laying out IO file (1 file / 1024MiB)
rand-read: Laying out IO file (1 file / 1024MiB)
rand-read: Laying out IO file (1 file / 1024MiB)
rand-read: Laying out IO file (1 file / 1024MiB)
rand-read: Laying out IO file (1 file / 1024MiB)

test: (groupid=0, jobs=32): err= 0: pid=153505: Tue Jul 20 10:43:01 2021
  read: IOPS=679, BW=2719KiB/s (2784kB/s)(797MiB/300081msec)
    slat (usec): min=511, max=1302.3k, avg=47040.36, stdev=34668.98
    clat (usec): min=14, max=20922k, avg=11822834.28, stdev=4094393.21
     lat (msec): min=27, max=20995, avg=11869.88, stdev=4108.45
    clat percentiles (msec):
     |  1.00th=[ 3004],  5.00th=[ 8658], 10.00th=[ 8792], 20.00th=[ 9060],
     | 30.00th=[ 9194], 40.00th=[ 9329], 50.00th=[ 9463], 60.00th=[10000],
     | 70.00th=[15905], 80.00th=[17113], 90.00th=[17113], 95.00th=[17113],
     | 99.00th=[17113], 99.50th=[17113], 99.90th=[17113], 99.95th=[17113],
     | 99.99th=[17113]
   bw (  KiB/s): min=  936, max= 3600, per=99.34%, avg=2701.31, stdev=13.15, samples=18451
   iops        : min=  234, max=  900, avg=675.33, stdev= 3.29, samples=18451
  lat (usec)   : 20=0.01%, 50=0.01%
  lat (msec)   : 50=0.01%, 100=0.02%, 250=0.05%, 500=0.09%, 750=0.08%
  lat (msec)   : 1000=0.08%, 2000=0.33%, >=2000=99.33%
  cpu          : usr=0.06%, sys=0.40%, ctx=204227, majf=0, minf=9444
  IO depths    : 1=0.1%, 2=0.1%, 4=0.1%, 8=0.1%, 16=0.3%, 32=0.5%, >=64=99.0%
     submit    : 0=0.0%, 4=100.0%, 8=0.0%, 16=0.0%, 32=0.0%, 64=0.0%, >=64=0.0%
     complete  : 0=0.0%, 4=100.0%, 8=0.0%, 16=0.0%, 32=0.0%, 64=0.0%, >=64=0.1%
     issued rwts: total=203985,0,0,0 short=0,0,0,0 dropped=0,0,0,0
     latency   : target=0, window=0, percentile=100.00%, depth=256

Run status group 0 (all jobs):
   READ: bw=2719KiB/s (2784kB/s), 2719KiB/s-2719KiB/s (2784kB/s-2784kB/s), io=797MiB (836MB), run=300081-300081msec
