test: (g=0): rw=read, bs=(R) 4096B-4096B, (W) 4096B-4096B, (T) 4096B-4096B, ioengine=libaio, iodepth=256
...
fio-3.27
Starting 8 processes

test: (groupid=0, jobs=8): err= 0: pid=249723: Fri Jul 16 03:45:16 2021
  read: IOPS=44.5k, BW=174MiB/s (182MB/s)(51.0GiB/300030msec)
    slat (usec): min=10, max=78128, avg=167.24, stdev=676.82
    clat (usec): min=12, max=1293.8k, avg=45785.84, stdev=110036.14
     lat (usec): min=746, max=1293.9k, avg=45954.06, stdev=110436.20
    clat percentiles (msec):
     |  1.00th=[    5],  5.00th=[    5], 10.00th=[    5], 20.00th=[    6],
     | 30.00th=[    6], 40.00th=[    6], 50.00th=[    6], 60.00th=[    6],
     | 70.00th=[    6], 80.00th=[   17], 90.00th=[  284], 95.00th=[  334],
     | 99.00th=[  405], 99.50th=[  456], 99.90th=[  760], 99.95th=[  944],
     | 99.99th=[ 1020]
   bw (  KiB/s): min= 5000, max=947088, per=100.00%, avg=183896.89, stdev=27567.00, samples=4763
   iops        : min= 1250, max=236772, avg=45974.23, stdev=6891.76, samples=4763
  lat (usec)   : 20=0.01%, 50=0.01%, 100=0.01%, 1000=0.01%
  lat (msec)   : 2=0.01%, 4=0.01%, 10=78.47%, 20=4.49%, 50=5.20%
  lat (msec)   : 100=0.03%, 250=0.53%, 500=10.96%, 750=0.21%, 1000=0.09%
  lat (msec)   : 2000=0.01%
  cpu          : usr=5.62%, sys=20.28%, ctx=1568025, majf=0, minf=2359
  IO depths    : 1=0.1%, 2=0.1%, 4=0.1%, 8=0.1%, 16=0.1%, 32=0.1%, >=64=100.0%
     submit    : 0=0.0%, 4=100.0%, 8=0.0%, 16=0.0%, 32=0.0%, 64=0.0%, >=64=0.0%
     complete  : 0=0.0%, 4=100.0%, 8=0.0%, 16=0.0%, 32=0.0%, 64=0.0%, >=64=0.1%
     issued rwts: total=13360954,0,0,0 short=0,0,0,0 dropped=0,0,0,0
     latency   : target=0, window=0, percentile=100.00%, depth=256

Run status group 0 (all jobs):
   READ: bw=174MiB/s (182MB/s), 174MiB/s-174MiB/s (182MB/s-182MB/s), io=51.0GiB (54.7GB), run=300030-300030msec
