test: (g=0): rw=randread, bs=(R) 4096B-4096B, (W) 4096B-4096B, (T) 4096B-4096B, ioengine=libaio, iodepth=256
...
fio-3.27
Starting 8 processes
rand-read: Laying out IO file (1 file / 1024MiB)
rand-read: Laying out IO file (1 file / 1024MiB)
rand-read: Laying out IO file (1 file / 1024MiB)
rand-read: Laying out IO file (1 file / 1024MiB)

test: (groupid=0, jobs=8): err= 0: pid=137489: Tue Jul 20 10:23:53 2021
  read: IOPS=781, BW=3126KiB/s (3201kB/s)(916MiB/300015msec)
    slat (usec): min=447, max=117400, avg=10210.96, stdev=7913.27
    clat (usec): min=15, max=3174.8k, avg=2598853.04, stdev=195124.40
     lat (msec): min=5, max=3191, avg=2609.07, stdev=195.32
    clat percentiles (msec):
     |  1.00th=[ 2232],  5.00th=[ 2400], 10.00th=[ 2433], 20.00th=[ 2500],
     | 30.00th=[ 2534], 40.00th=[ 2567], 50.00th=[ 2601], 60.00th=[ 2635],
     | 70.00th=[ 2668], 80.00th=[ 2735], 90.00th=[ 2769], 95.00th=[ 2836],
     | 99.00th=[ 2937], 99.50th=[ 2970], 99.90th=[ 3071], 99.95th=[ 3104],
     | 99.99th=[ 3138]
   bw (  KiB/s): min= 1824, max= 4232, per=99.99%, avg=3126.30, stdev=44.37, samples=4753
   iops        : min=  456, max= 1058, avg=781.57, stdev=11.09, samples=4753
  lat (usec)   : 20=0.01%, 50=0.01%
  lat (msec)   : 10=0.01%, 20=0.01%, 50=0.01%, 100=0.02%, 250=0.05%
  lat (msec)   : 500=0.09%, 750=0.08%, 1000=0.08%, 2000=0.32%, >=2000=99.34%
  cpu          : usr=0.26%, sys=1.69%, ctx=234559, majf=0, minf=2363
  IO depths    : 1=0.1%, 2=0.1%, 4=0.1%, 8=0.1%, 16=0.1%, 32=0.1%, >=64=99.8%
     submit    : 0=0.0%, 4=100.0%, 8=0.0%, 16=0.0%, 32=0.0%, 64=0.0%, >=64=0.0%
     complete  : 0=0.0%, 4=100.0%, 8=0.0%, 16=0.0%, 32=0.0%, 64=0.0%, >=64=0.1%
     issued rwts: total=234494,0,0,0 short=0,0,0,0 dropped=0,0,0,0
     latency   : target=0, window=0, percentile=100.00%, depth=256

Run status group 0 (all jobs):
   READ: bw=3126KiB/s (3201kB/s), 3126KiB/s-3126KiB/s (3201kB/s-3201kB/s), io=916MiB (960MB), run=300015-300015msec
