readwrite: (g=0): rw=rw, bs=(R) 4096B-4096B, (W) 4096B-4096B, (T) 4096B-4096B, ioengine=libaio, iodepth=256
fio-3.27
Starting 1 process

readwrite: (groupid=0, jobs=1): err= 0: pid=246222: Wed Jul 21 16:23:23 2021
  read: IOPS=2429, BW=9720KiB/s (9953kB/s)(2849MiB/300114msec)
    slat (usec): min=7, max=989355, avg=251.84, stdev=5334.45
    clat (usec): min=22, max=9581.2k, avg=52574.94, stdev=238956.70
     lat (msec): min=11, max=9591, avg=52.83, stdev=240.00
    clat percentiles (msec):
     |  1.00th=[   12],  5.00th=[   13], 10.00th=[   13], 20.00th=[   14],
     | 30.00th=[   19], 40.00th=[   19], 50.00th=[   19], 60.00th=[   19],
     | 70.00th=[   19], 80.00th=[   20], 90.00th=[   21], 95.00th=[  167],
     | 99.00th=[  894], 99.50th=[ 1368], 99.90th=[ 3306], 99.95th=[ 4732],
     | 99.99th=[ 7215]
   bw (  KiB/s): min=    8, max=40800, per=100.00%, avg=9885.60, stdev=11824.43, samples=590
   iops        : min=    2, max=10200, avg=2471.41, stdev=2956.12, samples=590
  write: IOPS=2426, BW=9707KiB/s (9940kB/s)(2845MiB/300114msec); 0 zone resets
    slat (usec): min=68, max=727046, avg=139.65, stdev=4353.78
    clat (msec): min=11, max=9584, avg=52.42, stdev=238.98
     lat (msec): min=11, max=9584, avg=52.56, stdev=239.52
    clat percentiles (msec):
     |  1.00th=[   12],  5.00th=[   13], 10.00th=[   13], 20.00th=[   14],
     | 30.00th=[   19], 40.00th=[   19], 50.00th=[   19], 60.00th=[   19],
     | 70.00th=[   19], 80.00th=[   20], 90.00th=[   21], 95.00th=[  167],
     | 99.00th=[  894], 99.50th=[ 1318], 99.90th=[ 3339], 99.95th=[ 4799],
     | 99.99th=[ 7416]
   bw (  KiB/s): min=    8, max=40704, per=100.00%, avg=9872.77, stdev=11822.88, samples=590
   iops        : min=    2, max=10176, avg=2468.19, stdev=2955.72, samples=590
  lat (usec)   : 50=0.01%
  lat (msec)   : 20=88.73%, 50=4.05%, 100=0.84%, 250=2.76%, 500=1.53%
  lat (msec)   : 750=0.89%, 1000=0.42%, 2000=0.51%, >=2000=0.28%
  cpu          : usr=4.97%, sys=30.21%, ctx=12568, majf=0, minf=42
  IO depths    : 1=0.1%, 2=0.1%, 4=0.1%, 8=0.1%, 16=0.1%, 32=0.1%, >=64=100.0%
     submit    : 0=0.0%, 4=100.0%, 8=0.0%, 16=0.0%, 32=0.0%, 64=0.0%, >=64=0.0%
     complete  : 0=0.0%, 4=100.0%, 8=0.0%, 16=0.0%, 32=0.0%, 64=0.0%, >=64=0.1%
     issued rwts: total=729274,728294,0,0 short=0,0,0,0 dropped=0,0,0,0
     latency   : target=0, window=0, percentile=100.00%, depth=256

Run status group 0 (all jobs):
   READ: bw=9720KiB/s (9953kB/s), 9720KiB/s-9720KiB/s (9953kB/s-9953kB/s), io=2849MiB (2987MB), run=300114-300114msec
  WRITE: bw=9707KiB/s (9940kB/s), 9707KiB/s-9707KiB/s (9940kB/s-9940kB/s), io=2845MiB (2983MB), run=300114-300114msec
