readwrite: (g=0): rw=rw, bs=(R) 4096B-4096B, (W) 4096B-4096B, (T) 4096B-4096B, ioengine=libaio, iodepth=256
...
fio-3.27
Starting 16 processes
readwrite: Laying out IO file (1 file / 1024MiB)
readwrite: Laying out IO file (1 file / 1024MiB)
readwrite: Laying out IO file (1 file / 1024MiB)
readwrite: Laying out IO file (1 file / 1024MiB)
readwrite: Laying out IO file (1 file / 1024MiB)
readwrite: Laying out IO file (1 file / 1024MiB)
readwrite: Laying out IO file (1 file / 1024MiB)
readwrite: Laying out IO file (1 file / 1024MiB)

readwrite: (groupid=0, jobs=16): err= 0: pid=117768: Wed Jul 21 19:48:41 2021
  read: IOPS=26.0k, BW=101MiB/s (106MB/s)(29.7GiB/300067msec)
    slat (usec): min=7, max=1324.0k, avg=515.74, stdev=8871.16
    clat (usec): min=15, max=42059k, avg=79094.22, stdev=925419.19
     lat (usec): min=108, max=42161k, avg=79610.68, stdev=932156.98
    clat percentiles (msec):
     |  1.00th=[   12],  5.00th=[   13], 10.00th=[   13], 20.00th=[   14],
     | 30.00th=[   14], 40.00th=[   14], 50.00th=[   14], 60.00th=[   14],
     | 70.00th=[   15], 80.00th=[   15], 90.00th=[   15], 95.00th=[   16],
     | 99.00th=[   46], 99.50th=[ 4597], 99.90th=[16711], 99.95th=[17113],
     | 99.99th=[17113]
   bw (  KiB/s): min=  128, max=419502, per=100.00%, avg=107262.07, stdev=9695.82, samples=9067
   iops        : min=   32, max=104874, avg=26815.44, stdev=2423.95, samples=9067
  write: IOPS=26.0k, BW=102MiB/s (106MB/s)(29.8GiB/300067msec); 0 zone resets
    slat (usec): min=68, max=369679, avg=79.40, stdev=221.04
    clat (usec): min=11, max=42060k, avg=77621.29, stdev=915986.78
     lat (usec): min=92, max=42060k, avg=77701.80, stdev=915988.98
    clat percentiles (msec):
     |  1.00th=[   12],  5.00th=[   13], 10.00th=[   13], 20.00th=[   14],
     | 30.00th=[   14], 40.00th=[   14], 50.00th=[   14], 60.00th=[   14],
     | 70.00th=[   15], 80.00th=[   15], 90.00th=[   15], 95.00th=[   16],
     | 99.00th=[   41], 99.50th=[ 4463], 99.90th=[16576], 99.95th=[17113],
     | 99.99th=[17113]
   bw (  KiB/s): min= 1080, max=417576, per=100.00%, avg=107341.88, stdev=9705.38, samples=9039
   iops        : min=  270, max=104394, avg=26835.38, stdev=2426.34, samples=9039
  lat (usec)   : 20=0.01%, 50=0.01%, 100=0.01%, 250=0.01%, 500=0.01%
  lat (usec)   : 750=0.01%, 1000=0.01%
  lat (msec)   : 2=0.01%, 4=0.01%, 10=0.01%, 20=98.29%, 50=0.73%
  lat (msec)   : 100=0.07%, 250=0.03%, 500=0.03%, 750=0.02%, 1000=0.05%
  lat (msec)   : 2000=0.06%, >=2000=0.71%
  cpu          : usr=3.05%, sys=15.29%, ctx=57229, majf=0, minf=709
  IO depths    : 1=0.1%, 2=0.1%, 4=0.1%, 8=0.1%, 16=0.1%, 32=0.1%, >=64=100.0%
     submit    : 0=0.0%, 4=100.0%, 8=0.0%, 16=0.0%, 32=0.0%, 64=0.0%, >=64=0.0%
     complete  : 0=0.0%, 4=100.0%, 8=0.0%, 16=0.0%, 32=0.0%, 64=0.0%, >=64=0.1%
     issued rwts: total=7793526,7799355,0,0 short=0,0,0,0 dropped=0,0,0,0
     latency   : target=0, window=0, percentile=100.00%, depth=256

Run status group 0 (all jobs):
   READ: bw=101MiB/s (106MB/s), 101MiB/s-101MiB/s (106MB/s-106MB/s), io=29.7GiB (31.9GB), run=300067-300067msec
  WRITE: bw=102MiB/s (106MB/s), 102MiB/s-102MiB/s (106MB/s-106MB/s), io=29.8GiB (31.9GB), run=300067-300067msec
