test: (g=0): rw=randread, bs=(R) 4096B-4096B, (W) 4096B-4096B, (T) 4096B-4096B, ioengine=libaio, iodepth=256
fio-3.27
Starting 1 process
test: Laying out IO file (1 file / 1024MiB)

test: (groupid=0, jobs=1): err= 0: pid=128118: Tue Jul 20 10:05:39 2021
  read: IOPS=192, BW=771KiB/s (790kB/s)(226MiB/300003msec)
    slat (usec): min=452, max=77124, avg=5167.82, stdev=4002.63
    clat (usec): min=26, max=1577.2k, avg=1319877.78, stdev=85555.33
     lat (msec): min=6, max=1585, avg=1325.05, stdev=85.66
    clat percentiles (msec):
     |  1.00th=[ 1167],  5.00th=[ 1217], 10.00th=[ 1234], 20.00th=[ 1267],
     | 30.00th=[ 1284], 40.00th=[ 1301], 50.00th=[ 1318], 60.00th=[ 1334],
     | 70.00th=[ 1351], 80.00th=[ 1385], 90.00th=[ 1418], 95.00th=[ 1435],
     | 99.00th=[ 1485], 99.50th=[ 1502], 99.90th=[ 1536], 99.95th=[ 1552],
     | 99.99th=[ 1569]
   bw (  KiB/s): min=  400, max=  944, per=99.98%, avg=771.01, stdev=67.02, samples=597
   iops        : min=  100, max=  236, avg=192.73, stdev=16.75, samples=597
  lat (usec)   : 50=0.01%
  lat (msec)   : 10=0.01%, 20=0.01%, 50=0.01%, 100=0.01%, 250=0.05%
  lat (msec)   : 500=0.09%, 750=0.08%, 1000=0.10%, 2000=99.65%
  cpu          : usr=0.41%, sys=2.81%, ctx=57853, majf=0, minf=294
  IO depths    : 1=0.1%, 2=0.1%, 4=0.1%, 8=0.1%, 16=0.1%, 32=0.1%, >=64=99.9%
     submit    : 0=0.0%, 4=100.0%, 8=0.0%, 16=0.0%, 32=0.0%, 64=0.0%, >=64=0.0%
     complete  : 0=0.0%, 4=100.0%, 8=0.0%, 16=0.0%, 32=0.0%, 64=0.0%, >=64=0.1%
     issued rwts: total=57840,0,0,0 short=0,0,0,0 dropped=0,0,0,0
     latency   : target=0, window=0, percentile=100.00%, depth=256

Run status group 0 (all jobs):
   READ: bw=771KiB/s (790kB/s), 771KiB/s-771KiB/s (790kB/s-790kB/s), io=226MiB (237MB), run=300003-300003msec
