test: (g=0): rw=randread, bs=(R) 4096B-4096B, (W) 4096B-4096B, (T) 4096B-4096B, ioengine=libaio, iodepth=256
...
fio-3.27
Starting 8 processes
rand-read: Laying out IO file (1 file / 1024MiB)
rand-read: Laying out IO file (1 file / 1024MiB)
rand-read: Laying out IO file (1 file / 1024MiB)
rand-read: Laying out IO file (1 file / 1024MiB)

test: (groupid=0, jobs=8): err= 0: pid=145840: Tue Jul 20 11:23:19 2021
  read: IOPS=579, BW=2317KiB/s (2373kB/s)(679MiB/300009msec)
    slat (usec): min=468, max=304725, avg=13783.82, stdev=11265.88
    clat (usec): min=19, max=4663.7k, avg=3500412.13, stdev=331637.10
     lat (msec): min=3, max=4674, avg=3514.20, stdev=332.17
    clat percentiles (msec):
     |  1.00th=[ 2668],  5.00th=[ 3171], 10.00th=[ 3239], 20.00th=[ 3339],
     | 30.00th=[ 3406], 40.00th=[ 3440], 50.00th=[ 3507], 60.00th=[ 3540],
     | 70.00th=[ 3608], 80.00th=[ 3708], 90.00th=[ 3809], 95.00th=[ 3943],
     | 99.00th=[ 4144], 99.50th=[ 4245], 99.90th=[ 4463], 99.95th=[ 4530],
     | 99.99th=[ 4597]
   bw (  KiB/s): min=  792, max= 3280, per=99.81%, avg=2313.30, stdev=40.22, samples=4740
   iops        : min=  198, max=  820, avg=578.33, stdev=10.05, samples=4740
  lat (usec)   : 20=0.01%, 50=0.01%
  lat (msec)   : 4=0.01%, 10=0.01%, 20=0.01%, 50=0.02%, 100=0.03%
  lat (msec)   : 250=0.08%, 500=0.11%, 750=0.09%, 1000=0.08%, 2000=0.33%
  lat (msec)   : >=2000=99.23%
  cpu          : usr=0.20%, sys=1.26%, ctx=173880, majf=0, minf=2365
  IO depths    : 1=0.1%, 2=0.1%, 4=0.1%, 8=0.1%, 16=0.1%, 32=0.1%, >=64=99.7%
     submit    : 0=0.0%, 4=100.0%, 8=0.0%, 16=0.0%, 32=0.0%, 64=0.0%, >=64=0.0%
     complete  : 0=0.0%, 4=100.0%, 8=0.0%, 16=0.0%, 32=0.0%, 64=0.0%, >=64=0.1%
     issued rwts: total=173817,0,0,0 short=0,0,0,0 dropped=0,0,0,0
     latency   : target=0, window=0, percentile=100.00%, depth=256

Run status group 0 (all jobs):
   READ: bw=2317KiB/s (2373kB/s), 2317KiB/s-2317KiB/s (2373kB/s-2373kB/s), io=679MiB (712MB), run=300009-300009msec
