test: (g=0): rw=randread, bs=(R) 4096B-4096B, (W) 4096B-4096B, (T) 4096B-4096B, ioengine=libaio, iodepth=256
fio-3.27
Starting 1 process
test: Laying out IO file (1 file / 1024MiB)

test: (groupid=0, jobs=1): err= 0: pid=199964: Mon Jul 19 21:49:35 2021
  read: IOPS=173, BW=694KiB/s (710kB/s)(203MiB/300003msec)
    slat (usec): min=456, max=92202, avg=5748.10, stdev=4573.83
    clat (usec): min=13, max=2026.4k, avg=1466642.14, stdev=102637.40
     lat (msec): min=6, max=2033, avg=1472.39, stdev=102.76
    clat percentiles (msec):
     |  1.00th=[ 1301],  5.00th=[ 1351], 10.00th=[ 1368], 20.00th=[ 1401],
     | 30.00th=[ 1418], 40.00th=[ 1452], 50.00th=[ 1469], 60.00th=[ 1485],
     | 70.00th=[ 1502], 80.00th=[ 1536], 90.00th=[ 1586], 95.00th=[ 1620],
     | 99.00th=[ 1703], 99.50th=[ 1770], 99.90th=[ 1989], 99.95th=[ 2005],
     | 99.99th=[ 2022]
   bw (  KiB/s): min=    8, max=  888, per=99.77%, avg=692.94, stdev=70.31, samples=597
   iops        : min=    2, max=  222, avg=173.24, stdev=17.58, samples=597
  lat (usec)   : 20=0.01%
  lat (msec)   : 10=0.01%, 20=0.01%, 50=0.01%, 100=0.01%, 250=0.05%
  lat (msec)   : 500=0.08%, 750=0.07%, 1000=0.08%, 2000=99.63%, >=2000=0.06%
  cpu          : usr=0.39%, sys=2.50%, ctx=52032, majf=0, minf=295
  IO depths    : 1=0.1%, 2=0.1%, 4=0.1%, 8=0.1%, 16=0.1%, 32=0.1%, >=64=99.9%
     submit    : 0=0.0%, 4=100.0%, 8=0.0%, 16=0.0%, 32=0.0%, 64=0.0%, >=64=0.0%
     complete  : 0=0.0%, 4=100.0%, 8=0.0%, 16=0.0%, 32=0.0%, 64=0.0%, >=64=0.1%
     issued rwts: total=52020,0,0,0 short=0,0,0,0 dropped=0,0,0,0
     latency   : target=0, window=0, percentile=100.00%, depth=256

Run status group 0 (all jobs):
   READ: bw=694KiB/s (710kB/s), 694KiB/s-694KiB/s (710kB/s-710kB/s), io=203MiB (213MB), run=300003-300003msec
