test: (g=0): rw=read, bs=(R) 4096B-4096B, (W) 4096B-4096B, (T) 4096B-4096B, ioengine=libaio, iodepth=256
...
fio-3.27
Starting 2 processes
seq-read: Laying out IO file (1 file / 1024MiB)

test: (groupid=0, jobs=2): err= 0: pid=231992: Tue Jul 20 13:23:20 2021
  read: IOPS=33.4k, BW=130MiB/s (137MB/s)(38.3GiB/300808msec)
    slat (usec): min=10, max=654497, avg=48.55, stdev=962.81
    clat (usec): min=18, max=4018.2k, avg=15253.08, stdev=108404.70
     lat (msec): min=4, max=4020, avg=15.30, stdev=108.77
    clat percentiles (msec):
     |  1.00th=[    5],  5.00th=[    5], 10.00th=[    5], 20.00th=[    5],
     | 30.00th=[    5], 40.00th=[    5], 50.00th=[    5], 60.00th=[    5],
     | 70.00th=[    5], 80.00th=[    6], 90.00th=[   16], 95.00th=[   26],
     | 99.00th=[   78], 99.50th=[  592], 99.90th=[ 1770], 99.95th=[ 2333],
     | 99.99th=[ 3373]
   bw (  KiB/s): min=   16, max=331592, per=100.00%, avg=138908.94, stdev=40206.50, samples=1177
   iops        : min=    4, max=82898, avg=34727.09, stdev=10051.61, samples=1177
  lat (usec)   : 20=0.01%, 50=0.01%
  lat (msec)   : 10=88.18%, 20=4.95%, 50=5.84%, 100=0.04%, 250=0.05%
  lat (msec)   : 500=0.34%, 750=0.19%, 1000=0.14%, 2000=0.19%, >=2000=0.08%
  cpu          : usr=14.11%, sys=37.64%, ctx=90948, majf=0, minf=589
  IO depths    : 1=0.1%, 2=0.1%, 4=0.1%, 8=0.1%, 16=0.1%, 32=0.1%, >=64=100.0%
     submit    : 0=0.0%, 4=100.0%, 8=0.0%, 16=0.0%, 32=0.0%, 64=0.0%, >=64=0.0%
     complete  : 0=0.0%, 4=100.0%, 8=0.0%, 16=0.0%, 32=0.0%, 64=0.0%, >=64=0.1%
     issued rwts: total=10043934,0,0,0 short=0,0,0,0 dropped=0,0,0,0
     latency   : target=0, window=0, percentile=100.00%, depth=256

Run status group 0 (all jobs):
   READ: bw=130MiB/s (137MB/s), 130MiB/s-130MiB/s (137MB/s-137MB/s), io=38.3GiB (41.1GB), run=300808-300808msec
