test: (g=0): rw=randread, bs=(R) 4096B-4096B, (W) 4096B-4096B, (T) 4096B-4096B, ioengine=libaio, iodepth=256
...
fio-3.27
Starting 32 processes
rand-read: Laying out IO file (1 file / 1024MiB)
rand-read: Laying out IO file (1 file / 1024MiB)
rand-read: Laying out IO file (1 file / 1024MiB)
rand-read: Laying out IO file (1 file / 1024MiB)
rand-read: Laying out IO file (1 file / 1024MiB)
rand-read: Laying out IO file (1 file / 1024MiB)
rand-read: Laying out IO file (1 file / 1024MiB)
rand-read: Laying out IO file (1 file / 1024MiB)
rand-read: Laying out IO file (1 file / 1024MiB)
rand-read: Laying out IO file (1 file / 1024MiB)
rand-read: Laying out IO file (1 file / 1024MiB)
rand-read: Laying out IO file (1 file / 1024MiB)
rand-read: Laying out IO file (1 file / 1024MiB)
rand-read: Laying out IO file (1 file / 1024MiB)
rand-read: Laying out IO file (1 file / 1024MiB)
rand-read: Laying out IO file (1 file / 1024MiB)

test: (groupid=0, jobs=32): err= 0: pid=218563: Mon Jul 19 22:26:17 2021
  read: IOPS=611, BW=2447KiB/s (2506kB/s)(717MiB/300049msec)
    slat (usec): min=783, max=339817, avg=52273.09, stdev=15769.40
    clat (usec): min=14, max=15532k, avg=13092191.16, stdev=1680975.72
     lat (msec): min=27, max=15580, avg=13144.47, stdev=1681.45
    clat percentiles (msec):
     |  1.00th=[ 3004],  5.00th=[12281], 10.00th=[12550], 20.00th=[12818],
     | 30.00th=[13087], 40.00th=[13221], 50.00th=[13355], 60.00th=[13489],
     | 70.00th=[13624], 80.00th=[13758], 90.00th=[14026], 95.00th=[14295],
     | 99.00th=[14697], 99.50th=[14832], 99.90th=[15100], 99.95th=[15100],
     | 99.99th=[15368]
   bw (  KiB/s): min= 1120, max= 3056, per=99.46%, avg=2434.82, stdev= 8.20, samples=18416
   iops        : min=  280, max=  764, avg=608.70, stdev= 2.05, samples=18416
  lat (usec)   : 20=0.01%, 50=0.01%
  lat (msec)   : 50=0.01%, 100=0.02%, 250=0.05%, 500=0.09%, 750=0.08%
  lat (msec)   : 1000=0.08%, 2000=0.32%, >=2000=99.33%
  cpu          : usr=0.06%, sys=0.36%, ctx=183843, majf=0, minf=9441
  IO depths    : 1=0.1%, 2=0.1%, 4=0.1%, 8=0.1%, 16=0.3%, 32=0.6%, >=64=98.9%
     submit    : 0=0.0%, 4=100.0%, 8=0.0%, 16=0.0%, 32=0.0%, 64=0.0%, >=64=0.0%
     complete  : 0=0.0%, 4=100.0%, 8=0.0%, 16=0.0%, 32=0.0%, 64=0.0%, >=64=0.1%
     issued rwts: total=183571,0,0,0 short=0,0,0,0 dropped=0,0,0,0
     latency   : target=0, window=0, percentile=100.00%, depth=256

Run status group 0 (all jobs):
   READ: bw=2447KiB/s (2506kB/s), 2447KiB/s-2447KiB/s (2506kB/s-2506kB/s), io=717MiB (752MB), run=300049-300049msec
