test: (g=0): rw=randread, bs=(R) 4096B-4096B, (W) 4096B-4096B, (T) 4096B-4096B, ioengine=libaio, iodepth=256
...
fio-3.27
Starting 4 processes
rand-read: Laying out IO file (1 file / 1024MiB)
rand-read: Laying out IO file (1 file / 1024MiB)

test: (groupid=0, jobs=4): err= 0: pid=208561: Mon Jul 19 22:00:57 2021
  read: IOPS=476, BW=1907KiB/s (1953kB/s)(559MiB/300011msec)
    slat (usec): min=457, max=95714, avg=8367.24, stdev=5952.60
    clat (usec): min=17, max=2583.0k, avg=2132365.44, stdev=144546.26
     lat (msec): min=9, max=2589, avg=2140.74, stdev=144.70
    clat percentiles (msec):
     |  1.00th=[ 1888],  5.00th=[ 1972], 10.00th=[ 2005], 20.00th=[ 2056],
     | 30.00th=[ 2089], 40.00th=[ 2106], 50.00th=[ 2140], 60.00th=[ 2165],
     | 70.00th=[ 2198], 80.00th=[ 2232], 90.00th=[ 2265], 95.00th=[ 2299],
     | 99.00th=[ 2400], 99.50th=[ 2433], 99.90th=[ 2500], 99.95th=[ 2534],
     | 99.99th=[ 2567]
   bw (  KiB/s): min=  720, max= 2416, per=99.95%, avg=1906.01, stdev=46.77, samples=2382
   iops        : min=  180, max=  604, avg=476.50, stdev=11.69, samples=2382
  lat (usec)   : 20=0.01%, 50=0.01%
  lat (msec)   : 20=0.01%, 50=0.01%, 100=0.01%, 250=0.05%, 500=0.08%
  lat (msec)   : 750=0.09%, 1000=0.08%, 2000=8.61%, >=2000=91.06%
  cpu          : usr=0.32%, sys=2.01%, ctx=143059, majf=0, minf=1178
  IO depths    : 1=0.1%, 2=0.1%, 4=0.1%, 8=0.1%, 16=0.1%, 32=0.1%, >=64=99.8%
     submit    : 0=0.0%, 4=100.0%, 8=0.0%, 16=0.0%, 32=0.0%, 64=0.0%, >=64=0.0%
     complete  : 0=0.0%, 4=100.0%, 8=0.0%, 16=0.0%, 32=0.0%, 64=0.0%, >=64=0.1%
     issued rwts: total=143021,0,0,0 short=0,0,0,0 dropped=0,0,0,0
     latency   : target=0, window=0, percentile=100.00%, depth=256

Run status group 0 (all jobs):
   READ: bw=1907KiB/s (1953kB/s), 1907KiB/s-1907KiB/s (1953kB/s-1953kB/s), io=559MiB (586MB), run=300011-300011msec
