readwrite: (g=0): rw=rw, bs=(R) 4096B-4096B, (W) 4096B-4096B, (T) 4096B-4096B, ioengine=libaio, iodepth=256
...
fio-3.27
Starting 2 processes
readwrite: Laying out IO file (1 file / 1024MiB)

readwrite: (groupid=0, jobs=2): err= 0: pid=251581: Wed Jul 21 16:46:43 2021
  read: IOPS=9694, BW=37.9MiB/s (39.7MB/s)(11.1GiB/300001msec)
    slat (usec): min=7, max=499426, avg=109.77, stdev=2490.81
    clat (usec): min=12, max=11434k, avg=26519.91, stdev=256098.15
     lat (usec): min=104, max=11476k, avg=26630.39, stdev=257977.14
    clat percentiles (msec):
     |  1.00th=[   12],  5.00th=[   13], 10.00th=[   13], 20.00th=[   13],
     | 30.00th=[   13], 40.00th=[   14], 50.00th=[   14], 60.00th=[   14],
     | 70.00th=[   14], 80.00th=[   14], 90.00th=[   15], 95.00th=[   15],
     | 99.00th=[   35], 99.50th=[  138], 99.90th=[ 4799], 99.95th=[ 6074],
     | 99.99th=[ 9329]
   bw (  KiB/s): min=   40, max=82368, per=100.00%, avg=39179.26, stdev=7143.09, samples=1188
   iops        : min=   10, max=20592, avg=9794.79, stdev=1785.77, samples=1188
  write: IOPS=9689, BW=37.8MiB/s (39.7MB/s)(11.1GiB/300001msec); 0 zone resets
    slat (usec): min=68, max=133568, avg=75.80, stdev=119.56
    clat (usec): min=11, max=11462k, avg=26083.49, stdev=250608.55
     lat (usec): min=82, max=11462k, avg=26160.38, stdev=250610.00
    clat percentiles (msec):
     |  1.00th=[   12],  5.00th=[   13], 10.00th=[   13], 20.00th=[   13],
     | 30.00th=[   13], 40.00th=[   14], 50.00th=[   14], 60.00th=[   14],
     | 70.00th=[   14], 80.00th=[   14], 90.00th=[   15], 95.00th=[   15],
     | 99.00th=[   35], 99.50th=[  136], 99.90th=[ 4732], 99.95th=[ 5940],
     | 99.99th=[ 9060]
   bw (  KiB/s): min=   48, max=82144, per=100.00%, avg=39152.81, stdev=7145.99, samples=1189
   iops        : min=   12, max=20536, avg=9788.17, stdev=1786.50, samples=1189
  lat (usec)   : 20=0.01%, 100=0.01%, 250=0.01%, 500=0.01%, 750=0.01%
  lat (usec)   : 1000=0.01%
  lat (msec)   : 2=0.01%, 4=0.01%, 10=0.01%, 20=97.88%, 50=1.37%
  lat (msec)   : 100=0.09%, 250=0.30%, 500=0.04%, 750=0.02%, 1000=0.03%
  lat (msec)   : 2000=0.02%, >=2000=0.24%
  cpu          : usr=9.10%, sys=44.30%, ctx=17240, majf=0, minf=89
  IO depths    : 1=0.1%, 2=0.1%, 4=0.1%, 8=0.1%, 16=0.1%, 32=0.1%, >=64=100.0%
     submit    : 0=0.0%, 4=100.0%, 8=0.0%, 16=0.0%, 32=0.0%, 64=0.0%, >=64=0.0%
     complete  : 0=0.0%, 4=100.0%, 8=0.0%, 16=0.0%, 32=0.0%, 64=0.0%, >=64=0.1%
     issued rwts: total=2908413,2906726,0,0 short=0,0,0,0 dropped=0,0,0,0
     latency   : target=0, window=0, percentile=100.00%, depth=256

Run status group 0 (all jobs):
   READ: bw=37.9MiB/s (39.7MB/s), 37.9MiB/s-37.9MiB/s (39.7MB/s-39.7MB/s), io=11.1GiB (11.9GB), run=300001-300001msec
  WRITE: bw=37.8MiB/s (39.7MB/s), 37.8MiB/s-37.8MiB/s (39.7MB/s-39.7MB/s), io=11.1GiB (11.9GB), run=300001-300001msec
