readwrite: (g=0): rw=rw, bs=(R) 4096B-4096B, (W) 4096B-4096B, (T) 4096B-4096B, ioengine=libaio, iodepth=256
fio-3.27
Starting 1 process
readwrite: Laying out IO file (1 file / 1024MiB)

readwrite: (groupid=0, jobs=1): err= 0: pid=59194: Wed Jul 21 18:22:16 2021
  read: IOPS=7795, BW=30.5MiB/s (31.9MB/s)(9136MiB/300001msec)
    slat (usec): min=7, max=159455, avg=35.14, stdev=422.35
    clat (usec): min=169, max=944844, avg=16362.95, stdev=24235.05
     lat (usec): min=180, max=944854, avg=16398.91, stdev=24311.24
    clat percentiles (msec):
     |  1.00th=[   12],  5.00th=[   13], 10.00th=[   13], 20.00th=[   13],
     | 30.00th=[   13], 40.00th=[   13], 50.00th=[   14], 60.00th=[   14],
     | 70.00th=[   14], 80.00th=[   14], 90.00th=[   14], 95.00th=[   25],
     | 99.00th=[  115], 99.50th=[  136], 99.90th=[  197], 99.95th=[  330],
     | 99.99th=[  911]
   bw (  KiB/s): min=  128, max=41960, per=100.00%, avg=31454.78, stdev=12471.27, samples=594
   iops        : min=   32, max=10490, avg=7863.68, stdev=3117.81, samples=594
  write: IOPS=7790, BW=30.4MiB/s (31.9MB/s)(9130MiB/300001msec); 0 zone resets
    slat (usec): min=68, max=4895, avg=71.63, stdev=13.13
    clat (usec): min=11, max=944806, avg=16360.61, stdev=24102.22
     lat (usec): min=82, max=944876, avg=16433.34, stdev=24103.37
    clat percentiles (msec):
     |  1.00th=[   12],  5.00th=[   13], 10.00th=[   13], 20.00th=[   13],
     | 30.00th=[   13], 40.00th=[   13], 50.00th=[   14], 60.00th=[   14],
     | 70.00th=[   14], 80.00th=[   14], 90.00th=[   14], 95.00th=[   25],
     | 99.00th=[  115], 99.50th=[  136], 99.90th=[  199], 99.95th=[  284],
     | 99.99th=[  911]
   bw (  KiB/s): min=  152, max=41120, per=100.00%, avg=31433.79, stdev=12445.67, samples=594
   iops        : min=   38, max=10280, avg=7858.40, stdev=3111.40, samples=594
  lat (usec)   : 20=0.01%, 100=0.01%, 250=0.01%, 500=0.01%, 750=0.01%
  lat (usec)   : 1000=0.01%
  lat (msec)   : 2=0.01%, 4=0.01%, 10=0.01%, 20=94.78%, 50=2.92%
  lat (msec)   : 100=0.78%, 250=1.45%, 500=0.02%, 750=0.01%, 1000=0.04%
  cpu          : usr=15.15%, sys=73.14%, ctx=51063, majf=0, minf=43
  IO depths    : 1=0.1%, 2=0.1%, 4=0.1%, 8=0.1%, 16=0.1%, 32=0.1%, >=64=100.0%
     submit    : 0=0.0%, 4=100.0%, 8=0.0%, 16=0.0%, 32=0.0%, 64=0.0%, >=64=0.0%
     complete  : 0=0.0%, 4=100.0%, 8=0.0%, 16=0.0%, 32=0.0%, 64=0.0%, >=64=0.1%
     issued rwts: total=2338797,2337279,0,0 short=0,0,0,0 dropped=0,0,0,0
     latency   : target=0, window=0, percentile=100.00%, depth=256

Run status group 0 (all jobs):
   READ: bw=30.5MiB/s (31.9MB/s), 30.5MiB/s-30.5MiB/s (31.9MB/s-31.9MB/s), io=9136MiB (9580MB), run=300001-300001msec
  WRITE: bw=30.4MiB/s (31.9MB/s), 30.4MiB/s-30.4MiB/s (31.9MB/s-31.9MB/s), io=9130MiB (9573MB), run=300001-300001msec
