readwrite: (g=0): rw=rw, bs=(R) 4096B-4096B, (W) 4096B-4096B, (T) 4096B-4096B, ioengine=libaio, iodepth=256
...
fio-3.27
Starting 2 processes
readwrite: Laying out IO file (1 file / 1024MiB)

readwrite: (groupid=0, jobs=2): err= 0: pid=62441: Wed Jul 21 19:27:18 2021
  read: IOPS=15.8k, BW=61.9MiB/s (64.9MB/s)(18.1GiB/300170msec)
    slat (usec): min=7, max=186302, avg=30.06, stdev=444.53
    clat (usec): min=25, max=1063.7k, avg=16103.44, stdev=27355.70
     lat (usec): min=264, max=1063.7k, avg=16134.25, stdev=27458.94
    clat percentiles (msec):
     |  1.00th=[   12],  5.00th=[   13], 10.00th=[   13], 20.00th=[   13],
     | 30.00th=[   13], 40.00th=[   14], 50.00th=[   14], 60.00th=[   14],
     | 70.00th=[   14], 80.00th=[   14], 90.00th=[   15], 95.00th=[   17],
     | 99.00th=[  129], 99.50th=[  169], 99.90th=[  326], 99.95th=[  743],
     | 99.99th=[  953]
   bw (  KiB/s): min=  696, max=83240, per=100.00%, avg=64078.35, stdev=11550.86, samples=1187
   iops        : min=  174, max=20810, avg=16019.59, stdev=2887.72, samples=1187
  write: IOPS=15.8k, BW=61.9MiB/s (64.9MB/s)(18.1GiB/300170msec); 0 zone resets
    slat (usec): min=68, max=24566, avg=74.69, stdev=19.39
    clat (usec): min=11, max=1063.7k, avg=16089.45, stdev=27175.27
     lat (usec): min=83, max=1063.7k, avg=16165.24, stdev=27176.38
    clat percentiles (msec):
     |  1.00th=[   12],  5.00th=[   13], 10.00th=[   13], 20.00th=[   13],
     | 30.00th=[   13], 40.00th=[   14], 50.00th=[   14], 60.00th=[   14],
     | 70.00th=[   14], 80.00th=[   14], 90.00th=[   15], 95.00th=[   17],
     | 99.00th=[  129], 99.50th=[  169], 99.90th=[  321], 99.95th=[  701],
     | 99.99th=[  953]
   bw (  KiB/s): min=  632, max=81984, per=100.00%, avg=64088.23, stdev=11504.37, samples=1186
   iops        : min=  158, max=20496, avg=16022.03, stdev=2876.09, samples=1186
  lat (usec)   : 20=0.01%, 50=0.01%, 100=0.01%, 250=0.01%, 500=0.01%
  lat (usec)   : 750=0.01%, 1000=0.01%
  lat (msec)   : 2=0.01%, 4=0.01%, 10=0.01%, 20=96.60%, 50=2.09%
  lat (msec)   : 100=0.08%, 250=1.06%, 500=0.10%, 750=0.02%, 1000=0.04%
  lat (msec)   : 2000=0.01%
  cpu          : usr=15.18%, sys=74.23%, ctx=55392, majf=0, minf=84
  IO depths    : 1=0.1%, 2=0.1%, 4=0.1%, 8=0.1%, 16=0.1%, 32=0.1%, >=64=100.0%
     submit    : 0=0.0%, 4=100.0%, 8=0.0%, 16=0.0%, 32=0.0%, 64=0.0%, >=64=0.0%
     complete  : 0=0.0%, 4=100.0%, 8=0.0%, 16=0.0%, 32=0.0%, 64=0.0%, >=64=0.1%
     issued rwts: total=4756095,4753303,0,0 short=0,0,0,0 dropped=0,0,0,0
     latency   : target=0, window=0, percentile=100.00%, depth=256

Run status group 0 (all jobs):
   READ: bw=61.9MiB/s (64.9MB/s), 61.9MiB/s-61.9MiB/s (64.9MB/s-64.9MB/s), io=18.1GiB (19.5GB), run=300170-300170msec
  WRITE: bw=61.9MiB/s (64.9MB/s), 61.9MiB/s-61.9MiB/s (64.9MB/s-64.9MB/s), io=18.1GiB (19.5GB), run=300170-300170msec
