readwrite: (g=0): rw=rw, bs=(R) 4096B-4096B, (W) 4096B-4096B, (T) 4096B-4096B, ioengine=libaio, iodepth=256
...
fio-3.27
Starting 4 processes
readwrite: Laying out IO file (1 file / 1024MiB)
readwrite: Laying out IO file (1 file / 1024MiB)

readwrite: (groupid=0, jobs=4): err= 0: pid=245539: Wed Jul 21 16:52:34 2021
  read: IOPS=10.6k, BW=41.5MiB/s (43.5MB/s)(12.1GiB/300007msec)
    slat (usec): min=7, max=689820, avg=245.57, stdev=2886.03
    clat (usec): min=14, max=5370.1k, avg=48090.25, stdev=173043.42
     lat (msec): min=2, max=5372, avg=48.34, stdev=174.07
    clat percentiles (msec):
     |  1.00th=[   12],  5.00th=[   13], 10.00th=[   13], 20.00th=[   13],
     | 30.00th=[   14], 40.00th=[   14], 50.00th=[   14], 60.00th=[   14],
     | 70.00th=[   14], 80.00th=[   15], 90.00th=[   19], 95.00th=[  264],
     | 99.00th=[  844], 99.50th=[ 1167], 99.90th=[ 1989], 99.95th=[ 2433],
     | 99.99th=[ 3842]
   bw (  KiB/s): min=   56, max=162544, per=100.00%, avg=42680.75, stdev=15139.54, samples=2386
   iops        : min=   14, max=40634, avg=10670.11, stdev=3784.89, samples=2386
  write: IOPS=10.6k, BW=41.4MiB/s (43.4MB/s)(12.1GiB/300007msec); 0 zone resets
    slat (usec): min=68, max=1016.5k, avg=110.33, stdev=2423.73
    clat (msec): min=5, max=5364, avg=48.05, stdev=173.91
     lat (msec): min=6, max=5364, avg=48.16, stdev=174.12
    clat percentiles (msec):
     |  1.00th=[   12],  5.00th=[   13], 10.00th=[   13], 20.00th=[   13],
     | 30.00th=[   14], 40.00th=[   14], 50.00th=[   14], 60.00th=[   14],
     | 70.00th=[   14], 80.00th=[   15], 90.00th=[   19], 95.00th=[  262],
     | 99.00th=[  844], 99.50th=[ 1150], 99.90th=[ 2005], 99.95th=[ 2500],
     | 99.99th=[ 3910]
   bw (  KiB/s): min=   88, max=161992, per=100.00%, avg=42639.43, stdev=15129.57, samples=2387
   iops        : min=   22, max=40498, avg=10659.79, stdev=3782.40, samples=2387
  lat (usec)   : 20=0.01%, 50=0.01%
  lat (msec)   : 4=0.01%, 10=0.01%, 20=91.89%, 50=1.90%, 100=0.16%
  lat (msec)   : 250=0.90%, 500=2.56%, 750=1.30%, 1000=0.57%, 2000=0.61%
  lat (msec)   : >=2000=0.10%
  cpu          : usr=5.19%, sys=27.22%, ctx=175721, majf=0, minf=174
  IO depths    : 1=0.1%, 2=0.1%, 4=0.1%, 8=0.1%, 16=0.1%, 32=0.1%, >=64=100.0%
     submit    : 0=0.0%, 4=100.0%, 8=0.0%, 16=0.0%, 32=0.0%, 64=0.0%, >=64=0.0%
     complete  : 0=0.0%, 4=100.0%, 8=0.0%, 16=0.0%, 32=0.0%, 64=0.0%, >=64=0.1%
     issued rwts: total=3184240,3181409,0,0 short=0,0,0,0 dropped=0,0,0,0
     latency   : target=0, window=0, percentile=100.00%, depth=256

Run status group 0 (all jobs):
   READ: bw=41.5MiB/s (43.5MB/s), 41.5MiB/s-41.5MiB/s (43.5MB/s-43.5MB/s), io=12.1GiB (13.0GB), run=300007-300007msec
  WRITE: bw=41.4MiB/s (43.4MB/s), 41.4MiB/s-41.4MiB/s (43.4MB/s-43.4MB/s), io=12.1GiB (13.0GB), run=300007-300007msec
