test: (g=0): rw=randread, bs=(R) 4096B-4096B, (W) 4096B-4096B, (T) 4096B-4096B, ioengine=libaio, iodepth=256
fio-3.27
Starting 1 process
test: Laying out IO file (1 file / 1024MiB)

test: (groupid=0, jobs=1): err= 0: pid=127231: Tue Jul 20 11:05:15 2021
  read: IOPS=168, BW=675KiB/s (691kB/s)(198MiB/300007msec)
    slat (usec): min=461, max=74846, avg=5908.61, stdev=4392.17
    clat (usec): min=14, max=1780.3k, avg=1507834.23, stdev=91291.15
     lat (msec): min=9, max=1787, avg=1513.75, stdev=91.40
    clat percentiles (msec):
     |  1.00th=[ 1351],  5.00th=[ 1401], 10.00th=[ 1418], 20.00th=[ 1452],
     | 30.00th=[ 1469], 40.00th=[ 1502], 50.00th=[ 1519], 60.00th=[ 1536],
     | 70.00th=[ 1552], 80.00th=[ 1569], 90.00th=[ 1603], 95.00th=[ 1620],
     | 99.00th=[ 1687], 99.50th=[ 1720], 99.90th=[ 1754], 99.95th=[ 1754],
     | 99.99th=[ 1770]
   bw (  KiB/s): min=   96, max=  840, per=99.88%, avg=674.18, stdev=58.56, samples=597
   iops        : min=   24, max=  210, avg=168.54, stdev=14.64, samples=597
  lat (usec)   : 20=0.01%
  lat (msec)   : 10=0.01%, 20=0.01%, 50=0.01%, 100=0.02%, 250=0.05%
  lat (msec)   : 500=0.06%, 750=0.08%, 1000=0.08%, 2000=99.69%
  cpu          : usr=0.38%, sys=2.45%, ctx=50626, majf=0, minf=293
  IO depths    : 1=0.1%, 2=0.1%, 4=0.1%, 8=0.1%, 16=0.1%, 32=0.1%, >=64=99.9%
     submit    : 0=0.0%, 4=100.0%, 8=0.0%, 16=0.0%, 32=0.0%, 64=0.0%, >=64=0.0%
     complete  : 0=0.0%, 4=100.0%, 8=0.0%, 16=0.0%, 32=0.0%, 64=0.0%, >=64=0.1%
     issued rwts: total=50612,0,0,0 short=0,0,0,0 dropped=0,0,0,0
     latency   : target=0, window=0, percentile=100.00%, depth=256

Run status group 0 (all jobs):
   READ: bw=675KiB/s (691kB/s), 675KiB/s-675KiB/s (691kB/s-691kB/s), io=198MiB (207MB), run=300007-300007msec
