test: (g=0): rw=randread, bs=(R) 4096B-4096B, (W) 4096B-4096B, (T) 4096B-4096B, ioengine=libaio, iodepth=256
...
fio-3.27
Starting 16 processes
rand-read: Laying out IO file (1 file / 1024MiB)
rand-read: Laying out IO file (1 file / 1024MiB)
rand-read: Laying out IO file (1 file / 1024MiB)
rand-read: Laying out IO file (1 file / 1024MiB)
rand-read: Laying out IO file (1 file / 1024MiB)
rand-read: Laying out IO file (1 file / 1024MiB)
rand-read: Laying out IO file (1 file / 1024MiB)
rand-read: Laying out IO file (1 file / 1024MiB)

test: (groupid=0, jobs=16): err= 0: pid=157489: Mon Jul 19 19:45:04 2021
  read: IOPS=1008, BW=4034KiB/s (4131kB/s)(1182MiB/300030msec)
    slat (usec): min=501, max=290319, avg=15839.82, stdev=13059.08
    clat (usec): min=14, max=5830.8k, avg=4025294.31, stdev=458527.19
     lat (msec): min=3, max=5838, avg=4041.14, stdev=459.48
    clat percentiles (msec):
     |  1.00th=[ 2836],  5.00th=[ 3306], 10.00th=[ 3641], 20.00th=[ 3809],
     | 30.00th=[ 3876], 40.00th=[ 3977], 50.00th=[ 4044], 60.00th=[ 4111],
     | 70.00th=[ 4178], 80.00th=[ 4329], 90.00th=[ 4463], 95.00th=[ 4665],
     | 99.00th=[ 5134], 99.50th=[ 5201], 99.90th=[ 5470], 99.95th=[ 5604],
     | 99.99th=[ 5738]
   bw (  KiB/s): min= 1816, max= 6440, per=99.58%, avg=4017.50, stdev=40.91, samples=9493
   iops        : min=  454, max= 1610, avg=1004.37, stdev=10.23, samples=9493
  lat (usec)   : 20=0.01%, 50=0.01%
  lat (msec)   : 4=0.01%, 10=0.01%, 20=0.01%, 50=0.01%, 100=0.02%
  lat (msec)   : 250=0.06%, 500=0.09%, 750=0.08%, 1000=0.08%, 2000=0.32%
  lat (msec)   : >=2000=99.33%
  cpu          : usr=0.18%, sys=1.09%, ctx=302736, majf=0, minf=4721
  IO depths    : 1=0.1%, 2=0.1%, 4=0.1%, 8=0.1%, 16=0.1%, 32=0.2%, >=64=99.7%
     submit    : 0=0.0%, 4=100.0%, 8=0.0%, 16=0.0%, 32=0.0%, 64=0.0%, >=64=0.0%
     complete  : 0=0.0%, 4=100.0%, 8=0.0%, 16=0.0%, 32=0.0%, 64=0.0%, >=64=0.1%
     issued rwts: total=302578,0,0,0 short=0,0,0,0 dropped=0,0,0,0
     latency   : target=0, window=0, percentile=100.00%, depth=256

Run status group 0 (all jobs):
   READ: bw=4034KiB/s (4131kB/s), 4034KiB/s-4034KiB/s (4131kB/s-4131kB/s), io=1182MiB (1239MB), run=300030-300030msec
