readwrite: (g=0): rw=rw, bs=(R) 4096B-4096B, (W) 4096B-4096B, (T) 4096B-4096B, ioengine=libaio, iodepth=256
...
fio-3.27
Starting 32 processes
readwrite: Laying out IO file (1 file / 1024MiB)
readwrite: Laying out IO file (1 file / 1024MiB)
readwrite: Laying out IO file (1 file / 1024MiB)
readwrite: Laying out IO file (1 file / 1024MiB)
readwrite: Laying out IO file (1 file / 1024MiB)
readwrite: Laying out IO file (1 file / 1024MiB)
readwrite: Laying out IO file (1 file / 1024MiB)
readwrite: Laying out IO file (1 file / 1024MiB)
readwrite: Laying out IO file (1 file / 1024MiB)
readwrite: Laying out IO file (1 file / 1024MiB)
readwrite: Laying out IO file (1 file / 1024MiB)
readwrite: Laying out IO file (1 file / 1024MiB)
readwrite: Laying out IO file (1 file / 1024MiB)
readwrite: Laying out IO file (1 file / 1024MiB)
readwrite: Laying out IO file (1 file / 1024MiB)
readwrite: Laying out IO file (1 file / 1024MiB)

readwrite: (groupid=0, jobs=32): err= 0: pid=93318: Wed Jul 21 17:59:57 2021
  read: IOPS=30.3k, BW=118MiB/s (124MB/s)(34.7GiB/300165msec)
    slat (usec): min=7, max=3376.6k, avg=951.30, stdev=13513.37
    clat (usec): min=14, max=40923k, avg=135565.25, stdev=1325114.22
     lat (usec): min=107, max=41093k, avg=136517.30, stdev=1334890.34
    clat percentiles (msec):
     |  1.00th=[   13],  5.00th=[   13], 10.00th=[   13], 20.00th=[   14],
     | 30.00th=[   14], 40.00th=[   14], 50.00th=[   14], 60.00th=[   15],
     | 70.00th=[   15], 80.00th=[   15], 90.00th=[   16], 95.00th=[   19],
     | 99.00th=[ 3742], 99.50th=[ 9597], 99.90th=[17113], 99.95th=[17113],
     | 99.99th=[17113]
   bw (  KiB/s): min=  256, max=790247, per=100.00%, avg=126106.28, stdev=8859.58, samples=17908
   iops        : min=   64, max=197560, avg=31526.30, stdev=2214.88, samples=17908
  write: IOPS=30.3k, BW=118MiB/s (124MB/s)(34.7GiB/300165msec); 0 zone resets
    slat (usec): min=68, max=622434, avg=83.93, stdev=679.94
    clat (usec): min=11, max=40923k, avg=133624.67, stdev=1320113.47
     lat (usec): min=89, max=40924k, avg=133709.71, stdev=1320133.17
    clat percentiles (msec):
     |  1.00th=[   13],  5.00th=[   13], 10.00th=[   13], 20.00th=[   14],
     | 30.00th=[   14], 40.00th=[   14], 50.00th=[   14], 60.00th=[   15],
     | 70.00th=[   15], 80.00th=[   15], 90.00th=[   16], 95.00th=[   18],
     | 99.00th=[ 3406], 99.50th=[ 9597], 99.90th=[17113], 99.95th=[17113],
     | 99.99th=[17113]
   bw (  KiB/s): min=  256, max=787902, per=100.00%, avg=126229.48, stdev=8866.80, samples=17919
   iops        : min=   64, max=196974, avg=31557.09, stdev=2216.68, samples=17919
  lat (usec)   : 20=0.01%, 50=0.01%, 100=0.01%, 250=0.01%, 500=0.01%
  lat (usec)   : 750=0.01%, 1000=0.01%
  lat (msec)   : 2=0.01%, 4=0.01%, 10=0.01%, 20=97.10%, 50=1.19%
  lat (msec)   : 100=0.16%, 250=0.20%, 500=0.09%, 750=0.04%, 1000=0.06%
  lat (msec)   : 2000=0.06%, >=2000=1.10%
  cpu          : usr=1.80%, sys=9.21%, ctx=109043, majf=0, minf=1409
  IO depths    : 1=0.1%, 2=0.1%, 4=0.1%, 8=0.1%, 16=0.1%, 32=0.1%, >=64=100.0%
     submit    : 0=0.0%, 4=100.0%, 8=0.0%, 16=0.0%, 32=0.0%, 64=0.0%, >=64=0.0%
     complete  : 0=0.0%, 4=100.0%, 8=0.0%, 16=0.0%, 32=0.0%, 64=0.0%, >=64=0.1%
     issued rwts: total=9092578,9094182,0,0 short=0,0,0,0 dropped=0,0,0,0
     latency   : target=0, window=0, percentile=100.00%, depth=256

Run status group 0 (all jobs):
   READ: bw=118MiB/s (124MB/s), 118MiB/s-118MiB/s (124MB/s-124MB/s), io=34.7GiB (37.2GB), run=300165-300165msec
  WRITE: bw=118MiB/s (124MB/s), 118MiB/s-118MiB/s (124MB/s-124MB/s), io=34.7GiB (37.2GB), run=300165-300165msec
