test: (g=0): rw=randread, bs=(R) 4096B-4096B, (W) 4096B-4096B, (T) 4096B-4096B, ioengine=libaio, iodepth=256
...
fio-3.27
Starting 64 processes
rand-read: Laying out IO file (1 file / 1024MiB)
rand-read: Laying out IO file (1 file / 1024MiB)
rand-read: Laying out IO file (1 file / 1024MiB)
rand-read: Laying out IO file (1 file / 1024MiB)
rand-read: Laying out IO file (1 file / 1024MiB)
rand-read: Laying out IO file (1 file / 1024MiB)
rand-read: Laying out IO file (1 file / 1024MiB)
rand-read: Laying out IO file (1 file / 1024MiB)
rand-read: Laying out IO file (1 file / 1024MiB)
rand-read: Laying out IO file (1 file / 1024MiB)
rand-read: Laying out IO file (1 file / 1024MiB)
rand-read: Laying out IO file (1 file / 1024MiB)
rand-read: Laying out IO file (1 file / 1024MiB)
rand-read: Laying out IO file (1 file / 1024MiB)
rand-read: Laying out IO file (1 file / 1024MiB)
rand-read: Laying out IO file (1 file / 1024MiB)
rand-read: Laying out IO file (1 file / 1024MiB)
rand-read: Laying out IO file (1 file / 1024MiB)
rand-read: Laying out IO file (1 file / 1024MiB)
rand-read: Laying out IO file (1 file / 1024MiB)
rand-read: Laying out IO file (1 file / 1024MiB)
rand-read: Laying out IO file (1 file / 1024MiB)
rand-read: Laying out IO file (1 file / 1024MiB)
rand-read: Laying out IO file (1 file / 1024MiB)
rand-read: Laying out IO file (1 file / 1024MiB)
rand-read: Laying out IO file (1 file / 1024MiB)
rand-read: Laying out IO file (1 file / 1024MiB)
rand-read: Laying out IO file (1 file / 1024MiB)
rand-read: Laying out IO file (1 file / 1024MiB)
rand-read: Laying out IO file (1 file / 1024MiB)
rand-read: Laying out IO file (1 file / 1024MiB)
rand-read: Laying out IO file (1 file / 1024MiB)

test: (groupid=0, jobs=64): err= 0: pid=139319: Mon Jul 19 19:30:53 2021
  read: IOPS=2853, BW=11.1MiB/s (11.7MB/s)(3345MiB/300048msec)
    slat (usec): min=582, max=925445, avg=22396.53, stdev=19157.59
    clat (usec): min=15, max=13836k, avg=5676780.89, stdev=1342412.27
     lat (msec): min=3, max=13870, avg=5699.18, stdev=1346.91
    clat percentiles (msec):
     |  1.00th=[ 3037],  5.00th=[ 4396], 10.00th=[ 4530], 20.00th=[ 4732],
     | 30.00th=[ 4866], 40.00th=[ 5000], 50.00th=[ 5134], 60.00th=[ 5403],
     | 70.00th=[ 6275], 80.00th=[ 6745], 90.00th=[ 7752], 95.00th=[ 8288],
     | 99.00th=[ 9463], 99.50th=[10000], 99.90th=[11342], 99.95th=[11879],
     | 99.99th=[13087]
   bw (  KiB/s): min= 3800, max=17080, per=99.60%, avg=11370.80, stdev=30.78, samples=37739
   iops        : min=  950, max= 4270, avg=2842.70, stdev= 7.69, samples=37739
  lat (usec)   : 20=0.01%, 50=0.01%
  lat (msec)   : 4=0.01%, 10=0.01%, 20=0.01%, 50=0.01%, 100=0.02%
  lat (msec)   : 250=0.05%, 500=0.09%, 750=0.08%, 1000=0.08%, 2000=0.33%
  lat (msec)   : >=2000=99.34%
  cpu          : usr=0.13%, sys=0.81%, ctx=856904, majf=0, minf=18884
  IO depths    : 1=0.1%, 2=0.1%, 4=0.1%, 8=0.1%, 16=0.1%, 32=0.2%, >=64=99.5%
     submit    : 0=0.0%, 4=100.0%, 8=0.0%, 16=0.0%, 32=0.0%, 64=0.0%, >=64=0.0%
     complete  : 0=0.0%, 4=100.0%, 8=0.0%, 16=0.0%, 32=0.0%, 64=0.0%, >=64=0.1%
     issued rwts: total=856300,0,0,0 short=0,0,0,0 dropped=0,0,0,0
     latency   : target=0, window=0, percentile=100.00%, depth=256

Run status group 0 (all jobs):
   READ: bw=11.1MiB/s (11.7MB/s), 11.1MiB/s-11.1MiB/s (11.7MB/s-11.7MB/s), io=3345MiB (3507MB), run=300048-300048msec
