test: (g=0): rw=randread, bs=(R) 4096B-4096B, (W) 4096B-4096B, (T) 4096B-4096B, ioengine=libaio, iodepth=256
...
fio-3.27
Starting 8 processes
rand-read: Laying out IO file (1 file / 1024MiB)
rand-read: Laying out IO file (1 file / 1024MiB)
rand-read: Laying out IO file (1 file / 1024MiB)
rand-read: Laying out IO file (1 file / 1024MiB)

test: (groupid=0, jobs=8): err= 0: pid=149183: Tue Jul 20 10:23:53 2021
  read: IOPS=784, BW=3138KiB/s (3213kB/s)(919MiB/300039msec)
    slat (usec): min=486, max=117843, avg=10174.60, stdev=7859.81
    clat (usec): min=12, max=3266.3k, avg=2589142.68, stdev=206647.56
     lat (msec): min=2, max=3278, avg=2599.32, stdev=206.94
    clat percentiles (msec):
     |  1.00th=[ 2232],  5.00th=[ 2366], 10.00th=[ 2433], 20.00th=[ 2467],
     | 30.00th=[ 2534], 40.00th=[ 2567], 50.00th=[ 2601], 60.00th=[ 2635],
     | 70.00th=[ 2668], 80.00th=[ 2702], 90.00th=[ 2802], 95.00th=[ 2836],
     | 99.00th=[ 2970], 99.50th=[ 3004], 99.90th=[ 3138], 99.95th=[ 3171],
     | 99.99th=[ 3239]
   bw (  KiB/s): min= 1584, max= 4192, per=99.95%, avg=3136.04, stdev=44.12, samples=4753
   iops        : min=  396, max= 1048, avg=784.01, stdev=11.03, samples=4753
  lat (usec)   : 20=0.01%, 50=0.01%
  lat (msec)   : 4=0.01%, 10=0.01%, 20=0.01%, 50=0.01%, 100=0.03%
  lat (msec)   : 250=0.07%, 500=0.08%, 750=0.09%, 1000=0.09%, 2000=0.34%
  lat (msec)   : >=2000=99.27%
  cpu          : usr=0.26%, sys=1.65%, ctx=235416, majf=0, minf=2361
  IO depths    : 1=0.1%, 2=0.1%, 4=0.1%, 8=0.1%, 16=0.1%, 32=0.1%, >=64=99.8%
     submit    : 0=0.0%, 4=100.0%, 8=0.0%, 16=0.0%, 32=0.0%, 64=0.0%, >=64=0.0%
     complete  : 0=0.0%, 4=100.0%, 8=0.0%, 16=0.0%, 32=0.0%, 64=0.0%, >=64=0.1%
     issued rwts: total=235344,0,0,0 short=0,0,0,0 dropped=0,0,0,0
     latency   : target=0, window=0, percentile=100.00%, depth=256

Run status group 0 (all jobs):
   READ: bw=3138KiB/s (3213kB/s), 3138KiB/s-3138KiB/s (3213kB/s-3213kB/s), io=919MiB (964MB), run=300039-300039msec
