test: (g=0): rw=randread, bs=(R) 4096B-4096B, (W) 4096B-4096B, (T) 4096B-4096B, ioengine=libaio, iodepth=256
...
fio-3.27
Starting 32 processes
rand-read: Laying out IO file (1 file / 1024MiB)
rand-read: Laying out IO file (1 file / 1024MiB)
rand-read: Laying out IO file (1 file / 1024MiB)
rand-read: Laying out IO file (1 file / 1024MiB)
rand-read: Laying out IO file (1 file / 1024MiB)
rand-read: Laying out IO file (1 file / 1024MiB)
rand-read: Laying out IO file (1 file / 1024MiB)
rand-read: Laying out IO file (1 file / 1024MiB)
rand-read: Laying out IO file (1 file / 1024MiB)
rand-read: Laying out IO file (1 file / 1024MiB)
rand-read: Laying out IO file (1 file / 1024MiB)
rand-read: Laying out IO file (1 file / 1024MiB)
rand-read: Laying out IO file (1 file / 1024MiB)
rand-read: Laying out IO file (1 file / 1024MiB)
rand-read: Laying out IO file (1 file / 1024MiB)
rand-read: Laying out IO file (1 file / 1024MiB)

test: (groupid=0, jobs=32): err= 0: pid=122840: Mon Jul 19 19:10:54 2021
  read: IOPS=2480, BW=9922KiB/s (10.2MB/s)(2907MiB/300046msec)
    slat (usec): min=483, max=237693, avg=12873.69, stdev=10613.99
    clat (usec): min=15, max=5524.6k, avg=3269285.38, stdev=502717.40
     lat (msec): min=3, max=5537, avg=3282.16, stdev=504.28
    clat percentiles (msec):
     |  1.00th=[ 2400],  5.00th=[ 2668], 10.00th=[ 2735], 20.00th=[ 2836],
     | 30.00th=[ 2937], 40.00th=[ 3071], 50.00th=[ 3272], 60.00th=[ 3406],
     | 70.00th=[ 3540], 80.00th=[ 3675], 90.00th=[ 3876], 95.00th=[ 4044],
     | 99.00th=[ 4530], 99.50th=[ 4732], 99.90th=[ 5134], 99.95th=[ 5201],
     | 99.99th=[ 5403]
   bw (  KiB/s): min= 3680, max=15280, per=100.00%, avg=9926.33, stdev=56.17, samples=18947
   iops        : min=  920, max= 3820, avg=2481.59, stdev=14.04, samples=18947
  lat (usec)   : 20=0.01%, 50=0.01%, 100=0.01%
  lat (msec)   : 4=0.01%, 10=0.01%, 20=0.01%, 50=0.01%, 100=0.02%
  lat (msec)   : 250=0.06%, 500=0.10%, 750=0.10%, 1000=0.10%, 2000=0.38%
  lat (msec)   : >=2000=99.21%
  cpu          : usr=0.23%, sys=1.37%, ctx=744626, majf=0, minf=9445
  IO depths    : 1=0.1%, 2=0.1%, 4=0.1%, 8=0.1%, 16=0.1%, 32=0.1%, >=64=99.7%
     submit    : 0=0.0%, 4=100.0%, 8=0.0%, 16=0.0%, 32=0.0%, 64=0.0%, >=64=0.0%
     complete  : 0=0.0%, 4=100.0%, 8=0.0%, 16=0.0%, 32=0.0%, 64=0.0%, >=64=0.1%
     issued rwts: total=744271,0,0,0 short=0,0,0,0 dropped=0,0,0,0
     latency   : target=0, window=0, percentile=100.00%, depth=256

Run status group 0 (all jobs):
   READ: bw=9922KiB/s (10.2MB/s), 9922KiB/s-9922KiB/s (10.2MB/s-10.2MB/s), io=2907MiB (3049MB), run=300046-300046msec
