readwrite: (g=0): rw=rw, bs=(R) 4096B-4096B, (W) 4096B-4096B, (T) 4096B-4096B, ioengine=libaio, iodepth=256
fio-3.27
Starting 1 process
readwrite: Laying out IO file (1 file / 1024MiB)

readwrite: (groupid=0, jobs=1): err= 0: pid=227060: Wed Jul 21 16:41:13 2021
  read: IOPS=2090, BW=8363KiB/s (8563kB/s)(2450MiB/300001msec)
    slat (usec): min=7, max=217294, avg=383.10, stdev=3713.94
    clat (usec): min=20, max=5216.5k, avg=61310.43, stdev=268410.20
     lat (usec): min=37, max=5221.0k, avg=61694.43, stdev=270304.24
    clat percentiles (msec):
     |  1.00th=[   12],  5.00th=[   13], 10.00th=[   13], 20.00th=[   13],
     | 30.00th=[   13], 40.00th=[   13], 50.00th=[   14], 60.00th=[   14],
     | 70.00th=[   14], 80.00th=[   14], 90.00th=[   34], 95.00th=[  126],
     | 99.00th=[ 1418], 99.50th=[ 1955], 99.90th=[ 3205], 99.95th=[ 3742],
     | 99.99th=[ 4732]
   bw (  KiB/s): min=   24, max=41456, per=99.81%, avg=8347.93, stdev=14607.54, samples=598
   iops        : min=    6, max=10364, avg=2086.97, stdev=3651.86, samples=598
  write: IOPS=2088, BW=8356KiB/s (8556kB/s)(2448MiB/300001msec); 0 zone resets
    slat (usec): min=68, max=4182, avg=73.34, stdev=15.10
    clat (usec): min=73, max=5152.5k, avg=60654.02, stdev=264732.56
     lat (usec): min=143, max=5152.7k, avg=60728.47, stdev=264735.45
    clat percentiles (msec):
     |  1.00th=[   12],  5.00th=[   13], 10.00th=[   13], 20.00th=[   13],
     | 30.00th=[   13], 40.00th=[   13], 50.00th=[   14], 60.00th=[   14],
     | 70.00th=[   14], 80.00th=[   14], 90.00th=[   34], 95.00th=[  126],
     | 99.00th=[ 1418], 99.50th=[ 1921], 99.90th=[ 3171], 99.95th=[ 3742],
     | 99.99th=[ 4597]
   bw (  KiB/s): min=   16, max=41280, per=99.81%, avg=8340.32, stdev=14592.04, samples=598
   iops        : min=    4, max=10320, avg=2085.06, stdev=3647.98, samples=598
  lat (usec)   : 50=0.01%, 100=0.01%, 250=0.01%, 500=0.01%, 750=0.01%
  lat (usec)   : 1000=0.01%
  lat (msec)   : 2=0.01%, 4=0.01%, 10=0.01%, 20=88.56%, 50=3.13%
  lat (msec)   : 100=0.85%, 250=4.09%, 500=0.37%, 750=0.47%, 1000=0.69%
  lat (msec)   : 2000=1.36%, >=2000=0.47%
  cpu          : usr=4.16%, sys=21.44%, ctx=50658, majf=0, minf=45
  IO depths    : 1=0.1%, 2=0.1%, 4=0.1%, 8=0.1%, 16=0.1%, 32=0.1%, >=64=100.0%
     submit    : 0=0.0%, 4=100.0%, 8=0.0%, 16=0.0%, 32=0.0%, 64=0.0%, >=64=0.0%
     complete  : 0=0.0%, 4=100.0%, 8=0.0%, 16=0.0%, 32=0.0%, 64=0.0%, >=64=0.1%
     issued rwts: total=627199,626670,0,0 short=0,0,0,0 dropped=0,0,0,0
     latency   : target=0, window=0, percentile=100.00%, depth=256

Run status group 0 (all jobs):
   READ: bw=8363KiB/s (8563kB/s), 8363KiB/s-8363KiB/s (8563kB/s-8563kB/s), io=2450MiB (2569MB), run=300001-300001msec
  WRITE: bw=8356KiB/s (8556kB/s), 8356KiB/s-8356KiB/s (8556kB/s-8556kB/s), io=2448MiB (2567MB), run=300001-300001msec
