test: (g=0): rw=read, bs=(R) 4096B-4096B, (W) 4096B-4096B, (T) 4096B-4096B, ioengine=libaio, iodepth=256
...
fio-3.27
Starting 2 processes

test: (groupid=0, jobs=2): err= 0: pid=249899: Fri Jul 16 02:58:04 2021
  read: IOPS=34.6k, BW=135MiB/s (142MB/s)(39.6GiB/300023msec)
    slat (usec): min=10, max=302490, avg=46.62, stdev=669.07
    clat (usec): min=10, max=3035.6k, avg=14743.92, stdev=89403.83
     lat (usec): min=23, max=3038.8k, avg=14791.30, stdev=89712.53
    clat percentiles (msec):
     |  1.00th=[    5],  5.00th=[    5], 10.00th=[    5], 20.00th=[    5],
     | 30.00th=[    5], 40.00th=[    5], 50.00th=[    5], 60.00th=[    5],
     | 70.00th=[    5], 80.00th=[    6], 90.00th=[   16], 95.00th=[   26],
     | 99.00th=[   35], 99.50th=[  835], 99.90th=[ 1301], 99.95th=[ 1452],
     | 99.99th=[ 1737]
   bw (  KiB/s): min=   88, max=330136, per=100.00%, avg=143728.65, stdev=47664.03, samples=1171
   iops        : min=   22, max=82534, avg=35932.16, stdev=11916.00, samples=1171
  lat (usec)   : 20=0.01%, 50=0.01%, 100=0.01%, 250=0.01%, 500=0.01%
  lat (usec)   : 750=0.01%, 1000=0.01%
  lat (msec)   : 2=0.01%, 4=0.01%, 10=88.41%, 20=4.80%, 50=5.84%
  lat (msec)   : 100=0.04%, 250=0.01%, 500=0.05%, 750=0.27%, 1000=0.32%
  lat (msec)   : 2000=0.26%, >=2000=0.01%
  cpu          : usr=14.56%, sys=38.66%, ctx=84905, majf=0, minf=590
  IO depths    : 1=0.1%, 2=0.1%, 4=0.1%, 8=0.1%, 16=0.1%, 32=0.1%, >=64=100.0%
     submit    : 0=0.0%, 4=100.0%, 8=0.0%, 16=0.0%, 32=0.0%, 64=0.0%, >=64=0.0%
     complete  : 0=0.0%, 4=100.0%, 8=0.0%, 16=0.0%, 32=0.0%, 64=0.0%, >=64=0.1%
     issued rwts: total=10373854,0,0,0 short=0,0,0,0 dropped=0,0,0,0
     latency   : target=0, window=0, percentile=100.00%, depth=256

Run status group 0 (all jobs):
   READ: bw=135MiB/s (142MB/s), 135MiB/s-135MiB/s (142MB/s-142MB/s), io=39.6GiB (42.5GB), run=300023-300023msec
