test: (g=0): rw=randread, bs=(R) 4096B-4096B, (W) 4096B-4096B, (T) 4096B-4096B, ioengine=libaio, iodepth=256
fio-3.27
Starting 1 process
test: Laying out IO file (1 file / 1024MiB)

test: (groupid=0, jobs=1): err= 0: pid=178888: Mon Jul 19 21:49:36 2021
  read: IOPS=168, BW=675KiB/s (691kB/s)(198MiB/300005msec)
    slat (usec): min=481, max=87303, avg=5909.58, stdev=4399.49
    clat (usec): min=14, max=1767.9k, avg=1507734.74, stdev=98397.69
     lat (msec): min=6, max=1771, avg=1513.65, stdev=98.52
    clat percentiles (msec):
     |  1.00th=[ 1334],  5.00th=[ 1385], 10.00th=[ 1418], 20.00th=[ 1435],
     | 30.00th=[ 1469], 40.00th=[ 1485], 50.00th=[ 1502], 60.00th=[ 1536],
     | 70.00th=[ 1552], 80.00th=[ 1586], 90.00th=[ 1620], 95.00th=[ 1653],
     | 99.00th=[ 1703], 99.50th=[ 1720], 99.90th=[ 1754], 99.95th=[ 1754],
     | 99.99th=[ 1754]
   bw (  KiB/s): min=   24, max=  864, per=99.89%, avg=674.15, stdev=64.25, samples=597
   iops        : min=    6, max=  216, avg=168.52, stdev=16.06, samples=597
  lat (usec)   : 20=0.01%
  lat (msec)   : 10=0.01%, 20=0.01%, 50=0.01%, 100=0.03%, 250=0.05%
  lat (msec)   : 500=0.04%, 750=0.09%, 1000=0.09%, 2000=99.69%
  cpu          : usr=0.36%, sys=2.38%, ctx=50618, majf=0, minf=294
  IO depths    : 1=0.1%, 2=0.1%, 4=0.1%, 8=0.1%, 16=0.1%, 32=0.1%, >=64=99.9%
     submit    : 0=0.0%, 4=100.0%, 8=0.0%, 16=0.0%, 32=0.0%, 64=0.0%, >=64=0.0%
     complete  : 0=0.0%, 4=100.0%, 8=0.0%, 16=0.0%, 32=0.0%, 64=0.0%, >=64=0.1%
     issued rwts: total=50608,0,0,0 short=0,0,0,0 dropped=0,0,0,0
     latency   : target=0, window=0, percentile=100.00%, depth=256

Run status group 0 (all jobs):
   READ: bw=675KiB/s (691kB/s), 675KiB/s-675KiB/s (691kB/s-691kB/s), io=198MiB (207MB), run=300005-300005msec
