readwrite: (g=0): rw=rw, bs=(R) 4096B-4096B, (W) 4096B-4096B, (T) 4096B-4096B, ioengine=libaio, iodepth=256
...
fio-3.27
Starting 32 processes
readwrite: Laying out IO file (1 file / 1024MiB)
readwrite: Laying out IO file (1 file / 1024MiB)
readwrite: Laying out IO file (1 file / 1024MiB)
readwrite: Laying out IO file (1 file / 1024MiB)
readwrite: Laying out IO file (1 file / 1024MiB)
readwrite: Laying out IO file (1 file / 1024MiB)
readwrite: Laying out IO file (1 file / 1024MiB)
readwrite: Laying out IO file (1 file / 1024MiB)
readwrite: Laying out IO file (1 file / 1024MiB)
readwrite: Laying out IO file (1 file / 1024MiB)
readwrite: Laying out IO file (1 file / 1024MiB)
readwrite: Laying out IO file (1 file / 1024MiB)
readwrite: Laying out IO file (1 file / 1024MiB)
readwrite: Laying out IO file (1 file / 1024MiB)
readwrite: Laying out IO file (1 file / 1024MiB)
readwrite: Laying out IO file (1 file / 1024MiB)

readwrite: (groupid=0, jobs=32): err= 0: pid=117644: Wed Jul 21 19:59:28 2021
  read: IOPS=20.8k, BW=81.4MiB/s (85.3MB/s)(23.8GiB/300104msec)
    slat (usec): min=7, max=2357.4k, avg=1432.84, stdev=16937.14
    clat (usec): min=13, max=50662k, avg=196267.94, stdev=1662168.00
     lat (usec): min=113, max=50797k, avg=197701.54, stdev=1674109.98
    clat percentiles (msec):
     |  1.00th=[   13],  5.00th=[   13], 10.00th=[   13], 20.00th=[   14],
     | 30.00th=[   14], 40.00th=[   14], 50.00th=[   14], 60.00th=[   15],
     | 70.00th=[   15], 80.00th=[   15], 90.00th=[   16], 95.00th=[   19],
     | 99.00th=[ 9060], 99.50th=[13892], 99.90th=[17113], 99.95th=[17113],
     | 99.99th=[17113]
   bw (  KiB/s): min=  256, max=651441, per=100.00%, avg=89489.66, stdev=7732.27, samples=17195
   iops        : min=   64, max=162858, avg=22372.14, stdev=1933.04, samples=17195
  write: IOPS=20.8k, BW=81.3MiB/s (85.3MB/s)(23.8GiB/300104msec); 0 zone resets
    slat (usec): min=68, max=841303, avg=82.23, stdev=407.77
    clat (usec): min=11, max=50796k, avg=190660.77, stdev=1635389.07
     lat (usec): min=91, max=50797k, avg=190744.12, stdev=1635392.03
    clat percentiles (msec):
     |  1.00th=[   13],  5.00th=[   13], 10.00th=[   13], 20.00th=[   14],
     | 30.00th=[   14], 40.00th=[   14], 50.00th=[   14], 60.00th=[   15],
     | 70.00th=[   15], 80.00th=[   15], 90.00th=[   16], 95.00th=[   19],
     | 99.00th=[ 8658], 99.50th=[13758], 99.90th=[17113], 99.95th=[17113],
     | 99.99th=[17113]
   bw (  KiB/s): min=  256, max=648813, per=100.00%, avg=89420.23, stdev=7747.81, samples=17112
   iops        : min=   64, max=162201, avg=22354.81, stdev=1936.93, samples=17112
  lat (usec)   : 20=0.01%, 50=0.01%, 100=0.01%, 250=0.01%, 500=0.01%
  lat (usec)   : 750=0.01%, 1000=0.01%
  lat (msec)   : 2=0.01%, 4=0.01%, 10=0.01%, 20=96.76%, 50=1.27%
  lat (msec)   : 100=0.11%, 250=0.11%, 500=0.11%, 750=0.05%, 1000=0.07%
  lat (msec)   : 2000=0.08%, >=2000=1.44%
  cpu          : usr=1.24%, sys=6.45%, ctx=91252, majf=0, minf=1432
  IO depths    : 1=0.1%, 2=0.1%, 4=0.1%, 8=0.1%, 16=0.1%, 32=0.1%, >=64=100.0%
     submit    : 0=0.0%, 4=100.0%, 8=0.0%, 16=0.0%, 32=0.0%, 64=0.0%, >=64=0.0%
     complete  : 0=0.0%, 4=100.0%, 8=0.0%, 16=0.0%, 32=0.0%, 64=0.0%, >=64=0.1%
     issued rwts: total=6250944,6248009,0,0 short=0,0,0,0 dropped=0,0,0,0
     latency   : target=0, window=0, percentile=100.00%, depth=256

Run status group 0 (all jobs):
   READ: bw=81.4MiB/s (85.3MB/s), 81.4MiB/s-81.4MiB/s (85.3MB/s-85.3MB/s), io=23.8GiB (25.6GB), run=300104-300104msec
  WRITE: bw=81.3MiB/s (85.3MB/s), 81.3MiB/s-81.3MiB/s (85.3MB/s-85.3MB/s), io=23.8GiB (25.6GB), run=300104-300104msec
