readwrite: (g=0): rw=rw, bs=(R) 4096B-4096B, (W) 4096B-4096B, (T) 4096B-4096B, ioengine=libaio, iodepth=256
fio-3.27
Starting 1 process
readwrite: Laying out IO file (1 file / 1024MiB)

readwrite: (groupid=0, jobs=1): err= 0: pid=121795: Wed Jul 21 19:21:48 2021
  read: IOPS=7811, BW=30.5MiB/s (32.0MB/s)(9155MiB/300001msec)
    slat (usec): min=7, max=90881, avg=34.95, stdev=400.01
    clat (usec): min=168, max=929896, avg=16327.86, stdev=24100.95
     lat (usec): min=179, max=929905, avg=16363.63, stdev=24175.87
    clat percentiles (msec):
     |  1.00th=[   12],  5.00th=[   13], 10.00th=[   13], 20.00th=[   13],
     | 30.00th=[   13], 40.00th=[   13], 50.00th=[   14], 60.00th=[   14],
     | 70.00th=[   14], 80.00th=[   14], 90.00th=[   14], 95.00th=[   26],
     | 99.00th=[  113], 99.50th=[  132], 99.90th=[  197], 99.95th=[  268],
     | 99.99th=[  919]
   bw (  KiB/s): min=   72, max=41896, per=100.00%, avg=31469.72, stdev=12567.16, samples=595
   iops        : min=   18, max=10474, avg=7867.40, stdev=3141.78, samples=595
  write: IOPS=7807, BW=30.5MiB/s (32.0MB/s)(9149MiB/300001msec); 0 zone resets
    slat (usec): min=68, max=3752, avg=71.43, stdev=12.56
    clat (usec): min=12, max=929855, avg=16328.22, stdev=23981.17
     lat (usec): min=82, max=929926, avg=16400.75, stdev=23982.60
    clat percentiles (msec):
     |  1.00th=[   12],  5.00th=[   13], 10.00th=[   13], 20.00th=[   13],
     | 30.00th=[   13], 40.00th=[   13], 50.00th=[   14], 60.00th=[   14],
     | 70.00th=[   14], 80.00th=[   14], 90.00th=[   14], 95.00th=[   26],
     | 99.00th=[  113], 99.50th=[  132], 99.90th=[  197], 99.95th=[  264],
     | 99.99th=[  919]
   bw (  KiB/s): min=   64, max=41328, per=100.00%, avg=31449.22, stdev=12542.72, samples=595
   iops        : min=   16, max=10332, avg=7862.29, stdev=3135.67, samples=595
  lat (usec)   : 20=0.01%, 100=0.01%, 250=0.01%, 500=0.01%, 750=0.01%
  lat (usec)   : 1000=0.01%
  lat (msec)   : 2=0.01%, 4=0.01%, 10=0.01%, 20=94.80%, 50=2.91%
  lat (msec)   : 100=0.72%, 250=1.51%, 500=0.01%, 750=0.01%, 1000=0.04%
  cpu          : usr=15.03%, sys=73.50%, ctx=51062, majf=0, minf=43
  IO depths    : 1=0.1%, 2=0.1%, 4=0.1%, 8=0.1%, 16=0.1%, 32=0.1%, >=64=100.0%
     submit    : 0=0.0%, 4=100.0%, 8=0.0%, 16=0.0%, 32=0.0%, 64=0.0%, >=64=0.0%
     complete  : 0=0.0%, 4=100.0%, 8=0.0%, 16=0.0%, 32=0.0%, 64=0.0%, >=64=0.1%
     issued rwts: total=2343575,2342138,0,0 short=0,0,0,0 dropped=0,0,0,0
     latency   : target=0, window=0, percentile=100.00%, depth=256

Run status group 0 (all jobs):
   READ: bw=30.5MiB/s (32.0MB/s), 30.5MiB/s-30.5MiB/s (32.0MB/s-32.0MB/s), io=9155MiB (9599MB), run=300001-300001msec
  WRITE: bw=30.5MiB/s (32.0MB/s), 30.5MiB/s-30.5MiB/s (32.0MB/s-32.0MB/s), io=9149MiB (9593MB), run=300001-300001msec
