test: (g=0): rw=read, bs=(R) 4096B-4096B, (W) 4096B-4096B, (T) 4096B-4096B, ioengine=libaio, iodepth=256
...
fio-3.27
Starting 8 processes
seq-read: Laying out IO file (1 file / 1024MiB)
seq-read: Laying out IO file (1 file / 1024MiB)
seq-read: Laying out IO file (1 file / 1024MiB)
seq-read: Laying out IO file (1 file / 1024MiB)

test: (groupid=0, jobs=8): err= 0: pid=33629: Tue Jul 20 15:40:03 2021
  read: IOPS=25.1k, BW=98.1MiB/s (103MB/s)(28.8GiB/300443msec)
    slat (usec): min=10, max=374625, avg=305.90, stdev=3519.45
    clat (usec): min=16, max=35954k, avg=81083.53, stdev=781338.77
     lat (usec): min=1074, max=36117k, avg=81390.40, stdev=784276.98
    clat percentiles (msec):
     |  1.00th=[    5],  5.00th=[    5], 10.00th=[    5], 20.00th=[    5],
     | 30.00th=[    6], 40.00th=[    6], 50.00th=[    6], 60.00th=[    6],
     | 70.00th=[   17], 80.00th=[   17], 90.00th=[   27], 95.00th=[  567],
     | 99.00th=[ 1217], 99.50th=[ 1452], 99.90th=[ 8221], 99.95th=[17113],
     | 99.99th=[17113]
   bw (  KiB/s): min=  176, max=1161633, per=100.00%, avg=103452.64, stdev=24058.42, samples=4764
   iops        : min=   44, max=290410, avg=25862.91, stdev=6014.61, samples=4764
  lat (usec)   : 20=0.01%, 50=0.01%
  lat (msec)   : 2=0.01%, 4=0.01%, 10=66.42%, 20=22.83%, 50=4.62%
  lat (msec)   : 100=0.23%, 250=0.08%, 500=0.04%, 750=3.05%, 1000=0.91%
  lat (msec)   : 2000=1.63%, >=2000=0.18%
  cpu          : usr=3.07%, sys=12.24%, ctx=431218, majf=0, minf=2368
  IO depths    : 1=0.1%, 2=0.1%, 4=0.1%, 8=0.1%, 16=0.1%, 32=0.1%, >=64=100.0%
     submit    : 0=0.0%, 4=100.0%, 8=0.0%, 16=0.0%, 32=0.0%, 64=0.0%, >=64=0.0%
     complete  : 0=0.0%, 4=100.0%, 8=0.0%, 16=0.0%, 32=0.0%, 64=0.0%, >=64=0.1%
     issued rwts: total=7544098,0,0,0 short=0,0,0,0 dropped=0,0,0,0
     latency   : target=0, window=0, percentile=100.00%, depth=256

Run status group 0 (all jobs):
   READ: bw=98.1MiB/s (103MB/s), 98.1MiB/s-98.1MiB/s (103MB/s-103MB/s), io=28.8GiB (30.9GB), run=300443-300443msec
