test: (g=0): rw=read, bs=(R) 4096B-4096B, (W) 4096B-4096B, (T) 4096B-4096B, ioengine=libaio, iodepth=256
...
fio-3.27
Starting 4 processes
seq-read: Laying out IO file (1 file / 1024MiB)
seq-read: Laying out IO file (1 file / 1024MiB)

test: (groupid=0, jobs=4): err= 0: pid=46779: Tue Jul 20 15:33:21 2021
  read: IOPS=33.8k, BW=132MiB/s (138MB/s)(38.6GiB/300006msec)
    slat (usec): min=10, max=414302, avg=106.92, stdev=1062.04
    clat (usec): min=10, max=8339.0k, avg=30200.63, stdev=160522.04
     lat (usec): min=22, max=8355.2k, avg=30308.39, stdev=161087.29
    clat percentiles (msec):
     |  1.00th=[    5],  5.00th=[    5], 10.00th=[    5], 20.00th=[    5],
     | 30.00th=[    5], 40.00th=[    6], 50.00th=[    6], 60.00th=[    6],
     | 70.00th=[    6], 80.00th=[    6], 90.00th=[   17], 95.00th=[   27],
     | 99.00th=[  793], 99.50th=[ 1045], 99.90th=[ 1603], 99.95th=[ 1821],
     | 99.99th=[ 5201]
   bw (  KiB/s): min=   96, max=654920, per=100.00%, avg=140235.08, stdev=32546.91, samples=2371
   iops        : min=   24, max=163730, avg=35058.63, stdev=8136.73, samples=2371
  lat (usec)   : 20=0.01%, 50=0.01%, 100=0.01%, 250=0.01%, 500=0.01%
  lat (usec)   : 750=0.01%, 1000=0.01%
  lat (msec)   : 2=0.01%, 4=0.01%, 10=86.23%, 20=4.81%, 50=5.70%
  lat (msec)   : 100=0.03%, 250=0.01%, 500=1.05%, 750=1.07%, 1000=0.52%
  lat (msec)   : 2000=0.54%, >=2000=0.03%
  cpu          : usr=7.40%, sys=22.24%, ctx=316864, majf=0, minf=1183
  IO depths    : 1=0.1%, 2=0.1%, 4=0.1%, 8=0.1%, 16=0.1%, 32=0.1%, >=64=100.0%
     submit    : 0=0.0%, 4=100.0%, 8=0.0%, 16=0.0%, 32=0.0%, 64=0.0%, >=64=0.0%
     complete  : 0=0.0%, 4=100.0%, 8=0.0%, 16=0.0%, 32=0.0%, 64=0.0%, >=64=0.1%
     issued rwts: total=10127700,0,0,0 short=0,0,0,0 dropped=0,0,0,0
     latency   : target=0, window=0, percentile=100.00%, depth=256

Run status group 0 (all jobs):
   READ: bw=132MiB/s (138MB/s), 132MiB/s-132MiB/s (138MB/s-138MB/s), io=38.6GiB (41.5GB), run=300006-300006msec
