readwrite: (g=0): rw=rw, bs=(R) 4096B-4096B, (W) 4096B-4096B, (T) 4096B-4096B, ioengine=libaio, iodepth=256
...
fio-3.27
Starting 64 processes
readwrite: Laying out IO file (1 file / 1024MiB)
readwrite: Laying out IO file (1 file / 1024MiB)
readwrite: Laying out IO file (1 file / 1024MiB)
readwrite: Laying out IO file (1 file / 1024MiB)
readwrite: Laying out IO file (1 file / 1024MiB)
readwrite: Laying out IO file (1 file / 1024MiB)
readwrite: Laying out IO file (1 file / 1024MiB)
readwrite: Laying out IO file (1 file / 1024MiB)
readwrite: Laying out IO file (1 file / 1024MiB)
readwrite: Laying out IO file (1 file / 1024MiB)
readwrite: Laying out IO file (1 file / 1024MiB)
readwrite: Laying out IO file (1 file / 1024MiB)
readwrite: Laying out IO file (1 file / 1024MiB)
readwrite: Laying out IO file (1 file / 1024MiB)
readwrite: Laying out IO file (1 file / 1024MiB)
readwrite: Laying out IO file (1 file / 1024MiB)
readwrite: Laying out IO file (1 file / 1024MiB)
readwrite: Laying out IO file (1 file / 1024MiB)
readwrite: Laying out IO file (1 file / 1024MiB)
readwrite: Laying out IO file (1 file / 1024MiB)
readwrite: Laying out IO file (1 file / 1024MiB)
readwrite: Laying out IO file (1 file / 1024MiB)
readwrite: Laying out IO file (1 file / 1024MiB)
readwrite: Laying out IO file (1 file / 1024MiB)
readwrite: Laying out IO file (1 file / 1024MiB)
readwrite: Laying out IO file (1 file / 1024MiB)
readwrite: Laying out IO file (1 file / 1024MiB)
readwrite: Laying out IO file (1 file / 1024MiB)
readwrite: Laying out IO file (1 file / 1024MiB)
readwrite: Laying out IO file (1 file / 1024MiB)
readwrite: Laying out IO file (1 file / 1024MiB)
readwrite: Laying out IO file (1 file / 1024MiB)

readwrite: (groupid=0, jobs=64): err= 0: pid=91711: Wed Jul 21 20:16:00 2021
  read: IOPS=16.7k, BW=65.2MiB/s (68.3MB/s)(19.1GiB/300331msec)
    slat (usec): min=7, max=10222k, avg=3728.15, stdev=45162.17
    clat (usec): min=10, max=69601k, avg=493137.30, stdev=3710139.16
     lat (usec): min=21, max=69817k, avg=496866.22, stdev=3736754.65
    clat percentiles (msec):
     |  1.00th=[   13],  5.00th=[   13], 10.00th=[   14], 20.00th=[   14],
     | 30.00th=[   14], 40.00th=[   14], 50.00th=[   15], 60.00th=[   15],
     | 70.00th=[   15], 80.00th=[   16], 90.00th=[   16], 95.00th=[   20],
     | 99.00th=[17113], 99.50th=[17113], 99.90th=[17113], 99.95th=[17113],
     | 99.99th=[17113]
   bw (  KiB/s): min=  466, max=863887, per=100.00%, avg=77441.72, stdev=5297.55, samples=28957
   iops        : min=   82, max=215967, avg=19359.42, stdev=1324.38, samples=28957
  write: IOPS=16.7k, BW=65.1MiB/s (68.3MB/s)(19.1GiB/300331msec); 0 zone resets
    slat (usec): min=68, max=753560, avg=83.93, stdev=704.97
    clat (usec): min=11, max=69622k, avg=470883.11, stdev=3611916.47
     lat (usec): min=88, max=69622k, avg=470968.14, stdev=3611919.65
    clat percentiles (msec):
     |  1.00th=[   13],  5.00th=[   13], 10.00th=[   14], 20.00th=[   14],
     | 30.00th=[   14], 40.00th=[   14], 50.00th=[   15], 60.00th=[   15],
     | 70.00th=[   15], 80.00th=[   16], 90.00th=[   16], 95.00th=[   20],
     | 99.00th=[17113], 99.50th=[17113], 99.90th=[17113], 99.95th=[17113],
     | 99.99th=[17113]
   bw (  KiB/s): min=  460, max=869135, per=100.00%, avg=78743.54, stdev=5297.42, samples=28563
   iops        : min=   76, max=217280, avg=19684.87, stdev=1324.34, samples=28563
  lat (usec)   : 20=0.01%, 50=0.01%, 100=0.01%, 250=0.01%, 500=0.01%
  lat (usec)   : 750=0.01%, 1000=0.01%
  lat (msec)   : 2=0.01%, 4=0.01%, 10=0.01%, 20=96.34%, 50=1.15%
  lat (msec)   : 100=0.09%, 250=0.11%, 500=0.08%, 750=0.06%, 1000=0.07%
  lat (msec)   : 2000=0.09%, >=2000=2.00%
  cpu          : usr=0.50%, sys=2.60%, ctx=82708, majf=0, minf=2789
  IO depths    : 1=0.1%, 2=0.1%, 4=0.1%, 8=0.1%, 16=0.1%, 32=0.1%, >=64=100.0%
     submit    : 0=0.0%, 4=100.0%, 8=0.0%, 16=0.0%, 32=0.0%, 64=0.0%, >=64=0.0%
     complete  : 0=0.0%, 4=100.0%, 8=0.0%, 16=0.0%, 32=0.0%, 64=0.0%, >=64=0.1%
     issued rwts: total=5011492,5008502,0,0 short=0,0,0,0 dropped=0,0,0,0
     latency   : target=0, window=0, percentile=100.00%, depth=256

Run status group 0 (all jobs):
   READ: bw=65.2MiB/s (68.3MB/s), 65.2MiB/s-65.2MiB/s (68.3MB/s-68.3MB/s), io=19.1GiB (20.5GB), run=300331-300331msec
  WRITE: bw=65.1MiB/s (68.3MB/s), 65.1MiB/s-65.1MiB/s (68.3MB/s-68.3MB/s), io=19.1GiB (20.5GB), run=300331-300331msec
