readwrite: (g=0): rw=rw, bs=(R) 4096B-4096B, (W) 4096B-4096B, (T) 4096B-4096B, ioengine=libaio, iodepth=256
...
fio-3.27
Starting 4 processes
readwrite: Laying out IO file (1 file / 1024MiB)
readwrite: Laying out IO file (1 file / 1024MiB)

readwrite: (groupid=0, jobs=4): err= 0: pid=42123: Wed Jul 21 18:33:38 2021
  read: IOPS=24.3k, BW=94.9MiB/s (99.6MB/s)(27.8GiB/300001msec)
    slat (usec): min=7, max=238796, avg=67.33, stdev=1158.63
    clat (usec): min=20, max=3511.4k, avg=21028.52, stdev=79189.81
     lat (usec): min=102, max=3521.4k, avg=21096.62, stdev=79726.41
    clat percentiles (msec):
     |  1.00th=[   12],  5.00th=[   13], 10.00th=[   13], 20.00th=[   13],
     | 30.00th=[   14], 40.00th=[   14], 50.00th=[   14], 60.00th=[   14],
     | 70.00th=[   14], 80.00th=[   15], 90.00th=[   15], 95.00th=[   19],
     | 99.00th=[  268], 99.50th=[  527], 99.90th=[ 1234], 99.95th=[ 1519],
     | 99.99th=[ 2198]
   bw (  KiB/s): min=  208, max=163496, per=100.00%, avg=98317.36, stdev=11735.38, samples=2378
   iops        : min=   52, max=40874, avg=24579.08, stdev=2933.84, samples=2378
  write: IOPS=24.3k, BW=94.9MiB/s (99.5MB/s)(27.8GiB/300001msec); 0 zone resets
    slat (usec): min=68, max=10825, avg=75.57, stdev=27.73
    clat (usec): min=11, max=3521.2k, avg=20952.58, stdev=78355.35
     lat (usec): min=82, max=3521.3k, avg=21029.26, stdev=78357.19
    clat percentiles (msec):
     |  1.00th=[   12],  5.00th=[   13], 10.00th=[   13], 20.00th=[   13],
     | 30.00th=[   14], 40.00th=[   14], 50.00th=[   14], 60.00th=[   14],
     | 70.00th=[   14], 80.00th=[   15], 90.00th=[   15], 95.00th=[   19],
     | 99.00th=[  268], 99.50th=[  523], 99.90th=[ 1217], 99.95th=[ 1502],
     | 99.99th=[ 2165]
   bw (  KiB/s): min=  176, max=162048, per=100.00%, avg=98208.48, stdev=11744.51, samples=2379
   iops        : min=   44, max=40512, avg=24551.89, stdev=2936.13, samples=2379
  lat (usec)   : 20=0.01%, 50=0.01%, 100=0.01%, 250=0.01%, 500=0.01%
  lat (usec)   : 750=0.01%, 1000=0.01%
  lat (msec)   : 2=0.01%, 4=0.01%, 10=0.01%, 20=96.35%, 50=2.38%
  lat (msec)   : 100=0.08%, 250=0.15%, 500=0.51%, 750=0.19%, 1000=0.16%
  lat (msec)   : 2000=0.15%, >=2000=0.02%
  cpu          : usr=11.68%, sys=58.10%, ctx=79460, majf=0, minf=178
  IO depths    : 1=0.1%, 2=0.1%, 4=0.1%, 8=0.1%, 16=0.1%, 32=0.1%, >=64=100.0%
     submit    : 0=0.0%, 4=100.0%, 8=0.0%, 16=0.0%, 32=0.0%, 64=0.0%, >=64=0.0%
     complete  : 0=0.0%, 4=100.0%, 8=0.0%, 16=0.0%, 32=0.0%, 64=0.0%, >=64=0.1%
     issued rwts: total=7291988,7287822,0,0 short=0,0,0,0 dropped=0,0,0,0
     latency   : target=0, window=0, percentile=100.00%, depth=256

Run status group 0 (all jobs):
   READ: bw=94.9MiB/s (99.6MB/s), 94.9MiB/s-94.9MiB/s (99.6MB/s-99.6MB/s), io=27.8GiB (29.9GB), run=300001-300001msec
  WRITE: bw=94.9MiB/s (99.5MB/s), 94.9MiB/s-94.9MiB/s (99.5MB/s-99.5MB/s), io=27.8GiB (29.8GB), run=300001-300001msec
