readwrite: (g=0): rw=rw, bs=(R) 4096B-4096B, (W) 4096B-4096B, (T) 4096B-4096B, ioengine=libaio, iodepth=256
...
fio-3.27
Starting 8 processes
readwrite: Laying out IO file (1 file / 1024MiB)
readwrite: Laying out IO file (1 file / 1024MiB)
readwrite: Laying out IO file (1 file / 1024MiB)
readwrite: Laying out IO file (1 file / 1024MiB)

readwrite: (groupid=0, jobs=8): err= 0: pid=14431: Wed Jul 21 17:40:48 2021
  read: IOPS=30.8k, BW=120MiB/s (126MB/s)(35.3GiB/300001msec)
    slat (usec): min=7, max=711684, avg=160.54, stdev=2535.40
    clat (usec): min=12, max=12857k, avg=33083.08, stdev=179183.35
     lat (usec): min=101, max=12864k, avg=33244.37, stdev=180467.53
    clat percentiles (msec):
     |  1.00th=[   12],  5.00th=[   13], 10.00th=[   13], 20.00th=[   13],
     | 30.00th=[   14], 40.00th=[   14], 50.00th=[   14], 60.00th=[   14],
     | 70.00th=[   14], 80.00th=[   15], 90.00th=[   15], 95.00th=[   19],
     | 99.00th=[  844], 99.50th=[ 1234], 99.90th=[ 2333], 99.95th=[ 2970],
     | 99.99th=[ 5470]
   bw (  KiB/s): min=  120, max=318904, per=100.00%, avg=124542.93, stdev=12622.83, samples=4767
   iops        : min=   30, max=79726, avg=31135.67, stdev=3155.71, samples=4767
  write: IOPS=30.8k, BW=120MiB/s (126MB/s)(35.3GiB/300001msec); 0 zone resets
    slat (usec): min=68, max=118057, avg=77.68, stdev=56.24
    clat (usec): min=11, max=12864k, avg=33047.18, stdev=179081.82
     lat (usec): min=83, max=12864k, avg=33125.97, stdev=179083.98
    clat percentiles (msec):
     |  1.00th=[   12],  5.00th=[   13], 10.00th=[   13], 20.00th=[   13],
     | 30.00th=[   14], 40.00th=[   14], 50.00th=[   14], 60.00th=[   14],
     | 70.00th=[   14], 80.00th=[   15], 90.00th=[   15], 95.00th=[   19],
     | 99.00th=[  844], 99.50th=[ 1217], 99.90th=[ 2299], 99.95th=[ 2970],
     | 99.99th=[ 5403]
   bw (  KiB/s): min=  120, max=312920, per=100.00%, avg=124516.99, stdev=12622.42, samples=4763
   iops        : min=   30, max=78230, avg=31129.18, stdev=3155.61, samples=4763
  lat (usec)   : 20=0.01%, 100=0.01%, 250=0.01%, 500=0.01%, 750=0.01%
  lat (usec)   : 1000=0.01%
  lat (msec)   : 2=0.01%, 4=0.01%, 10=0.01%, 20=96.81%, 50=1.31%
  lat (msec)   : 100=0.07%, 250=0.10%, 500=0.19%, 750=0.35%, 1000=0.41%
  lat (msec)   : 2000=0.62%, >=2000=0.14%
  cpu          : usr=7.36%, sys=36.85%, ctx=157020, majf=0, minf=356
  IO depths    : 1=0.1%, 2=0.1%, 4=0.1%, 8=0.1%, 16=0.1%, 32=0.1%, >=64=100.0%
     submit    : 0=0.0%, 4=100.0%, 8=0.0%, 16=0.0%, 32=0.0%, 64=0.0%, >=64=0.0%
     complete  : 0=0.0%, 4=100.0%, 8=0.0%, 16=0.0%, 32=0.0%, 64=0.0%, >=64=0.1%
     issued rwts: total=9252155,9251666,0,0 short=0,0,0,0 dropped=0,0,0,0
     latency   : target=0, window=0, percentile=100.00%, depth=256

Run status group 0 (all jobs):
   READ: bw=120MiB/s (126MB/s), 120MiB/s-120MiB/s (126MB/s-126MB/s), io=35.3GiB (37.9GB), run=300001-300001msec
  WRITE: bw=120MiB/s (126MB/s), 120MiB/s-120MiB/s (126MB/s-126MB/s), io=35.3GiB (37.9GB), run=300001-300001msec
