test: (g=0): rw=read, bs=(R) 4096B-4096B, (W) 4096B-4096B, (T) 4096B-4096B, ioengine=libaio, iodepth=256
...
fio-3.27
Starting 8 processes
seq-read: Laying out IO file (1 file / 1024MiB)
seq-read: Laying out IO file (1 file / 1024MiB)
seq-read: Laying out IO file (1 file / 1024MiB)
seq-read: Laying out IO file (1 file / 1024MiB)

test: (groupid=0, jobs=8): err= 0: pid=37947: Tue Jul 20 15:40:03 2021
  read: IOPS=25.7k, BW=101MiB/s (105MB/s)(29.4GiB/300020msec)
    slat (usec): min=10, max=409132, avg=298.59, stdev=2272.56
    clat (usec): min=10, max=19505k, avg=79220.49, stdev=347039.87
     lat (usec): min=22, max=19533k, avg=79520.07, stdev=348188.26
    clat percentiles (msec):
     |  1.00th=[    5],  5.00th=[    5], 10.00th=[    5], 20.00th=[    5],
     | 30.00th=[    6], 40.00th=[    6], 50.00th=[    6], 60.00th=[    6],
     | 70.00th=[   17], 80.00th=[   17], 90.00th=[   33], 95.00th=[  584],
     | 99.00th=[ 1435], 99.50th=[ 1670], 99.90th=[ 2769], 99.95th=[ 6678],
     | 99.99th=[10939]
   bw (  KiB/s): min=  216, max=1076728, per=100.00%, avg=106060.43, stdev=23195.39, samples=4760
   iops        : min=   54, max=269182, avg=26514.45, stdev=5798.85, samples=4760
  lat (usec)   : 20=0.01%, 50=0.01%, 100=0.01%, 250=0.01%, 500=0.01%
  lat (usec)   : 750=0.01%, 1000=0.01%
  lat (msec)   : 2=0.01%, 4=0.01%, 10=66.80%, 20=20.68%, 50=4.65%
  lat (msec)   : 100=0.21%, 250=0.07%, 500=0.14%, 750=4.56%, 1000=0.59%
  lat (msec)   : 2000=2.08%, >=2000=0.21%
  cpu          : usr=3.15%, sys=12.75%, ctx=577772, majf=0, minf=2367
  IO depths    : 1=0.1%, 2=0.1%, 4=0.1%, 8=0.1%, 16=0.1%, 32=0.1%, >=64=100.0%
     submit    : 0=0.0%, 4=100.0%, 8=0.0%, 16=0.0%, 32=0.0%, 64=0.0%, >=64=0.0%
     complete  : 0=0.0%, 4=100.0%, 8=0.0%, 16=0.0%, 32=0.0%, 64=0.0%, >=64=0.1%
     issued rwts: total=7719018,0,0,0 short=0,0,0,0 dropped=0,0,0,0
     latency   : target=0, window=0, percentile=100.00%, depth=256

Run status group 0 (all jobs):
   READ: bw=101MiB/s (105MB/s), 101MiB/s-101MiB/s (105MB/s-105MB/s), io=29.4GiB (31.6GB), run=300020-300020msec
