test: (g=0): rw=randread, bs=(R) 4096B-4096B, (W) 4096B-4096B, (T) 4096B-4096B, ioengine=libaio, iodepth=256
...
fio-3.27
Starting 8 processes
rand-read: Laying out IO file (1 file / 1024MiB)
rand-read: Laying out IO file (1 file / 1024MiB)
rand-read: Laying out IO file (1 file / 1024MiB)
rand-read: Laying out IO file (1 file / 1024MiB)

test: (groupid=0, jobs=8): err= 0: pid=157138: Tue Jul 20 11:23:18 2021
  read: IOPS=577, BW=2310KiB/s (2365kB/s)(677MiB/300040msec)
    slat (usec): min=483, max=270070, avg=13832.48, stdev=11413.61
    clat (usec): min=12, max=4502.1k, avg=3513588.45, stdev=323136.18
     lat (msec): min=9, max=4521, avg=3527.42, stdev=323.61
    clat percentiles (msec):
     |  1.00th=[ 2836],  5.00th=[ 3171], 10.00th=[ 3239], 20.00th=[ 3339],
     | 30.00th=[ 3406], 40.00th=[ 3440], 50.00th=[ 3507], 60.00th=[ 3574],
     | 70.00th=[ 3641], 80.00th=[ 3708], 90.00th=[ 3842], 95.00th=[ 3977],
     | 99.00th=[ 4212], 99.50th=[ 4279], 99.90th=[ 4396], 99.95th=[ 4396],
     | 99.99th=[ 4463]
   bw (  KiB/s): min=  824, max= 3256, per=99.93%, avg=2308.02, stdev=40.13, samples=4741
   iops        : min=  206, max=  814, avg=577.00, stdev=10.03, samples=4741
  lat (usec)   : 20=0.01%, 50=0.01%
  lat (msec)   : 10=0.01%, 20=0.01%, 50=0.01%, 100=0.01%, 250=0.05%
  lat (msec)   : 500=0.08%, 750=0.09%, 1000=0.08%, 2000=0.36%, >=2000=99.30%
  cpu          : usr=0.18%, sys=1.15%, ctx=173295, majf=0, minf=2359
  IO depths    : 1=0.1%, 2=0.1%, 4=0.1%, 8=0.1%, 16=0.1%, 32=0.1%, >=64=99.7%
     submit    : 0=0.0%, 4=100.0%, 8=0.0%, 16=0.0%, 32=0.0%, 64=0.0%, >=64=0.0%
     complete  : 0=0.0%, 4=100.0%, 8=0.0%, 16=0.0%, 32=0.0%, 64=0.0%, >=64=0.1%
     issued rwts: total=173238,0,0,0 short=0,0,0,0 dropped=0,0,0,0
     latency   : target=0, window=0, percentile=100.00%, depth=256

Run status group 0 (all jobs):
   READ: bw=2310KiB/s (2365kB/s), 2310KiB/s-2310KiB/s (2365kB/s-2365kB/s), io=677MiB (710MB), run=300040-300040msec
