test: (g=0): rw=randread, bs=(R) 4096B-4096B, (W) 4096B-4096B, (T) 4096B-4096B, ioengine=libaio, iodepth=256
...
fio-3.27
Starting 4 processes
rand-read: Laying out IO file (1 file / 1024MiB)
rand-read: Laying out IO file (1 file / 1024MiB)

test: (groupid=0, jobs=4): err= 0: pid=141931: Tue Jul 20 11:16:42 2021
  read: IOPS=445, BW=1780KiB/s (1823kB/s)(522MiB/300004msec)
    slat (usec): min=457, max=110773, avg=8964.12, stdev=6584.00
    clat (usec): min=16, max=2755.8k, avg=2283564.89, stdev=164005.74
     lat (msec): min=2, max=2764, avg=2292.53, stdev=164.17
    clat percentiles (msec):
     |  1.00th=[ 1989],  5.00th=[ 2106], 10.00th=[ 2140], 20.00th=[ 2198],
     | 30.00th=[ 2232], 40.00th=[ 2265], 50.00th=[ 2299], 60.00th=[ 2333],
     | 70.00th=[ 2333], 80.00th=[ 2400], 90.00th=[ 2433], 95.00th=[ 2500],
     | 99.00th=[ 2601], 99.50th=[ 2635], 99.90th=[ 2668], 99.95th=[ 2702],
     | 99.99th=[ 2735]
   bw (  KiB/s): min= 1216, max= 2360, per=99.93%, avg=1779.67, stdev=45.40, samples=2380
   iops        : min=  304, max=  590, avg=444.91, stdev=11.35, samples=2380
  lat (usec)   : 20=0.01%, 50=0.01%
  lat (msec)   : 4=0.01%, 10=0.01%, 20=0.01%, 50=0.01%, 100=0.02%
  lat (msec)   : 250=0.05%, 500=0.08%, 750=0.08%, 1000=0.08%, 2000=0.83%
  lat (msec)   : >=2000=98.85%
  cpu          : usr=0.31%, sys=1.85%, ctx=133558, majf=0, minf=1181
  IO depths    : 1=0.1%, 2=0.1%, 4=0.1%, 8=0.1%, 16=0.1%, 32=0.1%, >=64=99.8%
     submit    : 0=0.0%, 4=100.0%, 8=0.0%, 16=0.0%, 32=0.0%, 64=0.0%, >=64=0.0%
     complete  : 0=0.0%, 4=100.0%, 8=0.0%, 16=0.0%, 32=0.0%, 64=0.0%, >=64=0.1%
     issued rwts: total=133525,0,0,0 short=0,0,0,0 dropped=0,0,0,0
     latency   : target=0, window=0, percentile=100.00%, depth=256

Run status group 0 (all jobs):
   READ: bw=1780KiB/s (1823kB/s), 1780KiB/s-1780KiB/s (1823kB/s-1823kB/s), io=522MiB (547MB), run=300004-300004msec
