test: (g=0): rw=randread, bs=(R) 4096B-4096B, (W) 4096B-4096B, (T) 4096B-4096B, ioengine=libaio, iodepth=256
...
fio-3.27
Starting 32 processes
rand-read: Laying out IO file (1 file / 1024MiB)
rand-read: Laying out IO file (1 file / 1024MiB)
rand-read: Laying out IO file (1 file / 1024MiB)
rand-read: Laying out IO file (1 file / 1024MiB)
rand-read: Laying out IO file (1 file / 1024MiB)
rand-read: Laying out IO file (1 file / 1024MiB)
rand-read: Laying out IO file (1 file / 1024MiB)
rand-read: Laying out IO file (1 file / 1024MiB)
rand-read: Laying out IO file (1 file / 1024MiB)
rand-read: Laying out IO file (1 file / 1024MiB)
rand-read: Laying out IO file (1 file / 1024MiB)
rand-read: Laying out IO file (1 file / 1024MiB)
rand-read: Laying out IO file (1 file / 1024MiB)
rand-read: Laying out IO file (1 file / 1024MiB)
rand-read: Laying out IO file (1 file / 1024MiB)
rand-read: Laying out IO file (1 file / 1024MiB)

test: (groupid=0, jobs=32): err= 0: pid=133388: Tue Jul 20 10:43:01 2021
  read: IOPS=836, BW=3347KiB/s (3427kB/s)(981MiB/300074msec)
    slat (usec): min=621, max=281486, avg=38208.02, stdev=14792.75
    clat (usec): min=13, max=12264k, avg=9616060.42, stdev=1245383.02
     lat (msec): min=18, max=12315, avg=9654.27, stdev=1246.99
    clat percentiles (msec):
     |  1.00th=[ 2970],  5.00th=[ 8792], 10.00th=[ 8926], 20.00th=[ 9060],
     | 30.00th=[ 9194], 40.00th=[ 9329], 50.00th=[ 9463], 60.00th=[ 9866],
     | 70.00th=[10402], 80.00th=[10537], 90.00th=[10805], 95.00th=[10939],
     | 99.00th=[11342], 99.50th=[11476], 99.90th=[11745], 99.95th=[11879],
     | 99.99th=[12147]
   bw (  KiB/s): min= 1464, max= 4272, per=99.70%, avg=3337.01, stdev=11.56, samples=18609
   iops        : min=  366, max= 1068, avg=834.26, stdev= 2.89, samples=18609
  lat (usec)   : 20=0.01%, 50=0.01%
  lat (msec)   : 20=0.01%, 50=0.01%, 100=0.02%, 250=0.05%, 500=0.09%
  lat (msec)   : 750=0.08%, 1000=0.09%, 2000=0.33%, >=2000=99.33%
  cpu          : usr=0.08%, sys=0.48%, ctx=251354, majf=0, minf=9435
  IO depths    : 1=0.1%, 2=0.1%, 4=0.1%, 8=0.1%, 16=0.2%, 32=0.4%, >=64=99.2%
     submit    : 0=0.0%, 4=100.0%, 8=0.0%, 16=0.0%, 32=0.0%, 64=0.0%, >=64=0.0%
     complete  : 0=0.0%, 4=100.0%, 8=0.0%, 16=0.0%, 32=0.0%, 64=0.0%, >=64=0.1%
     issued rwts: total=251099,0,0,0 short=0,0,0,0 dropped=0,0,0,0
     latency   : target=0, window=0, percentile=100.00%, depth=256

Run status group 0 (all jobs):
   READ: bw=3347KiB/s (3427kB/s), 3347KiB/s-3347KiB/s (3427kB/s-3427kB/s), io=981MiB (1029MB), run=300074-300074msec
