test: (g=0): rw=read, bs=(R) 4096B-4096B, (W) 4096B-4096B, (T) 4096B-4096B, ioengine=libaio, iodepth=256
...
fio-3.27
Starting 8 processes
seq-read: Laying out IO file (1 file / 1024MiB)
seq-read: Laying out IO file (1 file / 1024MiB)
seq-read: Laying out IO file (1 file / 1024MiB)
seq-read: Laying out IO file (1 file / 1024MiB)

test: (groupid=0, jobs=8): err= 0: pid=209211: Tue Jul 20 13:35:51 2021
  read: IOPS=19.1k, BW=74.7MiB/s (78.3MB/s)(21.9GiB/300004msec)
    slat (usec): min=10, max=2809.4k, avg=405.43, stdev=3900.86
    clat (usec): min=10, max=17691k, avg=106296.74, stdev=419370.44
     lat (usec): min=23, max=17728k, avg=106703.28, stdev=420909.50
    clat percentiles (msec):
     |  1.00th=[    5],  5.00th=[    5], 10.00th=[    5], 20.00th=[    5],
     | 30.00th=[    5], 40.00th=[    6], 50.00th=[    6], 60.00th=[    6],
     | 70.00th=[    6], 80.00th=[   26], 90.00th=[  405], 95.00th=[  464],
     | 99.00th=[ 1401], 99.50th=[ 2668], 99.90th=[ 5738], 99.95th=[ 7752],
     | 99.99th=[10805]
   bw (  KiB/s): min=   88, max=1104544, per=100.00%, avg=77959.49, stdev=30561.59, samples=4737
   iops        : min=   22, max=276134, avg=19489.86, stdev=7640.40, samples=4737
  lat (usec)   : 20=0.01%, 50=0.01%, 100=0.01%, 250=0.01%, 500=0.01%
  lat (usec)   : 750=0.01%, 1000=0.01%
  lat (msec)   : 2=0.01%, 4=0.01%, 10=73.38%, 20=6.07%, 50=4.86%
  lat (msec)   : 100=0.06%, 250=0.09%, 500=12.01%, 750=1.75%, 1000=0.41%
  lat (msec)   : 2000=0.64%, >=2000=0.73%
  cpu          : usr=2.64%, sys=10.75%, ctx=890017, majf=0, minf=2366
  IO depths    : 1=0.1%, 2=0.1%, 4=0.1%, 8=0.1%, 16=0.1%, 32=0.1%, >=64=100.0%
     submit    : 0=0.0%, 4=100.0%, 8=0.0%, 16=0.0%, 32=0.0%, 64=0.0%, >=64=0.0%
     complete  : 0=0.0%, 4=100.0%, 8=0.0%, 16=0.0%, 32=0.0%, 64=0.0%, >=64=0.1%
     issued rwts: total=5737866,0,0,0 short=0,0,0,0 dropped=0,0,0,0
     latency   : target=0, window=0, percentile=100.00%, depth=256

Run status group 0 (all jobs):
   READ: bw=74.7MiB/s (78.3MB/s), 74.7MiB/s-74.7MiB/s (78.3MB/s-78.3MB/s), io=21.9GiB (23.5GB), run=300004-300004msec
