test: (g=0): rw=read, bs=(R) 4096B-4096B, (W) 4096B-4096B, (T) 4096B-4096B, ioengine=libaio, iodepth=256
...
fio-3.27
Starting 2 processes
seq-read: Laying out IO file (1 file / 1024MiB)

test: (groupid=0, jobs=2): err= 0: pid=16563: Tue Jul 20 15:27:30 2021
  read: IOPS=34.1k, BW=133MiB/s (139MB/s)(39.0GiB/300001msec)
    slat (usec): min=10, max=100137, avg=47.63, stdev=588.30
    clat (usec): min=10, max=4115.4k, avg=14973.89, stdev=72150.28
     lat (usec): min=21, max=4119.8k, avg=15022.28, stdev=72381.27
    clat percentiles (msec):
     |  1.00th=[    5],  5.00th=[    5], 10.00th=[    5], 20.00th=[    5],
     | 30.00th=[    5], 40.00th=[    5], 50.00th=[    5], 60.00th=[    5],
     | 70.00th=[    5], 80.00th=[    6], 90.00th=[   16], 95.00th=[   26],
     | 99.00th=[  426], 99.50th=[  575], 99.90th=[  927], 99.95th=[  978],
     | 99.99th=[ 1267]
   bw (  KiB/s): min=   96, max=330376, per=100.00%, avg=141268.90, stdev=38190.08, samples=1175
   iops        : min=   24, max=82594, avg=35317.20, stdev=9547.52, samples=1175
  lat (usec)   : 20=0.01%, 50=0.01%, 100=0.01%, 250=0.01%, 500=0.01%
  lat (usec)   : 750=0.01%, 1000=0.01%
  lat (msec)   : 2=0.01%, 4=0.01%, 10=87.16%, 20=5.44%, 50=5.82%
  lat (msec)   : 100=0.03%, 250=0.12%, 500=0.72%, 750=0.47%, 1000=0.20%
  lat (msec)   : 2000=0.04%, >=2000=0.01%
  cpu          : usr=14.23%, sys=39.86%, ctx=150756, majf=0, minf=590
  IO depths    : 1=0.1%, 2=0.1%, 4=0.1%, 8=0.1%, 16=0.1%, 32=0.1%, >=64=100.0%
     submit    : 0=0.0%, 4=100.0%, 8=0.0%, 16=0.0%, 32=0.0%, 64=0.0%, >=64=0.0%
     complete  : 0=0.0%, 4=100.0%, 8=0.0%, 16=0.0%, 32=0.0%, 64=0.0%, >=64=0.1%
     issued rwts: total=10215320,0,0,0 short=0,0,0,0 dropped=0,0,0,0
     latency   : target=0, window=0, percentile=100.00%, depth=256

Run status group 0 (all jobs):
   READ: bw=133MiB/s (139MB/s), 133MiB/s-133MiB/s (139MB/s-139MB/s), io=39.0GiB (41.8GB), run=300001-300001msec
