test: (g=0): rw=randread, bs=(R) 4096B-4096B, (W) 4096B-4096B, (T) 4096B-4096B, ioengine=libaio, iodepth=256
...
fio-3.27
Starting 8 processes
rand-read: Laying out IO file (1 file / 1024MiB)
rand-read: Laying out IO file (1 file / 1024MiB)
rand-read: Laying out IO file (1 file / 1024MiB)
rand-read: Laying out IO file (1 file / 1024MiB)

test: (groupid=0, jobs=8): err= 0: pid=173603: Tue Jul 20 11:23:19 2021
  read: IOPS=575, BW=2301KiB/s (2357kB/s)(674MiB/300027msec)
    slat (usec): min=486, max=248985, avg=13878.93, stdev=11332.91
    clat (usec): min=15, max=4763.3k, avg=3524644.14, stdev=338076.63
     lat (msec): min=2, max=4771, avg=3538.53, stdev=338.63
    clat percentiles (msec):
     |  1.00th=[ 2802],  5.00th=[ 3171], 10.00th=[ 3239], 20.00th=[ 3339],
     | 30.00th=[ 3406], 40.00th=[ 3473], 50.00th=[ 3507], 60.00th=[ 3574],
     | 70.00th=[ 3641], 80.00th=[ 3742], 90.00th=[ 3876], 95.00th=[ 3977],
     | 99.00th=[ 4245], 99.50th=[ 4329], 99.90th=[ 4530], 99.95th=[ 4597],
     | 99.99th=[ 4732]
   bw (  KiB/s): min= 1152, max= 3288, per=99.85%, avg=2298.78, stdev=39.36, samples=4738
   iops        : min=  288, max=  822, avg=574.69, stdev= 9.84, samples=4738
  lat (usec)   : 20=0.01%, 50=0.01%
  lat (msec)   : 4=0.01%, 10=0.01%, 20=0.01%, 50=0.02%, 100=0.03%
  lat (msec)   : 250=0.08%, 500=0.10%, 750=0.08%, 1000=0.08%, 2000=0.34%
  lat (msec)   : >=2000=99.27%
  cpu          : usr=0.20%, sys=1.26%, ctx=172695, majf=0, minf=2359
  IO depths    : 1=0.1%, 2=0.1%, 4=0.1%, 8=0.1%, 16=0.1%, 32=0.1%, >=64=99.7%
     submit    : 0=0.0%, 4=100.0%, 8=0.0%, 16=0.0%, 32=0.0%, 64=0.0%, >=64=0.0%
     complete  : 0=0.0%, 4=100.0%, 8=0.0%, 16=0.0%, 32=0.0%, 64=0.0%, >=64=0.1%
     issued rwts: total=172621,0,0,0 short=0,0,0,0 dropped=0,0,0,0
     latency   : target=0, window=0, percentile=100.00%, depth=256

Run status group 0 (all jobs):
   READ: bw=2301KiB/s (2357kB/s), 2301KiB/s-2301KiB/s (2357kB/s-2357kB/s), io=674MiB (707MB), run=300027-300027msec
