readwrite: (g=0): rw=rw, bs=(R) 4096B-4096B, (W) 4096B-4096B, (T) 4096B-4096B, ioengine=libaio, iodepth=256
...
fio-3.27
Starting 2 processes
readwrite: Laying out IO file (1 file / 1024MiB)

readwrite: (groupid=0, jobs=2): err= 0: pid=43950: Wed Jul 21 18:27:47 2021
  read: IOPS=16.5k, BW=64.3MiB/s (67.4MB/s)(18.8GiB/300001msec)
    slat (usec): min=7, max=119413, avg=25.75, stdev=359.40
    clat (usec): min=92, max=1121.6k, avg=15500.72, stdev=22868.03
     lat (usec): min=104, max=1121.6k, avg=15527.23, stdev=22927.55
    clat percentiles (msec):
     |  1.00th=[   12],  5.00th=[   13], 10.00th=[   13], 20.00th=[   13],
     | 30.00th=[   13], 40.00th=[   14], 50.00th=[   14], 60.00th=[   14],
     | 70.00th=[   14], 80.00th=[   14], 90.00th=[   15], 95.00th=[   17],
     | 99.00th=[  105], 99.50th=[  138], 99.90th=[  209], 99.95th=[  338],
     | 99.99th=[  911]
   bw (  KiB/s): min= 1000, max=83512, per=100.00%, avg=66583.45, stdev=10041.30, samples=1186
   iops        : min=  250, max=20878, avg=16645.87, stdev=2510.33, samples=1186
  write: IOPS=16.5k, BW=64.3MiB/s (67.4MB/s)(18.8GiB/300001msec); 0 zone resets
    slat (usec): min=68, max=10998, avg=74.33, stdev=15.37
    clat (usec): min=11, max=1121.5k, avg=15485.70, stdev=22648.47
     lat (usec): min=83, max=1121.6k, avg=15561.12, stdev=22649.10
    clat percentiles (msec):
     |  1.00th=[   12],  5.00th=[   13], 10.00th=[   13], 20.00th=[   13],
     | 30.00th=[   13], 40.00th=[   14], 50.00th=[   14], 60.00th=[   14],
     | 70.00th=[   14], 80.00th=[   14], 90.00th=[   15], 95.00th=[   16],
     | 99.00th=[  105], 99.50th=[  138], 99.90th=[  209], 99.95th=[  321],
     | 99.99th=[  911]
   bw (  KiB/s): min= 1024, max=82272, per=100.00%, avg=66533.84, stdev=10023.03, samples=1186
   iops        : min=  256, max=20568, avg=16633.47, stdev=2505.76, samples=1186
  lat (usec)   : 20=0.01%, 100=0.01%, 250=0.01%, 500=0.01%, 750=0.01%
  lat (usec)   : 1000=0.01%
  lat (msec)   : 2=0.01%, 4=0.01%, 10=0.01%, 20=96.68%, 50=2.13%
  lat (msec)   : 100=0.13%, 250=0.98%, 500=0.03%, 750=0.01%, 1000=0.04%
  lat (msec)   : 2000=0.01%
  cpu          : usr=15.57%, sys=76.90%, ctx=51693, majf=0, minf=88
  IO depths    : 1=0.1%, 2=0.1%, 4=0.1%, 8=0.1%, 16=0.1%, 32=0.1%, >=64=100.0%
     submit    : 0=0.0%, 4=100.0%, 8=0.0%, 16=0.0%, 32=0.0%, 64=0.0%, >=64=0.0%
     complete  : 0=0.0%, 4=100.0%, 8=0.0%, 16=0.0%, 32=0.0%, 64=0.0%, >=64=0.1%
     issued rwts: total=4940185,4936562,0,0 short=0,0,0,0 dropped=0,0,0,0
     latency   : target=0, window=0, percentile=100.00%, depth=256

Run status group 0 (all jobs):
   READ: bw=64.3MiB/s (67.4MB/s), 64.3MiB/s-64.3MiB/s (67.4MB/s-67.4MB/s), io=18.8GiB (20.2GB), run=300001-300001msec
  WRITE: bw=64.3MiB/s (67.4MB/s), 64.3MiB/s-64.3MiB/s (67.4MB/s-67.4MB/s), io=18.8GiB (20.2GB), run=300001-300001msec
