readwrite: (g=0): rw=rw, bs=(R) 4096B-4096B, (W) 4096B-4096B, (T) 4096B-4096B, ioengine=libaio, iodepth=256
...
fio-3.27
Starting 16 processes
readwrite: Laying out IO file (1 file / 1024MiB)
readwrite: Laying out IO file (1 file / 1024MiB)
readwrite: Laying out IO file (1 file / 1024MiB)
readwrite: Laying out IO file (1 file / 1024MiB)
readwrite: Laying out IO file (1 file / 1024MiB)
readwrite: Laying out IO file (1 file / 1024MiB)
readwrite: Laying out IO file (1 file / 1024MiB)
readwrite: Laying out IO file (1 file / 1024MiB)

readwrite: (groupid=0, jobs=16): err= 0: pid=180657: Wed Jul 21 19:48:41 2021
  read: IOPS=21.0k, BW=82.1MiB/s (86.0MB/s)(24.0GiB/300083msec)
    slat (usec): min=7, max=1593.9k, avg=661.30, stdev=10319.77
    clat (usec): min=10, max=47036k, avg=97665.21, stdev=1060972.77
     lat (usec): min=19, max=47507k, avg=98327.24, stdev=1068655.66
    clat percentiles (msec):
     |  1.00th=[   12],  5.00th=[   13], 10.00th=[   13], 20.00th=[   14],
     | 30.00th=[   14], 40.00th=[   14], 50.00th=[   14], 60.00th=[   14],
     | 70.00th=[   15], 80.00th=[   15], 90.00th=[   15], 95.00th=[   19],
     | 99.00th=[  768], 99.50th=[ 6409], 99.90th=[17113], 99.95th=[17113],
     | 99.99th=[17113]
   bw (  KiB/s): min=  128, max=407359, per=100.00%, avg=86641.15, stdev=9281.97, samples=9075
   iops        : min=   32, max=101839, avg=21660.17, stdev=2320.48, samples=9075
  write: IOPS=21.0k, BW=82.1MiB/s (86.1MB/s)(24.0GiB/300083msec); 0 zone resets
    slat (usec): min=68, max=386483, avg=79.42, stdev=292.37
    clat (usec): min=48, max=47276k, avg=96309.19, stdev=1052266.39
     lat (usec): min=191, max=47276k, avg=96389.71, stdev=1052268.79
    clat percentiles (msec):
     |  1.00th=[   12],  5.00th=[   13], 10.00th=[   13], 20.00th=[   14],
     | 30.00th=[   14], 40.00th=[   14], 50.00th=[   14], 60.00th=[   14],
     | 70.00th=[   15], 80.00th=[   15], 90.00th=[   15], 95.00th=[   19],
     | 99.00th=[  600], 99.50th=[ 6342], 99.90th=[17113], 99.95th=[17113],
     | 99.99th=[17113]
   bw (  KiB/s): min=  128, max=407226, per=100.00%, avg=86762.46, stdev=9301.49, samples=9048
   iops        : min=   32, max=101806, avg=21690.46, stdev=2325.36, samples=9048
  lat (usec)   : 20=0.01%, 50=0.01%, 250=0.01%, 500=0.01%, 750=0.01%
  lat (usec)   : 1000=0.01%
  lat (msec)   : 2=0.01%, 4=0.01%, 10=0.01%, 20=98.02%, 50=0.77%
  lat (msec)   : 100=0.09%, 250=0.05%, 500=0.05%, 750=0.02%, 1000=0.06%
  lat (msec)   : 2000=0.06%, >=2000=0.88%
  cpu          : usr=2.46%, sys=12.50%, ctx=55141, majf=0, minf=708
  IO depths    : 1=0.1%, 2=0.1%, 4=0.1%, 8=0.1%, 16=0.1%, 32=0.1%, >=64=100.0%
     submit    : 0=0.0%, 4=100.0%, 8=0.0%, 16=0.0%, 32=0.0%, 64=0.0%, >=64=0.0%
     complete  : 0=0.0%, 4=100.0%, 8=0.0%, 16=0.0%, 32=0.0%, 64=0.0%, >=64=0.1%
     issued rwts: total=6303756,6304600,0,0 short=0,0,0,0 dropped=0,0,0,0
     latency   : target=0, window=0, percentile=100.00%, depth=256

Run status group 0 (all jobs):
   READ: bw=82.1MiB/s (86.0MB/s), 82.1MiB/s-82.1MiB/s (86.0MB/s-86.0MB/s), io=24.0GiB (25.8GB), run=300083-300083msec
  WRITE: bw=82.1MiB/s (86.1MB/s), 82.1MiB/s-82.1MiB/s (86.1MB/s-86.1MB/s), io=24.0GiB (25.8GB), run=300083-300083msec
