readwrite: (g=0): rw=rw, bs=(R) 4096B-4096B, (W) 4096B-4096B, (T) 4096B-4096B, ioengine=libaio, iodepth=256
...
fio-3.27
Starting 16 processes
readwrite: Laying out IO file (1 file / 1024MiB)
readwrite: Laying out IO file (1 file / 1024MiB)
readwrite: Laying out IO file (1 file / 1024MiB)
readwrite: Laying out IO file (1 file / 1024MiB)
readwrite: Laying out IO file (1 file / 1024MiB)
readwrite: Laying out IO file (1 file / 1024MiB)
readwrite: Laying out IO file (1 file / 1024MiB)
readwrite: Laying out IO file (1 file / 1024MiB)

readwrite: (groupid=0, jobs=16): err= 0: pid=13911: Wed Jul 21 17:49:11 2021
  read: IOPS=26.2k, BW=102MiB/s (107MB/s)(30.0GiB/300026msec)
    slat (usec): min=7, max=920166, avg=511.14, stdev=6926.19
    clat (usec): min=12, max=20860k, avg=78052.94, stdev=652376.03
     lat (usec): min=67, max=21008k, avg=78564.86, stdev=657149.35
    clat percentiles (msec):
     |  1.00th=[   12],  5.00th=[   13], 10.00th=[   13], 20.00th=[   14],
     | 30.00th=[   14], 40.00th=[   14], 50.00th=[   14], 60.00th=[   14],
     | 70.00th=[   15], 80.00th=[   15], 90.00th=[   15], 95.00th=[   19],
     | 99.00th=[ 2265], 99.50th=[ 4799], 99.90th=[ 9866], 99.95th=[12147],
     | 99.99th=[16845]
   bw (  KiB/s): min=  128, max=616032, per=100.00%, avg=106241.64, stdev=11542.17, samples=9429
   iops        : min=   32, max=154008, avg=26560.43, stdev=2885.55, samples=9429
  write: IOPS=26.2k, BW=102MiB/s (107MB/s)(30.0GiB/300026msec); 0 zone resets
    slat (usec): min=68, max=302966, avg=78.21, stdev=174.30
    clat (usec): min=12, max=20948k, avg=77562.06, stdev=649726.23
     lat (usec): min=94, max=20948k, avg=77641.37, stdev=649728.91
    clat percentiles (msec):
     |  1.00th=[   12],  5.00th=[   13], 10.00th=[   13], 20.00th=[   14],
     | 30.00th=[   14], 40.00th=[   14], 50.00th=[   14], 60.00th=[   14],
     | 70.00th=[   15], 80.00th=[   15], 90.00th=[   15], 95.00th=[   19],
     | 99.00th=[ 2232], 99.50th=[ 4799], 99.90th=[ 9866], 99.95th=[12013],
     | 99.99th=[16845]
   bw (  KiB/s): min=  128, max=610896, per=100.00%, avg=106426.54, stdev=11529.66, samples=9417
   iops        : min=   32, max=152724, avg=26606.64, stdev=2882.42, samples=9417
  lat (usec)   : 20=0.01%, 50=0.01%, 100=0.01%, 250=0.01%, 500=0.01%
  lat (usec)   : 750=0.01%, 1000=0.01%
  lat (msec)   : 2=0.01%, 4=0.01%, 10=0.01%, 20=96.93%, 50=1.36%
  lat (msec)   : 100=0.08%, 250=0.06%, 500=0.07%, 750=0.04%, 1000=0.07%
  lat (msec)   : 2000=0.31%, >=2000=1.08%
  cpu          : usr=3.14%, sys=15.77%, ctx=111732, majf=0, minf=722
  IO depths    : 1=0.1%, 2=0.1%, 4=0.1%, 8=0.1%, 16=0.1%, 32=0.1%, >=64=100.0%
     submit    : 0=0.0%, 4=100.0%, 8=0.0%, 16=0.0%, 32=0.0%, 64=0.0%, >=64=0.0%
     complete  : 0=0.0%, 4=100.0%, 8=0.0%, 16=0.0%, 32=0.0%, 64=0.0%, >=64=0.1%
     issued rwts: total=7864290,7859712,0,0 short=0,0,0,0 dropped=0,0,0,0
     latency   : target=0, window=0, percentile=100.00%, depth=256

Run status group 0 (all jobs):
   READ: bw=102MiB/s (107MB/s), 102MiB/s-102MiB/s (107MB/s-107MB/s), io=30.0GiB (32.2GB), run=300026-300026msec
  WRITE: bw=102MiB/s (107MB/s), 102MiB/s-102MiB/s (107MB/s-107MB/s), io=30.0GiB (32.2GB), run=300026-300026msec
