readwrite: (g=0): rw=rw, bs=(R) 4096B-4096B, (W) 4096B-4096B, (T) 4096B-4096B, ioengine=libaio, iodepth=256
...
fio-3.27
Starting 16 processes
readwrite: Laying out IO file (1 file / 1024MiB)
readwrite: Laying out IO file (1 file / 1024MiB)
readwrite: Laying out IO file (1 file / 1024MiB)
readwrite: Laying out IO file (1 file / 1024MiB)
readwrite: Laying out IO file (1 file / 1024MiB)
readwrite: Laying out IO file (1 file / 1024MiB)
readwrite: Laying out IO file (1 file / 1024MiB)
readwrite: Laying out IO file (1 file / 1024MiB)

readwrite: (groupid=0, jobs=16): err= 0: pid=119511: Wed Jul 21 19:48:41 2021
  read: IOPS=24.1k, BW=94.3MiB/s (98.9MB/s)(27.6GiB/300139msec)
    slat (usec): min=7, max=1285.6k, avg=560.89, stdev=9639.23
    clat (usec): min=10, max=43966k, avg=85321.00, stdev=1003652.59
     lat (usec): min=20, max=44165k, avg=85882.61, stdev=1010903.69
    clat percentiles (msec):
     |  1.00th=[   12],  5.00th=[   13], 10.00th=[   13], 20.00th=[   14],
     | 30.00th=[   14], 40.00th=[   14], 50.00th=[   14], 60.00th=[   15],
     | 70.00th=[   15], 80.00th=[   15], 90.00th=[   16], 95.00th=[   16],
     | 99.00th=[   57], 99.50th=[ 5134], 99.90th=[16979], 99.95th=[17113],
     | 99.99th=[17113]
   bw (  KiB/s): min=  128, max=406698, per=100.00%, avg=99648.81, stdev=9587.55, samples=9040
   iops        : min=   32, max=101673, avg=24912.08, stdev=2396.87, samples=9040
  write: IOPS=24.1k, BW=94.3MiB/s (98.9MB/s)(27.6GiB/300139msec); 0 zone resets
    slat (usec): min=68, max=373850, avg=80.57, stdev=212.11
    clat (usec): min=14, max=44102k, avg=83534.65, stdev=990697.79
     lat (usec): min=103, max=44102k, avg=83616.31, stdev=990699.90
    clat percentiles (msec):
     |  1.00th=[   12],  5.00th=[   13], 10.00th=[   13], 20.00th=[   14],
     | 30.00th=[   14], 40.00th=[   14], 50.00th=[   14], 60.00th=[   15],
     | 70.00th=[   15], 80.00th=[   15], 90.00th=[   16], 95.00th=[   16],
     | 99.00th=[   48], 99.50th=[ 5000], 99.90th=[16845], 99.95th=[17113],
     | 99.99th=[17113]
   bw (  KiB/s): min=  128, max=407780, per=100.00%, avg=99476.09, stdev=9628.84, samples=9011
   iops        : min=   32, max=101944, avg=24868.90, stdev=2407.20, samples=9011
  lat (usec)   : 20=0.01%, 50=0.01%, 100=0.01%, 250=0.01%, 500=0.01%
  lat (usec)   : 750=0.01%, 1000=0.01%
  lat (msec)   : 2=0.01%, 4=0.01%, 10=0.01%, 20=98.12%, 50=0.88%
  lat (msec)   : 100=0.06%, 250=0.04%, 500=0.05%, 750=0.03%, 1000=0.04%
  lat (msec)   : 2000=0.05%, >=2000=0.74%
  cpu          : usr=2.83%, sys=14.54%, ctx=53765, majf=0, minf=708
  IO depths    : 1=0.1%, 2=0.1%, 4=0.1%, 8=0.1%, 16=0.1%, 32=0.1%, >=64=100.0%
     submit    : 0=0.0%, 4=100.0%, 8=0.0%, 16=0.0%, 32=0.0%, 64=0.0%, >=64=0.0%
     complete  : 0=0.0%, 4=100.0%, 8=0.0%, 16=0.0%, 32=0.0%, 64=0.0%, >=64=0.1%
     issued rwts: total=7244244,7248164,0,0 short=0,0,0,0 dropped=0,0,0,0
     latency   : target=0, window=0, percentile=100.00%, depth=256

Run status group 0 (all jobs):
   READ: bw=94.3MiB/s (98.9MB/s), 94.3MiB/s-94.3MiB/s (98.9MB/s-98.9MB/s), io=27.6GiB (29.7GB), run=300139-300139msec
  WRITE: bw=94.3MiB/s (98.9MB/s), 94.3MiB/s-94.3MiB/s (98.9MB/s-98.9MB/s), io=27.6GiB (29.7GB), run=300139-300139msec
