test: (g=0): rw=read, bs=(R) 4096B-4096B, (W) 4096B-4096B, (T) 4096B-4096B, ioengine=libaio, iodepth=256
...
fio-3.27
Starting 8 processes
seq-read: Laying out IO file (1 file / 1024MiB)
seq-read: Laying out IO file (1 file / 1024MiB)
seq-read: Laying out IO file (1 file / 1024MiB)
seq-read: Laying out IO file (1 file / 1024MiB)

test: (groupid=0, jobs=8): err= 0: pid=237148: Tue Jul 20 15:40:04 2021
  read: IOPS=34.3k, BW=134MiB/s (141MB/s)(39.4GiB/300813msec)
    slat (usec): min=10, max=382533, avg=220.52, stdev=1964.83
    clat (usec): min=13, max=15996k, avg=59210.05, stdev=315660.73
     lat (usec): min=847, max=16025k, avg=59431.45, stdev=316755.56
    clat percentiles (msec):
     |  1.00th=[    5],  5.00th=[    5], 10.00th=[    5], 20.00th=[    5],
     | 30.00th=[    5], 40.00th=[    6], 50.00th=[    6], 60.00th=[    6],
     | 70.00th=[    6], 80.00th=[    6], 90.00th=[   26], 95.00th=[  510],
     | 99.00th=[ 1334], 99.50th=[ 1569], 99.90th=[ 2265], 99.95th=[ 4933],
     | 99.99th=[12281]
   bw (  KiB/s): min=  208, max=1073864, per=100.00%, avg=142352.78, stdev=25293.70, samples=4765
   iops        : min=   52, max=268466, avg=35587.87, stdev=6323.42, samples=4765
  lat (usec)   : 20=0.01%, 50=0.01%, 1000=0.01%
  lat (msec)   : 2=0.01%, 4=0.01%, 10=83.88%, 20=5.45%, 50=5.57%
  lat (msec)   : 100=0.02%, 250=0.01%, 500=0.05%, 750=2.22%, 1000=0.77%
  lat (msec)   : 2000=1.89%, >=2000=0.15%
  cpu          : usr=4.00%, sys=12.52%, ctx=515439, majf=0, minf=2366
  IO depths    : 1=0.1%, 2=0.1%, 4=0.1%, 8=0.1%, 16=0.1%, 32=0.1%, >=64=100.0%
     submit    : 0=0.0%, 4=100.0%, 8=0.0%, 16=0.0%, 32=0.0%, 64=0.0%, >=64=0.0%
     complete  : 0=0.0%, 4=100.0%, 8=0.0%, 16=0.0%, 32=0.0%, 64=0.0%, >=64=0.1%
     issued rwts: total=10332243,0,0,0 short=0,0,0,0 dropped=0,0,0,0
     latency   : target=0, window=0, percentile=100.00%, depth=256

Run status group 0 (all jobs):
   READ: bw=134MiB/s (141MB/s), 134MiB/s-134MiB/s (141MB/s-141MB/s), io=39.4GiB (42.3GB), run=300813-300813msec
