readwrite: (g=0): rw=rw, bs=(R) 4096B-4096B, (W) 4096B-4096B, (T) 4096B-4096B, ioengine=libaio, iodepth=256
...
fio-3.27
Starting 8 processes
readwrite: Laying out IO file (1 file / 1024MiB)
readwrite: Laying out IO file (1 file / 1024MiB)
readwrite: Laying out IO file (1 file / 1024MiB)
readwrite: Laying out IO file (1 file / 1024MiB)

readwrite: (groupid=0, jobs=8): err= 0: pid=6586: Wed Jul 21 16:53:46 2021
  read: IOPS=32.1k, BW=125MiB/s (132MB/s)(36.8GiB/300010msec)
    slat (usec): min=7, max=933376, avg=131.19, stdev=2050.40
    clat (usec): min=12, max=5606.6k, avg=31723.09, stdev=129245.80
     lat (usec): min=112, max=5606.7k, avg=31855.05, stdev=129954.70
    clat percentiles (msec):
     |  1.00th=[   13],  5.00th=[   13], 10.00th=[   13], 20.00th=[   14],
     | 30.00th=[   14], 40.00th=[   14], 50.00th=[   14], 60.00th=[   15],
     | 70.00th=[   15], 80.00th=[   15], 90.00th=[   19], 95.00th=[   20],
     | 99.00th=[  634], 99.50th=[  894], 99.90th=[ 1620], 99.95th=[ 2198],
     | 99.99th=[ 3473]
   bw (  KiB/s): min=  168, max=322576, per=100.00%, avg=129746.64, stdev=13663.09, samples=4758
   iops        : min=   42, max=80646, avg=32436.67, stdev=3415.78, samples=4758
  write: IOPS=32.1k, BW=125MiB/s (132MB/s)(36.8GiB/300010msec); 0 zone resets
    slat (usec): min=68, max=2673.6k, avg=96.50, stdev=1907.04
    clat (usec): min=11, max=5604.6k, avg=31687.76, stdev=128769.69
     lat (usec): min=94, max=5604.6k, avg=31785.37, stdev=128962.12
    clat percentiles (msec):
     |  1.00th=[   13],  5.00th=[   13], 10.00th=[   13], 20.00th=[   14],
     | 30.00th=[   14], 40.00th=[   14], 50.00th=[   14], 60.00th=[   15],
     | 70.00th=[   15], 80.00th=[   15], 90.00th=[   19], 95.00th=[   20],
     | 99.00th=[  634], 99.50th=[  894], 99.90th=[ 1620], 99.95th=[ 2165],
     | 99.99th=[ 3473]
   bw (  KiB/s): min=  224, max=321464, per=100.00%, avg=129826.61, stdev=13656.03, samples=4757
   iops        : min=   56, max=80366, avg=32456.66, stdev=3414.01, samples=4757
  lat (usec)   : 20=0.01%, 50=0.01%, 250=0.01%, 500=0.01%, 750=0.01%
  lat (usec)   : 1000=0.01%
  lat (msec)   : 2=0.01%, 4=0.01%, 10=0.01%, 20=95.46%, 50=1.49%
  lat (msec)   : 100=0.14%, 250=0.41%, 500=1.08%, 750=0.68%, 1000=0.37%
  lat (msec)   : 2000=0.31%, >=2000=0.06%
  cpu          : usr=7.72%, sys=40.35%, ctx=238645, majf=0, minf=355
  IO depths    : 1=0.1%, 2=0.1%, 4=0.1%, 8=0.1%, 16=0.1%, 32=0.1%, >=64=100.0%
     submit    : 0=0.0%, 4=100.0%, 8=0.0%, 16=0.0%, 32=0.0%, 64=0.0%, >=64=0.0%
     complete  : 0=0.0%, 4=100.0%, 8=0.0%, 16=0.0%, 32=0.0%, 64=0.0%, >=64=0.1%
     issued rwts: total=9634734,9636138,0,0 short=0,0,0,0 dropped=0,0,0,0
     latency   : target=0, window=0, percentile=100.00%, depth=256

Run status group 0 (all jobs):
   READ: bw=125MiB/s (132MB/s), 125MiB/s-125MiB/s (132MB/s-132MB/s), io=36.8GiB (39.5GB), run=300010-300010msec
  WRITE: bw=125MiB/s (132MB/s), 125MiB/s-125MiB/s (132MB/s-132MB/s), io=36.8GiB (39.5GB), run=300010-300010msec
