test: (g=0): rw=randread, bs=(R) 4096B-4096B, (W) 4096B-4096B, (T) 4096B-4096B, ioengine=libaio, iodepth=256
...
fio-3.27
Starting 16 processes
rand-read: Laying out IO file (1 file / 1024MiB)
rand-read: Laying out IO file (1 file / 1024MiB)
rand-read: Laying out IO file (1 file / 1024MiB)
rand-read: Laying out IO file (1 file / 1024MiB)
rand-read: Laying out IO file (1 file / 1024MiB)
rand-read: Laying out IO file (1 file / 1024MiB)
rand-read: Laying out IO file (1 file / 1024MiB)
rand-read: Laying out IO file (1 file / 1024MiB)

test: (groupid=0, jobs=16): err= 0: pid=167932: Tue Jul 20 11:31:17 2021
  read: IOPS=571, BW=2284KiB/s (2339kB/s)(669MiB/300067msec)
    slat (usec): min=742, max=265253, avg=27990.90, stdev=14476.26
    clat (usec): min=14, max=8711.6k, avg=7068619.68, stdev=728421.83
     lat (msec): min=11, max=8739, avg=7096.61, stdev=728.96
    clat percentiles (msec):
     |  1.00th=[ 3071],  5.00th=[ 6477], 10.00th=[ 6678], 20.00th=[ 6879],
     | 30.00th=[ 6946], 40.00th=[ 7013], 50.00th=[ 7148], 60.00th=[ 7215],
     | 70.00th=[ 7282], 80.00th=[ 7416], 90.00th=[ 7617], 95.00th=[ 7752],
     | 99.00th=[ 8154], 99.50th=[ 8288], 99.90th=[ 8557], 99.95th=[ 8557],
     | 99.99th=[ 8658]
   bw (  KiB/s): min=  904, max= 3120, per=99.78%, avg=2279.71, stdev=18.50, samples=9376
   iops        : min=  226, max=  780, avg=569.93, stdev= 4.62, samples=9376
  lat (usec)   : 20=0.01%, 50=0.01%
  lat (msec)   : 20=0.01%, 50=0.01%, 100=0.02%, 250=0.05%, 500=0.08%
  lat (msec)   : 750=0.08%, 1000=0.09%, 2000=0.32%, >=2000=99.33%
  cpu          : usr=0.10%, sys=0.64%, ctx=171476, majf=0, minf=4717
  IO depths    : 1=0.1%, 2=0.1%, 4=0.1%, 8=0.1%, 16=0.1%, 32=0.3%, >=64=99.4%
     submit    : 0=0.0%, 4=100.0%, 8=0.0%, 16=0.0%, 32=0.0%, 64=0.0%, >=64=0.0%
     complete  : 0=0.0%, 4=100.0%, 8=0.0%, 16=0.0%, 32=0.0%, 64=0.0%, >=64=0.1%
     issued rwts: total=171344,0,0,0 short=0,0,0,0 dropped=0,0,0,0
     latency   : target=0, window=0, percentile=100.00%, depth=256

Run status group 0 (all jobs):
   READ: bw=2284KiB/s (2339kB/s), 2284KiB/s-2284KiB/s (2339kB/s-2339kB/s), io=669MiB (702MB), run=300067-300067msec
