readwrite: (g=0): rw=rw, bs=(R) 4096B-4096B, (W) 4096B-4096B, (T) 4096B-4096B, ioengine=libaio, iodepth=256
...
fio-3.27
Starting 32 processes
readwrite: Laying out IO file (1 file / 1024MiB)
readwrite: Laying out IO file (1 file / 1024MiB)
readwrite: Laying out IO file (1 file / 1024MiB)
readwrite: Laying out IO file (1 file / 1024MiB)
readwrite: Laying out IO file (1 file / 1024MiB)
readwrite: Laying out IO file (1 file / 1024MiB)
readwrite: Laying out IO file (1 file / 1024MiB)
readwrite: Laying out IO file (1 file / 1024MiB)
readwrite: Laying out IO file (1 file / 1024MiB)
readwrite: Laying out IO file (1 file / 1024MiB)
readwrite: Laying out IO file (1 file / 1024MiB)
readwrite: Laying out IO file (1 file / 1024MiB)
readwrite: Laying out IO file (1 file / 1024MiB)
readwrite: Laying out IO file (1 file / 1024MiB)
readwrite: Laying out IO file (1 file / 1024MiB)
readwrite: Laying out IO file (1 file / 1024MiB)

readwrite: (groupid=0, jobs=32): err= 0: pid=137763: Wed Jul 21 18:59:27 2021
  read: IOPS=28.6k, BW=112MiB/s (117MB/s)(32.7GiB/300437msec)
    slat (usec): min=7, max=2533.3k, avg=1016.22, stdev=13520.26
    clat (usec): min=15, max=36326k, avg=143917.35, stdev=1314051.88
     lat (usec): min=106, max=36427k, avg=144934.31, stdev=1323514.35
    clat percentiles (msec):
     |  1.00th=[   13],  5.00th=[   13], 10.00th=[   13], 20.00th=[   14],
     | 30.00th=[   14], 40.00th=[   14], 50.00th=[   14], 60.00th=[   15],
     | 70.00th=[   15], 80.00th=[   15], 90.00th=[   16], 95.00th=[   19],
     | 99.00th=[ 5000], 99.50th=[10268], 99.90th=[17113], 99.95th=[17113],
     | 99.99th=[17113]
   bw (  KiB/s): min=  256, max=716216, per=100.00%, avg=119911.66, stdev=8458.04, samples=17913
   iops        : min=   64, max=179056, avg=29977.87, stdev=2114.51, samples=17913
  write: IOPS=28.6k, BW=112MiB/s (117MB/s)(32.7GiB/300437msec); 0 zone resets
    slat (usec): min=68, max=336410, avg=81.11, stdev=224.76
    clat (usec): min=11, max=36326k, avg=141161.32, stdev=1299815.80
     lat (usec): min=84, max=36326k, avg=141243.57, stdev=1299818.52
    clat percentiles (msec):
     |  1.00th=[   13],  5.00th=[   13], 10.00th=[   13], 20.00th=[   14],
     | 30.00th=[   14], 40.00th=[   14], 50.00th=[   14], 60.00th=[   15],
     | 70.00th=[   15], 80.00th=[   15], 90.00th=[   16], 95.00th=[   19],
     | 99.00th=[ 4665], 99.50th=[10134], 99.90th=[17113], 99.95th=[17113],
     | 99.99th=[17113]
   bw (  KiB/s): min=  256, max=711857, per=100.00%, avg=120015.11, stdev=8466.67, samples=17862
   iops        : min=   64, max=177966, avg=30003.73, stdev=2116.67, samples=17862
  lat (usec)   : 20=0.01%, 50=0.01%, 100=0.01%, 250=0.01%, 500=0.01%
  lat (usec)   : 750=0.01%, 1000=0.01%
  lat (msec)   : 2=0.01%, 4=0.01%, 10=0.01%, 20=97.09%, 50=1.34%
  lat (msec)   : 100=0.08%, 250=0.05%, 500=0.06%, 750=0.03%, 1000=0.05%
  lat (msec)   : 2000=0.08%, >=2000=1.22%
  cpu          : usr=1.73%, sys=8.73%, ctx=102174, majf=0, minf=1413
  IO depths    : 1=0.1%, 2=0.1%, 4=0.1%, 8=0.1%, 16=0.1%, 32=0.1%, >=64=100.0%
     submit    : 0=0.0%, 4=100.0%, 8=0.0%, 16=0.0%, 32=0.0%, 64=0.0%, >=64=0.0%
     complete  : 0=0.0%, 4=100.0%, 8=0.0%, 16=0.0%, 32=0.0%, 64=0.0%, >=64=0.1%
     issued rwts: total=8584981,8583398,0,0 short=0,0,0,0 dropped=0,0,0,0
     latency   : target=0, window=0, percentile=100.00%, depth=256

Run status group 0 (all jobs):
   READ: bw=112MiB/s (117MB/s), 112MiB/s-112MiB/s (117MB/s-117MB/s), io=32.7GiB (35.2GB), run=300437-300437msec
  WRITE: bw=112MiB/s (117MB/s), 112MiB/s-112MiB/s (117MB/s-117MB/s), io=32.7GiB (35.2GB), run=300437-300437msec
