readwrite: (g=0): rw=rw, bs=(R) 4096B-4096B, (W) 4096B-4096B, (T) 4096B-4096B, ioengine=libaio, iodepth=256
...
fio-3.27
Starting 8 processes
readwrite: Laying out IO file (1 file / 1024MiB)
readwrite: Laying out IO file (1 file / 1024MiB)
readwrite: Laying out IO file (1 file / 1024MiB)
readwrite: Laying out IO file (1 file / 1024MiB)

readwrite: (groupid=0, jobs=8): err= 0: pid=71757: Wed Jul 21 19:40:18 2021
  read: IOPS=16.8k, BW=65.6MiB/s (68.8MB/s)(19.2GiB/300014msec)
    slat (usec): min=7, max=1135.3k, avg=375.69, stdev=6043.82
    clat (usec): min=12, max=24011k, avg=60895.94, stdev=524494.94
     lat (usec): min=108, max=24029k, avg=61272.37, stdev=528149.62
    clat percentiles (msec):
     |  1.00th=[   12],  5.00th=[   13], 10.00th=[   13], 20.00th=[   14],
     | 30.00th=[   14], 40.00th=[   14], 50.00th=[   14], 60.00th=[   14],
     | 70.00th=[   15], 80.00th=[   15], 90.00th=[   16], 95.00th=[   19],
     | 99.00th=[ 1603], 99.50th=[ 3004], 99.90th=[ 8288], 99.95th=[10939],
     | 99.99th=[16845]
   bw (  KiB/s): min=   64, max=322704, per=100.00%, avg=68090.11, stdev=13681.89, samples=4718
   iops        : min=   16, max=80676, avg=17022.53, stdev=3420.47, samples=4718
  write: IOPS=16.8k, BW=65.6MiB/s (68.8MB/s)(19.2GiB/300014msec); 0 zone resets
    slat (usec): min=68, max=410198, avg=79.66, stdev=306.50
    clat (usec): min=11, max=24011k, avg=60483.36, stdev=522597.11
     lat (usec): min=90, max=24011k, avg=60564.12, stdev=522599.30
    clat percentiles (msec):
     |  1.00th=[   12],  5.00th=[   13], 10.00th=[   13], 20.00th=[   14],
     | 30.00th=[   14], 40.00th=[   14], 50.00th=[   14], 60.00th=[   14],
     | 70.00th=[   15], 80.00th=[   15], 90.00th=[   16], 95.00th=[   19],
     | 99.00th=[ 1569], 99.50th=[ 2970], 99.90th=[ 8288], 99.95th=[10939],
     | 99.99th=[16576]
   bw (  KiB/s): min=   64, max=320872, per=100.00%, avg=68385.77, stdev=13693.80, samples=4702
   iops        : min=   16, max=80218, avg=17096.44, stdev=3423.45, samples=4702
  lat (usec)   : 20=0.01%, 50=0.01%, 100=0.01%, 250=0.01%, 500=0.01%
  lat (usec)   : 750=0.01%, 1000=0.01%
  lat (msec)   : 2=0.01%, 4=0.01%, 10=0.01%, 20=96.79%, 50=1.52%
  lat (msec)   : 100=0.09%, 250=0.05%, 500=0.06%, 750=0.08%, 1000=0.12%
  lat (msec)   : 2000=0.48%, >=2000=0.80%
  cpu          : usr=4.01%, sys=20.28%, ctx=71917, majf=0, minf=361
  IO depths    : 1=0.1%, 2=0.1%, 4=0.1%, 8=0.1%, 16=0.1%, 32=0.1%, >=64=100.0%
     submit    : 0=0.0%, 4=100.0%, 8=0.0%, 16=0.0%, 32=0.0%, 64=0.0%, >=64=0.0%
     complete  : 0=0.0%, 4=100.0%, 8=0.0%, 16=0.0%, 32=0.0%, 64=0.0%, >=64=0.1%
     issued rwts: total=5039477,5041576,0,0 short=0,0,0,0 dropped=0,0,0,0
     latency   : target=0, window=0, percentile=100.00%, depth=256

Run status group 0 (all jobs):
   READ: bw=65.6MiB/s (68.8MB/s), 65.6MiB/s-65.6MiB/s (68.8MB/s-68.8MB/s), io=19.2GiB (20.6GB), run=300014-300014msec
  WRITE: bw=65.6MiB/s (68.8MB/s), 65.6MiB/s-65.6MiB/s (68.8MB/s-68.8MB/s), io=19.2GiB (20.7GB), run=300014-300014msec
