test: (g=0): rw=read, bs=(R) 4096B-4096B, (W) 4096B-4096B, (T) 4096B-4096B, ioengine=libaio, iodepth=256
...
fio-3.27
Starting 4 processes
seq-read: Laying out IO file (1 file / 1024MiB)
seq-read: Laying out IO file (1 file / 1024MiB)

test: (groupid=0, jobs=4): err= 0: pid=238041: Tue Jul 20 13:29:10 2021
  read: IOPS=34.4k, BW=134MiB/s (141MB/s)(39.4GiB/300034msec)
    slat (usec): min=10, max=1934.2k, avg=104.49, stdev=1676.61
    clat (usec): min=10, max=12953k, avg=29616.90, stdev=191831.73
     lat (usec): min=22, max=12987k, avg=29722.25, stdev=192528.28
    clat percentiles (msec):
     |  1.00th=[    5],  5.00th=[    5], 10.00th=[    5], 20.00th=[    5],
     | 30.00th=[    6], 40.00th=[    6], 50.00th=[    6], 60.00th=[    6],
     | 70.00th=[    6], 80.00th=[    6], 90.00th=[   21], 95.00th=[   28],
     | 99.00th=[  523], 99.50th=[  793], 99.90th=[ 2500], 99.95th=[ 3977],
     | 99.99th=[ 7349]
   bw (  KiB/s): min=   40, max=650152, per=100.00%, avg=141668.41, stdev=38417.57, samples=2367
   iops        : min=   10, max=162538, avg=35417.11, stdev=9604.40, samples=2367
  lat (usec)   : 20=0.01%, 50=0.01%, 100=0.01%, 250=0.01%, 500=0.01%
  lat (usec)   : 750=0.01%, 1000=0.01%
  lat (msec)   : 2=0.01%, 4=0.01%, 10=84.66%, 20=5.33%, 50=5.61%
  lat (msec)   : 100=0.04%, 250=0.78%, 500=2.50%, 750=0.54%, 1000=0.21%
  lat (msec)   : 2000=0.19%, >=2000=0.13%
  cpu          : usr=7.76%, sys=23.79%, ctx=439084, majf=0, minf=1182
  IO depths    : 1=0.1%, 2=0.1%, 4=0.1%, 8=0.1%, 16=0.1%, 32=0.1%, >=64=100.0%
     submit    : 0=0.0%, 4=100.0%, 8=0.0%, 16=0.0%, 32=0.0%, 64=0.0%, >=64=0.0%
     complete  : 0=0.0%, 4=100.0%, 8=0.0%, 16=0.0%, 32=0.0%, 64=0.0%, >=64=0.1%
     issued rwts: total=10324023,0,0,0 short=0,0,0,0 dropped=0,0,0,0
     latency   : target=0, window=0, percentile=100.00%, depth=256

Run status group 0 (all jobs):
   READ: bw=134MiB/s (141MB/s), 134MiB/s-134MiB/s (141MB/s-141MB/s), io=39.4GiB (42.3GB), run=300034-300034msec
