test: (g=0): rw=randread, bs=(R) 4096B-4096B, (W) 4096B-4096B, (T) 4096B-4096B, ioengine=libaio, iodepth=256
...
fio-3.27
Starting 2 processes
rand-read: Laying out IO file (1 file / 1024MiB)

test: (groupid=0, jobs=2): err= 0: pid=187657: Mon Jul 19 21:55:06 2021
  read: IOPS=305, BW=1221KiB/s (1250kB/s)(358MiB/300006msec)
    slat (usec): min=452, max=83835, avg=6533.94, stdev=4381.67
    clat (usec): min=12, max=1959.0k, avg=1666617.47, stdev=103031.48
     lat (msec): min=6, max=1964, avg=1673.15, stdev=103.13
    clat percentiles (msec):
     |  1.00th=[ 1502],  5.00th=[ 1552], 10.00th=[ 1586], 20.00th=[ 1603],
     | 30.00th=[ 1636], 40.00th=[ 1653], 50.00th=[ 1670], 60.00th=[ 1687],
     | 70.00th=[ 1703], 80.00th=[ 1737], 90.00th=[ 1770], 95.00th=[ 1804],
     | 99.00th=[ 1854], 99.50th=[ 1871], 99.90th=[ 1905], 99.95th=[ 1921],
     | 99.99th=[ 1938]
   bw (  KiB/s): min=  720, max= 1504, per=99.96%, avg=1220.51, stdev=50.26, samples=1192
   iops        : min=  180, max=  376, avg=305.07, stdev=12.56, samples=1192
  lat (usec)   : 20=0.01%
  lat (msec)   : 10=0.01%, 20=0.01%, 50=0.01%, 100=0.02%, 250=0.05%
  lat (msec)   : 500=0.09%, 750=0.08%, 1000=0.08%, 2000=99.66%
  cpu          : usr=0.37%, sys=2.26%, ctx=91567, majf=0, minf=590
  IO depths    : 1=0.1%, 2=0.1%, 4=0.1%, 8=0.1%, 16=0.1%, 32=0.1%, >=64=99.9%
     submit    : 0=0.0%, 4=100.0%, 8=0.0%, 16=0.0%, 32=0.0%, 64=0.0%, >=64=0.0%
     complete  : 0=0.0%, 4=100.0%, 8=0.0%, 16=0.0%, 32=0.0%, 64=0.0%, >=64=0.1%
     issued rwts: total=91543,0,0,0 short=0,0,0,0 dropped=0,0,0,0
     latency   : target=0, window=0, percentile=100.00%, depth=256

Run status group 0 (all jobs):
   READ: bw=1221KiB/s (1250kB/s), 1221KiB/s-1221KiB/s (1250kB/s-1250kB/s), io=358MiB (375MB), run=300006-300006msec
