test: (g=0): rw=read, bs=(R) 4096B-4096B, (W) 4096B-4096B, (T) 4096B-4096B, ioengine=libaio, iodepth=256
...
fio-3.27
Starting 4 processes
seq-read: Laying out IO file (1 file / 1024MiB)
seq-read: Laying out IO file (1 file / 1024MiB)

test: (groupid=0, jobs=4): err= 0: pid=219113: Tue Jul 20 13:29:10 2021
  read: IOPS=22.3k, BW=86.9MiB/s (91.1MB/s)(25.5GiB/300016msec)
    slat (usec): min=10, max=2719.3k, avg=168.12, stdev=2309.76
    clat (usec): min=15, max=19512k, avg=45789.97, stdev=277264.35
     lat (msec): min=2, max=19656, avg=45.96, stdev=278.28
    clat percentiles (msec):
     |  1.00th=[    5],  5.00th=[    5], 10.00th=[    5], 20.00th=[    5],
     | 30.00th=[    5], 40.00th=[    5], 50.00th=[    6], 60.00th=[    6],
     | 70.00th=[    6], 80.00th=[    6], 90.00th=[   27], 95.00th=[  262],
     | 99.00th=[  651], 99.50th=[  995], 99.90th=[ 3775], 99.95th=[ 5403],
     | 99.99th=[11745]
   bw (  KiB/s): min=   64, max=540256, per=100.00%, avg=91154.81, stdev=42252.42, samples=2373
   iops        : min=   16, max=135064, avg=22788.52, stdev=10563.11, samples=2373
  lat (usec)   : 20=0.01%, 50=0.01%
  lat (msec)   : 4=0.01%, 10=81.42%, 20=4.89%, 50=5.39%, 100=0.04%
  lat (msec)   : 250=2.77%, 500=3.95%, 750=0.75%, 1000=0.30%, 2000=0.29%
  lat (msec)   : >=2000=0.21%
  cpu          : usr=5.00%, sys=17.05%, ctx=546190, majf=0, minf=1183
  IO depths    : 1=0.1%, 2=0.1%, 4=0.1%, 8=0.1%, 16=0.1%, 32=0.1%, >=64=100.0%
     submit    : 0=0.0%, 4=100.0%, 8=0.0%, 16=0.0%, 32=0.0%, 64=0.0%, >=64=0.0%
     complete  : 0=0.0%, 4=100.0%, 8=0.0%, 16=0.0%, 32=0.0%, 64=0.0%, >=64=0.1%
     issued rwts: total=6675775,0,0,0 short=0,0,0,0 dropped=0,0,0,0
     latency   : target=0, window=0, percentile=100.00%, depth=256

Run status group 0 (all jobs):
   READ: bw=86.9MiB/s (91.1MB/s), 86.9MiB/s-86.9MiB/s (91.1MB/s-91.1MB/s), io=25.5GiB (27.3GB), run=300016-300016msec
