test: (g=0): rw=randread, bs=(R) 4096B-4096B, (W) 4096B-4096B, (T) 4096B-4096B, ioengine=libaio, iodepth=256
...
fio-3.27
Starting 4 processes
rand-read: Laying out IO file (1 file / 1024MiB)
rand-read: Laying out IO file (1 file / 1024MiB)

test: (groupid=0, jobs=4): err= 0: pid=130715: Mon Jul 19 19:05:43 2021
  read: IOPS=379, BW=1516KiB/s (1553kB/s)(444MiB/300013msec)
    slat (usec): min=475, max=237740, avg=10527.61, stdev=8623.41
    clat (usec): min=16, max=3620.2k, avg=2677650.31, stdev=335559.33
     lat (msec): min=8, max=3634, avg=2688.18, stdev=336.48
    clat percentiles (msec):
     |  1.00th=[ 2089],  5.00th=[ 2232], 10.00th=[ 2299], 20.00th=[ 2400],
     | 30.00th=[ 2500], 40.00th=[ 2567], 50.00th=[ 2635], 60.00th=[ 2735],
     | 70.00th=[ 2869], 80.00th=[ 3004], 90.00th=[ 3138], 95.00th=[ 3205],
     | 99.00th=[ 3373], 99.50th=[ 3440], 99.90th=[ 3507], 99.95th=[ 3540],
     | 99.99th=[ 3574]
   bw (  KiB/s): min=  488, max= 2225, per=99.90%, avg=1515.80, stdev=59.49, samples=2376
   iops        : min=  122, max=  556, avg=378.95, stdev=14.87, samples=2376
  lat (usec)   : 20=0.01%, 50=0.01%
  lat (msec)   : 10=0.01%, 20=0.01%, 50=0.01%, 100=0.02%, 250=0.05%
  lat (msec)   : 500=0.09%, 750=0.08%, 1000=0.08%, 2000=0.33%, >=2000=99.35%
  cpu          : usr=0.25%, sys=1.56%, ctx=113784, majf=0, minf=1179
  IO depths    : 1=0.1%, 2=0.1%, 4=0.1%, 8=0.1%, 16=0.1%, 32=0.1%, >=64=99.8%
     submit    : 0=0.0%, 4=100.0%, 8=0.0%, 16=0.0%, 32=0.0%, 64=0.0%, >=64=0.0%
     complete  : 0=0.0%, 4=100.0%, 8=0.0%, 16=0.0%, 32=0.0%, 64=0.0%, >=64=0.1%
     issued rwts: total=113742,0,0,0 short=0,0,0,0 dropped=0,0,0,0
     latency   : target=0, window=0, percentile=100.00%, depth=256

Run status group 0 (all jobs):
   READ: bw=1516KiB/s (1553kB/s), 1516KiB/s-1516KiB/s (1553kB/s-1553kB/s), io=444MiB (466MB), run=300013-300013msec
