readwrite: (g=0): rw=rw, bs=(R) 4096B-4096B, (W) 4096B-4096B, (T) 4096B-4096B, ioengine=libaio, iodepth=256
...
fio-3.27
Starting 8 processes

readwrite: (groupid=0, jobs=8): err= 0: pid=193446: Wed Jul 21 21:21:12 2021
  read: IOPS=9728, BW=38.0MiB/s (39.8MB/s)(11.1GiB/300041msec)
    slat (usec): min=7, max=1189.6k, avg=586.67, stdev=9846.19
    clat (usec): min=13, max=18530k, avg=105111.31, stdev=678935.20
     lat (usec): min=244, max=18770k, avg=105698.80, stdev=682453.97
    clat percentiles (msec):
     |  1.00th=[   12],  5.00th=[   13], 10.00th=[   13], 20.00th=[   14],
     | 30.00th=[   14], 40.00th=[   14], 50.00th=[   14], 60.00th=[   15],
     | 70.00th=[   15], 80.00th=[   19], 90.00th=[   19], 95.00th=[   29],
     | 99.00th=[ 3440], 99.50th=[ 5000], 99.90th=[ 9329], 99.95th=[11342],
     | 99.99th=[14966]
   bw (  KiB/s): min=   64, max=305168, per=100.00%, avg=40037.08, stdev=11375.83, samples=4643
   iops        : min=   16, max=76292, avg=10009.27, stdev=2843.96, samples=4643
  write: IOPS=9734, BW=38.0MiB/s (39.9MB/s)(11.1GiB/300041msec); 0 zone resets
    slat (usec): min=68, max=1275.2k, avg=214.71, stdev=6423.94
    clat (usec): min=11, max=18344k, avg=104478.28, stdev=674886.09
     lat (usec): min=91, max=18584k, avg=104694.10, stdev=676278.73
    clat percentiles (msec):
     |  1.00th=[   12],  5.00th=[   13], 10.00th=[   13], 20.00th=[   14],
     | 30.00th=[   14], 40.00th=[   14], 50.00th=[   14], 60.00th=[   15],
     | 70.00th=[   15], 80.00th=[   19], 90.00th=[   19], 95.00th=[   27],
     | 99.00th=[ 3406], 99.50th=[ 5000], 99.90th=[ 9194], 99.95th=[11208],
     | 99.99th=[14966]
   bw (  KiB/s): min=   64, max=304848, per=100.00%, avg=40125.09, stdev=11397.65, samples=4634
   iops        : min=   16, max=76212, avg=10031.27, stdev=2849.41, samples=4634
  lat (usec)   : 20=0.01%, 50=0.01%, 250=0.01%, 500=0.01%, 750=0.01%
  lat (usec)   : 1000=0.01%
  lat (msec)   : 2=0.01%, 4=0.01%, 10=0.01%, 20=93.94%, 50=1.83%
  lat (msec)   : 100=0.37%, 250=0.62%, 500=0.50%, 750=0.30%, 1000=0.22%
  lat (msec)   : 2000=0.62%, >=2000=1.60%
  cpu          : usr=2.35%, sys=12.72%, ctx=74302, majf=0, minf=353
  IO depths    : 1=0.1%, 2=0.1%, 4=0.1%, 8=0.1%, 16=0.1%, 32=0.1%, >=64=100.0%
     submit    : 0=0.0%, 4=100.0%, 8=0.0%, 16=0.0%, 32=0.0%, 64=0.0%, >=64=0.0%
     complete  : 0=0.0%, 4=100.0%, 8=0.0%, 16=0.0%, 32=0.0%, 64=0.0%, >=64=0.1%
     issued rwts: total=2918980,2920811,0,0 short=0,0,0,0 dropped=0,0,0,0
     latency   : target=0, window=0, percentile=100.00%, depth=256

Run status group 0 (all jobs):
   READ: bw=38.0MiB/s (39.8MB/s), 38.0MiB/s-38.0MiB/s (39.8MB/s-39.8MB/s), io=11.1GiB (12.0GB), run=300041-300041msec
  WRITE: bw=38.0MiB/s (39.9MB/s), 38.0MiB/s-38.0MiB/s (39.9MB/s-39.9MB/s), io=11.1GiB (12.0GB), run=300041-300041msec
