test: (g=0): rw=read, bs=(R) 4096B-4096B, (W) 4096B-4096B, (T) 4096B-4096B, ioengine=libaio, iodepth=256
...
fio-3.27
Starting 64 processes
seq-read: Laying out IO file (1 file / 1024MiB)
seq-read: Laying out IO file (1 file / 1024MiB)
seq-read: Laying out IO file (1 file / 1024MiB)
seq-read: Laying out IO file (1 file / 1024MiB)
seq-read: Laying out IO file (1 file / 1024MiB)
seq-read: Laying out IO file (1 file / 1024MiB)
seq-read: Laying out IO file (1 file / 1024MiB)
seq-read: Laying out IO file (1 file / 1024MiB)
seq-read: Laying out IO file (1 file / 1024MiB)
seq-read: Laying out IO file (1 file / 1024MiB)
seq-read: Laying out IO file (1 file / 1024MiB)
seq-read: Laying out IO file (1 file / 1024MiB)
seq-read: Laying out IO file (1 file / 1024MiB)
seq-read: Laying out IO file (1 file / 1024MiB)
seq-read: Laying out IO file (1 file / 1024MiB)
seq-read: Laying out IO file (1 file / 1024MiB)
seq-read: Laying out IO file (1 file / 1024MiB)
seq-read: Laying out IO file (1 file / 1024MiB)
seq-read: Laying out IO file (1 file / 1024MiB)
seq-read: Laying out IO file (1 file / 1024MiB)
seq-read: Laying out IO file (1 file / 1024MiB)
seq-read: Laying out IO file (1 file / 1024MiB)
seq-read: Laying out IO file (1 file / 1024MiB)
seq-read: Laying out IO file (1 file / 1024MiB)
seq-read: Laying out IO file (1 file / 1024MiB)
seq-read: Laying out IO file (1 file / 1024MiB)
seq-read: Laying out IO file (1 file / 1024MiB)
seq-read: Laying out IO file (1 file / 1024MiB)
seq-read: Laying out IO file (1 file / 1024MiB)
seq-read: Laying out IO file (1 file / 1024MiB)
seq-read: Laying out IO file (1 file / 1024MiB)
seq-read: Laying out IO file (1 file / 1024MiB)

test: (groupid=0, jobs=64): err= 0: pid=229824: Tue Jul 20 14:12:06 2021
  read: IOPS=19.0k, BW=74.3MiB/s (77.9MB/s)(21.8GiB/300028msec)
    slat (usec): min=10, max=2854.9k, avg=3350.81, stdev=18052.86
    clat (usec): min=10, max=39066k, avg=849811.72, stdev=3380183.55
     lat (usec): min=23, max=39130k, avg=853163.56, stdev=3393152.60
    clat percentiles (msec):
     |  1.00th=[    5],  5.00th=[    5], 10.00th=[    5], 20.00th=[    5],
     | 30.00th=[    6], 40.00th=[    6], 50.00th=[    6], 60.00th=[    6],
     | 70.00th=[   14], 80.00th=[   17], 90.00th=[   32], 95.00th=[ 7416],
     | 99.00th=[17113], 99.50th=[17113], 99.90th=[17113], 99.95th=[17113],
     | 99.99th=[17113]
   bw (  KiB/s): min=  640, max=4109356, per=100.00%, avg=77163.63, stdev=11645.47, samples=37272
   iops        : min=  160, max=1027337, avg=19290.81, stdev=2911.35, samples=37272
  lat (usec)   : 20=0.01%, 50=0.01%, 100=0.01%, 250=0.01%, 500=0.01%
  lat (usec)   : 750=0.01%, 1000=0.01%
  lat (msec)   : 2=0.01%, 4=0.01%, 10=69.14%, 20=17.75%, 50=4.79%
  lat (msec)   : 100=0.17%, 250=0.07%, 500=0.04%, 750=0.04%, 1000=0.03%
  lat (msec)   : 2000=0.14%, >=2000=7.83%
  cpu          : usr=0.31%, sys=1.20%, ctx=454044, majf=0, minf=18948
  IO depths    : 1=0.1%, 2=0.1%, 4=0.1%, 8=0.1%, 16=0.1%, 32=0.1%, >=64=99.9%
     submit    : 0=0.0%, 4=100.0%, 8=0.0%, 16=0.0%, 32=0.0%, 64=0.0%, >=64=0.0%
     complete  : 0=0.0%, 4=100.0%, 8=0.0%, 16=0.0%, 32=0.0%, 64=0.0%, >=64=0.1%
     issued rwts: total=5709414,0,0,0 short=0,0,0,0 dropped=0,0,0,0
     latency   : target=0, window=0, percentile=100.00%, depth=256

Run status group 0 (all jobs):
   READ: bw=74.3MiB/s (77.9MB/s), 74.3MiB/s-74.3MiB/s (77.9MB/s-77.9MB/s), io=21.8GiB (23.4GB), run=300028-300028msec
