test: (g=0): rw=randread, bs=(R) 4096B-4096B, (W) 4096B-4096B, (T) 4096B-4096B, ioengine=libaio, iodepth=256
fio-3.27
Starting 1 process
test: Laying out IO file (1 file / 1024MiB)

test: (groupid=0, jobs=1): err= 0: pid=152231: Tue Jul 20 11:05:15 2021
  read: IOPS=168, BW=672KiB/s (688kB/s)(197MiB/300002msec)
    slat (usec): min=456, max=83487, avg=5933.65, stdev=4252.15
    clat (usec): min=14, max=1821.6k, avg=1513470.91, stdev=98579.01
     lat (msec): min=8, max=1824, avg=1519.41, stdev=98.71
    clat percentiles (msec):
     |  1.00th=[ 1351],  5.00th=[ 1401], 10.00th=[ 1418], 20.00th=[ 1452],
     | 30.00th=[ 1485], 40.00th=[ 1502], 50.00th=[ 1519], 60.00th=[ 1536],
     | 70.00th=[ 1552], 80.00th=[ 1569], 90.00th=[ 1603], 95.00th=[ 1653],
     | 99.00th=[ 1737], 99.50th=[ 1770], 99.90th=[ 1804], 99.95th=[ 1804],
     | 99.99th=[ 1821]
   bw (  KiB/s): min=  424, max=  816, per=99.99%, avg=672.31, stdev=56.44, samples=596
   iops        : min=  106, max=  204, avg=168.02, stdev=14.11, samples=596
  lat (usec)   : 20=0.01%
  lat (msec)   : 10=0.01%, 20=0.01%, 50=0.01%, 100=0.02%, 250=0.05%
  lat (msec)   : 500=0.08%, 750=0.08%, 1000=0.09%, 2000=99.66%
  cpu          : usr=0.36%, sys=2.28%, ctx=50416, majf=0, minf=293
  IO depths    : 1=0.1%, 2=0.1%, 4=0.1%, 8=0.1%, 16=0.1%, 32=0.1%, >=64=99.9%
     submit    : 0=0.0%, 4=100.0%, 8=0.0%, 16=0.0%, 32=0.0%, 64=0.0%, >=64=0.0%
     complete  : 0=0.0%, 4=100.0%, 8=0.0%, 16=0.0%, 32=0.0%, 64=0.0%, >=64=0.1%
     issued rwts: total=50405,0,0,0 short=0,0,0,0 dropped=0,0,0,0
     latency   : target=0, window=0, percentile=100.00%, depth=256

Run status group 0 (all jobs):
   READ: bw=672KiB/s (688kB/s), 672KiB/s-672KiB/s (688kB/s-688kB/s), io=197MiB (206MB), run=300002-300002msec
