test: (g=0): rw=read, bs=(R) 4096B-4096B, (W) 4096B-4096B, (T) 4096B-4096B, ioengine=libaio, iodepth=256
...
fio-3.27
Starting 16 processes

test: (groupid=0, jobs=16): err= 0: pid=250473: Fri Jul 16 03:45:24 2021
  read: IOPS=49.2k, BW=192MiB/s (202MB/s)(56.3GiB/300015msec)
    slat (usec): min=10, max=102804, avg=311.92, stdev=951.81
    clat (usec): min=10, max=1359.9k, avg=82830.38, stdev=152413.30
     lat (usec): min=22, max=1361.1k, avg=83143.44, stdev=152987.95
    clat percentiles (msec):
     |  1.00th=[    5],  5.00th=[    5], 10.00th=[    6], 20.00th=[    6],
     | 30.00th=[    6], 40.00th=[    6], 50.00th=[    6], 60.00th=[    6],
     | 70.00th=[   15], 80.00th=[  268], 90.00th=[  359], 95.00th=[  401],
     | 99.00th=[  510], 99.50th=[  567], 99.90th=[  885], 99.95th=[  961],
     | 99.99th=[ 1036]
   bw (  KiB/s): min= 6024, max=1302136, per=100.00%, avg=202155.93, stdev=20525.27, samples=9551
   iops        : min= 1506, max=325534, avg=50538.93, stdev=5131.32, samples=9551
  lat (usec)   : 20=0.01%, 50=0.01%, 100=0.01%, 250=0.01%, 500=0.01%
  lat (usec)   : 750=0.01%, 1000=0.01%
  lat (msec)   : 2=0.01%, 4=0.01%, 10=69.94%, 20=4.49%, 50=4.65%
  lat (msec)   : 100=0.02%, 250=0.42%, 500=19.32%, 750=1.00%, 1000=0.13%
  lat (msec)   : 2000=0.02%
  cpu          : usr=3.50%, sys=14.89%, ctx=3075612, majf=0, minf=4717
  IO depths    : 1=0.1%, 2=0.1%, 4=0.1%, 8=0.1%, 16=0.1%, 32=0.1%, >=64=100.0%
     submit    : 0=0.0%, 4=100.0%, 8=0.0%, 16=0.0%, 32=0.0%, 64=0.0%, >=64=0.0%
     complete  : 0=0.0%, 4=100.0%, 8=0.0%, 16=0.0%, 32=0.0%, 64=0.0%, >=64=0.1%
     issued rwts: total=14766739,0,0,0 short=0,0,0,0 dropped=0,0,0,0
     latency   : target=0, window=0, percentile=100.00%, depth=256

Run status group 0 (all jobs):
   READ: bw=192MiB/s (202MB/s), 192MiB/s-192MiB/s (202MB/s-202MB/s), io=56.3GiB (60.5GB), run=300015-300015msec
