test: (g=0): rw=randread, bs=(R) 4096B-4096B, (W) 4096B-4096B, (T) 4096B-4096B, ioengine=libaio, iodepth=256
...
fio-3.27
Starting 4 processes
rand-read: Laying out IO file (1 file / 1024MiB)
rand-read: Laying out IO file (1 file / 1024MiB)

test: (groupid=0, jobs=4): err= 0: pid=134891: Mon Jul 19 19:05:42 2021
  read: IOPS=385, BW=1540KiB/s (1577kB/s)(451MiB/300024msec)
    slat (usec): min=480, max=432707, avg=10363.10, stdev=8574.91
    clat (usec): min=13, max=3597.0k, avg=2636110.37, stdev=319053.95
     lat (msec): min=7, max=3603, avg=2646.48, stdev=319.92
    clat percentiles (msec):
     |  1.00th=[ 2089],  5.00th=[ 2232], 10.00th=[ 2299], 20.00th=[ 2400],
     | 30.00th=[ 2467], 40.00th=[ 2500], 50.00th=[ 2567], 60.00th=[ 2668],
     | 70.00th=[ 2802], 80.00th=[ 2937], 90.00th=[ 3071], 95.00th=[ 3171],
     | 99.00th=[ 3306], 99.50th=[ 3373], 99.90th=[ 3473], 99.95th=[ 3473],
     | 99.99th=[ 3540]
   bw (  KiB/s): min=  624, max= 2224, per=99.97%, avg=1540.61, stdev=58.89, samples=2376
   iops        : min=  156, max=  556, avg=385.15, stdev=14.72, samples=2376
  lat (usec)   : 20=0.01%, 50=0.01%
  lat (msec)   : 10=0.01%, 20=0.01%, 50=0.01%, 100=0.01%, 250=0.05%
  lat (msec)   : 500=0.08%, 750=0.08%, 1000=0.08%, 2000=0.32%, >=2000=99.36%
  cpu          : usr=0.25%, sys=1.56%, ctx=115586, majf=0, minf=1179
  IO depths    : 1=0.1%, 2=0.1%, 4=0.1%, 8=0.1%, 16=0.1%, 32=0.1%, >=64=99.8%
     submit    : 0=0.0%, 4=100.0%, 8=0.0%, 16=0.0%, 32=0.0%, 64=0.0%, >=64=0.0%
     complete  : 0=0.0%, 4=100.0%, 8=0.0%, 16=0.0%, 32=0.0%, 64=0.0%, >=64=0.1%
     issued rwts: total=115546,0,0,0 short=0,0,0,0 dropped=0,0,0,0
     latency   : target=0, window=0, percentile=100.00%, depth=256

Run status group 0 (all jobs):
   READ: bw=1540KiB/s (1577kB/s), 1540KiB/s-1540KiB/s (1577kB/s-1577kB/s), io=451MiB (473MB), run=300024-300024msec
