test: (g=0): rw=read, bs=(R) 4096B-4096B, (W) 4096B-4096B, (T) 4096B-4096B, ioengine=libaio, iodepth=256
...
fio-3.27
Starting 4 processes
seq-read: Laying out IO file (1 file / 1024MiB)
seq-read: Laying out IO file (1 file / 1024MiB)

test: (groupid=0, jobs=4): err= 0: pid=12961: Tue Jul 20 14:30:28 2021
  read: IOPS=34.6k, BW=135MiB/s (142MB/s)(39.6GiB/300007msec)
    slat (usec): min=10, max=1864.0k, avg=103.83, stdev=1177.29
    clat (usec): min=14, max=11499k, avg=29441.33, stdev=126137.88
     lat (usec): min=568, max=11521k, avg=29546.04, stdev=126548.41
    clat percentiles (msec):
     |  1.00th=[    5],  5.00th=[    5], 10.00th=[    5], 20.00th=[    5],
     | 30.00th=[    5], 40.00th=[    5], 50.00th=[    6], 60.00th=[    6],
     | 70.00th=[    6], 80.00th=[    6], 90.00th=[   26], 95.00th=[  262],
     | 99.00th=[  481], 99.50th=[  531], 99.90th=[  936], 99.95th=[  995],
     | 99.99th=[ 4245]
   bw (  KiB/s): min=   96, max=660184, per=100.00%, avg=144006.11, stdev=32873.23, samples=2363
   iops        : min=   24, max=165046, avg=36001.32, stdev=8218.31, samples=2363
  lat (usec)   : 20=0.01%, 50=0.01%, 750=0.01%
  lat (msec)   : 2=0.01%, 4=0.01%, 10=84.17%, 20=5.01%, 50=5.57%
  lat (msec)   : 100=0.05%, 250=0.18%, 500=4.28%, 750=0.60%, 1000=0.10%
  lat (msec)   : 2000=0.02%, >=2000=0.02%
  cpu          : usr=7.84%, sys=24.05%, ctx=531578, majf=0, minf=1183
  IO depths    : 1=0.1%, 2=0.1%, 4=0.1%, 8=0.1%, 16=0.1%, 32=0.1%, >=64=100.0%
     submit    : 0=0.0%, 4=100.0%, 8=0.0%, 16=0.0%, 32=0.0%, 64=0.0%, >=64=0.0%
     complete  : 0=0.0%, 4=100.0%, 8=0.0%, 16=0.0%, 32=0.0%, 64=0.0%, >=64=0.1%
     issued rwts: total=10389063,0,0,0 short=0,0,0,0 dropped=0,0,0,0
     latency   : target=0, window=0, percentile=100.00%, depth=256

Run status group 0 (all jobs):
   READ: bw=135MiB/s (142MB/s), 135MiB/s-135MiB/s (142MB/s-142MB/s), io=39.6GiB (42.6GB), run=300007-300007msec
