test: (g=0): rw=randread, bs=(R) 4096B-4096B, (W) 4096B-4096B, (T) 4096B-4096B, ioengine=libaio, iodepth=256
...
fio-3.27
Starting 4 processes
rand-read: Laying out IO file (1 file / 1024MiB)
rand-read: Laying out IO file (1 file / 1024MiB)

test: (groupid=0, jobs=4): err= 0: pid=116349: Tue Jul 20 10:17:11 2021
  read: IOPS=535, BW=2142KiB/s (2194kB/s)(628MiB/300013msec)
    slat (usec): min=447, max=383226, avg=7444.34, stdev=5139.55
    clat (usec): min=15, max=2474.4k, avg=1898646.39, stdev=124458.65
     lat (msec): min=9, max=2482, avg=1906.09, stdev=124.58
    clat percentiles (msec):
     |  1.00th=[ 1687],  5.00th=[ 1770], 10.00th=[ 1787], 20.00th=[ 1838],
     | 30.00th=[ 1854], 40.00th=[ 1871], 50.00th=[ 1905], 60.00th=[ 1921],
     | 70.00th=[ 1938], 80.00th=[ 1972], 90.00th=[ 2022], 95.00th=[ 2056],
     | 99.00th=[ 2140], 99.50th=[ 2165], 99.90th=[ 2265], 99.95th=[ 2333],
     | 99.99th=[ 2467]
   bw (  KiB/s): min=  536, max= 2720, per=99.93%, avg=2141.39, stdev=49.28, samples=2384
   iops        : min=  134, max=  680, avg=535.32, stdev=12.32, samples=2384
  lat (usec)   : 20=0.01%, 50=0.01%
  lat (msec)   : 10=0.01%, 20=0.01%, 50=0.01%, 100=0.02%, 250=0.05%
  lat (msec)   : 500=0.09%, 750=0.08%, 1000=0.08%, 2000=85.60%, >=2000=14.07%
  cpu          : usr=0.36%, sys=2.32%, ctx=160731, majf=0, minf=1179
  IO depths    : 1=0.1%, 2=0.1%, 4=0.1%, 8=0.1%, 16=0.1%, 32=0.1%, >=64=99.8%
     submit    : 0=0.0%, 4=100.0%, 8=0.0%, 16=0.0%, 32=0.0%, 64=0.0%, >=64=0.0%
     complete  : 0=0.0%, 4=100.0%, 8=0.0%, 16=0.0%, 32=0.0%, 64=0.0%, >=64=0.1%
     issued rwts: total=160689,0,0,0 short=0,0,0,0 dropped=0,0,0,0
     latency   : target=0, window=0, percentile=100.00%, depth=256

Run status group 0 (all jobs):
   READ: bw=2142KiB/s (2194kB/s), 2142KiB/s-2142KiB/s (2194kB/s-2194kB/s), io=628MiB (658MB), run=300013-300013msec
