test: (g=0): rw=randread, bs=(R) 4096B-4096B, (W) 4096B-4096B, (T) 4096B-4096B, ioengine=libaio, iodepth=256
...
fio-3.27
Starting 64 processes
rand-read: Laying out IO file (1 file / 1024MiB)
rand-read: Laying out IO file (1 file / 1024MiB)
rand-read: Laying out IO file (1 file / 1024MiB)
rand-read: Laying out IO file (1 file / 1024MiB)
rand-read: Laying out IO file (1 file / 1024MiB)
rand-read: Laying out IO file (1 file / 1024MiB)
rand-read: Laying out IO file (1 file / 1024MiB)
rand-read: Laying out IO file (1 file / 1024MiB)
rand-read: Laying out IO file (1 file / 1024MiB)
rand-read: Laying out IO file (1 file / 1024MiB)
rand-read: Laying out IO file (1 file / 1024MiB)
rand-read: Laying out IO file (1 file / 1024MiB)
rand-read: Laying out IO file (1 file / 1024MiB)
rand-read: Laying out IO file (1 file / 1024MiB)
rand-read: Laying out IO file (1 file / 1024MiB)
rand-read: Laying out IO file (1 file / 1024MiB)
rand-read: Laying out IO file (1 file / 1024MiB)
rand-read: Laying out IO file (1 file / 1024MiB)
rand-read: Laying out IO file (1 file / 1024MiB)
rand-read: Laying out IO file (1 file / 1024MiB)
rand-read: Laying out IO file (1 file / 1024MiB)
rand-read: Laying out IO file (1 file / 1024MiB)
rand-read: Laying out IO file (1 file / 1024MiB)
rand-read: Laying out IO file (1 file / 1024MiB)
rand-read: Laying out IO file (1 file / 1024MiB)
rand-read: Laying out IO file (1 file / 1024MiB)
rand-read: Laying out IO file (1 file / 1024MiB)
rand-read: Laying out IO file (1 file / 1024MiB)
rand-read: Laying out IO file (1 file / 1024MiB)
rand-read: Laying out IO file (1 file / 1024MiB)
rand-read: Laying out IO file (1 file / 1024MiB)
rand-read: Laying out IO file (1 file / 1024MiB)

test: (groupid=0, jobs=64): err= 0: pid=192757: Tue Jul 20 11:58:35 2021
  read: IOPS=290, BW=1162KiB/s (1190kB/s)(341MiB/300226msec)
    slat (msec): min=9, max=13179, avg=220.11, stdev=271.55
    clat (usec): min=16, max=109791k, avg=51319755.39, stdev=17309713.04
     lat (msec): min=92, max=109991, avg=51539.87, stdev=17337.19
    clat percentiles (msec):
     |  1.00th=[ 2072],  5.00th=[10805], 10.00th=[17113], 20.00th=[17113],
     | 30.00th=[17113], 40.00th=[17113], 50.00th=[17113], 60.00th=[17113],
     | 70.00th=[17113], 80.00th=[17113], 90.00th=[17113], 95.00th=[17113],
     | 99.00th=[17113], 99.50th=[17113], 99.90th=[17113], 99.95th=[17113],
     | 99.99th=[17113]
   bw (  KiB/s): min=  512, max= 2072, per=100.00%, avg=1228.42, stdev= 4.80, samples=29321
   iops        : min=  128, max=  518, avg=307.11, stdev= 1.20, samples=29321
  lat (usec)   : 20=0.01%, 50=0.06%
  lat (msec)   : 100=0.01%, 250=0.09%, 500=0.12%, 750=0.11%, 1000=0.12%
  lat (msec)   : 2000=0.46%, >=2000=99.03%
  cpu          : usr=0.01%, sys=0.09%, ctx=87707, majf=0, minf=18856
  IO depths    : 1=0.1%, 2=0.1%, 4=0.3%, 8=0.6%, 16=1.2%, 32=2.3%, >=64=95.4%
     submit    : 0=0.0%, 4=100.0%, 8=0.0%, 16=0.0%, 32=0.0%, 64=0.0%, >=64=0.0%
     complete  : 0=0.0%, 4=99.9%, 8=0.0%, 16=0.0%, 32=0.0%, 64=0.0%, >=64=0.1%
     issued rwts: total=87237,0,0,0 short=0,0,0,0 dropped=0,0,0,0
     latency   : target=0, window=0, percentile=100.00%, depth=256

Run status group 0 (all jobs):
   READ: bw=1162KiB/s (1190kB/s), 1162KiB/s-1162KiB/s (1190kB/s-1190kB/s), io=341MiB (357MB), run=300226-300226msec
