test: (g=0): rw=randread, bs=(R) 4096B-4096B, (W) 4096B-4096B, (T) 4096B-4096B, ioengine=libaio, iodepth=256
...
fio-3.27
Starting 8 processes
rand-read: Laying out IO file (1 file / 1024MiB)
rand-read: Laying out IO file (1 file / 1024MiB)
rand-read: Laying out IO file (1 file / 1024MiB)
rand-read: Laying out IO file (1 file / 1024MiB)

test: (groupid=0, jobs=8): err= 0: pid=130475: Mon Jul 19 19:17:40 2021
  read: IOPS=519, BW=2079KiB/s (2129kB/s)(609MiB/300034msec)
    slat (usec): min=488, max=395794, avg=15366.76, stdev=13434.45
    clat (usec): min=14, max=5685.6k, avg=3899931.03, stdev=794490.27
     lat (msec): min=7, max=5699, avg=3915.30, stdev=797.13
    clat percentiles (msec):
     |  1.00th=[ 2299],  5.00th=[ 2668], 10.00th=[ 2869], 20.00th=[ 3272],
     | 30.00th=[ 3473], 40.00th=[ 3641], 50.00th=[ 3775], 60.00th=[ 4044],
     | 70.00th=[ 4463], 80.00th=[ 4732], 90.00th=[ 4933], 95.00th=[ 5134],
     | 99.00th=[ 5336], 99.50th=[ 5403], 99.90th=[ 5537], 99.95th=[ 5537],
     | 99.99th=[ 5604]
   bw (  KiB/s): min=  872, max= 4192, per=99.90%, avg=2077.81, stdev=63.93, samples=4735
   iops        : min=  218, max= 1048, avg=519.46, stdev=15.98, samples=4735
  lat (usec)   : 20=0.01%, 50=0.01%
  lat (msec)   : 10=0.01%, 20=0.01%, 50=0.01%, 100=0.02%, 250=0.05%
  lat (msec)   : 500=0.09%, 750=0.10%, 1000=0.09%, 2000=0.40%, >=2000=99.23%
  cpu          : usr=0.19%, sys=1.10%, ctx=156013, majf=0, minf=2362
  IO depths    : 1=0.1%, 2=0.1%, 4=0.1%, 8=0.1%, 16=0.1%, 32=0.2%, >=64=99.7%
     submit    : 0=0.0%, 4=100.0%, 8=0.0%, 16=0.0%, 32=0.0%, 64=0.0%, >=64=0.0%
     complete  : 0=0.0%, 4=100.0%, 8=0.0%, 16=0.0%, 32=0.0%, 64=0.0%, >=64=0.1%
     issued rwts: total=155944,0,0,0 short=0,0,0,0 dropped=0,0,0,0
     latency   : target=0, window=0, percentile=100.00%, depth=256

Run status group 0 (all jobs):
   READ: bw=2079KiB/s (2129kB/s), 2079KiB/s-2079KiB/s (2129kB/s-2129kB/s), io=609MiB (639MB), run=300034-300034msec
