test: (g=0): rw=read, bs=(R) 4096B-4096B, (W) 4096B-4096B, (T) 4096B-4096B, ioengine=libaio, iodepth=256
...
fio-3.27
Starting 16 processes
seq-read: Laying out IO file (1 file / 1024MiB)
seq-read: Laying out IO file (1 file / 1024MiB)
seq-read: Laying out IO file (1 file / 1024MiB)
seq-read: Laying out IO file (1 file / 1024MiB)
seq-read: Laying out IO file (1 file / 1024MiB)
seq-read: Laying out IO file (1 file / 1024MiB)
seq-read: Laying out IO file (1 file / 1024MiB)
seq-read: Laying out IO file (1 file / 1024MiB)

test: (groupid=0, jobs=16): err= 0: pid=219178: Tue Jul 20 13:44:15 2021
  read: IOPS=16.6k, BW=64.8MiB/s (67.9MB/s)(19.0GiB/301068msec)
    slat (usec): min=10, max=4256.5k, avg=951.36, stdev=12359.32
    clat (usec): min=15, max=35462k, avg=244870.61, stdev=1645889.56
     lat (usec): min=468, max=35570k, avg=245822.86, stdev=1652054.58
    clat percentiles (msec):
     |  1.00th=[    5],  5.00th=[    5], 10.00th=[    5], 20.00th=[    5],
     | 30.00th=[    5], 40.00th=[    5], 50.00th=[    6], 60.00th=[    6],
     | 70.00th=[    6], 80.00th=[   17], 90.00th=[   17], 95.00th=[   39],
     | 99.00th=[ 8490], 99.50th=[13087], 99.90th=[17113], 99.95th=[17113],
     | 99.99th=[17113]
   bw (  KiB/s): min=  128, max=2533078, per=100.00%, avg=67834.70, stdev=21777.58, samples=9446
   iops        : min=   32, max=633268, avg=16958.61, stdev=5444.38, samples=9446
  lat (usec)   : 20=0.01%, 50=0.01%, 500=0.01%, 750=0.01%, 1000=0.01%
  lat (msec)   : 2=0.01%, 4=0.01%, 10=73.00%, 20=17.72%, 50=4.73%
  lat (msec)   : 100=0.34%, 250=0.21%, 500=0.14%, 750=0.23%, 1000=0.37%
  lat (msec)   : 2000=0.81%, >=2000=2.46%
  cpu          : usr=0.95%, sys=3.31%, ctx=189061, majf=0, minf=4736
  IO depths    : 1=0.1%, 2=0.1%, 4=0.1%, 8=0.1%, 16=0.1%, 32=0.1%, >=64=100.0%
     submit    : 0=0.0%, 4=100.0%, 8=0.0%, 16=0.0%, 32=0.0%, 64=0.0%, >=64=0.0%
     complete  : 0=0.0%, 4=100.0%, 8=0.0%, 16=0.0%, 32=0.0%, 64=0.0%, >=64=0.1%
     issued rwts: total=4991964,0,0,0 short=0,0,0,0 dropped=0,0,0,0
     latency   : target=0, window=0, percentile=100.00%, depth=256

Run status group 0 (all jobs):
   READ: bw=64.8MiB/s (67.9MB/s), 64.8MiB/s-64.8MiB/s (67.9MB/s-67.9MB/s), io=19.0GiB (20.4GB), run=301068-301068msec
