readwrite: (g=0): rw=rw, bs=(R) 4096B-4096B, (W) 4096B-4096B, (T) 4096B-4096B, ioengine=libaio, iodepth=256
...
fio-3.27
Starting 16 processes
readwrite: Laying out IO file (1 file / 1024MiB)
readwrite: Laying out IO file (1 file / 1024MiB)
readwrite: Laying out IO file (1 file / 1024MiB)
readwrite: Laying out IO file (1 file / 1024MiB)
readwrite: Laying out IO file (1 file / 1024MiB)
readwrite: Laying out IO file (1 file / 1024MiB)
readwrite: Laying out IO file (1 file / 1024MiB)
readwrite: Laying out IO file (1 file / 1024MiB)

readwrite: (groupid=0, jobs=16): err= 0: pid=251025: Wed Jul 21 19:48:41 2021
  read: IOPS=27.6k, BW=108MiB/s (113MB/s)(31.6GiB/300098msec)
    slat (usec): min=7, max=1237.3k, avg=478.72, stdev=8251.68
    clat (usec): min=14, max=39167k, avg=74318.17, stdev=842179.86
     lat (usec): min=107, max=39399k, avg=74797.61, stdev=848277.89
    clat percentiles (msec):
     |  1.00th=[   12],  5.00th=[   13], 10.00th=[   13], 20.00th=[   14],
     | 30.00th=[   14], 40.00th=[   14], 50.00th=[   14], 60.00th=[   14],
     | 70.00th=[   15], 80.00th=[   15], 90.00th=[   15], 95.00th=[   16],
     | 99.00th=[   47], 99.50th=[ 4463], 99.90th=[15234], 99.95th=[17113],
     | 99.99th=[17113]
   bw (  KiB/s): min=  128, max=452619, per=100.00%, avg=114055.27, stdev=11398.11, samples=9156
   iops        : min=   32, max=113156, avg=28513.75, stdev=2849.52, samples=9156
  write: IOPS=27.6k, BW=108MiB/s (113MB/s)(31.6GiB/300098msec); 0 zone resets
    slat (usec): min=68, max=266092, avg=79.17, stdev=157.52
    clat (usec): min=11, max=39159k, avg=73071.66, stdev=832169.97
     lat (usec): min=91, max=39159k, avg=73151.93, stdev=832172.01
    clat percentiles (msec):
     |  1.00th=[   12],  5.00th=[   13], 10.00th=[   13], 20.00th=[   14],
     | 30.00th=[   14], 40.00th=[   14], 50.00th=[   14], 60.00th=[   14],
     | 70.00th=[   15], 80.00th=[   15], 90.00th=[   15], 95.00th=[   16],
     | 99.00th=[   42], 99.50th=[ 4396], 99.90th=[15100], 99.95th=[17113],
     | 99.99th=[17113]
   bw (  KiB/s): min=  128, max=446905, per=100.00%, avg=114248.09, stdev=11411.17, samples=9133
   iops        : min=   32, max=111726, avg=28561.95, stdev=2852.79, samples=9133
  lat (usec)   : 20=0.01%, 50=0.01%, 100=0.01%, 250=0.01%, 500=0.01%
  lat (usec)   : 750=0.01%, 1000=0.01%
  lat (msec)   : 2=0.01%, 4=0.01%, 10=0.01%, 20=98.23%, 50=0.79%
  lat (msec)   : 100=0.07%, 250=0.04%, 500=0.04%, 750=0.03%, 1000=0.05%
  lat (msec)   : 2000=0.04%, >=2000=0.71%
  cpu          : usr=3.25%, sys=16.37%, ctx=58870, majf=0, minf=714
  IO depths    : 1=0.1%, 2=0.1%, 4=0.1%, 8=0.1%, 16=0.1%, 32=0.1%, >=64=100.0%
     submit    : 0=0.0%, 4=100.0%, 8=0.0%, 16=0.0%, 32=0.0%, 64=0.0%, >=64=0.0%
     complete  : 0=0.0%, 4=100.0%, 8=0.0%, 16=0.0%, 32=0.0%, 64=0.0%, >=64=0.1%
     issued rwts: total=8292664,8293357,0,0 short=0,0,0,0 dropped=0,0,0,0
     latency   : target=0, window=0, percentile=100.00%, depth=256

Run status group 0 (all jobs):
   READ: bw=108MiB/s (113MB/s), 108MiB/s-108MiB/s (113MB/s-113MB/s), io=31.6GiB (34.0GB), run=300098-300098msec
  WRITE: bw=108MiB/s (113MB/s), 108MiB/s-108MiB/s (113MB/s-113MB/s), io=31.6GiB (34.0GB), run=300098-300098msec
