test: (g=0): rw=read, bs=(R) 4096B-4096B, (W) 4096B-4096B, (T) 4096B-4096B, ioengine=libaio, iodepth=256
...
fio-3.27
Starting 8 processes
seq-read: Laying out IO file (1 file / 1024MiB)
seq-read: Laying out IO file (1 file / 1024MiB)
seq-read: Laying out IO file (1 file / 1024MiB)
seq-read: Laying out IO file (1 file / 1024MiB)

test: (groupid=0, jobs=8): err= 0: pid=42923: Tue Jul 20 15:40:03 2021
  read: IOPS=33.7k, BW=132MiB/s (138MB/s)(38.6GiB/300061msec)
    slat (usec): min=10, max=265947, avg=225.88, stdev=3022.59
    clat (usec): min=9, max=34853k, avg=60490.69, stdev=677867.34
     lat (usec): min=21, max=34984k, avg=60717.42, stdev=680426.48
    clat percentiles (msec):
     |  1.00th=[    5],  5.00th=[    5], 10.00th=[    5], 20.00th=[    5],
     | 30.00th=[    5], 40.00th=[    5], 50.00th=[    5], 60.00th=[    6],
     | 70.00th=[    6], 80.00th=[    6], 90.00th=[   17], 95.00th=[   27],
     | 99.00th=[ 1234], 99.50th=[ 1536], 99.90th=[ 4799], 99.95th=[13221],
     | 99.99th=[17113]
   bw (  KiB/s): min=  192, max=1208664, per=100.00%, avg=138938.49, stdev=28205.36, samples=4768
   iops        : min=   48, max=302168, avg=34734.20, stdev=7051.35, samples=4768
  lat (usec)   : 10=0.01%, 20=0.01%, 50=0.01%, 100=0.01%, 250=0.01%
  lat (usec)   : 500=0.01%, 750=0.01%, 1000=0.01%
  lat (msec)   : 2=0.01%, 4=0.01%, 10=84.83%, 20=5.86%, 50=5.62%
  lat (msec)   : 100=0.07%, 250=0.01%, 500=0.02%, 750=1.03%, 1000=0.79%
  lat (msec)   : 2000=1.61%, >=2000=0.16%
  cpu          : usr=3.73%, sys=11.43%, ctx=356452, majf=0, minf=2365
  IO depths    : 1=0.1%, 2=0.1%, 4=0.1%, 8=0.1%, 16=0.1%, 32=0.1%, >=64=100.0%
     submit    : 0=0.0%, 4=100.0%, 8=0.0%, 16=0.0%, 32=0.0%, 64=0.0%, >=64=0.0%
     complete  : 0=0.0%, 4=100.0%, 8=0.0%, 16=0.0%, 32=0.0%, 64=0.0%, >=64=0.1%
     issued rwts: total=10110503,0,0,0 short=0,0,0,0 dropped=0,0,0,0
     latency   : target=0, window=0, percentile=100.00%, depth=256

Run status group 0 (all jobs):
   READ: bw=132MiB/s (138MB/s), 132MiB/s-132MiB/s (138MB/s-138MB/s), io=38.6GiB (41.4GB), run=300061-300061msec
