readwrite: (g=0): rw=rw, bs=(R) 4096B-4096B, (W) 4096B-4096B, (T) 4096B-4096B, ioengine=libaio, iodepth=256
...
fio-3.27
Starting 4 processes
readwrite: Laying out IO file (1 file / 1024MiB)
readwrite: Laying out IO file (1 file / 1024MiB)

readwrite: (groupid=0, jobs=4): err= 0: pid=103981: Wed Jul 21 18:33:38 2021
  read: IOPS=22.3k, BW=87.3MiB/s (91.5MB/s)(25.6GiB/300001msec)
    slat (usec): min=7, max=316754, avg=82.54, stdev=1312.63
    clat (usec): min=10, max=3028.1k, avg=22848.91, stdev=84625.03
     lat (usec): min=21, max=3031.2k, avg=22932.22, stdev=85210.81
    clat percentiles (msec):
     |  1.00th=[   12],  5.00th=[   13], 10.00th=[   13], 20.00th=[   13],
     | 30.00th=[   13], 40.00th=[   14], 50.00th=[   14], 60.00th=[   14],
     | 70.00th=[   14], 80.00th=[   14], 90.00th=[   15], 95.00th=[   19],
     | 99.00th=[  363], 99.50th=[  617], 99.90th=[ 1267], 99.95th=[ 1536],
     | 99.99th=[ 2123]
   bw (  KiB/s): min=   48, max=164856, per=100.00%, avg=90206.02, stdev=11768.71, samples=2381
   iops        : min=   12, max=41214, avg=22551.50, stdev=2942.18, samples=2381
  write: IOPS=22.3k, BW=87.2MiB/s (91.4MB/s)(25.5GiB/300001msec); 0 zone resets
    slat (usec): min=68, max=8245, avg=75.16, stdev=17.62
    clat (usec): min=11, max=3029.4k, avg=22830.85, stdev=84390.96
     lat (usec): min=82, max=3029.5k, avg=22907.10, stdev=84392.92
    clat percentiles (msec):
     |  1.00th=[   12],  5.00th=[   13], 10.00th=[   13], 20.00th=[   13],
     | 30.00th=[   13], 40.00th=[   14], 50.00th=[   14], 60.00th=[   14],
     | 70.00th=[   14], 80.00th=[   14], 90.00th=[   15], 95.00th=[   19],
     | 99.00th=[  363], 99.50th=[  617], 99.90th=[ 1250], 99.95th=[ 1536],
     | 99.99th=[ 2106]
   bw (  KiB/s): min=   96, max=163616, per=100.00%, avg=90138.07, stdev=11754.85, samples=2380
   iops        : min=   24, max=40904, avg=22534.51, stdev=2938.71, samples=2380
  lat (usec)   : 20=0.01%, 50=0.01%, 100=0.01%, 250=0.01%, 500=0.01%
  lat (usec)   : 750=0.01%, 1000=0.01%
  lat (msec)   : 2=0.01%, 4=0.01%, 10=0.01%, 20=96.07%, 50=2.16%
  lat (msec)   : 100=0.09%, 250=0.25%, 500=0.78%, 750=0.27%, 1000=0.18%
  lat (msec)   : 2000=0.17%, >=2000=0.02%
  cpu          : usr=10.66%, sys=53.17%, ctx=106251, majf=0, minf=180
  IO depths    : 1=0.1%, 2=0.1%, 4=0.1%, 8=0.1%, 16=0.1%, 32=0.1%, >=64=100.0%
     submit    : 0=0.0%, 4=100.0%, 8=0.0%, 16=0.0%, 32=0.0%, 64=0.0%, >=64=0.0%
     complete  : 0=0.0%, 4=100.0%, 8=0.0%, 16=0.0%, 32=0.0%, 64=0.0%, >=64=0.1%
     issued rwts: total=6702281,6696667,0,0 short=0,0,0,0 dropped=0,0,0,0
     latency   : target=0, window=0, percentile=100.00%, depth=256

Run status group 0 (all jobs):
   READ: bw=87.3MiB/s (91.5MB/s), 87.3MiB/s-87.3MiB/s (91.5MB/s-91.5MB/s), io=25.6GiB (27.5GB), run=300001-300001msec
  WRITE: bw=87.2MiB/s (91.4MB/s), 87.2MiB/s-87.2MiB/s (91.4MB/s-91.4MB/s), io=25.5GiB (27.4GB), run=300001-300001msec
