readwrite: (g=0): rw=rw, bs=(R) 4096B-4096B, (W) 4096B-4096B, (T) 4096B-4096B, ioengine=libaio, iodepth=256
...
fio-3.27
Starting 16 processes

readwrite: (groupid=0, jobs=16): err= 0: pid=55005: Wed Jul 21 16:35:22 2021
  read: IOPS=56.0k, BW=219MiB/s (229MB/s)(64.1GiB/300205msec)
    slat (usec): min=7, max=1236.4k, avg=173.31, stdev=2519.14
    clat (usec): min=16, max=9576.7k, avg=36396.76, stdev=153763.11
     lat (usec): min=151, max=9578.5k, avg=36570.88, stdev=154777.66
    clat percentiles (msec):
     |  1.00th=[   13],  5.00th=[   13], 10.00th=[   14], 20.00th=[   14],
     | 30.00th=[   14], 40.00th=[   15], 50.00th=[   15], 60.00th=[   15],
     | 70.00th=[   15], 80.00th=[   16], 90.00th=[   20], 95.00th=[   22],
     | 99.00th=[  718], 99.50th=[ 1083], 99.90th=[ 2022], 99.95th=[ 2500],
     | 99.99th=[ 3742]
   bw (  KiB/s): min= 2128, max=611776, per=100.00%, avg=226598.46, stdev=12423.16, samples=9516
   iops        : min=  532, max=152944, avg=56649.47, stdev=3105.79, samples=9516
  write: IOPS=56.0k, BW=219MiB/s (229MB/s)(64.1GiB/300205msec); 0 zone resets
    slat (usec): min=68, max=1716.1k, avg=90.18, stdev=1431.52
    clat (usec): min=11, max=9577.2k, avg=36406.54, stdev=154103.11
     lat (usec): min=126, max=9577.3k, avg=36497.87, stdev=154166.67
    clat percentiles (msec):
     |  1.00th=[   13],  5.00th=[   13], 10.00th=[   14], 20.00th=[   14],
     | 30.00th=[   14], 40.00th=[   15], 50.00th=[   15], 60.00th=[   15],
     | 70.00th=[   15], 80.00th=[   16], 90.00th=[   20], 95.00th=[   22],
     | 99.00th=[  718], 99.50th=[ 1083], 99.90th=[ 2022], 99.95th=[ 2500],
     | 99.99th=[ 3742]
   bw (  KiB/s): min= 2104, max=610768, per=100.00%, avg=226618.28, stdev=12411.68, samples=9516
   iops        : min=  526, max=152692, avg=56654.40, stdev=3102.92, samples=9516
  lat (usec)   : 20=0.01%, 50=0.01%, 100=0.01%, 250=0.01%, 500=0.01%
  lat (usec)   : 750=0.01%, 1000=0.01%
  lat (msec)   : 2=0.01%, 4=0.01%, 10=0.01%, 20=92.95%, 50=3.46%
  lat (msec)   : 100=0.24%, 250=0.59%, 500=1.16%, 750=0.67%, 1000=0.36%
  lat (msec)   : 2000=0.48%, >=2000=0.10%
  cpu          : usr=7.01%, sys=36.86%, ctx=480790, majf=0, minf=699
  IO depths    : 1=0.1%, 2=0.1%, 4=0.1%, 8=0.1%, 16=0.1%, 32=0.1%, >=64=100.0%
     submit    : 0=0.0%, 4=100.0%, 8=0.0%, 16=0.0%, 32=0.0%, 64=0.0%, >=64=0.0%
     complete  : 0=0.0%, 4=100.0%, 8=0.0%, 16=0.0%, 32=0.0%, 64=0.0%, >=64=0.1%
     issued rwts: total=16809255,16808892,0,0 short=0,0,0,0 dropped=0,0,0,0
     latency   : target=0, window=0, percentile=100.00%, depth=256

Run status group 0 (all jobs):
   READ: bw=219MiB/s (229MB/s), 219MiB/s-219MiB/s (229MB/s-229MB/s), io=64.1GiB (68.8GB), run=300205-300205msec
  WRITE: bw=219MiB/s (229MB/s), 219MiB/s-219MiB/s (229MB/s-229MB/s), io=64.1GiB (68.8GB), run=300205-300205msec
