test: (g=0): rw=randread, bs=(R) 4096B-4096B, (W) 4096B-4096B, (T) 4096B-4096B, ioengine=libaio, iodepth=256
...
fio-3.27
Starting 64 processes
rand-read: Laying out IO file (1 file / 1024MiB)
rand-read: Laying out IO file (1 file / 1024MiB)
rand-read: Laying out IO file (1 file / 1024MiB)
rand-read: Laying out IO file (1 file / 1024MiB)
rand-read: Laying out IO file (1 file / 1024MiB)
rand-read: Laying out IO file (1 file / 1024MiB)
rand-read: Laying out IO file (1 file / 1024MiB)
rand-read: Laying out IO file (1 file / 1024MiB)
rand-read: Laying out IO file (1 file / 1024MiB)
rand-read: Laying out IO file (1 file / 1024MiB)
rand-read: Laying out IO file (1 file / 1024MiB)
rand-read: Laying out IO file (1 file / 1024MiB)
rand-read: Laying out IO file (1 file / 1024MiB)
rand-read: Laying out IO file (1 file / 1024MiB)
rand-read: Laying out IO file (1 file / 1024MiB)
rand-read: Laying out IO file (1 file / 1024MiB)
rand-read: Laying out IO file (1 file / 1024MiB)
rand-read: Laying out IO file (1 file / 1024MiB)
rand-read: Laying out IO file (1 file / 1024MiB)
rand-read: Laying out IO file (1 file / 1024MiB)
rand-read: Laying out IO file (1 file / 1024MiB)
rand-read: Laying out IO file (1 file / 1024MiB)
rand-read: Laying out IO file (1 file / 1024MiB)
rand-read: Laying out IO file (1 file / 1024MiB)
rand-read: Laying out IO file (1 file / 1024MiB)
rand-read: Laying out IO file (1 file / 1024MiB)
rand-read: Laying out IO file (1 file / 1024MiB)
rand-read: Laying out IO file (1 file / 1024MiB)
rand-read: Laying out IO file (1 file / 1024MiB)
rand-read: Laying out IO file (1 file / 1024MiB)
rand-read: Laying out IO file (1 file / 1024MiB)
rand-read: Laying out IO file (1 file / 1024MiB)

test: (groupid=0, jobs=64): err= 0: pid=155550: Mon Jul 19 19:09:24 2021
  read: IOPS=3069, BW=12.0MiB/s (12.6MB/s)(3598MiB/300035msec)
    slat (usec): min=495, max=862949, avg=20820.63, stdev=22129.56
    clat (usec): min=13, max=12588k, avg=5266693.87, stdev=2023967.38
     lat (msec): min=5, max=12628, avg=5287.52, stdev=2031.43
    clat percentiles (msec):
     |  1.00th=[ 2769],  5.00th=[ 3104], 10.00th=[ 3239], 20.00th=[ 3440],
     | 30.00th=[ 3675], 40.00th=[ 3943], 50.00th=[ 4329], 60.00th=[ 5738],
     | 70.00th=[ 6745], 80.00th=[ 7349], 90.00th=[ 8221], 95.00th=[ 8792],
     | 99.00th=[ 9866], 99.50th=[10268], 99.90th=[11342], 99.95th=[11745],
     | 99.99th=[12147]
   bw (  KiB/s): min= 3664, max=19760, per=99.81%, avg=12256.17, stdev=41.96, samples=37654
   iops        : min=  916, max= 4940, avg=3064.04, stdev=10.49, samples=37654
  lat (usec)   : 20=0.01%, 50=0.01%
  lat (msec)   : 10=0.01%, 20=0.01%, 50=0.01%, 100=0.02%, 250=0.05%
  lat (msec)   : 500=0.09%, 750=0.09%, 1000=0.08%, 2000=0.33%, >=2000=99.32%
  cpu          : usr=0.14%, sys=0.88%, ctx=921617, majf=0, minf=18890
  IO depths    : 1=0.1%, 2=0.1%, 4=0.1%, 8=0.1%, 16=0.1%, 32=0.2%, >=64=99.6%
     submit    : 0=0.0%, 4=100.0%, 8=0.0%, 16=0.0%, 32=0.0%, 64=0.0%, >=64=0.0%
     complete  : 0=0.0%, 4=100.0%, 8=0.0%, 16=0.0%, 32=0.0%, 64=0.0%, >=64=0.1%
     issued rwts: total=921043,0,0,0 short=0,0,0,0 dropped=0,0,0,0
     latency   : target=0, window=0, percentile=100.00%, depth=256

Run status group 0 (all jobs):
   READ: bw=12.0MiB/s (12.6MB/s), 12.0MiB/s-12.0MiB/s (12.6MB/s-12.6MB/s), io=3598MiB (3773MB), run=300035-300035msec
