test: (g=0): rw=randread, bs=(R) 4096B-4096B, (W) 4096B-4096B, (T) 4096B-4096B, ioengine=libaio, iodepth=256
...
fio-3.27
Starting 2 processes
rand-read: Laying out IO file (1 file / 1024MiB)

test: (groupid=0, jobs=2): err= 0: pid=196949: Mon Jul 19 21:55:06 2021
  read: IOPS=301, BW=1205KiB/s (1234kB/s)(353MiB/300002msec)
    slat (usec): min=460, max=107651, avg=6616.61, stdev=4317.40
    clat (usec): min=12, max=1957.5k, avg=1687704.72, stdev=106555.94
     lat (msec): min=3, max=1967, avg=1694.32, stdev=106.68
    clat percentiles (msec):
     |  1.00th=[ 1519],  5.00th=[ 1569], 10.00th=[ 1603], 20.00th=[ 1636],
     | 30.00th=[ 1653], 40.00th=[ 1670], 50.00th=[ 1687], 60.00th=[ 1703],
     | 70.00th=[ 1720], 80.00th=[ 1754], 90.00th=[ 1787], 95.00th=[ 1821],
     | 99.00th=[ 1888], 99.50th=[ 1905], 99.90th=[ 1938], 99.95th=[ 1938],
     | 99.99th=[ 1955]
   bw (  KiB/s): min=  840, max= 1480, per=99.97%, avg=1205.31, stdev=46.71, samples=1192
   iops        : min=  210, max=  370, avg=301.29, stdev=11.68, samples=1192
  lat (usec)   : 20=0.01%
  lat (msec)   : 4=0.01%, 10=0.01%, 20=0.01%, 50=0.01%, 100=0.02%
  lat (msec)   : 250=0.05%, 500=0.10%, 750=0.08%, 1000=0.09%, 2000=99.65%
  cpu          : usr=0.36%, sys=2.27%, ctx=90423, majf=0, minf=590
  IO depths    : 1=0.1%, 2=0.1%, 4=0.1%, 8=0.1%, 16=0.1%, 32=0.1%, >=64=99.9%
     submit    : 0=0.0%, 4=100.0%, 8=0.0%, 16=0.0%, 32=0.0%, 64=0.0%, >=64=0.0%
     complete  : 0=0.0%, 4=100.0%, 8=0.0%, 16=0.0%, 32=0.0%, 64=0.0%, >=64=0.1%
     issued rwts: total=90403,0,0,0 short=0,0,0,0 dropped=0,0,0,0
     latency   : target=0, window=0, percentile=100.00%, depth=256

Run status group 0 (all jobs):
   READ: bw=1205KiB/s (1234kB/s), 1205KiB/s-1205KiB/s (1234kB/s-1234kB/s), io=353MiB (370MB), run=300002-300002msec
