test: (g=0): rw=randread, bs=(R) 4096B-4096B, (W) 4096B-4096B, (T) 4096B-4096B, ioengine=libaio, iodepth=256
...
fio-3.27
Starting 64 processes
rand-read: Laying out IO file (1 file / 1024MiB)
rand-read: Laying out IO file (1 file / 1024MiB)
rand-read: Laying out IO file (1 file / 1024MiB)
rand-read: Laying out IO file (1 file / 1024MiB)
rand-read: Laying out IO file (1 file / 1024MiB)
rand-read: Laying out IO file (1 file / 1024MiB)
rand-read: Laying out IO file (1 file / 1024MiB)
rand-read: Laying out IO file (1 file / 1024MiB)
rand-read: Laying out IO file (1 file / 1024MiB)
rand-read: Laying out IO file (1 file / 1024MiB)
rand-read: Laying out IO file (1 file / 1024MiB)
rand-read: Laying out IO file (1 file / 1024MiB)
rand-read: Laying out IO file (1 file / 1024MiB)
rand-read: Laying out IO file (1 file / 1024MiB)
rand-read: Laying out IO file (1 file / 1024MiB)
rand-read: Laying out IO file (1 file / 1024MiB)
rand-read: Laying out IO file (1 file / 1024MiB)
rand-read: Laying out IO file (1 file / 1024MiB)
rand-read: Laying out IO file (1 file / 1024MiB)
rand-read: Laying out IO file (1 file / 1024MiB)
rand-read: Laying out IO file (1 file / 1024MiB)
rand-read: Laying out IO file (1 file / 1024MiB)
rand-read: Laying out IO file (1 file / 1024MiB)
rand-read: Laying out IO file (1 file / 1024MiB)
rand-read: Laying out IO file (1 file / 1024MiB)
rand-read: Laying out IO file (1 file / 1024MiB)
rand-read: Laying out IO file (1 file / 1024MiB)
rand-read: Laying out IO file (1 file / 1024MiB)
rand-read: Laying out IO file (1 file / 1024MiB)
rand-read: Laying out IO file (1 file / 1024MiB)
rand-read: Laying out IO file (1 file / 1024MiB)
rand-read: Laying out IO file (1 file / 1024MiB)

test: (groupid=0, jobs=64): err= 0: pid=145360: Mon Jul 19 19:30:56 2021
  read: IOPS=1933, BW=7732KiB/s (7918kB/s)(2266MiB/300045msec)
    slat (usec): min=521, max=1694.1k, avg=33078.19, stdev=46664.93
    clat (usec): min=15, max=19795k, avg=8305817.04, stdev=3575561.01
     lat (msec): min=2, max=19848, avg=8338.90, stdev=3588.63
    clat percentiles (msec):
     |  1.00th=[ 1150],  5.00th=[ 4866], 10.00th=[ 5067], 20.00th=[ 5269],
     | 30.00th=[ 5537], 40.00th=[ 5805], 50.00th=[ 6409], 60.00th=[ 9731],
     | 70.00th=[11073], 80.00th=[12147], 90.00th=[13355], 95.00th=[14160],
     | 99.00th=[15905], 99.50th=[16711], 99.90th=[17113], 99.95th=[17113],
     | 99.99th=[17113]
   bw (  KiB/s): min= 2048, max=21787, per=100.00%, avg=7755.85, stdev=33.75, samples=36866
   iops        : min=  512, max= 5444, avg=1938.96, stdev= 8.44, samples=36866
  lat (usec)   : 20=0.01%, 50=0.01%, 100=0.01%
  lat (msec)   : 4=0.01%, 10=0.01%, 20=0.01%, 50=0.02%, 100=0.05%
  lat (msec)   : 250=0.13%, 500=0.22%, 750=0.22%, 1000=0.22%, 2000=0.69%
  lat (msec)   : >=2000=98.41%
  cpu          : usr=0.09%, sys=0.55%, ctx=580571, majf=0, minf=18910
  IO depths    : 1=0.1%, 2=0.1%, 4=0.1%, 8=0.1%, 16=0.2%, 32=0.4%, >=64=99.3%
     submit    : 0=0.0%, 4=100.0%, 8=0.0%, 16=0.0%, 32=0.0%, 64=0.0%, >=64=0.0%
     complete  : 0=0.0%, 4=100.0%, 8=0.0%, 16=0.0%, 32=0.0%, 64=0.0%, >=64=0.1%
     issued rwts: total=580000,0,0,0 short=0,0,0,0 dropped=0,0,0,0
     latency   : target=0, window=0, percentile=100.00%, depth=256

Run status group 0 (all jobs):
   READ: bw=7732KiB/s (7918kB/s), 7732KiB/s-7732KiB/s (7918kB/s-7918kB/s), io=2266MiB (2376MB), run=300045-300045msec
