test: (g=0): rw=read, bs=(R) 4096B-4096B, (W) 4096B-4096B, (T) 4096B-4096B, ioengine=libaio, iodepth=256
...
fio-3.27
Starting 4 processes

test: (groupid=0, jobs=4): err= 0: pid=248920: Fri Jul 16 02:58:04 2021
  read: IOPS=37.2k, BW=145MiB/s (152MB/s)(42.6GiB/300029msec)
    slat (usec): min=10, max=505558, avg=96.20, stdev=1170.55
    clat (usec): min=10, max=12302k, avg=27408.25, stdev=192829.57
     lat (usec): min=22, max=12323k, avg=27505.25, stdev=193548.35
    clat percentiles (msec):
     |  1.00th=[    5],  5.00th=[    5], 10.00th=[    5], 20.00th=[    5],
     | 30.00th=[    5], 40.00th=[    5], 50.00th=[    5], 60.00th=[    6],
     | 70.00th=[    6], 80.00th=[    6], 90.00th=[   16], 95.00th=[   27],
     | 99.00th=[  852], 99.50th=[ 1167], 99.90th=[ 2022], 99.95th=[ 3675],
     | 99.99th=[ 6879]
   bw (  KiB/s): min=  104, max=657480, per=100.00%, avg=154356.16, stdev=38901.02, samples=2367
   iops        : min=   26, max=164372, avg=38589.04, stdev=9725.27, samples=2367
  lat (usec)   : 20=0.01%, 50=0.01%, 100=0.01%, 250=0.01%, 500=0.01%
  lat (usec)   : 750=0.01%, 1000=0.01%
  lat (msec)   : 2=0.01%, 4=0.01%, 10=87.37%, 20=4.80%, 50=5.77%
  lat (msec)   : 100=0.04%, 250=0.01%, 500=0.15%, 750=0.64%, 1000=0.50%
  lat (msec)   : 2000=0.60%, >=2000=0.10%
  cpu          : usr=7.95%, sys=22.35%, ctx=214053, majf=0, minf=1182
  IO depths    : 1=0.1%, 2=0.1%, 4=0.1%, 8=0.1%, 16=0.1%, 32=0.1%, >=64=100.0%
     submit    : 0=0.0%, 4=100.0%, 8=0.0%, 16=0.0%, 32=0.0%, 64=0.0%, >=64=0.0%
     complete  : 0=0.0%, 4=100.0%, 8=0.0%, 16=0.0%, 32=0.0%, 64=0.0%, >=64=0.1%
     issued rwts: total=11156939,0,0,0 short=0,0,0,0 dropped=0,0,0,0
     latency   : target=0, window=0, percentile=100.00%, depth=256

Run status group 0 (all jobs):
   READ: bw=145MiB/s (152MB/s), 145MiB/s-145MiB/s (152MB/s-152MB/s), io=42.6GiB (45.7GB), run=300029-300029msec
