readwrite: (g=0): rw=rw, bs=(R) 4096B-4096B, (W) 4096B-4096B, (T) 4096B-4096B, ioengine=libaio, iodepth=256
...
fio-3.27
Starting 64 processes
readwrite: Laying out IO file (1 file / 1024MiB)
readwrite: Laying out IO file (1 file / 1024MiB)
readwrite: Laying out IO file (1 file / 1024MiB)
readwrite: Laying out IO file (1 file / 1024MiB)
readwrite: Laying out IO file (1 file / 1024MiB)
readwrite: Laying out IO file (1 file / 1024MiB)
readwrite: Laying out IO file (1 file / 1024MiB)
readwrite: Laying out IO file (1 file / 1024MiB)
readwrite: Laying out IO file (1 file / 1024MiB)
readwrite: Laying out IO file (1 file / 1024MiB)
readwrite: Laying out IO file (1 file / 1024MiB)
readwrite: Laying out IO file (1 file / 1024MiB)
readwrite: Laying out IO file (1 file / 1024MiB)
readwrite: Laying out IO file (1 file / 1024MiB)
readwrite: Laying out IO file (1 file / 1024MiB)
readwrite: Laying out IO file (1 file / 1024MiB)
readwrite: Laying out IO file (1 file / 1024MiB)
readwrite: Laying out IO file (1 file / 1024MiB)
readwrite: Laying out IO file (1 file / 1024MiB)
readwrite: Laying out IO file (1 file / 1024MiB)
readwrite: Laying out IO file (1 file / 1024MiB)
readwrite: Laying out IO file (1 file / 1024MiB)
readwrite: Laying out IO file (1 file / 1024MiB)
readwrite: Laying out IO file (1 file / 1024MiB)
readwrite: Laying out IO file (1 file / 1024MiB)
readwrite: Laying out IO file (1 file / 1024MiB)
readwrite: Laying out IO file (1 file / 1024MiB)
readwrite: Laying out IO file (1 file / 1024MiB)
readwrite: Laying out IO file (1 file / 1024MiB)
readwrite: Laying out IO file (1 file / 1024MiB)
readwrite: Laying out IO file (1 file / 1024MiB)
readwrite: Laying out IO file (1 file / 1024MiB)

readwrite: (groupid=0, jobs=64): err= 0: pid=161517: Wed Jul 21 19:16:01 2021
  read: IOPS=24.2k, BW=94.6MiB/s (99.1MB/s)(27.7GiB/300155msec)
    slat (usec): min=7, max=5329.6k, avg=2538.11, stdev=29120.69
    clat (usec): min=10, max=41750k, avg=339172.73, stdev=2523279.55
     lat (usec): min=20, max=41915k, avg=341711.62, stdev=2541514.40
    clat percentiles (msec):
     |  1.00th=[   13],  5.00th=[   13], 10.00th=[   14], 20.00th=[   14],
     | 30.00th=[   14], 40.00th=[   14], 50.00th=[   15], 60.00th=[   15],
     | 70.00th=[   15], 80.00th=[   16], 90.00th=[   16], 95.00th=[   20],
     | 99.00th=[16845], 99.50th=[17113], 99.90th=[17113], 99.95th=[17113],
     | 99.99th=[17113]
   bw (  KiB/s): min=  497, max=1067537, per=100.00%, avg=107977.54, stdev=6059.10, samples=32413
   iops        : min=  113, max=266883, avg=26993.85, stdev=1514.76, samples=32413
  write: IOPS=24.2k, BW=94.5MiB/s (99.1MB/s)(27.7GiB/300155msec); 0 zone resets
    slat (usec): min=68, max=1110.5k, avg=84.04, stdev=726.53
    clat (usec): min=11, max=41750k, avg=326479.80, stdev=2468947.82
     lat (usec): min=83, max=41750k, avg=326564.95, stdev=2468951.05
    clat percentiles (msec):
     |  1.00th=[   13],  5.00th=[   13], 10.00th=[   14], 20.00th=[   14],
     | 30.00th=[   14], 40.00th=[   14], 50.00th=[   15], 60.00th=[   15],
     | 70.00th=[   15], 80.00th=[   16], 90.00th=[   16], 95.00th=[   19],
     | 99.00th=[16308], 99.50th=[17113], 99.90th=[17113], 99.95th=[17113],
     | 99.99th=[17113]
   bw (  KiB/s): min=  501, max=1067391, per=100.00%, avg=108395.73, stdev=6080.96, samples=32164
   iops        : min=  117, max=266845, avg=27098.38, stdev=1520.23, samples=32164
  lat (usec)   : 20=0.01%, 50=0.01%, 100=0.01%, 250=0.01%, 500=0.01%
  lat (usec)   : 750=0.01%, 1000=0.01%
  lat (msec)   : 2=0.01%, 4=0.01%, 10=0.01%, 20=96.72%, 50=0.93%
  lat (msec)   : 100=0.10%, 250=0.08%, 500=0.06%, 750=0.06%, 1000=0.06%
  lat (msec)   : 2000=0.09%, >=2000=1.89%
  cpu          : usr=0.72%, sys=3.77%, ctx=119338, majf=0, minf=2830
  IO depths    : 1=0.1%, 2=0.1%, 4=0.1%, 8=0.1%, 16=0.1%, 32=0.1%, >=64=100.0%
     submit    : 0=0.0%, 4=100.0%, 8=0.0%, 16=0.0%, 32=0.0%, 64=0.0%, >=64=0.0%
     complete  : 0=0.0%, 4=100.0%, 8=0.0%, 16=0.0%, 32=0.0%, 64=0.0%, >=64=0.1%
     issued rwts: total=7265541,7265133,0,0 short=0,0,0,0 dropped=0,0,0,0
     latency   : target=0, window=0, percentile=100.00%, depth=256

Run status group 0 (all jobs):
   READ: bw=94.6MiB/s (99.1MB/s), 94.6MiB/s-94.6MiB/s (99.1MB/s-99.1MB/s), io=27.7GiB (29.8GB), run=300155-300155msec
  WRITE: bw=94.5MiB/s (99.1MB/s), 94.5MiB/s-94.5MiB/s (99.1MB/s-99.1MB/s), io=27.7GiB (29.8GB), run=300155-300155msec
