readwrite: (g=0): rw=rw, bs=(R) 4096B-4096B, (W) 4096B-4096B, (T) 4096B-4096B, ioengine=libaio, iodepth=256
...
fio-3.27
Starting 64 processes
readwrite: Laying out IO file (1 file / 1024MiB)
readwrite: Laying out IO file (1 file / 1024MiB)
readwrite: Laying out IO file (1 file / 1024MiB)
readwrite: Laying out IO file (1 file / 1024MiB)
readwrite: Laying out IO file (1 file / 1024MiB)
readwrite: Laying out IO file (1 file / 1024MiB)
readwrite: Laying out IO file (1 file / 1024MiB)
readwrite: Laying out IO file (1 file / 1024MiB)
readwrite: Laying out IO file (1 file / 1024MiB)
readwrite: Laying out IO file (1 file / 1024MiB)
readwrite: Laying out IO file (1 file / 1024MiB)
readwrite: Laying out IO file (1 file / 1024MiB)
readwrite: Laying out IO file (1 file / 1024MiB)
readwrite: Laying out IO file (1 file / 1024MiB)
readwrite: Laying out IO file (1 file / 1024MiB)
readwrite: Laying out IO file (1 file / 1024MiB)
readwrite: Laying out IO file (1 file / 1024MiB)
readwrite: Laying out IO file (1 file / 1024MiB)
readwrite: Laying out IO file (1 file / 1024MiB)
readwrite: Laying out IO file (1 file / 1024MiB)
readwrite: Laying out IO file (1 file / 1024MiB)
readwrite: Laying out IO file (1 file / 1024MiB)
readwrite: Laying out IO file (1 file / 1024MiB)
readwrite: Laying out IO file (1 file / 1024MiB)
readwrite: Laying out IO file (1 file / 1024MiB)
readwrite: Laying out IO file (1 file / 1024MiB)
readwrite: Laying out IO file (1 file / 1024MiB)
readwrite: Laying out IO file (1 file / 1024MiB)
readwrite: Laying out IO file (1 file / 1024MiB)
readwrite: Laying out IO file (1 file / 1024MiB)
readwrite: Laying out IO file (1 file / 1024MiB)
readwrite: Laying out IO file (1 file / 1024MiB)

readwrite: (groupid=0, jobs=64): err= 0: pid=113385: Wed Jul 21 18:16:30 2021
  read: IOPS=35.6k, BW=139MiB/s (146MB/s)(40.8GiB/300108msec)
    slat (usec): min=7, max=3959.1k, avg=1687.03, stdev=19858.73
    clat (usec): min=10, max=33118k, avg=231458.00, stdev=1827275.93
     lat (usec): min=20, max=33222k, avg=233145.80, stdev=1840479.55
    clat percentiles (msec):
     |  1.00th=[   13],  5.00th=[   13], 10.00th=[   14], 20.00th=[   14],
     | 30.00th=[   14], 40.00th=[   14], 50.00th=[   15], 60.00th=[   15],
     | 70.00th=[   15], 80.00th=[   16], 90.00th=[   16], 95.00th=[   20],
     | 99.00th=[11342], 99.50th=[16442], 99.90th=[17113], 99.95th=[17113],
     | 99.99th=[17113]
   bw (  KiB/s): min=  509, max=1249611, per=100.00%, avg=151840.81, stdev=6466.99, samples=34757
   iops        : min=  125, max=312399, avg=37959.61, stdev=1616.74, samples=34757
  write: IOPS=35.6k, BW=139MiB/s (146MB/s)(40.8GiB/300108msec); 0 zone resets
    slat (usec): min=68, max=1229.7k, avg=87.55, stdev=1203.14
    clat (usec): min=11, max=33169k, avg=224735.69, stdev=1798490.77
     lat (usec): min=89, max=33169k, avg=224824.37, stdev=1798503.53
    clat percentiles (msec):
     |  1.00th=[   13],  5.00th=[   13], 10.00th=[   14], 20.00th=[   14],
     | 30.00th=[   14], 40.00th=[   14], 50.00th=[   15], 60.00th=[   15],
     | 70.00th=[   15], 80.00th=[   16], 90.00th=[   16], 95.00th=[   20],
     | 99.00th=[11073], 99.50th=[16308], 99.90th=[17113], 99.95th=[17113],
     | 99.99th=[17113]
   bw (  KiB/s): min=  510, max=1250646, per=100.00%, avg=152415.97, stdev=6473.28, samples=34636
   iops        : min=  126, max=312659, avg=38103.41, stdev=1618.31, samples=34636
  lat (usec)   : 20=0.01%, 50=0.01%, 100=0.01%, 250=0.01%, 500=0.01%
  lat (usec)   : 750=0.01%, 1000=0.01%
  lat (msec)   : 2=0.01%, 4=0.01%, 10=0.01%, 20=96.54%, 50=1.29%
  lat (msec)   : 100=0.16%, 250=0.12%, 500=0.11%, 750=0.05%, 1000=0.06%
  lat (msec)   : 2000=0.08%, >=2000=1.59%
  cpu          : usr=1.07%, sys=5.57%, ctx=156661, majf=0, minf=2821
  IO depths    : 1=0.1%, 2=0.1%, 4=0.1%, 8=0.1%, 16=0.1%, 32=0.1%, >=64=100.0%
     submit    : 0=0.0%, 4=100.0%, 8=0.0%, 16=0.0%, 32=0.0%, 64=0.0%, >=64=0.0%
     complete  : 0=0.0%, 4=100.0%, 8=0.0%, 16=0.0%, 32=0.0%, 64=0.0%, >=64=0.1%
     issued rwts: total=10693183,10696109,0,0 short=0,0,0,0 dropped=0,0,0,0
     latency   : target=0, window=0, percentile=100.00%, depth=256

Run status group 0 (all jobs):
   READ: bw=139MiB/s (146MB/s), 139MiB/s-139MiB/s (146MB/s-146MB/s), io=40.8GiB (43.8GB), run=300108-300108msec
  WRITE: bw=139MiB/s (146MB/s), 139MiB/s-139MiB/s (146MB/s-146MB/s), io=40.8GiB (43.8GB), run=300108-300108msec
