test: (g=0): rw=randread, bs=(R) 4096B-4096B, (W) 4096B-4096B, (T) 4096B-4096B, ioengine=libaio, iodepth=256
...
fio-3.27
Starting 16 processes
rand-read: Laying out IO file (1 file / 1024MiB)
rand-read: Laying out IO file (1 file / 1024MiB)
rand-read: Laying out IO file (1 file / 1024MiB)
rand-read: Laying out IO file (1 file / 1024MiB)
rand-read: Laying out IO file (1 file / 1024MiB)
rand-read: Laying out IO file (1 file / 1024MiB)
rand-read: Laying out IO file (1 file / 1024MiB)
rand-read: Laying out IO file (1 file / 1024MiB)

test: (groupid=0, jobs=16): err= 0: pid=181786: Tue Jul 20 11:31:17 2021
  read: IOPS=541, BW=2165KiB/s (2217kB/s)(635MiB/300068msec)
    slat (usec): min=996, max=375799, avg=29527.21, stdev=15004.43
    clat (usec): min=14, max=10184k, avg=7447916.42, stdev=828135.63
     lat (msec): min=9, max=10207, avg=7477.45, stdev=829.00
    clat percentiles (msec):
     |  1.00th=[ 2970],  5.00th=[ 6879], 10.00th=[ 7013], 20.00th=[ 7148],
     | 30.00th=[ 7282], 40.00th=[ 7349], 50.00th=[ 7416], 60.00th=[ 7550],
     | 70.00th=[ 7617], 80.00th=[ 7819], 90.00th=[ 8154], 95.00th=[ 8490],
     | 99.00th=[ 9194], 99.50th=[ 9329], 99.90th=[ 9731], 99.95th=[ 9866],
     | 99.99th=[10134]
   bw (  KiB/s): min=  832, max= 2928, per=99.89%, avg=2163.28, stdev=17.70, samples=9357
   iops        : min=  208, max=  732, avg=540.82, stdev= 4.43, samples=9357
  lat (usec)   : 20=0.01%, 50=0.01%
  lat (msec)   : 10=0.01%, 20=0.01%, 50=0.01%, 100=0.02%, 250=0.05%
  lat (msec)   : 500=0.09%, 750=0.08%, 1000=0.08%, 2000=0.33%, >=2000=99.32%
  cpu          : usr=0.10%, sys=0.59%, ctx=162562, majf=0, minf=4718
  IO depths    : 1=0.1%, 2=0.1%, 4=0.1%, 8=0.1%, 16=0.2%, 32=0.3%, >=64=99.4%
     submit    : 0=0.0%, 4=100.0%, 8=0.0%, 16=0.0%, 32=0.0%, 64=0.0%, >=64=0.0%
     complete  : 0=0.0%, 4=100.0%, 8=0.0%, 16=0.0%, 32=0.0%, 64=0.0%, >=64=0.1%
     issued rwts: total=162439,0,0,0 short=0,0,0,0 dropped=0,0,0,0
     latency   : target=0, window=0, percentile=100.00%, depth=256

Run status group 0 (all jobs):
   READ: bw=2165KiB/s (2217kB/s), 2165KiB/s-2165KiB/s (2217kB/s-2217kB/s), io=635MiB (665MB), run=300068-300068msec
