test: (g=0): rw=read, bs=(R) 4096B-4096B, (W) 4096B-4096B, (T) 4096B-4096B, ioengine=libaio, iodepth=256
...
fio-3.27
Starting 8 processes
seq-read: Laying out IO file (1 file / 1024MiB)
seq-read: Laying out IO file (1 file / 1024MiB)
seq-read: Laying out IO file (1 file / 1024MiB)
seq-read: Laying out IO file (1 file / 1024MiB)

test: (groupid=0, jobs=8): err= 0: pid=219000: Tue Jul 20 13:35:51 2021
  read: IOPS=18.0k, BW=70.2MiB/s (73.7MB/s)(20.6GiB/300003msec)
    slat (usec): min=10, max=2843.5k, avg=432.36, stdev=3939.90
    clat (usec): min=10, max=23000k, avg=112891.84, stdev=456760.23
     lat (usec): min=22, max=23041k, avg=113325.26, stdev=458440.10
    clat percentiles (msec):
     |  1.00th=[    5],  5.00th=[    5], 10.00th=[    5], 20.00th=[    5],
     | 30.00th=[    5], 40.00th=[    6], 50.00th=[    6], 60.00th=[    6],
     | 70.00th=[    6], 80.00th=[   26], 90.00th=[  397], 95.00th=[  464],
     | 99.00th=[ 1485], 99.50th=[ 2500], 99.90th=[ 5805], 99.95th=[ 8020],
     | 99.99th=[15637]
   bw (  KiB/s): min=   72, max=1270680, per=100.00%, avg=72667.70, stdev=30329.62, samples=4740
   iops        : min=   18, max=317674, avg=18166.74, stdev=7582.41, samples=4740
  lat (usec)   : 20=0.01%, 50=0.01%, 100=0.01%, 250=0.01%, 500=0.01%
  lat (usec)   : 750=0.01%, 1000=0.01%
  lat (msec)   : 2=0.01%, 4=0.01%, 10=71.00%, 20=7.24%, 50=4.70%
  lat (msec)   : 100=0.12%, 250=0.12%, 500=13.16%, 750=1.61%, 1000=0.46%
  lat (msec)   : 2000=0.89%, >=2000=0.70%
  cpu          : usr=2.43%, sys=10.00%, ctx=907104, majf=0, minf=2366
  IO depths    : 1=0.1%, 2=0.1%, 4=0.1%, 8=0.1%, 16=0.1%, 32=0.1%, >=64=100.0%
     submit    : 0=0.0%, 4=100.0%, 8=0.0%, 16=0.0%, 32=0.0%, 64=0.0%, >=64=0.0%
     complete  : 0=0.0%, 4=100.0%, 8=0.0%, 16=0.0%, 32=0.0%, 64=0.0%, >=64=0.1%
     issued rwts: total=5394372,0,0,0 short=0,0,0,0 dropped=0,0,0,0
     latency   : target=0, window=0, percentile=100.00%, depth=256

Run status group 0 (all jobs):
   READ: bw=70.2MiB/s (73.7MB/s), 70.2MiB/s-70.2MiB/s (73.7MB/s-73.7MB/s), io=20.6GiB (22.1GB), run=300003-300003msec
