readwrite: (g=0): rw=rw, bs=(R) 4096B-4096B, (W) 4096B-4096B, (T) 4096B-4096B, ioengine=libaio, iodepth=256
...
fio-3.27
Starting 8 processes
readwrite: Laying out IO file (1 file / 1024MiB)
readwrite: Laying out IO file (1 file / 1024MiB)
readwrite: Laying out IO file (1 file / 1024MiB)
readwrite: Laying out IO file (1 file / 1024MiB)

readwrite: (groupid=0, jobs=8): err= 0: pid=18363: Wed Jul 21 17:40:48 2021
  read: IOPS=35.6k, BW=139MiB/s (146MB/s)(40.7GiB/300104msec)
    slat (usec): min=7, max=599063, avg=124.58, stdev=2353.83
    clat (usec): min=10, max=20792k, avg=28784.68, stdev=180657.44
     lat (usec): min=22, max=20826k, avg=28910.01, stdev=181897.13
    clat percentiles (msec):
     |  1.00th=[   12],  5.00th=[   13], 10.00th=[   13], 20.00th=[   14],
     | 30.00th=[   14], 40.00th=[   14], 50.00th=[   14], 60.00th=[   14],
     | 70.00th=[   15], 80.00th=[   15], 90.00th=[   16], 95.00th=[   17],
     | 99.00th=[  567], 99.50th=[ 1062], 99.90th=[ 2400], 99.95th=[ 3071],
     | 99.99th=[ 5738]
   bw (  KiB/s): min=  112, max=325988, per=100.00%, avg=143361.50, stdev=15716.78, samples=4760
   iops        : min=   28, max=81496, avg=35839.97, stdev=3929.17, samples=4760
  write: IOPS=35.5k, BW=139MiB/s (146MB/s)(40.7GiB/300104msec); 0 zone resets
    slat (usec): min=68, max=136246, avg=78.87, stdev=65.53
    clat (usec): min=12, max=20755k, avg=28594.06, stdev=176499.24
     lat (usec): min=93, max=20755k, avg=28674.04, stdev=176501.00
    clat percentiles (msec):
     |  1.00th=[   12],  5.00th=[   13], 10.00th=[   13], 20.00th=[   14],
     | 30.00th=[   14], 40.00th=[   14], 50.00th=[   14], 60.00th=[   14],
     | 70.00th=[   15], 80.00th=[   15], 90.00th=[   16], 95.00th=[   17],
     | 99.00th=[  558], 99.50th=[ 1062], 99.90th=[ 2366], 99.95th=[ 3037],
     | 99.99th=[ 5738]
   bw (  KiB/s): min=  112, max=323392, per=100.00%, avg=143329.97, stdev=15706.10, samples=4756
   iops        : min=   28, max=80848, avg=35832.10, stdev=3926.50, samples=4756
  lat (usec)   : 20=0.01%, 50=0.01%, 100=0.01%, 250=0.01%, 500=0.01%
  lat (usec)   : 750=0.01%, 1000=0.01%
  lat (msec)   : 2=0.01%, 4=0.01%, 10=0.01%, 20=97.07%, 50=1.62%
  lat (msec)   : 100=0.07%, 250=0.06%, 500=0.12%, 750=0.23%, 1000=0.26%
  lat (msec)   : 2000=0.41%, >=2000=0.15%
  cpu          : usr=8.51%, sys=42.99%, ctx=120622, majf=0, minf=360
  IO depths    : 1=0.1%, 2=0.1%, 4=0.1%, 8=0.1%, 16=0.1%, 32=0.1%, >=64=100.0%
     submit    : 0=0.0%, 4=100.0%, 8=0.0%, 16=0.0%, 32=0.0%, 64=0.0%, >=64=0.0%
     complete  : 0=0.0%, 4=100.0%, 8=0.0%, 16=0.0%, 32=0.0%, 64=0.0%, >=64=0.1%
     issued rwts: total=10669643,10664114,0,0 short=0,0,0,0 dropped=0,0,0,0
     latency   : target=0, window=0, percentile=100.00%, depth=256

Run status group 0 (all jobs):
   READ: bw=139MiB/s (146MB/s), 139MiB/s-139MiB/s (146MB/s-146MB/s), io=40.7GiB (43.7GB), run=300104-300104msec
  WRITE: bw=139MiB/s (146MB/s), 139MiB/s-139MiB/s (146MB/s-146MB/s), io=40.7GiB (43.7GB), run=300104-300104msec
