test: (g=0): rw=randread, bs=(R) 4096B-4096B, (W) 4096B-4096B, (T) 4096B-4096B, ioengine=libaio, iodepth=256
...
fio-3.27
Starting 4 processes
rand-read: Laying out IO file (1 file / 1024MiB)
rand-read: Laying out IO file (1 file / 1024MiB)

test: (groupid=0, jobs=4): err= 0: pid=149306: Mon Jul 19 19:14:28 2021
  read: IOPS=345, BW=1381KiB/s (1414kB/s)(405MiB/300036msec)
    slat (usec): min=457, max=442851, avg=11560.44, stdev=9949.63
    clat (usec): min=12, max=5086.2k, avg=2939852.71, stdev=714971.25
     lat (msec): min=7, max=5093, avg=2951.42, stdev=717.49
    clat percentiles (msec):
     |  1.00th=[ 1519],  5.00th=[ 1636], 10.00th=[ 1787], 20.00th=[ 2106],
     | 30.00th=[ 2735], 40.00th=[ 2869], 50.00th=[ 3071], 60.00th=[ 3306],
     | 70.00th=[ 3440], 80.00th=[ 3540], 90.00th=[ 3708], 95.00th=[ 3809],
     | 99.00th=[ 4279], 99.50th=[ 4396], 99.90th=[ 4866], 99.95th=[ 4933],
     | 99.99th=[ 5000]
   bw (  KiB/s): min=  576, max= 2856, per=99.85%, avg=1379.96, stdev=103.34, samples=2376
   iops        : min=  144, max=  714, avg=344.99, stdev=25.83, samples=2376
  lat (usec)   : 20=0.01%, 50=0.01%
  lat (msec)   : 10=0.01%, 20=0.01%, 50=0.01%, 100=0.01%, 250=0.04%
  lat (msec)   : 500=0.07%, 750=0.07%, 1000=0.06%, 2000=17.75%, >=2000=81.99%
  cpu          : usr=0.23%, sys=1.47%, ctx=103642, majf=0, minf=1179
  IO depths    : 1=0.1%, 2=0.1%, 4=0.1%, 8=0.1%, 16=0.1%, 32=0.1%, >=64=99.8%
     submit    : 0=0.0%, 4=100.0%, 8=0.0%, 16=0.0%, 32=0.0%, 64=0.0%, >=64=0.0%
     complete  : 0=0.0%, 4=100.0%, 8=0.0%, 16=0.0%, 32=0.0%, 64=0.0%, >=64=0.1%
     issued rwts: total=103597,0,0,0 short=0,0,0,0 dropped=0,0,0,0
     latency   : target=0, window=0, percentile=100.00%, depth=256

Run status group 0 (all jobs):
   READ: bw=1381KiB/s (1414kB/s), 1381KiB/s-1381KiB/s (1414kB/s-1414kB/s), io=405MiB (424MB), run=300036-300036msec
