test: (g=0): rw=randread, bs=(R) 4096B-4096B, (W) 4096B-4096B, (T) 4096B-4096B, ioengine=libaio, iodepth=256
...
fio-3.27
Starting 32 processes
rand-read: Laying out IO file (1 file / 1024MiB)
rand-read: Laying out IO file (1 file / 1024MiB)
rand-read: Laying out IO file (1 file / 1024MiB)
rand-read: Laying out IO file (1 file / 1024MiB)
rand-read: Laying out IO file (1 file / 1024MiB)
rand-read: Laying out IO file (1 file / 1024MiB)
rand-read: Laying out IO file (1 file / 1024MiB)
rand-read: Laying out IO file (1 file / 1024MiB)
rand-read: Laying out IO file (1 file / 1024MiB)
rand-read: Laying out IO file (1 file / 1024MiB)
rand-read: Laying out IO file (1 file / 1024MiB)
rand-read: Laying out IO file (1 file / 1024MiB)
rand-read: Laying out IO file (1 file / 1024MiB)
rand-read: Laying out IO file (1 file / 1024MiB)
rand-read: Laying out IO file (1 file / 1024MiB)
rand-read: Laying out IO file (1 file / 1024MiB)

test: (groupid=0, jobs=32): err= 0: pid=155027: Mon Jul 19 19:24:49 2021
  read: IOPS=1807, BW=7231KiB/s (7404kB/s)(2119MiB/300074msec)
    slat (usec): min=486, max=294363, avg=17673.31, stdev=13968.76
    clat (usec): min=14, max=7194.0k, avg=4479891.17, stdev=754199.34
     lat (msec): min=5, max=7236, avg=4497.57, stdev=756.49
    clat percentiles (msec):
     |  1.00th=[ 2668],  5.00th=[ 3540], 10.00th=[ 3675], 20.00th=[ 3842],
     | 30.00th=[ 3977], 40.00th=[ 4178], 50.00th=[ 4396], 60.00th=[ 4665],
     | 70.00th=[ 4933], 80.00th=[ 5134], 90.00th=[ 5470], 95.00th=[ 5671],
     | 99.00th=[ 6074], 99.50th=[ 6208], 99.90th=[ 6544], 99.95th=[ 6745],
     | 99.99th=[ 7013]
   bw (  KiB/s): min= 2360, max=11672, per=100.00%, avg=7236.38, stdev=45.02, samples=18881
   iops        : min=  590, max= 2918, avg=1809.10, stdev=11.25, samples=18881
  lat (usec)   : 20=0.01%, 50=0.01%
  lat (msec)   : 10=0.01%, 20=0.01%, 50=0.01%, 100=0.02%, 250=0.06%
  lat (msec)   : 500=0.09%, 750=0.09%, 1000=0.10%, 2000=0.38%, >=2000=99.24%
  cpu          : usr=0.16%, sys=1.00%, ctx=542782, majf=0, minf=9436
  IO depths    : 1=0.1%, 2=0.1%, 4=0.1%, 8=0.1%, 16=0.1%, 32=0.2%, >=64=99.6%
     submit    : 0=0.0%, 4=100.0%, 8=0.0%, 16=0.0%, 32=0.0%, 64=0.0%, >=64=0.0%
     complete  : 0=0.0%, 4=100.0%, 8=0.0%, 16=0.0%, 32=0.0%, 64=0.0%, >=64=0.1%
     issued rwts: total=542450,0,0,0 short=0,0,0,0 dropped=0,0,0,0
     latency   : target=0, window=0, percentile=100.00%, depth=256

Run status group 0 (all jobs):
   READ: bw=7231KiB/s (7404kB/s), 7231KiB/s-7231KiB/s (7404kB/s-7404kB/s), io=2119MiB (2222MB), run=300074-300074msec
