test: (g=0): rw=read, bs=(R) 4096B-4096B, (W) 4096B-4096B, (T) 4096B-4096B, ioengine=libaio, iodepth=256
...
fio-3.27
Starting 2 processes
seq-read: Laying out IO file (1 file / 1024MiB)

test: (groupid=0, jobs=2): err= 0: pid=226657: Tue Jul 20 13:23:19 2021
  read: IOPS=32.6k, BW=127MiB/s (133MB/s)(37.3GiB/300004msec)
    slat (usec): min=10, max=603584, avg=50.15, stdev=1125.10
    clat (usec): min=10, max=7610.7k, avg=15637.46, stdev=127260.19
     lat (usec): min=22, max=7614.9k, avg=15688.40, stdev=127703.98
    clat percentiles (msec):
     |  1.00th=[    5],  5.00th=[    5], 10.00th=[    5], 20.00th=[    5],
     | 30.00th=[    5], 40.00th=[    5], 50.00th=[    5], 60.00th=[    6],
     | 70.00th=[    6], 80.00th=[    6], 90.00th=[   16], 95.00th=[   26],
     | 99.00th=[  259], 99.50th=[  498], 99.90th=[ 1888], 99.95th=[ 2769],
     | 99.99th=[ 5067]
   bw (  KiB/s): min=   16, max=329920, per=100.00%, avg=133776.42, stdev=69218.51, samples=1171
   iops        : min=    4, max=82482, avg=33444.12, stdev=17304.64, samples=1171
  lat (usec)   : 20=0.01%, 50=0.01%, 100=0.01%, 250=0.01%, 500=0.01%
  lat (usec)   : 750=0.01%, 1000=0.01%
  lat (msec)   : 2=0.01%, 4=0.01%, 10=87.68%, 20=5.40%, 50=5.80%
  lat (msec)   : 100=0.06%, 250=0.04%, 500=0.51%, 750=0.11%, 1000=0.15%
  lat (msec)   : 2000=0.14%, >=2000=0.09%
  cpu          : usr=13.72%, sys=37.22%, ctx=94613, majf=0, minf=590
  IO depths    : 1=0.1%, 2=0.1%, 4=0.1%, 8=0.1%, 16=0.1%, 32=0.1%, >=64=100.0%
     submit    : 0=0.0%, 4=100.0%, 8=0.0%, 16=0.0%, 32=0.0%, 64=0.0%, >=64=0.0%
     complete  : 0=0.0%, 4=100.0%, 8=0.0%, 16=0.0%, 32=0.0%, 64=0.0%, >=64=0.1%
     issued rwts: total=9775142,0,0,0 short=0,0,0,0 dropped=0,0,0,0
     latency   : target=0, window=0, percentile=100.00%, depth=256

Run status group 0 (all jobs):
   READ: bw=127MiB/s (133MB/s), 127MiB/s-127MiB/s (133MB/s-133MB/s), io=37.3GiB (40.0GB), run=300004-300004msec
