readwrite: (g=0): rw=rw, bs=(R) 4096B-4096B, (W) 4096B-4096B, (T) 4096B-4096B, ioengine=libaio, iodepth=256
...
fio-3.27
Starting 32 processes
readwrite: Laying out IO file (1 file / 1024MiB)
readwrite: Laying out IO file (1 file / 1024MiB)
readwrite: Laying out IO file (1 file / 1024MiB)
readwrite: Laying out IO file (1 file / 1024MiB)
readwrite: Laying out IO file (1 file / 1024MiB)
readwrite: Laying out IO file (1 file / 1024MiB)
readwrite: Laying out IO file (1 file / 1024MiB)
readwrite: Laying out IO file (1 file / 1024MiB)
readwrite: Laying out IO file (1 file / 1024MiB)
readwrite: Laying out IO file (1 file / 1024MiB)
readwrite: Laying out IO file (1 file / 1024MiB)
readwrite: Laying out IO file (1 file / 1024MiB)
readwrite: Laying out IO file (1 file / 1024MiB)
readwrite: Laying out IO file (1 file / 1024MiB)
readwrite: Laying out IO file (1 file / 1024MiB)
readwrite: Laying out IO file (1 file / 1024MiB)

readwrite: (groupid=0, jobs=32): err= 0: pid=45100: Wed Jul 21 18:59:27 2021
  read: IOPS=31.8k, BW=124MiB/s (130MB/s)(36.4GiB/300040msec)
    slat (usec): min=7, max=2651.3k, avg=904.76, stdev=12934.81
    clat (usec): min=12, max=31017k, avg=129112.62, stdev=1235703.48
     lat (usec): min=26, max=31204k, avg=130018.12, stdev=1244596.01
    clat percentiles (msec):
     |  1.00th=[   12],  5.00th=[   13], 10.00th=[   13], 20.00th=[   14],
     | 30.00th=[   14], 40.00th=[   14], 50.00th=[   14], 60.00th=[   14],
     | 70.00th=[   15], 80.00th=[   15], 90.00th=[   16], 95.00th=[   18],
     | 99.00th=[ 3641], 99.50th=[10000], 99.90th=[17113], 99.95th=[17113],
     | 99.99th=[17113]
   bw (  KiB/s): min=  256, max=749939, per=100.00%, avg=134528.05, stdev=8567.04, samples=17647
   iops        : min=   64, max=187484, avg=33631.97, stdev=2141.76, samples=17647
  write: IOPS=31.8k, BW=124MiB/s (130MB/s)(36.4GiB/300040msec); 0 zone resets
    slat (usec): min=68, max=425841, avg=80.28, stdev=203.82
    clat (usec): min=11, max=31060k, avg=126062.66, stdev=1218468.75
     lat (usec): min=84, max=31060k, avg=126144.04, stdev=1218471.45
    clat percentiles (msec):
     |  1.00th=[   12],  5.00th=[   13], 10.00th=[   13], 20.00th=[   14],
     | 30.00th=[   14], 40.00th=[   14], 50.00th=[   14], 60.00th=[   14],
     | 70.00th=[   15], 80.00th=[   15], 90.00th=[   16], 95.00th=[   18],
     | 99.00th=[ 3071], 99.50th=[ 9866], 99.90th=[17113], 99.95th=[17113],
     | 99.99th=[17113]
   bw (  KiB/s): min=  256, max=748798, per=100.00%, avg=134364.16, stdev=8592.50, samples=17611
   iops        : min=   64, max=187198, avg=33590.97, stdev=2148.12, samples=17611
  lat (usec)   : 20=0.01%, 50=0.01%, 100=0.01%, 250=0.01%, 500=0.01%
  lat (usec)   : 750=0.01%, 1000=0.01%
  lat (msec)   : 2=0.01%, 4=0.01%, 10=0.01%, 20=97.51%, 50=1.13%
  lat (msec)   : 100=0.08%, 250=0.04%, 500=0.05%, 750=0.03%, 1000=0.04%
  lat (msec)   : 2000=0.06%, >=2000=1.06%
  cpu          : usr=1.90%, sys=9.59%, ctx=96643, majf=0, minf=1426
  IO depths    : 1=0.1%, 2=0.1%, 4=0.1%, 8=0.1%, 16=0.1%, 32=0.1%, >=64=100.0%
     submit    : 0=0.0%, 4=100.0%, 8=0.0%, 16=0.0%, 32=0.0%, 64=0.0%, >=64=0.0%
     complete  : 0=0.0%, 4=100.0%, 8=0.0%, 16=0.0%, 32=0.0%, 64=0.0%, >=64=0.1%
     issued rwts: total=9542877,9544481,0,0 short=0,0,0,0 dropped=0,0,0,0
     latency   : target=0, window=0, percentile=100.00%, depth=256

Run status group 0 (all jobs):
   READ: bw=124MiB/s (130MB/s), 124MiB/s-124MiB/s (130MB/s-130MB/s), io=36.4GiB (39.1GB), run=300040-300040msec
  WRITE: bw=124MiB/s (130MB/s), 124MiB/s-124MiB/s (130MB/s-130MB/s), io=36.4GiB (39.1GB), run=300040-300040msec
