readwrite: (g=0): rw=rw, bs=(R) 4096B-4096B, (W) 4096B-4096B, (T) 4096B-4096B, ioengine=libaio, iodepth=256
...
fio-3.27
Starting 32 processes
readwrite: Laying out IO file (1 file / 1024MiB)
readwrite: Laying out IO file (1 file / 1024MiB)
readwrite: Laying out IO file (1 file / 1024MiB)
readwrite: Laying out IO file (1 file / 1024MiB)
readwrite: Laying out IO file (1 file / 1024MiB)
readwrite: Laying out IO file (1 file / 1024MiB)
readwrite: Laying out IO file (1 file / 1024MiB)
readwrite: Laying out IO file (1 file / 1024MiB)
readwrite: Laying out IO file (1 file / 1024MiB)
readwrite: Laying out IO file (1 file / 1024MiB)
readwrite: Laying out IO file (1 file / 1024MiB)
readwrite: Laying out IO file (1 file / 1024MiB)
readwrite: Laying out IO file (1 file / 1024MiB)
readwrite: Laying out IO file (1 file / 1024MiB)
readwrite: Laying out IO file (1 file / 1024MiB)
readwrite: Laying out IO file (1 file / 1024MiB)

readwrite: (groupid=0, jobs=32): err= 0: pid=89721: Wed Jul 21 18:59:27 2021
  read: IOPS=21.5k, BW=84.1MiB/s (88.1MB/s)(24.6GiB/300115msec)
    slat (usec): min=7, max=2410.3k, avg=1384.59, stdev=16274.38
    clat (usec): min=12, max=34403k, avg=190872.42, stdev=1589108.12
     lat (usec): min=109, max=34556k, avg=192257.77, stdev=1600604.57
    clat percentiles (msec):
     |  1.00th=[   12],  5.00th=[   13], 10.00th=[   13], 20.00th=[   14],
     | 30.00th=[   14], 40.00th=[   14], 50.00th=[   14], 60.00th=[   15],
     | 70.00th=[   15], 80.00th=[   15], 90.00th=[   16], 95.00th=[   19],
     | 99.00th=[ 8087], 99.50th=[13758], 99.90th=[17113], 99.95th=[17113],
     | 99.99th=[17113]
   bw (  KiB/s): min=  256, max=714871, per=100.00%, avg=91168.65, stdev=7464.62, samples=17524
   iops        : min=   64, max=178714, avg=22791.87, stdev=1866.13, samples=17524
  write: IOPS=21.5k, BW=84.0MiB/s (88.1MB/s)(24.6GiB/300115msec); 0 zone resets
    slat (usec): min=68, max=363810, avg=81.43, stdev=301.83
    clat (usec): min=12, max=34528k, avg=186058.70, stdev=1566336.85
     lat (usec): min=90, max=34529k, avg=186141.24, stdev=1566339.92
    clat percentiles (msec):
     |  1.00th=[   12],  5.00th=[   13], 10.00th=[   13], 20.00th=[   14],
     | 30.00th=[   14], 40.00th=[   14], 50.00th=[   14], 60.00th=[   15],
     | 70.00th=[   15], 80.00th=[   15], 90.00th=[   16], 95.00th=[   19],
     | 99.00th=[ 7819], 99.50th=[13489], 99.90th=[17113], 99.95th=[17113],
     | 99.99th=[17113]
   bw (  KiB/s): min=  256, max=711497, per=100.00%, avg=90680.89, stdev=7501.03, samples=17463
   iops        : min=   64, max=177872, avg=22669.96, stdev=1875.24, samples=17463
  lat (usec)   : 20=0.01%, 50=0.01%, 100=0.01%, 250=0.01%, 500=0.01%
  lat (usec)   : 750=0.01%, 1000=0.01%
  lat (msec)   : 2=0.01%, 4=0.01%, 10=0.01%, 20=96.84%, 50=1.19%
  lat (msec)   : 100=0.10%, 250=0.07%, 500=0.07%, 750=0.06%, 1000=0.05%
  lat (msec)   : 2000=0.09%, >=2000=1.52%
  cpu          : usr=1.28%, sys=6.62%, ctx=92715, majf=0, minf=1423
  IO depths    : 1=0.1%, 2=0.1%, 4=0.1%, 8=0.1%, 16=0.1%, 32=0.1%, >=64=100.0%
     submit    : 0=0.0%, 4=100.0%, 8=0.0%, 16=0.0%, 32=0.0%, 64=0.0%, >=64=0.0%
     complete  : 0=0.0%, 4=100.0%, 8=0.0%, 16=0.0%, 32=0.0%, 64=0.0%, >=64=0.1%
     issued rwts: total=6457658,6455971,0,0 short=0,0,0,0 dropped=0,0,0,0
     latency   : target=0, window=0, percentile=100.00%, depth=256

Run status group 0 (all jobs):
   READ: bw=84.1MiB/s (88.1MB/s), 84.1MiB/s-84.1MiB/s (88.1MB/s-88.1MB/s), io=24.6GiB (26.5GB), run=300115-300115msec
  WRITE: bw=84.0MiB/s (88.1MB/s), 84.0MiB/s-84.0MiB/s (88.1MB/s-88.1MB/s), io=24.6GiB (26.4GB), run=300115-300115msec
