test: (g=0): rw=read, bs=(R) 4096B-4096B, (W) 4096B-4096B, (T) 4096B-4096B, ioengine=libaio, iodepth=256
...
fio-3.27
Starting 2 processes
seq-read: Laying out IO file (1 file / 1024MiB)

test: (groupid=0, jobs=2): err= 0: pid=233902: Tue Jul 20 15:27:30 2021
  read: IOPS=33.4k, BW=130MiB/s (137MB/s)(38.2GiB/300027msec)
    slat (usec): min=10, max=141627, avg=48.75, stdev=851.77
    clat (usec): min=12, max=7305.0k, avg=15286.84, stdev=127592.78
     lat (usec): min=65, max=7307.2k, avg=15336.39, stdev=128003.79
    clat percentiles (msec):
     |  1.00th=[    5],  5.00th=[    5], 10.00th=[    5], 20.00th=[    5],
     | 30.00th=[    5], 40.00th=[    5], 50.00th=[    5], 60.00th=[    6],
     | 70.00th=[    6], 80.00th=[    6], 90.00th=[   16], 95.00th=[   26],
     | 99.00th=[   27], 99.50th=[  902], 99.90th=[ 1569], 99.95th=[ 2433],
     | 99.99th=[ 4866]
   bw (  KiB/s): min=   56, max=329424, per=100.00%, avg=138729.14, stdev=40176.83, samples=1175
   iops        : min=   14, max=82356, avg=34682.18, stdev=10044.22, samples=1175
  lat (usec)   : 20=0.01%, 100=0.01%, 250=0.01%, 500=0.01%, 750=0.01%
  lat (usec)   : 1000=0.01%
  lat (msec)   : 2=0.01%, 4=0.01%, 10=88.77%, 20=4.61%, 50=5.87%
  lat (msec)   : 100=0.03%, 250=0.11%, 500=0.01%, 750=0.02%, 1000=0.21%
  lat (msec)   : 2000=0.31%, >=2000=0.06%
  cpu          : usr=14.17%, sys=36.74%, ctx=64327, majf=0, minf=590
  IO depths    : 1=0.1%, 2=0.1%, 4=0.1%, 8=0.1%, 16=0.1%, 32=0.1%, >=64=100.0%
     submit    : 0=0.0%, 4=100.0%, 8=0.0%, 16=0.0%, 32=0.0%, 64=0.0%, >=64=0.0%
     complete  : 0=0.0%, 4=100.0%, 8=0.0%, 16=0.0%, 32=0.0%, 64=0.0%, >=64=0.1%
     issued rwts: total=10007070,0,0,0 short=0,0,0,0 dropped=0,0,0,0
     latency   : target=0, window=0, percentile=100.00%, depth=256

Run status group 0 (all jobs):
   READ: bw=130MiB/s (137MB/s), 130MiB/s-130MiB/s (137MB/s-137MB/s), io=38.2GiB (41.0GB), run=300027-300027msec
