readwrite: (g=0): rw=rw, bs=(R) 4096B-4096B, (W) 4096B-4096B, (T) 4096B-4096B, ioengine=libaio, iodepth=256
...
fio-3.27
Starting 4 processes
readwrite: Laying out IO file (1 file / 1024MiB)
readwrite: Laying out IO file (1 file / 1024MiB)

readwrite: (groupid=0, jobs=4): err= 0: pid=129335: Wed Jul 21 18:33:38 2021
  read: IOPS=20.2k, BW=79.0MiB/s (82.8MB/s)(23.1GiB/300002msec)
    slat (usec): min=7, max=294251, avg=100.95, stdev=1420.01
    clat (usec): min=12, max=3413.2k, avg=25288.32, stdev=96874.10
     lat (usec): min=187, max=3429.8k, avg=25390.04, stdev=97552.21
    clat percentiles (msec):
     |  1.00th=[   12],  5.00th=[   13], 10.00th=[   13], 20.00th=[   13],
     | 30.00th=[   13], 40.00th=[   14], 50.00th=[   14], 60.00th=[   14],
     | 70.00th=[   14], 80.00th=[   14], 90.00th=[   15], 95.00th=[   19],
     | 99.00th=[  401], 99.50th=[  617], 99.90th=[ 1469], 99.95th=[ 1854],
     | 99.99th=[ 2601]
   bw (  KiB/s): min=  240, max=166512, per=100.00%, avg=81642.71, stdev=13565.30, samples=2381
   iops        : min=   60, max=41628, avg=20410.69, stdev=3391.33, samples=2381
  write: IOPS=20.2k, BW=78.9MiB/s (82.7MB/s)(23.1GiB/300002msec); 0 zone resets
    slat (usec): min=68, max=57033, avg=75.30, stdev=38.52
    clat (usec): min=11, max=3425.5k, avg=25188.88, stdev=96219.34
     lat (usec): min=83, max=3425.6k, avg=25265.28, stdev=96221.42
    clat percentiles (msec):
     |  1.00th=[   12],  5.00th=[   13], 10.00th=[   13], 20.00th=[   13],
     | 30.00th=[   13], 40.00th=[   14], 50.00th=[   14], 60.00th=[   14],
     | 70.00th=[   14], 80.00th=[   14], 90.00th=[   15], 95.00th=[   19],
     | 99.00th=[  401], 99.50th=[  617], 99.90th=[ 1469], 99.95th=[ 1854],
     | 99.99th=[ 2601]
   bw (  KiB/s): min=  224, max=164360, per=100.00%, avg=81588.15, stdev=13555.90, samples=2380
   iops        : min=   56, max=41090, avg=20397.03, stdev=3388.97, samples=2380
  lat (usec)   : 20=0.01%, 100=0.01%, 250=0.01%, 500=0.01%, 750=0.01%
  lat (usec)   : 1000=0.01%
  lat (msec)   : 2=0.01%, 4=0.01%, 10=0.01%, 20=95.58%, 50=2.03%
  lat (msec)   : 100=0.10%, 250=0.40%, 500=1.20%, 750=0.31%, 1000=0.16%
  lat (msec)   : 2000=0.19%, >=2000=0.03%
  cpu          : usr=9.74%, sys=48.55%, ctx=132590, majf=0, minf=176
  IO depths    : 1=0.1%, 2=0.1%, 4=0.1%, 8=0.1%, 16=0.1%, 32=0.1%, >=64=100.0%
     submit    : 0=0.0%, 4=100.0%, 8=0.0%, 16=0.0%, 32=0.0%, 64=0.0%, >=64=0.0%
     complete  : 0=0.0%, 4=100.0%, 8=0.0%, 16=0.0%, 32=0.0%, 64=0.0%, >=64=0.1%
     issued rwts: total=6065054,6059674,0,0 short=0,0,0,0 dropped=0,0,0,0
     latency   : target=0, window=0, percentile=100.00%, depth=256

Run status group 0 (all jobs):
   READ: bw=79.0MiB/s (82.8MB/s), 79.0MiB/s-79.0MiB/s (82.8MB/s-82.8MB/s), io=23.1GiB (24.8GB), run=300002-300002msec
  WRITE: bw=78.9MiB/s (82.7MB/s), 78.9MiB/s-78.9MiB/s (82.7MB/s-82.7MB/s), io=23.1GiB (24.8GB), run=300002-300002msec
