test: (g=0): rw=randread, bs=(R) 4096B-4096B, (W) 4096B-4096B, (T) 4096B-4096B, ioengine=libaio, iodepth=256
...
fio-3.27
Starting 32 processes
rand-read: Laying out IO file (1 file / 1024MiB)
rand-read: Laying out IO file (1 file / 1024MiB)
rand-read: Laying out IO file (1 file / 1024MiB)
rand-read: Laying out IO file (1 file / 1024MiB)
rand-read: Laying out IO file (1 file / 1024MiB)
rand-read: Laying out IO file (1 file / 1024MiB)
rand-read: Laying out IO file (1 file / 1024MiB)
rand-read: Laying out IO file (1 file / 1024MiB)
rand-read: Laying out IO file (1 file / 1024MiB)
rand-read: Laying out IO file (1 file / 1024MiB)
rand-read: Laying out IO file (1 file / 1024MiB)
rand-read: Laying out IO file (1 file / 1024MiB)
rand-read: Laying out IO file (1 file / 1024MiB)
rand-read: Laying out IO file (1 file / 1024MiB)
rand-read: Laying out IO file (1 file / 1024MiB)
rand-read: Laying out IO file (1 file / 1024MiB)

test: (groupid=0, jobs=32): err= 0: pid=208817: Mon Jul 19 22:26:18 2021
  read: IOPS=632, BW=2531KiB/s (2592kB/s)(742MiB/300047msec)
    slat (msec): min=2, max=306, avg=50.53, stdev=15.81
    clat (usec): min=14, max=15129k, avg=12619729.40, stdev=1819929.05
     lat (msec): min=6, max=15189, avg=12670.27, stdev=1821.96
    clat percentiles (msec):
     |  1.00th=[ 2265],  5.00th=[11342], 10.00th=[11610], 20.00th=[11879],
     | 30.00th=[12416], 40.00th=[12684], 50.00th=[12953], 60.00th=[13087],
     | 70.00th=[13355], 80.00th=[13624], 90.00th=[14026], 95.00th=[14160],
     | 99.00th=[14563], 99.50th=[14697], 99.90th=[14832], 99.95th=[14966],
     | 99.99th=[15100]
   bw (  KiB/s): min= 1224, max= 3368, per=99.67%, avg=2523.31, stdev= 8.52, samples=18369
   iops        : min=  306, max=  842, avg=630.83, stdev= 2.13, samples=18369
  lat (usec)   : 20=0.01%, 50=0.01%, 100=0.01%
  lat (msec)   : 10=0.01%, 20=0.01%, 50=0.03%, 100=0.05%, 250=0.14%
  lat (msec)   : 500=0.15%, 750=0.11%, 1000=0.09%, 2000=0.32%, >=2000=99.09%
  cpu          : usr=0.06%, sys=0.38%, ctx=190126, majf=0, minf=9450
  IO depths    : 1=0.1%, 2=0.1%, 4=0.1%, 8=0.1%, 16=0.3%, 32=0.5%, >=64=98.9%
     submit    : 0=0.0%, 4=100.0%, 8=0.0%, 16=0.0%, 32=0.0%, 64=0.0%, >=64=0.0%
     complete  : 0=0.0%, 4=100.0%, 8=0.0%, 16=0.0%, 32=0.0%, 64=0.0%, >=64=0.1%
     issued rwts: total=189884,0,0,0 short=0,0,0,0 dropped=0,0,0,0
     latency   : target=0, window=0, percentile=100.00%, depth=256

Run status group 0 (all jobs):
   READ: bw=2531KiB/s (2592kB/s), 2531KiB/s-2531KiB/s (2592kB/s-2592kB/s), io=742MiB (778MB), run=300047-300047msec
