readwrite: (g=0): rw=rw, bs=(R) 4096B-4096B, (W) 4096B-4096B, (T) 4096B-4096B, ioengine=libaio, iodepth=256
...
fio-3.27
Starting 2 processes
readwrite: Laying out IO file (1 file / 1024MiB)

readwrite: (groupid=0, jobs=2): err= 0: pid=57769: Wed Jul 21 19:27:18 2021
  read: IOPS=16.3k, BW=63.7MiB/s (66.8MB/s)(18.7GiB/300004msec)
    slat (usec): min=7, max=139185, avg=26.72, stdev=380.71
    clat (usec): min=24, max=1089.5k, avg=15655.80, stdev=23916.19
     lat (usec): min=103, max=1089.5k, avg=15683.28, stdev=23984.42
    clat percentiles (msec):
     |  1.00th=[   12],  5.00th=[   13], 10.00th=[   13], 20.00th=[   13],
     | 30.00th=[   13], 40.00th=[   14], 50.00th=[   14], 60.00th=[   14],
     | 70.00th=[   14], 80.00th=[   14], 90.00th=[   15], 95.00th=[   17],
     | 99.00th=[  110], 99.50th=[  148], 99.90th=[  241], 99.95th=[  384],
     | 99.99th=[  911]
   bw (  KiB/s): min=  880, max=83320, per=100.00%, avg=65751.23, stdev=10516.19, samples=1189
   iops        : min=  220, max=20830, avg=16437.74, stdev=2629.04, samples=1189
  write: IOPS=16.3k, BW=63.6MiB/s (66.7MB/s)(18.6GiB/300004msec); 0 zone resets
    slat (usec): min=68, max=49666, avg=74.44, stdev=26.62
    clat (usec): min=11, max=1089.5k, avg=15637.23, stdev=23658.56
     lat (usec): min=82, max=1089.6k, avg=15712.76, stdev=23659.32
    clat percentiles (msec):
     |  1.00th=[   12],  5.00th=[   13], 10.00th=[   13], 20.00th=[   13],
     | 30.00th=[   13], 40.00th=[   14], 50.00th=[   14], 60.00th=[   14],
     | 70.00th=[   14], 80.00th=[   14], 90.00th=[   15], 95.00th=[   17],
     | 99.00th=[  110], 99.50th=[  148], 99.90th=[  239], 99.95th=[  384],
     | 99.99th=[  911]
   bw (  KiB/s): min=  896, max=82048, per=100.00%, avg=65705.76, stdev=10502.34, samples=1189
   iops        : min=  224, max=20512, avg=16426.35, stdev=2625.57, samples=1189
  lat (usec)   : 20=0.01%, 50=0.01%, 100=0.01%, 250=0.01%, 500=0.01%
  lat (usec)   : 750=0.01%, 1000=0.01%
  lat (msec)   : 2=0.01%, 4=0.01%, 10=0.01%, 20=96.68%, 50=2.13%
  lat (msec)   : 100=0.11%, 250=0.99%, 500=0.05%, 750=0.01%, 1000=0.05%
  lat (msec)   : 2000=0.01%
  cpu          : usr=15.33%, sys=76.47%, ctx=51646, majf=0, minf=85
  IO depths    : 1=0.1%, 2=0.1%, 4=0.1%, 8=0.1%, 16=0.1%, 32=0.1%, >=64=100.0%
     submit    : 0=0.0%, 4=100.0%, 8=0.0%, 16=0.0%, 32=0.0%, 64=0.0%, >=64=0.0%
     complete  : 0=0.0%, 4=100.0%, 8=0.0%, 16=0.0%, 32=0.0%, 64=0.0%, >=64=0.1%
     issued rwts: total=4891812,4888353,0,0 short=0,0,0,0 dropped=0,0,0,0
     latency   : target=0, window=0, percentile=100.00%, depth=256

Run status group 0 (all jobs):
   READ: bw=63.7MiB/s (66.8MB/s), 63.7MiB/s-63.7MiB/s (66.8MB/s-66.8MB/s), io=18.7GiB (20.0GB), run=300004-300004msec
  WRITE: bw=63.6MiB/s (66.7MB/s), 63.6MiB/s-63.6MiB/s (66.7MB/s-66.7MB/s), io=18.6GiB (20.0GB), run=300004-300004msec
