readwrite: (g=0): rw=rw, bs=(R) 4096B-4096B, (W) 4096B-4096B, (T) 4096B-4096B, ioengine=libaio, iodepth=256
...
fio-3.27
Starting 16 processes
readwrite: Laying out IO file (1 file / 1024MiB)
readwrite: Laying out IO file (1 file / 1024MiB)
readwrite: Laying out IO file (1 file / 1024MiB)
readwrite: Laying out IO file (1 file / 1024MiB)
readwrite: Laying out IO file (1 file / 1024MiB)
readwrite: Laying out IO file (1 file / 1024MiB)
readwrite: Laying out IO file (1 file / 1024MiB)
readwrite: Laying out IO file (1 file / 1024MiB)

readwrite: (groupid=0, jobs=16): err= 0: pid=3555: Wed Jul 21 17:00:40 2021
  read: IOPS=37.5k, BW=147MiB/s (154MB/s)(42.9GiB/300099msec)
    slat (usec): min=7, max=1380.0k, avg=321.61, stdev=5434.93
    clat (usec): min=15, max=20680k, avg=54453.39, stdev=475678.83
     lat (usec): min=115, max=20760k, avg=54775.74, stdev=479041.99
    clat percentiles (msec):
     |  1.00th=[   13],  5.00th=[   13], 10.00th=[   13], 20.00th=[   14],
     | 30.00th=[   14], 40.00th=[   14], 50.00th=[   14], 60.00th=[   15],
     | 70.00th=[   15], 80.00th=[   15], 90.00th=[   16], 95.00th=[   19],
     | 99.00th=[ 1150], 99.50th=[ 2802], 99.90th=[ 7752], 99.95th=[ 9597],
     | 99.99th=[14295]
   bw (  KiB/s): min=  128, max=624297, per=100.00%, avg=152962.68, stdev=12838.43, samples=9427
   iops        : min=   32, max=156074, avg=38240.29, stdev=3209.58, samples=9427
  write: IOPS=37.5k, BW=146MiB/s (154MB/s)(42.9GiB/300099msec); 0 zone resets
    slat (usec): min=68, max=1589.5k, avg=83.80, stdev=1462.99
    clat (usec): min=11, max=20707k, avg=54214.95, stdev=474832.23
     lat (usec): min=95, max=20707k, avg=54299.86, stdev=474865.84
    clat percentiles (msec):
     |  1.00th=[   13],  5.00th=[   13], 10.00th=[   13], 20.00th=[   14],
     | 30.00th=[   14], 40.00th=[   14], 50.00th=[   14], 60.00th=[   15],
     | 70.00th=[   15], 80.00th=[   15], 90.00th=[   16], 95.00th=[   18],
     | 99.00th=[ 1133], 99.50th=[ 2802], 99.90th=[ 7752], 99.95th=[ 9597],
     | 99.99th=[14429]
   bw (  KiB/s): min=  136, max=619706, per=100.00%, avg=152669.62, stdev=12851.33, samples=9423
   iops        : min=   34, max=154924, avg=38167.01, stdev=3212.81, samples=9423
  lat (usec)   : 20=0.01%, 50=0.01%, 250=0.01%, 500=0.01%, 750=0.01%
  lat (usec)   : 1000=0.01%
  lat (msec)   : 2=0.01%, 4=0.01%, 10=0.01%, 20=97.56%, 50=1.04%
  lat (msec)   : 100=0.08%, 250=0.05%, 500=0.05%, 750=0.05%, 1000=0.10%
  lat (msec)   : 2000=0.33%, >=2000=0.72%
  cpu          : usr=4.48%, sys=22.70%, ctx=127702, majf=0, minf=710
  IO depths    : 1=0.1%, 2=0.1%, 4=0.1%, 8=0.1%, 16=0.1%, 32=0.1%, >=64=100.0%
     submit    : 0=0.0%, 4=100.0%, 8=0.0%, 16=0.0%, 32=0.0%, 64=0.0%, >=64=0.0%
     complete  : 0=0.0%, 4=100.0%, 8=0.0%, 16=0.0%, 32=0.0%, 64=0.0%, >=64=0.1%
     issued rwts: total=11255355,11254797,0,0 short=0,0,0,0 dropped=0,0,0,0
     latency   : target=0, window=0, percentile=100.00%, depth=256

Run status group 0 (all jobs):
   READ: bw=147MiB/s (154MB/s), 147MiB/s-147MiB/s (154MB/s-154MB/s), io=42.9GiB (46.1GB), run=300099-300099msec
  WRITE: bw=146MiB/s (154MB/s), 146MiB/s-146MiB/s (154MB/s-154MB/s), io=42.9GiB (46.1GB), run=300099-300099msec
