test: (g=0): rw=read, bs=(R) 4096B-4096B, (W) 4096B-4096B, (T) 4096B-4096B, ioengine=libaio, iodepth=256
...
fio-3.27
Starting 64 processes
seq-read: Laying out IO file (1 file / 1024MiB)
seq-read: Laying out IO file (1 file / 1024MiB)
seq-read: Laying out IO file (1 file / 1024MiB)
seq-read: Laying out IO file (1 file / 1024MiB)
seq-read: Laying out IO file (1 file / 1024MiB)
seq-read: Laying out IO file (1 file / 1024MiB)
seq-read: Laying out IO file (1 file / 1024MiB)
seq-read: Laying out IO file (1 file / 1024MiB)
seq-read: Laying out IO file (1 file / 1024MiB)
seq-read: Laying out IO file (1 file / 1024MiB)
seq-read: Laying out IO file (1 file / 1024MiB)
seq-read: Laying out IO file (1 file / 1024MiB)
seq-read: Laying out IO file (1 file / 1024MiB)
seq-read: Laying out IO file (1 file / 1024MiB)
seq-read: Laying out IO file (1 file / 1024MiB)
seq-read: Laying out IO file (1 file / 1024MiB)
seq-read: Laying out IO file (1 file / 1024MiB)
seq-read: Laying out IO file (1 file / 1024MiB)
seq-read: Laying out IO file (1 file / 1024MiB)
seq-read: Laying out IO file (1 file / 1024MiB)
seq-read: Laying out IO file (1 file / 1024MiB)
seq-read: Laying out IO file (1 file / 1024MiB)
seq-read: Laying out IO file (1 file / 1024MiB)
seq-read: Laying out IO file (1 file / 1024MiB)
seq-read: Laying out IO file (1 file / 1024MiB)
seq-read: Laying out IO file (1 file / 1024MiB)
seq-read: Laying out IO file (1 file / 1024MiB)
seq-read: Laying out IO file (1 file / 1024MiB)
seq-read: Laying out IO file (1 file / 1024MiB)
seq-read: Laying out IO file (1 file / 1024MiB)
seq-read: Laying out IO file (1 file / 1024MiB)
seq-read: Laying out IO file (1 file / 1024MiB)

test: (groupid=0, jobs=64): err= 0: pid=22283: Tue Jul 20 15:12:51 2021
  read: IOPS=27.1k, BW=106MiB/s (111MB/s)(31.0GiB/300026msec)
    slat (usec): min=10, max=955288, avg=2353.35, stdev=10494.04
    clat (usec): min=10, max=23881k, avg=600741.42, stdev=2456637.18
     lat (usec): min=22, max=23964k, avg=603095.80, stdev=2466077.95
    clat percentiles (msec):
     |  1.00th=[    5],  5.00th=[    5], 10.00th=[    5], 20.00th=[    5],
     | 30.00th=[    5], 40.00th=[    6], 50.00th=[    6], 60.00th=[    6],
     | 70.00th=[    6], 80.00th=[   17], 90.00th=[   28], 95.00th=[ 3809],
     | 99.00th=[15234], 99.50th=[16711], 99.90th=[17113], 99.95th=[17113],
     | 99.99th=[17113]
   bw (  KiB/s): min= 1480, max=6696320, per=100.00%, avg=109128.64, stdev=14337.30, samples=37984
   iops        : min=  370, max=1674074, avg=27282.04, stdev=3584.31, samples=37984
  lat (usec)   : 20=0.01%, 50=0.01%, 100=0.01%, 250=0.01%, 500=0.01%
  lat (usec)   : 750=0.01%, 1000=0.01%
  lat (msec)   : 2=0.01%, 4=0.01%, 10=72.57%, 20=14.28%, 50=4.95%
  lat (msec)   : 100=0.13%, 250=0.02%, 500=0.02%, 750=0.01%, 1000=0.01%
  lat (msec)   : 2000=0.12%, >=2000=7.89%
  cpu          : usr=0.43%, sys=1.63%, ctx=634302, majf=0, minf=18933
  IO depths    : 1=0.1%, 2=0.1%, 4=0.1%, 8=0.1%, 16=0.1%, 32=0.1%, >=64=100.0%
     submit    : 0=0.0%, 4=100.0%, 8=0.0%, 16=0.0%, 32=0.0%, 64=0.0%, >=64=0.0%
     complete  : 0=0.0%, 4=100.0%, 8=0.0%, 16=0.0%, 32=0.0%, 64=0.0%, >=64=0.1%
     issued rwts: total=8117448,0,0,0 short=0,0,0,0 dropped=0,0,0,0
     latency   : target=0, window=0, percentile=100.00%, depth=256

Run status group 0 (all jobs):
   READ: bw=106MiB/s (111MB/s), 106MiB/s-106MiB/s (111MB/s-111MB/s), io=31.0GiB (33.2GB), run=300026-300026msec
