test: (g=0): rw=read, bs=(R) 4096B-4096B, (W) 4096B-4096B, (T) 4096B-4096B, ioengine=libaio, iodepth=256
...
fio-3.27
Starting 4 processes

test: (groupid=0, jobs=4): err= 0: pid=260798: Fri Jul 16 03:45:10 2021
  read: IOPS=41.6k, BW=163MiB/s (171MB/s)(47.6GiB/300009msec)
    slat (usec): min=10, max=84691, avg=84.24, stdev=550.73
    clat (usec): min=10, max=1400.4k, avg=24494.46, stdev=80748.56
     lat (usec): min=22, max=1401.7k, avg=24579.58, stdev=81019.83
    clat percentiles (msec):
     |  1.00th=[    5],  5.00th=[    5], 10.00th=[    5], 20.00th=[    5],
     | 30.00th=[    6], 40.00th=[    6], 50.00th=[    6], 60.00th=[    6],
     | 70.00th=[    6], 80.00th=[    6], 90.00th=[   26], 95.00th=[  203],
     | 99.00th=[  372], 99.50th=[  451], 99.90th=[  919], 99.95th=[  953],
     | 99.99th=[ 1053]
   bw (  KiB/s): min= 2968, max=656056, per=100.00%, avg=172982.89, stdev=38641.65, samples=2361
   iops        : min=  742, max=164014, avg=43245.74, stdev=9660.42, samples=2361
  lat (usec)   : 20=0.01%, 50=0.01%, 100=0.01%, 250=0.01%, 500=0.01%
  lat (usec)   : 750=0.01%, 1000=0.01%
  lat (msec)   : 2=0.01%, 4=0.01%, 10=84.61%, 20=4.58%, 50=5.62%
  lat (msec)   : 100=0.01%, 250=0.27%, 500=4.56%, 750=0.22%, 1000=0.11%
  lat (msec)   : 2000=0.02%
  cpu          : usr=9.51%, sys=29.43%, ctx=637303, majf=0, minf=1179
  IO depths    : 1=0.1%, 2=0.1%, 4=0.1%, 8=0.1%, 16=0.1%, 32=0.1%, >=64=100.0%
     submit    : 0=0.0%, 4=100.0%, 8=0.0%, 16=0.0%, 32=0.0%, 64=0.0%, >=64=0.0%
     complete  : 0=0.0%, 4=100.0%, 8=0.0%, 16=0.0%, 32=0.0%, 64=0.0%, >=64=0.1%
     issued rwts: total=12489294,0,0,0 short=0,0,0,0 dropped=0,0,0,0
     latency   : target=0, window=0, percentile=100.00%, depth=256

Run status group 0 (all jobs):
   READ: bw=163MiB/s (171MB/s), 163MiB/s-163MiB/s (171MB/s-171MB/s), io=47.6GiB (51.2GB), run=300009-300009msec
