test: (g=0): rw=read, bs=(R) 4096B-4096B, (W) 4096B-4096B, (T) 4096B-4096B, ioengine=libaio, iodepth=256
...
fio-3.27
Starting 16 processes
seq-read: Laying out IO file (1 file / 1024MiB)
seq-read: Laying out IO file (1 file / 1024MiB)
seq-read: Laying out IO file (1 file / 1024MiB)
seq-read: Laying out IO file (1 file / 1024MiB)
seq-read: Laying out IO file (1 file / 1024MiB)
seq-read: Laying out IO file (1 file / 1024MiB)
seq-read: Laying out IO file (1 file / 1024MiB)
seq-read: Laying out IO file (1 file / 1024MiB)

test: (groupid=0, jobs=16): err= 0: pid=208647: Tue Jul 20 14:45:33 2021
  read: IOPS=37.2k, BW=145MiB/s (152MB/s)(42.6GiB/300031msec)
    slat (usec): min=10, max=463906, avg=417.93, stdev=3207.52
    clat (usec): min=11, max=18838k, avg=109432.49, stdev=575653.71
     lat (usec): min=75, max=18899k, avg=109851.31, stdev=577790.70
    clat percentiles (msec):
     |  1.00th=[    5],  5.00th=[    5], 10.00th=[    5], 20.00th=[    5],
     | 30.00th=[    5], 40.00th=[    6], 50.00th=[    6], 60.00th=[    6],
     | 70.00th=[    6], 80.00th=[    6], 90.00th=[   26], 95.00th=[  927],
     | 99.00th=[ 2702], 99.50th=[ 3775], 99.90th=[ 7819], 99.95th=[ 9463],
     | 99.99th=[14697]
   bw (  KiB/s): min=  384, max=2121520, per=100.00%, avg=153972.86, stdev=24267.65, samples=9533
   iops        : min=   96, max=530380, avg=38493.02, stdev=6066.91, samples=9533
  lat (usec)   : 20=0.01%, 50=0.01%, 100=0.01%, 250=0.01%, 500=0.01%
  lat (usec)   : 750=0.01%, 1000=0.01%
  lat (msec)   : 2=0.01%, 4=0.01%, 10=82.49%, 20=6.18%, 50=5.47%
  lat (msec)   : 100=0.05%, 250=0.01%, 500=0.01%, 750=0.01%, 1000=1.98%
  lat (msec)   : 2000=2.39%, >=2000=1.40%
  cpu          : usr=2.19%, sys=7.14%, ctx=636478, majf=0, minf=4731
  IO depths    : 1=0.1%, 2=0.1%, 4=0.1%, 8=0.1%, 16=0.1%, 32=0.1%, >=64=100.0%
     submit    : 0=0.0%, 4=100.0%, 8=0.0%, 16=0.0%, 32=0.0%, 64=0.0%, >=64=0.0%
     complete  : 0=0.0%, 4=100.0%, 8=0.0%, 16=0.0%, 32=0.0%, 64=0.0%, >=64=0.1%
     issued rwts: total=11169838,0,0,0 short=0,0,0,0 dropped=0,0,0,0
     latency   : target=0, window=0, percentile=100.00%, depth=256

Run status group 0 (all jobs):
   READ: bw=145MiB/s (152MB/s), 145MiB/s-145MiB/s (152MB/s-152MB/s), io=42.6GiB (45.8GB), run=300031-300031msec
