test: (g=0): rw=randread, bs=(R) 4096B-4096B, (W) 4096B-4096B, (T) 4096B-4096B, ioengine=libaio, iodepth=256
...
fio-3.27
Starting 32 processes
rand-read: Laying out IO file (1 file / 1024MiB)
rand-read: Laying out IO file (1 file / 1024MiB)
rand-read: Laying out IO file (1 file / 1024MiB)
rand-read: Laying out IO file (1 file / 1024MiB)
rand-read: Laying out IO file (1 file / 1024MiB)
rand-read: Laying out IO file (1 file / 1024MiB)
rand-read: Laying out IO file (1 file / 1024MiB)
rand-read: Laying out IO file (1 file / 1024MiB)
rand-read: Laying out IO file (1 file / 1024MiB)
rand-read: Laying out IO file (1 file / 1024MiB)
rand-read: Laying out IO file (1 file / 1024MiB)
rand-read: Laying out IO file (1 file / 1024MiB)
rand-read: Laying out IO file (1 file / 1024MiB)
rand-read: Laying out IO file (1 file / 1024MiB)
rand-read: Laying out IO file (1 file / 1024MiB)
rand-read: Laying out IO file (1 file / 1024MiB)

test: (groupid=0, jobs=32): err= 0: pid=222996: Mon Jul 19 22:26:18 2021
  read: IOPS=590, BW=2361KiB/s (2417kB/s)(692MiB/300091msec)
    slat (msec): min=3, max=296, avg=54.18, stdev=16.04
    clat (usec): min=14, max=16963k, avg=13508918.91, stdev=2084730.33
     lat (msec): min=3, max=17057, avg=13563.10, stdev=2087.44
    clat percentiles (msec):
     |  1.00th=[ 2601],  5.00th=[11745], 10.00th=[12147], 20.00th=[12416],
     | 30.00th=[12684], 40.00th=[13758], 50.00th=[13892], 60.00th=[14160],
     | 70.00th=[14429], 80.00th=[14832], 90.00th=[15234], 95.00th=[15637],
     | 99.00th=[16174], 99.50th=[16308], 99.90th=[16711], 99.95th=[16845],
     | 99.99th=[16979]
   bw (  KiB/s): min= 1240, max= 2992, per=99.76%, avg=2355.66, stdev= 7.77, samples=18305
   iops        : min=  310, max=  748, avg=588.92, stdev= 1.94, samples=18305
  lat (usec)   : 20=0.01%, 50=0.01%
  lat (msec)   : 4=0.01%, 10=0.01%, 20=0.01%, 50=0.03%, 100=0.03%
  lat (msec)   : 250=0.09%, 500=0.12%, 750=0.10%, 1000=0.09%, 2000=0.33%
  lat (msec)   : >=2000=99.19%
  cpu          : usr=0.06%, sys=0.35%, ctx=177352, majf=0, minf=9444
  IO depths    : 1=0.1%, 2=0.1%, 4=0.1%, 8=0.1%, 16=0.3%, 32=0.6%, >=64=98.9%
     submit    : 0=0.0%, 4=100.0%, 8=0.0%, 16=0.0%, 32=0.0%, 64=0.0%, >=64=0.0%
     complete  : 0=0.0%, 4=100.0%, 8=0.0%, 16=0.0%, 32=0.0%, 64=0.0%, >=64=0.1%
     issued rwts: total=177103,0,0,0 short=0,0,0,0 dropped=0,0,0,0
     latency   : target=0, window=0, percentile=100.00%, depth=256

Run status group 0 (all jobs):
   READ: bw=2361KiB/s (2417kB/s), 2361KiB/s-2361KiB/s (2417kB/s-2417kB/s), io=692MiB (725MB), run=300091-300091msec
