test: (g=0): rw=randread, bs=(R) 4096B-4096B, (W) 4096B-4096B, (T) 4096B-4096B, ioengine=libaio, iodepth=256
...
fio-3.27
Starting 2 processes
rand-read: Laying out IO file (1 file / 1024MiB)

test: (groupid=0, jobs=2): err= 0: pid=153434: Tue Jul 20 11:10:51 2021
  read: IOPS=287, BW=1150KiB/s (1177kB/s)(337MiB/300012msec)
    slat (usec): min=445, max=470791, avg=6938.59, stdev=4809.04
    clat (usec): min=14, max=2527.8k, avg=1769213.85, stdev=114553.55
     lat (msec): min=9, max=2533, avg=1776.15, stdev=114.68
    clat percentiles (msec):
     |  1.00th=[ 1586],  5.00th=[ 1653], 10.00th=[ 1670], 20.00th=[ 1703],
     | 30.00th=[ 1737], 40.00th=[ 1754], 50.00th=[ 1770], 60.00th=[ 1787],
     | 70.00th=[ 1804], 80.00th=[ 1838], 90.00th=[ 1871], 95.00th=[ 1905],
     | 99.00th=[ 1972], 99.50th=[ 2039], 99.90th=[ 2467], 99.95th=[ 2500],
     | 99.99th=[ 2500]
   bw (  KiB/s): min=  472, max= 1417, per=99.94%, avg=1149.25, stdev=47.54, samples=1192
   iops        : min=  118, max=  354, avg=287.20, stdev=11.88, samples=1192
  lat (usec)   : 20=0.01%
  lat (msec)   : 10=0.01%, 20=0.01%, 50=0.01%, 100=0.02%, 250=0.05%
  lat (msec)   : 500=0.08%, 750=0.08%, 1000=0.09%, 2000=98.99%, >=2000=0.67%
  cpu          : usr=0.31%, sys=2.13%, ctx=86242, majf=0, minf=590
  IO depths    : 1=0.1%, 2=0.1%, 4=0.1%, 8=0.1%, 16=0.1%, 32=0.1%, >=64=99.9%
     submit    : 0=0.0%, 4=100.0%, 8=0.0%, 16=0.0%, 32=0.0%, 64=0.0%, >=64=0.0%
     complete  : 0=0.0%, 4=100.0%, 8=0.0%, 16=0.0%, 32=0.0%, 64=0.0%, >=64=0.1%
     issued rwts: total=86228,0,0,0 short=0,0,0,0 dropped=0,0,0,0
     latency   : target=0, window=0, percentile=100.00%, depth=256

Run status group 0 (all jobs):
   READ: bw=1150KiB/s (1177kB/s), 1150KiB/s-1150KiB/s (1177kB/s-1177kB/s), io=337MiB (353MB), run=300012-300012msec
