readwrite: (g=0): rw=rw, bs=(R) 4096B-4096B, (W) 4096B-4096B, (T) 4096B-4096B, ioengine=libaio, iodepth=256
fio-3.27
Starting 1 process
readwrite: Laying out IO file (1 file / 1024MiB)

readwrite: (groupid=0, jobs=1): err= 0: pid=44441: Wed Jul 21 18:22:16 2021
  read: IOPS=7846, BW=30.7MiB/s (32.1MB/s)(9196MiB/300001msec)
    slat (usec): min=7, max=109498, avg=34.57, stdev=386.76
    clat (usec): min=88, max=922455, avg=16253.38, stdev=23790.83
     lat (usec): min=99, max=922466, avg=16288.77, stdev=23864.12
    clat percentiles (msec):
     |  1.00th=[   12],  5.00th=[   13], 10.00th=[   13], 20.00th=[   13],
     | 30.00th=[   13], 40.00th=[   13], 50.00th=[   13], 60.00th=[   14],
     | 70.00th=[   14], 80.00th=[   14], 90.00th=[   14], 95.00th=[   24],
     | 99.00th=[  115], 99.50th=[  130], 99.90th=[  174], 99.95th=[  271],
     | 99.99th=[  911]
   bw (  KiB/s): min=   48, max=43024, per=100.00%, avg=31659.06, stdev=12425.12, samples=594
   iops        : min=   12, max=10756, avg=7914.75, stdev=3106.27, samples=594
  write: IOPS=7841, BW=30.6MiB/s (32.1MB/s)(9190MiB/300001msec); 0 zone resets
    slat (usec): min=67, max=4354, avg=71.37, stdev=13.30
    clat (usec): min=11, max=922452, avg=16254.61, stdev=23630.41
     lat (usec): min=81, max=922522, avg=16327.07, stdev=23631.70
    clat percentiles (msec):
     |  1.00th=[   12],  5.00th=[   13], 10.00th=[   13], 20.00th=[   13],
     | 30.00th=[   13], 40.00th=[   13], 50.00th=[   14], 60.00th=[   14],
     | 70.00th=[   14], 80.00th=[   14], 90.00th=[   14], 95.00th=[   24],
     | 99.00th=[  115], 99.50th=[  130], 99.90th=[  174], 99.95th=[  271],
     | 99.99th=[  911]
   bw (  KiB/s): min=   80, max=41496, per=100.00%, avg=31641.20, stdev=12396.02, samples=594
   iops        : min=   20, max=10374, avg=7910.27, stdev=3098.99, samples=594
  lat (usec)   : 20=0.01%, 100=0.01%, 250=0.01%, 500=0.01%, 750=0.01%
  lat (usec)   : 1000=0.01%
  lat (msec)   : 2=0.01%, 4=0.01%, 10=0.01%, 20=94.80%, 50=2.92%
  lat (msec)   : 100=0.65%, 250=1.57%, 500=0.01%, 750=0.01%, 1000=0.04%
  cpu          : usr=15.21%, sys=73.36%, ctx=51042, majf=0, minf=43
  IO depths    : 1=0.1%, 2=0.1%, 4=0.1%, 8=0.1%, 16=0.1%, 32=0.1%, >=64=100.0%
     submit    : 0=0.0%, 4=100.0%, 8=0.0%, 16=0.0%, 32=0.0%, 64=0.0%, >=64=0.0%
     complete  : 0=0.0%, 4=100.0%, 8=0.0%, 16=0.0%, 32=0.0%, 64=0.0%, >=64=0.1%
     issued rwts: total=2354067,2352514,0,0 short=0,0,0,0 dropped=0,0,0,0
     latency   : target=0, window=0, percentile=100.00%, depth=256

Run status group 0 (all jobs):
   READ: bw=30.7MiB/s (32.1MB/s), 30.7MiB/s-30.7MiB/s (32.1MB/s-32.1MB/s), io=9196MiB (9642MB), run=300001-300001msec
  WRITE: bw=30.6MiB/s (32.1MB/s), 30.6MiB/s-30.6MiB/s (32.1MB/s-32.1MB/s), io=9190MiB (9636MB), run=300001-300001msec
