readwrite: (g=0): rw=rw, bs=(R) 4096B-4096B, (W) 4096B-4096B, (T) 4096B-4096B, ioengine=libaio, iodepth=256
...
fio-3.27
Starting 16 processes
readwrite: Laying out IO file (1 file / 1024MiB)
readwrite: Laying out IO file (1 file / 1024MiB)
readwrite: Laying out IO file (1 file / 1024MiB)
readwrite: Laying out IO file (1 file / 1024MiB)
readwrite: Laying out IO file (1 file / 1024MiB)
readwrite: Laying out IO file (1 file / 1024MiB)
readwrite: Laying out IO file (1 file / 1024MiB)
readwrite: Laying out IO file (1 file / 1024MiB)

readwrite: (groupid=0, jobs=16): err= 0: pid=214217: Wed Jul 21 18:48:41 2021
  read: IOPS=24.2k, BW=94.7MiB/s (99.3MB/s)(27.8GiB/300219msec)
    slat (usec): min=7, max=1374.9k, avg=558.79, stdev=8936.95
    clat (usec): min=10, max=34622k, avg=84612.99, stdev=882822.85
     lat (usec): min=19, max=34660k, avg=85172.51, stdev=889192.23
    clat percentiles (msec):
     |  1.00th=[   12],  5.00th=[   13], 10.00th=[   13], 20.00th=[   14],
     | 30.00th=[   14], 40.00th=[   14], 50.00th=[   14], 60.00th=[   14],
     | 70.00th=[   15], 80.00th=[   15], 90.00th=[   16], 95.00th=[   19],
     | 99.00th=[ 1217], 99.50th=[ 5067], 99.90th=[14295], 99.95th=[17113],
     | 99.99th=[17113]
   bw (  KiB/s): min=  128, max=524578, per=100.00%, avg=100913.62, stdev=11538.41, samples=9199
   iops        : min=   32, max=131143, avg=25228.14, stdev=2884.57, samples=9199
  write: IOPS=24.2k, BW=94.7MiB/s (99.3MB/s)(27.8GiB/300219msec); 0 zone resets
    slat (usec): min=68, max=342760, avg=79.99, stdev=159.34
    clat (usec): min=11, max=34652k, avg=83532.64, stdev=878468.74
     lat (usec): min=91, max=34652k, avg=83613.72, stdev=878470.84
    clat percentiles (msec):
     |  1.00th=[   12],  5.00th=[   13], 10.00th=[   13], 20.00th=[   14],
     | 30.00th=[   14], 40.00th=[   14], 50.00th=[   14], 60.00th=[   14],
     | 70.00th=[   15], 80.00th=[   15], 90.00th=[   16], 95.00th=[   19],
     | 99.00th=[ 1053], 99.50th=[ 5000], 99.90th=[14160], 99.95th=[17113],
     | 99.99th=[17113]
   bw (  KiB/s): min=  128, max=522855, per=100.00%, avg=100837.82, stdev=11551.48, samples=9184
   iops        : min=   32, max=130712, avg=25209.15, stdev=2887.84, samples=9184
  lat (usec)   : 20=0.01%, 50=0.01%, 100=0.01%, 250=0.01%, 500=0.01%
  lat (usec)   : 750=0.01%, 1000=0.01%
  lat (msec)   : 2=0.01%, 4=0.01%, 10=0.01%, 20=97.38%, 50=1.31%
  lat (msec)   : 100=0.10%, 250=0.05%, 500=0.05%, 750=0.03%, 1000=0.06%
  lat (msec)   : 2000=0.13%, >=2000=0.89%
  cpu          : usr=2.88%, sys=14.61%, ctx=72892, majf=0, minf=712
  IO depths    : 1=0.1%, 2=0.1%, 4=0.1%, 8=0.1%, 16=0.1%, 32=0.1%, >=64=100.0%
     submit    : 0=0.0%, 4=100.0%, 8=0.0%, 16=0.0%, 32=0.0%, 64=0.0%, >=64=0.0%
     complete  : 0=0.0%, 4=100.0%, 8=0.0%, 16=0.0%, 32=0.0%, 64=0.0%, >=64=0.1%
     issued rwts: total=7279339,7278289,0,0 short=0,0,0,0 dropped=0,0,0,0
     latency   : target=0, window=0, percentile=100.00%, depth=256

Run status group 0 (all jobs):
   READ: bw=94.7MiB/s (99.3MB/s), 94.7MiB/s-94.7MiB/s (99.3MB/s-99.3MB/s), io=27.8GiB (29.8GB), run=300219-300219msec
  WRITE: bw=94.7MiB/s (99.3MB/s), 94.7MiB/s-94.7MiB/s (99.3MB/s-99.3MB/s), io=27.8GiB (29.8GB), run=300219-300219msec
