test: (g=0): rw=randread, bs=(R) 4096B-4096B, (W) 4096B-4096B, (T) 4096B-4096B, ioengine=libaio, iodepth=256
...
fio-3.27
Starting 4 processes
rand-read: Laying out IO file (1 file / 1024MiB)
rand-read: Laying out IO file (1 file / 1024MiB)

test: (groupid=0, jobs=4): err= 0: pid=128745: Tue Jul 20 10:17:11 2021
  read: IOPS=536, BW=2147KiB/s (2198kB/s)(629MiB/300010msec)
    slat (usec): min=459, max=85901, avg=7429.21, stdev=5028.68
    clat (usec): min=12, max=2195.6k, avg=1894653.42, stdev=120462.58
     lat (msec): min=8, max=2202, avg=1902.09, stdev=120.57
    clat percentiles (msec):
     |  1.00th=[ 1687],  5.00th=[ 1754], 10.00th=[ 1787], 20.00th=[ 1821],
     | 30.00th=[ 1854], 40.00th=[ 1871], 50.00th=[ 1905], 60.00th=[ 1921],
     | 70.00th=[ 1938], 80.00th=[ 1972], 90.00th=[ 2005], 95.00th=[ 2039],
     | 99.00th=[ 2106], 99.50th=[ 2123], 99.90th=[ 2165], 99.95th=[ 2165],
     | 99.99th=[ 2198]
   bw (  KiB/s): min=  616, max= 2696, per=99.92%, avg=2145.60, stdev=48.18, samples=2384
   iops        : min=  154, max=  674, avg=536.40, stdev=12.04, samples=2384
  lat (usec)   : 20=0.01%
  lat (msec)   : 10=0.01%, 20=0.01%, 50=0.01%, 100=0.02%, 250=0.04%
  lat (msec)   : 500=0.09%, 750=0.07%, 1000=0.09%, 2000=87.58%, >=2000=12.10%
  cpu          : usr=0.35%, sys=2.31%, ctx=161060, majf=0, minf=1179
  IO depths    : 1=0.1%, 2=0.1%, 4=0.1%, 8=0.1%, 16=0.1%, 32=0.1%, >=64=99.8%
     submit    : 0=0.0%, 4=100.0%, 8=0.0%, 16=0.0%, 32=0.0%, 64=0.0%, >=64=0.0%
     complete  : 0=0.0%, 4=100.0%, 8=0.0%, 16=0.0%, 32=0.0%, 64=0.0%, >=64=0.1%
     issued rwts: total=161014,0,0,0 short=0,0,0,0 dropped=0,0,0,0
     latency   : target=0, window=0, percentile=100.00%, depth=256

Run status group 0 (all jobs):
   READ: bw=2147KiB/s (2198kB/s), 2147KiB/s-2147KiB/s (2198kB/s-2198kB/s), io=629MiB (660MB), run=300010-300010msec
