test: (g=0): rw=randread, bs=(R) 4096B-4096B, (W) 4096B-4096B, (T) 4096B-4096B, ioengine=libaio, iodepth=256
...
fio-3.27
Starting 4 processes
rand-read: Laying out IO file (1 file / 1024MiB)
rand-read: Laying out IO file (1 file / 1024MiB)

test: (groupid=0, jobs=4): err= 0: pid=163008: Tue Jul 20 11:16:42 2021
  read: IOPS=447, BW=1792KiB/s (1835kB/s)(525MiB/300010msec)
    slat (usec): min=468, max=107928, avg=8908.41, stdev=6539.83
    clat (usec): min=15, max=2711.9k, avg=2268794.10, stdev=161821.18
     lat (msec): min=5, max=2727, avg=2277.71, stdev=162.00
    clat percentiles (msec):
     |  1.00th=[ 2005],  5.00th=[ 2089], 10.00th=[ 2140], 20.00th=[ 2165],
     | 30.00th=[ 2198], 40.00th=[ 2232], 50.00th=[ 2265], 60.00th=[ 2299],
     | 70.00th=[ 2333], 80.00th=[ 2366], 90.00th=[ 2433], 95.00th=[ 2467],
     | 99.00th=[ 2567], 99.50th=[ 2601], 99.90th=[ 2668], 99.95th=[ 2668],
     | 99.99th=[ 2702]
   bw (  KiB/s): min=  832, max= 2312, per=99.97%, avg=1791.14, stdev=45.35, samples=2380
   iops        : min=  208, max=  578, avg=447.79, stdev=11.34, samples=2380
  lat (usec)   : 20=0.01%, 50=0.01%
  lat (msec)   : 10=0.01%, 20=0.01%, 50=0.01%, 100=0.01%, 250=0.05%
  lat (msec)   : 500=0.08%, 750=0.09%, 1000=0.08%, 2000=0.59%, >=2000=99.08%
  cpu          : usr=0.29%, sys=1.83%, ctx=134413, majf=0, minf=1182
  IO depths    : 1=0.1%, 2=0.1%, 4=0.1%, 8=0.1%, 16=0.1%, 32=0.1%, >=64=99.8%
     submit    : 0=0.0%, 4=100.0%, 8=0.0%, 16=0.0%, 32=0.0%, 64=0.0%, >=64=0.0%
     complete  : 0=0.0%, 4=100.0%, 8=0.0%, 16=0.0%, 32=0.0%, 64=0.0%, >=64=0.1%
     issued rwts: total=134369,0,0,0 short=0,0,0,0 dropped=0,0,0,0
     latency   : target=0, window=0, percentile=100.00%, depth=256

Run status group 0 (all jobs):
   READ: bw=1792KiB/s (1835kB/s), 1792KiB/s-1792KiB/s (1835kB/s-1835kB/s), io=525MiB (550MB), run=300010-300010msec
