readwrite: (g=0): rw=rw, bs=(R) 4096B-4096B, (W) 4096B-4096B, (T) 4096B-4096B, ioengine=libaio, iodepth=256
fio-3.27
Starting 1 process

readwrite: (groupid=0, jobs=1): err= 0: pid=47684: Wed Jul 21 16:29:51 2021
  read: IOPS=1665, BW=6661KiB/s (6821kB/s)(1951MiB/300001msec)
    slat (usec): min=7, max=293736, avg=497.26, stdev=4294.52
    clat (usec): min=92, max=4036.1k, avg=76742.93, stdev=306834.49
     lat (usec): min=146, max=4046.5k, avg=77241.20, stdev=308982.32
    clat percentiles (msec):
     |  1.00th=[   12],  5.00th=[   13], 10.00th=[   13], 20.00th=[   14],
     | 30.00th=[   14], 40.00th=[   15], 50.00th=[   19], 60.00th=[   19],
     | 70.00th=[   19], 80.00th=[   20], 90.00th=[   35], 95.00th=[  197],
     | 99.00th=[ 1787], 99.50th=[ 2333], 99.90th=[ 3272], 99.95th=[ 3507],
     | 99.99th=[ 3742]
   bw (  KiB/s): min=   16, max=40656, per=100.00%, avg=6676.40, stdev=11627.08, samples=596
   iops        : min=    4, max=10164, avg=1669.10, stdev=2906.78, samples=596
  write: IOPS=1662, BW=6650KiB/s (6809kB/s)(1948MiB/300001msec); 0 zone resets
    slat (usec): min=68, max=893327, avg=83.26, stdev=1409.02
    clat (usec): min=11, max=4028.2k, avg=76172.92, stdev=303696.98
     lat (usec): min=83, max=4028.3k, avg=76257.28, stdev=303710.02
    clat percentiles (msec):
     |  1.00th=[   12],  5.00th=[   13], 10.00th=[   13], 20.00th=[   14],
     | 30.00th=[   14], 40.00th=[   15], 50.00th=[   19], 60.00th=[   19],
     | 70.00th=[   19], 80.00th=[   20], 90.00th=[   35], 95.00th=[  199],
     | 99.00th=[ 1754], 99.50th=[ 2333], 99.90th=[ 3239], 99.95th=[ 3473],
     | 99.99th=[ 3675]
   bw (  KiB/s): min=    8, max=41024, per=100.00%, avg=6665.28, stdev=11618.96, samples=596
   iops        : min=    2, max=10256, avg=1666.32, stdev=2904.74, samples=596
  lat (usec)   : 20=0.01%, 100=0.01%, 250=0.01%, 500=0.01%, 750=0.01%
  lat (usec)   : 1000=0.01%
  lat (msec)   : 2=0.01%, 4=0.01%, 10=0.01%, 20=86.64%, 50=4.21%
  lat (msec)   : 100=1.42%, 250=3.33%, 500=0.83%, 750=0.59%, 1000=0.52%
  lat (msec)   : 2000=1.72%, >=2000=0.73%
  cpu          : usr=3.49%, sys=20.18%, ctx=32711, majf=0, minf=44
  IO depths    : 1=0.1%, 2=0.1%, 4=0.1%, 8=0.1%, 16=0.1%, 32=0.1%, >=64=100.0%
     submit    : 0=0.0%, 4=100.0%, 8=0.0%, 16=0.0%, 32=0.0%, 64=0.0%, >=64=0.0%
     complete  : 0=0.0%, 4=100.0%, 8=0.0%, 16=0.0%, 32=0.0%, 64=0.0%, >=64=0.1%
     issued rwts: total=499558,498737,0,0 short=0,0,0,0 dropped=0,0,0,0
     latency   : target=0, window=0, percentile=100.00%, depth=256

Run status group 0 (all jobs):
   READ: bw=6661KiB/s (6821kB/s), 6661KiB/s-6661KiB/s (6821kB/s-6821kB/s), io=1951MiB (2046MB), run=300001-300001msec
  WRITE: bw=6650KiB/s (6809kB/s), 6650KiB/s-6650KiB/s (6809kB/s-6809kB/s), io=1948MiB (2043MB), run=300001-300001msec
