test: (g=0): rw=read, bs=(R) 4096B-4096B, (W) 4096B-4096B, (T) 4096B-4096B, ioengine=libaio, iodepth=256
fio-3.27
Starting 1 process
test: Laying out IO file (1 file / 1024MiB)

test: (groupid=0, jobs=1): err= 0: pid=231305: Tue Jul 20 14:19:01 2021
  read: IOPS=15.9k, BW=62.1MiB/s (65.1MB/s)(18.2GiB/300001msec)
    slat (usec): min=10, max=183807, avg=51.61, stdev=937.32
    clat (usec): min=13, max=4123.5k, avg=16043.75, stdev=107359.11
     lat (usec): min=492, max=4133.4k, avg=16096.17, stdev=107725.43
    clat percentiles (msec):
     |  1.00th=[    5],  5.00th=[    5], 10.00th=[    5], 20.00th=[    5],
     | 30.00th=[    5], 40.00th=[    6], 50.00th=[    6], 60.00th=[    6],
     | 70.00th=[    6], 80.00th=[    6], 90.00th=[   16], 95.00th=[   26],
     | 99.00th=[  171], 99.50th=[  852], 99.90th=[ 1620], 99.95th=[ 2072],
     | 99.99th=[ 2869]
   bw (  KiB/s): min=   48, max=163840, per=100.00%, avg=65300.58, stdev=75575.92, samples=584
   iops        : min=   12, max=40960, avg=16325.15, stdev=18894.02, samples=584
  lat (usec)   : 20=0.01%, 750=0.01%
  lat (msec)   : 2=0.01%, 4=0.01%, 10=88.03%, 20=5.03%, 50=5.82%
  lat (msec)   : 100=0.05%, 250=0.12%, 500=0.18%, 750=0.21%, 1000=0.20%
  lat (msec)   : 2000=0.30%, >=2000=0.06%
  cpu          : usr=13.37%, sys=36.28%, ctx=46615, majf=0, minf=295
  IO depths    : 1=0.1%, 2=0.1%, 4=0.1%, 8=0.1%, 16=0.1%, 32=0.1%, >=64=100.0%
     submit    : 0=0.0%, 4=100.0%, 8=0.0%, 16=0.0%, 32=0.0%, 64=0.0%, >=64=0.0%
     complete  : 0=0.0%, 4=100.0%, 8=0.0%, 16=0.0%, 32=0.0%, 64=0.0%, >=64=0.1%
     issued rwts: total=4767451,0,0,0 short=0,0,0,0 dropped=0,0,0,0
     latency   : target=0, window=0, percentile=100.00%, depth=256

Run status group 0 (all jobs):
   READ: bw=62.1MiB/s (65.1MB/s), 62.1MiB/s-62.1MiB/s (65.1MB/s-65.1MB/s), io=18.2GiB (19.5GB), run=300001-300001msec
