readwrite: (g=0): rw=rw, bs=(R) 4096B-4096B, (W) 4096B-4096B, (T) 4096B-4096B, ioengine=libaio, iodepth=256
fio-3.27
Starting 1 process
readwrite: Laying out IO file (1 file / 1024MiB)

readwrite: (groupid=0, jobs=1): err= 0: pid=36291: Wed Jul 21 16:41:13 2021
  read: IOPS=1883, BW=7535KiB/s (7716kB/s)(2208MiB/300001msec)
    slat (usec): min=7, max=316021, avg=434.55, stdev=4552.13
    clat (usec): min=250, max=8239.9k, avg=68207.74, stdev=378021.40
     lat (usec): min=262, max=8281.9k, avg=68643.20, stdev=380790.91
    clat percentiles (msec):
     |  1.00th=[   12],  5.00th=[   13], 10.00th=[   13], 20.00th=[   13],
     | 30.00th=[   13], 40.00th=[   14], 50.00th=[   14], 60.00th=[   14],
     | 70.00th=[   14], 80.00th=[   15], 90.00th=[   35], 95.00th=[  120],
     | 99.00th=[ 1754], 99.50th=[ 2836], 99.90th=[ 5269], 99.95th=[ 6074],
     | 99.99th=[ 7886]
   bw (  KiB/s): min=    8, max=40937, per=100.00%, avg=7546.93, stdev=13989.79, samples=596
   iops        : min=    2, max=10234, avg=1886.71, stdev=3497.42, samples=596
  write: IOPS=1880, BW=7524KiB/s (7705kB/s)(2204MiB/300001msec); 0 zone resets
    slat (usec): min=68, max=2810, avg=74.12, stdev=15.92
    clat (usec): min=12, max=8261.5k, avg=67157.33, stdev=374008.07
     lat (usec): min=82, max=8261.6k, avg=67232.57, stdev=374010.68
    clat percentiles (msec):
     |  1.00th=[   12],  5.00th=[   13], 10.00th=[   13], 20.00th=[   13],
     | 30.00th=[   13], 40.00th=[   14], 50.00th=[   14], 60.00th=[   14],
     | 70.00th=[   14], 80.00th=[   15], 90.00th=[   35], 95.00th=[  121],
     | 99.00th=[ 1703], 99.50th=[ 2769], 99.90th=[ 5336], 99.95th=[ 6208],
     | 99.99th=[ 7819]
   bw (  KiB/s): min=    8, max=41040, per=99.97%, avg=7522.38, stdev=13958.04, samples=597
   iops        : min=    2, max=10260, avg=1880.57, stdev=3489.48, samples=597
  lat (usec)   : 20=0.01%, 100=0.01%, 250=0.01%, 500=0.01%, 750=0.01%
  lat (usec)   : 1000=0.01%
  lat (msec)   : 2=0.01%, 4=0.01%, 10=0.01%, 20=87.69%, 50=3.08%
  lat (msec)   : 100=2.44%, 250=4.41%, 500=0.13%, 750=0.18%, 1000=0.31%
  lat (msec)   : 2000=0.92%, >=2000=0.81%
  cpu          : usr=3.87%, sys=19.55%, ctx=50665, majf=0, minf=43
  IO depths    : 1=0.1%, 2=0.1%, 4=0.1%, 8=0.1%, 16=0.1%, 32=0.1%, >=64=100.0%
     submit    : 0=0.0%, 4=100.0%, 8=0.0%, 16=0.0%, 32=0.0%, 64=0.0%, >=64=0.0%
     complete  : 0=0.0%, 4=100.0%, 8=0.0%, 16=0.0%, 32=0.0%, 64=0.0%, >=64=0.1%
     issued rwts: total=565164,564299,0,0 short=0,0,0,0 dropped=0,0,0,0
     latency   : target=0, window=0, percentile=100.00%, depth=256

Run status group 0 (all jobs):
   READ: bw=7535KiB/s (7716kB/s), 7535KiB/s-7535KiB/s (7716kB/s-7716kB/s), io=2208MiB (2315MB), run=300001-300001msec
  WRITE: bw=7524KiB/s (7705kB/s), 7524KiB/s-7524KiB/s (7705kB/s-7705kB/s), io=2204MiB (2311MB), run=300001-300001msec
