test: (g=0): rw=randread, bs=(R) 4096B-4096B, (W) 4096B-4096B, (T) 4096B-4096B, ioengine=libaio, iodepth=256
...
fio-3.27
Starting 16 processes
rand-read: Laying out IO file (1 file / 1024MiB)
rand-read: Laying out IO file (1 file / 1024MiB)
rand-read: Laying out IO file (1 file / 1024MiB)
rand-read: Laying out IO file (1 file / 1024MiB)
rand-read: Laying out IO file (1 file / 1024MiB)
rand-read: Laying out IO file (1 file / 1024MiB)
rand-read: Laying out IO file (1 file / 1024MiB)
rand-read: Laying out IO file (1 file / 1024MiB)

test: (groupid=0, jobs=16): err= 0: pid=169563: Tue Jul 20 11:31:17 2021
  read: IOPS=566, BW=2268KiB/s (2322kB/s)(665MiB/300047msec)
    slat (usec): min=501, max=344204, avg=28191.29, stdev=15111.87
    clat (usec): min=13, max=9270.9k, avg=7107033.40, stdev=915035.84
     lat (msec): min=2, max=9334, avg=7135.23, stdev=916.71
    clat percentiles (msec):
     |  1.00th=[ 1754],  5.00th=[ 6141], 10.00th=[ 6544], 20.00th=[ 6879],
     | 30.00th=[ 7013], 40.00th=[ 7080], 50.00th=[ 7215], 60.00th=[ 7282],
     | 70.00th=[ 7416], 80.00th=[ 7550], 90.00th=[ 7819], 95.00th=[ 8087],
     | 99.00th=[ 8658], 99.50th=[ 8792], 99.90th=[ 9060], 99.95th=[ 9060],
     | 99.99th=[ 9194]
   bw (  KiB/s): min= 1096, max= 3640, per=99.70%, avg=2261.27, stdev=19.91, samples=9354
   iops        : min=  274, max=  910, avg=565.32, stdev= 4.98, samples=9354
  lat (usec)   : 20=0.01%, 50=0.01%
  lat (msec)   : 4=0.01%, 10=0.01%, 20=0.01%, 50=0.03%, 100=0.06%
  lat (msec)   : 250=0.18%, 500=0.24%, 750=0.13%, 1000=0.09%, 2000=0.32%
  lat (msec)   : >=2000=98.93%
  cpu          : usr=0.11%, sys=0.64%, ctx=170252, majf=0, minf=4725
  IO depths    : 1=0.1%, 2=0.1%, 4=0.1%, 8=0.1%, 16=0.2%, 32=0.3%, >=64=99.4%
     submit    : 0=0.0%, 4=100.0%, 8=0.0%, 16=0.0%, 32=0.0%, 64=0.0%, >=64=0.0%
     complete  : 0=0.0%, 4=100.0%, 8=0.0%, 16=0.0%, 32=0.0%, 64=0.0%, >=64=0.1%
     issued rwts: total=170118,0,0,0 short=0,0,0,0 dropped=0,0,0,0
     latency   : target=0, window=0, percentile=100.00%, depth=256

Run status group 0 (all jobs):
   READ: bw=2268KiB/s (2322kB/s), 2268KiB/s-2268KiB/s (2322kB/s-2322kB/s), io=665MiB (697MB), run=300047-300047msec
