readwrite: (g=0): rw=rw, bs=(R) 4096B-4096B, (W) 4096B-4096B, (T) 4096B-4096B, ioengine=libaio, iodepth=256
...
fio-3.27
Starting 4 processes
readwrite: Laying out IO file (1 file / 1024MiB)
readwrite: Laying out IO file (1 file / 1024MiB)

readwrite: (groupid=0, jobs=4): err= 0: pid=55061: Wed Jul 21 18:33:38 2021
  read: IOPS=22.6k, BW=88.5MiB/s (92.8MB/s)(25.9GiB/300015msec)
    slat (usec): min=7, max=280181, avg=80.72, stdev=1243.97
    clat (usec): min=13, max=4152.0k, avg=22527.18, stdev=83051.69
     lat (usec): min=103, max=4157.4k, avg=22608.69, stdev=83630.25
    clat percentiles (msec):
     |  1.00th=[   12],  5.00th=[   13], 10.00th=[   13], 20.00th=[   13],
     | 30.00th=[   13], 40.00th=[   14], 50.00th=[   14], 60.00th=[   14],
     | 70.00th=[   14], 80.00th=[   14], 90.00th=[   15], 95.00th=[   19],
     | 99.00th=[  347], 99.50th=[  550], 99.90th=[ 1250], 99.95th=[ 1569],
     | 99.99th=[ 2123]
   bw (  KiB/s): min=  360, max=164664, per=100.00%, avg=91464.46, stdev=12584.55, samples=2380
   iops        : min=   90, max=41166, avg=22866.09, stdev=3146.13, samples=2380
  write: IOPS=22.6k, BW=88.4MiB/s (92.7MB/s)(25.9GiB/300015msec); 0 zone resets
    slat (usec): min=68, max=90848, avg=74.19, stdev=38.87
    clat (usec): min=11, max=4157.3k, avg=22533.96, stdev=83277.60
     lat (usec): min=82, max=4157.4k, avg=22609.25, stdev=83279.52
    clat percentiles (msec):
     |  1.00th=[   12],  5.00th=[   13], 10.00th=[   13], 20.00th=[   13],
     | 30.00th=[   13], 40.00th=[   14], 50.00th=[   14], 60.00th=[   14],
     | 70.00th=[   14], 80.00th=[   14], 90.00th=[   15], 95.00th=[   19],
     | 99.00th=[  347], 99.50th=[  550], 99.90th=[ 1267], 99.95th=[ 1569],
     | 99.99th=[ 2165]
   bw (  KiB/s): min=  112, max=163328, per=100.00%, avg=91327.53, stdev=12591.72, samples=2381
   iops        : min=   28, max=40832, avg=22831.85, stdev=3147.92, samples=2381
  lat (usec)   : 20=0.01%, 50=0.01%, 100=0.01%, 250=0.01%, 500=0.01%
  lat (usec)   : 750=0.01%, 1000=0.01%
  lat (msec)   : 2=0.01%, 4=0.01%, 10=0.01%, 20=95.89%, 50=2.37%
  lat (msec)   : 100=0.07%, 250=0.23%, 500=0.87%, 750=0.23%, 1000=0.15%
  lat (msec)   : 2000=0.17%, >=2000=0.01%
  cpu          : usr=10.93%, sys=54.03%, ctx=106178, majf=0, minf=176
  IO depths    : 1=0.1%, 2=0.1%, 4=0.1%, 8=0.1%, 16=0.1%, 32=0.1%, >=64=100.0%
     submit    : 0=0.0%, 4=100.0%, 8=0.0%, 16=0.0%, 32=0.0%, 64=0.0%, >=64=0.0%
     complete  : 0=0.0%, 4=100.0%, 8=0.0%, 16=0.0%, 32=0.0%, 64=0.0%, >=64=0.1%
     issued rwts: total=6793957,6788399,0,0 short=0,0,0,0 dropped=0,0,0,0
     latency   : target=0, window=0, percentile=100.00%, depth=256

Run status group 0 (all jobs):
   READ: bw=88.5MiB/s (92.8MB/s), 88.5MiB/s-88.5MiB/s (92.8MB/s-92.8MB/s), io=25.9GiB (27.8GB), run=300015-300015msec
  WRITE: bw=88.4MiB/s (92.7MB/s), 88.4MiB/s-88.4MiB/s (92.7MB/s-92.7MB/s), io=25.9GiB (27.8GB), run=300015-300015msec
