test: (g=0): rw=randread, bs=(R) 4096B-4096B, (W) 4096B-4096B, (T) 4096B-4096B, ioengine=libaio, iodepth=256
...
fio-3.27
Starting 32 processes
rand-read: Laying out IO file (1 file / 1024MiB)
rand-read: Laying out IO file (1 file / 1024MiB)
rand-read: Laying out IO file (1 file / 1024MiB)
rand-read: Laying out IO file (1 file / 1024MiB)
rand-read: Laying out IO file (1 file / 1024MiB)
rand-read: Laying out IO file (1 file / 1024MiB)
rand-read: Laying out IO file (1 file / 1024MiB)
rand-read: Laying out IO file (1 file / 1024MiB)
rand-read: Laying out IO file (1 file / 1024MiB)
rand-read: Laying out IO file (1 file / 1024MiB)
rand-read: Laying out IO file (1 file / 1024MiB)
rand-read: Laying out IO file (1 file / 1024MiB)
rand-read: Laying out IO file (1 file / 1024MiB)
rand-read: Laying out IO file (1 file / 1024MiB)
rand-read: Laying out IO file (1 file / 1024MiB)
rand-read: Laying out IO file (1 file / 1024MiB)

test: (groupid=0, jobs=32): err= 0: pid=148716: Tue Jul 20 11:42:03 2021
  read: IOPS=442, BW=1768KiB/s (1811kB/s)(518MiB/300112msec)
    slat (msec): min=5, max=432, avg=72.34, stdev=25.85
    clat (usec): min=15, max=32779k, avg=18001268.16, stdev=4821542.12
     lat (msec): min=23, max=32907, avg=18073.61, stdev=4834.50
    clat percentiles (msec):
     |  1.00th=[ 3171],  5.00th=[14026], 10.00th=[14295], 20.00th=[14832],
     | 30.00th=[15100], 40.00th=[15771], 50.00th=[16845], 60.00th=[17113],
     | 70.00th=[17113], 80.00th=[17113], 90.00th=[17113], 95.00th=[17113],
     | 99.00th=[17113], 99.50th=[17113], 99.90th=[17113], 99.95th=[17113],
     | 99.99th=[17113]
   bw (  KiB/s): min=  824, max= 2480, per=98.80%, avg=1747.13, stdev= 7.80, samples=18206
   iops        : min=  206, max=  620, avg=436.78, stdev= 1.95, samples=18206
  lat (usec)   : 20=0.01%, 50=0.02%
  lat (msec)   : 50=0.01%, 100=0.02%, 250=0.06%, 500=0.08%, 750=0.08%
  lat (msec)   : 1000=0.08%, 2000=0.30%, >=2000=99.36%
  cpu          : usr=0.04%, sys=0.27%, ctx=132914, majf=0, minf=9443
  IO depths    : 1=0.1%, 2=0.1%, 4=0.1%, 8=0.2%, 16=0.4%, 32=0.8%, >=64=98.5%
     submit    : 0=0.0%, 4=100.0%, 8=0.0%, 16=0.0%, 32=0.0%, 64=0.0%, >=64=0.0%
     complete  : 0=0.0%, 4=100.0%, 8=0.0%, 16=0.0%, 32=0.0%, 64=0.0%, >=64=0.1%
     issued rwts: total=132669,0,0,0 short=0,0,0,0 dropped=0,0,0,0
     latency   : target=0, window=0, percentile=100.00%, depth=256

Run status group 0 (all jobs):
   READ: bw=1768KiB/s (1811kB/s), 1768KiB/s-1768KiB/s (1811kB/s-1811kB/s), io=518MiB (543MB), run=300112-300112msec
