test: (g=0): rw=read, bs=(R) 4096B-4096B, (W) 4096B-4096B, (T) 4096B-4096B, ioengine=libaio, iodepth=256
...
fio-3.27
Starting 16 processes

test: (groupid=0, jobs=16): err= 0: pid=236252: Fri Jul 16 03:45:24 2021
  read: IOPS=51.7k, BW=202MiB/s (212MB/s)(59.2GiB/300003msec)
    slat (usec): min=10, max=121326, avg=296.04, stdev=954.66
    clat (usec): min=11, max=1152.1k, avg=78787.27, stdev=148391.66
     lat (usec): min=24, max=1160.3k, avg=79084.40, stdev=148948.95
    clat percentiles (msec):
     |  1.00th=[    5],  5.00th=[    6], 10.00th=[    6], 20.00th=[    6],
     | 30.00th=[    6], 40.00th=[    6], 50.00th=[    6], 60.00th=[    6],
     | 70.00th=[    6], 80.00th=[  226], 90.00th=[  347], 95.00th=[  397],
     | 99.00th=[  518], 99.50th=[  575], 99.90th=[  894], 99.95th=[  953],
     | 99.99th=[ 1020]
   bw (  KiB/s): min=10270, max=1415146, per=100.00%, avg=212954.14, stdev=21335.22, samples=9542
   iops        : min= 2567, max=353786, avg=53238.47, stdev=5333.80, samples=9542
  lat (usec)   : 20=0.01%, 50=0.01%, 100=0.01%, 250=0.01%, 500=0.01%
  lat (usec)   : 750=0.01%, 1000=0.01%
  lat (msec)   : 2=0.01%, 4=0.01%, 10=70.34%, 20=4.73%, 50=4.68%
  lat (msec)   : 100=0.02%, 250=0.90%, 500=18.03%, 750=1.15%, 1000=0.13%
  lat (msec)   : 2000=0.01%
  cpu          : usr=3.61%, sys=15.39%, ctx=3128496, majf=0, minf=4719
  IO depths    : 1=0.1%, 2=0.1%, 4=0.1%, 8=0.1%, 16=0.1%, 32=0.1%, >=64=100.0%
     submit    : 0=0.0%, 4=100.0%, 8=0.0%, 16=0.0%, 32=0.0%, 64=0.0%, >=64=0.0%
     complete  : 0=0.0%, 4=100.0%, 8=0.0%, 16=0.0%, 32=0.0%, 64=0.0%, >=64=0.1%
     issued rwts: total=15524535,0,0,0 short=0,0,0,0 dropped=0,0,0,0
     latency   : target=0, window=0, percentile=100.00%, depth=256

Run status group 0 (all jobs):
   READ: bw=202MiB/s (212MB/s), 202MiB/s-202MiB/s (212MB/s-212MB/s), io=59.2GiB (63.6GB), run=300003-300003msec
