test: (g=0): rw=randread, bs=(R) 4096B-4096B, (W) 4096B-4096B, (T) 4096B-4096B, ioengine=libaio, iodepth=256
fio-3.27
Starting 1 process
test: Laying out IO file (1 file / 1024MiB)

test: (groupid=0, jobs=1): err= 0: pid=131218: Tue Jul 20 10:05:39 2021
  read: IOPS=193, BW=772KiB/s (791kB/s)(226MiB/300005msec)
    slat (usec): min=449, max=65942, avg=5161.38, stdev=3868.45
    clat (usec): min=27, max=1521.6k, avg=1318157.14, stdev=81100.42
     lat (msec): min=8, max=1522, avg=1323.32, stdev=81.21
    clat percentiles (msec):
     |  1.00th=[ 1167],  5.00th=[ 1217], 10.00th=[ 1234], 20.00th=[ 1267],
     | 30.00th=[ 1284], 40.00th=[ 1301], 50.00th=[ 1318], 60.00th=[ 1334],
     | 70.00th=[ 1351], 80.00th=[ 1368], 90.00th=[ 1401], 95.00th=[ 1418],
     | 99.00th=[ 1469], 99.50th=[ 1485], 99.90th=[ 1502], 99.95th=[ 1502],
     | 99.99th=[ 1519]
   bw (  KiB/s): min=  408, max=  928, per=99.85%, avg=771.82, stdev=59.27, samples=597
   iops        : min=  102, max=  232, avg=192.95, stdev=14.82, samples=597
  lat (usec)   : 50=0.01%
  lat (msec)   : 10=0.01%, 20=0.01%, 50=0.01%, 100=0.01%, 250=0.04%
  lat (msec)   : 500=0.11%, 750=0.08%, 1000=0.10%, 2000=99.64%
  cpu          : usr=0.42%, sys=2.77%, ctx=57922, majf=0, minf=293
  IO depths    : 1=0.1%, 2=0.1%, 4=0.1%, 8=0.1%, 16=0.1%, 32=0.1%, >=64=99.9%
     submit    : 0=0.0%, 4=100.0%, 8=0.0%, 16=0.0%, 32=0.0%, 64=0.0%, >=64=0.0%
     complete  : 0=0.0%, 4=100.0%, 8=0.0%, 16=0.0%, 32=0.0%, 64=0.0%, >=64=0.1%
     issued rwts: total=57912,0,0,0 short=0,0,0,0 dropped=0,0,0,0
     latency   : target=0, window=0, percentile=100.00%, depth=256

Run status group 0 (all jobs):
   READ: bw=772KiB/s (791kB/s), 772KiB/s-772KiB/s (791kB/s-791kB/s), io=226MiB (237MB), run=300005-300005msec
