readwrite: (g=0): rw=rw, bs=(R) 4096B-4096B, (W) 4096B-4096B, (T) 4096B-4096B, ioengine=libaio, iodepth=256
...
fio-3.27
Starting 2 processes
readwrite: Laying out IO file (1 file / 1024MiB)

readwrite: (groupid=0, jobs=2): err= 0: pid=88695: Wed Jul 21 17:28:15 2021
  read: IOPS=16.2k, BW=63.1MiB/s (66.2MB/s)(18.5GiB/300001msec)
    slat (usec): min=7, max=79784, avg=26.18, stdev=341.71
    clat (usec): min=11, max=1039.3k, avg=15797.06, stdev=23858.30
     lat (usec): min=24, max=1039.3k, avg=15823.99, stdev=23924.88
    clat percentiles (msec):
     |  1.00th=[   12],  5.00th=[   13], 10.00th=[   13], 20.00th=[   13],
     | 30.00th=[   14], 40.00th=[   14], 50.00th=[   14], 60.00th=[   14],
     | 70.00th=[   14], 80.00th=[   15], 90.00th=[   15], 95.00th=[   16],
     | 99.00th=[  113], 99.50th=[  146], 99.90th=[  220], 99.95th=[  313],
     | 99.99th=[  911]
   bw (  KiB/s): min= 1034, max=82666, per=100.00%, avg=65252.05, stdev=10546.22, samples=1188
   iops        : min=  258, max=20666, avg=16312.97, stdev=2636.55, samples=1188
  write: IOPS=16.1k, BW=63.1MiB/s (66.1MB/s)(18.5GiB/300001msec); 0 zone resets
    slat (usec): min=68, max=8737, avg=76.14, stdev=24.81
    clat (usec): min=33, max=1039.2k, avg=15779.34, stdev=23569.58
     lat (usec): min=107, max=1039.3k, avg=15856.58, stdev=23570.45
    clat percentiles (msec):
     |  1.00th=[   12],  5.00th=[   13], 10.00th=[   13], 20.00th=[   13],
     | 30.00th=[   14], 40.00th=[   14], 50.00th=[   14], 60.00th=[   14],
     | 70.00th=[   14], 80.00th=[   15], 90.00th=[   15], 95.00th=[   16],
     | 99.00th=[  113], 99.50th=[  146], 99.90th=[  218], 99.95th=[  296],
     | 99.99th=[  911]
   bw (  KiB/s): min= 1106, max=80920, per=100.00%, avg=65213.76, stdev=10527.26, samples=1188
   iops        : min=  276, max=20230, avg=16303.41, stdev=2631.82, samples=1188
  lat (usec)   : 20=0.01%, 50=0.01%, 250=0.01%, 500=0.01%, 750=0.01%
  lat (usec)   : 1000=0.01%
  lat (msec)   : 2=0.01%, 4=0.01%, 10=0.01%, 20=96.68%, 50=2.05%
  lat (msec)   : 100=0.11%, 250=1.09%, 500=0.02%, 1000=0.05%, 2000=0.01%
  cpu          : usr=15.41%, sys=76.35%, ctx=55552, majf=0, minf=88
  IO depths    : 1=0.1%, 2=0.1%, 4=0.1%, 8=0.1%, 16=0.1%, 32=0.1%, >=64=100.0%
     submit    : 0=0.0%, 4=100.0%, 8=0.0%, 16=0.0%, 32=0.0%, 64=0.0%, >=64=0.0%
     complete  : 0=0.0%, 4=100.0%, 8=0.0%, 16=0.0%, 32=0.0%, 64=0.0%, >=64=0.1%
     issued rwts: total=4847335,4844492,0,0 short=0,0,0,0 dropped=0,0,0,0
     latency   : target=0, window=0, percentile=100.00%, depth=256

Run status group 0 (all jobs):
   READ: bw=63.1MiB/s (66.2MB/s), 63.1MiB/s-63.1MiB/s (66.2MB/s-66.2MB/s), io=18.5GiB (19.9GB), run=300001-300001msec
  WRITE: bw=63.1MiB/s (66.1MB/s), 63.1MiB/s-63.1MiB/s (66.1MB/s-66.1MB/s), io=18.5GiB (19.8GB), run=300001-300001msec
