test: (g=0): rw=randread, bs=(R) 4096B-4096B, (W) 4096B-4096B, (T) 4096B-4096B, ioengine=libaio, iodepth=256
...
fio-3.27
Starting 8 processes
rand-read: Laying out IO file (1 file / 1024MiB)
rand-read: Laying out IO file (1 file / 1024MiB)
rand-read: Laying out IO file (1 file / 1024MiB)
rand-read: Laying out IO file (1 file / 1024MiB)

test: (groupid=0, jobs=8): err= 0: pid=119249: Tue Jul 20 10:23:52 2021
  read: IOPS=784, BW=3139KiB/s (3214kB/s)(920MiB/300020msec)
    slat (usec): min=484, max=214365, avg=10171.00, stdev=7887.33
    clat (usec): min=15, max=3172.2k, avg=2589422.62, stdev=196564.83
     lat (msec): min=4, max=3189, avg=2599.60, stdev=196.79
    clat percentiles (msec):
     |  1.00th=[ 2265],  5.00th=[ 2366], 10.00th=[ 2433], 20.00th=[ 2467],
     | 30.00th=[ 2534], 40.00th=[ 2567], 50.00th=[ 2601], 60.00th=[ 2635],
     | 70.00th=[ 2668], 80.00th=[ 2702], 90.00th=[ 2769], 95.00th=[ 2836],
     | 99.00th=[ 2970], 99.50th=[ 3004], 99.90th=[ 3037], 99.95th=[ 3071],
     | 99.99th=[ 3138]
   bw (  KiB/s): min= 1312, max= 4201, per=99.85%, avg=3134.58, stdev=44.41, samples=4757
   iops        : min=  328, max= 1050, avg=783.64, stdev=11.10, samples=4757
  lat (usec)   : 20=0.01%, 50=0.01%
  lat (msec)   : 10=0.01%, 20=0.01%, 50=0.01%, 100=0.02%, 250=0.05%
  lat (msec)   : 500=0.08%, 750=0.08%, 1000=0.08%, 2000=0.34%, >=2000=99.32%
  cpu          : usr=0.26%, sys=1.66%, ctx=235503, majf=0, minf=2360
  IO depths    : 1=0.1%, 2=0.1%, 4=0.1%, 8=0.1%, 16=0.1%, 32=0.1%, >=64=99.8%
     submit    : 0=0.0%, 4=100.0%, 8=0.0%, 16=0.0%, 32=0.0%, 64=0.0%, >=64=0.0%
     complete  : 0=0.0%, 4=100.0%, 8=0.0%, 16=0.0%, 32=0.0%, 64=0.0%, >=64=0.1%
     issued rwts: total=235426,0,0,0 short=0,0,0,0 dropped=0,0,0,0
     latency   : target=0, window=0, percentile=100.00%, depth=256

Run status group 0 (all jobs):
   READ: bw=3139KiB/s (3214kB/s), 3139KiB/s-3139KiB/s (3214kB/s-3214kB/s), io=920MiB (964MB), run=300020-300020msec
