readwrite: (g=0): rw=rw, bs=(R) 4096B-4096B, (W) 4096B-4096B, (T) 4096B-4096B, ioengine=libaio, iodepth=256
...
fio-3.27
Starting 16 processes
readwrite: Laying out IO file (1 file / 1024MiB)
readwrite: Laying out IO file (1 file / 1024MiB)
readwrite: Laying out IO file (1 file / 1024MiB)
readwrite: Laying out IO file (1 file / 1024MiB)
readwrite: Laying out IO file (1 file / 1024MiB)
readwrite: Laying out IO file (1 file / 1024MiB)
readwrite: Laying out IO file (1 file / 1024MiB)
readwrite: Laying out IO file (1 file / 1024MiB)

readwrite: (groupid=0, jobs=16): err= 0: pid=60494: Wed Jul 21 18:48:41 2021
  read: IOPS=33.6k, BW=131MiB/s (138MB/s)(38.4GiB/300001msec)
    slat (usec): min=7, max=1260.3k, avg=375.02, stdev=7125.21
    clat (usec): min=10, max=34338k, avg=60767.20, stdev=705501.50
     lat (usec): min=19, max=34475k, avg=61142.94, stdev=710662.14
    clat percentiles (msec):
     |  1.00th=[   12],  5.00th=[   13], 10.00th=[   13], 20.00th=[   14],
     | 30.00th=[   14], 40.00th=[   14], 50.00th=[   14], 60.00th=[   14],
     | 70.00th=[   15], 80.00th=[   15], 90.00th=[   16], 95.00th=[   16],
     | 99.00th=[   52], 99.50th=[ 2937], 99.90th=[11879], 99.95th=[16040],
     | 99.99th=[17113]
   bw (  KiB/s): min= 2829, max=556209, per=100.00%, avg=139063.73, stdev=11067.69, samples=9086
   iops        : min=  707, max=139051, avg=34765.55, stdev=2766.89, samples=9086
  write: IOPS=33.6k, BW=131MiB/s (138MB/s)(38.5GiB/300001msec); 0 zone resets
    slat (usec): min=68, max=294362, avg=80.53, stdev=191.51
    clat (usec): min=12, max=34237k, avg=60018.20, stdev=703878.34
     lat (usec): min=85, max=34238k, avg=60099.85, stdev=703880.11
    clat percentiles (msec):
     |  1.00th=[   12],  5.00th=[   13], 10.00th=[   13], 20.00th=[   14],
     | 30.00th=[   14], 40.00th=[   14], 50.00th=[   14], 60.00th=[   14],
     | 70.00th=[   15], 80.00th=[   15], 90.00th=[   16], 95.00th=[   16],
     | 99.00th=[   46], 99.50th=[ 2836], 99.90th=[11745], 99.95th=[16040],
     | 99.99th=[17113]
   bw (  KiB/s): min= 3174, max=555663, per=100.00%, avg=138854.56, stdev=11068.23, samples=9126
   iops        : min=  793, max=138914, avg=34713.27, stdev=2767.03, samples=9126
  lat (usec)   : 20=0.01%, 50=0.01%, 100=0.01%, 250=0.01%, 500=0.01%
  lat (usec)   : 750=0.01%, 1000=0.01%
  lat (msec)   : 2=0.01%, 4=0.01%, 10=0.01%, 20=98.12%, 50=0.88%
  lat (msec)   : 100=0.08%, 250=0.08%, 500=0.04%, 750=0.02%, 1000=0.06%
  lat (msec)   : 2000=0.12%, >=2000=0.60%
  cpu          : usr=3.97%, sys=20.01%, ctx=76882, majf=0, minf=733
  IO depths    : 1=0.1%, 2=0.1%, 4=0.1%, 8=0.1%, 16=0.1%, 32=0.1%, >=64=100.0%
     submit    : 0=0.0%, 4=100.0%, 8=0.0%, 16=0.0%, 32=0.0%, 64=0.0%, >=64=0.0%
     complete  : 0=0.0%, 4=100.0%, 8=0.0%, 16=0.0%, 32=0.0%, 64=0.0%, >=64=0.1%
     issued rwts: total=10073963,10080537,0,0 short=0,0,0,0 dropped=0,0,0,0
     latency   : target=0, window=0, percentile=100.00%, depth=256

Run status group 0 (all jobs):
   READ: bw=131MiB/s (138MB/s), 131MiB/s-131MiB/s (138MB/s-138MB/s), io=38.4GiB (41.3GB), run=300001-300001msec
  WRITE: bw=131MiB/s (138MB/s), 131MiB/s-131MiB/s (138MB/s-138MB/s), io=38.5GiB (41.3GB), run=300001-300001msec
