readwrite: (g=0): rw=rw, bs=(R) 4096B-4096B, (W) 4096B-4096B, (T) 4096B-4096B, ioengine=libaio, iodepth=256
...
fio-3.27
Starting 4 processes
readwrite: Laying out IO file (1 file / 1024MiB)
readwrite: Laying out IO file (1 file / 1024MiB)

readwrite: (groupid=0, jobs=4): err= 0: pid=59111: Wed Jul 21 16:52:34 2021
  read: IOPS=12.3k, BW=48.0MiB/s (50.3MB/s)(14.1GiB/300013msec)
    slat (usec): min=7, max=744244, avg=196.38, stdev=2868.79
    clat (usec): min=12, max=6096.0k, avg=41576.92, stdev=165181.69
     lat (usec): min=149, max=6103.8k, avg=41774.14, stdev=166085.59
    clat percentiles (msec):
     |  1.00th=[   12],  5.00th=[   13], 10.00th=[   13], 20.00th=[   14],
     | 30.00th=[   14], 40.00th=[   14], 50.00th=[   14], 60.00th=[   14],
     | 70.00th=[   15], 80.00th=[   19], 90.00th=[   20], 95.00th=[   37],
     | 99.00th=[  768], 99.50th=[ 1062], 99.90th=[ 2198], 99.95th=[ 2668],
     | 99.99th=[ 4245]
   bw (  KiB/s): min=   48, max=161848, per=100.00%, avg=49389.92, stdev=15330.59, samples=2387
   iops        : min=   12, max=40462, avg=12347.48, stdev=3832.65, samples=2387
  write: IOPS=12.3k, BW=47.9MiB/s (50.3MB/s)(14.0GiB/300013msec); 0 zone resets
    slat (usec): min=68, max=998805, avg=108.29, stdev=2269.11
    clat (usec): min=11, max=6095.8k, avg=41494.22, stdev=165041.12
     lat (usec): min=85, max=6095.9k, avg=41603.61, stdev=165292.26
    clat percentiles (msec):
     |  1.00th=[   12],  5.00th=[   13], 10.00th=[   13], 20.00th=[   14],
     | 30.00th=[   14], 40.00th=[   14], 50.00th=[   14], 60.00th=[   14],
     | 70.00th=[   15], 80.00th=[   19], 90.00th=[   20], 95.00th=[   36],
     | 99.00th=[  768], 99.50th=[ 1070], 99.90th=[ 2198], 99.95th=[ 2668],
     | 99.99th=[ 4212]
   bw (  KiB/s): min=   48, max=162304, per=100.00%, avg=49360.66, stdev=15323.51, samples=2386
   iops        : min=   12, max=40578, avg=12340.16, stdev=3830.88, samples=2386
  lat (usec)   : 20=0.01%, 100=0.01%, 250=0.01%, 500=0.01%, 750=0.01%
  lat (usec)   : 1000=0.01%
  lat (msec)   : 2=0.01%, 4=0.01%, 10=0.01%, 20=92.60%, 50=2.62%
  lat (msec)   : 100=0.21%, 250=0.74%, 500=1.84%, 750=0.95%, 1000=0.46%
  lat (msec)   : 2000=0.45%, >=2000=0.12%
  cpu          : usr=6.13%, sys=32.56%, ctx=143343, majf=0, minf=174
  IO depths    : 1=0.1%, 2=0.1%, 4=0.1%, 8=0.1%, 16=0.1%, 32=0.1%, >=64=100.0%
     submit    : 0=0.0%, 4=100.0%, 8=0.0%, 16=0.0%, 32=0.0%, 64=0.0%, >=64=0.0%
     complete  : 0=0.0%, 4=100.0%, 8=0.0%, 16=0.0%, 32=0.0%, 64=0.0%, >=64=0.1%
     issued rwts: total=3685627,3681863,0,0 short=0,0,0,0 dropped=0,0,0,0
     latency   : target=0, window=0, percentile=100.00%, depth=256

Run status group 0 (all jobs):
   READ: bw=48.0MiB/s (50.3MB/s), 48.0MiB/s-48.0MiB/s (50.3MB/s-50.3MB/s), io=14.1GiB (15.1GB), run=300013-300013msec
  WRITE: bw=47.9MiB/s (50.3MB/s), 47.9MiB/s-47.9MiB/s (50.3MB/s-50.3MB/s), io=14.0GiB (15.1GB), run=300013-300013msec
