test: (g=0): rw=randread, bs=(R) 4096B-4096B, (W) 4096B-4096B, (T) 4096B-4096B, ioengine=libaio, iodepth=256
...
fio-3.27
Starting 32 processes
rand-read: Laying out IO file (1 file / 1024MiB)
rand-read: Laying out IO file (1 file / 1024MiB)
rand-read: Laying out IO file (1 file / 1024MiB)
rand-read: Laying out IO file (1 file / 1024MiB)
rand-read: Laying out IO file (1 file / 1024MiB)
rand-read: Laying out IO file (1 file / 1024MiB)
rand-read: Laying out IO file (1 file / 1024MiB)
rand-read: Laying out IO file (1 file / 1024MiB)
rand-read: Laying out IO file (1 file / 1024MiB)
rand-read: Laying out IO file (1 file / 1024MiB)
rand-read: Laying out IO file (1 file / 1024MiB)
rand-read: Laying out IO file (1 file / 1024MiB)
rand-read: Laying out IO file (1 file / 1024MiB)
rand-read: Laying out IO file (1 file / 1024MiB)
rand-read: Laying out IO file (1 file / 1024MiB)
rand-read: Laying out IO file (1 file / 1024MiB)

test: (groupid=0, jobs=32): err= 0: pid=230727: Mon Jul 19 22:26:18 2021
  read: IOPS=631, BW=2525KiB/s (2585kB/s)(740MiB/300023msec)
    slat (usec): min=630, max=310565, avg=50670.61, stdev=15765.73
    clat (usec): min=12, max=15545k, avg=12652980.45, stdev=1898590.05
     lat (msec): min=2, max=15597, avg=12703.65, stdev=1901.10
    clat percentiles (msec):
     |  1.00th=[ 1653],  5.00th=[11208], 10.00th=[11610], 20.00th=[12147],
     | 30.00th=[12684], 40.00th=[12818], 50.00th=[12953], 60.00th=[13087],
     | 70.00th=[13355], 80.00th=[13624], 90.00th=[14026], 95.00th=[14295],
     | 99.00th=[14832], 99.50th=[14966], 99.90th=[15234], 99.95th=[15234],
     | 99.99th=[15503]
   bw (  KiB/s): min=  936, max= 4232, per=99.50%, avg=2512.53, stdev= 8.76, samples=18370
   iops        : min=  234, max= 1058, avg=628.13, stdev= 2.19, samples=18370
  lat (usec)   : 20=0.01%, 50=0.01%
  lat (msec)   : 4=0.01%, 10=0.01%, 20=0.01%, 50=0.05%, 100=0.08%
  lat (msec)   : 250=0.17%, 500=0.23%, 750=0.13%, 1000=0.09%, 2000=0.32%
  lat (msec)   : >=2000=98.89%
  cpu          : usr=0.06%, sys=0.37%, ctx=189588, majf=0, minf=9452
  IO depths    : 1=0.1%, 2=0.1%, 4=0.1%, 8=0.1%, 16=0.3%, 32=0.5%, >=64=98.9%
     submit    : 0=0.0%, 4=100.0%, 8=0.0%, 16=0.0%, 32=0.0%, 64=0.0%, >=64=0.0%
     complete  : 0=0.0%, 4=100.0%, 8=0.0%, 16=0.0%, 32=0.0%, 64=0.0%, >=64=0.1%
     issued rwts: total=189365,0,0,0 short=0,0,0,0 dropped=0,0,0,0
     latency   : target=0, window=0, percentile=100.00%, depth=256

Run status group 0 (all jobs):
   READ: bw=2525KiB/s (2585kB/s), 2525KiB/s-2525KiB/s (2585kB/s-2585kB/s), io=740MiB (776MB), run=300023-300023msec
