test: (g=0): rw=randread, bs=(R) 4096B-4096B, (W) 4096B-4096B, (T) 4096B-4096B, ioengine=libaio, iodepth=256
fio-3.27
Starting 1 process
test: Laying out IO file (1 file / 1024MiB)

test: (groupid=0, jobs=1): err= 0: pid=162117: Tue Jul 20 11:05:15 2021
  read: IOPS=168, BW=672KiB/s (689kB/s)(197MiB/300002msec)
    slat (usec): min=464, max=368626, avg=5930.19, stdev=4545.18
    clat (usec): min=14, max=1998.6k, avg=1513162.98, stdev=103355.76
     lat (msec): min=2, max=2004, avg=1519.10, stdev=103.51
    clat percentiles (msec):
     |  1.00th=[ 1351],  5.00th=[ 1401], 10.00th=[ 1418], 20.00th=[ 1452],
     | 30.00th=[ 1469], 40.00th=[ 1485], 50.00th=[ 1519], 60.00th=[ 1536],
     | 70.00th=[ 1552], 80.00th=[ 1586], 90.00th=[ 1620], 95.00th=[ 1636],
     | 99.00th=[ 1720], 99.50th=[ 1905], 99.90th=[ 1972], 99.95th=[ 1989],
     | 99.99th=[ 1989]
   bw (  KiB/s): min=   48, max=  832, per=99.79%, avg=671.34, stdev=64.36, samples=597
   iops        : min=   12, max=  208, avg=167.79, stdev=16.09, samples=597
  lat (usec)   : 20=0.01%
  lat (msec)   : 4=0.01%, 20=0.01%, 50=0.01%, 100=0.02%, 250=0.07%
  lat (msec)   : 500=0.09%, 750=0.09%, 1000=0.09%, 2000=99.64%
  cpu          : usr=0.34%, sys=2.37%, ctx=50440, majf=0, minf=295
  IO depths    : 1=0.1%, 2=0.1%, 4=0.1%, 8=0.1%, 16=0.1%, 32=0.1%, >=64=99.9%
     submit    : 0=0.0%, 4=100.0%, 8=0.0%, 16=0.0%, 32=0.0%, 64=0.0%, >=64=0.0%
     complete  : 0=0.0%, 4=100.0%, 8=0.0%, 16=0.0%, 32=0.0%, 64=0.0%, >=64=0.1%
     issued rwts: total=50431,0,0,0 short=0,0,0,0 dropped=0,0,0,0
     latency   : target=0, window=0, percentile=100.00%, depth=256

Run status group 0 (all jobs):
   READ: bw=672KiB/s (689kB/s), 672KiB/s-672KiB/s (689kB/s-689kB/s), io=197MiB (207MB), run=300002-300002msec
