test: (g=0): rw=read, bs=(R) 4096B-4096B, (W) 4096B-4096B, (T) 4096B-4096B, ioengine=libaio, iodepth=256
...
fio-3.27
Starting 16 processes
seq-read: Laying out IO file (1 file / 1024MiB)
seq-read: Laying out IO file (1 file / 1024MiB)
seq-read: Laying out IO file (1 file / 1024MiB)
seq-read: Laying out IO file (1 file / 1024MiB)
seq-read: Laying out IO file (1 file / 1024MiB)
seq-read: Laying out IO file (1 file / 1024MiB)
seq-read: Laying out IO file (1 file / 1024MiB)
seq-read: Laying out IO file (1 file / 1024MiB)

test: (groupid=0, jobs=16): err= 0: pid=56511: Tue Jul 20 15:48:26 2021
  read: IOPS=30.2k, BW=118MiB/s (124MB/s)(34.6GiB/300019msec)
    slat (usec): min=10, max=501086, avg=517.74, stdev=3993.98
    clat (usec): min=10, max=31142k, avg=134974.13, stdev=834201.54
     lat (usec): min=23, max=31249k, avg=135492.81, stdev=837321.49
    clat percentiles (msec):
     |  1.00th=[    5],  5.00th=[    5], 10.00th=[    5], 20.00th=[    5],
     | 30.00th=[    5], 40.00th=[    6], 50.00th=[    6], 60.00th=[    6],
     | 70.00th=[    6], 80.00th=[   17], 90.00th=[   27], 95.00th=[ 1150],
     | 99.00th=[ 2005], 99.50th=[ 3037], 99.90th=[12818], 99.95th=[17113],
     | 99.99th=[17113]
   bw (  KiB/s): min=  360, max=2195936, per=100.00%, avg=123373.39, stdev=23034.33, samples=9549
   iops        : min=   90, max=548984, avg=30842.85, stdev=5758.58, samples=9549
  lat (usec)   : 20=0.01%, 50=0.01%, 100=0.01%, 250=0.01%, 500=0.01%
  lat (usec)   : 750=0.01%, 1000=0.01%
  lat (msec)   : 2=0.01%, 4=0.01%, 10=76.53%, 20=11.71%, 50=5.21%
  lat (msec)   : 100=0.08%, 250=0.06%, 500=0.01%, 750=0.02%, 1000=0.16%
  lat (msec)   : 2000=5.23%, >=2000=1.00%
  cpu          : usr=1.82%, sys=6.45%, ctx=571906, majf=0, minf=4735
  IO depths    : 1=0.1%, 2=0.1%, 4=0.1%, 8=0.1%, 16=0.1%, 32=0.1%, >=64=100.0%
     submit    : 0=0.0%, 4=100.0%, 8=0.0%, 16=0.0%, 32=0.0%, 64=0.0%, >=64=0.0%
     complete  : 0=0.0%, 4=100.0%, 8=0.0%, 16=0.0%, 32=0.0%, 64=0.0%, >=64=0.1%
     issued rwts: total=9061368,0,0,0 short=0,0,0,0 dropped=0,0,0,0
     latency   : target=0, window=0, percentile=100.00%, depth=256

Run status group 0 (all jobs):
   READ: bw=118MiB/s (124MB/s), 118MiB/s-118MiB/s (124MB/s-124MB/s), io=34.6GiB (37.1GB), run=300019-300019msec
