readwrite: (g=0): rw=rw, bs=(R) 4096B-4096B, (W) 4096B-4096B, (T) 4096B-4096B, ioengine=libaio, iodepth=256
...
fio-3.27
Starting 2 processes
readwrite: Laying out IO file (1 file / 1024MiB)

readwrite: (groupid=0, jobs=2): err= 0: pid=34829: Wed Jul 21 16:46:43 2021
  read: IOPS=9592, BW=37.5MiB/s (39.3MB/s)(11.0GiB/300001msec)
    slat (usec): min=7, max=338047, avg=111.58, stdev=2296.91
    clat (usec): min=10, max=7945.3k, avg=26762.58, stdev=214195.36
     lat (usec): min=23, max=8039.4k, avg=26874.88, stdev=215770.90
    clat percentiles (msec):
     |  1.00th=[   12],  5.00th=[   13], 10.00th=[   13], 20.00th=[   13],
     | 30.00th=[   14], 40.00th=[   14], 50.00th=[   14], 60.00th=[   14],
     | 70.00th=[   14], 80.00th=[   14], 90.00th=[   15], 95.00th=[   16],
     | 99.00th=[   36], 99.50th=[  205], 99.90th=[ 3910], 99.95th=[ 4665],
     | 99.99th=[ 6879]
   bw (  KiB/s): min=   16, max=82056, per=100.00%, avg=38885.32, stdev=7104.14, samples=1187
   iops        : min=    4, max=20514, avg=9721.29, stdev=1776.04, samples=1187
  write: IOPS=9588, BW=37.5MiB/s (39.3MB/s)(11.0GiB/300001msec); 0 zone resets
    slat (usec): min=68, max=159240, avg=76.07, stdev=112.89
    clat (usec): min=54, max=7958.0k, avg=26385.09, stdev=211280.96
     lat (usec): min=124, max=7958.1k, avg=26462.24, stdev=211282.35
    clat percentiles (msec):
     |  1.00th=[   12],  5.00th=[   13], 10.00th=[   13], 20.00th=[   13],
     | 30.00th=[   14], 40.00th=[   14], 50.00th=[   14], 60.00th=[   14],
     | 70.00th=[   14], 80.00th=[   14], 90.00th=[   15], 95.00th=[   15],
     | 99.00th=[   36], 99.50th=[  194], 99.90th=[ 3910], 99.95th=[ 4597],
     | 99.99th=[ 6879]
   bw (  KiB/s): min=   16, max=81706, per=100.00%, avg=38866.70, stdev=7109.26, samples=1187
   iops        : min=    4, max=20426, avg=9716.61, stdev=1777.31, samples=1187
  lat (usec)   : 20=0.01%, 50=0.01%, 100=0.01%, 250=0.01%, 500=0.01%
  lat (usec)   : 750=0.01%, 1000=0.01%
  lat (msec)   : 2=0.01%, 4=0.01%, 10=0.01%, 20=97.57%, 50=1.61%
  lat (msec)   : 100=0.07%, 250=0.29%, 500=0.03%, 750=0.01%, 1000=0.04%
  lat (msec)   : 2000=0.08%, >=2000=0.30%
  cpu          : usr=8.98%, sys=44.46%, ctx=19344, majf=0, minf=87
  IO depths    : 1=0.1%, 2=0.1%, 4=0.1%, 8=0.1%, 16=0.1%, 32=0.1%, >=64=100.0%
     submit    : 0=0.0%, 4=100.0%, 8=0.0%, 16=0.0%, 32=0.0%, 64=0.0%, >=64=0.0%
     complete  : 0=0.0%, 4=100.0%, 8=0.0%, 16=0.0%, 32=0.0%, 64=0.0%, >=64=0.1%
     issued rwts: total=2877891,2876548,0,0 short=0,0,0,0 dropped=0,0,0,0
     latency   : target=0, window=0, percentile=100.00%, depth=256

Run status group 0 (all jobs):
   READ: bw=37.5MiB/s (39.3MB/s), 37.5MiB/s-37.5MiB/s (39.3MB/s-39.3MB/s), io=11.0GiB (11.8GB), run=300001-300001msec
  WRITE: bw=37.5MiB/s (39.3MB/s), 37.5MiB/s-37.5MiB/s (39.3MB/s-39.3MB/s), io=11.0GiB (11.8GB), run=300001-300001msec
