readwrite: (g=0): rw=rw, bs=(R) 4096B-4096B, (W) 4096B-4096B, (T) 4096B-4096B, ioengine=libaio, iodepth=256
...
fio-3.27
Starting 64 processes
readwrite: Laying out IO file (1 file / 1024MiB)
readwrite: Laying out IO file (1 file / 1024MiB)
readwrite: Laying out IO file (1 file / 1024MiB)
readwrite: Laying out IO file (1 file / 1024MiB)
readwrite: Laying out IO file (1 file / 1024MiB)
readwrite: Laying out IO file (1 file / 1024MiB)
readwrite: Laying out IO file (1 file / 1024MiB)
readwrite: Laying out IO file (1 file / 1024MiB)
readwrite: Laying out IO file (1 file / 1024MiB)
readwrite: Laying out IO file (1 file / 1024MiB)
readwrite: Laying out IO file (1 file / 1024MiB)
readwrite: Laying out IO file (1 file / 1024MiB)
readwrite: Laying out IO file (1 file / 1024MiB)
readwrite: Laying out IO file (1 file / 1024MiB)
readwrite: Laying out IO file (1 file / 1024MiB)
readwrite: Laying out IO file (1 file / 1024MiB)
readwrite: Laying out IO file (1 file / 1024MiB)
readwrite: Laying out IO file (1 file / 1024MiB)
readwrite: Laying out IO file (1 file / 1024MiB)
readwrite: Laying out IO file (1 file / 1024MiB)
readwrite: Laying out IO file (1 file / 1024MiB)
readwrite: Laying out IO file (1 file / 1024MiB)
readwrite: Laying out IO file (1 file / 1024MiB)
readwrite: Laying out IO file (1 file / 1024MiB)
readwrite: Laying out IO file (1 file / 1024MiB)
readwrite: Laying out IO file (1 file / 1024MiB)
readwrite: Laying out IO file (1 file / 1024MiB)
readwrite: Laying out IO file (1 file / 1024MiB)
readwrite: Laying out IO file (1 file / 1024MiB)
readwrite: Laying out IO file (1 file / 1024MiB)
readwrite: Laying out IO file (1 file / 1024MiB)
readwrite: Laying out IO file (1 file / 1024MiB)

readwrite: (groupid=0, jobs=64): err= 0: pid=9610: Wed Jul 21 17:17:01 2021
  read: IOPS=56.7k, BW=221MiB/s (232MB/s)(64.9GiB/300091msec)
    slat (usec): min=7, max=2640.9k, avg=1024.73, stdev=12271.60
    clat (usec): min=11, max=26499k, avg=145145.37, stdev=1177457.60
     lat (usec): min=20, max=26769k, avg=146170.87, stdev=1186151.06
    clat percentiles (msec):
     |  1.00th=[   13],  5.00th=[   13], 10.00th=[   14], 20.00th=[   14],
     | 30.00th=[   14], 40.00th=[   14], 50.00th=[   15], 60.00th=[   15],
     | 70.00th=[   15], 80.00th=[   16], 90.00th=[   16], 95.00th=[   20],
     | 99.00th=[ 6409], 99.50th=[10000], 99.90th=[15637], 99.95th=[17113],
     | 99.99th=[17113]
   bw (  KiB/s): min=  512, max=1493689, per=100.00%, avg=232727.58, stdev=8587.97, samples=36788
   iops        : min=  128, max=373418, avg=58181.63, stdev=2146.98, samples=36788
  write: IOPS=56.7k, BW=221MiB/s (232MB/s)(64.9GiB/300091msec); 0 zone resets
    slat (usec): min=68, max=311039, avg=82.78, stdev=191.31
    clat (usec): min=11, max=26685k, avg=142507.60, stdev=1165228.18
     lat (usec): min=84, max=26685k, avg=142591.50, stdev=1165231.04
    clat percentiles (msec):
     |  1.00th=[   13],  5.00th=[   13], 10.00th=[   14], 20.00th=[   14],
     | 30.00th=[   14], 40.00th=[   14], 50.00th=[   15], 60.00th=[   15],
     | 70.00th=[   15], 80.00th=[   16], 90.00th=[   16], 95.00th=[   20],
     | 99.00th=[ 6275], 99.50th=[10000], 99.90th=[15503], 99.95th=[17113],
     | 99.99th=[17113]
   bw (  KiB/s): min=  512, max=1488712, per=100.00%, avg=232767.55, stdev=8590.15, samples=36791
   iops        : min=  128, max=372178, avg=58191.65, stdev=2147.53, samples=36791
  lat (usec)   : 20=0.01%, 50=0.01%, 100=0.01%, 250=0.01%, 500=0.01%
  lat (usec)   : 750=0.01%, 1000=0.01%
  lat (msec)   : 2=0.01%, 4=0.01%, 10=0.01%, 20=96.79%, 50=1.39%
  lat (msec)   : 100=0.10%, 250=0.06%, 500=0.08%, 750=0.04%, 1000=0.05%
  lat (msec)   : 2000=0.08%, >=2000=1.42%
  cpu          : usr=1.72%, sys=8.88%, ctx=241358, majf=0, minf=2825
  IO depths    : 1=0.1%, 2=0.1%, 4=0.1%, 8=0.1%, 16=0.1%, 32=0.1%, >=64=100.0%
     submit    : 0=0.0%, 4=100.0%, 8=0.0%, 16=0.0%, 32=0.0%, 64=0.0%, >=64=0.0%
     complete  : 0=0.0%, 4=100.0%, 8=0.0%, 16=0.0%, 32=0.0%, 64=0.0%, >=64=0.1%
     issued rwts: total=17008679,17009363,0,0 short=0,0,0,0 dropped=0,0,0,0
     latency   : target=0, window=0, percentile=100.00%, depth=256

Run status group 0 (all jobs):
   READ: bw=221MiB/s (232MB/s), 221MiB/s-221MiB/s (232MB/s-232MB/s), io=64.9GiB (69.7GB), run=300091-300091msec
  WRITE: bw=221MiB/s (232MB/s), 221MiB/s-221MiB/s (232MB/s-232MB/s), io=64.9GiB (69.7GB), run=300091-300091msec
