test: (g=0): rw=randread, bs=(R) 4096B-4096B, (W) 4096B-4096B, (T) 4096B-4096B, ioengine=libaio, iodepth=256
...
fio-3.27
Starting 4 processes
rand-read: Laying out IO file (1 file / 1024MiB)
rand-read: Laying out IO file (1 file / 1024MiB)

test: (groupid=0, jobs=4): err= 0: pid=169046: Mon Jul 19 19:14:28 2021
  read: IOPS=339, BW=1357KiB/s (1389kB/s)(397MiB/300022msec)
    slat (usec): min=478, max=173089, avg=11771.61, stdev=10239.26
    clat (usec): min=15, max=5160.4k, avg=2993327.89, stdev=776345.67
     lat (msec): min=10, max=5168, avg=3005.10, stdev=779.10
    clat percentiles (msec):
     |  1.00th=[ 1519],  5.00th=[ 1687], 10.00th=[ 1804], 20.00th=[ 2106],
     | 30.00th=[ 2668], 40.00th=[ 2869], 50.00th=[ 3037], 60.00th=[ 3440],
     | 70.00th=[ 3574], 80.00th=[ 3675], 90.00th=[ 3842], 95.00th=[ 3977],
     | 99.00th=[ 4530], 99.50th=[ 4732], 99.90th=[ 5000], 99.95th=[ 5000],
     | 99.99th=[ 5067]
   bw (  KiB/s): min=  632, max= 2872, per=99.88%, avg=1355.68, stdev=106.03, samples=2376
   iops        : min=  158, max=  718, avg=338.92, stdev=26.51, samples=2376
  lat (usec)   : 20=0.01%, 50=0.01%
  lat (msec)   : 20=0.01%, 50=0.01%, 100=0.01%, 250=0.04%, 500=0.05%
  lat (msec)   : 750=0.05%, 1000=0.06%, 2000=18.62%, >=2000=81.15%
  cpu          : usr=0.20%, sys=1.36%, ctx=101793, majf=0, minf=1179
  IO depths    : 1=0.1%, 2=0.1%, 4=0.1%, 8=0.1%, 16=0.1%, 32=0.1%, >=64=99.8%
     submit    : 0=0.0%, 4=100.0%, 8=0.0%, 16=0.0%, 32=0.0%, 64=0.0%, >=64=0.0%
     complete  : 0=0.0%, 4=100.0%, 8=0.0%, 16=0.0%, 32=0.0%, 64=0.0%, >=64=0.1%
     issued rwts: total=101756,0,0,0 short=0,0,0,0 dropped=0,0,0,0
     latency   : target=0, window=0, percentile=100.00%, depth=256

Run status group 0 (all jobs):
   READ: bw=1357KiB/s (1389kB/s), 1357KiB/s-1357KiB/s (1389kB/s-1389kB/s), io=397MiB (417MB), run=300022-300022msec
