test: (g=0): rw=randread, bs=(R) 4096B-4096B, (W) 4096B-4096B, (T) 4096B-4096B, ioengine=libaio, iodepth=256
...
fio-3.27
Starting 2 processes
rand-read: Laying out IO file (1 file / 1024MiB)

test: (groupid=0, jobs=2): err= 0: pid=125126: Mon Jul 19 18:58:03 2021
  read: IOPS=300, BW=1201KiB/s (1230kB/s)(352MiB/300010msec)
    slat (usec): min=459, max=118426, avg=6640.54, stdev=5495.71
    clat (usec): min=11, max=2416.1k, avg=1693801.60, stdev=232760.52
     lat (msec): min=7, max=2438, avg=1700.44, stdev=233.51
    clat percentiles (msec):
     |  1.00th=[ 1250],  5.00th=[ 1351], 10.00th=[ 1401], 20.00th=[ 1469],
     | 30.00th=[ 1536], 40.00th=[ 1653], 50.00th=[ 1737], 60.00th=[ 1787],
     | 70.00th=[ 1838], 80.00th=[ 1905], 90.00th=[ 1972], 95.00th=[ 2022],
     | 99.00th=[ 2165], 99.50th=[ 2232], 99.90th=[ 2333], 99.95th=[ 2366],
     | 99.99th=[ 2400]
   bw (  KiB/s): min=  744, max= 1769, per=99.92%, avg=1200.57, stdev=91.01, samples=1192
   iops        : min=  186, max=  442, avg=300.04, stdev=22.74, samples=1192
  lat (usec)   : 20=0.01%
  lat (msec)   : 10=0.01%, 20=0.01%, 50=0.01%, 100=0.02%, 250=0.07%
  lat (msec)   : 500=0.10%, 750=0.09%, 1000=0.09%, 2000=92.98%, >=2000=6.63%
  cpu          : usr=0.36%, sys=2.28%, ctx=90094, majf=0, minf=589
  IO depths    : 1=0.1%, 2=0.1%, 4=0.1%, 8=0.1%, 16=0.1%, 32=0.1%, >=64=99.9%
     submit    : 0=0.0%, 4=100.0%, 8=0.0%, 16=0.0%, 32=0.0%, 64=0.0%, >=64=0.0%
     complete  : 0=0.0%, 4=100.0%, 8=0.0%, 16=0.0%, 32=0.0%, 64=0.0%, >=64=0.1%
     issued rwts: total=90078,0,0,0 short=0,0,0,0 dropped=0,0,0,0
     latency   : target=0, window=0, percentile=100.00%, depth=256

Run status group 0 (all jobs):
   READ: bw=1201KiB/s (1230kB/s), 1201KiB/s-1201KiB/s (1230kB/s-1230kB/s), io=352MiB (369MB), run=300010-300010msec
