test: (g=0): rw=randread, bs=(R) 4096B-4096B, (W) 4096B-4096B, (T) 4096B-4096B, ioengine=libaio, iodepth=256
...
fio-3.27
Starting 32 processes
rand-read: Laying out IO file (1 file / 1024MiB)
rand-read: Laying out IO file (1 file / 1024MiB)
rand-read: Laying out IO file (1 file / 1024MiB)
rand-read: Laying out IO file (1 file / 1024MiB)
rand-read: Laying out IO file (1 file / 1024MiB)
rand-read: Laying out IO file (1 file / 1024MiB)
rand-read: Laying out IO file (1 file / 1024MiB)
rand-read: Laying out IO file (1 file / 1024MiB)
rand-read: Laying out IO file (1 file / 1024MiB)
rand-read: Laying out IO file (1 file / 1024MiB)
rand-read: Laying out IO file (1 file / 1024MiB)
rand-read: Laying out IO file (1 file / 1024MiB)
rand-read: Laying out IO file (1 file / 1024MiB)
rand-read: Laying out IO file (1 file / 1024MiB)
rand-read: Laying out IO file (1 file / 1024MiB)
rand-read: Laying out IO file (1 file / 1024MiB)

test: (groupid=0, jobs=32): err= 0: pid=217250: Mon Jul 19 22:26:18 2021
  read: IOPS=631, BW=2525KiB/s (2585kB/s)(740MiB/300070msec)
    slat (msec): min=3, max=297, avg=50.67, stdev=15.55
    clat (usec): min=14, max=15582k, avg=12656665.22, stdev=1757192.34
     lat (msec): min=4, max=15653, avg=12707.33, stdev=1758.74
    clat percentiles (msec):
     |  1.00th=[ 2668],  5.00th=[11476], 10.00th=[11745], 20.00th=[12013],
     | 30.00th=[12281], 40.00th=[12684], 50.00th=[12953], 60.00th=[13221],
     | 70.00th=[13355], 80.00th=[13624], 90.00th=[13892], 95.00th=[14160],
     | 99.00th=[14697], 99.50th=[14832], 99.90th=[15368], 99.95th=[15368],
     | 99.99th=[15503]
   bw (  KiB/s): min= 1040, max= 3256, per=99.70%, avg=2517.37, stdev= 8.48, samples=18376
   iops        : min=  260, max=  814, avg=629.34, stdev= 2.12, samples=18376
  lat (usec)   : 20=0.01%, 50=0.01%
  lat (msec)   : 10=0.01%, 20=0.01%, 50=0.03%, 100=0.04%, 250=0.09%
  lat (msec)   : 500=0.12%, 750=0.09%, 1000=0.08%, 2000=0.32%, >=2000=99.21%
  cpu          : usr=0.06%, sys=0.38%, ctx=189636, majf=0, minf=9442
  IO depths    : 1=0.1%, 2=0.1%, 4=0.1%, 8=0.1%, 16=0.3%, 32=0.5%, >=64=98.9%
     submit    : 0=0.0%, 4=100.0%, 8=0.0%, 16=0.0%, 32=0.0%, 64=0.0%, >=64=0.0%
     complete  : 0=0.0%, 4=100.0%, 8=0.0%, 16=0.0%, 32=0.0%, 64=0.0%, >=64=0.1%
     issued rwts: total=189385,0,0,0 short=0,0,0,0 dropped=0,0,0,0
     latency   : target=0, window=0, percentile=100.00%, depth=256

Run status group 0 (all jobs):
   READ: bw=2525KiB/s (2585kB/s), 2525KiB/s-2525KiB/s (2585kB/s-2585kB/s), io=740MiB (776MB), run=300070-300070msec
