readwrite: (g=0): rw=rw, bs=(R) 4096B-4096B, (W) 4096B-4096B, (T) 4096B-4096B, ioengine=libaio, iodepth=256
...
fio-3.27
Starting 4 processes

readwrite: (groupid=0, jobs=4): err= 0: pid=9573: Wed Jul 21 16:20:19 2021
  read: IOPS=9846, BW=38.5MiB/s (40.3MB/s)(11.3GiB/300065msec)
    slat (usec): min=7, max=1019.1k, avg=181.36, stdev=4719.51
    clat (usec): min=15, max=6643.6k, avg=51865.00, stdev=183694.81
     lat (msec): min=6, max=6643, avg=52.05, stdev=184.41
    clat percentiles (msec):
     |  1.00th=[   13],  5.00th=[   13], 10.00th=[   14], 20.00th=[   14],
     | 30.00th=[   14], 40.00th=[   15], 50.00th=[   19], 60.00th=[   19],
     | 70.00th=[   20], 80.00th=[   21], 90.00th=[   97], 95.00th=[  213],
     | 99.00th=[  667], 99.50th=[ 1045], 99.90th=[ 2769], 99.95th=[ 3306],
     | 99.99th=[ 5470]
   bw (  KiB/s): min=   40, max=159488, per=100.00%, avg=39996.96, stdev=11484.30, samples=2363
   iops        : min=   10, max=39872, avg=9999.25, stdev=2871.08, samples=2363
  write: IOPS=9841, BW=38.4MiB/s (40.3MB/s)(11.3GiB/300065msec); 0 zone resets
    slat (usec): min=68, max=1576.7k, avg=204.22, stdev=4926.02
    clat (msec): min=10, max=6643, avg=51.68, stdev=182.42
     lat (msec): min=10, max=6643, avg=51.89, stdev=182.85
    clat percentiles (msec):
     |  1.00th=[   13],  5.00th=[   13], 10.00th=[   14], 20.00th=[   14],
     | 30.00th=[   14], 40.00th=[   15], 50.00th=[   19], 60.00th=[   19],
     | 70.00th=[   20], 80.00th=[   21], 90.00th=[   96], 95.00th=[  213],
     | 99.00th=[  667], 99.50th=[ 1045], 99.90th=[ 2735], 99.95th=[ 3272],
     | 99.99th=[ 5470]
   bw (  KiB/s): min=   32, max=159536, per=100.00%, avg=40031.40, stdev=11497.93, samples=2358
   iops        : min=    8, max=39884, avg=10007.85, stdev=2874.48, samples=2358
  lat (usec)   : 20=0.01%, 50=0.01%
  lat (msec)   : 10=0.01%, 20=79.60%, 50=8.22%, 100=2.42%, 250=5.67%
  lat (msec)   : 500=2.57%, 750=0.71%, 1000=0.27%, 2000=0.34%, >=2000=0.20%
  cpu          : usr=4.99%, sys=29.19%, ctx=53892, majf=0, minf=173
  IO depths    : 1=0.1%, 2=0.1%, 4=0.1%, 8=0.1%, 16=0.1%, 32=0.1%, >=64=100.0%
     submit    : 0=0.0%, 4=100.0%, 8=0.0%, 16=0.0%, 32=0.0%, 64=0.0%, >=64=0.0%
     complete  : 0=0.0%, 4=100.0%, 8=0.0%, 16=0.0%, 32=0.0%, 64=0.0%, >=64=0.1%
     issued rwts: total=2954650,2953190,0,0 short=0,0,0,0 dropped=0,0,0,0
     latency   : target=0, window=0, percentile=100.00%, depth=256

Run status group 0 (all jobs):
   READ: bw=38.5MiB/s (40.3MB/s), 38.5MiB/s-38.5MiB/s (40.3MB/s-40.3MB/s), io=11.3GiB (12.1GB), run=300065-300065msec
  WRITE: bw=38.4MiB/s (40.3MB/s), 38.4MiB/s-38.4MiB/s (40.3MB/s-40.3MB/s), io=11.3GiB (12.1GB), run=300065-300065msec
