test: (g=0): rw=read, bs=(R) 4096B-4096B, (W) 4096B-4096B, (T) 4096B-4096B, ioengine=libaio, iodepth=256
...
fio-3.27
Starting 8 processes
seq-read: Laying out IO file (1 file / 1024MiB)
seq-read: Laying out IO file (1 file / 1024MiB)
seq-read: Laying out IO file (1 file / 1024MiB)
seq-read: Laying out IO file (1 file / 1024MiB)

test: (groupid=0, jobs=8): err= 0: pid=208335: Tue Jul 20 13:35:52 2021
  read: IOPS=31.3k, BW=122MiB/s (128MB/s)(35.9GiB/300635msec)
    slat (usec): min=10, max=2046.4k, avg=243.07, stdev=3100.02
    clat (usec): min=11, max=25541k, avg=64881.65, stdev=348320.37
     lat (usec): min=24, max=25649k, avg=65125.67, stdev=349572.49
    clat percentiles (msec):
     |  1.00th=[    5],  5.00th=[    5], 10.00th=[    5], 20.00th=[    5],
     | 30.00th=[    6], 40.00th=[    6], 50.00th=[    6], 60.00th=[    6],
     | 70.00th=[    6], 80.00th=[   16], 90.00th=[   27], 95.00th=[  401],
     | 99.00th=[  869], 99.50th=[ 1620], 99.90th=[ 5269], 99.95th=[ 6745],
     | 99.99th=[10805]
   bw (  KiB/s): min=   72, max=1307296, per=100.00%, avg=130107.27, stdev=33888.48, samples=4724
   iops        : min=   18, max=326824, avg=32526.76, stdev=8472.12, samples=4724
  lat (usec)   : 20=0.01%, 50=0.01%, 100=0.01%, 250=0.01%, 500=0.01%
  lat (usec)   : 750=0.01%, 1000=0.01%
  lat (msec)   : 2=0.01%, 4=0.01%, 10=79.19%, 20=6.49%, 50=5.23%
  lat (msec)   : 100=0.08%, 250=0.09%, 500=6.97%, 750=0.84%, 1000=0.28%
  lat (msec)   : 2000=0.43%, >=2000=0.40%
  cpu          : usr=3.81%, sys=13.49%, ctx=833733, majf=0, minf=2365
  IO depths    : 1=0.1%, 2=0.1%, 4=0.1%, 8=0.1%, 16=0.1%, 32=0.1%, >=64=100.0%
     submit    : 0=0.0%, 4=100.0%, 8=0.0%, 16=0.0%, 32=0.0%, 64=0.0%, >=64=0.0%
     complete  : 0=0.0%, 4=100.0%, 8=0.0%, 16=0.0%, 32=0.0%, 64=0.0%, >=64=0.1%
     issued rwts: total=9405576,0,0,0 short=0,0,0,0 dropped=0,0,0,0
     latency   : target=0, window=0, percentile=100.00%, depth=256

Run status group 0 (all jobs):
   READ: bw=122MiB/s (128MB/s), 122MiB/s-122MiB/s (128MB/s-128MB/s), io=35.9GiB (38.5GB), run=300635-300635msec
