test: (g=0): rw=randread, bs=(R) 4096B-4096B, (W) 4096B-4096B, (T) 4096B-4096B, ioengine=libaio, iodepth=256
...
fio-3.27
Starting 16 processes
rand-read: Laying out IO file (1 file / 1024MiB)
rand-read: Laying out IO file (1 file / 1024MiB)
rand-read: Laying out IO file (1 file / 1024MiB)
rand-read: Laying out IO file (1 file / 1024MiB)
rand-read: Laying out IO file (1 file / 1024MiB)
rand-read: Laying out IO file (1 file / 1024MiB)
rand-read: Laying out IO file (1 file / 1024MiB)
rand-read: Laying out IO file (1 file / 1024MiB)

test: (groupid=0, jobs=16): err= 0: pid=165255: Mon Jul 19 19:45:03 2021
  read: IOPS=1008, BW=4034KiB/s (4131kB/s)(1182MiB/300041msec)
    slat (usec): min=485, max=357107, avg=15838.10, stdev=13022.75
    clat (usec): min=13, max=5750.5k, avg=4026321.74, stdev=459676.20
     lat (msec): min=8, max=5767, avg=4042.16, stdev=460.66
    clat percentiles (msec):
     |  1.00th=[ 2802],  5.00th=[ 3239], 10.00th=[ 3641], 20.00th=[ 3809],
     | 30.00th=[ 3910], 40.00th=[ 3977], 50.00th=[ 4044], 60.00th=[ 4111],
     | 70.00th=[ 4212], 80.00th=[ 4329], 90.00th=[ 4463], 95.00th=[ 4665],
     | 99.00th=[ 5134], 99.50th=[ 5269], 99.90th=[ 5470], 99.95th=[ 5537],
     | 99.99th=[ 5671]
   bw (  KiB/s): min= 1392, max= 6408, per=99.57%, avg=4017.67, stdev=41.00, samples=9498
   iops        : min=  348, max= 1602, avg=1004.42, stdev=10.25, samples=9498
  lat (usec)   : 20=0.01%, 50=0.01%
  lat (msec)   : 10=0.01%, 20=0.01%, 50=0.01%, 100=0.02%, 250=0.05%
  lat (msec)   : 500=0.08%, 750=0.08%, 1000=0.08%, 2000=0.33%, >=2000=99.35%
  cpu          : usr=0.18%, sys=1.08%, ctx=302764, majf=0, minf=4721
  IO depths    : 1=0.1%, 2=0.1%, 4=0.1%, 8=0.1%, 16=0.1%, 32=0.2%, >=64=99.7%
     submit    : 0=0.0%, 4=100.0%, 8=0.0%, 16=0.0%, 32=0.0%, 64=0.0%, >=64=0.0%
     complete  : 0=0.0%, 4=100.0%, 8=0.0%, 16=0.0%, 32=0.0%, 64=0.0%, >=64=0.1%
     issued rwts: total=302622,0,0,0 short=0,0,0,0 dropped=0,0,0,0
     latency   : target=0, window=0, percentile=100.00%, depth=256

Run status group 0 (all jobs):
   READ: bw=4034KiB/s (4131kB/s), 4034KiB/s-4034KiB/s (4131kB/s-4131kB/s), io=1182MiB (1240MB), run=300041-300041msec
