test: (g=0): rw=randread, bs=(R) 4096B-4096B, (W) 4096B-4096B, (T) 4096B-4096B, ioengine=libaio, iodepth=256
...
fio-3.27
Starting 32 processes
rand-read: Laying out IO file (1 file / 1024MiB)
rand-read: Laying out IO file (1 file / 1024MiB)
rand-read: Laying out IO file (1 file / 1024MiB)
rand-read: Laying out IO file (1 file / 1024MiB)
rand-read: Laying out IO file (1 file / 1024MiB)
rand-read: Laying out IO file (1 file / 1024MiB)
rand-read: Laying out IO file (1 file / 1024MiB)
rand-read: Laying out IO file (1 file / 1024MiB)
rand-read: Laying out IO file (1 file / 1024MiB)
rand-read: Laying out IO file (1 file / 1024MiB)
rand-read: Laying out IO file (1 file / 1024MiB)
rand-read: Laying out IO file (1 file / 1024MiB)
rand-read: Laying out IO file (1 file / 1024MiB)
rand-read: Laying out IO file (1 file / 1024MiB)
rand-read: Laying out IO file (1 file / 1024MiB)
rand-read: Laying out IO file (1 file / 1024MiB)

test: (groupid=0, jobs=32): err= 0: pid=181060: Mon Jul 19 19:50:51 2021
  read: IOPS=1105, BW=4422KiB/s (4528kB/s)(1296MiB/300039msec)
    slat (usec): min=644, max=429384, avg=28917.16, stdev=16905.37
    clat (usec): min=13, max=10658k, avg=7289538.42, stdev=1043683.37
     lat (msec): min=2, max=10681, avg=7318.46, stdev=1045.94
    clat percentiles (msec):
     |  1.00th=[ 2123],  5.00th=[ 6074], 10.00th=[ 6342], 20.00th=[ 6678],
     | 30.00th=[ 7013], 40.00th=[ 7282], 50.00th=[ 7416], 60.00th=[ 7550],
     | 70.00th=[ 7752], 80.00th=[ 7953], 90.00th=[ 8154], 95.00th=[ 8423],
     | 99.00th=[ 9597], 99.50th=[ 9866], 99.90th=[10402], 99.95th=[10402],
     | 99.99th=[10537]
   bw (  KiB/s): min= 1960, max= 7312, per=99.80%, avg=4413.22, stdev=21.00, samples=18710
   iops        : min=  490, max= 1828, avg=1103.30, stdev= 5.25, samples=18710
  lat (usec)   : 20=0.01%, 50=0.01%
  lat (msec)   : 4=0.01%, 10=0.01%, 20=0.01%, 50=0.03%, 100=0.04%
  lat (msec)   : 250=0.12%, 500=0.17%, 750=0.12%, 1000=0.11%, 2000=0.35%
  lat (msec)   : >=2000=99.04%
  cpu          : usr=0.10%, sys=0.63%, ctx=331945, majf=0, minf=9447
  IO depths    : 1=0.1%, 2=0.1%, 4=0.1%, 8=0.1%, 16=0.2%, 32=0.3%, >=64=99.4%
     submit    : 0=0.0%, 4=100.0%, 8=0.0%, 16=0.0%, 32=0.0%, 64=0.0%, >=64=0.0%
     complete  : 0=0.0%, 4=100.0%, 8=0.0%, 16=0.0%, 32=0.0%, 64=0.0%, >=64=0.1%
     issued rwts: total=331692,0,0,0 short=0,0,0,0 dropped=0,0,0,0
     latency   : target=0, window=0, percentile=100.00%, depth=256

Run status group 0 (all jobs):
   READ: bw=4422KiB/s (4528kB/s), 4422KiB/s-4422KiB/s (4528kB/s-4528kB/s), io=1296MiB (1359MB), run=300039-300039msec
