readwrite: (g=0): rw=rw, bs=(R) 4096B-4096B, (W) 4096B-4096B, (T) 4096B-4096B, ioengine=libaio, iodepth=256
...
fio-3.27
Starting 64 processes
readwrite: Laying out IO file (1 file / 1024MiB)
readwrite: Laying out IO file (1 file / 1024MiB)
readwrite: Laying out IO file (1 file / 1024MiB)
readwrite: Laying out IO file (1 file / 1024MiB)
readwrite: Laying out IO file (1 file / 1024MiB)
readwrite: Laying out IO file (1 file / 1024MiB)
readwrite: Laying out IO file (1 file / 1024MiB)
readwrite: Laying out IO file (1 file / 1024MiB)
readwrite: Laying out IO file (1 file / 1024MiB)
readwrite: Laying out IO file (1 file / 1024MiB)
readwrite: Laying out IO file (1 file / 1024MiB)
readwrite: Laying out IO file (1 file / 1024MiB)
readwrite: Laying out IO file (1 file / 1024MiB)
readwrite: Laying out IO file (1 file / 1024MiB)
readwrite: Laying out IO file (1 file / 1024MiB)
readwrite: Laying out IO file (1 file / 1024MiB)
readwrite: Laying out IO file (1 file / 1024MiB)
readwrite: Laying out IO file (1 file / 1024MiB)
readwrite: Laying out IO file (1 file / 1024MiB)
readwrite: Laying out IO file (1 file / 1024MiB)
readwrite: Laying out IO file (1 file / 1024MiB)
readwrite: Laying out IO file (1 file / 1024MiB)
readwrite: Laying out IO file (1 file / 1024MiB)
readwrite: Laying out IO file (1 file / 1024MiB)
readwrite: Laying out IO file (1 file / 1024MiB)
readwrite: Laying out IO file (1 file / 1024MiB)
readwrite: Laying out IO file (1 file / 1024MiB)
readwrite: Laying out IO file (1 file / 1024MiB)
readwrite: Laying out IO file (1 file / 1024MiB)
readwrite: Laying out IO file (1 file / 1024MiB)
readwrite: Laying out IO file (1 file / 1024MiB)
readwrite: Laying out IO file (1 file / 1024MiB)

readwrite: (groupid=0, jobs=64): err= 0: pid=52330: Wed Jul 21 18:16:30 2021
  read: IOPS=24.3k, BW=94.9MiB/s (99.5MB/s)(27.8GiB/300155msec)
    slat (usec): min=7, max=5571.9k, avg=2528.25, stdev=27934.59
    clat (usec): min=10, max=43947k, avg=338809.05, stdev=2360900.73
     lat (usec): min=21, max=44201k, avg=341338.08, stdev=2378005.52
    clat percentiles (msec):
     |  1.00th=[   13],  5.00th=[   13], 10.00th=[   14], 20.00th=[   14],
     | 30.00th=[   14], 40.00th=[   15], 50.00th=[   15], 60.00th=[   15],
     | 70.00th=[   15], 80.00th=[   16], 90.00th=[   17], 95.00th=[   20],
     | 99.00th=[14966], 99.50th=[17113], 99.90th=[17113], 99.95th=[17113],
     | 99.99th=[17113]
   bw (  KiB/s): min=  512, max=1176671, per=100.00%, avg=107268.84, stdev=6077.85, samples=33400
   iops        : min=  128, max=294165, avg=26817.09, stdev=1519.46, samples=33400
  write: IOPS=24.3k, BW=94.9MiB/s (99.5MB/s)(27.8GiB/300155msec); 0 zone resets
    slat (usec): min=68, max=454624, avg=84.47, stdev=404.52
    clat (usec): min=30, max=44089k, avg=328548.46, stdev=2322068.39
     lat (usec): min=108, max=44089k, avg=328634.05, stdev=2322071.65
    clat percentiles (msec):
     |  1.00th=[   13],  5.00th=[   13], 10.00th=[   14], 20.00th=[   14],
     | 30.00th=[   14], 40.00th=[   15], 50.00th=[   15], 60.00th=[   15],
     | 70.00th=[   15], 80.00th=[   16], 90.00th=[   17], 95.00th=[   20],
     | 99.00th=[14697], 99.50th=[17113], 99.90th=[17113], 99.95th=[17113],
     | 99.99th=[17113]
   bw (  KiB/s): min=  512, max=1177859, per=100.00%, avg=107263.13, stdev=6090.05, samples=33295
   iops        : min=  128, max=294461, avg=26815.65, stdev=1522.51, samples=33295
  lat (usec)   : 20=0.01%, 50=0.01%, 250=0.01%, 500=0.01%, 750=0.01%
  lat (usec)   : 1000=0.01%
  lat (msec)   : 2=0.01%, 4=0.01%, 10=0.01%, 20=95.87%, 50=1.34%
  lat (msec)   : 100=0.13%, 250=0.11%, 500=0.10%, 750=0.08%, 1000=0.06%
  lat (msec)   : 2000=0.11%, >=2000=2.20%
  cpu          : usr=0.74%, sys=3.87%, ctx=143525, majf=0, minf=2812
  IO depths    : 1=0.1%, 2=0.1%, 4=0.1%, 8=0.1%, 16=0.1%, 32=0.1%, >=64=100.0%
     submit    : 0=0.0%, 4=100.0%, 8=0.0%, 16=0.0%, 32=0.0%, 64=0.0%, >=64=0.0%
     complete  : 0=0.0%, 4=100.0%, 8=0.0%, 16=0.0%, 32=0.0%, 64=0.0%, >=64=0.1%
     issued rwts: total=7291630,7289478,0,0 short=0,0,0,0 dropped=0,0,0,0
     latency   : target=0, window=0, percentile=100.00%, depth=256

Run status group 0 (all jobs):
   READ: bw=94.9MiB/s (99.5MB/s), 94.9MiB/s-94.9MiB/s (99.5MB/s-99.5MB/s), io=27.8GiB (29.9GB), run=300155-300155msec
  WRITE: bw=94.9MiB/s (99.5MB/s), 94.9MiB/s-94.9MiB/s (99.5MB/s-99.5MB/s), io=27.8GiB (29.9GB), run=300155-300155msec
