test: (g=0): rw=randread, bs=(R) 4096B-4096B, (W) 4096B-4096B, (T) 4096B-4096B, ioengine=libaio, iodepth=256
fio-3.27
Starting 1 process
test: Laying out IO file (1 file / 1024MiB)

test: (groupid=0, jobs=1): err= 0: pid=126907: Tue Jul 20 10:05:39 2021
  read: IOPS=192, BW=769KiB/s (788kB/s)(225MiB/300003msec)
    slat (usec): min=455, max=261291, avg=5180.31, stdev=4038.31
    clat (usec): min=14, max=1709.8k, avg=1322896.35, stdev=87924.00
     lat (msec): min=5, max=1715, avg=1328.08, stdev=88.03
    clat percentiles (msec):
     |  1.00th=[ 1183],  5.00th=[ 1217], 10.00th=[ 1234], 20.00th=[ 1267],
     | 30.00th=[ 1284], 40.00th=[ 1301], 50.00th=[ 1318], 60.00th=[ 1334],
     | 70.00th=[ 1368], 80.00th=[ 1385], 90.00th=[ 1418], 95.00th=[ 1452],
     | 99.00th=[ 1502], 99.50th=[ 1552], 99.90th=[ 1687], 99.95th=[ 1687],
     | 99.99th=[ 1703]
   bw (  KiB/s): min=  240, max=  960, per=99.84%, avg=768.95, stdev=68.98, samples=597
   iops        : min=   60, max=  240, avg=192.23, stdev=17.24, samples=597
  lat (usec)   : 20=0.01%
  lat (msec)   : 10=0.01%, 20=0.01%, 50=0.01%, 100=0.01%, 250=0.05%
  lat (msec)   : 500=0.07%, 750=0.07%, 1000=0.08%, 2000=99.69%
  cpu          : usr=0.44%, sys=2.85%, ctx=57707, majf=0, minf=294
  IO depths    : 1=0.1%, 2=0.1%, 4=0.1%, 8=0.1%, 16=0.1%, 32=0.1%, >=64=99.9%
     submit    : 0=0.0%, 4=100.0%, 8=0.0%, 16=0.0%, 32=0.0%, 64=0.0%, >=64=0.0%
     complete  : 0=0.0%, 4=100.0%, 8=0.0%, 16=0.0%, 32=0.0%, 64=0.0%, >=64=0.1%
     issued rwts: total=57694,0,0,0 short=0,0,0,0 dropped=0,0,0,0
     latency   : target=0, window=0, percentile=100.00%, depth=256

Run status group 0 (all jobs):
   READ: bw=769KiB/s (788kB/s), 769KiB/s-769KiB/s (788kB/s-788kB/s), io=225MiB (236MB), run=300003-300003msec
