readwrite: (g=0): rw=rw, bs=(R) 4096B-4096B, (W) 4096B-4096B, (T) 4096B-4096B, ioengine=libaio, iodepth=256
...
fio-3.27
Starting 16 processes
readwrite: Laying out IO file (1 file / 1024MiB)
readwrite: Laying out IO file (1 file / 1024MiB)
readwrite: Laying out IO file (1 file / 1024MiB)
readwrite: Laying out IO file (1 file / 1024MiB)
readwrite: Laying out IO file (1 file / 1024MiB)
readwrite: Laying out IO file (1 file / 1024MiB)
readwrite: Laying out IO file (1 file / 1024MiB)
readwrite: Laying out IO file (1 file / 1024MiB)

readwrite: (groupid=0, jobs=16): err= 0: pid=142392: Wed Jul 21 18:48:41 2021
  read: IOPS=35.3k, BW=138MiB/s (145MB/s)(40.5GiB/300302msec)
    slat (usec): min=7, max=1214.1k, avg=352.00, stdev=7124.85
    clat (usec): min=15, max=36970k, avg=58077.19, stdev=704354.86
     lat (usec): min=99, max=37018k, avg=58429.92, stdev=709428.94
    clat percentiles (msec):
     |  1.00th=[   12],  5.00th=[   13], 10.00th=[   13], 20.00th=[   14],
     | 30.00th=[   14], 40.00th=[   14], 50.00th=[   14], 60.00th=[   14],
     | 70.00th=[   15], 80.00th=[   15], 90.00th=[   16], 95.00th=[   16],
     | 99.00th=[   37], 99.50th=[ 2500], 99.90th=[11342], 99.95th=[16442],
     | 99.99th=[17113]
   bw (  KiB/s): min=  128, max=544600, per=100.00%, avg=144599.96, stdev=11757.93, samples=9200
   iops        : min=   32, max=136149, avg=36149.59, stdev=2939.45, samples=9200
  write: IOPS=35.3k, BW=138MiB/s (145MB/s)(40.4GiB/300302msec); 0 zone resets
    slat (usec): min=68, max=336143, avg=79.83, stdev=173.12
    clat (usec): min=11, max=37018k, avg=57380.75, stdev=699367.77
     lat (usec): min=82, max=37018k, avg=57461.68, stdev=699369.51
    clat percentiles (msec):
     |  1.00th=[   12],  5.00th=[   13], 10.00th=[   13], 20.00th=[   14],
     | 30.00th=[   14], 40.00th=[   14], 50.00th=[   14], 60.00th=[   14],
     | 70.00th=[   15], 80.00th=[   15], 90.00th=[   16], 95.00th=[   16],
     | 99.00th=[   37], 99.50th=[ 2433], 99.90th=[11342], 99.95th=[16308],
     | 99.99th=[17113]
   bw (  KiB/s): min=  128, max=539432, per=100.00%, avg=144895.82, stdev=11740.79, samples=9204
   iops        : min=   32, max=134856, avg=36223.57, stdev=2935.17, samples=9204
  lat (usec)   : 20=0.01%, 50=0.01%, 100=0.01%, 250=0.01%, 500=0.01%
  lat (usec)   : 750=0.01%, 1000=0.01%
  lat (msec)   : 2=0.01%, 4=0.01%, 10=0.01%, 20=98.18%, 50=0.93%
  lat (msec)   : 100=0.07%, 250=0.06%, 500=0.03%, 750=0.03%, 1000=0.04%
  lat (msec)   : 2000=0.10%, >=2000=0.56%
  cpu          : usr=4.17%, sys=21.06%, ctx=70323, majf=0, minf=714
  IO depths    : 1=0.1%, 2=0.1%, 4=0.1%, 8=0.1%, 16=0.1%, 32=0.1%, >=64=100.0%
     submit    : 0=0.0%, 4=100.0%, 8=0.0%, 16=0.0%, 32=0.0%, 64=0.0%, >=64=0.0%
     complete  : 0=0.0%, 4=100.0%, 8=0.0%, 16=0.0%, 32=0.0%, 64=0.0%, >=64=0.1%
     issued rwts: total=10603804,10603165,0,0 short=0,0,0,0 dropped=0,0,0,0
     latency   : target=0, window=0, percentile=100.00%, depth=256

Run status group 0 (all jobs):
   READ: bw=138MiB/s (145MB/s), 138MiB/s-138MiB/s (145MB/s-145MB/s), io=40.5GiB (43.4GB), run=300302-300302msec
  WRITE: bw=138MiB/s (145MB/s), 138MiB/s-138MiB/s (145MB/s-145MB/s), io=40.4GiB (43.4GB), run=300302-300302msec
