readwrite: (g=0): rw=rw, bs=(R) 4096B-4096B, (W) 4096B-4096B, (T) 4096B-4096B, ioengine=libaio, iodepth=256
...
fio-3.27
Starting 64 processes

readwrite: (groupid=0, jobs=64): err= 0: pid=243773: Wed Jul 21 16:24:12 2021
  read: IOPS=78.5k, BW=307MiB/s (321MB/s)(89.9GiB/300172msec)
    slat (usec): min=7, max=6914.6k, avg=618.57, stdev=10160.92
    clat (usec): min=12, max=36996k, avg=103943.65, stdev=748646.07
     lat (usec): min=81, max=37470k, avg=104563.07, stdev=753657.62
    clat percentiles (msec):
     |  1.00th=[   13],  5.00th=[   14], 10.00th=[   14], 20.00th=[   15],
     | 30.00th=[   15], 40.00th=[   15], 50.00th=[   16], 60.00th=[   16],
     | 70.00th=[   17], 80.00th=[   20], 90.00th=[   21], 95.00th=[   53],
     | 99.00th=[ 2500], 99.50th=[ 4077], 99.90th=[10000], 99.95th=[14160],
     | 99.99th=[17113]
   bw (  KiB/s): min=  512, max=2197176, per=100.00%, avg=326180.57, stdev=9235.66, samples=36580
   iops        : min=  128, max=549292, avg=81544.74, stdev=2308.91, samples=36580
  write: IOPS=78.5k, BW=307MiB/s (321MB/s)(89.9GiB/300172msec); 0 zone resets
    slat (usec): min=68, max=5788.4k, avg=174.86, stdev=5728.43
    clat (usec): min=11, max=37470k, avg=103401.17, stdev=747050.79
     lat (usec): min=92, max=37470k, avg=103577.19, stdev=747420.90
    clat percentiles (msec):
     |  1.00th=[   13],  5.00th=[   14], 10.00th=[   14], 20.00th=[   14],
     | 30.00th=[   15], 40.00th=[   15], 50.00th=[   16], 60.00th=[   16],
     | 70.00th=[   17], 80.00th=[   20], 90.00th=[   21], 95.00th=[   50],
     | 99.00th=[ 2500], 99.50th=[ 4077], 99.90th=[10000], 99.95th=[14295],
     | 99.99th=[17113]
   bw (  KiB/s): min=  512, max=2195618, per=100.00%, avg=326221.45, stdev=9239.77, samples=36576
   iops        : min=  128, max=548904, avg=81554.90, stdev=2309.93, samples=36576
  lat (usec)   : 20=0.01%, 50=0.01%, 100=0.01%, 250=0.01%, 500=0.01%
  lat (usec)   : 750=0.01%, 1000=0.01%
  lat (msec)   : 2=0.01%, 4=0.01%, 10=0.01%, 20=86.74%, 50=8.25%
  lat (msec)   : 100=0.29%, 250=0.74%, 500=0.79%, 750=0.50%, 1000=0.39%
  lat (msec)   : 2000=1.02%, >=2000=1.29%
  cpu          : usr=2.50%, sys=13.88%, ctx=532886, majf=0, minf=2828
  IO depths    : 1=0.1%, 2=0.1%, 4=0.1%, 8=0.1%, 16=0.1%, 32=0.1%, >=64=100.0%
     submit    : 0=0.0%, 4=100.0%, 8=0.0%, 16=0.0%, 32=0.0%, 64=0.0%, >=64=0.0%
     complete  : 0=0.0%, 4=100.0%, 8=0.0%, 16=0.0%, 32=0.0%, 64=0.0%, >=64=0.1%
     issued rwts: total=23554358,23556724,0,0 short=0,0,0,0 dropped=0,0,0,0
     latency   : target=0, window=0, percentile=100.00%, depth=256

Run status group 0 (all jobs):
   READ: bw=307MiB/s (321MB/s), 307MiB/s-307MiB/s (321MB/s-321MB/s), io=89.9GiB (96.5GB), run=300172-300172msec
  WRITE: bw=307MiB/s (321MB/s), 307MiB/s-307MiB/s (321MB/s-321MB/s), io=89.9GiB (96.5GB), run=300172-300172msec
