test: (g=0): rw=read, bs=(R) 4096B-4096B, (W) 4096B-4096B, (T) 4096B-4096B, ioengine=libaio, iodepth=256
fio-3.27
Starting 1 process
test: Laying out IO file (1 file / 1024MiB)

test: (groupid=0, jobs=1): err= 0: pid=173117: Tue Jul 20 14:19:01 2021
  read: IOPS=30.8k, BW=120MiB/s (126MB/s)(35.2GiB/300001msec)
    slat (usec): min=10, max=355423, avg=21.30, stdev=521.66
    clat (usec): min=10, max=1551.1k, avg=8268.28, stdev=37139.72
     lat (usec): min=22, max=1552.1k, avg=8290.38, stdev=37169.36
    clat percentiles (msec):
     |  1.00th=[    5],  5.00th=[    5], 10.00th=[    5], 20.00th=[    5],
     | 30.00th=[    5], 40.00th=[    5], 50.00th=[    5], 60.00th=[    5],
     | 70.00th=[    6], 80.00th=[    6], 90.00th=[   16], 95.00th=[   26],
     | 99.00th=[   27], 99.50th=[   30], 99.90th=[  936], 99.95th=[ 1116],
     | 99.99th=[ 1217]
   bw (  KiB/s): min=    8, max=166072, per=100.00%, avg=129879.86, stdev=54868.09, samples=568
   iops        : min=    2, max=41518, avg=32469.96, stdev=13717.02, samples=568
  lat (usec)   : 20=0.01%, 50=0.01%, 100=0.01%, 250=0.01%, 500=0.01%
  lat (usec)   : 750=0.01%, 1000=0.01%
  lat (msec)   : 2=0.01%, 4=0.01%, 10=88.16%, 20=5.75%, 50=5.81%
  lat (msec)   : 100=0.08%, 250=0.06%, 500=0.02%, 750=0.01%, 1000=0.03%
  lat (msec)   : 2000=0.08%
  cpu          : usr=25.62%, sys=67.46%, ctx=7528, majf=0, minf=294
  IO depths    : 1=0.1%, 2=0.1%, 4=0.1%, 8=0.1%, 16=0.1%, 32=0.1%, >=64=100.0%
     submit    : 0=0.0%, 4=100.0%, 8=0.0%, 16=0.0%, 32=0.0%, 64=0.0%, >=64=0.0%
     complete  : 0=0.0%, 4=100.0%, 8=0.0%, 16=0.0%, 32=0.0%, 64=0.0%, >=64=0.1%
     issued rwts: total=9234448,0,0,0 short=0,0,0,0 dropped=0,0,0,0
     latency   : target=0, window=0, percentile=100.00%, depth=256

Run status group 0 (all jobs):
   READ: bw=120MiB/s (126MB/s), 120MiB/s-120MiB/s (126MB/s-126MB/s), io=35.2GiB (37.8GB), run=300001-300001msec
