readwrite: (g=0): rw=rw, bs=(R) 4096B-4096B, (W) 4096B-4096B, (T) 4096B-4096B, ioengine=libaio, iodepth=256
...
fio-3.27
Starting 8 processes
readwrite: Laying out IO file (1 file / 1024MiB)
readwrite: Laying out IO file (1 file / 1024MiB)
readwrite: Laying out IO file (1 file / 1024MiB)
readwrite: Laying out IO file (1 file / 1024MiB)

readwrite: (groupid=0, jobs=8): err= 0: pid=50473: Wed Jul 21 18:40:17 2021
  read: IOPS=21.3k, BW=83.2MiB/s (87.3MB/s)(24.4GiB/300112msec)
    slat (usec): min=7, max=648918, avg=275.88, stdev=4240.03
    clat (usec): min=10, max=16461k, avg=47914.20, stdev=337185.38
     lat (usec): min=19, max=16481k, avg=48190.81, stdev=339616.05
    clat percentiles (msec):
     |  1.00th=[   12],  5.00th=[   13], 10.00th=[   13], 20.00th=[   14],
     | 30.00th=[   14], 40.00th=[   14], 50.00th=[   14], 60.00th=[   14],
     | 70.00th=[   14], 80.00th=[   15], 90.00th=[   15], 95.00th=[   19],
     | 99.00th=[ 1351], 99.50th=[ 2232], 99.90th=[ 4933], 99.95th=[ 6611],
     | 99.99th=[ 8792]
   bw (  KiB/s): min=   64, max=324504, per=100.00%, avg=85772.05, stdev=13893.91, samples=4767
   iops        : min=   16, max=81124, avg=21442.80, stdev=3473.45, samples=4767
  write: IOPS=21.3k, BW=83.2MiB/s (87.3MB/s)(24.4GiB/300112msec); 0 zone resets
    slat (usec): min=68, max=270726, avg=78.38, stdev=126.00
    clat (usec): min=12, max=16472k, avg=47790.02, stdev=337355.83
     lat (usec): min=84, max=16472k, avg=47869.51, stdev=337358.31
    clat percentiles (msec):
     |  1.00th=[   12],  5.00th=[   13], 10.00th=[   13], 20.00th=[   14],
     | 30.00th=[   14], 40.00th=[   14], 50.00th=[   14], 60.00th=[   14],
     | 70.00th=[   14], 80.00th=[   15], 90.00th=[   15], 95.00th=[   19],
     | 99.00th=[ 1351], 99.50th=[ 2198], 99.90th=[ 4933], 99.95th=[ 6544],
     | 99.99th=[ 9060]
   bw (  KiB/s): min=   64, max=322371, per=100.00%, avg=85867.93, stdev=13884.54, samples=4766
   iops        : min=   16, max=80592, avg=21466.73, stdev=3471.10, samples=4766
  lat (usec)   : 20=0.01%, 50=0.01%, 100=0.01%, 250=0.01%, 500=0.01%
  lat (usec)   : 750=0.01%, 1000=0.01%
  lat (msec)   : 2=0.01%, 4=0.01%, 10=0.01%, 20=97.18%, 50=1.05%
  lat (msec)   : 100=0.07%, 250=0.06%, 500=0.04%, 750=0.11%, 1000=0.21%
  lat (msec)   : 2000=0.69%, >=2000=0.59%
  cpu          : usr=5.08%, sys=25.46%, ctx=100625, majf=0, minf=357
  IO depths    : 1=0.1%, 2=0.1%, 4=0.1%, 8=0.1%, 16=0.1%, 32=0.1%, >=64=100.0%
     submit    : 0=0.0%, 4=100.0%, 8=0.0%, 16=0.0%, 32=0.0%, 64=0.0%, >=64=0.0%
     complete  : 0=0.0%, 4=100.0%, 8=0.0%, 16=0.0%, 32=0.0%, 64=0.0%, >=64=0.1%
     issued rwts: total=6394969,6395189,0,0 short=0,0,0,0 dropped=0,0,0,0
     latency   : target=0, window=0, percentile=100.00%, depth=256

Run status group 0 (all jobs):
   READ: bw=83.2MiB/s (87.3MB/s), 83.2MiB/s-83.2MiB/s (87.3MB/s-87.3MB/s), io=24.4GiB (26.2GB), run=300112-300112msec
  WRITE: bw=83.2MiB/s (87.3MB/s), 83.2MiB/s-83.2MiB/s (87.3MB/s-87.3MB/s), io=24.4GiB (26.2GB), run=300112-300112msec
