test: (g=0): rw=randread, bs=(R) 4096B-4096B, (W) 4096B-4096B, (T) 4096B-4096B, ioengine=libaio, iodepth=256
...
fio-3.27
Starting 16 processes
rand-read: Laying out IO file (1 file / 1024MiB)
rand-read: Laying out IO file (1 file / 1024MiB)
rand-read: Laying out IO file (1 file / 1024MiB)
rand-read: Laying out IO file (1 file / 1024MiB)
rand-read: Laying out IO file (1 file / 1024MiB)
rand-read: Laying out IO file (1 file / 1024MiB)
rand-read: Laying out IO file (1 file / 1024MiB)
rand-read: Laying out IO file (1 file / 1024MiB)

test: (groupid=0, jobs=16): err= 0: pid=203871: Mon Jul 19 22:15:36 2021
  read: IOPS=619, BW=2477KiB/s (2536kB/s)(726MiB/300063msec)
    slat (usec): min=917, max=232803, avg=25813.47, stdev=14018.82
    clat (usec): min=13, max=8135.4k, avg=6526583.03, stdev=698407.94
     lat (msec): min=9, max=8157, avg=6552.40, stdev=699.24
    clat percentiles (msec):
     |  1.00th=[ 2970],  5.00th=[ 5940], 10.00th=[ 6007], 20.00th=[ 6141],
     | 30.00th=[ 6275], 40.00th=[ 6409], 50.00th=[ 6611], 60.00th=[ 6745],
     | 70.00th=[ 6879], 80.00th=[ 7013], 90.00th=[ 7148], 95.00th=[ 7282],
     | 99.00th=[ 7483], 99.50th=[ 7617], 99.90th=[ 7819], 99.95th=[ 7886],
     | 99.99th=[ 8020]
   bw (  KiB/s): min= 1072, max= 3296, per=99.78%, avg=2471.85, stdev=19.49, samples=9396
   iops        : min=  268, max=  824, avg=617.97, stdev= 4.87, samples=9396
  lat (usec)   : 20=0.01%, 50=0.01%
  lat (msec)   : 10=0.01%, 20=0.01%, 50=0.01%, 100=0.02%, 250=0.05%
  lat (msec)   : 500=0.09%, 750=0.08%, 1000=0.09%, 2000=0.33%, >=2000=99.32%
  cpu          : usr=0.11%, sys=0.71%, ctx=185894, majf=0, minf=4718
  IO depths    : 1=0.1%, 2=0.1%, 4=0.1%, 8=0.1%, 16=0.1%, 32=0.3%, >=64=99.5%
     submit    : 0=0.0%, 4=100.0%, 8=0.0%, 16=0.0%, 32=0.0%, 64=0.0%, >=64=0.0%
     complete  : 0=0.0%, 4=100.0%, 8=0.0%, 16=0.0%, 32=0.0%, 64=0.0%, >=64=0.1%
     issued rwts: total=185777,0,0,0 short=0,0,0,0 dropped=0,0,0,0
     latency   : target=0, window=0, percentile=100.00%, depth=256

Run status group 0 (all jobs):
   READ: bw=2477KiB/s (2536kB/s), 2477KiB/s-2477KiB/s (2536kB/s-2536kB/s), io=726MiB (761MB), run=300063-300063msec
