test: (g=0): rw=randread, bs=(R) 4096B-4096B, (W) 4096B-4096B, (T) 4096B-4096B, ioengine=libaio, iodepth=256
fio-3.27
Starting 1 process
test: Laying out IO file (1 file / 1024MiB)

test: (groupid=0, jobs=1): err= 0: pid=114226: Tue Jul 20 10:05:39 2021
  read: IOPS=191, BW=764KiB/s (783kB/s)(224MiB/300002msec)
    slat (usec): min=446, max=375897, avg=5215.61, stdev=4146.09
    clat (usec): min=27, max=1808.1k, avg=1331901.67, stdev=86237.12
     lat (msec): min=5, max=1815, avg=1337.12, stdev=86.34
    clat percentiles (msec):
     |  1.00th=[ 1183],  5.00th=[ 1234], 10.00th=[ 1250], 20.00th=[ 1284],
     | 30.00th=[ 1301], 40.00th=[ 1318], 50.00th=[ 1334], 60.00th=[ 1351],
     | 70.00th=[ 1368], 80.00th=[ 1385], 90.00th=[ 1418], 95.00th=[ 1452],
     | 99.00th=[ 1502], 99.50th=[ 1536], 99.90th=[ 1787], 99.95th=[ 1787],
     | 99.99th=[ 1804]
   bw (  KiB/s): min=  336, max=  968, per=99.85%, avg=763.75, stdev=64.89, samples=597
   iops        : min=   84, max=  242, avg=190.93, stdev=16.22, samples=597
  lat (usec)   : 50=0.01%
  lat (msec)   : 10=0.01%, 20=0.01%, 50=0.01%, 100=0.01%, 250=0.05%
  lat (msec)   : 500=0.08%, 750=0.07%, 1000=0.08%, 2000=99.68%
  cpu          : usr=0.43%, sys=2.71%, ctx=57326, majf=0, minf=294
  IO depths    : 1=0.1%, 2=0.1%, 4=0.1%, 8=0.1%, 16=0.1%, 32=0.1%, >=64=99.9%
     submit    : 0=0.0%, 4=100.0%, 8=0.0%, 16=0.0%, 32=0.0%, 64=0.0%, >=64=0.0%
     complete  : 0=0.0%, 4=100.0%, 8=0.0%, 16=0.0%, 32=0.0%, 64=0.0%, >=64=0.1%
     issued rwts: total=57313,0,0,0 short=0,0,0,0 dropped=0,0,0,0
     latency   : target=0, window=0, percentile=100.00%, depth=256

Run status group 0 (all jobs):
   READ: bw=764KiB/s (783kB/s), 764KiB/s-764KiB/s (783kB/s-783kB/s), io=224MiB (235MB), run=300002-300002msec
