readwrite: (g=0): rw=rw, bs=(R) 4096B-4096B, (W) 4096B-4096B, (T) 4096B-4096B, ioengine=libaio, iodepth=256
...
fio-3.27
Starting 8 processes
readwrite: Laying out IO file (1 file / 1024MiB)
readwrite: Laying out IO file (1 file / 1024MiB)
readwrite: Laying out IO file (1 file / 1024MiB)
readwrite: Laying out IO file (1 file / 1024MiB)

readwrite: (groupid=0, jobs=8): err= 0: pid=16693: Wed Jul 21 16:53:46 2021
  read: IOPS=38.1k, BW=149MiB/s (156MB/s)(43.6GiB/300002msec)
    slat (usec): min=7, max=978184, avg=93.75, stdev=1702.63
    clat (usec): min=12, max=5866.3k, avg=26759.00, stdev=104030.09
     lat (usec): min=105, max=5896.2k, avg=26853.53, stdev=104592.63
    clat percentiles (msec):
     |  1.00th=[   13],  5.00th=[   13], 10.00th=[   13], 20.00th=[   14],
     | 30.00th=[   14], 40.00th=[   14], 50.00th=[   14], 60.00th=[   15],
     | 70.00th=[   15], 80.00th=[   15], 90.00th=[   19], 95.00th=[   20],
     | 99.00th=[  460], 99.50th=[  701], 99.90th=[ 1351], 99.95th=[ 1737],
     | 99.99th=[ 3272]
   bw (  KiB/s): min=  184, max=318608, per=100.00%, avg=153899.87, stdev=14498.13, samples=4753
   iops        : min=   46, max=79652, avg=38474.46, stdev=3624.53, samples=4753
  write: IOPS=38.1k, BW=149MiB/s (156MB/s)(43.6GiB/300002msec); 0 zone resets
    slat (usec): min=68, max=805714, avg=94.29, stdev=1668.43
    clat (usec): min=11, max=5885.6k, avg=26664.15, stdev=103487.23
     lat (usec): min=83, max=5885.9k, avg=26759.56, stdev=103617.32
    clat percentiles (msec):
     |  1.00th=[   13],  5.00th=[   13], 10.00th=[   13], 20.00th=[   14],
     | 30.00th=[   14], 40.00th=[   14], 50.00th=[   14], 60.00th=[   15],
     | 70.00th=[   15], 80.00th=[   15], 90.00th=[   19], 95.00th=[   20],
     | 99.00th=[  460], 99.50th=[  701], 99.90th=[ 1351], 99.95th=[ 1737],
     | 99.99th=[ 3239]
   bw (  KiB/s): min=  256, max=318086, per=100.00%, avg=153937.49, stdev=14492.02, samples=4750
   iops        : min=   64, max=79521, avg=38483.84, stdev=3623.00, samples=4750
  lat (usec)   : 20=0.01%, 100=0.01%, 250=0.01%, 500=0.01%, 750=0.01%
  lat (usec)   : 1000=0.01%
  lat (msec)   : 2=0.01%, 4=0.01%, 10=0.01%, 20=95.43%, 50=2.05%
  lat (msec)   : 100=0.19%, 250=0.51%, 500=0.94%, 750=0.44%, 1000=0.22%
  lat (msec)   : 2000=0.20%, >=2000=0.03%
  cpu          : usr=9.32%, sys=48.34%, ctx=199780, majf=0, minf=361
  IO depths    : 1=0.1%, 2=0.1%, 4=0.1%, 8=0.1%, 16=0.1%, 32=0.1%, >=64=100.0%
     submit    : 0=0.0%, 4=100.0%, 8=0.0%, 16=0.0%, 32=0.0%, 64=0.0%, >=64=0.0%
     complete  : 0=0.0%, 4=100.0%, 8=0.0%, 16=0.0%, 32=0.0%, 64=0.0%, >=64=0.1%
     issued rwts: total=11442034,11440331,0,0 short=0,0,0,0 dropped=0,0,0,0
     latency   : target=0, window=0, percentile=100.00%, depth=256

Run status group 0 (all jobs):
   READ: bw=149MiB/s (156MB/s), 149MiB/s-149MiB/s (156MB/s-156MB/s), io=43.6GiB (46.9GB), run=300002-300002msec
  WRITE: bw=149MiB/s (156MB/s), 149MiB/s-149MiB/s (156MB/s-156MB/s), io=43.6GiB (46.9GB), run=300002-300002msec
