test: (g=0): rw=randread, bs=(R) 4096B-4096B, (W) 4096B-4096B, (T) 4096B-4096B, ioengine=libaio, iodepth=256
fio-3.27
Starting 1 process
test: Laying out IO file (1 file / 1024MiB)

test: (groupid=0, jobs=1): err= 0: pid=146294: Tue Jul 20 11:05:15 2021
  read: IOPS=171, BW=685KiB/s (702kB/s)(201MiB/300003msec)
    slat (usec): min=451, max=81752, avg=5819.20, stdev=4174.77
    clat (usec): min=12, max=1763.6k, avg=1484714.59, stdev=93904.42
     lat (msec): min=15, max=1770, avg=1490.54, stdev=94.00
    clat percentiles (msec):
     |  1.00th=[ 1334],  5.00th=[ 1368], 10.00th=[ 1401], 20.00th=[ 1418],
     | 30.00th=[ 1452], 40.00th=[ 1469], 50.00th=[ 1485], 60.00th=[ 1502],
     | 70.00th=[ 1519], 80.00th=[ 1552], 90.00th=[ 1586], 95.00th=[ 1620],
     | 99.00th=[ 1703], 99.50th=[ 1720], 99.90th=[ 1737], 99.95th=[ 1754],
     | 99.99th=[ 1770]
   bw (  KiB/s): min=    8, max=  864, per=99.81%, avg=684.60, stdev=61.47, samples=597
   iops        : min=    2, max=  216, avg=171.15, stdev=15.37, samples=597
  lat (usec)   : 20=0.01%
  lat (msec)   : 20=0.01%, 50=0.01%, 100=0.02%, 250=0.04%, 500=0.09%
  lat (msec)   : 750=0.08%, 1000=0.07%, 2000=99.70%
  cpu          : usr=0.33%, sys=2.39%, ctx=51411, majf=0, minf=293
  IO depths    : 1=0.1%, 2=0.1%, 4=0.1%, 8=0.1%, 16=0.1%, 32=0.1%, >=64=99.9%
     submit    : 0=0.0%, 4=100.0%, 8=0.0%, 16=0.0%, 32=0.0%, 64=0.0%, >=64=0.0%
     complete  : 0=0.0%, 4=100.0%, 8=0.0%, 16=0.0%, 32=0.0%, 64=0.0%, >=64=0.1%
     issued rwts: total=51396,0,0,0 short=0,0,0,0 dropped=0,0,0,0
     latency   : target=0, window=0, percentile=100.00%, depth=256

Run status group 0 (all jobs):
   READ: bw=685KiB/s (702kB/s), 685KiB/s-685KiB/s (702kB/s-702kB/s), io=201MiB (211MB), run=300003-300003msec
