readwrite: (g=0): rw=rw, bs=(R) 4096B-4096B, (W) 4096B-4096B, (T) 4096B-4096B, ioengine=libaio, iodepth=256
...
fio-3.27
Starting 32 processes
readwrite: Laying out IO file (1 file / 1024MiB)
readwrite: Laying out IO file (1 file / 1024MiB)
readwrite: Laying out IO file (1 file / 1024MiB)
readwrite: Laying out IO file (1 file / 1024MiB)
readwrite: Laying out IO file (1 file / 1024MiB)
readwrite: Laying out IO file (1 file / 1024MiB)
readwrite: Laying out IO file (1 file / 1024MiB)
readwrite: Laying out IO file (1 file / 1024MiB)
readwrite: Laying out IO file (1 file / 1024MiB)
readwrite: Laying out IO file (1 file / 1024MiB)
readwrite: Laying out IO file (1 file / 1024MiB)
readwrite: Laying out IO file (1 file / 1024MiB)
readwrite: Laying out IO file (1 file / 1024MiB)
readwrite: Laying out IO file (1 file / 1024MiB)
readwrite: Laying out IO file (1 file / 1024MiB)
readwrite: Laying out IO file (1 file / 1024MiB)

readwrite: (groupid=0, jobs=32): err= 0: pid=65510: Wed Jul 21 18:59:27 2021
  read: IOPS=20.5k, BW=80.1MiB/s (84.0MB/s)(23.5GiB/300172msec)
    slat (usec): min=7, max=2164.3k, avg=1458.99, stdev=16100.82
    clat (usec): min=12, max=32631k, avg=200641.83, stdev=1601614.68
     lat (usec): min=107, max=32747k, avg=202101.57, stdev=1613172.74
    clat percentiles (msec):
     |  1.00th=[   12],  5.00th=[   13], 10.00th=[   13], 20.00th=[   14],
     | 30.00th=[   14], 40.00th=[   14], 50.00th=[   14], 60.00th=[   14],
     | 70.00th=[   15], 80.00th=[   15], 90.00th=[   16], 95.00th=[   19],
     | 99.00th=[ 8658], 99.50th=[14160], 99.90th=[17113], 99.95th=[17113],
     | 99.99th=[17113]
   bw (  KiB/s): min=  256, max=752618, per=100.00%, avg=87094.22, stdev=7854.23, samples=17743
   iops        : min=   64, max=188154, avg=21773.37, stdev=1963.54, samples=17743
  write: IOPS=20.5k, BW=80.1MiB/s (84.0MB/s)(23.5GiB/300172msec); 0 zone resets
    slat (usec): min=68, max=398236, avg=80.14, stdev=259.40
    clat (usec): min=11, max=32329k, avg=195847.92, stdev=1578346.71
     lat (usec): min=90, max=32329k, avg=195929.16, stdev=1578349.89
    clat percentiles (msec):
     |  1.00th=[   12],  5.00th=[   13], 10.00th=[   13], 20.00th=[   14],
     | 30.00th=[   14], 40.00th=[   14], 50.00th=[   14], 60.00th=[   14],
     | 70.00th=[   15], 80.00th=[   15], 90.00th=[   16], 95.00th=[   19],
     | 99.00th=[ 8423], 99.50th=[13892], 99.90th=[17113], 99.95th=[17113],
     | 99.99th=[17113]
   bw (  KiB/s): min=  256, max=752212, per=100.00%, avg=86553.81, stdev=7891.57, samples=17689
   iops        : min=   64, max=188051, avg=21638.28, stdev=1972.88, samples=17689
  lat (usec)   : 20=0.01%, 50=0.01%, 100=0.01%, 250=0.01%, 500=0.01%
  lat (usec)   : 750=0.01%, 1000=0.01%
  lat (msec)   : 2=0.01%, 4=0.01%, 10=0.01%, 20=96.95%, 50=1.00%
  lat (msec)   : 100=0.09%, 250=0.05%, 500=0.06%, 750=0.05%, 1000=0.07%
  lat (msec)   : 2000=0.09%, >=2000=1.64%
  cpu          : usr=1.22%, sys=6.22%, ctx=94845, majf=0, minf=1416
  IO depths    : 1=0.1%, 2=0.1%, 4=0.1%, 8=0.1%, 16=0.1%, 32=0.1%, >=64=100.0%
     submit    : 0=0.0%, 4=100.0%, 8=0.0%, 16=0.0%, 32=0.0%, 64=0.0%, >=64=0.0%
     complete  : 0=0.0%, 4=100.0%, 8=0.0%, 16=0.0%, 32=0.0%, 64=0.0%, >=64=0.1%
     issued rwts: total=6156087,6156363,0,0 short=0,0,0,0 dropped=0,0,0,0
     latency   : target=0, window=0, percentile=100.00%, depth=256

Run status group 0 (all jobs):
   READ: bw=80.1MiB/s (84.0MB/s), 80.1MiB/s-80.1MiB/s (84.0MB/s-84.0MB/s), io=23.5GiB (25.2GB), run=300172-300172msec
  WRITE: bw=80.1MiB/s (84.0MB/s), 80.1MiB/s-80.1MiB/s (84.0MB/s-84.0MB/s), io=23.5GiB (25.2GB), run=300172-300172msec
