test: (g=0): rw=read, bs=(R) 4096B-4096B, (W) 4096B-4096B, (T) 4096B-4096B, ioengine=libaio, iodepth=256
...
fio-3.27
Starting 2 processes
seq-read: Laying out IO file (1 file / 1024MiB)

test: (groupid=0, jobs=2): err= 0: pid=223080: Tue Jul 20 13:23:19 2021
  read: IOPS=32.3k, BW=126MiB/s (132MB/s)(36.9GiB/300003msec)
    slat (usec): min=10, max=443530, avg=50.76, stdev=843.35
    clat (usec): min=10, max=6136.9k, avg=15783.62, stdev=79774.68
     lat (usec): min=21, max=6145.7k, avg=15835.16, stdev=80025.44
    clat percentiles (msec):
     |  1.00th=[    5],  5.00th=[    5], 10.00th=[    5], 20.00th=[    5],
     | 30.00th=[    5], 40.00th=[    5], 50.00th=[    5], 60.00th=[    5],
     | 70.00th=[    6], 80.00th=[    6], 90.00th=[   16], 95.00th=[   26],
     | 99.00th=[  368], 99.50th=[  567], 99.90th=[ 1020], 99.95th=[ 1217],
     | 99.99th=[ 1670]
   bw (  KiB/s): min=   56, max=331504, per=100.00%, avg=133849.01, stdev=47962.57, samples=1175
   iops        : min=   14, max=82876, avg=33462.26, stdev=11990.65, samples=1175
  lat (usec)   : 20=0.01%, 50=0.01%, 100=0.01%, 250=0.01%, 500=0.01%
  lat (usec)   : 750=0.01%, 1000=0.01%
  lat (msec)   : 2=0.01%, 4=0.01%, 10=87.24%, 20=5.10%, 50=5.77%
  lat (msec)   : 100=0.06%, 250=0.16%, 500=1.03%, 750=0.37%, 1000=0.17%
  lat (msec)   : 2000=0.10%, >=2000=0.01%
  cpu          : usr=13.64%, sys=38.07%, ctx=168839, majf=0, minf=590
  IO depths    : 1=0.1%, 2=0.1%, 4=0.1%, 8=0.1%, 16=0.1%, 32=0.1%, >=64=100.0%
     submit    : 0=0.0%, 4=100.0%, 8=0.0%, 16=0.0%, 32=0.0%, 64=0.0%, >=64=0.0%
     complete  : 0=0.0%, 4=100.0%, 8=0.0%, 16=0.0%, 32=0.0%, 64=0.0%, >=64=0.1%
     issued rwts: total=9676441,0,0,0 short=0,0,0,0 dropped=0,0,0,0
     latency   : target=0, window=0, percentile=100.00%, depth=256

Run status group 0 (all jobs):
   READ: bw=126MiB/s (132MB/s), 126MiB/s-126MiB/s (132MB/s-132MB/s), io=36.9GiB (39.6GB), run=300003-300003msec
