test: (g=0): rw=randread, bs=(R) 4096B-4096B, (W) 4096B-4096B, (T) 4096B-4096B, ioengine=libaio, iodepth=256
...
fio-3.27
Starting 16 processes
rand-read: Laying out IO file (1 file / 1024MiB)
rand-read: Laying out IO file (1 file / 1024MiB)
rand-read: Laying out IO file (1 file / 1024MiB)
rand-read: Laying out IO file (1 file / 1024MiB)
rand-read: Laying out IO file (1 file / 1024MiB)
rand-read: Laying out IO file (1 file / 1024MiB)
rand-read: Laying out IO file (1 file / 1024MiB)
rand-read: Laying out IO file (1 file / 1024MiB)

test: (groupid=0, jobs=16): err= 0: pid=167927: Tue Jul 20 11:31:17 2021
  read: IOPS=537, BW=2152KiB/s (2203kB/s)(631MiB/300162msec)
    slat (usec): min=567, max=387339, avg=29707.07, stdev=15416.69
    clat (usec): min=15, max=11094k, avg=7490105.90, stdev=935329.08
     lat (msec): min=8, max=11131, avg=7519.82, stdev=936.80
    clat percentiles (msec):
     |  1.00th=[ 2970],  5.00th=[ 6812], 10.00th=[ 6946], 20.00th=[ 7080],
     | 30.00th=[ 7215], 40.00th=[ 7282], 50.00th=[ 7416], 60.00th=[ 7550],
     | 70.00th=[ 7684], 80.00th=[ 7953], 90.00th=[ 8423], 95.00th=[ 8926],
     | 99.00th=[ 9866], 99.50th=[10134], 99.90th=[10537], 99.95th=[10671],
     | 99.99th=[10939]
   bw (  KiB/s): min=  960, max= 2936, per=99.93%, avg=2150.88, stdev=19.14, samples=9351
   iops        : min=  240, max=  734, avg=537.72, stdev= 4.78, samples=9351
  lat (usec)   : 20=0.01%, 50=0.01%
  lat (msec)   : 10=0.01%, 20=0.01%, 50=0.01%, 100=0.02%, 250=0.06%
  lat (msec)   : 500=0.08%, 750=0.08%, 1000=0.09%, 2000=0.32%, >=2000=99.32%
  cpu          : usr=0.10%, sys=0.61%, ctx=161562, majf=0, minf=4719
  IO depths    : 1=0.1%, 2=0.1%, 4=0.1%, 8=0.1%, 16=0.2%, 32=0.3%, >=64=99.4%
     submit    : 0=0.0%, 4=100.0%, 8=0.0%, 16=0.0%, 32=0.0%, 64=0.0%, >=64=0.0%
     complete  : 0=0.0%, 4=100.0%, 8=0.0%, 16=0.0%, 32=0.0%, 64=0.0%, >=64=0.1%
     issued rwts: total=161452,0,0,0 short=0,0,0,0 dropped=0,0,0,0
     latency   : target=0, window=0, percentile=100.00%, depth=256

Run status group 0 (all jobs):
   READ: bw=2152KiB/s (2203kB/s), 2152KiB/s-2152KiB/s (2203kB/s-2203kB/s), io=631MiB (661MB), run=300162-300162msec
