test: (g=0): rw=read, bs=(R) 4096B-4096B, (W) 4096B-4096B, (T) 4096B-4096B, ioengine=libaio, iodepth=256
...
fio-3.27
Starting 2 processes
seq-read: Laying out IO file (1 file / 1024MiB)

test: (groupid=0, jobs=2): err= 0: pid=217249: Tue Jul 20 14:24:35 2021
  read: IOPS=34.5k, BW=135MiB/s (141MB/s)(39.5GiB/300001msec)
    slat (usec): min=10, max=96078, avg=46.69, stdev=588.01
    clat (usec): min=11, max=5546.7k, avg=14765.35, stdev=72663.18
     lat (usec): min=72, max=5556.1k, avg=14812.84, stdev=72893.35
    clat percentiles (msec):
     |  1.00th=[    5],  5.00th=[    5], 10.00th=[    5], 20.00th=[    5],
     | 30.00th=[    5], 40.00th=[    5], 50.00th=[    5], 60.00th=[    6],
     | 70.00th=[    6], 80.00th=[    6], 90.00th=[   16], 95.00th=[   26],
     | 99.00th=[  397], 99.50th=[  575], 99.90th=[  919], 99.95th=[  953],
     | 99.99th=[ 1116]
   bw (  KiB/s): min=  784, max=332048, per=100.00%, avg=143167.15, stdev=43258.25, samples=1174
   iops        : min=  196, max=83012, avg=35791.78, stdev=10814.56, samples=1174
  lat (usec)   : 20=0.01%, 50=0.01%, 100=0.01%, 250=0.01%, 500=0.01%
  lat (usec)   : 750=0.01%, 1000=0.01%
  lat (msec)   : 2=0.01%, 4=0.01%, 10=87.91%, 20=4.68%, 50=5.81%
  lat (msec)   : 100=0.03%, 250=0.11%, 500=0.81%, 750=0.38%, 1000=0.24%
  lat (msec)   : 2000=0.02%, >=2000=0.01%
  cpu          : usr=14.64%, sys=39.95%, ctx=153781, majf=0, minf=590
  IO depths    : 1=0.1%, 2=0.1%, 4=0.1%, 8=0.1%, 16=0.1%, 32=0.1%, >=64=100.0%
     submit    : 0=0.0%, 4=100.0%, 8=0.0%, 16=0.0%, 32=0.0%, 64=0.0%, >=64=0.0%
     complete  : 0=0.0%, 4=100.0%, 8=0.0%, 16=0.0%, 32=0.0%, 64=0.0%, >=64=0.1%
     issued rwts: total=10358106,0,0,0 short=0,0,0,0 dropped=0,0,0,0
     latency   : target=0, window=0, percentile=100.00%, depth=256

Run status group 0 (all jobs):
   READ: bw=135MiB/s (141MB/s), 135MiB/s-135MiB/s (141MB/s-141MB/s), io=39.5GiB (42.4GB), run=300001-300001msec
