readwrite: (g=0): rw=rw, bs=(R) 4096B-4096B, (W) 4096B-4096B, (T) 4096B-4096B, ioengine=libaio, iodepth=256
fio-3.27
Starting 1 process

readwrite: (groupid=0, jobs=1): err= 0: pid=39586: Wed Jul 21 16:26:39 2021
  read: IOPS=784, BW=3140KiB/s (3215kB/s)(920MiB/300028msec)
    slat (usec): min=7, max=864657, avg=1010.67, stdev=9576.86
    clat (usec): min=23, max=12191k, avg=162800.54, stdev=937124.19
     lat (msec): min=10, max=12239, avg=163.81, stdev=942.96
    clat percentiles (msec):
     |  1.00th=[   12],  5.00th=[   13], 10.00th=[   13], 20.00th=[   13],
     | 30.00th=[   13], 40.00th=[   14], 50.00th=[   14], 60.00th=[   14],
     | 70.00th=[   19], 80.00th=[   19], 90.00th=[   20], 95.00th=[   35],
     | 99.00th=[ 5671], 99.50th=[ 7617], 99.90th=[10268], 99.95th=[10805],
     | 99.99th=[12013]
   bw (  KiB/s): min=    8, max=41000, per=100.00%, avg=3240.28, stdev=9524.93, samples=580
   iops        : min=    2, max=10250, avg=810.06, stdev=2381.23, samples=580
  write: IOPS=784, BW=3139KiB/s (3215kB/s)(920MiB/300028msec); 0 zone resets
    slat (usec): min=68, max=680084, avg=243.99, stdev=7901.15
    clat (msec): min=10, max=12232, avg=161.88, stdev=936.12
     lat (msec): min=10, max=12232, avg=162.12, stdev=937.29
    clat percentiles (msec):
     |  1.00th=[   12],  5.00th=[   13], 10.00th=[   13], 20.00th=[   13],
     | 30.00th=[   13], 40.00th=[   14], 50.00th=[   14], 60.00th=[   14],
     | 70.00th=[   19], 80.00th=[   19], 90.00th=[   20], 95.00th=[   35],
     | 99.00th=[ 5738], 99.50th=[ 7684], 99.90th=[10268], 99.95th=[10805],
     | 99.99th=[12013]
   bw (  KiB/s): min=    8, max=41352, per=100.00%, avg=3201.78, stdev=9475.13, samples=587
   iops        : min=    2, max=10338, avg=800.44, stdev=2368.78, samples=587
  lat (usec)   : 50=0.01%
  lat (msec)   : 20=91.80%, 50=3.68%, 100=0.29%, 250=0.39%, 500=0.16%
  lat (msec)   : 750=0.40%, 1000=0.31%, 2000=0.70%, >=2000=2.27%
  cpu          : usr=1.59%, sys=8.36%, ctx=7052, majf=0, minf=43
  IO depths    : 1=0.1%, 2=0.1%, 4=0.1%, 8=0.1%, 16=0.1%, 32=0.1%, >=64=100.0%
     submit    : 0=0.0%, 4=100.0%, 8=0.0%, 16=0.0%, 32=0.0%, 64=0.0%, >=64=0.0%
     complete  : 0=0.0%, 4=100.0%, 8=0.0%, 16=0.0%, 32=0.0%, 64=0.0%, >=64=0.1%
     issued rwts: total=235521,235472,0,0 short=0,0,0,0 dropped=0,0,0,0
     latency   : target=0, window=0, percentile=100.00%, depth=256

Run status group 0 (all jobs):
   READ: bw=3140KiB/s (3215kB/s), 3140KiB/s-3140KiB/s (3215kB/s-3215kB/s), io=920MiB (965MB), run=300028-300028msec
  WRITE: bw=3139KiB/s (3215kB/s), 3139KiB/s-3139KiB/s (3215kB/s-3215kB/s), io=920MiB (964MB), run=300028-300028msec
