test: (g=0): rw=read, bs=(R) 4096B-4096B, (W) 4096B-4096B, (T) 4096B-4096B, ioengine=libaio, iodepth=256
...
fio-3.27
Starting 16 processes
seq-read: Laying out IO file (1 file / 1024MiB)
seq-read: Laying out IO file (1 file / 1024MiB)
seq-read: Laying out IO file (1 file / 1024MiB)
seq-read: Laying out IO file (1 file / 1024MiB)
seq-read: Laying out IO file (1 file / 1024MiB)
seq-read: Laying out IO file (1 file / 1024MiB)
seq-read: Laying out IO file (1 file / 1024MiB)
seq-read: Laying out IO file (1 file / 1024MiB)

test: (groupid=0, jobs=16): err= 0: pid=227304: Tue Jul 20 13:44:15 2021
  read: IOPS=14.5k, BW=56.5MiB/s (59.3MB/s)(16.6GiB/300756msec)
    slat (usec): min=10, max=4354.9k, avg=1092.53, stdev=12873.67
    clat (usec): min=17, max=32828k, avg=280902.90, stdev=1734911.90
     lat (usec): min=1619, max=32930k, avg=281996.33, stdev=1741389.80
    clat percentiles (msec):
     |  1.00th=[    5],  5.00th=[    5], 10.00th=[    5], 20.00th=[    5],
     | 30.00th=[    5], 40.00th=[    5], 50.00th=[    6], 60.00th=[    6],
     | 70.00th=[    6], 80.00th=[   17], 90.00th=[   17], 95.00th=[   57],
     | 99.00th=[ 9329], 99.50th=[13624], 99.90th=[17113], 99.95th=[17113],
     | 99.99th=[17113]
   bw (  KiB/s): min=  128, max=2354656, per=100.00%, avg=58910.61, stdev=20492.35, samples=9471
   iops        : min=   32, max=588664, avg=14727.64, stdev=5123.09, samples=9471
  lat (usec)   : 20=0.01%, 50=0.01%
  lat (msec)   : 2=0.01%, 10=73.39%, 20=16.69%, 50=4.79%, 100=0.30%
  lat (msec)   : 250=0.14%, 500=0.17%, 750=0.31%, 1000=0.36%, 2000=0.87%
  lat (msec)   : >=2000=2.98%
  cpu          : usr=0.84%, sys=2.96%, ctx=194635, majf=0, minf=4735
  IO depths    : 1=0.1%, 2=0.1%, 4=0.1%, 8=0.1%, 16=0.1%, 32=0.1%, >=64=100.0%
     submit    : 0=0.0%, 4=100.0%, 8=0.0%, 16=0.0%, 32=0.0%, 64=0.0%, >=64=0.0%
     complete  : 0=0.0%, 4=100.0%, 8=0.0%, 16=0.0%, 32=0.0%, 64=0.0%, >=64=0.1%
     issued rwts: total=4351875,0,0,0 short=0,0,0,0 dropped=0,0,0,0
     latency   : target=0, window=0, percentile=100.00%, depth=256

Run status group 0 (all jobs):
   READ: bw=56.5MiB/s (59.3MB/s), 56.5MiB/s-56.5MiB/s (59.3MB/s-59.3MB/s), io=16.6GiB (17.8GB), run=300756-300756msec
