test: (g=0): rw=read, bs=(R) 4096B-4096B, (W) 4096B-4096B, (T) 4096B-4096B, ioengine=libaio, iodepth=256
...
fio-3.27
Starting 16 processes
seq-read: Laying out IO file (1 file / 1024MiB)
seq-read: Laying out IO file (1 file / 1024MiB)
seq-read: Laying out IO file (1 file / 1024MiB)
seq-read: Laying out IO file (1 file / 1024MiB)
seq-read: Laying out IO file (1 file / 1024MiB)
seq-read: Laying out IO file (1 file / 1024MiB)
seq-read: Laying out IO file (1 file / 1024MiB)
seq-read: Laying out IO file (1 file / 1024MiB)

test: (groupid=0, jobs=16): err= 0: pid=46688: Tue Jul 20 15:48:26 2021
  read: IOPS=31.3k, BW=122MiB/s (128MB/s)(35.8GiB/300023msec)
    slat (usec): min=10, max=541944, avg=499.06, stdev=4175.77
    clat (usec): min=10, max=28606k, avg=130063.51, stdev=818947.47
     lat (usec): min=22, max=28718k, avg=130563.47, stdev=821980.60
    clat percentiles (msec):
     |  1.00th=[    5],  5.00th=[    5], 10.00th=[    5], 20.00th=[    5],
     | 30.00th=[    5], 40.00th=[    6], 50.00th=[    6], 60.00th=[    6],
     | 70.00th=[    6], 80.00th=[   16], 90.00th=[   26], 95.00th=[ 1020],
     | 99.00th=[ 2836], 99.50th=[ 4396], 99.90th=[12818], 99.95th=[15905],
     | 99.99th=[17113]
   bw (  KiB/s): min=  296, max=2296080, per=100.00%, avg=127600.21, stdev=25841.29, samples=9532
   iops        : min=   74, max=574020, avg=31899.97, stdev=6460.32, samples=9532
  lat (usec)   : 20=0.01%, 50=0.01%, 100=0.01%, 250=0.01%, 500=0.01%
  lat (usec)   : 750=0.01%, 1000=0.01%
  lat (msec)   : 2=0.01%, 4=0.01%, 10=79.28%, 20=10.08%, 50=5.27%
  lat (msec)   : 100=0.10%, 250=0.01%, 500=0.01%, 750=0.01%, 1000=0.19%
  lat (msec)   : 2000=3.52%, >=2000=1.53%
  cpu          : usr=1.82%, sys=6.14%, ctx=484187, majf=0, minf=4736
  IO depths    : 1=0.1%, 2=0.1%, 4=0.1%, 8=0.1%, 16=0.1%, 32=0.1%, >=64=100.0%
     submit    : 0=0.0%, 4=100.0%, 8=0.0%, 16=0.0%, 32=0.0%, 64=0.0%, >=64=0.0%
     complete  : 0=0.0%, 4=100.0%, 8=0.0%, 16=0.0%, 32=0.0%, 64=0.0%, >=64=0.1%
     issued rwts: total=9395536,0,0,0 short=0,0,0,0 dropped=0,0,0,0
     latency   : target=0, window=0, percentile=100.00%, depth=256

Run status group 0 (all jobs):
   READ: bw=122MiB/s (128MB/s), 122MiB/s-122MiB/s (128MB/s-128MB/s), io=35.8GiB (38.5GB), run=300023-300023msec
