readwrite: (g=0): rw=rw, bs=(R) 4096B-4096B, (W) 4096B-4096B, (T) 4096B-4096B, ioengine=libaio, iodepth=256
...
fio-3.27
Starting 8 processes
readwrite: Laying out IO file (1 file / 1024MiB)
readwrite: Laying out IO file (1 file / 1024MiB)
readwrite: Laying out IO file (1 file / 1024MiB)
readwrite: Laying out IO file (1 file / 1024MiB)

readwrite: (groupid=0, jobs=8): err= 0: pid=77718: Wed Jul 21 19:40:18 2021
  read: IOPS=18.4k, BW=71.9MiB/s (75.3MB/s)(21.1GiB/300073msec)
    slat (usec): min=7, max=990973, avg=335.81, stdev=5673.08
    clat (usec): min=10, max=24391k, avg=55710.81, stdev=502229.22
     lat (usec): min=19, max=24436k, avg=56047.35, stdev=505708.86
    clat percentiles (msec):
     |  1.00th=[   12],  5.00th=[   13], 10.00th=[   13], 20.00th=[   13],
     | 30.00th=[   14], 40.00th=[   14], 50.00th=[   14], 60.00th=[   14],
     | 70.00th=[   14], 80.00th=[   15], 90.00th=[   15], 95.00th=[   17],
     | 99.00th=[ 1318], 99.50th=[ 2836], 99.90th=[ 7617], 99.95th=[10805],
     | 99.99th=[17113]
   bw (  KiB/s): min=   64, max=326768, per=100.00%, avg=74749.83, stdev=14050.47, samples=4693
   iops        : min=   16, max=81692, avg=18687.45, stdev=3512.62, samples=4693
  write: IOPS=18.4k, BW=71.9MiB/s (75.4MB/s)(21.1GiB/300073msec); 0 zone resets
    slat (usec): min=68, max=260994, avg=78.14, stdev=148.73
    clat (usec): min=12, max=24333k, avg=55157.37, stdev=496146.29
     lat (usec): min=89, max=24333k, avg=55236.61, stdev=496148.41
    clat percentiles (msec):
     |  1.00th=[   12],  5.00th=[   13], 10.00th=[   13], 20.00th=[   13],
     | 30.00th=[   14], 40.00th=[   14], 50.00th=[   14], 60.00th=[   14],
     | 70.00th=[   14], 80.00th=[   15], 90.00th=[   15], 95.00th=[   17],
     | 99.00th=[ 1301], 99.50th=[ 2802], 99.90th=[ 7550], 99.95th=[10402],
     | 99.99th=[16979]
   bw (  KiB/s): min=   64, max=323928, per=100.00%, avg=74742.24, stdev=14056.70, samples=4692
   iops        : min=   16, max=80982, avg=18685.54, stdev=3514.17, samples=4692
  lat (usec)   : 20=0.01%, 50=0.01%, 100=0.01%, 250=0.01%, 500=0.01%
  lat (usec)   : 750=0.01%, 1000=0.01%
  lat (msec)   : 2=0.01%, 4=0.01%, 10=0.01%, 20=97.47%, 50=1.07%
  lat (msec)   : 100=0.06%, 250=0.05%, 500=0.04%, 750=0.04%, 1000=0.12%
  lat (msec)   : 2000=0.42%, >=2000=0.72%
  cpu          : usr=4.39%, sys=21.76%, ctx=68919, majf=0, minf=361
  IO depths    : 1=0.1%, 2=0.1%, 4=0.1%, 8=0.1%, 16=0.1%, 32=0.1%, >=64=100.0%
     submit    : 0=0.0%, 4=100.0%, 8=0.0%, 16=0.0%, 32=0.0%, 64=0.0%, >=64=0.0%
     complete  : 0=0.0%, 4=100.0%, 8=0.0%, 16=0.0%, 32=0.0%, 64=0.0%, >=64=0.1%
     issued rwts: total=5519980,5520556,0,0 short=0,0,0,0 dropped=0,0,0,0
     latency   : target=0, window=0, percentile=100.00%, depth=256

Run status group 0 (all jobs):
   READ: bw=71.9MiB/s (75.3MB/s), 71.9MiB/s-71.9MiB/s (75.3MB/s-75.3MB/s), io=21.1GiB (22.6GB), run=300073-300073msec
  WRITE: bw=71.9MiB/s (75.4MB/s), 71.9MiB/s-71.9MiB/s (75.4MB/s-75.4MB/s), io=21.1GiB (22.6GB), run=300073-300073msec
