readwrite: (g=0): rw=rw, bs=(R) 4096B-4096B, (W) 4096B-4096B, (T) 4096B-4096B, ioengine=libaio, iodepth=256
...
fio-3.27
Starting 64 processes
readwrite: Laying out IO file (1 file / 1024MiB)
readwrite: Laying out IO file (1 file / 1024MiB)
readwrite: Laying out IO file (1 file / 1024MiB)
readwrite: Laying out IO file (1 file / 1024MiB)
readwrite: Laying out IO file (1 file / 1024MiB)
readwrite: Laying out IO file (1 file / 1024MiB)
readwrite: Laying out IO file (1 file / 1024MiB)
readwrite: Laying out IO file (1 file / 1024MiB)
readwrite: Laying out IO file (1 file / 1024MiB)
readwrite: Laying out IO file (1 file / 1024MiB)
readwrite: Laying out IO file (1 file / 1024MiB)
readwrite: Laying out IO file (1 file / 1024MiB)
readwrite: Laying out IO file (1 file / 1024MiB)
readwrite: Laying out IO file (1 file / 1024MiB)
readwrite: Laying out IO file (1 file / 1024MiB)
readwrite: Laying out IO file (1 file / 1024MiB)
readwrite: Laying out IO file (1 file / 1024MiB)
readwrite: Laying out IO file (1 file / 1024MiB)
readwrite: Laying out IO file (1 file / 1024MiB)
readwrite: Laying out IO file (1 file / 1024MiB)
readwrite: Laying out IO file (1 file / 1024MiB)
readwrite: Laying out IO file (1 file / 1024MiB)
readwrite: Laying out IO file (1 file / 1024MiB)
readwrite: Laying out IO file (1 file / 1024MiB)
readwrite: Laying out IO file (1 file / 1024MiB)
readwrite: Laying out IO file (1 file / 1024MiB)
readwrite: Laying out IO file (1 file / 1024MiB)
readwrite: Laying out IO file (1 file / 1024MiB)
readwrite: Laying out IO file (1 file / 1024MiB)
readwrite: Laying out IO file (1 file / 1024MiB)
readwrite: Laying out IO file (1 file / 1024MiB)
readwrite: Laying out IO file (1 file / 1024MiB)

readwrite: (groupid=0, jobs=64): err= 0: pid=161117: Wed Jul 21 19:16:02 2021
  read: IOPS=20.7k, BW=80.7MiB/s (84.6MB/s)(23.7GiB/300218msec)
    slat (usec): min=7, max=8068.9k, avg=2991.58, stdev=38228.21
    clat (usec): min=12, max=59477k, avg=394789.81, stdev=3057921.93
     lat (usec): min=117, max=60063k, avg=397782.17, stdev=3080041.96
    clat percentiles (msec):
     |  1.00th=[   13],  5.00th=[   13], 10.00th=[   14], 20.00th=[   14],
     | 30.00th=[   14], 40.00th=[   14], 50.00th=[   15], 60.00th=[   15],
     | 70.00th=[   15], 80.00th=[   16], 90.00th=[   17], 95.00th=[   20],
     | 99.00th=[17113], 99.50th=[17113], 99.90th=[17113], 99.95th=[17113],
     | 99.99th=[17113]
   bw (  KiB/s): min=  468, max=964799, per=100.00%, avg=93495.24, stdev=6162.20, samples=29845
   iops        : min=   84, max=241194, avg=23372.14, stdev=1540.53, samples=29845
  write: IOPS=20.7k, BW=80.7MiB/s (84.6MB/s)(23.6GiB/300218msec); 0 zone resets
    slat (usec): min=68, max=468937, avg=83.52, stdev=356.41
    clat (usec): min=12, max=59793k, avg=378230.27, stdev=2982081.03
     lat (usec): min=90, max=59793k, avg=378314.90, stdev=2982084.32
    clat percentiles (msec):
     |  1.00th=[   13],  5.00th=[   13], 10.00th=[   14], 20.00th=[   14],
     | 30.00th=[   14], 40.00th=[   14], 50.00th=[   15], 60.00th=[   15],
     | 70.00th=[   15], 80.00th=[   16], 90.00th=[   16], 95.00th=[   20],
     | 99.00th=[17113], 99.50th=[17113], 99.90th=[17113], 99.95th=[17113],
     | 99.99th=[17113]
   bw (  KiB/s): min=  464, max=970057, per=100.00%, avg=93818.93, stdev=6179.19, samples=29608
   iops        : min=   80, max=242508, avg=23453.12, stdev=1544.78, samples=29608
  lat (usec)   : 20=0.01%, 50=0.01%, 100=0.01%, 250=0.01%, 500=0.01%
  lat (usec)   : 750=0.01%, 1000=0.01%
  lat (msec)   : 2=0.01%, 4=0.01%, 10=0.01%, 20=95.61%, 50=1.74%
  lat (msec)   : 100=0.13%, 250=0.14%, 500=0.15%, 750=0.15%, 1000=0.08%
  lat (msec)   : 2000=0.11%, >=2000=1.89%
  cpu          : usr=0.62%, sys=3.25%, ctx=115950, majf=0, minf=2846
  IO depths    : 1=0.1%, 2=0.1%, 4=0.1%, 8=0.1%, 16=0.1%, 32=0.1%, >=64=100.0%
     submit    : 0=0.0%, 4=100.0%, 8=0.0%, 16=0.0%, 32=0.0%, 64=0.0%, >=64=0.0%
     complete  : 0=0.0%, 4=100.0%, 8=0.0%, 16=0.0%, 32=0.0%, 64=0.0%, >=64=0.1%
     issued rwts: total=6202693,6199621,0,0 short=0,0,0,0 dropped=0,0,0,0
     latency   : target=0, window=0, percentile=100.00%, depth=256

Run status group 0 (all jobs):
   READ: bw=80.7MiB/s (84.6MB/s), 80.7MiB/s-80.7MiB/s (84.6MB/s-84.6MB/s), io=23.7GiB (25.4GB), run=300218-300218msec
  WRITE: bw=80.7MiB/s (84.6MB/s), 80.7MiB/s-80.7MiB/s (84.6MB/s-84.6MB/s), io=23.6GiB (25.4GB), run=300218-300218msec
