test: (g=0): rw=randread, bs=(R) 4096B-4096B, (W) 4096B-4096B, (T) 4096B-4096B, ioengine=libaio, iodepth=256
...
fio-3.27
Starting 8 processes
rand-read: Laying out IO file (1 file / 1024MiB)
rand-read: Laying out IO file (1 file / 1024MiB)
rand-read: Laying out IO file (1 file / 1024MiB)
rand-read: Laying out IO file (1 file / 1024MiB)

test: (groupid=0, jobs=8): err= 0: pid=121694: Tue Jul 20 10:23:52 2021
  read: IOPS=784, BW=3139KiB/s (3215kB/s)(920MiB/300035msec)
    slat (usec): min=464, max=109855, avg=10167.81, stdev=7798.86
    clat (usec): min=14, max=3306.0k, avg=2588664.46, stdev=190321.74
     lat (msec): min=7, max=3312, avg=2598.84, stdev=190.50
    clat percentiles (msec):
     |  1.00th=[ 2265],  5.00th=[ 2400], 10.00th=[ 2433], 20.00th=[ 2500],
     | 30.00th=[ 2534], 40.00th=[ 2567], 50.00th=[ 2601], 60.00th=[ 2635],
     | 70.00th=[ 2668], 80.00th=[ 2702], 90.00th=[ 2769], 95.00th=[ 2836],
     | 99.00th=[ 2937], 99.50th=[ 3004], 99.90th=[ 3104], 99.95th=[ 3138],
     | 99.99th=[ 3239]
   bw (  KiB/s): min= 1520, max= 4306, per=99.93%, avg=3137.88, stdev=44.17, samples=4756
   iops        : min=  380, max= 1076, avg=784.47, stdev=11.04, samples=4756
  lat (usec)   : 20=0.01%, 50=0.01%
  lat (msec)   : 10=0.01%, 20=0.01%, 50=0.01%, 100=0.01%, 250=0.05%
  lat (msec)   : 500=0.09%, 750=0.08%, 1000=0.08%, 2000=0.32%, >=2000=99.36%
  cpu          : usr=0.28%, sys=1.73%, ctx=235544, majf=0, minf=2360
  IO depths    : 1=0.1%, 2=0.1%, 4=0.1%, 8=0.1%, 16=0.1%, 32=0.1%, >=64=99.8%
     submit    : 0=0.0%, 4=100.0%, 8=0.0%, 16=0.0%, 32=0.0%, 64=0.0%, >=64=0.0%
     complete  : 0=0.0%, 4=100.0%, 8=0.0%, 16=0.0%, 32=0.0%, 64=0.0%, >=64=0.1%
     issued rwts: total=235472,0,0,0 short=0,0,0,0 dropped=0,0,0,0
     latency   : target=0, window=0, percentile=100.00%, depth=256

Run status group 0 (all jobs):
   READ: bw=3139KiB/s (3215kB/s), 3139KiB/s-3139KiB/s (3215kB/s-3215kB/s), io=920MiB (964MB), run=300035-300035msec
