readwrite: (g=0): rw=rw, bs=(R) 4096B-4096B, (W) 4096B-4096B, (T) 4096B-4096B, ioengine=libaio, iodepth=256
...
fio-3.27
Starting 4 processes
readwrite: Laying out IO file (1 file / 1024MiB)
readwrite: Laying out IO file (1 file / 1024MiB)

readwrite: (groupid=0, jobs=4): err= 0: pid=72201: Wed Jul 21 16:52:34 2021
  read: IOPS=14.0k, BW=54.6MiB/s (57.3MB/s)(16.0GiB/300027msec)
    slat (usec): min=7, max=591818, avg=167.08, stdev=2545.10
    clat (usec): min=14, max=7443.0k, avg=36500.76, stdev=143823.41
     lat (usec): min=151, max=7443.1k, avg=36668.68, stdev=144627.32
    clat percentiles (msec):
     |  1.00th=[   12],  5.00th=[   13], 10.00th=[   13], 20.00th=[   14],
     | 30.00th=[   14], 40.00th=[   14], 50.00th=[   14], 60.00th=[   15],
     | 70.00th=[   15], 80.00th=[   19], 90.00th=[   20], 95.00th=[   31],
     | 99.00th=[  676], 99.50th=[  953], 99.90th=[ 1854], 99.95th=[ 2333],
     | 99.99th=[ 3675]
   bw (  KiB/s): min=   64, max=162000, per=100.00%, avg=56339.12, stdev=14173.45, samples=2383
   iops        : min=   16, max=40500, avg=14084.79, stdev=3543.37, samples=2383
  write: IOPS=14.0k, BW=54.6MiB/s (57.3MB/s)(16.0GiB/300027msec); 0 zone resets
    slat (usec): min=68, max=1285.6k, avg=97.86, stdev=1996.62
    clat (usec): min=11, max=7443.0k, avg=36435.87, stdev=143210.34
     lat (usec): min=88, max=7443.1k, avg=36534.82, stdev=143371.00
    clat percentiles (msec):
     |  1.00th=[   12],  5.00th=[   13], 10.00th=[   13], 20.00th=[   14],
     | 30.00th=[   14], 40.00th=[   14], 50.00th=[   14], 60.00th=[   15],
     | 70.00th=[   15], 80.00th=[   19], 90.00th=[   20], 95.00th=[   29],
     | 99.00th=[  676], 99.50th=[  961], 99.90th=[ 1854], 99.95th=[ 2299],
     | 99.99th=[ 3473]
   bw (  KiB/s): min=   48, max=161992, per=100.00%, avg=56309.90, stdev=14163.49, samples=2383
   iops        : min=   12, max=40498, avg=14077.47, stdev=3540.87, samples=2383
  lat (usec)   : 20=0.01%, 50=0.01%, 100=0.01%, 250=0.01%, 500=0.01%
  lat (usec)   : 750=0.01%, 1000=0.01%
  lat (msec)   : 2=0.01%, 4=0.01%, 10=0.01%, 20=93.49%, 50=2.17%
  lat (msec)   : 100=0.28%, 250=1.07%, 500=1.39%, 750=0.78%, 1000=0.37%
  lat (msec)   : 2000=0.37%, >=2000=0.08%
  cpu          : usr=6.85%, sys=37.27%, ctx=126772, majf=0, minf=175
  IO depths    : 1=0.1%, 2=0.1%, 4=0.1%, 8=0.1%, 16=0.1%, 32=0.1%, >=64=100.0%
     submit    : 0=0.0%, 4=100.0%, 8=0.0%, 16=0.0%, 32=0.0%, 64=0.0%, >=64=0.0%
     complete  : 0=0.0%, 4=100.0%, 8=0.0%, 16=0.0%, 32=0.0%, 64=0.0%, >=64=0.1%
     issued rwts: total=4196795,4194554,0,0 short=0,0,0,0 dropped=0,0,0,0
     latency   : target=0, window=0, percentile=100.00%, depth=256

Run status group 0 (all jobs):
   READ: bw=54.6MiB/s (57.3MB/s), 54.6MiB/s-54.6MiB/s (57.3MB/s-57.3MB/s), io=16.0GiB (17.2GB), run=300027-300027msec
  WRITE: bw=54.6MiB/s (57.3MB/s), 54.6MiB/s-54.6MiB/s (57.3MB/s-57.3MB/s), io=16.0GiB (17.2GB), run=300027-300027msec
