test: (g=0): rw=randread, bs=(R) 4096B-4096B, (W) 4096B-4096B, (T) 4096B-4096B, ioengine=libaio, iodepth=256
...
fio-3.27
Starting 16 processes
rand-read: Laying out IO file (1 file / 1024MiB)
rand-read: Laying out IO file (1 file / 1024MiB)
rand-read: Laying out IO file (1 file / 1024MiB)
rand-read: Laying out IO file (1 file / 1024MiB)
rand-read: Laying out IO file (1 file / 1024MiB)
rand-read: Laying out IO file (1 file / 1024MiB)
rand-read: Laying out IO file (1 file / 1024MiB)
rand-read: Laying out IO file (1 file / 1024MiB)

test: (groupid=0, jobs=16): err= 0: pid=144857: Mon Jul 19 19:45:04 2021
  read: IOPS=1011, BW=4045KiB/s (4142kB/s)(1185MiB/300020msec)
    slat (usec): min=488, max=240778, avg=15797.54, stdev=13002.85
    clat (usec): min=15, max=6031.5k, avg=4013307.97, stdev=462621.94
     lat (msec): min=4, max=6048, avg=4029.11, stdev=463.59
    clat percentiles (msec):
     |  1.00th=[ 2769],  5.00th=[ 3339], 10.00th=[ 3608], 20.00th=[ 3775],
     | 30.00th=[ 3876], 40.00th=[ 3943], 50.00th=[ 4010], 60.00th=[ 4111],
     | 70.00th=[ 4178], 80.00th=[ 4279], 90.00th=[ 4463], 95.00th=[ 4665],
     | 99.00th=[ 5134], 99.50th=[ 5269], 99.90th=[ 5738], 99.95th=[ 5873],
     | 99.99th=[ 5940]
   bw (  KiB/s): min= 1672, max= 6456, per=99.63%, avg=4030.32, stdev=40.86, samples=9490
   iops        : min=  418, max= 1614, avg=1007.58, stdev=10.21, samples=9490
  lat (usec)   : 20=0.01%, 50=0.01%
  lat (msec)   : 10=0.01%, 20=0.01%, 50=0.02%, 100=0.02%, 250=0.06%
  lat (msec)   : 500=0.09%, 750=0.08%, 1000=0.08%, 2000=0.31%, >=2000=99.33%
  cpu          : usr=0.17%, sys=1.07%, ctx=303532, majf=0, minf=4725
  IO depths    : 1=0.1%, 2=0.1%, 4=0.1%, 8=0.1%, 16=0.1%, 32=0.2%, >=64=99.7%
     submit    : 0=0.0%, 4=100.0%, 8=0.0%, 16=0.0%, 32=0.0%, 64=0.0%, >=64=0.0%
     complete  : 0=0.0%, 4=100.0%, 8=0.0%, 16=0.0%, 32=0.0%, 64=0.0%, >=64=0.1%
     issued rwts: total=303396,0,0,0 short=0,0,0,0 dropped=0,0,0,0
     latency   : target=0, window=0, percentile=100.00%, depth=256

Run status group 0 (all jobs):
   READ: bw=4045KiB/s (4142kB/s), 4045KiB/s-4045KiB/s (4142kB/s-4142kB/s), io=1185MiB (1243MB), run=300020-300020msec
