readwrite: (g=0): rw=rw, bs=(R) 4096B-4096B, (W) 4096B-4096B, (T) 4096B-4096B, ioengine=libaio, iodepth=256
...
fio-3.27
Starting 2 processes
readwrite: Laying out IO file (1 file / 1024MiB)

readwrite: (groupid=0, jobs=2): err= 0: pid=104827: Wed Jul 21 19:27:18 2021
  read: IOPS=12.0k, BW=47.0MiB/s (49.3MB/s)(13.8GiB/300001msec)
    slat (usec): min=7, max=127879, avg=69.74, stdev=730.72
    clat (usec): min=171, max=1281.7k, avg=21179.98, stdev=47422.54
     lat (usec): min=185, max=1282.9k, avg=21250.50, stdev=47722.12
    clat percentiles (msec):
     |  1.00th=[   12],  5.00th=[   13], 10.00th=[   13], 20.00th=[   13],
     | 30.00th=[   13], 40.00th=[   14], 50.00th=[   14], 60.00th=[   14],
     | 70.00th=[   14], 80.00th=[   14], 90.00th=[   15], 95.00th=[   26],
     | 99.00th=[  271], 99.50th=[  355], 99.90th=[  558], 99.95th=[  751],
     | 99.99th=[  936]
   bw (  KiB/s): min= 1448, max=82952, per=100.00%, avg=48416.76, stdev=16145.99, samples=1191
   iops        : min=  362, max=20738, avg=12104.19, stdev=4036.50, samples=1191
  write: IOPS=12.0k, BW=47.0MiB/s (49.3MB/s)(13.8GiB/300001msec); 0 zone resets
    slat (usec): min=68, max=4904, avg=74.85, stdev=14.63
    clat (usec): min=11, max=1281.0k, avg=21209.91, stdev=47488.79
     lat (usec): min=83, max=1281.1k, avg=21285.85, stdev=47490.82
    clat percentiles (msec):
     |  1.00th=[   12],  5.00th=[   13], 10.00th=[   13], 20.00th=[   13],
     | 30.00th=[   13], 40.00th=[   14], 50.00th=[   14], 60.00th=[   14],
     | 70.00th=[   14], 80.00th=[   14], 90.00th=[   15], 95.00th=[   26],
     | 99.00th=[  271], 99.50th=[  355], 99.90th=[  558], 99.95th=[  751],
     | 99.99th=[  936]
   bw (  KiB/s): min= 1264, max=81944, per=100.00%, avg=48392.81, stdev=16131.30, samples=1191
   iops        : min=  316, max=20486, avg=12098.20, stdev=4032.82, samples=1191
  lat (usec)   : 20=0.01%, 100=0.01%, 250=0.01%, 500=0.01%, 750=0.01%
  lat (usec)   : 1000=0.01%
  lat (msec)   : 2=0.01%, 4=0.01%, 10=0.01%, 20=94.79%, 50=1.95%
  lat (msec)   : 100=0.09%, 250=2.02%, 500=1.01%, 750=0.09%, 1000=0.05%
  lat (msec)   : 2000=0.01%
  cpu          : usr=11.61%, sys=58.02%, ctx=112305, majf=0, minf=88
  IO depths    : 1=0.1%, 2=0.1%, 4=0.1%, 8=0.1%, 16=0.1%, 32=0.1%, >=64=100.0%
     submit    : 0=0.0%, 4=100.0%, 8=0.0%, 16=0.0%, 32=0.0%, 64=0.0%, >=64=0.0%
     complete  : 0=0.0%, 4=100.0%, 8=0.0%, 16=0.0%, 32=0.0%, 64=0.0%, >=64=0.1%
     issued rwts: total=3610634,3608753,0,0 short=0,0,0,0 dropped=0,0,0,0
     latency   : target=0, window=0, percentile=100.00%, depth=256

Run status group 0 (all jobs):
   READ: bw=47.0MiB/s (49.3MB/s), 47.0MiB/s-47.0MiB/s (49.3MB/s-49.3MB/s), io=13.8GiB (14.8GB), run=300001-300001msec
  WRITE: bw=47.0MiB/s (49.3MB/s), 47.0MiB/s-47.0MiB/s (49.3MB/s-49.3MB/s), io=13.8GiB (14.8GB), run=300001-300001msec
