test: (g=0): rw=randread, bs=(R) 4096B-4096B, (W) 4096B-4096B, (T) 4096B-4096B, ioengine=libaio, iodepth=256
...
fio-3.27
Starting 4 processes
rand-read: Laying out IO file (1 file / 1024MiB)
rand-read: Laying out IO file (1 file / 1024MiB)

test: (groupid=0, jobs=4): err= 0: pid=189988: Mon Jul 19 22:00:57 2021
  read: IOPS=479, BW=1918KiB/s (1964kB/s)(562MiB/300008msec)
    slat (usec): min=465, max=112979, avg=8319.42, stdev=6028.59
    clat (usec): min=17, max=2551.2k, avg=2119918.52, stdev=150260.59
     lat (msec): min=4, max=2561, avg=2128.24, stdev=150.45
    clat percentiles (msec):
     |  1.00th=[ 1871],  5.00th=[ 1955], 10.00th=[ 1989], 20.00th=[ 2039],
     | 30.00th=[ 2072], 40.00th=[ 2106], 50.00th=[ 2123], 60.00th=[ 2165],
     | 70.00th=[ 2165], 80.00th=[ 2198], 90.00th=[ 2265], 95.00th=[ 2299],
     | 99.00th=[ 2400], 99.50th=[ 2433], 99.90th=[ 2467], 99.95th=[ 2500],
     | 99.99th=[ 2534]
   bw (  KiB/s): min= 1160, max= 2496, per=99.96%, avg=1917.67, stdev=46.11, samples=2380
   iops        : min=  290, max=  624, avg=479.37, stdev=11.52, samples=2380
  lat (usec)   : 20=0.01%, 50=0.01%
  lat (msec)   : 10=0.01%, 20=0.01%, 50=0.01%, 100=0.02%, 250=0.05%
  lat (msec)   : 500=0.09%, 750=0.08%, 1000=0.08%, 2000=11.71%, >=2000=87.93%
  cpu          : usr=0.32%, sys=2.00%, ctx=143882, majf=0, minf=1181
  IO depths    : 1=0.1%, 2=0.1%, 4=0.1%, 8=0.1%, 16=0.1%, 32=0.1%, >=64=99.8%
     submit    : 0=0.0%, 4=100.0%, 8=0.0%, 16=0.0%, 32=0.0%, 64=0.0%, >=64=0.0%
     complete  : 0=0.0%, 4=100.0%, 8=0.0%, 16=0.0%, 32=0.0%, 64=0.0%, >=64=0.1%
     issued rwts: total=143839,0,0,0 short=0,0,0,0 dropped=0,0,0,0
     latency   : target=0, window=0, percentile=100.00%, depth=256

Run status group 0 (all jobs):
   READ: bw=1918KiB/s (1964kB/s), 1918KiB/s-1918KiB/s (1964kB/s-1964kB/s), io=562MiB (589MB), run=300008-300008msec
