test: (g=0): rw=randread, bs=(R) 4096B-4096B, (W) 4096B-4096B, (T) 4096B-4096B, ioengine=libaio, iodepth=256
...
fio-3.27
Starting 8 processes
rand-read: Laying out IO file (1 file / 1024MiB)
rand-read: Laying out IO file (1 file / 1024MiB)
rand-read: Laying out IO file (1 file / 1024MiB)
rand-read: Laying out IO file (1 file / 1024MiB)

test: (groupid=0, jobs=8): err= 0: pid=154111: Mon Jul 19 19:17:40 2021
  read: IOPS=513, BW=2053KiB/s (2102kB/s)(602MiB/300028msec)
    slat (usec): min=465, max=183930, avg=15562.05, stdev=13314.62
    clat (usec): min=15, max=6259.5k, avg=3948242.45, stdev=826685.63
     lat (msec): min=6, max=6275, avg=3963.81, stdev=829.46
    clat percentiles (msec):
     |  1.00th=[ 2232],  5.00th=[ 2702], 10.00th=[ 2836], 20.00th=[ 3272],
     | 30.00th=[ 3473], 40.00th=[ 3675], 50.00th=[ 3876], 60.00th=[ 4178],
     | 70.00th=[ 4463], 80.00th=[ 4732], 90.00th=[ 5067], 95.00th=[ 5201],
     | 99.00th=[ 5537], 99.50th=[ 5671], 99.90th=[ 6007], 99.95th=[ 6074],
     | 99.99th=[ 6208]
   bw (  KiB/s): min=  640, max= 4218, per=99.85%, avg=2050.13, stdev=64.16, samples=4734
   iops        : min=  160, max= 1054, avg=512.53, stdev=16.04, samples=4734
  lat (usec)   : 20=0.01%, 50=0.01%
  lat (msec)   : 10=0.01%, 20=0.01%, 50=0.01%, 100=0.01%, 250=0.06%
  lat (msec)   : 500=0.11%, 750=0.09%, 1000=0.10%, 2000=0.37%, >=2000=99.23%
  cpu          : usr=0.17%, sys=1.07%, ctx=154061, majf=0, minf=2361
  IO depths    : 1=0.1%, 2=0.1%, 4=0.1%, 8=0.1%, 16=0.1%, 32=0.2%, >=64=99.7%
     submit    : 0=0.0%, 4=100.0%, 8=0.0%, 16=0.0%, 32=0.0%, 64=0.0%, >=64=0.0%
     complete  : 0=0.0%, 4=100.0%, 8=0.0%, 16=0.0%, 32=0.0%, 64=0.0%, >=64=0.1%
     issued rwts: total=153996,0,0,0 short=0,0,0,0 dropped=0,0,0,0
     latency   : target=0, window=0, percentile=100.00%, depth=256

Run status group 0 (all jobs):
   READ: bw=2053KiB/s (2102kB/s), 2053KiB/s-2053KiB/s (2102kB/s-2102kB/s), io=602MiB (631MB), run=300028-300028msec
