readwrite: (g=0): rw=rw, bs=(R) 4096B-4096B, (W) 4096B-4096B, (T) 4096B-4096B, ioengine=libaio, iodepth=256
...
fio-3.27
Starting 64 processes
readwrite: Laying out IO file (1 file / 1024MiB)
readwrite: Laying out IO file (1 file / 1024MiB)
readwrite: Laying out IO file (1 file / 1024MiB)
readwrite: Laying out IO file (1 file / 1024MiB)
readwrite: Laying out IO file (1 file / 1024MiB)
readwrite: Laying out IO file (1 file / 1024MiB)
readwrite: Laying out IO file (1 file / 1024MiB)
readwrite: Laying out IO file (1 file / 1024MiB)
readwrite: Laying out IO file (1 file / 1024MiB)
readwrite: Laying out IO file (1 file / 1024MiB)
readwrite: Laying out IO file (1 file / 1024MiB)
readwrite: Laying out IO file (1 file / 1024MiB)
readwrite: Laying out IO file (1 file / 1024MiB)
readwrite: Laying out IO file (1 file / 1024MiB)
readwrite: Laying out IO file (1 file / 1024MiB)
readwrite: Laying out IO file (1 file / 1024MiB)
readwrite: Laying out IO file (1 file / 1024MiB)
readwrite: Laying out IO file (1 file / 1024MiB)
readwrite: Laying out IO file (1 file / 1024MiB)
readwrite: Laying out IO file (1 file / 1024MiB)
readwrite: Laying out IO file (1 file / 1024MiB)
readwrite: Laying out IO file (1 file / 1024MiB)
readwrite: Laying out IO file (1 file / 1024MiB)
readwrite: Laying out IO file (1 file / 1024MiB)
readwrite: Laying out IO file (1 file / 1024MiB)
readwrite: Laying out IO file (1 file / 1024MiB)
readwrite: Laying out IO file (1 file / 1024MiB)
readwrite: Laying out IO file (1 file / 1024MiB)
readwrite: Laying out IO file (1 file / 1024MiB)
readwrite: Laying out IO file (1 file / 1024MiB)
readwrite: Laying out IO file (1 file / 1024MiB)
readwrite: Laying out IO file (1 file / 1024MiB)

readwrite: (groupid=0, jobs=64): err= 0: pid=175912: Wed Jul 21 20:16:00 2021
  read: IOPS=14.5k, BW=56.6MiB/s (59.3MB/s)(16.6GiB/300426msec)
    slat (usec): min=7, max=12043k, avg=4303.54, stdev=46563.47
    clat (usec): min=15, max=70270k, avg=565636.46, stdev=4027711.40
     lat (usec): min=107, max=70492k, avg=569940.77, stdev=4056401.80
    clat percentiles (msec):
     |  1.00th=[   13],  5.00th=[   13], 10.00th=[   14], 20.00th=[   14],
     | 30.00th=[   14], 40.00th=[   14], 50.00th=[   15], 60.00th=[   15],
     | 70.00th=[   15], 80.00th=[   16], 90.00th=[   17], 95.00th=[   20],
     | 99.00th=[17113], 99.50th=[17113], 99.90th=[17113], 99.95th=[17113],
     | 99.99th=[17113]
   bw (  KiB/s): min=  490, max=821479, per=100.00%, avg=69346.96, stdev=5080.80, samples=28798
   iops        : min=  106, max=205369, avg=17336.61, stdev=1270.20, samples=28798
  write: IOPS=14.5k, BW=56.6MiB/s (59.3MB/s)(16.6GiB/300426msec); 0 zone resets
    slat (usec): min=68, max=2856.9k, avg=87.78, stdev=1697.47
    clat (usec): min=11, max=70270k, avg=539692.26, stdev=3920599.03
     lat (usec): min=89, max=70270k, avg=539781.14, stdev=3920602.34
    clat percentiles (msec):
     |  1.00th=[   13],  5.00th=[   13], 10.00th=[   14], 20.00th=[   14],
     | 30.00th=[   14], 40.00th=[   14], 50.00th=[   15], 60.00th=[   15],
     | 70.00th=[   15], 80.00th=[   16], 90.00th=[   17], 95.00th=[   20],
     | 99.00th=[17113], 99.50th=[17113], 99.90th=[17113], 99.95th=[17113],
     | 99.99th=[17113]
   bw (  KiB/s): min=  495, max=823868, per=100.00%, avg=69379.04, stdev=5113.34, samples=28341
   iops        : min=  111, max=205966, avg=17344.63, stdev=1278.33, samples=28341
  lat (usec)   : 20=0.01%, 50=0.01%, 100=0.01%, 250=0.01%, 500=0.01%
  lat (usec)   : 750=0.01%, 1000=0.01%
  lat (msec)   : 2=0.01%, 4=0.01%, 10=0.01%, 20=95.91%, 50=0.95%
  lat (msec)   : 100=0.39%, 250=0.14%, 500=0.08%, 750=0.07%, 1000=0.07%
  lat (msec)   : 2000=0.11%, >=2000=2.28%
  cpu          : usr=0.44%, sys=2.31%, ctx=81948, majf=0, minf=2800
  IO depths    : 1=0.1%, 2=0.1%, 4=0.1%, 8=0.1%, 16=0.1%, 32=0.1%, >=64=100.0%
     submit    : 0=0.0%, 4=100.0%, 8=0.0%, 16=0.0%, 32=0.0%, 64=0.0%, >=64=0.0%
     complete  : 0=0.0%, 4=100.0%, 8=0.0%, 16=0.0%, 32=0.0%, 64=0.0%, >=64=0.1%
     issued rwts: total=4353139,4349686,0,0 short=0,0,0,0 dropped=0,0,0,0
     latency   : target=0, window=0, percentile=100.00%, depth=256

Run status group 0 (all jobs):
   READ: bw=56.6MiB/s (59.3MB/s), 56.6MiB/s-56.6MiB/s (59.3MB/s-59.3MB/s), io=16.6GiB (17.8GB), run=300426-300426msec
  WRITE: bw=56.6MiB/s (59.3MB/s), 56.6MiB/s-56.6MiB/s (59.3MB/s-59.3MB/s), io=16.6GiB (17.8GB), run=300426-300426msec
