readwrite: (g=0): rw=rw, bs=(R) 4096B-4096B, (W) 4096B-4096B, (T) 4096B-4096B, ioengine=libaio, iodepth=256
...
fio-3.27
Starting 64 processes
readwrite: Laying out IO file (1 file / 1024MiB)
readwrite: Laying out IO file (1 file / 1024MiB)
readwrite: Laying out IO file (1 file / 1024MiB)
readwrite: Laying out IO file (1 file / 1024MiB)
readwrite: Laying out IO file (1 file / 1024MiB)
readwrite: Laying out IO file (1 file / 1024MiB)
readwrite: Laying out IO file (1 file / 1024MiB)
readwrite: Laying out IO file (1 file / 1024MiB)
readwrite: Laying out IO file (1 file / 1024MiB)
readwrite: Laying out IO file (1 file / 1024MiB)
readwrite: Laying out IO file (1 file / 1024MiB)
readwrite: Laying out IO file (1 file / 1024MiB)
readwrite: Laying out IO file (1 file / 1024MiB)
readwrite: Laying out IO file (1 file / 1024MiB)
readwrite: Laying out IO file (1 file / 1024MiB)
readwrite: Laying out IO file (1 file / 1024MiB)
readwrite: Laying out IO file (1 file / 1024MiB)
readwrite: Laying out IO file (1 file / 1024MiB)
readwrite: Laying out IO file (1 file / 1024MiB)
readwrite: Laying out IO file (1 file / 1024MiB)
readwrite: Laying out IO file (1 file / 1024MiB)
readwrite: Laying out IO file (1 file / 1024MiB)
readwrite: Laying out IO file (1 file / 1024MiB)
readwrite: Laying out IO file (1 file / 1024MiB)
readwrite: Laying out IO file (1 file / 1024MiB)
readwrite: Laying out IO file (1 file / 1024MiB)
readwrite: Laying out IO file (1 file / 1024MiB)
readwrite: Laying out IO file (1 file / 1024MiB)
readwrite: Laying out IO file (1 file / 1024MiB)
readwrite: Laying out IO file (1 file / 1024MiB)
readwrite: Laying out IO file (1 file / 1024MiB)
readwrite: Laying out IO file (1 file / 1024MiB)

readwrite: (groupid=0, jobs=64): err= 0: pid=149025: Wed Jul 21 19:16:00 2021
  read: IOPS=22.4k, BW=87.6MiB/s (91.9MB/s)(25.7GiB/300637msec)
    slat (usec): min=7, max=10336k, avg=2745.71, stdev=37978.95
    clat (usec): min=10, max=69791k, avg=368761.70, stdev=2931119.26
     lat (usec): min=19, max=70086k, avg=371508.19, stdev=2952099.62
    clat percentiles (msec):
     |  1.00th=[   12],  5.00th=[   13], 10.00th=[   13], 20.00th=[   14],
     | 30.00th=[   14], 40.00th=[   14], 50.00th=[   14], 60.00th=[   15],
     | 70.00th=[   15], 80.00th=[   15], 90.00th=[   16], 95.00th=[   20],
     | 99.00th=[17113], 99.50th=[17113], 99.90th=[17113], 99.95th=[17113],
     | 99.99th=[17113]
   bw (  KiB/s): min=  451, max=1020400, per=100.00%, avg=98415.61, stdev=6128.33, samples=31111
   iops        : min=   67, max=255097, avg=24601.79, stdev=1532.08, samples=31111
  write: IOPS=22.4k, BW=87.6MiB/s (91.9MB/s)(25.7GiB/300637msec); 0 zone resets
    slat (usec): min=68, max=319803, avg=82.11, stdev=289.61
    clat (usec): min=11, max=69578k, avg=354972.59, stdev=2867442.02
     lat (usec): min=89, max=69578k, avg=355055.82, stdev=2867445.27
    clat percentiles (msec):
     |  1.00th=[   12],  5.00th=[   13], 10.00th=[   13], 20.00th=[   14],
     | 30.00th=[   14], 40.00th=[   14], 50.00th=[   14], 60.00th=[   15],
     | 70.00th=[   15], 80.00th=[   15], 90.00th=[   16], 95.00th=[   20],
     | 99.00th=[16576], 99.50th=[17113], 99.90th=[17113], 99.95th=[17113],
     | 99.99th=[17113]
   bw (  KiB/s): min=  450, max=1022026, per=100.00%, avg=99237.84, stdev=6150.17, samples=30807
   iops        : min=   66, max=255503, avg=24807.38, stdev=1537.54, samples=30807
  lat (usec)   : 20=0.01%, 50=0.01%, 100=0.01%, 250=0.01%, 500=0.01%
  lat (usec)   : 750=0.01%, 1000=0.01%
  lat (msec)   : 2=0.01%, 4=0.01%, 10=0.01%, 20=96.43%, 50=1.24%
  lat (msec)   : 100=0.10%, 250=0.09%, 500=0.07%, 750=0.07%, 1000=0.06%
  lat (msec)   : 2000=0.08%, >=2000=1.85%
  cpu          : usr=0.68%, sys=3.47%, ctx=111519, majf=0, minf=2804
  IO depths    : 1=0.1%, 2=0.1%, 4=0.1%, 8=0.1%, 16=0.1%, 32=0.1%, >=64=100.0%
     submit    : 0=0.0%, 4=100.0%, 8=0.0%, 16=0.0%, 32=0.0%, 64=0.0%, >=64=0.0%
     complete  : 0=0.0%, 4=100.0%, 8=0.0%, 16=0.0%, 32=0.0%, 64=0.0%, >=64=0.1%
     issued rwts: total=6742462,6742282,0,0 short=0,0,0,0 dropped=0,0,0,0
     latency   : target=0, window=0, percentile=100.00%, depth=256

Run status group 0 (all jobs):
   READ: bw=87.6MiB/s (91.9MB/s), 87.6MiB/s-87.6MiB/s (91.9MB/s-91.9MB/s), io=25.7GiB (27.6GB), run=300637-300637msec
  WRITE: bw=87.6MiB/s (91.9MB/s), 87.6MiB/s-87.6MiB/s (91.9MB/s-91.9MB/s), io=25.7GiB (27.6GB), run=300637-300637msec
