readwrite: (g=0): rw=rw, bs=(R) 4096B-4096B, (W) 4096B-4096B, (T) 4096B-4096B, ioengine=libaio, iodepth=256
...
fio-3.27
Starting 8 processes
readwrite: Laying out IO file (1 file / 1024MiB)
readwrite: Laying out IO file (1 file / 1024MiB)
readwrite: Laying out IO file (1 file / 1024MiB)
readwrite: Laying out IO file (1 file / 1024MiB)

readwrite: (groupid=0, jobs=8): err= 0: pid=59014: Wed Jul 21 18:40:19 2021
  read: IOPS=35.2k, BW=137MiB/s (144MB/s)(40.2GiB/300012msec)
    slat (usec): min=7, max=674389, avg=129.18, stdev=2900.31
    clat (usec): min=11, max=20295k, avg=29082.70, stdev=240377.19
     lat (usec): min=24, max=20326k, avg=29212.64, stdev=242030.64
    clat percentiles (msec):
     |  1.00th=[   12],  5.00th=[   13], 10.00th=[   13], 20.00th=[   13],
     | 30.00th=[   14], 40.00th=[   14], 50.00th=[   14], 60.00th=[   14],
     | 70.00th=[   14], 80.00th=[   15], 90.00th=[   15], 95.00th=[   17],
     | 99.00th=[   38], 99.50th=[ 1133], 99.90th=[ 3272], 99.95th=[ 4597],
     | 99.99th=[ 9194]
   bw (  KiB/s): min=   72, max=328049, per=100.00%, avg=142787.27, stdev=14850.06, samples=4732
   iops        : min=   18, max=82012, avg=35696.64, stdev=3712.50, samples=4732
  write: IOPS=35.2k, BW=137MiB/s (144MB/s)(40.2GiB/300012msec); 0 zone resets
    slat (usec): min=68, max=199921, avg=76.85, stdev=91.70
    clat (usec): min=11, max=20306k, avg=28894.88, stdev=234947.56
     lat (usec): min=93, max=20306k, avg=28972.84, stdev=234949.24
    clat percentiles (msec):
     |  1.00th=[   12],  5.00th=[   13], 10.00th=[   13], 20.00th=[   13],
     | 30.00th=[   14], 40.00th=[   14], 50.00th=[   14], 60.00th=[   14],
     | 70.00th=[   14], 80.00th=[   15], 90.00th=[   15], 95.00th=[   17],
     | 99.00th=[   38], 99.50th=[ 1133], 99.90th=[ 3239], 99.95th=[ 4597],
     | 99.99th=[ 8087]
   bw (  KiB/s): min=   88, max=325312, per=100.00%, avg=142690.33, stdev=14855.59, samples=4733
   iops        : min=   22, max=81328, avg=35672.42, stdev=3713.89, samples=4733
  lat (usec)   : 20=0.01%, 50=0.01%, 250=0.01%, 500=0.01%, 750=0.01%
  lat (usec)   : 1000=0.01%
  lat (msec)   : 2=0.01%, 4=0.01%, 10=0.01%, 20=97.39%, 50=1.75%
  lat (msec)   : 100=0.05%, 250=0.05%, 500=0.05%, 750=0.05%, 1000=0.09%
  lat (msec)   : 2000=0.31%, >=2000=0.25%
  cpu          : usr=8.32%, sys=41.82%, ctx=71503, majf=0, minf=361
  IO depths    : 1=0.1%, 2=0.1%, 4=0.1%, 8=0.1%, 16=0.1%, 32=0.1%, >=64=100.0%
     submit    : 0=0.0%, 4=100.0%, 8=0.0%, 16=0.0%, 32=0.0%, 64=0.0%, >=64=0.0%
     complete  : 0=0.0%, 4=100.0%, 8=0.0%, 16=0.0%, 32=0.0%, 64=0.0%, >=64=0.1%
     issued rwts: total=10550883,10549320,0,0 short=0,0,0,0 dropped=0,0,0,0
     latency   : target=0, window=0, percentile=100.00%, depth=256

Run status group 0 (all jobs):
   READ: bw=137MiB/s (144MB/s), 137MiB/s-137MiB/s (144MB/s-144MB/s), io=40.2GiB (43.2GB), run=300012-300012msec
  WRITE: bw=137MiB/s (144MB/s), 137MiB/s-137MiB/s (144MB/s-144MB/s), io=40.2GiB (43.2GB), run=300012-300012msec
