test: (g=0): rw=randread, bs=(R) 4096B-4096B, (W) 4096B-4096B, (T) 4096B-4096B, ioengine=libaio, iodepth=256
...
fio-3.27
Starting 4 processes
rand-read: Laying out IO file (1 file / 1024MiB)
rand-read: Laying out IO file (1 file / 1024MiB)

test: (groupid=0, jobs=4): err= 0: pid=142473: Tue Jul 20 10:17:11 2021
  read: IOPS=534, BW=2140KiB/s (2191kB/s)(627MiB/300003msec)
    slat (usec): min=464, max=82418, avg=7452.81, stdev=5026.02
    clat (usec): min=16, max=2294.4k, avg=1900767.13, stdev=125659.46
     lat (msec): min=2, max=2304, avg=1908.22, stdev=125.80
    clat percentiles (msec):
     |  1.00th=[ 1703],  5.00th=[ 1770], 10.00th=[ 1787], 20.00th=[ 1838],
     | 30.00th=[ 1854], 40.00th=[ 1888], 50.00th=[ 1905], 60.00th=[ 1921],
     | 70.00th=[ 1955], 80.00th=[ 1972], 90.00th=[ 2022], 95.00th=[ 2072],
     | 99.00th=[ 2123], 99.50th=[ 2165], 99.90th=[ 2198], 99.95th=[ 2232],
     | 99.99th=[ 2265]
   bw (  KiB/s): min=  440, max= 2704, per=99.92%, avg=2138.15, stdev=49.10, samples=2384
   iops        : min=  110, max=  676, avg=534.48, stdev=12.27, samples=2384
  lat (usec)   : 20=0.01%, 50=0.01%
  lat (msec)   : 4=0.01%, 10=0.01%, 20=0.01%, 50=0.01%, 100=0.02%
  lat (msec)   : 250=0.05%, 500=0.08%, 750=0.08%, 1000=0.08%, 2000=84.86%
  lat (msec)   : >=2000=14.80%
  cpu          : usr=0.38%, sys=2.40%, ctx=160522, majf=0, minf=1181
  IO depths    : 1=0.1%, 2=0.1%, 4=0.1%, 8=0.1%, 16=0.1%, 32=0.1%, >=64=99.8%
     submit    : 0=0.0%, 4=100.0%, 8=0.0%, 16=0.0%, 32=0.0%, 64=0.0%, >=64=0.0%
     complete  : 0=0.0%, 4=100.0%, 8=0.0%, 16=0.0%, 32=0.0%, 64=0.0%, >=64=0.1%
     issued rwts: total=160475,0,0,0 short=0,0,0,0 dropped=0,0,0,0
     latency   : target=0, window=0, percentile=100.00%, depth=256

Run status group 0 (all jobs):
   READ: bw=2140KiB/s (2191kB/s), 2140KiB/s-2140KiB/s (2191kB/s-2191kB/s), io=627MiB (657MB), run=300003-300003msec
