readwrite: (g=0): rw=rw, bs=(R) 4096B-4096B, (W) 4096B-4096B, (T) 4096B-4096B, ioengine=libaio, iodepth=256
...
fio-3.27
Starting 64 processes

readwrite: (groupid=0, jobs=64): err= 0: pid=146120: Wed Jul 21 21:21:18 2021
  read: IOPS=84.5k, BW=330MiB/s (346MB/s)(96.7GiB/300098msec)
    slat (usec): min=7, max=1700.6k, avg=635.55, stdev=6926.32
    clat (usec): min=14, max=17883k, avg=96827.63, stdev=582162.14
     lat (usec): min=112, max=17972k, avg=97463.99, stdev=586335.78
    clat percentiles (msec):
     |  1.00th=[   13],  5.00th=[   14], 10.00th=[   14], 20.00th=[   14],
     | 30.00th=[   14], 40.00th=[   15], 50.00th=[   15], 60.00th=[   15],
     | 70.00th=[   16], 80.00th=[   16], 90.00th=[   18], 95.00th=[   21],
     | 99.00th=[ 3239], 99.50th=[ 4396], 99.90th=[ 7416], 99.95th=[ 8792],
     | 99.99th=[11073]
   bw (  KiB/s): min=  560, max=2298902, per=100.00%, avg=343395.99, stdev=9825.22, samples=37831
   iops        : min=  140, max=574720, avg=85847.55, stdev=2456.27, samples=37831
  write: IOPS=84.5k, BW=330MiB/s (346MB/s)(96.8GiB/300098msec); 0 zone resets
    slat (usec): min=68, max=1097.8k, avg=99.77, stdev=2204.39
    clat (usec): min=11, max=17830k, avg=95986.56, stdev=578880.33
     lat (usec): min=87, max=17830k, avg=96087.47, stdev=579002.38
    clat percentiles (msec):
     |  1.00th=[   13],  5.00th=[   14], 10.00th=[   14], 20.00th=[   14],
     | 30.00th=[   14], 40.00th=[   15], 50.00th=[   15], 60.00th=[   15],
     | 70.00th=[   16], 80.00th=[   16], 90.00th=[   18], 95.00th=[   21],
     | 99.00th=[ 3205], 99.50th=[ 4396], 99.90th=[ 7349], 99.95th=[ 8792],
     | 99.99th=[10939]
   bw (  KiB/s): min=  552, max=2298352, per=100.00%, avg=343502.93, stdev=9827.16, samples=37831
   iops        : min=  138, max=574581, avg=85874.34, stdev=2456.76, samples=37831
  lat (usec)   : 20=0.01%, 50=0.01%, 100=0.01%, 250=0.01%, 500=0.01%
  lat (usec)   : 750=0.01%, 1000=0.01%
  lat (msec)   : 2=0.01%, 4=0.01%, 10=0.01%, 20=94.62%, 50=2.38%
  lat (msec)   : 100=0.11%, 250=0.11%, 500=0.14%, 750=0.10%, 1000=0.10%
  lat (msec)   : 2000=0.63%, >=2000=1.80%
  cpu          : usr=2.63%, sys=13.83%, ctx=625697, majf=0, minf=2827
  IO depths    : 1=0.1%, 2=0.1%, 4=0.1%, 8=0.1%, 16=0.1%, 32=0.1%, >=64=100.0%
     submit    : 0=0.0%, 4=100.0%, 8=0.0%, 16=0.0%, 32=0.0%, 64=0.0%, >=64=0.0%
     complete  : 0=0.0%, 4=100.0%, 8=0.0%, 16=0.0%, 32=0.0%, 64=0.0%, >=64=0.1%
     issued rwts: total=25358989,25363960,0,0 short=0,0,0,0 dropped=0,0,0,0
     latency   : target=0, window=0, percentile=100.00%, depth=256

Run status group 0 (all jobs):
   READ: bw=330MiB/s (346MB/s), 330MiB/s-330MiB/s (346MB/s-346MB/s), io=96.7GiB (104GB), run=300098-300098msec
  WRITE: bw=330MiB/s (346MB/s), 330MiB/s-330MiB/s (346MB/s-346MB/s), io=96.8GiB (104GB), run=300098-300098msec
