readwrite: (g=0): rw=rw, bs=(R) 4096B-4096B, (W) 4096B-4096B, (T) 4096B-4096B, ioengine=libaio, iodepth=256
...
fio-3.27
Starting 16 processes
readwrite: Laying out IO file (1 file / 1024MiB)
readwrite: Laying out IO file (1 file / 1024MiB)
readwrite: Laying out IO file (1 file / 1024MiB)
readwrite: Laying out IO file (1 file / 1024MiB)
readwrite: Laying out IO file (1 file / 1024MiB)
readwrite: Laying out IO file (1 file / 1024MiB)
readwrite: Laying out IO file (1 file / 1024MiB)
readwrite: Laying out IO file (1 file / 1024MiB)

readwrite: (groupid=0, jobs=16): err= 0: pid=5720: Wed Jul 21 17:00:39 2021
  read: IOPS=45.2k, BW=177MiB/s (185MB/s)(51.7GiB/300085msec)
    slat (usec): min=7, max=1520.4k, avg=250.08, stdev=4667.30
    clat (usec): min=10, max=24404k, avg=45324.40, stdev=410186.89
     lat (usec): min=19, max=24515k, avg=45575.21, stdev=413055.60
    clat percentiles (msec):
     |  1.00th=[   13],  5.00th=[   13], 10.00th=[   13], 20.00th=[   14],
     | 30.00th=[   14], 40.00th=[   14], 50.00th=[   14], 60.00th=[   15],
     | 70.00th=[   15], 80.00th=[   15], 90.00th=[   16], 95.00th=[   16],
     | 99.00th=[  309], 99.50th=[ 2265], 99.90th=[ 6544], 99.95th=[ 8557],
     | 99.99th=[13758]
   bw (  KiB/s): min=  128, max=610854, per=100.00%, avg=184286.21, stdev=13512.26, samples=9426
   iops        : min=   32, max=152713, avg=46071.37, stdev=3378.06, samples=9426
  write: IOPS=45.2k, BW=177MiB/s (185MB/s)(51.7GiB/300085msec); 0 zone resets
    slat (usec): min=68, max=1760.6k, avg=82.77, stdev=1364.66
    clat (usec): min=23, max=24386k, avg=44892.79, stdev=406622.29
     lat (usec): min=123, max=24386k, avg=44976.67, stdev=406663.79
    clat percentiles (msec):
     |  1.00th=[   13],  5.00th=[   13], 10.00th=[   13], 20.00th=[   14],
     | 30.00th=[   14], 40.00th=[   14], 50.00th=[   14], 60.00th=[   15],
     | 70.00th=[   15], 80.00th=[   15], 90.00th=[   16], 95.00th=[   16],
     | 99.00th=[  245], 99.50th=[ 2265], 99.90th=[ 6544], 99.95th=[ 8490],
     | 99.99th=[13489]
   bw (  KiB/s): min=  128, max=603822, per=100.00%, avg=184647.20, stdev=13517.64, samples=9401
   iops        : min=   32, max=150955, avg=46161.63, stdev=3379.40, samples=9401
  lat (usec)   : 20=0.01%, 50=0.01%, 250=0.01%, 500=0.01%, 750=0.01%
  lat (usec)   : 1000=0.01%
  lat (msec)   : 2=0.01%, 4=0.01%, 10=0.01%, 20=97.89%, 50=1.00%
  lat (msec)   : 100=0.06%, 250=0.05%, 500=0.05%, 750=0.04%, 1000=0.07%
  lat (msec)   : 2000=0.28%, >=2000=0.56%
  cpu          : usr=5.33%, sys=27.20%, ctx=123252, majf=0, minf=710
  IO depths    : 1=0.1%, 2=0.1%, 4=0.1%, 8=0.1%, 16=0.1%, 32=0.1%, >=64=100.0%
     submit    : 0=0.0%, 4=100.0%, 8=0.0%, 16=0.0%, 32=0.0%, 64=0.0%, >=64=0.0%
     complete  : 0=0.0%, 4=100.0%, 8=0.0%, 16=0.0%, 32=0.0%, 64=0.0%, >=64=0.1%
     issued rwts: total=13561483,13562915,0,0 short=0,0,0,0 dropped=0,0,0,0
     latency   : target=0, window=0, percentile=100.00%, depth=256

Run status group 0 (all jobs):
   READ: bw=177MiB/s (185MB/s), 177MiB/s-177MiB/s (185MB/s-185MB/s), io=51.7GiB (55.5GB), run=300085-300085msec
  WRITE: bw=177MiB/s (185MB/s), 177MiB/s-177MiB/s (185MB/s-185MB/s), io=51.7GiB (55.6GB), run=300085-300085msec
