test: (g=0): rw=randread, bs=(R) 4096B-4096B, (W) 4096B-4096B, (T) 4096B-4096B, ioengine=libaio, iodepth=256
...
fio-3.27
Starting 2 processes
rand-read: Laying out IO file (1 file / 1024MiB)

test: (groupid=0, jobs=2): err= 0: pid=145880: Mon Jul 19 19:14:00 2021
  read: IOPS=172, BW=691KiB/s (708kB/s)(203MiB/300069msec)
    slat (usec): min=476, max=113380, avg=11550.85, stdev=9915.58
    clat (usec): min=26, max=4346.2k, avg=2931740.53, stdev=757987.21
     lat (msec): min=24, max=4372, avg=2943.29, stdev=760.72
    clat percentiles (msec):
     |  1.00th=[ 1519],  5.00th=[ 1636], 10.00th=[ 1787], 20.00th=[ 2022],
     | 30.00th=[ 2635], 40.00th=[ 2735], 50.00th=[ 2903], 60.00th=[ 3373],
     | 70.00th=[ 3574], 80.00th=[ 3675], 90.00th=[ 3809], 95.00th=[ 3910],
     | 99.00th=[ 4077], 99.50th=[ 4144], 99.90th=[ 4279], 99.95th=[ 4329],
     | 99.99th=[ 4329]
   bw (  KiB/s): min=  216, max= 1544, per=100.00%, avg=693.30, stdev=108.07, samples=1184
   iops        : min=   54, max=  386, avg=173.32, stdev=27.02, samples=1184
  lat (usec)   : 50=0.01%
  lat (msec)   : 50=0.01%, 100=0.01%, 250=0.04%, 500=0.08%, 750=0.07%
  lat (msec)   : 1000=0.06%, 2000=19.19%, >=2000=80.55%
  cpu          : usr=0.21%, sys=1.29%, ctx=51874, majf=0, minf=588
  IO depths    : 1=0.1%, 2=0.1%, 4=0.1%, 8=0.1%, 16=0.1%, 32=0.1%, >=64=99.8%
     submit    : 0=0.0%, 4=100.0%, 8=0.0%, 16=0.0%, 32=0.0%, 64=0.0%, >=64=0.0%
     complete  : 0=0.0%, 4=100.0%, 8=0.0%, 16=0.0%, 32=0.0%, 64=0.0%, >=64=0.1%
     issued rwts: total=51860,0,0,0 short=0,0,0,0 dropped=0,0,0,0
     latency   : target=0, window=0, percentile=100.00%, depth=256

Run status group 0 (all jobs):
   READ: bw=691KiB/s (708kB/s), 691KiB/s-691KiB/s (708kB/s-708kB/s), io=203MiB (212MB), run=300069-300069msec
