test: (g=0): rw=read, bs=(R) 4096B-4096B, (W) 4096B-4096B, (T) 4096B-4096B, ioengine=libaio, iodepth=256
fio-3.27
Starting 1 process

test: (groupid=0, jobs=1): err= 0: pid=2617: Fri Jul 16 03:20:34 2021
  read: IOPS=31.1k, BW=121MiB/s (127MB/s)(35.6GiB/300001msec)
    slat (usec): min=10, max=285770, avg=20.98, stdev=405.41
    clat (usec): min=11, max=1414.5k, avg=8197.63, stdev=35697.09
     lat (usec): min=24, max=1414.6k, avg=8219.41, stdev=35738.77
    clat percentiles (msec):
     |  1.00th=[    5],  5.00th=[    5], 10.00th=[    5], 20.00th=[    5],
     | 30.00th=[    5], 40.00th=[    6], 50.00th=[    6], 60.00th=[    6],
     | 70.00th=[    6], 80.00th=[    6], 90.00th=[   16], 95.00th=[   26],
     | 99.00th=[   27], 99.50th=[   27], 99.90th=[  885], 99.95th=[  936],
     | 99.99th=[ 1062]
   bw (  KiB/s): min=    8, max=165504, per=100.00%, avg=128656.86, stdev=57142.38, samples=579
   iops        : min=    2, max=41376, avg=32164.22, stdev=14285.59, samples=579
  lat (usec)   : 20=0.01%, 50=0.01%, 100=0.01%, 250=0.01%, 500=0.01%
  lat (usec)   : 750=0.01%, 1000=0.01%
  lat (msec)   : 2=0.01%, 4=0.01%, 10=89.10%, 20=4.80%, 50=5.89%
  lat (msec)   : 100=0.04%, 250=0.01%, 500=0.01%, 750=0.04%, 1000=0.09%
  lat (msec)   : 2000=0.02%
  cpu          : usr=25.89%, sys=67.12%, ctx=7434, majf=0, minf=294
  IO depths    : 1=0.1%, 2=0.1%, 4=0.1%, 8=0.1%, 16=0.1%, 32=0.1%, >=64=100.0%
     submit    : 0=0.0%, 4=100.0%, 8=0.0%, 16=0.0%, 32=0.0%, 64=0.0%, >=64=0.0%
     complete  : 0=0.0%, 4=100.0%, 8=0.0%, 16=0.0%, 32=0.0%, 64=0.0%, >=64=0.1%
     issued rwts: total=9323113,0,0,0 short=0,0,0,0 dropped=0,0,0,0
     latency   : target=0, window=0, percentile=100.00%, depth=256

Run status group 0 (all jobs):
   READ: bw=121MiB/s (127MB/s), 121MiB/s-121MiB/s (127MB/s-127MB/s), io=35.6GiB (38.2GB), run=300001-300001msec
