readwrite: (g=0): rw=rw, bs=(R) 4096B-4096B, (W) 4096B-4096B, (T) 4096B-4096B, ioengine=libaio, iodepth=256
...
fio-3.27
Starting 4 processes

readwrite: (groupid=0, jobs=4): err= 0: pid=42768: Wed Jul 21 16:32:21 2021
  read: IOPS=13.2k, BW=51.6MiB/s (54.1MB/s)(15.1GiB/300013msec)
    slat (usec): min=7, max=755027, avg=150.61, stdev=3243.17
    clat (usec): min=12, max=6462.6k, avg=38579.62, stdev=151725.86
     lat (usec): min=147, max=6462.7k, avg=38731.09, stdev=152418.22
    clat percentiles (msec):
     |  1.00th=[   13],  5.00th=[   13], 10.00th=[   13], 20.00th=[   14],
     | 30.00th=[   14], 40.00th=[   14], 50.00th=[   15], 60.00th=[   15],
     | 70.00th=[   19], 80.00th=[   20], 90.00th=[   21], 95.00th=[  136],
     | 99.00th=[  567], 99.50th=[ 1099], 99.90th=[ 2198], 99.95th=[ 2668],
     | 99.99th=[ 3641]
   bw (  KiB/s): min=   48, max=159048, per=100.00%, avg=53375.30, stdev=12065.77, samples=2380
   iops        : min=   12, max=39762, avg=13343.76, stdev=3016.44, samples=2380
  write: IOPS=13.2k, BW=51.6MiB/s (54.1MB/s)(15.1GiB/300013msec); 0 zone resets
    slat (usec): min=68, max=943468, avg=131.73, stdev=3374.50
    clat (usec): min=11, max=6462.6k, avg=38460.77, stdev=150842.93
     lat (usec): min=84, max=6462.7k, avg=38593.61, stdev=151139.61
    clat percentiles (msec):
     |  1.00th=[   13],  5.00th=[   13], 10.00th=[   13], 20.00th=[   14],
     | 30.00th=[   14], 40.00th=[   14], 50.00th=[   15], 60.00th=[   15],
     | 70.00th=[   19], 80.00th=[   20], 90.00th=[   21], 95.00th=[  136],
     | 99.00th=[  567], 99.50th=[ 1099], 99.90th=[ 2198], 99.95th=[ 2635],
     | 99.99th=[ 3574]
   bw (  KiB/s): min=   40, max=159520, per=100.00%, avg=53427.28, stdev=12066.99, samples=2375
   iops        : min=   10, max=39880, avg=13356.75, stdev=3016.74, samples=2375
  lat (usec)   : 20=0.01%, 50=0.01%, 100=0.01%, 250=0.01%, 500=0.01%
  lat (usec)   : 750=0.01%, 1000=0.01%
  lat (msec)   : 2=0.01%, 4=0.01%, 10=0.01%, 20=88.21%, 50=4.84%
  lat (msec)   : 100=1.16%, 250=3.56%, 500=1.10%, 750=0.36%, 1000=0.21%
  lat (msec)   : 2000=0.43%, >=2000=0.13%
  cpu          : usr=6.47%, sys=36.46%, ctx=133320, majf=0, minf=176
  IO depths    : 1=0.1%, 2=0.1%, 4=0.1%, 8=0.1%, 16=0.1%, 32=0.1%, >=64=100.0%
     submit    : 0=0.0%, 4=100.0%, 8=0.0%, 16=0.0%, 32=0.0%, 64=0.0%, >=64=0.0%
     complete  : 0=0.0%, 4=100.0%, 8=0.0%, 16=0.0%, 32=0.0%, 64=0.0%, >=64=0.1%
     issued rwts: total=3965435,3962563,0,0 short=0,0,0,0 dropped=0,0,0,0
     latency   : target=0, window=0, percentile=100.00%, depth=256

Run status group 0 (all jobs):
   READ: bw=51.6MiB/s (54.1MB/s), 51.6MiB/s-51.6MiB/s (54.1MB/s-54.1MB/s), io=15.1GiB (16.2GB), run=300013-300013msec
  WRITE: bw=51.6MiB/s (54.1MB/s), 51.6MiB/s-51.6MiB/s (54.1MB/s-54.1MB/s), io=15.1GiB (16.2GB), run=300013-300013msec
