test: (g=0): rw=read, bs=(R) 4096B-4096B, (W) 4096B-4096B, (T) 4096B-4096B, ioengine=libaio, iodepth=256
...
fio-3.27
Starting 8 processes
seq-read: Laying out IO file (1 file / 1024MiB)
seq-read: Laying out IO file (1 file / 1024MiB)
seq-read: Laying out IO file (1 file / 1024MiB)
seq-read: Laying out IO file (1 file / 1024MiB)

test: (groupid=0, jobs=8): err= 0: pid=19782: Tue Jul 20 15:40:03 2021
  read: IOPS=6481, BW=25.3MiB/s (26.5MB/s)(7597MiB/300078msec)
    slat (usec): min=10, max=323778, avg=1221.28, stdev=9245.26
    clat (usec): min=12, max=35102k, avg=314511.60, stdev=2239209.93
     lat (usec): min=1992, max=35230k, avg=315734.06, stdev=2247773.48
    clat percentiles (msec):
     |  1.00th=[    5],  5.00th=[    5], 10.00th=[    5], 20.00th=[    5],
     | 30.00th=[    6], 40.00th=[    6], 50.00th=[    6], 60.00th=[    6],
     | 70.00th=[   17], 80.00th=[  249], 90.00th=[  600], 95.00th=[  642],
     | 99.00th=[ 1183], 99.50th=[17113], 99.90th=[17113], 99.95th=[17113],
     | 99.99th=[17113]
   bw (  KiB/s): min=  128, max=1119960, per=100.00%, avg=25969.72, stdev=18033.68, samples=4790
   iops        : min=   32, max=279990, avg=6492.03, stdev=4508.42, samples=4790
  lat (usec)   : 20=0.01%, 50=0.01%
  lat (msec)   : 4=0.01%, 10=62.73%, 20=12.79%, 50=4.35%, 100=0.09%
  lat (msec)   : 250=0.05%, 500=0.38%, 750=17.44%, 1000=1.03%, 2000=0.25%
  lat (msec)   : >=2000=0.90%
  cpu          : usr=0.93%, sys=4.25%, ctx=386480, majf=0, minf=2366
  IO depths    : 1=0.1%, 2=0.1%, 4=0.1%, 8=0.1%, 16=0.1%, 32=0.1%, >=64=100.0%
     submit    : 0=0.0%, 4=100.0%, 8=0.0%, 16=0.0%, 32=0.0%, 64=0.0%, >=64=0.0%
     complete  : 0=0.0%, 4=100.0%, 8=0.0%, 16=0.0%, 32=0.0%, 64=0.0%, >=64=0.1%
     issued rwts: total=1944874,0,0,0 short=0,0,0,0 dropped=0,0,0,0
     latency   : target=0, window=0, percentile=100.00%, depth=256

Run status group 0 (all jobs):
   READ: bw=25.3MiB/s (26.5MB/s), 25.3MiB/s-25.3MiB/s (26.5MB/s-26.5MB/s), io=7597MiB (7966MB), run=300078-300078msec
