readwrite: (g=0): rw=rw, bs=(R) 4096B-4096B, (W) 4096B-4096B, (T) 4096B-4096B, ioengine=libaio, iodepth=256
...
fio-3.27
Starting 64 processes
readwrite: Laying out IO file (1 file / 1024MiB)
readwrite: Laying out IO file (1 file / 1024MiB)
readwrite: Laying out IO file (1 file / 1024MiB)
readwrite: Laying out IO file (1 file / 1024MiB)
readwrite: Laying out IO file (1 file / 1024MiB)
readwrite: Laying out IO file (1 file / 1024MiB)
readwrite: Laying out IO file (1 file / 1024MiB)
readwrite: Laying out IO file (1 file / 1024MiB)
readwrite: Laying out IO file (1 file / 1024MiB)
readwrite: Laying out IO file (1 file / 1024MiB)
readwrite: Laying out IO file (1 file / 1024MiB)
readwrite: Laying out IO file (1 file / 1024MiB)
readwrite: Laying out IO file (1 file / 1024MiB)
readwrite: Laying out IO file (1 file / 1024MiB)
readwrite: Laying out IO file (1 file / 1024MiB)
readwrite: Laying out IO file (1 file / 1024MiB)
readwrite: Laying out IO file (1 file / 1024MiB)
readwrite: Laying out IO file (1 file / 1024MiB)
readwrite: Laying out IO file (1 file / 1024MiB)
readwrite: Laying out IO file (1 file / 1024MiB)
readwrite: Laying out IO file (1 file / 1024MiB)
readwrite: Laying out IO file (1 file / 1024MiB)
readwrite: Laying out IO file (1 file / 1024MiB)
readwrite: Laying out IO file (1 file / 1024MiB)
readwrite: Laying out IO file (1 file / 1024MiB)
readwrite: Laying out IO file (1 file / 1024MiB)
readwrite: Laying out IO file (1 file / 1024MiB)
readwrite: Laying out IO file (1 file / 1024MiB)
readwrite: Laying out IO file (1 file / 1024MiB)
readwrite: Laying out IO file (1 file / 1024MiB)
readwrite: Laying out IO file (1 file / 1024MiB)
readwrite: Laying out IO file (1 file / 1024MiB)

readwrite: (groupid=0, jobs=64): err= 0: pid=142371: Wed Jul 21 19:16:01 2021
  read: IOPS=17.4k, BW=67.8MiB/s (71.1MB/s)(19.9GiB/300064msec)
    slat (usec): min=7, max=7828.6k, avg=3572.58, stdev=37410.62
    clat (usec): min=12, max=54622k, avg=471285.65, stdev=3216967.67
     lat (usec): min=69, max=54797k, avg=474859.02, stdev=3240152.53
    clat percentiles (msec):
     |  1.00th=[   13],  5.00th=[   13], 10.00th=[   14], 20.00th=[   14],
     | 30.00th=[   14], 40.00th=[   14], 50.00th=[   15], 60.00th=[   15],
     | 70.00th=[   15], 80.00th=[   16], 90.00th=[   19], 95.00th=[   21],
     | 99.00th=[17113], 99.50th=[17113], 99.90th=[17113], 99.95th=[17113],
     | 99.99th=[17113]
   bw (  KiB/s): min=  505, max=1030769, per=100.00%, avg=80121.26, stdev=5507.20, samples=30774
   iops        : min=  121, max=257687, avg=20029.86, stdev=1376.78, samples=30774
  write: IOPS=17.3k, BW=67.7MiB/s (71.0MB/s)(19.8GiB/300064msec); 0 zone resets
    slat (usec): min=68, max=1388.5k, avg=94.25, stdev=1952.23
    clat (usec): min=12, max=54622k, avg=452022.41, stdev=3140229.27
     lat (usec): min=88, max=54622k, avg=452117.77, stdev=3140283.79
    clat percentiles (msec):
     |  1.00th=[   13],  5.00th=[   13], 10.00th=[   14], 20.00th=[   14],
     | 30.00th=[   14], 40.00th=[   14], 50.00th=[   15], 60.00th=[   15],
     | 70.00th=[   15], 80.00th=[   16], 90.00th=[   18], 95.00th=[   20],
     | 99.00th=[17113], 99.50th=[17113], 99.90th=[17113], 99.95th=[17113],
     | 99.99th=[17113]
   bw (  KiB/s): min=  504, max=1035273, per=100.00%, avg=81145.67, stdev=5504.61, samples=30515
   iops        : min=  120, max=258811, avg=20285.99, stdev=1376.13, samples=30515
  lat (usec)   : 20=0.01%, 50=0.01%, 100=0.01%, 250=0.01%, 500=0.01%
  lat (usec)   : 750=0.01%, 1000=0.01%
  lat (msec)   : 2=0.01%, 4=0.01%, 10=0.01%, 20=95.18%, 50=1.48%
  lat (msec)   : 100=0.18%, 250=0.28%, 500=0.19%, 750=0.13%, 1000=0.09%
  lat (msec)   : 2000=0.12%, >=2000=2.35%
  cpu          : usr=0.53%, sys=2.77%, ctx=113189, majf=0, minf=2847
  IO depths    : 1=0.1%, 2=0.1%, 4=0.1%, 8=0.1%, 16=0.1%, 32=0.1%, >=64=100.0%
     submit    : 0=0.0%, 4=100.0%, 8=0.0%, 16=0.0%, 32=0.0%, 64=0.0%, >=64=0.0%
     complete  : 0=0.0%, 4=100.0%, 8=0.0%, 16=0.0%, 32=0.0%, 64=0.0%, >=64=0.1%
     issued rwts: total=5207342,5201265,0,0 short=0,0,0,0 dropped=0,0,0,0
     latency   : target=0, window=0, percentile=100.00%, depth=256

Run status group 0 (all jobs):
   READ: bw=67.8MiB/s (71.1MB/s), 67.8MiB/s-67.8MiB/s (71.1MB/s-71.1MB/s), io=19.9GiB (21.3GB), run=300064-300064msec
  WRITE: bw=67.7MiB/s (71.0MB/s), 67.7MiB/s-67.7MiB/s (71.0MB/s-71.0MB/s), io=19.8GiB (21.3GB), run=300064-300064msec
