readwrite: (g=0): rw=rw, bs=(R) 4096B-4096B, (W) 4096B-4096B, (T) 4096B-4096B, ioengine=libaio, iodepth=256
...
fio-3.27
Starting 4 processes

readwrite: (groupid=0, jobs=4): err= 0: pid=239209: Wed Jul 21 16:32:22 2021
  read: IOPS=12.8k, BW=50.0MiB/s (52.4MB/s)(14.7GiB/300271msec)
    slat (usec): min=7, max=922992, avg=148.06, stdev=3953.80
    clat (usec): min=19, max=8809.8k, avg=39875.88, stdev=180677.22
     lat (msec): min=10, max=8811, avg=40.02, stdev=181.48
    clat percentiles (msec):
     |  1.00th=[   13],  5.00th=[   13], 10.00th=[   14], 20.00th=[   14],
     | 30.00th=[   14], 40.00th=[   14], 50.00th=[   15], 60.00th=[   15],
     | 70.00th=[   19], 80.00th=[   20], 90.00th=[   21], 95.00th=[  122],
     | 99.00th=[  642], 99.50th=[ 1116], 99.90th=[ 2668], 99.95th=[ 3373],
     | 99.99th=[ 5604]
   bw (  KiB/s): min=   40, max=157152, per=100.00%, avg=52193.59, stdev=12345.10, samples=2351
   iops        : min=   10, max=39288, avg=13048.40, stdev=3086.28, samples=2351
  write: IOPS=12.8k, BW=50.0MiB/s (52.4MB/s)(14.7GiB/300271msec); 0 zone resets
    slat (usec): min=68, max=924666, avg=143.82, stdev=3677.65
    clat (msec): min=10, max=8811, avg=39.58, stdev=178.52
     lat (msec): min=10, max=8811, avg=39.72, stdev=178.92
    clat percentiles (msec):
     |  1.00th=[   13],  5.00th=[   13], 10.00th=[   14], 20.00th=[   14],
     | 30.00th=[   14], 40.00th=[   14], 50.00th=[   15], 60.00th=[   15],
     | 70.00th=[   19], 80.00th=[   20], 90.00th=[   21], 95.00th=[  121],
     | 99.00th=[  634], 99.50th=[ 1099], 99.90th=[ 2635], 99.95th=[ 3373],
     | 99.99th=[ 5470]
   bw (  KiB/s): min=   32, max=159424, per=100.00%, avg=52160.33, stdev=12333.91, samples=2354
   iops        : min=    8, max=39856, avg=13040.08, stdev=3083.48, samples=2354
  lat (usec)   : 20=0.01%, 50=0.01%
  lat (msec)   : 20=89.82%, 50=3.73%, 100=1.03%, 250=3.26%, 500=0.96%
  lat (msec)   : 750=0.36%, 1000=0.26%, 2000=0.40%, >=2000=0.19%
  cpu          : usr=6.39%, sys=35.18%, ctx=117238, majf=0, minf=174
  IO depths    : 1=0.1%, 2=0.1%, 4=0.1%, 8=0.1%, 16=0.1%, 32=0.1%, >=64=100.0%
     submit    : 0=0.0%, 4=100.0%, 8=0.0%, 16=0.0%, 32=0.0%, 64=0.0%, >=64=0.0%
     complete  : 0=0.0%, 4=100.0%, 8=0.0%, 16=0.0%, 32=0.0%, 64=0.0%, >=64=0.1%
     issued rwts: total=3844616,3842168,0,0 short=0,0,0,0 dropped=0,0,0,0
     latency   : target=0, window=0, percentile=100.00%, depth=256

Run status group 0 (all jobs):
   READ: bw=50.0MiB/s (52.4MB/s), 50.0MiB/s-50.0MiB/s (52.4MB/s-52.4MB/s), io=14.7GiB (15.7GB), run=300271-300271msec
  WRITE: bw=50.0MiB/s (52.4MB/s), 50.0MiB/s-50.0MiB/s (52.4MB/s-52.4MB/s), io=14.7GiB (15.7GB), run=300271-300271msec
