test: (g=0): rw=randread, bs=(R) 4096B-4096B, (W) 4096B-4096B, (T) 4096B-4096B, ioengine=libaio, iodepth=256
...
fio-3.27
Starting 16 processes
rand-read: Laying out IO file (1 file / 1024MiB)
rand-read: Laying out IO file (1 file / 1024MiB)
rand-read: Laying out IO file (1 file / 1024MiB)
rand-read: Laying out IO file (1 file / 1024MiB)
rand-read: Laying out IO file (1 file / 1024MiB)
rand-read: Laying out IO file (1 file / 1024MiB)
rand-read: Laying out IO file (1 file / 1024MiB)
rand-read: Laying out IO file (1 file / 1024MiB)

test: (groupid=0, jobs=16): err= 0: pid=218175: Mon Jul 19 22:15:36 2021
  read: IOPS=700, BW=2800KiB/s (2867kB/s)(820MiB/300026msec)
    slat (usec): min=629, max=300639, avg=22830.25, stdev=14345.25
    clat (usec): min=17, max=8084.2k, avg=5771221.59, stdev=893597.21
     lat (msec): min=2, max=8103, avg=5794.06, stdev=896.05
    clat percentiles (msec):
     |  1.00th=[ 2534],  5.00th=[ 4597], 10.00th=[ 4799], 20.00th=[ 5000],
     | 30.00th=[ 5336], 40.00th=[ 5604], 50.00th=[ 5940], 60.00th=[ 6141],
     | 70.00th=[ 6275], 80.00th=[ 6409], 90.00th=[ 6678], 95.00th=[ 7013],
     | 99.00th=[ 7550], 99.50th=[ 7617], 99.90th=[ 7886], 99.95th=[ 7953],
     | 99.99th=[ 8020]
   bw (  KiB/s): min= 1128, max= 3928, per=99.82%, avg=2795.20, stdev=23.45, samples=9404
   iops        : min=  282, max=  982, avg=698.80, stdev= 5.86, samples=9404
  lat (usec)   : 20=0.01%, 50=0.01%
  lat (msec)   : 4=0.01%, 10=0.01%, 20=0.01%, 50=0.03%, 100=0.04%
  lat (msec)   : 250=0.12%, 500=0.10%, 750=0.10%, 1000=0.09%, 2000=0.33%
  lat (msec)   : >=2000=99.18%
  cpu          : usr=0.12%, sys=0.77%, ctx=210166, majf=0, minf=4725
  IO depths    : 1=0.1%, 2=0.1%, 4=0.1%, 8=0.1%, 16=0.1%, 32=0.2%, >=64=99.5%
     submit    : 0=0.0%, 4=100.0%, 8=0.0%, 16=0.0%, 32=0.0%, 64=0.0%, >=64=0.0%
     complete  : 0=0.0%, 4=100.0%, 8=0.0%, 16=0.0%, 32=0.0%, 64=0.0%, >=64=0.1%
     issued rwts: total=210022,0,0,0 short=0,0,0,0 dropped=0,0,0,0
     latency   : target=0, window=0, percentile=100.00%, depth=256

Run status group 0 (all jobs):
   READ: bw=2800KiB/s (2867kB/s), 2800KiB/s-2800KiB/s (2867kB/s-2867kB/s), io=820MiB (860MB), run=300026-300026msec
