test: (g=0): rw=randread, bs=(R) 4096B-4096B, (W) 4096B-4096B, (T) 4096B-4096B, ioengine=libaio, iodepth=256
...
fio-3.27
Starting 8 processes
rand-read: Laying out IO file (1 file / 1024MiB)
rand-read: Laying out IO file (1 file / 1024MiB)
rand-read: Laying out IO file (1 file / 1024MiB)
rand-read: Laying out IO file (1 file / 1024MiB)

test: (groupid=0, jobs=8): err= 0: pid=191980: Mon Jul 19 22:07:38 2021
  read: IOPS=649, BW=2597KiB/s (2659kB/s)(761MiB/300016msec)
    slat (usec): min=492, max=177817, avg=12298.27, stdev=9886.01
    clat (usec): min=14, max=3921.7k, avg=3126919.19, stdev=263812.48
     lat (msec): min=4, max=3939, avg=3139.22, stdev=264.13
    clat percentiles (msec):
     |  1.00th=[ 2635],  5.00th=[ 2836], 10.00th=[ 2903], 20.00th=[ 2970],
     | 30.00th=[ 3037], 40.00th=[ 3071], 50.00th=[ 3138], 60.00th=[ 3171],
     | 70.00th=[ 3239], 80.00th=[ 3306], 90.00th=[ 3373], 95.00th=[ 3473],
     | 99.00th=[ 3641], 99.50th=[ 3708], 99.90th=[ 3842], 99.95th=[ 3876],
     | 99.99th=[ 3910]
   bw (  KiB/s): min= 1352, max= 3584, per=99.89%, avg=2594.59, stdev=42.03, samples=4746
   iops        : min=  338, max=  896, avg=648.65, stdev=10.51, samples=4746
  lat (usec)   : 20=0.01%, 50=0.01%
  lat (msec)   : 10=0.01%, 20=0.01%, 50=0.01%, 100=0.02%, 250=0.05%
  lat (msec)   : 500=0.08%, 750=0.08%, 1000=0.09%, 2000=0.33%, >=2000=99.33%
  cpu          : usr=0.23%, sys=1.41%, ctx=194837, majf=0, minf=2362
  IO depths    : 1=0.1%, 2=0.1%, 4=0.1%, 8=0.1%, 16=0.1%, 32=0.1%, >=64=99.7%
     submit    : 0=0.0%, 4=100.0%, 8=0.0%, 16=0.0%, 32=0.0%, 64=0.0%, >=64=0.0%
     complete  : 0=0.0%, 4=100.0%, 8=0.0%, 16=0.0%, 32=0.0%, 64=0.0%, >=64=0.1%
     issued rwts: total=194768,0,0,0 short=0,0,0,0 dropped=0,0,0,0
     latency   : target=0, window=0, percentile=100.00%, depth=256

Run status group 0 (all jobs):
   READ: bw=2597KiB/s (2659kB/s), 2597KiB/s-2597KiB/s (2659kB/s-2659kB/s), io=761MiB (798MB), run=300016-300016msec
