test: (g=0): rw=randread, bs=(R) 4096B-4096B, (W) 4096B-4096B, (T) 4096B-4096B, ioengine=libaio, iodepth=256
fio-3.27
Starting 1 process
test: Laying out IO file (1 file / 1024MiB)

test: (groupid=0, jobs=1): err= 0: pid=104642: Tue Jul 20 10:05:39 2021
  read: IOPS=191, BW=768KiB/s (786kB/s)(225MiB/300004msec)
    slat (usec): min=466, max=77746, avg=5191.34, stdev=3953.44
    clat (usec): min=12, max=1582.8k, avg=1325384.41, stdev=86312.97
     lat (msec): min=3, max=1584, avg=1330.58, stdev=86.43
    clat percentiles (msec):
     |  1.00th=[ 1167],  5.00th=[ 1217], 10.00th=[ 1234], 20.00th=[ 1267],
     | 30.00th=[ 1284], 40.00th=[ 1318], 50.00th=[ 1334], 60.00th=[ 1351],
     | 70.00th=[ 1368], 80.00th=[ 1385], 90.00th=[ 1418], 95.00th=[ 1435],
     | 99.00th=[ 1502], 99.50th=[ 1536], 99.90th=[ 1569], 99.95th=[ 1569],
     | 99.99th=[ 1569]
   bw (  KiB/s): min=  288, max=  944, per=99.89%, avg=767.46, stdev=65.47, samples=597
   iops        : min=   72, max=  236, avg=191.86, stdev=16.37, samples=597
  lat (usec)   : 20=0.01%
  lat (msec)   : 4=0.01%, 20=0.01%, 50=0.01%, 100=0.01%, 250=0.05%
  lat (msec)   : 500=0.07%, 750=0.09%, 1000=0.06%, 2000=99.69%
  cpu          : usr=0.42%, sys=2.66%, ctx=57601, majf=0, minf=294
  IO depths    : 1=0.1%, 2=0.1%, 4=0.1%, 8=0.1%, 16=0.1%, 32=0.1%, >=64=99.9%
     submit    : 0=0.0%, 4=100.0%, 8=0.0%, 16=0.0%, 32=0.0%, 64=0.0%, >=64=0.0%
     complete  : 0=0.0%, 4=100.0%, 8=0.0%, 16=0.0%, 32=0.0%, 64=0.0%, >=64=0.1%
     issued rwts: total=57587,0,0,0 short=0,0,0,0 dropped=0,0,0,0
     latency   : target=0, window=0, percentile=100.00%, depth=256

Run status group 0 (all jobs):
   READ: bw=768KiB/s (786kB/s), 768KiB/s-768KiB/s (786kB/s-786kB/s), io=225MiB (236MB), run=300004-300004msec
