readwrite: (g=0): rw=rw, bs=(R) 4096B-4096B, (W) 4096B-4096B, (T) 4096B-4096B, ioengine=libaio, iodepth=256
...
fio-3.27
Starting 8 processes
readwrite: Laying out IO file (1 file / 1024MiB)
readwrite: Laying out IO file (1 file / 1024MiB)
readwrite: Laying out IO file (1 file / 1024MiB)
readwrite: Laying out IO file (1 file / 1024MiB)

readwrite: (groupid=0, jobs=8): err= 0: pid=4346: Wed Jul 21 16:53:45 2021
  read: IOPS=30.2k, BW=118MiB/s (124MB/s)(34.5GiB/300011msec)
    slat (usec): min=7, max=890228, avg=152.24, stdev=2376.80
    clat (usec): min=10, max=7244.9k, avg=33779.20, stdev=119069.88
     lat (usec): min=22, max=7270.1k, avg=33932.25, stdev=119788.03
    clat percentiles (msec):
     |  1.00th=[   13],  5.00th=[   13], 10.00th=[   13], 20.00th=[   14],
     | 30.00th=[   14], 40.00th=[   14], 50.00th=[   14], 60.00th=[   15],
     | 70.00th=[   15], 80.00th=[   16], 90.00th=[   20], 95.00th=[   28],
     | 99.00th=[  575], 99.50th=[  776], 99.90th=[ 1368], 99.95th=[ 1720],
     | 99.99th=[ 3138]
   bw (  KiB/s): min=  296, max=307775, per=100.00%, avg=121922.98, stdev=11913.78, samples=4760
   iops        : min=   74, max=76942, avg=30480.15, stdev=2978.44, samples=4760
  write: IOPS=30.2k, BW=118MiB/s (124MB/s)(34.5GiB/300011msec); 0 zone resets
    slat (usec): min=68, max=1030.3k, avg=91.13, stdev=1429.66
    clat (usec): min=11, max=7269.9k, avg=33752.07, stdev=119100.86
     lat (usec): min=96, max=7270.1k, avg=33844.33, stdev=119201.59
    clat percentiles (msec):
     |  1.00th=[   13],  5.00th=[   13], 10.00th=[   13], 20.00th=[   14],
     | 30.00th=[   14], 40.00th=[   14], 50.00th=[   14], 60.00th=[   15],
     | 70.00th=[   15], 80.00th=[   16], 90.00th=[   20], 95.00th=[   27],
     | 99.00th=[  575], 99.50th=[  776], 99.90th=[ 1368], 99.95th=[ 1720],
     | 99.99th=[ 3171]
   bw (  KiB/s): min=  336, max=307040, per=100.00%, avg=121930.03, stdev=11911.61, samples=4759
   iops        : min=   84, max=76759, avg=30481.90, stdev=2977.90, samples=4759
  lat (usec)   : 20=0.01%, 50=0.01%, 250=0.01%, 500=0.01%, 750=0.01%
  lat (usec)   : 1000=0.01%
  lat (msec)   : 2=0.01%, 4=0.01%, 10=0.01%, 20=93.52%, 50=2.16%
  lat (msec)   : 100=0.19%, 250=0.89%, 500=1.91%, 750=0.77%, 1000=0.29%
  lat (msec)   : 2000=0.22%, >=2000=0.03%
  cpu          : usr=7.51%, sys=39.17%, ctx=292161, majf=0, minf=355
  IO depths    : 1=0.1%, 2=0.1%, 4=0.1%, 8=0.1%, 16=0.1%, 32=0.1%, >=64=100.0%
     submit    : 0=0.0%, 4=100.0%, 8=0.0%, 16=0.0%, 32=0.0%, 64=0.0%, >=64=0.0%
     complete  : 0=0.0%, 4=100.0%, 8=0.0%, 16=0.0%, 32=0.0%, 64=0.0%, >=64=0.1%
     issued rwts: total=9051093,9051308,0,0 short=0,0,0,0 dropped=0,0,0,0
     latency   : target=0, window=0, percentile=100.00%, depth=256

Run status group 0 (all jobs):
   READ: bw=118MiB/s (124MB/s), 118MiB/s-118MiB/s (124MB/s-124MB/s), io=34.5GiB (37.1GB), run=300011-300011msec
  WRITE: bw=118MiB/s (124MB/s), 118MiB/s-118MiB/s (124MB/s-124MB/s), io=34.5GiB (37.1GB), run=300011-300011msec
