readwrite: (g=0): rw=rw, bs=(R) 4096B-4096B, (W) 4096B-4096B, (T) 4096B-4096B, ioengine=libaio, iodepth=256
...
fio-3.27
Starting 64 processes
readwrite: Laying out IO file (1 file / 1024MiB)
readwrite: Laying out IO file (1 file / 1024MiB)
readwrite: Laying out IO file (1 file / 1024MiB)
readwrite: Laying out IO file (1 file / 1024MiB)
readwrite: Laying out IO file (1 file / 1024MiB)
readwrite: Laying out IO file (1 file / 1024MiB)
readwrite: Laying out IO file (1 file / 1024MiB)
readwrite: Laying out IO file (1 file / 1024MiB)
readwrite: Laying out IO file (1 file / 1024MiB)
readwrite: Laying out IO file (1 file / 1024MiB)
readwrite: Laying out IO file (1 file / 1024MiB)
readwrite: Laying out IO file (1 file / 1024MiB)
readwrite: Laying out IO file (1 file / 1024MiB)
readwrite: Laying out IO file (1 file / 1024MiB)
readwrite: Laying out IO file (1 file / 1024MiB)
readwrite: Laying out IO file (1 file / 1024MiB)
readwrite: Laying out IO file (1 file / 1024MiB)
readwrite: Laying out IO file (1 file / 1024MiB)
readwrite: Laying out IO file (1 file / 1024MiB)
readwrite: Laying out IO file (1 file / 1024MiB)
readwrite: Laying out IO file (1 file / 1024MiB)
readwrite: Laying out IO file (1 file / 1024MiB)
readwrite: Laying out IO file (1 file / 1024MiB)
readwrite: Laying out IO file (1 file / 1024MiB)
readwrite: Laying out IO file (1 file / 1024MiB)
readwrite: Laying out IO file (1 file / 1024MiB)
readwrite: Laying out IO file (1 file / 1024MiB)
readwrite: Laying out IO file (1 file / 1024MiB)
readwrite: Laying out IO file (1 file / 1024MiB)
readwrite: Laying out IO file (1 file / 1024MiB)
readwrite: Laying out IO file (1 file / 1024MiB)
readwrite: Laying out IO file (1 file / 1024MiB)

readwrite: (groupid=0, jobs=64): err= 0: pid=106566: Wed Jul 21 20:16:01 2021
  read: IOPS=19.8k, BW=77.2MiB/s (81.0MB/s)(22.6GiB/300096msec)
    slat (usec): min=7, max=5039.1k, avg=3131.16, stdev=37314.91
    clat (usec): min=13, max=55641k, avg=414413.72, stdev=3127935.43
     lat (usec): min=291, max=55816k, avg=417545.64, stdev=3150543.83
    clat percentiles (msec):
     |  1.00th=[   13],  5.00th=[   13], 10.00th=[   14], 20.00th=[   14],
     | 30.00th=[   14], 40.00th=[   14], 50.00th=[   15], 60.00th=[   15],
     | 70.00th=[   15], 80.00th=[   16], 90.00th=[   16], 95.00th=[   20],
     | 99.00th=[17113], 99.50th=[17113], 99.90th=[17113], 99.95th=[17113],
     | 99.99th=[17113]
   bw (  KiB/s): min=  502, max=883775, per=100.00%, avg=91069.57, stdev=5961.31, samples=30480
   iops        : min=  118, max=220944, avg=22767.26, stdev=1490.32, samples=30480
  write: IOPS=19.8k, BW=77.2MiB/s (81.0MB/s)(22.6GiB/300096msec); 0 zone resets
    slat (usec): min=68, max=410623, avg=83.69, stdev=454.54
    clat (usec): min=11, max=55556k, avg=395038.52, stdev=3040472.69
     lat (usec): min=90, max=55556k, avg=395123.31, stdev=3040476.05
    clat percentiles (msec):
     |  1.00th=[   13],  5.00th=[   13], 10.00th=[   14], 20.00th=[   14],
     | 30.00th=[   14], 40.00th=[   14], 50.00th=[   15], 60.00th=[   15],
     | 70.00th=[   15], 80.00th=[   16], 90.00th=[   16], 95.00th=[   20],
     | 99.00th=[17113], 99.50th=[17113], 99.90th=[17113], 99.95th=[17113],
     | 99.99th=[17113]
   bw (  KiB/s): min=  505, max=883607, per=100.00%, avg=92204.80, stdev=5964.44, samples=30165
   iops        : min=  121, max=220900, avg=23051.02, stdev=1491.10, samples=30165
  lat (usec)   : 20=0.01%, 50=0.01%, 250=0.01%, 500=0.01%, 750=0.01%
  lat (usec)   : 1000=0.01%
  lat (msec)   : 2=0.01%, 4=0.01%, 10=0.01%, 20=96.56%, 50=1.07%
  lat (msec)   : 100=0.12%, 250=0.09%, 500=0.08%, 750=0.07%, 1000=0.07%
  lat (msec)   : 2000=0.08%, >=2000=1.87%
  cpu          : usr=0.59%, sys=3.08%, ctx=95519, majf=0, minf=2835
  IO depths    : 1=0.1%, 2=0.1%, 4=0.1%, 8=0.1%, 16=0.1%, 32=0.1%, >=64=100.0%
     submit    : 0=0.0%, 4=100.0%, 8=0.0%, 16=0.0%, 32=0.0%, 64=0.0%, >=64=0.0%
     complete  : 0=0.0%, 4=100.0%, 8=0.0%, 16=0.0%, 32=0.0%, 64=0.0%, >=64=0.1%
     issued rwts: total=5934638,5932659,0,0 short=0,0,0,0 dropped=0,0,0,0
     latency   : target=0, window=0, percentile=100.00%, depth=256

Run status group 0 (all jobs):
   READ: bw=77.2MiB/s (81.0MB/s), 77.2MiB/s-77.2MiB/s (81.0MB/s-81.0MB/s), io=22.6GiB (24.3GB), run=300096-300096msec
  WRITE: bw=77.2MiB/s (81.0MB/s), 77.2MiB/s-77.2MiB/s (81.0MB/s-81.0MB/s), io=22.6GiB (24.3GB), run=300096-300096msec
