test: (g=0): rw=read, bs=(R) 4096B-4096B, (W) 4096B-4096B, (T) 4096B-4096B, ioengine=libaio, iodepth=256
...
fio-3.27
Starting 16 processes
seq-read: Laying out IO file (1 file / 1024MiB)
seq-read: Laying out IO file (1 file / 1024MiB)
seq-read: Laying out IO file (1 file / 1024MiB)
seq-read: Laying out IO file (1 file / 1024MiB)
seq-read: Laying out IO file (1 file / 1024MiB)
seq-read: Laying out IO file (1 file / 1024MiB)
seq-read: Laying out IO file (1 file / 1024MiB)
seq-read: Laying out IO file (1 file / 1024MiB)

test: (groupid=0, jobs=16): err= 0: pid=26039: Tue Jul 20 15:48:26 2021
  read: IOPS=23.5k, BW=91.6MiB/s (96.1MB/s)(26.9GiB/300284msec)
    slat (usec): min=10, max=572717, avg=669.56, stdev=5967.18
    clat (usec): min=11, max=34725k, avg=173675.49, stdev=1346680.38
     lat (usec): min=64, max=34843k, avg=174345.99, stdev=1351805.96
    clat percentiles (msec):
     |  1.00th=[    5],  5.00th=[    5], 10.00th=[    5], 20.00th=[    5],
     | 30.00th=[    6], 40.00th=[    6], 50.00th=[    6], 60.00th=[    6],
     | 70.00th=[    6], 80.00th=[   16], 90.00th=[   26], 95.00th=[ 1053],
     | 99.00th=[ 2601], 99.50th=[ 7282], 99.90th=[17113], 99.95th=[17113],
     | 99.99th=[17113]
   bw (  KiB/s): min=  328, max=2349344, per=100.00%, avg=94620.01, stdev=25389.19, samples=9567
   iops        : min=   82, max=587336, avg=23654.98, stdev=6347.30, samples=9567
  lat (usec)   : 20=0.01%, 50=0.01%, 100=0.01%, 250=0.01%, 500=0.01%
  lat (usec)   : 750=0.01%, 1000=0.01%
  lat (msec)   : 2=0.01%, 4=0.01%, 10=78.55%, 20=10.48%, 50=5.28%
  lat (msec)   : 100=0.09%, 250=0.03%, 500=0.06%, 750=0.04%, 1000=0.20%
  lat (msec)   : 2000=3.93%, >=2000=1.34%
  cpu          : usr=1.40%, sys=4.75%, ctx=383558, majf=0, minf=4736
  IO depths    : 1=0.1%, 2=0.1%, 4=0.1%, 8=0.1%, 16=0.1%, 32=0.1%, >=64=100.0%
     submit    : 0=0.0%, 4=100.0%, 8=0.0%, 16=0.0%, 32=0.0%, 64=0.0%, >=64=0.0%
     complete  : 0=0.0%, 4=100.0%, 8=0.0%, 16=0.0%, 32=0.0%, 64=0.0%, >=64=0.1%
     issued rwts: total=7044555,0,0,0 short=0,0,0,0 dropped=0,0,0,0
     latency   : target=0, window=0, percentile=100.00%, depth=256

Run status group 0 (all jobs):
   READ: bw=91.6MiB/s (96.1MB/s), 91.6MiB/s-91.6MiB/s (96.1MB/s-96.1MB/s), io=26.9GiB (28.9GB), run=300284-300284msec
