readwrite: (g=0): rw=rw, bs=(R) 4096B-4096B, (W) 4096B-4096B, (T) 4096B-4096B, ioengine=libaio, iodepth=256
...
fio-3.27
Starting 8 processes
readwrite: Laying out IO file (1 file / 1024MiB)
readwrite: Laying out IO file (1 file / 1024MiB)
readwrite: Laying out IO file (1 file / 1024MiB)
readwrite: Laying out IO file (1 file / 1024MiB)

readwrite: (groupid=0, jobs=8): err= 0: pid=49752: Wed Jul 21 19:40:18 2021
  read: IOPS=24.1k, BW=94.1MiB/s (98.7MB/s)(27.6GiB/300024msec)
    slat (usec): min=7, max=900386, avg=232.97, stdev=4740.43
    clat (usec): min=10, max=28031k, avg=42346.67, stdev=406690.19
     lat (usec): min=21, max=28082k, avg=42580.39, stdev=409506.57
    clat percentiles (msec):
     |  1.00th=[   12],  5.00th=[   13], 10.00th=[   13], 20.00th=[   13],
     | 30.00th=[   14], 40.00th=[   14], 50.00th=[   14], 60.00th=[   14],
     | 70.00th=[   14], 80.00th=[   15], 90.00th=[   15], 95.00th=[   19],
     | 99.00th=[  460], 99.50th=[ 1938], 99.90th=[ 5738], 99.95th=[ 8658],
     | 99.99th=[15503]
   bw (  KiB/s): min=   72, max=321176, per=100.00%, avg=97760.89, stdev=13235.06, samples=4688
   iops        : min=   18, max=80294, avg=24440.19, stdev=3308.76, samples=4688
  write: IOPS=24.1k, BW=94.1MiB/s (98.7MB/s)(27.6GiB/300024msec); 0 zone resets
    slat (usec): min=68, max=274464, avg=77.79, stdev=160.89
    clat (usec): min=11, max=28074k, avg=42306.97, stdev=408850.45
     lat (usec): min=83, max=28074k, avg=42385.86, stdev=408852.03
    clat percentiles (msec):
     |  1.00th=[   12],  5.00th=[   13], 10.00th=[   13], 20.00th=[   13],
     | 30.00th=[   14], 40.00th=[   14], 50.00th=[   14], 60.00th=[   14],
     | 70.00th=[   14], 80.00th=[   15], 90.00th=[   15], 95.00th=[   19],
     | 99.00th=[  414], 99.50th=[ 1921], 99.90th=[ 5671], 99.95th=[ 8658],
     | 99.99th=[15503]
   bw (  KiB/s): min=   64, max=319888, per=100.00%, avg=97581.13, stdev=13220.43, samples=4713
   iops        : min=   16, max=79972, avg=24395.25, stdev=3305.10, samples=4713
  lat (usec)   : 20=0.01%, 50=0.01%, 100=0.01%, 250=0.01%, 500=0.01%
  lat (usec)   : 750=0.01%, 1000=0.01%
  lat (msec)   : 2=0.01%, 4=0.01%, 10=0.01%, 20=97.22%, 50=1.64%
  lat (msec)   : 100=0.05%, 250=0.05%, 500=0.05%, 750=0.06%, 1000=0.10%
  lat (msec)   : 2000=0.35%, >=2000=0.48%
  cpu          : usr=5.74%, sys=28.78%, ctx=68923, majf=0, minf=360
  IO depths    : 1=0.1%, 2=0.1%, 4=0.1%, 8=0.1%, 16=0.1%, 32=0.1%, >=64=100.0%
     submit    : 0=0.0%, 4=100.0%, 8=0.0%, 16=0.0%, 32=0.0%, 64=0.0%, >=64=0.0%
     complete  : 0=0.0%, 4=100.0%, 8=0.0%, 16=0.0%, 32=0.0%, 64=0.0%, >=64=0.1%
     issued rwts: total=7229460,7229404,0,0 short=0,0,0,0 dropped=0,0,0,0
     latency   : target=0, window=0, percentile=100.00%, depth=256

Run status group 0 (all jobs):
   READ: bw=94.1MiB/s (98.7MB/s), 94.1MiB/s-94.1MiB/s (98.7MB/s-98.7MB/s), io=27.6GiB (29.6GB), run=300024-300024msec
  WRITE: bw=94.1MiB/s (98.7MB/s), 94.1MiB/s-94.1MiB/s (98.7MB/s-98.7MB/s), io=27.6GiB (29.6GB), run=300024-300024msec
