test: (g=0): rw=randread, bs=(R) 4096B-4096B, (W) 4096B-4096B, (T) 4096B-4096B, ioengine=libaio, iodepth=256
...
fio-3.27
Starting 4 processes
rand-read: Laying out IO file (1 file / 1024MiB)
rand-read: Laying out IO file (1 file / 1024MiB)

test: (groupid=0, jobs=4): err= 0: pid=171229: Tue Jul 20 11:16:42 2021
  read: IOPS=442, BW=1768KiB/s (1811kB/s)(518MiB/300006msec)
    slat (usec): min=484, max=97837, avg=9025.10, stdev=6641.95
    clat (usec): min=15, max=2838.7k, avg=2298610.47, stdev=167656.53
     lat (msec): min=4, max=2846, avg=2307.64, stdev=167.85
    clat percentiles (msec):
     |  1.00th=[ 2039],  5.00th=[ 2123], 10.00th=[ 2165], 20.00th=[ 2198],
     | 30.00th=[ 2232], 40.00th=[ 2265], 50.00th=[ 2299], 60.00th=[ 2333],
     | 70.00th=[ 2366], 80.00th=[ 2400], 90.00th=[ 2467], 95.00th=[ 2500],
     | 99.00th=[ 2635], 99.50th=[ 2668], 99.90th=[ 2769], 99.95th=[ 2802],
     | 99.99th=[ 2802]
   bw (  KiB/s): min=  896, max= 2320, per=99.92%, avg=1767.08, stdev=45.34, samples=2380
   iops        : min=  224, max=  580, avg=441.77, stdev=11.34, samples=2380
  lat (usec)   : 20=0.01%, 50=0.01%
  lat (msec)   : 10=0.01%, 20=0.01%, 50=0.01%, 100=0.02%, 250=0.07%
  lat (msec)   : 500=0.08%, 750=0.08%, 1000=0.08%, 2000=0.41%, >=2000=99.24%
  cpu          : usr=0.27%, sys=1.81%, ctx=132675, majf=0, minf=1182
  IO depths    : 1=0.1%, 2=0.1%, 4=0.1%, 8=0.1%, 16=0.1%, 32=0.1%, >=64=99.8%
     submit    : 0=0.0%, 4=100.0%, 8=0.0%, 16=0.0%, 32=0.0%, 64=0.0%, >=64=0.0%
     complete  : 0=0.0%, 4=100.0%, 8=0.0%, 16=0.0%, 32=0.0%, 64=0.0%, >=64=0.1%
     issued rwts: total=132633,0,0,0 short=0,0,0,0 dropped=0,0,0,0
     latency   : target=0, window=0, percentile=100.00%, depth=256

Run status group 0 (all jobs):
   READ: bw=1768KiB/s (1811kB/s), 1768KiB/s-1768KiB/s (1811kB/s-1811kB/s), io=518MiB (543MB), run=300006-300006msec
