test: (g=0): rw=read, bs=(R) 4096B-4096B, (W) 4096B-4096B, (T) 4096B-4096B, ioengine=libaio, iodepth=256
...
fio-3.27
Starting 32 processes

test: (groupid=0, jobs=32): err= 0: pid=237782: Fri Jul 16 03:45:32 2021
  read: IOPS=53.7k, BW=210MiB/s (220MB/s)(61.4GiB/300003msec)
    slat (usec): min=10, max=113703, avg=581.87, stdev=1241.01
    clat (usec): min=10, max=1458.8k, avg=151900.47, stdev=220292.37
     lat (usec): min=22, max=1475.2k, avg=152483.70, stdev=221138.87
    clat percentiles (msec):
     |  1.00th=[    6],  5.00th=[    6], 10.00th=[    6], 20.00th=[    6],
     | 30.00th=[    6], 40.00th=[    6], 50.00th=[    6], 60.00th=[    6],
     | 70.00th=[  355], 80.00th=[  422], 90.00th=[  506], 95.00th=[  550],
     | 99.00th=[  642], 99.50th=[  701], 99.90th=[  953], 99.95th=[ 1003],
     | 99.99th=[ 1167]
   bw (  KiB/s): min=25504, max=2227008, per=100.00%, avg=220177.25, stdev=13711.62, samples=19111
   iops        : min= 6376, max=556752, avg=55043.23, stdev=3427.91, samples=19111
  lat (usec)   : 20=0.01%, 50=0.01%, 100=0.01%, 250=0.01%, 500=0.01%
  lat (usec)   : 750=0.01%, 1000=0.01%
  lat (msec)   : 2=0.01%, 4=0.01%, 10=60.19%, 20=4.48%, 50=4.00%
  lat (msec)   : 100=0.03%, 250=0.05%, 500=20.42%, 750=10.51%, 1000=0.26%
  lat (msec)   : 2000=0.05%
  cpu          : usr=2.23%, sys=10.86%, ctx=5026008, majf=0, minf=9441
  IO depths    : 1=0.1%, 2=0.1%, 4=0.1%, 8=0.1%, 16=0.1%, 32=0.1%, >=64=100.0%
     submit    : 0=0.0%, 4=100.0%, 8=0.0%, 16=0.0%, 32=0.0%, 64=0.0%, >=64=0.0%
     complete  : 0=0.0%, 4=100.0%, 8=0.0%, 16=0.0%, 32=0.0%, 64=0.0%, >=64=0.1%
     issued rwts: total=16100089,0,0,0 short=0,0,0,0 dropped=0,0,0,0
     latency   : target=0, window=0, percentile=100.00%, depth=256

Run status group 0 (all jobs):
   READ: bw=210MiB/s (220MB/s), 210MiB/s-210MiB/s (220MB/s-220MB/s), io=61.4GiB (65.9GB), run=300003-300003msec
