readwrite: (g=0): rw=rw, bs=(R) 4096B-4096B, (W) 4096B-4096B, (T) 4096B-4096B, ioengine=libaio, iodepth=256
...
fio-3.27
Starting 16 processes
readwrite: Laying out IO file (1 file / 1024MiB)
readwrite: Laying out IO file (1 file / 1024MiB)
readwrite: Laying out IO file (1 file / 1024MiB)
readwrite: Laying out IO file (1 file / 1024MiB)
readwrite: Laying out IO file (1 file / 1024MiB)
readwrite: Laying out IO file (1 file / 1024MiB)
readwrite: Laying out IO file (1 file / 1024MiB)
readwrite: Laying out IO file (1 file / 1024MiB)

readwrite: (groupid=0, jobs=16): err= 0: pid=56246: Wed Jul 21 18:48:41 2021
  read: IOPS=24.7k, BW=96.3MiB/s (101MB/s)(28.2GiB/300183msec)
    slat (usec): min=7, max=1430.9k, avg=548.00, stdev=8689.75
    clat (usec): min=10, max=33766k, avg=83249.00, stdev=872351.99
     lat (usec): min=22, max=34039k, avg=83797.73, stdev=878778.57
    clat percentiles (msec):
     |  1.00th=[   12],  5.00th=[   13], 10.00th=[   13], 20.00th=[   14],
     | 30.00th=[   14], 40.00th=[   14], 50.00th=[   14], 60.00th=[   14],
     | 70.00th=[   15], 80.00th=[   15], 90.00th=[   15], 95.00th=[   16],
     | 99.00th=[  760], 99.50th=[ 5604], 99.90th=[14429], 99.95th=[17113],
     | 99.99th=[17113]
   bw (  KiB/s): min=  128, max=523323, per=100.00%, avg=101675.01, stdev=11138.72, samples=9221
   iops        : min=   32, max=130830, avg=25418.53, stdev=2784.66, samples=9221
  write: IOPS=24.7k, BW=96.3MiB/s (101MB/s)(28.2GiB/300183msec); 0 zone resets
    slat (usec): min=68, max=340292, avg=79.88, stdev=236.49
    clat (usec): min=11, max=33766k, avg=82000.35, stdev=867667.54
     lat (usec): min=92, max=33766k, avg=82081.33, stdev=867669.73
    clat percentiles (msec):
     |  1.00th=[   12],  5.00th=[   13], 10.00th=[   13], 20.00th=[   14],
     | 30.00th=[   14], 40.00th=[   14], 50.00th=[   14], 60.00th=[   14],
     | 70.00th=[   15], 80.00th=[   15], 90.00th=[   15], 95.00th=[   16],
     | 99.00th=[  542], 99.50th=[ 5470], 99.90th=[14563], 99.95th=[17113],
     | 99.99th=[17113]
   bw (  KiB/s): min=  128, max=520821, per=100.00%, avg=101888.38, stdev=11150.33, samples=9191
   iops        : min=   32, max=130204, avg=25471.85, stdev=2787.56, samples=9191
  lat (usec)   : 20=0.01%, 50=0.01%, 250=0.01%, 500=0.01%, 750=0.01%
  lat (usec)   : 1000=0.01%
  lat (msec)   : 2=0.01%, 4=0.01%, 10=0.01%, 20=97.87%, 50=0.94%
  lat (msec)   : 100=0.08%, 250=0.03%, 500=0.05%, 750=0.03%, 1000=0.06%
  lat (msec)   : 2000=0.12%, >=2000=0.81%
  cpu          : usr=2.90%, sys=14.66%, ctx=67513, majf=0, minf=719
  IO depths    : 1=0.1%, 2=0.1%, 4=0.1%, 8=0.1%, 16=0.1%, 32=0.1%, >=64=100.0%
     submit    : 0=0.0%, 4=100.0%, 8=0.0%, 16=0.0%, 32=0.0%, 64=0.0%, >=64=0.0%
     complete  : 0=0.0%, 4=100.0%, 8=0.0%, 16=0.0%, 32=0.0%, 64=0.0%, >=64=0.1%
     issued rwts: total=7401026,7402556,0,0 short=0,0,0,0 dropped=0,0,0,0
     latency   : target=0, window=0, percentile=100.00%, depth=256

Run status group 0 (all jobs):
   READ: bw=96.3MiB/s (101MB/s), 96.3MiB/s-96.3MiB/s (101MB/s-101MB/s), io=28.2GiB (30.3GB), run=300183-300183msec
  WRITE: bw=96.3MiB/s (101MB/s), 96.3MiB/s-96.3MiB/s (101MB/s-101MB/s), io=28.2GiB (30.3GB), run=300183-300183msec
