readwrite: (g=0): rw=rw, bs=(R) 4096B-4096B, (W) 4096B-4096B, (T) 4096B-4096B, ioengine=libaio, iodepth=256
fio-3.27
Starting 1 process
readwrite: Laying out IO file (1 file / 1024MiB)

readwrite: (groupid=0, jobs=1): err= 0: pid=262017: Wed Jul 21 17:22:45 2021
  read: IOPS=9027, BW=35.3MiB/s (37.0MB/s)(10.3GiB/300001msec)
    slat (usec): min=7, max=63919, avg=17.98, stdev=330.83
    clat (usec): min=89, max=901150, avg=14137.17, stdev=19059.33
     lat (usec): min=102, max=901162, avg=14155.93, stdev=19063.61
    clat percentiles (msec):
     |  1.00th=[   12],  5.00th=[   13], 10.00th=[   13], 20.00th=[   13],
     | 30.00th=[   13], 40.00th=[   13], 50.00th=[   14], 60.00th=[   14],
     | 70.00th=[   14], 80.00th=[   14], 90.00th=[   14], 95.00th=[   15],
     | 99.00th=[   35], 99.50th=[   35], 99.90th=[   93], 99.95th=[  284],
     | 99.99th=[  894]
   bw (  KiB/s): min=   32, max=42752, per=100.00%, avg=36376.23, stdev=5496.29, samples=595
   iops        : min=    8, max=10688, avg=9094.05, stdev=1374.07, samples=595
  write: IOPS=9020, BW=35.2MiB/s (36.9MB/s)(10.3GiB/300001msec); 0 zone resets
    slat (usec): min=68, max=3316, avg=71.14, stdev=11.73
    clat (usec): min=11, max=901081, avg=14124.80, stdev=18783.92
     lat (usec): min=82, max=901151, avg=14197.04, stdev=18784.01
    clat percentiles (msec):
     |  1.00th=[   12],  5.00th=[   13], 10.00th=[   13], 20.00th=[   13],
     | 30.00th=[   13], 40.00th=[   13], 50.00th=[   14], 60.00th=[   14],
     | 70.00th=[   14], 80.00th=[   14], 90.00th=[   14], 95.00th=[   15],
     | 99.00th=[   35], 99.50th=[   35], 99.90th=[   91], 99.95th=[  284],
     | 99.99th=[  894]
   bw (  KiB/s): min=   56, max=41472, per=100.00%, avg=36347.03, stdev=5451.33, samples=595
   iops        : min=   14, max=10368, avg=9086.73, stdev=1362.83, samples=595
  lat (usec)   : 20=0.01%, 100=0.01%, 250=0.01%, 500=0.01%, 750=0.01%
  lat (usec)   : 1000=0.01%
  lat (msec)   : 2=0.01%, 4=0.01%, 10=0.01%, 20=96.89%, 50=2.98%
  lat (msec)   : 100=0.03%, 250=0.04%, 500=0.01%, 750=0.01%, 1000=0.04%
  cpu          : usr=17.58%, sys=82.23%, ctx=732, majf=0, minf=43
  IO depths    : 1=0.1%, 2=0.1%, 4=0.1%, 8=0.1%, 16=0.1%, 32=0.1%, >=64=100.0%
     submit    : 0=0.0%, 4=100.0%, 8=0.0%, 16=0.0%, 32=0.0%, 64=0.0%, >=64=0.0%
     complete  : 0=0.0%, 4=100.0%, 8=0.0%, 16=0.0%, 32=0.0%, 64=0.0%, >=64=0.1%
     issued rwts: total=2708397,2706146,0,0 short=0,0,0,0 dropped=0,0,0,0
     latency   : target=0, window=0, percentile=100.00%, depth=256

Run status group 0 (all jobs):
   READ: bw=35.3MiB/s (37.0MB/s), 35.3MiB/s-35.3MiB/s (37.0MB/s-37.0MB/s), io=10.3GiB (11.1GB), run=300001-300001msec
  WRITE: bw=35.2MiB/s (36.9MB/s), 35.2MiB/s-35.2MiB/s (36.9MB/s-36.9MB/s), io=10.3GiB (11.1GB), run=300001-300001msec
