test: (g=0): rw=randread, bs=(R) 4096B-4096B, (W) 4096B-4096B, (T) 4096B-4096B, ioengine=libaio, iodepth=256
...
fio-3.27
Starting 32 processes
rand-read: Laying out IO file (1 file / 1024MiB)
rand-read: Laying out IO file (1 file / 1024MiB)
rand-read: Laying out IO file (1 file / 1024MiB)
rand-read: Laying out IO file (1 file / 1024MiB)
rand-read: Laying out IO file (1 file / 1024MiB)
rand-read: Laying out IO file (1 file / 1024MiB)
rand-read: Laying out IO file (1 file / 1024MiB)
rand-read: Laying out IO file (1 file / 1024MiB)
rand-read: Laying out IO file (1 file / 1024MiB)
rand-read: Laying out IO file (1 file / 1024MiB)
rand-read: Laying out IO file (1 file / 1024MiB)
rand-read: Laying out IO file (1 file / 1024MiB)
rand-read: Laying out IO file (1 file / 1024MiB)
rand-read: Laying out IO file (1 file / 1024MiB)
rand-read: Laying out IO file (1 file / 1024MiB)
rand-read: Laying out IO file (1 file / 1024MiB)

test: (groupid=0, jobs=32): err= 0: pid=162284: Tue Jul 20 11:42:03 2021
  read: IOPS=462, BW=1850KiB/s (1894kB/s)(542MiB/300089msec)
    slat (msec): min=2, max=459, avg=69.15, stdev=22.44
    clat (usec): min=16, max=28249k, avg=17221612.94, stdev=3340270.21
     lat (msec): min=44, max=28322, avg=17290.77, stdev=3346.11
    clat percentiles (msec):
     |  1.00th=[ 3138],  5.00th=[14295], 10.00th=[14966], 20.00th=[15503],
     | 30.00th=[16174], 40.00th=[16711], 50.00th=[17113], 60.00th=[17113],
     | 70.00th=[17113], 80.00th=[17113], 90.00th=[17113], 95.00th=[17113],
     | 99.00th=[17113], 99.50th=[17113], 99.90th=[17113], 99.95th=[17113],
     | 99.99th=[17113]
   bw (  KiB/s): min=  712, max= 2488, per=98.97%, avg=1831.83, stdev= 8.01, samples=18227
   iops        : min=  178, max=  622, avg=457.96, stdev= 2.00, samples=18227
  lat (usec)   : 20=0.01%, 50=0.02%
  lat (msec)   : 50=0.01%, 100=0.02%, 250=0.05%, 500=0.08%, 750=0.08%
  lat (msec)   : 1000=0.07%, 2000=0.31%, >=2000=99.36%
  cpu          : usr=0.04%, sys=0.28%, ctx=139022, majf=0, minf=9440
  IO depths    : 1=0.1%, 2=0.1%, 4=0.1%, 8=0.2%, 16=0.4%, 32=0.7%, >=64=98.5%
     submit    : 0=0.0%, 4=100.0%, 8=0.0%, 16=0.0%, 32=0.0%, 64=0.0%, >=64=0.0%
     complete  : 0=0.0%, 4=100.0%, 8=0.0%, 16=0.0%, 32=0.0%, 64=0.0%, >=64=0.1%
     issued rwts: total=138790,0,0,0 short=0,0,0,0 dropped=0,0,0,0
     latency   : target=0, window=0, percentile=100.00%, depth=256

Run status group 0 (all jobs):
   READ: bw=1850KiB/s (1894kB/s), 1850KiB/s-1850KiB/s (1894kB/s-1894kB/s), io=542MiB (568MB), run=300089-300089msec
