test: (g=0): rw=read, bs=(R) 4096B-4096B, (W) 4096B-4096B, (T) 4096B-4096B, ioengine=libaio, iodepth=256
...
fio-3.27
Starting 16 processes
seq-read: Laying out IO file (1 file / 1024MiB)
seq-read: Laying out IO file (1 file / 1024MiB)
seq-read: Laying out IO file (1 file / 1024MiB)
seq-read: Laying out IO file (1 file / 1024MiB)
seq-read: Laying out IO file (1 file / 1024MiB)
seq-read: Laying out IO file (1 file / 1024MiB)
seq-read: Laying out IO file (1 file / 1024MiB)
seq-read: Laying out IO file (1 file / 1024MiB)

test: (groupid=0, jobs=16): err= 0: pid=233615: Tue Jul 20 13:44:18 2021
  read: IOPS=8568, BW=33.5MiB/s (35.1MB/s)(9.93GiB/303822msec)
    slat (usec): min=10, max=6132.1k, avg=1840.71, stdev=18465.43
    clat (usec): min=16, max=27468k, avg=471179.08, stdev=2192658.44
     lat (msec): min=4, max=27501, avg=473.02, stdev=2200.86
    clat percentiles (msec):
     |  1.00th=[    5],  5.00th=[    5], 10.00th=[    5], 20.00th=[    5],
     | 30.00th=[    5], 40.00th=[    6], 50.00th=[    6], 60.00th=[    6],
     | 70.00th=[   12], 80.00th=[   17], 90.00th=[   27], 95.00th=[ 2005],
     | 99.00th=[13087], 99.50th=[16308], 99.90th=[17113], 99.95th=[17113],
     | 99.99th=[17113]
   bw (  KiB/s): min=  128, max=2334294, per=100.00%, avg=35264.68, stdev=15665.46, samples=9435
   iops        : min=   32, max=583573, avg=8816.14, stdev=3916.36, samples=9435
  lat (usec)   : 20=0.01%, 50=0.01%
  lat (msec)   : 10=69.82%, 20=17.38%, 50=4.48%, 100=0.28%, 250=0.20%
  lat (msec)   : 500=0.24%, 750=0.54%, 1000=0.77%, 2000=1.29%, >=2000=5.00%
  cpu          : usr=0.53%, sys=1.98%, ctx=198113, majf=0, minf=4736
  IO depths    : 1=0.1%, 2=0.1%, 4=0.1%, 8=0.1%, 16=0.1%, 32=0.1%, >=64=100.0%
     submit    : 0=0.0%, 4=100.0%, 8=0.0%, 16=0.0%, 32=0.0%, 64=0.0%, >=64=0.0%
     complete  : 0=0.0%, 4=100.0%, 8=0.0%, 16=0.0%, 32=0.0%, 64=0.0%, >=64=0.1%
     issued rwts: total=2603240,0,0,0 short=0,0,0,0 dropped=0,0,0,0
     latency   : target=0, window=0, percentile=100.00%, depth=256

Run status group 0 (all jobs):
   READ: bw=33.5MiB/s (35.1MB/s), 33.5MiB/s-33.5MiB/s (35.1MB/s-35.1MB/s), io=9.93GiB (10.7GB), run=303822-303822msec
