readwrite: (g=0): rw=rw, bs=(R) 4096B-4096B, (W) 4096B-4096B, (T) 4096B-4096B, ioengine=libaio, iodepth=256
...
fio-3.27
Starting 32 processes

readwrite: (groupid=0, jobs=32): err= 0: pid=248812: Wed Jul 21 16:27:22 2021
  read: IOPS=50.9k, BW=199MiB/s (209MB/s)(58.4GiB/300500msec)
    slat (usec): min=7, max=4346.7k, avg=401.84, stdev=8223.01
    clat (usec): min=11, max=21324k, avg=79921.80, stdev=560229.51
     lat (usec): min=65, max=21413k, avg=80324.49, stdev=563331.24
    clat percentiles (msec):
     |  1.00th=[   13],  5.00th=[   14], 10.00th=[   14], 20.00th=[   14],
     | 30.00th=[   15], 40.00th=[   15], 50.00th=[   15], 60.00th=[   16],
     | 70.00th=[   19], 80.00th=[   20], 90.00th=[   21], 95.00th=[   24],
     | 99.00th=[ 1854], 99.50th=[ 3775], 99.90th=[ 8658], 99.95th=[10537],
     | 99.99th=[14026]
   bw (  KiB/s): min=  256, max=1165723, per=100.00%, avg=212415.97, stdev=11043.13, samples=18306
   iops        : min=   64, max=291430, avg=53103.27, stdev=2760.76, samples=18306
  write: IOPS=50.9k, BW=199MiB/s (209MB/s)(58.4GiB/300500msec); 0 zone resets
    slat (usec): min=68, max=7381.0k, avg=204.94, stdev=6863.07
    clat (usec): min=11, max=21413k, avg=79246.64, stdev=555192.20
     lat (usec): min=85, max=21413k, avg=79452.71, stdev=556012.63
    clat percentiles (msec):
     |  1.00th=[   13],  5.00th=[   14], 10.00th=[   14], 20.00th=[   14],
     | 30.00th=[   15], 40.00th=[   15], 50.00th=[   15], 60.00th=[   16],
     | 70.00th=[   19], 80.00th=[   20], 90.00th=[   21], 95.00th=[   24],
     | 99.00th=[ 1821], 99.50th=[ 3708], 99.90th=[ 8658], 99.95th=[10402],
     | 99.99th=[13892]
   bw (  KiB/s): min=  256, max=1171001, per=100.00%, avg=212594.04, stdev=11044.76, samples=18312
   iops        : min=   64, max=292750, avg=53147.80, stdev=2761.17, samples=18312
  lat (usec)   : 20=0.01%, 50=0.01%, 100=0.01%, 250=0.01%, 500=0.01%
  lat (usec)   : 750=0.01%, 1000=0.01%
  lat (msec)   : 2=0.01%, 4=0.01%, 10=0.01%, 20=89.36%, 50=6.42%
  lat (msec)   : 100=0.33%, 250=0.76%, 500=0.81%, 750=0.48%, 1000=0.30%
  lat (msec)   : 2000=0.60%, >=2000=0.93%
  cpu          : usr=3.19%, sys=17.92%, ctx=223848, majf=0, minf=1416
  IO depths    : 1=0.1%, 2=0.1%, 4=0.1%, 8=0.1%, 16=0.1%, 32=0.1%, >=64=100.0%
     submit    : 0=0.0%, 4=100.0%, 8=0.0%, 16=0.0%, 32=0.0%, 64=0.0%, >=64=0.0%
     complete  : 0=0.0%, 4=100.0%, 8=0.0%, 16=0.0%, 32=0.0%, 64=0.0%, >=64=0.1%
     issued rwts: total=15302791,15306139,0,0 short=0,0,0,0 dropped=0,0,0,0
     latency   : target=0, window=0, percentile=100.00%, depth=256

Run status group 0 (all jobs):
   READ: bw=199MiB/s (209MB/s), 199MiB/s-199MiB/s (209MB/s-209MB/s), io=58.4GiB (62.7GB), run=300500-300500msec
  WRITE: bw=199MiB/s (209MB/s), 199MiB/s-199MiB/s (209MB/s-209MB/s), io=58.4GiB (62.7GB), run=300500-300500msec
