test: (g=0): rw=read, bs=(R) 4096B-4096B, (W) 4096B-4096B, (T) 4096B-4096B, ioengine=libaio, iodepth=256
...
fio-3.27
Starting 16 processes
seq-read: Laying out IO file (1 file / 1024MiB)
seq-read: Laying out IO file (1 file / 1024MiB)
seq-read: Laying out IO file (1 file / 1024MiB)
seq-read: Laying out IO file (1 file / 1024MiB)
seq-read: Laying out IO file (1 file / 1024MiB)
seq-read: Laying out IO file (1 file / 1024MiB)
seq-read: Laying out IO file (1 file / 1024MiB)
seq-read: Laying out IO file (1 file / 1024MiB)

test: (groupid=0, jobs=16): err= 0: pid=49373: Tue Jul 20 15:48:26 2021
  read: IOPS=29.8k, BW=116MiB/s (122MB/s)(34.1GiB/300033msec)
    slat (usec): min=10, max=353136, avg=524.81, stdev=3883.03
    clat (usec): min=11, max=31898k, avg=136754.07, stdev=768199.68
     lat (usec): min=64, max=32010k, avg=137279.83, stdev=771037.07
    clat percentiles (msec):
     |  1.00th=[    5],  5.00th=[    5], 10.00th=[    5], 20.00th=[    5],
     | 30.00th=[    6], 40.00th=[    6], 50.00th=[    6], 60.00th=[    6],
     | 70.00th=[    6], 80.00th=[   17], 90.00th=[   27], 95.00th=[ 1200],
     | 99.00th=[ 2072], 99.50th=[ 3272], 99.90th=[11476], 99.95th=[14832],
     | 99.99th=[17113]
   bw (  KiB/s): min=  424, max=2250952, per=100.00%, avg=122121.64, stdev=22984.22, samples=9541
   iops        : min=  106, max=562738, avg=30530.25, stdev=5746.05, samples=9541
  lat (usec)   : 20=0.01%, 50=0.01%, 100=0.01%, 250=0.01%, 500=0.01%
  lat (usec)   : 750=0.01%, 1000=0.01%
  lat (msec)   : 2=0.01%, 4=0.01%, 10=76.45%, 20=11.69%, 50=5.20%
  lat (msec)   : 100=0.07%, 250=0.05%, 500=0.02%, 750=0.01%, 1000=0.20%
  lat (msec)   : 2000=5.20%, >=2000=1.09%
  cpu          : usr=1.80%, sys=6.42%, ctx=574115, majf=0, minf=4737
  IO depths    : 1=0.1%, 2=0.1%, 4=0.1%, 8=0.1%, 16=0.1%, 32=0.1%, >=64=100.0%
     submit    : 0=0.0%, 4=100.0%, 8=0.0%, 16=0.0%, 32=0.0%, 64=0.0%, >=64=0.0%
     complete  : 0=0.0%, 4=100.0%, 8=0.0%, 16=0.0%, 32=0.0%, 64=0.0%, >=64=0.1%
     issued rwts: total=8941616,0,0,0 short=0,0,0,0 dropped=0,0,0,0
     latency   : target=0, window=0, percentile=100.00%, depth=256

Run status group 0 (all jobs):
   READ: bw=116MiB/s (122MB/s), 116MiB/s-116MiB/s (122MB/s-122MB/s), io=34.1GiB (36.6GB), run=300033-300033msec
