test: (g=0): rw=randread, bs=(R) 4096B-4096B, (W) 4096B-4096B, (T) 4096B-4096B, ioengine=libaio, iodepth=256
...
fio-3.27
Starting 2 processes
rand-read: Laying out IO file (1 file / 1024MiB)

test: (groupid=0, jobs=2): err= 0: pid=161604: Mon Jul 19 18:58:03 2021
  read: IOPS=295, BW=1183KiB/s (1211kB/s)(346MiB/300008msec)
    slat (usec): min=444, max=125446, avg=6745.29, stdev=5673.26
    clat (usec): min=12, max=2286.3k, avg=1719491.81, stdev=232474.35
     lat (msec): min=8, max=2295, avg=1726.24, stdev=233.23
    clat percentiles (msec):
     |  1.00th=[ 1267],  5.00th=[ 1368], 10.00th=[ 1418], 20.00th=[ 1485],
     | 30.00th=[ 1552], 40.00th=[ 1687], 50.00th=[ 1787], 60.00th=[ 1838],
     | 70.00th=[ 1871], 80.00th=[ 1921], 90.00th=[ 1972], 95.00th=[ 2022],
     | 99.00th=[ 2123], 99.50th=[ 2165], 99.90th=[ 2198], 99.95th=[ 2232],
     | 99.99th=[ 2265]
   bw (  KiB/s): min=  192, max= 1737, per=99.87%, avg=1181.84, stdev=93.03, samples=1192
   iops        : min=   48, max=  434, avg=295.37, stdev=23.24, samples=1192
  lat (usec)   : 20=0.01%, 50=0.01%
  lat (msec)   : 10=0.01%, 20=0.01%, 50=0.01%, 100=0.03%, 250=0.06%
  lat (msec)   : 500=0.10%, 750=0.10%, 1000=0.09%, 2000=91.90%, >=2000=7.71%
  cpu          : usr=0.31%, sys=2.24%, ctx=88708, majf=0, minf=589
  IO depths    : 1=0.1%, 2=0.1%, 4=0.1%, 8=0.1%, 16=0.1%, 32=0.1%, >=64=99.9%
     submit    : 0=0.0%, 4=100.0%, 8=0.0%, 16=0.0%, 32=0.0%, 64=0.0%, >=64=0.0%
     complete  : 0=0.0%, 4=100.0%, 8=0.0%, 16=0.0%, 32=0.0%, 64=0.0%, >=64=0.1%
     issued rwts: total=88691,0,0,0 short=0,0,0,0 dropped=0,0,0,0
     latency   : target=0, window=0, percentile=100.00%, depth=256

Run status group 0 (all jobs):
   READ: bw=1183KiB/s (1211kB/s), 1183KiB/s-1183KiB/s (1211kB/s-1211kB/s), io=346MiB (363MB), run=300008-300008msec
