test: (g=0): rw=read, bs=(R) 4096B-4096B, (W) 4096B-4096B, (T) 4096B-4096B, ioengine=libaio, iodepth=256
...
fio-3.27
Starting 8 processes

test: (groupid=0, jobs=8): err= 0: pid=243425: Fri Jul 16 04:00:12 2021
  read: IOPS=36.8k, BW=144MiB/s (151MB/s)(42.2GiB/300010msec)
    slat (usec): min=10, max=544822, avg=205.04, stdev=1767.29
    clat (usec): min=15, max=25386k, avg=55353.97, stdev=264092.53
     lat (usec): min=671, max=25495k, avg=55559.95, stdev=265015.28
    clat percentiles (msec):
     |  1.00th=[    5],  5.00th=[    5], 10.00th=[    5], 20.00th=[    5],
     | 30.00th=[    5], 40.00th=[    6], 50.00th=[    6], 60.00th=[    6],
     | 70.00th=[    6], 80.00th=[   16], 90.00th=[   28], 95.00th=[  418],
     | 99.00th=[  693], 99.50th=[ 1003], 99.90th=[ 3004], 99.95th=[ 4933],
     | 99.99th=[ 7483]
   bw (  KiB/s): min=  480, max=1310480, per=100.00%, avg=152384.72, stdev=30457.61, samples=4758
   iops        : min=  120, max=327620, avg=38096.21, stdev=7614.41, samples=4758
  lat (usec)   : 20=0.01%, 50=0.01%, 750=0.01%, 1000=0.01%
  lat (msec)   : 2=0.01%, 4=0.01%, 10=79.38%, 20=6.49%, 50=5.27%
  lat (msec)   : 100=0.09%, 250=0.39%, 500=5.36%, 750=2.18%, 1000=0.33%
  lat (msec)   : 2000=0.34%, >=2000=0.17%
  cpu          : usr=4.44%, sys=15.65%, ctx=957427, majf=0, minf=2365
  IO depths    : 1=0.1%, 2=0.1%, 4=0.1%, 8=0.1%, 16=0.1%, 32=0.1%, >=64=100.0%
     submit    : 0=0.0%, 4=100.0%, 8=0.0%, 16=0.0%, 32=0.0%, 64=0.0%, >=64=0.0%
     complete  : 0=0.0%, 4=100.0%, 8=0.0%, 16=0.0%, 32=0.0%, 64=0.0%, >=64=0.1%
     issued rwts: total=11049711,0,0,0 short=0,0,0,0 dropped=0,0,0,0
     latency   : target=0, window=0, percentile=100.00%, depth=256

Run status group 0 (all jobs):
   READ: bw=144MiB/s (151MB/s), 144MiB/s-144MiB/s (151MB/s-151MB/s), io=42.2GiB (45.3GB), run=300010-300010msec
