test: (g=0): rw=randread, bs=(R) 4096B-4096B, (W) 4096B-4096B, (T) 4096B-4096B, ioengine=libaio, iodepth=256
fio-3.27
Starting 1 process
test: Laying out IO file (1 file / 1024MiB)

test: (groupid=0, jobs=1): err= 0: pid=140024: Tue Jul 20 10:05:39 2021
  read: IOPS=193, BW=775KiB/s (793kB/s)(227MiB/300003msec)
    slat (usec): min=453, max=73561, avg=5143.33, stdev=3848.80
    clat (usec): min=27, max=1576.8k, avg=1312873.53, stdev=86777.70
     lat (msec): min=5, max=1580, avg=1318.02, stdev=86.91
    clat percentiles (msec):
     |  1.00th=[ 1167],  5.00th=[ 1200], 10.00th=[ 1234], 20.00th=[ 1250],
     | 30.00th=[ 1267], 40.00th=[ 1301], 50.00th=[ 1318], 60.00th=[ 1334],
     | 70.00th=[ 1351], 80.00th=[ 1368], 90.00th=[ 1401], 95.00th=[ 1435],
     | 99.00th=[ 1502], 99.50th=[ 1519], 99.90th=[ 1552], 99.95th=[ 1552],
     | 99.99th=[ 1569]
   bw (  KiB/s): min=   16, max=  936, per=99.88%, avg=774.34, stdev=69.19, samples=597
   iops        : min=    4, max=  234, avg=193.56, stdev=17.29, samples=597
  lat (usec)   : 50=0.01%
  lat (msec)   : 10=0.01%, 20=0.01%, 50=0.01%, 100=0.02%, 250=0.05%
  lat (msec)   : 500=0.09%, 750=0.08%, 1000=0.07%, 2000=99.68%
  cpu          : usr=0.40%, sys=2.80%, ctx=58123, majf=0, minf=294
  IO depths    : 1=0.1%, 2=0.1%, 4=0.1%, 8=0.1%, 16=0.1%, 32=0.1%, >=64=99.9%
     submit    : 0=0.0%, 4=100.0%, 8=0.0%, 16=0.0%, 32=0.0%, 64=0.0%, >=64=0.0%
     complete  : 0=0.0%, 4=100.0%, 8=0.0%, 16=0.0%, 32=0.0%, 64=0.0%, >=64=0.1%
     issued rwts: total=58118,0,0,0 short=0,0,0,0 dropped=0,0,0,0
     latency   : target=0, window=0, percentile=100.00%, depth=256

Run status group 0 (all jobs):
   READ: bw=775KiB/s (793kB/s), 775KiB/s-775KiB/s (793kB/s-793kB/s), io=227MiB (238MB), run=300003-300003msec
