readwrite: (g=0): rw=rw, bs=(R) 4096B-4096B, (W) 4096B-4096B, (T) 4096B-4096B, ioengine=libaio, iodepth=256
...
fio-3.27
Starting 32 processes
readwrite: Laying out IO file (1 file / 1024MiB)
readwrite: Laying out IO file (1 file / 1024MiB)
readwrite: Laying out IO file (1 file / 1024MiB)
readwrite: Laying out IO file (1 file / 1024MiB)
readwrite: Laying out IO file (1 file / 1024MiB)
readwrite: Laying out IO file (1 file / 1024MiB)

readwrite: (groupid=0, jobs=32): err= 0: pid=238761: Wed Jul 21 16:39:57 2021
  read: IOPS=93.2k, BW=364MiB/s (382MB/s)(107GiB/300082msec)
    slat (usec): min=7, max=3679.7k, avg=236.30, stdev=3485.85
    clat (usec): min=10, max=10642k, avg=43777.11, stdev=248096.81
     lat (usec): min=25, max=10651k, avg=44014.19, stdev=249838.66
    clat percentiles (msec):
     |  1.00th=[   13],  5.00th=[   13], 10.00th=[   14], 20.00th=[   14],
     | 30.00th=[   14], 40.00th=[   15], 50.00th=[   15], 60.00th=[   15],
     | 70.00th=[   15], 80.00th=[   16], 90.00th=[   18], 95.00th=[   20],
     | 99.00th=[ 1116], 99.50th=[ 1687], 99.90th=[ 3473], 99.95th=[ 4463],
     | 99.99th=[ 6745]
   bw (  KiB/s): min=  336, max=1229982, per=100.00%, avg=377563.62, stdev=11834.98, samples=19003
   iops        : min=   84, max=307495, avg=94390.57, stdev=2958.74, samples=19003
  write: IOPS=93.2k, BW=364MiB/s (382MB/s)(107GiB/300082msec); 0 zone resets
    slat (usec): min=68, max=1574.7k, avg=84.84, stdev=831.25
    clat (usec): min=12, max=10649k, avg=43543.33, stdev=246682.55
     lat (usec): min=87, max=10649k, avg=43629.31, stdev=246697.63
    clat percentiles (msec):
     |  1.00th=[   13],  5.00th=[   13], 10.00th=[   14], 20.00th=[   14],
     | 30.00th=[   14], 40.00th=[   15], 50.00th=[   15], 60.00th=[   15],
     | 70.00th=[   15], 80.00th=[   16], 90.00th=[   18], 95.00th=[   20],
     | 99.00th=[ 1116], 99.50th=[ 1687], 99.90th=[ 3440], 99.95th=[ 4463],
     | 99.99th=[ 6745]
   bw (  KiB/s): min=  352, max=1227014, per=100.00%, avg=377590.44, stdev=11827.10, samples=18997
   iops        : min=   88, max=306753, avg=94397.23, stdev=2956.77, samples=18997
  lat (usec)   : 20=0.01%, 50=0.01%, 100=0.01%, 250=0.01%, 500=0.01%
  lat (usec)   : 750=0.01%, 1000=0.01%
  lat (msec)   : 2=0.01%, 4=0.01%, 10=0.01%, 20=95.62%, 50=2.05%
  lat (msec)   : 100=0.10%, 250=0.11%, 500=0.22%, 750=0.34%, 1000=0.39%
  lat (msec)   : 2000=0.81%, >=2000=0.36%
  cpu          : usr=5.74%, sys=29.99%, ctx=561359, majf=0, minf=1413
  IO depths    : 1=0.1%, 2=0.1%, 4=0.1%, 8=0.1%, 16=0.1%, 32=0.1%, >=64=100.0%
     submit    : 0=0.0%, 4=100.0%, 8=0.0%, 16=0.0%, 32=0.0%, 64=0.0%, >=64=0.0%
     complete  : 0=0.0%, 4=100.0%, 8=0.0%, 16=0.0%, 32=0.0%, 64=0.0%, >=64=0.1%
     issued rwts: total=27968719,27963334,0,0 short=0,0,0,0 dropped=0,0,0,0
     latency   : target=0, window=0, percentile=100.00%, depth=256

Run status group 0 (all jobs):
   READ: bw=364MiB/s (382MB/s), 364MiB/s-364MiB/s (382MB/s-382MB/s), io=107GiB (115GB), run=300082-300082msec
  WRITE: bw=364MiB/s (382MB/s), 364MiB/s-364MiB/s (382MB/s-382MB/s), io=107GiB (115GB), run=300082-300082msec
