test: (g=0): rw=read, bs=(R) 4096B-4096B, (W) 4096B-4096B, (T) 4096B-4096B, ioengine=libaio, iodepth=256
...
fio-3.27
Starting 2 processes
seq-read: Laying out IO file (1 file / 1024MiB)

test: (groupid=0, jobs=2): err= 0: pid=213319: Tue Jul 20 13:23:19 2021
  read: IOPS=33.8k, BW=132MiB/s (139MB/s)(38.7GiB/300009msec)
    slat (usec): min=10, max=210982, avg=47.87, stdev=591.11
    clat (usec): min=14, max=2956.8k, avg=15066.25, stdev=62738.42
     lat (msec): min=4, max=2958, avg=15.11, stdev=62.93
    clat percentiles (msec):
     |  1.00th=[    5],  5.00th=[    5], 10.00th=[    5], 20.00th=[    5],
     | 30.00th=[    5], 40.00th=[    5], 50.00th=[    5], 60.00th=[    6],
     | 70.00th=[    6], 80.00th=[    6], 90.00th=[   16], 95.00th=[   26],
     | 99.00th=[  288], 99.50th=[  330], 99.90th=[  961], 99.95th=[ 1053],
     | 99.99th=[ 1435]
   bw (  KiB/s): min=   56, max=330264, per=100.00%, avg=140067.94, stdev=40884.82, samples=1179
   iops        : min=   14, max=82566, avg=35016.83, stdev=10221.20, samples=1179
  lat (usec)   : 20=0.01%, 50=0.01%
  lat (msec)   : 10=87.10%, 20=4.56%, 50=5.76%, 100=0.03%, 250=0.86%
  lat (msec)   : 500=1.46%, 750=0.04%, 1000=0.12%, 2000=0.07%, >=2000=0.01%
  cpu          : usr=14.38%, sys=40.63%, ctx=250385, majf=0, minf=590
  IO depths    : 1=0.1%, 2=0.1%, 4=0.1%, 8=0.1%, 16=0.1%, 32=0.1%, >=64=100.0%
     submit    : 0=0.0%, 4=100.0%, 8=0.0%, 16=0.0%, 32=0.0%, 64=0.0%, >=64=0.0%
     complete  : 0=0.0%, 4=100.0%, 8=0.0%, 16=0.0%, 32=0.0%, 64=0.0%, >=64=0.1%
     issued rwts: total=10151064,0,0,0 short=0,0,0,0 dropped=0,0,0,0
     latency   : target=0, window=0, percentile=100.00%, depth=256

Run status group 0 (all jobs):
   READ: bw=132MiB/s (139MB/s), 132MiB/s-132MiB/s (139MB/s-139MB/s), io=38.7GiB (41.6GB), run=300009-300009msec
