test: (g=0): rw=randread, bs=(R) 4096B-4096B, (W) 4096B-4096B, (T) 4096B-4096B, ioengine=libaio, iodepth=256
...
fio-3.27
Starting 8 processes
rand-read: Laying out IO file (1 file / 1024MiB)
rand-read: Laying out IO file (1 file / 1024MiB)
rand-read: Laying out IO file (1 file / 1024MiB)
rand-read: Laying out IO file (1 file / 1024MiB)

test: (groupid=0, jobs=8): err= 0: pid=211271: Mon Jul 19 22:07:38 2021
  read: IOPS=649, BW=2596KiB/s (2659kB/s)(761MiB/300018msec)
    slat (usec): min=484, max=197303, avg=12299.16, stdev=9941.31
    clat (usec): min=12, max=4011.2k, avg=3126835.41, stdev=262792.90
     lat (msec): min=3, max=4018, avg=3139.14, stdev=263.13
    clat percentiles (msec):
     |  1.00th=[ 2668],  5.00th=[ 2836], 10.00th=[ 2903], 20.00th=[ 3004],
     | 30.00th=[ 3037], 40.00th=[ 3104], 50.00th=[ 3138], 60.00th=[ 3171],
     | 70.00th=[ 3239], 80.00th=[ 3272], 90.00th=[ 3373], 95.00th=[ 3473],
     | 99.00th=[ 3641], 99.50th=[ 3708], 99.90th=[ 3876], 99.95th=[ 3910],
     | 99.99th=[ 3977]
   bw (  KiB/s): min=  776, max= 3632, per=99.91%, avg=2594.19, stdev=41.91, samples=4748
   iops        : min=  194, max=  908, avg=648.55, stdev=10.48, samples=4748
  lat (usec)   : 20=0.01%, 50=0.01%
  lat (msec)   : 4=0.01%, 10=0.01%, 20=0.01%, 50=0.01%, 100=0.02%
  lat (msec)   : 250=0.05%, 500=0.09%, 750=0.08%, 1000=0.08%, 2000=0.34%
  lat (msec)   : >=2000=99.31%
  cpu          : usr=0.23%, sys=1.45%, ctx=194797, majf=0, minf=2361
  IO depths    : 1=0.1%, 2=0.1%, 4=0.1%, 8=0.1%, 16=0.1%, 32=0.1%, >=64=99.7%
     submit    : 0=0.0%, 4=100.0%, 8=0.0%, 16=0.0%, 32=0.0%, 64=0.0%, >=64=0.0%
     complete  : 0=0.0%, 4=100.0%, 8=0.0%, 16=0.0%, 32=0.0%, 64=0.0%, >=64=0.1%
     issued rwts: total=194738,0,0,0 short=0,0,0,0 dropped=0,0,0,0
     latency   : target=0, window=0, percentile=100.00%, depth=256

Run status group 0 (all jobs):
   READ: bw=2596KiB/s (2659kB/s), 2596KiB/s-2596KiB/s (2659kB/s-2659kB/s), io=761MiB (798MB), run=300018-300018msec
