readwrite: (g=0): rw=rw, bs=(R) 4096B-4096B, (W) 4096B-4096B, (T) 4096B-4096B, ioengine=libaio, iodepth=256
...
fio-3.27
Starting 2 processes
readwrite: Laying out IO file (1 file / 1024MiB)

readwrite: (groupid=0, jobs=2): err= 0: pid=56459: Wed Jul 21 16:46:43 2021
  read: IOPS=7366, BW=28.8MiB/s (30.2MB/s)(8633MiB/300001msec)
    slat (usec): min=7, max=449596, avg=173.89, stdev=3232.42
    clat (usec): min=20, max=10562k, avg=34931.26, stdev=330662.84
     lat (usec): min=104, max=10691k, avg=35105.86, stdev=333132.00
    clat percentiles (msec):
     |  1.00th=[   12],  5.00th=[   13], 10.00th=[   13], 20.00th=[   13],
     | 30.00th=[   14], 40.00th=[   14], 50.00th=[   14], 60.00th=[   14],
     | 70.00th=[   14], 80.00th=[   14], 90.00th=[   15], 95.00th=[   15],
     | 99.00th=[  120], 99.50th=[  326], 99.90th=[ 6141], 99.95th=[ 7013],
     | 99.99th=[ 9194]
   bw (  KiB/s): min=   16, max=82836, per=100.00%, avg=29659.19, stdev=13126.34, samples=1190
   iops        : min=    4, max=20709, avg=7414.73, stdev=3281.57, samples=1190
  write: IOPS=7363, BW=28.8MiB/s (30.2MB/s)(8630MiB/300001msec); 0 zone resets
    slat (usec): min=68, max=167495, avg=77.17, stdev=134.11
    clat (usec): min=11, max=10608k, avg=34287.86, stdev=325605.20
     lat (usec): min=82, max=10609k, avg=34366.12, stdev=325606.95
    clat percentiles (msec):
     |  1.00th=[   12],  5.00th=[   13], 10.00th=[   13], 20.00th=[   13],
     | 30.00th=[   14], 40.00th=[   14], 50.00th=[   14], 60.00th=[   14],
     | 70.00th=[   14], 80.00th=[   14], 90.00th=[   15], 95.00th=[   15],
     | 99.00th=[  117], 99.50th=[  268], 99.90th=[ 6007], 99.95th=[ 6946],
     | 99.99th=[ 9060]
   bw (  KiB/s): min=   16, max=82242, per=100.00%, avg=29644.04, stdev=13118.67, samples=1191
   iops        : min=    4, max=20560, avg=7410.95, stdev=3279.65, samples=1191
  lat (usec)   : 20=0.01%, 50=0.01%, 100=0.01%, 250=0.01%, 500=0.01%
  lat (usec)   : 750=0.01%, 1000=0.01%
  lat (msec)   : 2=0.01%, 4=0.01%, 10=0.01%, 20=97.88%, 50=0.88%
  lat (msec)   : 100=0.11%, 250=0.59%, 500=0.07%, 750=0.01%, 1000=0.04%
  lat (msec)   : 2000=0.02%, >=2000=0.39%
  cpu          : usr=6.91%, sys=34.02%, ctx=23785, majf=0, minf=90
  IO depths    : 1=0.1%, 2=0.1%, 4=0.1%, 8=0.1%, 16=0.1%, 32=0.1%, >=64=100.0%
     submit    : 0=0.0%, 4=100.0%, 8=0.0%, 16=0.0%, 32=0.0%, 64=0.0%, >=64=0.0%
     complete  : 0=0.0%, 4=100.0%, 8=0.0%, 16=0.0%, 32=0.0%, 64=0.0%, >=64=0.1%
     issued rwts: total=2210036,2209167,0,0 short=0,0,0,0 dropped=0,0,0,0
     latency   : target=0, window=0, percentile=100.00%, depth=256

Run status group 0 (all jobs):
   READ: bw=28.8MiB/s (30.2MB/s), 28.8MiB/s-28.8MiB/s (30.2MB/s-30.2MB/s), io=8633MiB (9052MB), run=300001-300001msec
  WRITE: bw=28.8MiB/s (30.2MB/s), 28.8MiB/s-28.8MiB/s (30.2MB/s-30.2MB/s), io=8630MiB (9049MB), run=300001-300001msec
