readwrite: (g=0): rw=rw, bs=(R) 4096B-4096B, (W) 4096B-4096B, (T) 4096B-4096B, ioengine=libaio, iodepth=256
...
fio-3.27
Starting 32 processes
readwrite: Laying out IO file (1 file / 1024MiB)
readwrite: Laying out IO file (1 file / 1024MiB)
readwrite: Laying out IO file (1 file / 1024MiB)
readwrite: Laying out IO file (1 file / 1024MiB)
readwrite: Laying out IO file (1 file / 1024MiB)
readwrite: Laying out IO file (1 file / 1024MiB)
readwrite: Laying out IO file (1 file / 1024MiB)
readwrite: Laying out IO file (1 file / 1024MiB)
readwrite: Laying out IO file (1 file / 1024MiB)
readwrite: Laying out IO file (1 file / 1024MiB)
readwrite: Laying out IO file (1 file / 1024MiB)
readwrite: Laying out IO file (1 file / 1024MiB)
readwrite: Laying out IO file (1 file / 1024MiB)
readwrite: Laying out IO file (1 file / 1024MiB)
readwrite: Laying out IO file (1 file / 1024MiB)
readwrite: Laying out IO file (1 file / 1024MiB)

readwrite: (groupid=0, jobs=32): err= 0: pid=8365: Wed Jul 21 17:04:57 2021
  read: IOPS=32.3k, BW=126MiB/s (132MB/s)(37.0GiB/300133msec)
    slat (usec): min=7, max=2106.3k, avg=882.29, stdev=10508.75
    clat (usec): min=10, max=24906k, avg=126330.40, stdev=1010752.45
     lat (usec): min=19, max=25103k, avg=127213.44, stdev=1018103.66
    clat percentiles (msec):
     |  1.00th=[   13],  5.00th=[   13], 10.00th=[   13], 20.00th=[   14],
     | 30.00th=[   14], 40.00th=[   14], 50.00th=[   14], 60.00th=[   15],
     | 70.00th=[   15], 80.00th=[   15], 90.00th=[   16], 95.00th=[   19],
     | 99.00th=[ 5000], 99.50th=[ 8288], 99.90th=[14429], 99.95th=[16308],
     | 99.99th=[17113]
   bw (  KiB/s): min=  256, max=918600, per=100.00%, avg=133544.68, stdev=9417.79, samples=18368
   iops        : min=   64, max=229649, avg=33385.96, stdev=2354.43, samples=18368
  write: IOPS=32.3k, BW=126MiB/s (133MB/s)(37.0GiB/300133msec); 0 zone resets
    slat (usec): min=68, max=1858.9k, avg=85.69, stdev=1675.50
    clat (usec): min=12, max=25025k, avg=123989.60, stdev=995870.60
     lat (usec): min=91, max=25025k, avg=124076.41, stdev=995887.17
    clat percentiles (msec):
     |  1.00th=[   13],  5.00th=[   13], 10.00th=[   13], 20.00th=[   14],
     | 30.00th=[   14], 40.00th=[   14], 50.00th=[   14], 60.00th=[   15],
     | 70.00th=[   15], 80.00th=[   15], 90.00th=[   16], 95.00th=[   19],
     | 99.00th=[ 4933], 99.50th=[ 8154], 99.90th=[14160], 99.95th=[16174],
     | 99.99th=[17113]
   bw (  KiB/s): min=  256, max=913997, per=100.00%, avg=133606.47, stdev=9441.21, samples=18296
   iops        : min=   64, max=228498, avg=33401.41, stdev=2360.29, samples=18296
  lat (usec)   : 20=0.01%, 50=0.01%, 100=0.01%, 250=0.01%, 500=0.01%
  lat (usec)   : 750=0.01%, 1000=0.01%
  lat (msec)   : 2=0.01%, 4=0.01%, 10=0.01%, 20=97.12%, 50=0.98%
  lat (msec)   : 100=0.07%, 250=0.06%, 500=0.08%, 750=0.05%, 1000=0.06%
  lat (msec)   : 2000=0.09%, >=2000=1.47%
  cpu          : usr=1.93%, sys=9.91%, ctx=142389, majf=0, minf=1422
  IO depths    : 1=0.1%, 2=0.1%, 4=0.1%, 8=0.1%, 16=0.1%, 32=0.1%, >=64=100.0%
     submit    : 0=0.0%, 4=100.0%, 8=0.0%, 16=0.0%, 32=0.0%, 64=0.0%, >=64=0.0%
     complete  : 0=0.0%, 4=100.0%, 8=0.0%, 16=0.0%, 32=0.0%, 64=0.0%, >=64=0.1%
     issued rwts: total=9708026,9709305,0,0 short=0,0,0,0 dropped=0,0,0,0
     latency   : target=0, window=0, percentile=100.00%, depth=256

Run status group 0 (all jobs):
   READ: bw=126MiB/s (132MB/s), 126MiB/s-126MiB/s (132MB/s-132MB/s), io=37.0GiB (39.8GB), run=300133-300133msec
  WRITE: bw=126MiB/s (133MB/s), 126MiB/s-126MiB/s (133MB/s-133MB/s), io=37.0GiB (39.8GB), run=300133-300133msec
