readwrite: (g=0): rw=rw, bs=(R) 4096B-4096B, (W) 4096B-4096B, (T) 4096B-4096B, ioengine=libaio, iodepth=256
...
fio-3.27
Starting 4 processes
readwrite: Laying out IO file (1 file / 1024MiB)
readwrite: Laying out IO file (1 file / 1024MiB)

readwrite: (groupid=0, jobs=4): err= 0: pid=67798: Wed Jul 21 19:33:36 2021
  read: IOPS=17.8k, BW=69.5MiB/s (72.8MB/s)(20.3GiB/300001msec)
    slat (usec): min=7, max=365728, avg=127.71, stdev=1778.49
    clat (usec): min=12, max=7724.5k, avg=28741.73, stdev=127836.90
     lat (usec): min=117, max=7733.6k, avg=28870.25, stdev=128725.57
    clat percentiles (msec):
     |  1.00th=[   12],  5.00th=[   13], 10.00th=[   13], 20.00th=[   13],
     | 30.00th=[   13], 40.00th=[   14], 50.00th=[   14], 60.00th=[   14],
     | 70.00th=[   14], 80.00th=[   14], 90.00th=[   15], 95.00th=[   20],
     | 99.00th=[  472], 99.50th=[  693], 99.90th=[ 1620], 99.95th=[ 2333],
     | 99.99th=[ 4178]
   bw (  KiB/s): min=  240, max=166160, per=100.00%, avg=71769.60, stdev=14200.22, samples=2382
   iops        : min=   60, max=41540, avg=17942.40, stdev=3550.06, samples=2382
  write: IOPS=17.8k, BW=69.4MiB/s (72.8MB/s)(20.3GiB/300001msec); 0 zone resets
    slat (usec): min=68, max=90085, avg=75.53, stdev=56.47
    clat (usec): min=12, max=7732.7k, avg=28638.32, stdev=126322.28
     lat (usec): min=93, max=7732.8k, avg=28714.96, stdev=126325.50
    clat percentiles (msec):
     |  1.00th=[   12],  5.00th=[   13], 10.00th=[   13], 20.00th=[   13],
     | 30.00th=[   13], 40.00th=[   14], 50.00th=[   14], 60.00th=[   14],
     | 70.00th=[   14], 80.00th=[   14], 90.00th=[   15], 95.00th=[   20],
     | 99.00th=[  472], 99.50th=[  684], 99.90th=[ 1603], 99.95th=[ 2265],
     | 99.99th=[ 4144]
   bw (  KiB/s): min=  304, max=163768, per=100.00%, avg=71741.58, stdev=14191.16, samples=2382
   iops        : min=   76, max=40942, avg=17935.38, stdev=3547.79, samples=2382
  lat (usec)   : 20=0.01%, 250=0.01%, 500=0.01%, 750=0.01%, 1000=0.01%
  lat (msec)   : 2=0.01%, 4=0.01%, 10=0.01%, 20=95.17%, 50=2.01%
  lat (msec)   : 100=0.09%, 250=0.27%, 500=1.56%, 750=0.46%, 1000=0.19%
  lat (msec)   : 2000=0.18%, >=2000=0.07%
  cpu          : usr=8.66%, sys=43.37%, ctx=139572, majf=0, minf=177
  IO depths    : 1=0.1%, 2=0.1%, 4=0.1%, 8=0.1%, 16=0.1%, 32=0.1%, >=64=100.0%
     submit    : 0=0.0%, 4=100.0%, 8=0.0%, 16=0.0%, 32=0.0%, 64=0.0%, >=64=0.0%
     complete  : 0=0.0%, 4=100.0%, 8=0.0%, 16=0.0%, 32=0.0%, 64=0.0%, >=64=0.1%
     issued rwts: total=5334197,5332208,0,0 short=0,0,0,0 dropped=0,0,0,0
     latency   : target=0, window=0, percentile=100.00%, depth=256

Run status group 0 (all jobs):
   READ: bw=69.5MiB/s (72.8MB/s), 69.5MiB/s-69.5MiB/s (72.8MB/s-72.8MB/s), io=20.3GiB (21.8GB), run=300001-300001msec
  WRITE: bw=69.4MiB/s (72.8MB/s), 69.4MiB/s-69.4MiB/s (72.8MB/s-72.8MB/s), io=20.3GiB (21.8GB), run=300001-300001msec
