test: (g=0): rw=randread, bs=(R) 4096B-4096B, (W) 4096B-4096B, (T) 4096B-4096B, ioengine=libaio, iodepth=256
...
fio-3.27
Starting 2 processes
rand-read: Laying out IO file (1 file / 1024MiB)

test: (groupid=0, jobs=2): err= 0: pid=163465: Tue Jul 20 11:10:51 2021
  read: IOPS=284, BW=1138KiB/s (1165kB/s)(333MiB/300005msec)
    slat (usec): min=467, max=174163, avg=7011.22, stdev=4741.38
    clat (usec): min=17, max=2174.6k, avg=1788118.37, stdev=114386.51
     lat (msec): min=5, max=2181, avg=1795.13, stdev=114.52
    clat percentiles (msec):
     |  1.00th=[ 1603],  5.00th=[ 1670], 10.00th=[ 1703], 20.00th=[ 1720],
     | 30.00th=[ 1754], 40.00th=[ 1770], 50.00th=[ 1787], 60.00th=[ 1804],
     | 70.00th=[ 1821], 80.00th=[ 1854], 90.00th=[ 1905], 95.00th=[ 1938],
     | 99.00th=[ 2005], 99.50th=[ 2056], 99.90th=[ 2106], 99.95th=[ 2123],
     | 99.99th=[ 2165]
   bw (  KiB/s): min=  736, max= 1416, per=99.94%, avg=1137.23, stdev=46.94, samples=1192
   iops        : min=  184, max=  354, avg=284.31, stdev=11.73, samples=1192
  lat (usec)   : 20=0.01%, 50=0.01%
  lat (msec)   : 10=0.01%, 20=0.01%, 50=0.01%, 100=0.02%, 250=0.06%
  lat (msec)   : 500=0.08%, 750=0.09%, 1000=0.08%, 2000=98.49%, >=2000=1.18%
  cpu          : usr=0.35%, sys=2.15%, ctx=85348, majf=0, minf=590
  IO depths    : 1=0.1%, 2=0.1%, 4=0.1%, 8=0.1%, 16=0.1%, 32=0.1%, >=64=99.9%
     submit    : 0=0.0%, 4=100.0%, 8=0.0%, 16=0.0%, 32=0.0%, 64=0.0%, >=64=0.0%
     complete  : 0=0.0%, 4=100.0%, 8=0.0%, 16=0.0%, 32=0.0%, 64=0.0%, >=64=0.1%
     issued rwts: total=85325,0,0,0 short=0,0,0,0 dropped=0,0,0,0
     latency   : target=0, window=0, percentile=100.00%, depth=256

Run status group 0 (all jobs):
   READ: bw=1138KiB/s (1165kB/s), 1138KiB/s-1138KiB/s (1165kB/s-1165kB/s), io=333MiB (349MB), run=300005-300005msec
