readwrite: (g=0): rw=rw, bs=(R) 4096B-4096B, (W) 4096B-4096B, (T) 4096B-4096B, ioengine=libaio, iodepth=256
fio-3.27
Starting 1 process
readwrite: Laying out IO file (1 file / 1024MiB)

readwrite: (groupid=0, jobs=1): err= 0: pid=25047: Wed Jul 21 16:41:13 2021
  read: IOPS=2132, BW=8529KiB/s (8734kB/s)(2499MiB/300001msec)
    slat (usec): min=7, max=224763, avg=373.93, stdev=3496.46
    clat (usec): min=11, max=4448.9k, avg=59995.71, stdev=248851.81
     lat (usec): min=23, max=4507.3k, avg=60370.54, stdev=250611.73
    clat percentiles (msec):
     |  1.00th=[   12],  5.00th=[   13], 10.00th=[   13], 20.00th=[   13],
     | 30.00th=[   13], 40.00th=[   14], 50.00th=[   14], 60.00th=[   14],
     | 70.00th=[   14], 80.00th=[   14], 90.00th=[   34], 95.00th=[  132],
     | 99.00th=[ 1351], 99.50th=[ 1854], 99.90th=[ 2869], 99.95th=[ 3171],
     | 99.99th=[ 4044]
   bw (  KiB/s): min=   16, max=40913, per=100.00%, avg=8542.41, stdev=14636.59, samples=596
   iops        : min=    4, max=10228, avg=2135.59, stdev=3659.12, samples=596
  write: IOPS=2130, BW=8524KiB/s (8728kB/s)(2497MiB/300001msec); 0 zone resets
    slat (usec): min=68, max=4511, avg=73.25, stdev=15.83
    clat (usec): min=54, max=4480.0k, avg=59456.26, stdev=246658.45
     lat (usec): min=125, max=4480.1k, avg=59530.61, stdev=246661.81
    clat percentiles (msec):
     |  1.00th=[   12],  5.00th=[   13], 10.00th=[   13], 20.00th=[   13],
     | 30.00th=[   13], 40.00th=[   14], 50.00th=[   14], 60.00th=[   14],
     | 70.00th=[   14], 80.00th=[   14], 90.00th=[   34], 95.00th=[  132],
     | 99.00th=[ 1351], 99.50th=[ 1854], 99.90th=[ 2869], 99.95th=[ 3171],
     | 99.99th=[ 3977]
   bw (  KiB/s): min=   16, max=40992, per=100.00%, avg=8551.89, stdev=14635.62, samples=595
   iops        : min=    4, max=10248, avg=2137.94, stdev=3658.86, samples=595
  lat (usec)   : 20=0.01%, 50=0.01%, 100=0.01%, 250=0.01%, 500=0.01%
  lat (usec)   : 750=0.01%, 1000=0.01%
  lat (msec)   : 2=0.01%, 4=0.01%, 10=0.01%, 20=88.69%, 50=3.18%
  lat (msec)   : 100=1.11%, 250=3.46%, 500=0.42%, 750=0.61%, 1000=0.69%
  lat (msec)   : 2000=1.43%, >=2000=0.40%
  cpu          : usr=4.36%, sys=21.94%, ctx=50682, majf=0, minf=45
  IO depths    : 1=0.1%, 2=0.1%, 4=0.1%, 8=0.1%, 16=0.1%, 32=0.1%, >=64=100.0%
     submit    : 0=0.0%, 4=100.0%, 8=0.0%, 16=0.0%, 32=0.0%, 64=0.0%, >=64=0.0%
     complete  : 0=0.0%, 4=100.0%, 8=0.0%, 16=0.0%, 32=0.0%, 64=0.0%, >=64=0.1%
     issued rwts: total=639681,639277,0,0 short=0,0,0,0 dropped=0,0,0,0
     latency   : target=0, window=0, percentile=100.00%, depth=256

Run status group 0 (all jobs):
   READ: bw=8529KiB/s (8734kB/s), 8529KiB/s-8529KiB/s (8734kB/s-8734kB/s), io=2499MiB (2620MB), run=300001-300001msec
  WRITE: bw=8524KiB/s (8728kB/s), 8524KiB/s-8524KiB/s (8728kB/s-8728kB/s), io=2497MiB (2618MB), run=300001-300001msec
