test: (g=0): rw=randread, bs=(R) 4096B-4096B, (W) 4096B-4096B, (T) 4096B-4096B, ioengine=libaio, iodepth=256
...
fio-3.27
Starting 16 processes
rand-read: Laying out IO file (1 file / 1024MiB)
rand-read: Laying out IO file (1 file / 1024MiB)
rand-read: Laying out IO file (1 file / 1024MiB)
rand-read: Laying out IO file (1 file / 1024MiB)
rand-read: Laying out IO file (1 file / 1024MiB)
rand-read: Laying out IO file (1 file / 1024MiB)
rand-read: Laying out IO file (1 file / 1024MiB)
rand-read: Laying out IO file (1 file / 1024MiB)

test: (groupid=0, jobs=16): err= 0: pid=145776: Mon Jul 19 19:22:04 2021
  read: IOPS=1107, BW=4431KiB/s (4537kB/s)(1298MiB/300050msec)
    slat (usec): min=487, max=203133, avg=14418.66, stdev=12199.91
    clat (usec): min=15, max=7148.5k, avg=3661396.98, stdev=951407.37
     lat (msec): min=4, max=7169, avg=3675.82, stdev=954.77
    clat percentiles (msec):
     |  1.00th=[ 2534],  5.00th=[ 2735], 10.00th=[ 2802], 20.00th=[ 2903],
     | 30.00th=[ 3004], 40.00th=[ 3071], 50.00th=[ 3205], 60.00th=[ 3473],
     | 70.00th=[ 4329], 80.00th=[ 4665], 90.00th=[ 5000], 95.00th=[ 5470],
     | 99.00th=[ 6141], 99.50th=[ 6342], 99.90th=[ 6745], 99.95th=[ 6879],
     | 99.99th=[ 7013]
   bw (  KiB/s): min= 1432, max= 7544, per=99.90%, avg=4426.91, stdev=75.01, samples=9480
   iops        : min=  358, max= 1886, avg=1106.73, stdev=18.75, samples=9480
  lat (usec)   : 20=0.01%, 50=0.01%
  lat (msec)   : 10=0.01%, 20=0.01%, 50=0.01%, 100=0.02%, 250=0.05%
  lat (msec)   : 500=0.07%, 750=0.07%, 1000=0.07%, 2000=0.26%, >=2000=99.44%
  cpu          : usr=0.19%, sys=1.21%, ctx=332543, majf=0, minf=4724
  IO depths    : 1=0.1%, 2=0.1%, 4=0.1%, 8=0.1%, 16=0.1%, 32=0.2%, >=64=99.7%
     submit    : 0=0.0%, 4=100.0%, 8=0.0%, 16=0.0%, 32=0.0%, 64=0.0%, >=64=0.0%
     complete  : 0=0.0%, 4=100.0%, 8=0.0%, 16=0.0%, 32=0.0%, 64=0.0%, >=64=0.1%
     issued rwts: total=332353,0,0,0 short=0,0,0,0 dropped=0,0,0,0
     latency   : target=0, window=0, percentile=100.00%, depth=256

Run status group 0 (all jobs):
   READ: bw=4431KiB/s (4537kB/s), 4431KiB/s-4431KiB/s (4537kB/s-4537kB/s), io=1298MiB (1361MB), run=300050-300050msec
