test: (g=0): rw=read, bs=(R) 4096B-4096B, (W) 4096B-4096B, (T) 4096B-4096B, ioengine=libaio, iodepth=256
...
fio-3.27
Starting 4 processes
seq-read: Laying out IO file (1 file / 1024MiB)
seq-read: Laying out IO file (1 file / 1024MiB)

test: (groupid=0, jobs=4): err= 0: pid=12411: Tue Jul 20 15:33:21 2021
  read: IOPS=34.1k, BW=133MiB/s (139MB/s)(39.0GiB/300013msec)
    slat (usec): min=10, max=240993, avg=105.94, stdev=1215.33
    clat (usec): min=12, max=9806.6k, avg=29940.49, stdev=186293.99
     lat (msec): min=2, max=9863, avg=30.05, stdev=186.93
    clat percentiles (msec):
     |  1.00th=[    5],  5.00th=[    5], 10.00th=[    5], 20.00th=[    5],
     | 30.00th=[    5], 40.00th=[    5], 50.00th=[    5], 60.00th=[    5],
     | 70.00th=[    6], 80.00th=[    6], 90.00th=[   17], 95.00th=[   27],
     | 99.00th=[  735], 99.50th=[ 1167], 99.90th=[ 2333], 99.95th=[ 3339],
     | 99.99th=[ 6141]
   bw (  KiB/s): min=  120, max=658368, per=100.00%, avg=141011.98, stdev=33008.32, samples=2370
   iops        : min=   30, max=164592, avg=35252.98, stdev=8252.08, samples=2370
  lat (usec)   : 20=0.01%, 50=0.01%
  lat (msec)   : 4=0.01%, 10=85.52%, 20=5.88%, 50=5.66%, 100=0.09%
  lat (msec)   : 250=0.03%, 500=1.12%, 750=0.73%, 1000=0.29%, 2000=0.53%
  lat (msec)   : >=2000=0.14%
  cpu          : usr=7.42%, sys=21.87%, ctx=281166, majf=0, minf=1182
  IO depths    : 1=0.1%, 2=0.1%, 4=0.1%, 8=0.1%, 16=0.1%, 32=0.1%, >=64=100.0%
     submit    : 0=0.0%, 4=100.0%, 8=0.0%, 16=0.0%, 32=0.0%, 64=0.0%, >=64=0.0%
     complete  : 0=0.0%, 4=100.0%, 8=0.0%, 16=0.0%, 32=0.0%, 64=0.0%, >=64=0.1%
     issued rwts: total=10216480,0,0,0 short=0,0,0,0 dropped=0,0,0,0
     latency   : target=0, window=0, percentile=100.00%, depth=256

Run status group 0 (all jobs):
   READ: bw=133MiB/s (139MB/s), 133MiB/s-133MiB/s (139MB/s-139MB/s), io=39.0GiB (41.8GB), run=300013-300013msec
