test: (g=0): rw=randread, bs=(R) 4096B-4096B, (W) 4096B-4096B, (T) 4096B-4096B, ioengine=libaio, iodepth=256
...
fio-3.27
Starting 32 processes
rand-read: Laying out IO file (1 file / 1024MiB)
rand-read: Laying out IO file (1 file / 1024MiB)
rand-read: Laying out IO file (1 file / 1024MiB)
rand-read: Laying out IO file (1 file / 1024MiB)
rand-read: Laying out IO file (1 file / 1024MiB)
rand-read: Laying out IO file (1 file / 1024MiB)
rand-read: Laying out IO file (1 file / 1024MiB)
rand-read: Laying out IO file (1 file / 1024MiB)
rand-read: Laying out IO file (1 file / 1024MiB)
rand-read: Laying out IO file (1 file / 1024MiB)
rand-read: Laying out IO file (1 file / 1024MiB)
rand-read: Laying out IO file (1 file / 1024MiB)
rand-read: Laying out IO file (1 file / 1024MiB)
rand-read: Laying out IO file (1 file / 1024MiB)
rand-read: Laying out IO file (1 file / 1024MiB)
rand-read: Laying out IO file (1 file / 1024MiB)

test: (groupid=0, jobs=32): err= 0: pid=166510: Mon Jul 19 19:50:51 2021
  read: IOPS=988, BW=3953KiB/s (4048kB/s)(1158MiB/300017msec)
    slat (usec): min=589, max=696266, avg=32355.57, stdev=20363.38
    clat (usec): min=14, max=12358k, avg=8138805.34, stdev=1622912.51
     lat (msec): min=2, max=12400, avg=8171.16, stdev=1627.66
    clat percentiles (msec):
     |  1.00th=[ 1418],  5.00th=[ 6275], 10.00th=[ 6544], 20.00th=[ 6879],
     | 30.00th=[ 7282], 40.00th=[ 7684], 50.00th=[ 8020], 60.00th=[ 8356],
     | 70.00th=[ 9194], 80.00th=[ 9731], 90.00th=[10134], 95.00th=[10402],
     | 99.00th=[10939], 99.50th=[11073], 99.90th=[11476], 99.95th=[11610],
     | 99.99th=[12281]
   bw (  KiB/s): min= 1520, max= 8832, per=99.65%, avg=3939.38, stdev=20.83, samples=18641
   iops        : min=  380, max= 2208, avg=984.84, stdev= 5.21, samples=18641
  lat (usec)   : 20=0.01%, 50=0.01%, 100=0.01%
  lat (msec)   : 4=0.01%, 10=0.01%, 20=0.01%, 50=0.03%, 100=0.06%
  lat (msec)   : 250=0.15%, 500=0.23%, 750=0.20%, 1000=0.15%, 2000=0.34%
  lat (msec)   : >=2000=98.81%
  cpu          : usr=0.09%, sys=0.56%, ctx=296711, majf=0, minf=9454
  IO depths    : 1=0.1%, 2=0.1%, 4=0.1%, 8=0.1%, 16=0.2%, 32=0.3%, >=64=99.3%
     submit    : 0=0.0%, 4=100.0%, 8=0.0%, 16=0.0%, 32=0.0%, 64=0.0%, >=64=0.0%
     complete  : 0=0.0%, 4=100.0%, 8=0.0%, 16=0.0%, 32=0.0%, 64=0.0%, >=64=0.1%
     issued rwts: total=296472,0,0,0 short=0,0,0,0 dropped=0,0,0,0
     latency   : target=0, window=0, percentile=100.00%, depth=256

Run status group 0 (all jobs):
   READ: bw=3953KiB/s (4048kB/s), 3953KiB/s-3953KiB/s (4048kB/s-4048kB/s), io=1158MiB (1214MB), run=300017-300017msec
