readwrite: (g=0): rw=rw, bs=(R) 4096B-4096B, (W) 4096B-4096B, (T) 4096B-4096B, ioengine=libaio, iodepth=256
...
fio-3.27
Starting 2 processes
readwrite: Laying out IO file (1 file / 1024MiB)

readwrite: (groupid=0, jobs=2): err= 0: pid=125595: Wed Jul 21 19:27:18 2021
  read: IOPS=11.7k, BW=45.7MiB/s (47.9MB/s)(13.4GiB/300001msec)
    slat (usec): min=7, max=419848, avg=74.42, stdev=792.93
    clat (usec): min=10, max=1552.3k, avg=21817.92, stdev=49529.86
     lat (usec): min=21, max=1554.3k, avg=21893.14, stdev=49842.23
    clat percentiles (msec):
     |  1.00th=[   12],  5.00th=[   13], 10.00th=[   13], 20.00th=[   13],
     | 30.00th=[   13], 40.00th=[   14], 50.00th=[   14], 60.00th=[   14],
     | 70.00th=[   14], 80.00th=[   14], 90.00th=[   15], 95.00th=[   34],
     | 99.00th=[  284], 99.50th=[  351], 99.90th=[  567], 99.95th=[  768],
     | 99.99th=[  953]
   bw (  KiB/s): min=   40, max=83088, per=100.00%, avg=47063.55, stdev=15938.73, samples=1190
   iops        : min=   10, max=20772, avg=11765.75, stdev=3984.70, samples=1190
  write: IOPS=11.7k, BW=45.6MiB/s (47.9MB/s)(13.4GiB/300001msec); 0 zone resets
    slat (usec): min=68, max=5725, avg=74.95, stdev=14.82
    clat (usec): min=11, max=1554.2k, avg=21823.06, stdev=49460.30
     lat (usec): min=83, max=1554.3k, avg=21899.11, stdev=49462.79
    clat percentiles (msec):
     |  1.00th=[   12],  5.00th=[   13], 10.00th=[   13], 20.00th=[   13],
     | 30.00th=[   13], 40.00th=[   14], 50.00th=[   14], 60.00th=[   14],
     | 70.00th=[   14], 80.00th=[   14], 90.00th=[   15], 95.00th=[   34],
     | 99.00th=[  284], 99.50th=[  351], 99.90th=[  567], 99.95th=[  760],
     | 99.99th=[  944]
   bw (  KiB/s): min=   48, max=81809, per=100.00%, avg=47037.73, stdev=15928.24, samples=1190
   iops        : min=   12, max=20452, avg=11759.29, stdev=3982.07, samples=1190
  lat (usec)   : 20=0.01%, 50=0.01%, 100=0.01%, 250=0.01%, 500=0.01%
  lat (usec)   : 750=0.01%, 1000=0.01%
  lat (msec)   : 2=0.01%, 4=0.01%, 10=0.01%, 20=94.50%, 50=1.96%
  lat (msec)   : 100=0.09%, 250=2.09%, 500=1.21%, 750=0.09%, 1000=0.05%
  lat (msec)   : 2000=0.01%
  cpu          : usr=11.28%, sys=56.66%, ctx=119500, majf=0, minf=88
  IO depths    : 1=0.1%, 2=0.1%, 4=0.1%, 8=0.1%, 16=0.1%, 32=0.1%, >=64=100.0%
     submit    : 0=0.0%, 4=100.0%, 8=0.0%, 16=0.0%, 32=0.0%, 64=0.0%, >=64=0.0%
     complete  : 0=0.0%, 4=100.0%, 8=0.0%, 16=0.0%, 32=0.0%, 64=0.0%, >=64=0.1%
     issued rwts: total=3507175,3505231,0,0 short=0,0,0,0 dropped=0,0,0,0
     latency   : target=0, window=0, percentile=100.00%, depth=256

Run status group 0 (all jobs):
   READ: bw=45.7MiB/s (47.9MB/s), 45.7MiB/s-45.7MiB/s (47.9MB/s-47.9MB/s), io=13.4GiB (14.4GB), run=300001-300001msec
  WRITE: bw=45.6MiB/s (47.9MB/s), 45.6MiB/s-45.6MiB/s (47.9MB/s-47.9MB/s), io=13.4GiB (14.4GB), run=300001-300001msec
