readwrite: (g=0): rw=rw, bs=(R) 4096B-4096B, (W) 4096B-4096B, (T) 4096B-4096B, ioengine=libaio, iodepth=256
...
fio-3.27
Starting 64 processes
readwrite: Laying out IO file (1 file / 1024MiB)
readwrite: Laying out IO file (1 file / 1024MiB)
readwrite: Laying out IO file (1 file / 1024MiB)
readwrite: Laying out IO file (1 file / 1024MiB)
readwrite: Laying out IO file (1 file / 1024MiB)
readwrite: Laying out IO file (1 file / 1024MiB)
readwrite: Laying out IO file (1 file / 1024MiB)
readwrite: Laying out IO file (1 file / 1024MiB)
readwrite: Laying out IO file (1 file / 1024MiB)
readwrite: Laying out IO file (1 file / 1024MiB)
readwrite: Laying out IO file (1 file / 1024MiB)
readwrite: Laying out IO file (1 file / 1024MiB)
readwrite: Laying out IO file (1 file / 1024MiB)
readwrite: Laying out IO file (1 file / 1024MiB)
readwrite: Laying out IO file (1 file / 1024MiB)
readwrite: Laying out IO file (1 file / 1024MiB)
readwrite: Laying out IO file (1 file / 1024MiB)
readwrite: Laying out IO file (1 file / 1024MiB)
readwrite: Laying out IO file (1 file / 1024MiB)
readwrite: Laying out IO file (1 file / 1024MiB)
readwrite: Laying out IO file (1 file / 1024MiB)
readwrite: Laying out IO file (1 file / 1024MiB)
readwrite: Laying out IO file (1 file / 1024MiB)
readwrite: Laying out IO file (1 file / 1024MiB)
readwrite: Laying out IO file (1 file / 1024MiB)
readwrite: Laying out IO file (1 file / 1024MiB)
readwrite: Laying out IO file (1 file / 1024MiB)
readwrite: Laying out IO file (1 file / 1024MiB)
readwrite: Laying out IO file (1 file / 1024MiB)
readwrite: Laying out IO file (1 file / 1024MiB)
readwrite: Laying out IO file (1 file / 1024MiB)
readwrite: Laying out IO file (1 file / 1024MiB)

readwrite: (groupid=0, jobs=64): err= 0: pid=59272: Wed Jul 21 19:16:01 2021
  read: IOPS=19.0k, BW=74.3MiB/s (77.9MB/s)(21.8GiB/300060msec)
    slat (usec): min=7, max=6241.7k, avg=3259.93, stdev=33844.46
    clat (usec): min=12, max=46790k, avg=431608.47, stdev=2919198.44
     lat (usec): min=108, max=47260k, avg=434869.17, stdev=2940298.24
    clat percentiles (msec):
     |  1.00th=[   13],  5.00th=[   13], 10.00th=[   14], 20.00th=[   14],
     | 30.00th=[   14], 40.00th=[   14], 50.00th=[   15], 60.00th=[   15],
     | 70.00th=[   15], 80.00th=[   16], 90.00th=[   16], 95.00th=[   20],
     | 99.00th=[17113], 99.50th=[17113], 99.90th=[17113], 99.95th=[17113],
     | 99.99th=[17113]
   bw (  KiB/s): min=  498, max=1045220, per=100.00%, avg=85195.96, stdev=5615.14, samples=32036
   iops        : min=  114, max=261301, avg=21298.47, stdev=1403.76, samples=32036
  write: IOPS=19.0k, BW=74.3MiB/s (77.9MB/s)(21.8GiB/300060msec); 0 zone resets
    slat (usec): min=68, max=1127.8k, avg=83.67, stdev=588.63
    clat (usec): min=11, max=47115k, avg=414675.87, stdev=2853628.80
     lat (usec): min=85, max=47115k, avg=414760.65, stdev=2853632.32
    clat percentiles (msec):
     |  1.00th=[   13],  5.00th=[   13], 10.00th=[   14], 20.00th=[   14],
     | 30.00th=[   14], 40.00th=[   14], 50.00th=[   15], 60.00th=[   15],
     | 70.00th=[   15], 80.00th=[   16], 90.00th=[   16], 95.00th=[   20],
     | 99.00th=[17113], 99.50th=[17113], 99.90th=[17113], 99.95th=[17113],
     | 99.99th=[17113]
   bw (  KiB/s): min=  499, max=1049103, per=100.00%, avg=85489.43, stdev=5622.20, samples=31859
   iops        : min=  115, max=262273, avg=21371.85, stdev=1405.53, samples=31859
  lat (usec)   : 20=0.01%, 50=0.01%, 100=0.01%, 250=0.01%, 500=0.01%
  lat (usec)   : 750=0.01%, 1000=0.01%
  lat (msec)   : 2=0.01%, 4=0.01%, 10=0.01%, 20=96.31%, 50=0.82%
  lat (msec)   : 100=0.10%, 250=0.08%, 500=0.10%, 750=0.08%, 1000=0.07%
  lat (msec)   : 2000=0.10%, >=2000=2.34%
  cpu          : usr=0.57%, sys=2.98%, ctx=117013, majf=0, minf=2841
  IO depths    : 1=0.1%, 2=0.1%, 4=0.1%, 8=0.1%, 16=0.1%, 32=0.1%, >=64=100.0%
     submit    : 0=0.0%, 4=100.0%, 8=0.0%, 16=0.0%, 32=0.0%, 64=0.0%, >=64=0.0%
     complete  : 0=0.0%, 4=100.0%, 8=0.0%, 16=0.0%, 32=0.0%, 64=0.0%, >=64=0.1%
     issued rwts: total=5707357,5704281,0,0 short=0,0,0,0 dropped=0,0,0,0
     latency   : target=0, window=0, percentile=100.00%, depth=256

Run status group 0 (all jobs):
   READ: bw=74.3MiB/s (77.9MB/s), 74.3MiB/s-74.3MiB/s (77.9MB/s-77.9MB/s), io=21.8GiB (23.4GB), run=300060-300060msec
  WRITE: bw=74.3MiB/s (77.9MB/s), 74.3MiB/s-74.3MiB/s (77.9MB/s-77.9MB/s), io=21.8GiB (23.4GB), run=300060-300060msec
