test: (g=0): rw=randread, bs=(R) 4096B-4096B, (W) 4096B-4096B, (T) 4096B-4096B, ioengine=libaio, iodepth=256
...
fio-3.27
Starting 32 processes
rand-read: Laying out IO file (1 file / 1024MiB)
rand-read: Laying out IO file (1 file / 1024MiB)
rand-read: Laying out IO file (1 file / 1024MiB)
rand-read: Laying out IO file (1 file / 1024MiB)
rand-read: Laying out IO file (1 file / 1024MiB)
rand-read: Laying out IO file (1 file / 1024MiB)
rand-read: Laying out IO file (1 file / 1024MiB)
rand-read: Laying out IO file (1 file / 1024MiB)
rand-read: Laying out IO file (1 file / 1024MiB)
rand-read: Laying out IO file (1 file / 1024MiB)
rand-read: Laying out IO file (1 file / 1024MiB)
rand-read: Laying out IO file (1 file / 1024MiB)
rand-read: Laying out IO file (1 file / 1024MiB)
rand-read: Laying out IO file (1 file / 1024MiB)
rand-read: Laying out IO file (1 file / 1024MiB)
rand-read: Laying out IO file (1 file / 1024MiB)

test: (groupid=0, jobs=32): err= 0: pid=162788: Mon Jul 19 22:26:17 2021
  read: IOPS=613, BW=2455KiB/s (2514kB/s)(719MiB/300043msec)
    slat (msec): min=4, max=335, avg=52.11, stdev=15.48
    clat (usec): min=14, max=15550k, avg=13022350.81, stdev=1698449.83
     lat (msec): min=19, max=15609, avg=13074.47, stdev=1699.12
    clat percentiles (msec):
     |  1.00th=[ 2836],  5.00th=[12281], 10.00th=[12550], 20.00th=[12818],
     | 30.00th=[12953], 40.00th=[13087], 50.00th=[13221], 60.00th=[13489],
     | 70.00th=[13624], 80.00th=[13758], 90.00th=[14026], 95.00th=[14295],
     | 99.00th=[14563], 99.50th=[14697], 99.90th=[14966], 99.95th=[15100],
     | 99.99th=[15368]
   bw (  KiB/s): min= 1080, max= 3096, per=99.68%, avg=2447.28, stdev= 8.12, samples=18368
   iops        : min=  270, max=  774, avg=611.82, stdev= 2.03, samples=18368
  lat (usec)   : 20=0.01%, 50=0.01%
  lat (msec)   : 20=0.01%, 50=0.02%, 100=0.02%, 250=0.07%, 500=0.10%
  lat (msec)   : 750=0.09%, 1000=0.08%, 2000=0.32%, >=2000=99.27%
  cpu          : usr=0.06%, sys=0.37%, ctx=184347, majf=0, minf=9443
  IO depths    : 1=0.1%, 2=0.1%, 4=0.1%, 8=0.1%, 16=0.3%, 32=0.6%, >=64=98.9%
     submit    : 0=0.0%, 4=100.0%, 8=0.0%, 16=0.0%, 32=0.0%, 64=0.0%, >=64=0.0%
     complete  : 0=0.0%, 4=100.0%, 8=0.0%, 16=0.0%, 32=0.0%, 64=0.0%, >=64=0.1%
     issued rwts: total=184135,0,0,0 short=0,0,0,0 dropped=0,0,0,0
     latency   : target=0, window=0, percentile=100.00%, depth=256

Run status group 0 (all jobs):
   READ: bw=2455KiB/s (2514kB/s), 2455KiB/s-2455KiB/s (2514kB/s-2514kB/s), io=719MiB (754MB), run=300043-300043msec
