test: (g=0): rw=randread, bs=(R) 4096B-4096B, (W) 4096B-4096B, (T) 4096B-4096B, ioengine=libaio, iodepth=256
...
fio-3.27
Starting 8 processes
rand-read: Laying out IO file (1 file / 1024MiB)
rand-read: Laying out IO file (1 file / 1024MiB)
rand-read: Laying out IO file (1 file / 1024MiB)
rand-read: Laying out IO file (1 file / 1024MiB)

test: (groupid=0, jobs=8): err= 0: pid=118398: Tue Jul 20 10:23:52 2021
  read: IOPS=781, BW=3127KiB/s (3203kB/s)(916MiB/300025msec)
    slat (usec): min=480, max=126199, avg=10206.38, stdev=7856.55
    clat (usec): min=16, max=3232.5k, avg=2598673.25, stdev=191944.33
     lat (msec): min=4, max=3244, avg=2608.88, stdev=192.14
    clat percentiles (msec):
     |  1.00th=[ 2265],  5.00th=[ 2400], 10.00th=[ 2433], 20.00th=[ 2500],
     | 30.00th=[ 2534], 40.00th=[ 2567], 50.00th=[ 2601], 60.00th=[ 2635],
     | 70.00th=[ 2668], 80.00th=[ 2702], 90.00th=[ 2769], 95.00th=[ 2836],
     | 99.00th=[ 2937], 99.50th=[ 3004], 99.90th=[ 3071], 99.95th=[ 3104],
     | 99.99th=[ 3138]
   bw (  KiB/s): min= 1312, max= 4200, per=99.92%, avg=3125.23, stdev=44.16, samples=4757
   iops        : min=  328, max= 1050, avg=781.31, stdev=11.04, samples=4757
  lat (usec)   : 20=0.01%, 50=0.01%
  lat (msec)   : 10=0.01%, 20=0.01%, 50=0.01%, 100=0.01%, 250=0.04%
  lat (msec)   : 500=0.08%, 750=0.08%, 1000=0.08%, 2000=0.34%, >=2000=99.34%
  cpu          : usr=0.28%, sys=1.73%, ctx=234655, majf=0, minf=2361
  IO depths    : 1=0.1%, 2=0.1%, 4=0.1%, 8=0.1%, 16=0.1%, 32=0.1%, >=64=99.8%
     submit    : 0=0.0%, 4=100.0%, 8=0.0%, 16=0.0%, 32=0.0%, 64=0.0%, >=64=0.0%
     complete  : 0=0.0%, 4=100.0%, 8=0.0%, 16=0.0%, 32=0.0%, 64=0.0%, >=64=0.1%
     issued rwts: total=234579,0,0,0 short=0,0,0,0 dropped=0,0,0,0
     latency   : target=0, window=0, percentile=100.00%, depth=256

Run status group 0 (all jobs):
   READ: bw=3127KiB/s (3203kB/s), 3127KiB/s-3127KiB/s (3203kB/s-3203kB/s), io=916MiB (961MB), run=300025-300025msec
