test: (g=0): rw=randread, bs=(R) 4096B-4096B, (W) 4096B-4096B, (T) 4096B-4096B, ioengine=libaio, iodepth=256
...
fio-3.27
Starting 4 processes
rand-read: Laying out IO file (1 file / 1024MiB)
rand-read: Laying out IO file (1 file / 1024MiB)

test: (groupid=0, jobs=4): err= 0: pid=184332: Mon Jul 19 22:00:57 2021
  read: IOPS=481, BW=1924KiB/s (1971kB/s)(564MiB/300005msec)
    slat (usec): min=456, max=129198, avg=8291.70, stdev=5965.95
    clat (usec): min=11, max=2583.9k, avg=2112761.24, stdev=144851.51
     lat (msec): min=4, max=2593, avg=2121.06, stdev=145.00
    clat percentiles (msec):
     |  1.00th=[ 1871],  5.00th=[ 1955], 10.00th=[ 1989], 20.00th=[ 2039],
     | 30.00th=[ 2056], 40.00th=[ 2089], 50.00th=[ 2106], 60.00th=[ 2140],
     | 70.00th=[ 2165], 80.00th=[ 2198], 90.00th=[ 2265], 95.00th=[ 2299],
     | 99.00th=[ 2366], 99.50th=[ 2400], 99.90th=[ 2500], 99.95th=[ 2534],
     | 99.99th=[ 2534]
   bw (  KiB/s): min=  992, max= 2480, per=99.98%, avg=1924.03, stdev=46.64, samples=2381
   iops        : min=  248, max=  620, avg=481.01, stdev=11.66, samples=2381
  lat (usec)   : 20=0.01%, 50=0.01%
  lat (msec)   : 10=0.01%, 20=0.01%, 50=0.01%, 100=0.02%, 250=0.05%
  lat (msec)   : 500=0.08%, 750=0.08%, 1000=0.08%, 2000=11.44%, >=2000=88.23%
  cpu          : usr=0.30%, sys=1.96%, ctx=144382, majf=0, minf=1181
  IO depths    : 1=0.1%, 2=0.1%, 4=0.1%, 8=0.1%, 16=0.1%, 32=0.1%, >=64=99.8%
     submit    : 0=0.0%, 4=100.0%, 8=0.0%, 16=0.0%, 32=0.0%, 64=0.0%, >=64=0.0%
     complete  : 0=0.0%, 4=100.0%, 8=0.0%, 16=0.0%, 32=0.0%, 64=0.0%, >=64=0.1%
     issued rwts: total=144338,0,0,0 short=0,0,0,0 dropped=0,0,0,0
     latency   : target=0, window=0, percentile=100.00%, depth=256

Run status group 0 (all jobs):
   READ: bw=1924KiB/s (1971kB/s), 1924KiB/s-1924KiB/s (1971kB/s-1971kB/s), io=564MiB (591MB), run=300005-300005msec
