readwrite: (g=0): rw=rw, bs=(R) 4096B-4096B, (W) 4096B-4096B, (T) 4096B-4096B, ioengine=libaio, iodepth=256
...
fio-3.27
Starting 4 processes
readwrite: Laying out IO file (1 file / 1024MiB)
readwrite: Laying out IO file (1 file / 1024MiB)

readwrite: (groupid=0, jobs=4): err= 0: pid=40267: Wed Jul 21 18:33:38 2021
  read: IOPS=21.3k, BW=83.0MiB/s (87.1MB/s)(24.4GiB/300794msec)
    slat (usec): min=7, max=281668, avg=90.90, stdev=1431.89
    clat (usec): min=24, max=4057.5k, avg=23972.08, stdev=94763.22
     lat (usec): min=1646, max=4060.6k, avg=24063.75, stdev=95423.30
    clat percentiles (msec):
     |  1.00th=[   12],  5.00th=[   13], 10.00th=[   13], 20.00th=[   13],
     | 30.00th=[   13], 40.00th=[   14], 50.00th=[   14], 60.00th=[   14],
     | 70.00th=[   14], 80.00th=[   14], 90.00th=[   15], 95.00th=[   19],
     | 99.00th=[  376], 99.50th=[  617], 99.90th=[ 1385], 99.95th=[ 1770],
     | 99.99th=[ 2601]
   bw (  KiB/s): min=  272, max=166264, per=100.00%, avg=86111.13, stdev=12597.54, samples=2380
   iops        : min=   68, max=41566, avg=21527.81, stdev=3149.39, samples=2380
  write: IOPS=21.2k, BW=83.0MiB/s (87.0MB/s)(24.4GiB/300794msec); 0 zone resets
    slat (usec): min=68, max=61792, avg=75.23, stdev=36.98
    clat (usec): min=16, max=4059.6k, avg=23936.22, stdev=94263.09
     lat (usec): min=160, max=4059.7k, avg=24012.55, stdev=94265.10
    clat percentiles (msec):
     |  1.00th=[   12],  5.00th=[   13], 10.00th=[   13], 20.00th=[   13],
     | 30.00th=[   13], 40.00th=[   14], 50.00th=[   14], 60.00th=[   14],
     | 70.00th=[   14], 80.00th=[   14], 90.00th=[   15], 95.00th=[   19],
     | 99.00th=[  376], 99.50th=[  617], 99.90th=[ 1385], 99.95th=[ 1770],
     | 99.99th=[ 2567]
   bw (  KiB/s): min=   96, max=162872, per=100.00%, avg=85920.67, stdev=12611.17, samples=2382
   iops        : min=   24, max=40718, avg=21480.17, stdev=3152.79, samples=2382
  lat (usec)   : 20=0.01%, 50=0.01%, 250=0.01%
  lat (msec)   : 2=0.01%, 4=0.01%, 10=0.01%, 20=95.92%, 50=2.10%
  lat (msec)   : 100=0.09%, 250=0.30%, 500=0.95%, 750=0.25%, 1000=0.17%
  lat (msec)   : 2000=0.20%, >=2000=0.03%
  cpu          : usr=10.23%, sys=50.80%, ctx=114119, majf=0, minf=176
  IO depths    : 1=0.1%, 2=0.1%, 4=0.1%, 8=0.1%, 16=0.1%, 32=0.1%, >=64=100.0%
     submit    : 0=0.0%, 4=100.0%, 8=0.0%, 16=0.0%, 32=0.0%, 64=0.0%, >=64=0.0%
     complete  : 0=0.0%, 4=100.0%, 8=0.0%, 16=0.0%, 32=0.0%, 64=0.0%, >=64=0.1%
     issued rwts: total=6394946,6389128,0,0 short=0,0,0,0 dropped=0,0,0,0
     latency   : target=0, window=0, percentile=100.00%, depth=256

Run status group 0 (all jobs):
   READ: bw=83.0MiB/s (87.1MB/s), 83.0MiB/s-83.0MiB/s (87.1MB/s-87.1MB/s), io=24.4GiB (26.2GB), run=300794-300794msec
  WRITE: bw=83.0MiB/s (87.0MB/s), 83.0MiB/s-83.0MiB/s (87.0MB/s-87.0MB/s), io=24.4GiB (26.2GB), run=300794-300794msec
