readwrite: (g=0): rw=rw, bs=(R) 4096B-4096B, (W) 4096B-4096B, (T) 4096B-4096B, ioengine=libaio, iodepth=256
...
fio-3.27
Starting 2 processes
readwrite: Laying out IO file (1 file / 1024MiB)

readwrite: (groupid=0, jobs=2): err= 0: pid=73203: Wed Jul 21 18:27:47 2021
  read: IOPS=14.6k, BW=57.2MiB/s (60.0MB/s)(16.8GiB/300001msec)
    slat (usec): min=7, max=181811, avg=40.45, stdev=493.73
    clat (usec): min=11, max=1123.1k, avg=17429.04, stdev=31979.37
     lat (usec): min=103, max=1123.1k, avg=17470.26, stdev=32136.95
    clat percentiles (msec):
     |  1.00th=[   12],  5.00th=[   13], 10.00th=[   13], 20.00th=[   13],
     | 30.00th=[   13], 40.00th=[   14], 50.00th=[   14], 60.00th=[   14],
     | 70.00th=[   14], 80.00th=[   14], 90.00th=[   15], 95.00th=[   19],
     | 99.00th=[  159], 99.50th=[  228], 99.90th=[  401], 99.95th=[  625],
     | 99.99th=[  953]
   bw (  KiB/s): min=  112, max=83200, per=100.00%, avg=59041.31, stdev=14092.98, samples=1189
   iops        : min=   28, max=20800, avg=14760.31, stdev=3523.26, samples=1189
  write: IOPS=14.6k, BW=57.1MiB/s (59.9MB/s)(16.7GiB/300001msec); 0 zone resets
    slat (usec): min=68, max=84496, avg=74.73, stdev=46.03
    clat (usec): min=11, max=1123.0k, avg=17427.12, stdev=31887.79
     lat (usec): min=83, max=1123.1k, avg=17502.95, stdev=31889.33
    clat percentiles (msec):
     |  1.00th=[   12],  5.00th=[   13], 10.00th=[   13], 20.00th=[   13],
     | 30.00th=[   13], 40.00th=[   14], 50.00th=[   14], 60.00th=[   14],
     | 70.00th=[   14], 80.00th=[   14], 90.00th=[   15], 95.00th=[   19],
     | 99.00th=[  159], 99.50th=[  228], 99.90th=[  397], 99.95th=[  617],
     | 99.99th=[  953]
   bw (  KiB/s): min=   56, max=82128, per=100.00%, avg=59015.37, stdev=14081.28, samples=1189
   iops        : min=   14, max=20532, avg=14753.82, stdev=3520.33, samples=1189
  lat (usec)   : 20=0.01%, 100=0.01%, 250=0.01%, 500=0.01%, 750=0.01%
  lat (usec)   : 1000=0.01%
  lat (msec)   : 2=0.01%, 4=0.01%, 10=0.01%, 20=96.04%, 50=1.90%
  lat (msec)   : 100=0.17%, 250=1.49%, 500=0.34%, 750=0.02%, 1000=0.05%
  lat (msec)   : 2000=0.01%
  cpu          : usr=13.92%, sys=69.27%, ctx=83739, majf=0, minf=86
  IO depths    : 1=0.1%, 2=0.1%, 4=0.1%, 8=0.1%, 16=0.1%, 32=0.1%, >=64=100.0%
     submit    : 0=0.0%, 4=100.0%, 8=0.0%, 16=0.0%, 32=0.0%, 64=0.0%, >=64=0.0%
     complete  : 0=0.0%, 4=100.0%, 8=0.0%, 16=0.0%, 32=0.0%, 64=0.0%, >=64=0.1%
     issued rwts: total=4390969,4388939,0,0 short=0,0,0,0 dropped=0,0,0,0
     latency   : target=0, window=0, percentile=100.00%, depth=256

Run status group 0 (all jobs):
   READ: bw=57.2MiB/s (60.0MB/s), 57.2MiB/s-57.2MiB/s (60.0MB/s-60.0MB/s), io=16.8GiB (18.0GB), run=300001-300001msec
  WRITE: bw=57.1MiB/s (59.9MB/s), 57.1MiB/s-57.1MiB/s (59.9MB/s-59.9MB/s), io=16.7GiB (18.0GB), run=300001-300001msec
