test: (g=0): rw=randread, bs=(R) 4096B-4096B, (W) 4096B-4096B, (T) 4096B-4096B, ioengine=libaio, iodepth=256
fio-3.27
Starting 1 process
test: Laying out IO file (1 file / 1024MiB)

test: (groupid=0, jobs=1): err= 0: pid=176994: Tue Jul 20 11:05:16 2021
  read: IOPS=167, BW=671KiB/s (687kB/s)(197MiB/300004msec)
    slat (usec): min=462, max=83549, avg=5941.08, stdev=4312.03
    clat (usec): min=12, max=1818.6k, avg=1516205.40, stdev=100926.80
     lat (msec): min=8, max=1822, avg=1522.15, stdev=101.03
    clat percentiles (msec):
     |  1.00th=[ 1334],  5.00th=[ 1385], 10.00th=[ 1418], 20.00th=[ 1452],
     | 30.00th=[ 1469], 40.00th=[ 1502], 50.00th=[ 1519], 60.00th=[ 1536],
     | 70.00th=[ 1552], 80.00th=[ 1586], 90.00th=[ 1620], 95.00th=[ 1653],
     | 99.00th=[ 1737], 99.50th=[ 1754], 99.90th=[ 1804], 99.95th=[ 1804],
     | 99.99th=[ 1804]
   bw (  KiB/s): min=   48, max=  840, per=99.84%, avg=670.37, stdev=64.31, samples=597
   iops        : min=   12, max=  210, avg=167.59, stdev=16.08, samples=597
  lat (usec)   : 20=0.01%
  lat (msec)   : 10=0.01%, 20=0.01%, 50=0.01%, 100=0.02%, 250=0.05%
  lat (msec)   : 500=0.07%, 750=0.08%, 1000=0.08%, 2000=99.70%
  cpu          : usr=0.41%, sys=2.49%, ctx=50348, majf=0, minf=293
  IO depths    : 1=0.1%, 2=0.1%, 4=0.1%, 8=0.1%, 16=0.1%, 32=0.1%, >=64=99.9%
     submit    : 0=0.0%, 4=100.0%, 8=0.0%, 16=0.0%, 32=0.0%, 64=0.0%, >=64=0.0%
     complete  : 0=0.0%, 4=100.0%, 8=0.0%, 16=0.0%, 32=0.0%, 64=0.0%, >=64=0.1%
     issued rwts: total=50331,0,0,0 short=0,0,0,0 dropped=0,0,0,0
     latency   : target=0, window=0, percentile=100.00%, depth=256

Run status group 0 (all jobs):
   READ: bw=671KiB/s (687kB/s), 671KiB/s-671KiB/s (687kB/s-687kB/s), io=197MiB (206MB), run=300004-300004msec
