readwrite: (g=0): rw=rw, bs=(R) 4096B-4096B, (W) 4096B-4096B, (T) 4096B-4096B, ioengine=libaio, iodepth=256
...
fio-3.27
Starting 4 processes
readwrite: Laying out IO file (1 file / 1024MiB)
readwrite: Laying out IO file (1 file / 1024MiB)

readwrite: (groupid=0, jobs=4): err= 0: pid=68198: Wed Jul 21 17:34:06 2021
  read: IOPS=20.0k, BW=78.0MiB/s (81.8MB/s)(22.9GiB/300005msec)
    slat (usec): min=7, max=167813, avg=102.39, stdev=1113.31
    clat (usec): min=14, max=1988.8k, avg=25548.32, stdev=72837.37
     lat (usec): min=185, max=1988.9k, avg=25651.49, stdev=73334.57
    clat percentiles (msec):
     |  1.00th=[   12],  5.00th=[   13], 10.00th=[   13], 20.00th=[   13],
     | 30.00th=[   14], 40.00th=[   14], 50.00th=[   14], 60.00th=[   14],
     | 70.00th=[   14], 80.00th=[   15], 90.00th=[   15], 95.00th=[   26],
     | 99.00th=[  393], 99.50th=[  506], 99.90th=[  911], 99.95th=[ 1053],
     | 99.99th=[ 1385]
   bw (  KiB/s): min= 4952, max=164464, per=100.00%, avg=80845.12, stdev=14618.94, samples=2376
   iops        : min= 1238, max=41116, avg=20211.30, stdev=3654.74, samples=2376
  write: IOPS=20.0k, BW=78.0MiB/s (81.8MB/s)(22.8GiB/300005msec); 0 zone resets
    slat (usec): min=68, max=28263, avg=76.03, stdev=23.36
    clat (usec): min=12, max=1987.1k, avg=25535.90, stdev=72785.89
     lat (usec): min=84, max=1987.2k, avg=25613.03, stdev=72788.87
    clat percentiles (msec):
     |  1.00th=[   12],  5.00th=[   13], 10.00th=[   13], 20.00th=[   13],
     | 30.00th=[   14], 40.00th=[   14], 50.00th=[   14], 60.00th=[   14],
     | 70.00th=[   14], 80.00th=[   15], 90.00th=[   15], 95.00th=[   25],
     | 99.00th=[  393], 99.50th=[  506], 99.90th=[  911], 99.95th=[ 1053],
     | 99.99th=[ 1385]
   bw (  KiB/s): min= 4704, max=163672, per=100.00%, avg=80800.04, stdev=14604.79, samples=2376
   iops        : min= 1176, max=40918, avg=20200.01, stdev=3651.20, samples=2376
  lat (usec)   : 20=0.01%, 50=0.01%, 100=0.01%, 250=0.01%, 500=0.01%
  lat (usec)   : 750=0.01%, 1000=0.01%
  lat (msec)   : 2=0.01%, 4=0.01%, 10=0.01%, 20=94.52%, 50=2.13%
  lat (msec)   : 100=0.08%, 250=0.87%, 500=1.88%, 750=0.33%, 1000=0.12%
  lat (msec)   : 2000=0.06%
  cpu          : usr=9.73%, sys=48.84%, ctx=190204, majf=0, minf=171
  IO depths    : 1=0.1%, 2=0.1%, 4=0.1%, 8=0.1%, 16=0.1%, 32=0.1%, >=64=100.0%
     submit    : 0=0.0%, 4=100.0%, 8=0.0%, 16=0.0%, 32=0.0%, 64=0.0%, >=64=0.0%
     complete  : 0=0.0%, 4=100.0%, 8=0.0%, 16=0.0%, 32=0.0%, 64=0.0%, >=64=0.1%
     issued rwts: total=5992324,5988942,0,0 short=0,0,0,0 dropped=0,0,0,0
     latency   : target=0, window=0, percentile=100.00%, depth=256

Run status group 0 (all jobs):
   READ: bw=78.0MiB/s (81.8MB/s), 78.0MiB/s-78.0MiB/s (81.8MB/s-81.8MB/s), io=22.9GiB (24.5GB), run=300005-300005msec
  WRITE: bw=78.0MiB/s (81.8MB/s), 78.0MiB/s-78.0MiB/s (81.8MB/s-81.8MB/s), io=22.8GiB (24.5GB), run=300005-300005msec
