readwrite: (g=0): rw=rw, bs=(R) 4096B-4096B, (W) 4096B-4096B, (T) 4096B-4096B, ioengine=libaio, iodepth=256
...
fio-3.27
Starting 2 processes
readwrite: Laying out IO file (1 file / 1024MiB)

readwrite: (groupid=0, jobs=2): err= 0: pid=52955: Wed Jul 21 18:27:47 2021
  read: IOPS=16.5k, BW=64.3MiB/s (67.4MB/s)(18.8GiB/300001msec)
    slat (usec): min=7, max=133462, avg=25.61, stdev=353.21
    clat (usec): min=91, max=1079.8k, avg=15507.97, stdev=22843.24
     lat (usec): min=103, max=1079.9k, avg=15534.33, stdev=22900.92
    clat percentiles (msec):
     |  1.00th=[   12],  5.00th=[   13], 10.00th=[   13], 20.00th=[   13],
     | 30.00th=[   13], 40.00th=[   14], 50.00th=[   14], 60.00th=[   14],
     | 70.00th=[   14], 80.00th=[   14], 90.00th=[   15], 95.00th=[   17],
     | 99.00th=[  107], 99.50th=[  136], 99.90th=[  211], 99.95th=[  292],
     | 99.99th=[  894]
   bw (  KiB/s): min=  216, max=83288, per=100.00%, avg=66382.16, stdev=10162.08, samples=1189
   iops        : min=   54, max=20822, avg=16595.54, stdev=2540.52, samples=1189
  write: IOPS=16.4k, BW=64.3MiB/s (67.4MB/s)(18.8GiB/300001msec); 0 zone resets
    slat (usec): min=68, max=52664, avg=74.44, stdev=27.96
    clat (usec): min=12, max=1079.8k, avg=15490.55, stdev=22597.86
     lat (usec): min=83, max=1079.9k, avg=15566.07, stdev=22598.67
    clat percentiles (msec):
     |  1.00th=[   12],  5.00th=[   13], 10.00th=[   13], 20.00th=[   13],
     | 30.00th=[   13], 40.00th=[   14], 50.00th=[   14], 60.00th=[   14],
     | 70.00th=[   14], 80.00th=[   14], 90.00th=[   15], 95.00th=[   17],
     | 99.00th=[  107], 99.50th=[  136], 99.90th=[  209], 99.95th=[  292],
     | 99.99th=[  894]
   bw (  KiB/s): min=  288, max=82160, per=100.00%, avg=66334.20, stdev=10145.91, samples=1189
   iops        : min=   72, max=20542, avg=16583.55, stdev=2536.48, samples=1189
  lat (usec)   : 20=0.01%, 100=0.01%, 250=0.01%, 500=0.01%, 750=0.01%
  lat (usec)   : 1000=0.01%
  lat (msec)   : 2=0.01%, 4=0.01%, 10=0.01%, 20=96.67%, 50=2.15%
  lat (msec)   : 100=0.09%, 250=1.00%, 500=0.03%, 750=0.01%, 1000=0.04%
  lat (msec)   : 2000=0.01%
  cpu          : usr=15.55%, sys=77.10%, ctx=51681, majf=0, minf=88
  IO depths    : 1=0.1%, 2=0.1%, 4=0.1%, 8=0.1%, 16=0.1%, 32=0.1%, >=64=100.0%
     submit    : 0=0.0%, 4=100.0%, 8=0.0%, 16=0.0%, 32=0.0%, 64=0.0%, >=64=0.0%
     complete  : 0=0.0%, 4=100.0%, 8=0.0%, 16=0.0%, 32=0.0%, 64=0.0%, >=64=0.1%
     issued rwts: total=4938391,4934639,0,0 short=0,0,0,0 dropped=0,0,0,0
     latency   : target=0, window=0, percentile=100.00%, depth=256

Run status group 0 (all jobs):
   READ: bw=64.3MiB/s (67.4MB/s), 64.3MiB/s-64.3MiB/s (67.4MB/s-67.4MB/s), io=18.8GiB (20.2GB), run=300001-300001msec
  WRITE: bw=64.3MiB/s (67.4MB/s), 64.3MiB/s-64.3MiB/s (67.4MB/s-67.4MB/s), io=18.8GiB (20.2GB), run=300001-300001msec
