test: (g=0): rw=randread, bs=(R) 4096B-4096B, (W) 4096B-4096B, (T) 4096B-4096B, ioengine=libaio, iodepth=256
...
fio-3.27
Starting 32 processes
rand-read: Laying out IO file (1 file / 1024MiB)
rand-read: Laying out IO file (1 file / 1024MiB)
rand-read: Laying out IO file (1 file / 1024MiB)
rand-read: Laying out IO file (1 file / 1024MiB)
rand-read: Laying out IO file (1 file / 1024MiB)
rand-read: Laying out IO file (1 file / 1024MiB)
rand-read: Laying out IO file (1 file / 1024MiB)
rand-read: Laying out IO file (1 file / 1024MiB)
rand-read: Laying out IO file (1 file / 1024MiB)
rand-read: Laying out IO file (1 file / 1024MiB)
rand-read: Laying out IO file (1 file / 1024MiB)
rand-read: Laying out IO file (1 file / 1024MiB)
rand-read: Laying out IO file (1 file / 1024MiB)
rand-read: Laying out IO file (1 file / 1024MiB)
rand-read: Laying out IO file (1 file / 1024MiB)
rand-read: Laying out IO file (1 file / 1024MiB)

test: (groupid=0, jobs=32): err= 0: pid=217999: Mon Jul 19 22:26:17 2021
  read: IOPS=586, BW=2345KiB/s (2402kB/s)(687MiB/300098msec)
    slat (usec): min=966, max=295735, avg=54537.00, stdev=16100.93
    clat (usec): min=14, max=16260k, avg=13655693.32, stdev=1983618.00
     lat (msec): min=27, max=16323, avg=13710.23, stdev=1985.56
    clat percentiles (msec):
     |  1.00th=[ 3004],  5.00th=[11745], 10.00th=[12147], 20.00th=[12550],
     | 30.00th=[13624], 40.00th=[13892], 50.00th=[14026], 60.00th=[14295],
     | 70.00th=[14563], 80.00th=[14832], 90.00th=[15234], 95.00th=[15368],
     | 99.00th=[15637], 99.50th=[15771], 99.90th=[15905], 99.95th=[16040],
     | 99.99th=[16174]
   bw (  KiB/s): min= 1184, max= 2920, per=99.43%, avg=2332.31, stdev= 7.65, samples=18390
   iops        : min=  296, max=  730, avg=583.08, stdev= 1.91, samples=18390
  lat (usec)   : 20=0.01%, 50=0.01%
  lat (msec)   : 50=0.01%, 100=0.02%, 250=0.05%, 500=0.08%, 750=0.08%
  lat (msec)   : 1000=0.08%, 2000=0.32%, >=2000=99.33%
  cpu          : usr=0.05%, sys=0.35%, ctx=176206, majf=0, minf=9440
  IO depths    : 1=0.1%, 2=0.1%, 4=0.1%, 8=0.1%, 16=0.3%, 32=0.6%, >=64=98.9%
     submit    : 0=0.0%, 4=100.0%, 8=0.0%, 16=0.0%, 32=0.0%, 64=0.0%, >=64=0.0%
     complete  : 0=0.0%, 4=100.0%, 8=0.0%, 16=0.0%, 32=0.0%, 64=0.0%, >=64=0.1%
     issued rwts: total=175954,0,0,0 short=0,0,0,0 dropped=0,0,0,0
     latency   : target=0, window=0, percentile=100.00%, depth=256

Run status group 0 (all jobs):
   READ: bw=2345KiB/s (2402kB/s), 2345KiB/s-2345KiB/s (2402kB/s-2402kB/s), io=687MiB (721MB), run=300098-300098msec
