test: (g=0): rw=read, bs=(R) 4096B-4096B, (W) 4096B-4096B, (T) 4096B-4096B, ioengine=libaio, iodepth=256
...
fio-3.27
Starting 32 processes

test: (groupid=0, jobs=32): err= 0: pid=246618: Fri Jul 16 04:05:16 2021
  read: IOPS=36.3k, BW=142MiB/s (149MB/s)(41.6GiB/300047msec)
    slat (usec): min=10, max=386537, avg=867.66, stdev=3789.80
    clat (usec): min=13, max=14863k, avg=224150.12, stdev=750917.01
     lat (msec): min=3, max=14908, avg=225.02, stdev=753.77
    clat percentiles (msec):
     |  1.00th=[    5],  5.00th=[    5], 10.00th=[    5], 20.00th=[    6],
     | 30.00th=[    6], 40.00th=[    6], 50.00th=[    6], 60.00th=[    6],
     | 70.00th=[    6], 80.00th=[   17], 90.00th=[ 1368], 95.00th=[ 1720],
     | 99.00th=[ 3239], 99.50th=[ 4933], 99.90th=[ 7617], 99.95th=[ 8557],
     | 99.99th=[10671]
   bw (  KiB/s): min= 1368, max=3110536, per=100.00%, avg=148983.99, stdev=17696.73, samples=19089
   iops        : min=  342, max=777636, avg=37245.41, stdev=4424.18, samples=19089
  lat (usec)   : 20=0.01%, 50=0.01%
  lat (msec)   : 4=0.01%, 10=77.04%, 20=7.48%, 50=5.12%, 100=0.06%
  lat (msec)   : 250=0.02%, 500=0.02%, 750=0.02%, 1000=0.05%, 2000=7.53%
  lat (msec)   : >=2000=2.67%
  cpu          : usr=1.18%, sys=4.43%, ctx=1108006, majf=0, minf=9456
  IO depths    : 1=0.1%, 2=0.1%, 4=0.1%, 8=0.1%, 16=0.1%, 32=0.1%, >=64=100.0%
     submit    : 0=0.0%, 4=100.0%, 8=0.0%, 16=0.0%, 32=0.0%, 64=0.0%, >=64=0.0%
     complete  : 0=0.0%, 4=100.0%, 8=0.0%, 16=0.0%, 32=0.0%, 64=0.0%, >=64=0.1%
     issued rwts: total=10907003,0,0,0 short=0,0,0,0 dropped=0,0,0,0
     latency   : target=0, window=0, percentile=100.00%, depth=256

Run status group 0 (all jobs):
   READ: bw=142MiB/s (149MB/s), 142MiB/s-142MiB/s (149MB/s-149MB/s), io=41.6GiB (44.7GB), run=300047-300047msec
