readwrite: (g=0): rw=rw, bs=(R) 4096B-4096B, (W) 4096B-4096B, (T) 4096B-4096B, ioengine=libaio, iodepth=256
fio-3.27
Starting 1 process
readwrite: Laying out IO file (1 file / 1024MiB)

readwrite: (groupid=0, jobs=1): err= 0: pid=121251: Wed Jul 21 18:22:16 2021
  read: IOPS=7750, BW=30.3MiB/s (31.7MB/s)(9082MiB/300001msec)
    slat (usec): min=7, max=66158, avg=35.90, stdev=398.63
    clat (usec): min=90, max=962267, avg=16454.12, stdev=24434.50
     lat (usec): min=104, max=962279, avg=16490.84, stdev=24512.40
    clat percentiles (msec):
     |  1.00th=[   12],  5.00th=[   13], 10.00th=[   13], 20.00th=[   13],
     | 30.00th=[   13], 40.00th=[   13], 50.00th=[   14], 60.00th=[   14],
     | 70.00th=[   14], 80.00th=[   14], 90.00th=[   15], 95.00th=[   30],
     | 99.00th=[  118], 99.50th=[  136], 99.90th=[  188], 99.95th=[  275],
     | 99.99th=[  902]
   bw (  KiB/s): min=    8, max=42280, per=100.00%, avg=31325.13, stdev=12466.64, samples=593
   iops        : min=    2, max=10570, avg=7831.24, stdev=3116.64, samples=593
  write: IOPS=7744, BW=30.2MiB/s (31.7MB/s)(9075MiB/300001msec); 0 zone resets
    slat (usec): min=68, max=3938, avg=71.52, stdev=12.49
    clat (usec): min=11, max=962200, avg=16459.50, stdev=24299.28
     lat (usec): min=82, max=962274, avg=16532.12, stdev=24300.57
    clat percentiles (msec):
     |  1.00th=[   12],  5.00th=[   13], 10.00th=[   13], 20.00th=[   13],
     | 30.00th=[   13], 40.00th=[   13], 50.00th=[   14], 60.00th=[   14],
     | 70.00th=[   14], 80.00th=[   14], 90.00th=[   15], 95.00th=[   30],
     | 99.00th=[  118], 99.50th=[  138], 99.90th=[  190], 99.95th=[  275],
     | 99.99th=[  877]
   bw (  KiB/s): min=    8, max=41296, per=100.00%, avg=31301.57, stdev=12434.89, samples=593
   iops        : min=    2, max=10324, avg=7825.33, stdev=3108.69, samples=593
  lat (usec)   : 20=0.01%, 100=0.01%, 250=0.01%, 500=0.01%, 750=0.01%
  lat (usec)   : 1000=0.01%
  lat (msec)   : 2=0.01%, 4=0.01%, 10=0.01%, 20=94.70%, 50=2.99%
  lat (msec)   : 100=0.61%, 250=1.63%, 500=0.01%, 750=0.01%, 1000=0.04%
  cpu          : usr=14.95%, sys=73.16%, ctx=51073, majf=0, minf=43
  IO depths    : 1=0.1%, 2=0.1%, 4=0.1%, 8=0.1%, 16=0.1%, 32=0.1%, >=64=100.0%
     submit    : 0=0.0%, 4=100.0%, 8=0.0%, 16=0.0%, 32=0.0%, 64=0.0%, >=64=0.0%
     complete  : 0=0.0%, 4=100.0%, 8=0.0%, 16=0.0%, 32=0.0%, 64=0.0%, >=64=0.1%
     issued rwts: total=2325023,2323254,0,0 short=0,0,0,0 dropped=0,0,0,0
     latency   : target=0, window=0, percentile=100.00%, depth=256

Run status group 0 (all jobs):
   READ: bw=30.3MiB/s (31.7MB/s), 30.3MiB/s-30.3MiB/s (31.7MB/s-31.7MB/s), io=9082MiB (9523MB), run=300001-300001msec
  WRITE: bw=30.2MiB/s (31.7MB/s), 30.2MiB/s-30.2MiB/s (31.7MB/s-31.7MB/s), io=9075MiB (9516MB), run=300001-300001msec
