test: (g=0): rw=read, bs=(R) 4096B-4096B, (W) 4096B-4096B, (T) 4096B-4096B, ioengine=libaio, iodepth=256
fio-3.27
Starting 1 process
test: Laying out IO file (1 file / 1024MiB)

test: (groupid=0, jobs=1): err= 0: pid=23640: Tue Jul 20 15:21:47 2021
  read: IOPS=32.8k, BW=128MiB/s (134MB/s)(37.5GiB/300001msec)
    slat (usec): min=10, max=214787, avg=19.26, stdev=350.09
    clat (usec): min=10, max=961278, avg=7775.55, stdev=29319.11
     lat (usec): min=22, max=961332, avg=7795.61, stdev=29326.62
    clat percentiles (msec):
     |  1.00th=[    5],  5.00th=[    5], 10.00th=[    5], 20.00th=[    5],
     | 30.00th=[    5], 40.00th=[    6], 50.00th=[    6], 60.00th=[    6],
     | 70.00th=[    6], 80.00th=[    6], 90.00th=[   16], 95.00th=[   26],
     | 99.00th=[   27], 99.50th=[   27], 99.90th=[  321], 99.95th=[  919],
     | 99.99th=[  953]
   bw (  KiB/s): min=    8, max=165723, per=100.00%, avg=136442.36, stdev=49191.25, samples=576
   iops        : min=    2, max=41430, avg=34110.51, stdev=12297.82, samples=576
  lat (usec)   : 20=0.01%, 50=0.01%, 100=0.01%, 250=0.01%, 500=0.01%
  lat (usec)   : 750=0.01%, 1000=0.01%
  lat (msec)   : 2=0.01%, 4=0.01%, 10=89.24%, 20=4.67%, 50=5.90%
  lat (msec)   : 100=0.03%, 250=0.06%, 500=0.01%, 750=0.01%, 1000=0.10%
  cpu          : usr=27.39%, sys=70.54%, ctx=7596, majf=0, minf=294
  IO depths    : 1=0.1%, 2=0.1%, 4=0.1%, 8=0.1%, 16=0.1%, 32=0.1%, >=64=100.0%
     submit    : 0=0.0%, 4=100.0%, 8=0.0%, 16=0.0%, 32=0.0%, 64=0.0%, >=64=0.0%
     complete  : 0=0.0%, 4=100.0%, 8=0.0%, 16=0.0%, 32=0.0%, 64=0.0%, >=64=0.1%
     issued rwts: total=9838188,0,0,0 short=0,0,0,0 dropped=0,0,0,0
     latency   : target=0, window=0, percentile=100.00%, depth=256

Run status group 0 (all jobs):
   READ: bw=128MiB/s (134MB/s), 128MiB/s-128MiB/s (134MB/s-134MB/s), io=37.5GiB (40.3GB), run=300001-300001msec
