test: (g=0): rw=randread, bs=(R) 4096B-4096B, (W) 4096B-4096B, (T) 4096B-4096B, ioengine=libaio, iodepth=256
...
fio-3.27
Starting 32 processes
rand-read: Laying out IO file (1 file / 1024MiB)
rand-read: Laying out IO file (1 file / 1024MiB)
rand-read: Laying out IO file (1 file / 1024MiB)
rand-read: Laying out IO file (1 file / 1024MiB)
rand-read: Laying out IO file (1 file / 1024MiB)
rand-read: Laying out IO file (1 file / 1024MiB)
rand-read: Laying out IO file (1 file / 1024MiB)
rand-read: Laying out IO file (1 file / 1024MiB)
rand-read: Laying out IO file (1 file / 1024MiB)
rand-read: Laying out IO file (1 file / 1024MiB)
rand-read: Laying out IO file (1 file / 1024MiB)
rand-read: Laying out IO file (1 file / 1024MiB)
rand-read: Laying out IO file (1 file / 1024MiB)
rand-read: Laying out IO file (1 file / 1024MiB)
rand-read: Laying out IO file (1 file / 1024MiB)
rand-read: Laying out IO file (1 file / 1024MiB)

test: (groupid=0, jobs=32): err= 0: pid=179153: Tue Jul 20 11:42:03 2021
  read: IOPS=433, BW=1735KiB/s (1777kB/s)(509MiB/300061msec)
    slat (msec): min=5, max=392, avg=73.72, stdev=23.86
    clat (usec): min=15, max=29976k, avg=18292926.29, stdev=4094930.67
     lat (msec): min=6, max=30085, avg=18366.65, stdev=4103.73
    clat percentiles (msec):
     |  1.00th=[ 2702],  5.00th=[15234], 10.00th=[16174], 20.00th=[16576],
     | 30.00th=[16979], 40.00th=[17113], 50.00th=[17113], 60.00th=[17113],
     | 70.00th=[17113], 80.00th=[17113], 90.00th=[17113], 95.00th=[17113],
     | 99.00th=[17113], 99.50th=[17113], 99.90th=[17113], 99.95th=[17113],
     | 99.99th=[17113]
   bw (  KiB/s): min=  688, max= 2320, per=98.99%, avg=1718.01, stdev= 7.17, samples=18127
   iops        : min=  172, max=  580, avg=429.50, stdev= 1.79, samples=18127
  lat (usec)   : 20=0.01%, 50=0.02%
  lat (msec)   : 10=0.01%, 20=0.01%, 50=0.02%, 100=0.05%, 250=0.08%
  lat (msec)   : 500=0.10%, 750=0.09%, 1000=0.08%, 2000=0.32%, >=2000=99.23%
  cpu          : usr=0.04%, sys=0.26%, ctx=130400, majf=0, minf=9457
  IO depths    : 1=0.1%, 2=0.1%, 4=0.1%, 8=0.2%, 16=0.4%, 32=0.8%, >=64=98.5%
     submit    : 0=0.0%, 4=100.0%, 8=0.0%, 16=0.0%, 32=0.0%, 64=0.0%, >=64=0.0%
     complete  : 0=0.0%, 4=100.0%, 8=0.0%, 16=0.0%, 32=0.0%, 64=0.0%, >=64=0.1%
     issued rwts: total=130186,0,0,0 short=0,0,0,0 dropped=0,0,0,0
     latency   : target=0, window=0, percentile=100.00%, depth=256

Run status group 0 (all jobs):
   READ: bw=1735KiB/s (1777kB/s), 1735KiB/s-1735KiB/s (1777kB/s-1777kB/s), io=509MiB (533MB), run=300061-300061msec
