test: (g=0): rw=read, bs=(R) 4096B-4096B, (W) 4096B-4096B, (T) 4096B-4096B, ioengine=libaio, iodepth=256
...
fio-3.27
Starting 32 processes
seq-read: Laying out IO file (1 file / 1024MiB)
seq-read: Laying out IO file (1 file / 1024MiB)
seq-read: Laying out IO file (1 file / 1024MiB)
seq-read: Laying out IO file (1 file / 1024MiB)
seq-read: Laying out IO file (1 file / 1024MiB)
seq-read: Laying out IO file (1 file / 1024MiB)
seq-read: Laying out IO file (1 file / 1024MiB)
seq-read: Laying out IO file (1 file / 1024MiB)
seq-read: Laying out IO file (1 file / 1024MiB)
seq-read: Laying out IO file (1 file / 1024MiB)
seq-read: Laying out IO file (1 file / 1024MiB)
seq-read: Laying out IO file (1 file / 1024MiB)
seq-read: Laying out IO file (1 file / 1024MiB)
seq-read: Laying out IO file (1 file / 1024MiB)
seq-read: Laying out IO file (1 file / 1024MiB)
seq-read: Laying out IO file (1 file / 1024MiB)

test: (groupid=0, jobs=32): err= 0: pid=252632: Tue Jul 20 15:59:12 2021
  read: IOPS=24.5k, BW=95.7MiB/s (100MB/s)(28.0GiB/300034msec)
    slat (usec): min=10, max=1475.9k, avg=1294.27, stdev=8907.29
    clat (usec): min=10, max=34915k, avg=331892.67, stdev=1853832.06
     lat (usec): min=22, max=34944k, avg=333187.85, stdev=1860846.61
    clat percentiles (msec):
     |  1.00th=[    5],  5.00th=[    5], 10.00th=[    5], 20.00th=[    5],
     | 30.00th=[    5], 40.00th=[    5], 50.00th=[    6], 60.00th=[    6],
     | 70.00th=[    6], 80.00th=[    8], 90.00th=[   26], 95.00th=[ 2039],
     | 99.00th=[11208], 99.50th=[15234], 99.90th=[17113], 99.95th=[17113],
     | 99.99th=[17113]
   bw (  KiB/s): min=  528, max=3952440, per=100.00%, avg=99166.51, stdev=20090.15, samples=18924
   iops        : min=  132, max=988110, avg=24791.63, stdev=5022.54, samples=18924
  lat (usec)   : 20=0.01%, 50=0.01%, 100=0.01%, 250=0.01%, 500=0.01%
  lat (usec)   : 750=0.01%, 1000=0.01%
  lat (msec)   : 2=0.01%, 4=0.01%, 10=80.23%, 20=9.07%, 50=5.36%
  lat (msec)   : 100=0.06%, 250=0.03%, 500=0.01%, 750=0.01%, 1000=0.02%
  lat (msec)   : 2000=0.18%, >=2000=5.04%
  cpu          : usr=0.72%, sys=2.41%, ctx=373646, majf=0, minf=9475
  IO depths    : 1=0.1%, 2=0.1%, 4=0.1%, 8=0.1%, 16=0.1%, 32=0.1%, >=64=100.0%
     submit    : 0=0.0%, 4=100.0%, 8=0.0%, 16=0.0%, 32=0.0%, 64=0.0%, >=64=0.0%
     complete  : 0=0.0%, 4=100.0%, 8=0.0%, 16=0.0%, 32=0.0%, 64=0.0%, >=64=0.1%
     issued rwts: total=7350583,0,0,0 short=0,0,0,0 dropped=0,0,0,0
     latency   : target=0, window=0, percentile=100.00%, depth=256

Run status group 0 (all jobs):
   READ: bw=95.7MiB/s (100MB/s), 95.7MiB/s-95.7MiB/s (100MB/s-100MB/s), io=28.0GiB (30.1GB), run=300034-300034msec
