test: (g=0): rw=randread, bs=(R) 4096B-4096B, (W) 4096B-4096B, (T) 4096B-4096B, ioengine=libaio, iodepth=256
...
fio-3.27
Starting 32 processes
rand-read: Laying out IO file (1 file / 1024MiB)
rand-read: Laying out IO file (1 file / 1024MiB)
rand-read: Laying out IO file (1 file / 1024MiB)
rand-read: Laying out IO file (1 file / 1024MiB)
rand-read: Laying out IO file (1 file / 1024MiB)
rand-read: Laying out IO file (1 file / 1024MiB)
rand-read: Laying out IO file (1 file / 1024MiB)
rand-read: Laying out IO file (1 file / 1024MiB)
rand-read: Laying out IO file (1 file / 1024MiB)
rand-read: Laying out IO file (1 file / 1024MiB)
rand-read: Laying out IO file (1 file / 1024MiB)
rand-read: Laying out IO file (1 file / 1024MiB)
rand-read: Laying out IO file (1 file / 1024MiB)
rand-read: Laying out IO file (1 file / 1024MiB)
rand-read: Laying out IO file (1 file / 1024MiB)
rand-read: Laying out IO file (1 file / 1024MiB)

test: (groupid=0, jobs=32): err= 0: pid=201795: Mon Jul 19 22:26:18 2021
  read: IOPS=644, BW=2579KiB/s (2641kB/s)(756MiB/300059msec)
    slat (msec): min=5, max=326, avg=49.60, stdev=15.66
    clat (usec): min=16, max=15220k, avg=12395200.00, stdev=1728969.16
     lat (msec): min=8, max=15279, avg=12444.81, stdev=1730.65
    clat percentiles (msec):
     |  1.00th=[ 2735],  5.00th=[11476], 10.00th=[11745], 20.00th=[11879],
     | 30.00th=[12013], 40.00th=[12147], 50.00th=[12281], 60.00th=[12550],
     | 70.00th=[13087], 80.00th=[13489], 90.00th=[14026], 95.00th=[14160],
     | 99.00th=[14563], 99.50th=[14697], 99.90th=[14966], 99.95th=[15100],
     | 99.99th=[15100]
   bw (  KiB/s): min= 1224, max= 3256, per=99.82%, avg=2574.57, stdev= 8.65, samples=18383
   iops        : min=  306, max=  814, avg=643.64, stdev= 2.16, samples=18383
  lat (usec)   : 20=0.01%, 50=0.01%
  lat (msec)   : 10=0.01%, 20=0.01%, 50=0.02%, 100=0.03%, 250=0.09%
  lat (msec)   : 500=0.10%, 750=0.08%, 1000=0.08%, 2000=0.32%, >=2000=99.24%
  cpu          : usr=0.06%, sys=0.38%, ctx=193679, majf=0, minf=9444
  IO depths    : 1=0.1%, 2=0.1%, 4=0.1%, 8=0.1%, 16=0.3%, 32=0.5%, >=64=99.0%
     submit    : 0=0.0%, 4=100.0%, 8=0.0%, 16=0.0%, 32=0.0%, 64=0.0%, >=64=0.0%
     complete  : 0=0.0%, 4=100.0%, 8=0.0%, 16=0.0%, 32=0.0%, 64=0.0%, >=64=0.1%
     issued rwts: total=193439,0,0,0 short=0,0,0,0 dropped=0,0,0,0
     latency   : target=0, window=0, percentile=100.00%, depth=256

Run status group 0 (all jobs):
   READ: bw=2579KiB/s (2641kB/s), 2579KiB/s-2579KiB/s (2641kB/s-2641kB/s), io=756MiB (792MB), run=300059-300059msec
