test: (g=0): rw=read, bs=(R) 4096B-4096B, (W) 4096B-4096B, (T) 4096B-4096B, ioengine=libaio, iodepth=256
...
fio-3.27
Starting 2 processes
seq-read: Laying out IO file (1 file / 1024MiB)

test: (groupid=0, jobs=2): err= 0: pid=214338: Tue Jul 20 13:23:19 2021
  read: IOPS=35.0k, BW=137MiB/s (143MB/s)(40.0GiB/300006msec)
    slat (usec): min=10, max=221968, avg=45.84, stdev=551.50
    clat (usec): min=11, max=1832.7k, avg=14578.53, stdev=58745.59
     lat (usec): min=932, max=1834.0k, avg=14625.18, stdev=58916.25
    clat percentiles (msec):
     |  1.00th=[    5],  5.00th=[    5], 10.00th=[    5], 20.00th=[    5],
     | 30.00th=[    5], 40.00th=[    5], 50.00th=[    6], 60.00th=[    6],
     | 70.00th=[    6], 80.00th=[    6], 90.00th=[   16], 95.00th=[   26],
     | 99.00th=[  284], 99.50th=[  326], 99.90th=[  927], 99.95th=[  986],
     | 99.99th=[ 1368]
   bw (  KiB/s): min=  248, max=331544, per=100.00%, avg=146322.76, stdev=41153.42, samples=1168
   iops        : min=   62, max=82886, avg=36580.70, stdev=10288.35, samples=1168
  lat (usec)   : 20=0.01%, 50=0.01%, 1000=0.01%
  lat (msec)   : 2=0.01%, 4=0.01%, 10=87.01%, 20=4.77%, 50=5.76%
  lat (msec)   : 100=0.03%, 250=0.77%, 500=1.46%, 750=0.03%, 1000=0.13%
  lat (msec)   : 2000=0.04%
  cpu          : usr=14.98%, sys=41.88%, ctx=245658, majf=0, minf=589
  IO depths    : 1=0.1%, 2=0.1%, 4=0.1%, 8=0.1%, 16=0.1%, 32=0.1%, >=64=100.0%
     submit    : 0=0.0%, 4=100.0%, 8=0.0%, 16=0.0%, 32=0.0%, 64=0.0%, >=64=0.0%
     complete  : 0=0.0%, 4=100.0%, 8=0.0%, 16=0.0%, 32=0.0%, 64=0.0%, >=64=0.1%
     issued rwts: total=10489302,0,0,0 short=0,0,0,0 dropped=0,0,0,0
     latency   : target=0, window=0, percentile=100.00%, depth=256

Run status group 0 (all jobs):
   READ: bw=137MiB/s (143MB/s), 137MiB/s-137MiB/s (143MB/s-143MB/s), io=40.0GiB (43.0GB), run=300006-300006msec
