test: (g=0): rw=read, bs=(R) 4096B-4096B, (W) 4096B-4096B, (T) 4096B-4096B, ioengine=libaio, iodepth=256
...
fio-3.27
Starting 4 processes
seq-read: Laying out IO file (1 file / 1024MiB)
seq-read: Laying out IO file (1 file / 1024MiB)

test: (groupid=0, jobs=4): err= 0: pid=17622: Tue Jul 20 15:33:21 2021
  read: IOPS=32.1k, BW=125MiB/s (132MB/s)(36.8GiB/300014msec)
    slat (usec): min=10, max=296476, avg=113.16, stdev=1709.37
    clat (usec): min=21, max=11309k, avg=31742.11, stdev=280362.99
     lat (msec): min=4, max=11319, avg=31.86, stdev=281.33
    clat percentiles (msec):
     |  1.00th=[    5],  5.00th=[    5], 10.00th=[    5], 20.00th=[    5],
     | 30.00th=[    5], 40.00th=[    6], 50.00th=[    6], 60.00th=[    6],
     | 70.00th=[    6], 80.00th=[    6], 90.00th=[   17], 95.00th=[   26],
     | 99.00th=[  326], 99.50th=[ 2165], 99.90th=[ 4245], 99.95th=[ 5671],
     | 99.99th=[ 6946]
   bw (  KiB/s): min=   72, max=652504, per=100.00%, avg=133024.50, stdev=34107.73, samples=2373
   iops        : min=   18, max=163126, avg=33256.09, stdev=8526.94, samples=2373
  lat (usec)   : 50=0.01%
  lat (msec)   : 10=87.22%, 20=5.74%, 50=5.76%, 100=0.06%, 250=0.03%
  lat (msec)   : 500=0.22%, 750=0.01%, 1000=0.07%, 2000=0.34%, >=2000=0.56%
  cpu          : usr=6.90%, sys=18.96%, ctx=108113, majf=0, minf=1182
  IO depths    : 1=0.1%, 2=0.1%, 4=0.1%, 8=0.1%, 16=0.1%, 32=0.1%, >=64=100.0%
     submit    : 0=0.0%, 4=100.0%, 8=0.0%, 16=0.0%, 32=0.0%, 64=0.0%, >=64=0.0%
     complete  : 0=0.0%, 4=100.0%, 8=0.0%, 16=0.0%, 32=0.0%, 64=0.0%, >=64=0.1%
     issued rwts: total=9635837,0,0,0 short=0,0,0,0 dropped=0,0,0,0
     latency   : target=0, window=0, percentile=100.00%, depth=256

Run status group 0 (all jobs):
   READ: bw=125MiB/s (132MB/s), 125MiB/s-125MiB/s (132MB/s-132MB/s), io=36.8GiB (39.5GB), run=300014-300014msec
