test: (g=0): rw=read, bs=(R) 4096B-4096B, (W) 4096B-4096B, (T) 4096B-4096B, ioengine=libaio, iodepth=256
...
fio-3.27
Starting 2 processes
seq-read: Laying out IO file (1 file / 1024MiB)

test: (groupid=0, jobs=2): err= 0: pid=209699: Tue Jul 20 14:24:35 2021
  read: IOPS=34.0k, BW=133MiB/s (139MB/s)(38.9GiB/300001msec)
    slat (usec): min=10, max=116343, avg=47.53, stdev=597.61
    clat (usec): min=10, max=3172.0k, avg=14997.64, stdev=70053.48
     lat (usec): min=22, max=3174.5k, avg=15045.95, stdev=70274.20
    clat percentiles (msec):
     |  1.00th=[    5],  5.00th=[    5], 10.00th=[    5], 20.00th=[    5],
     | 30.00th=[    5], 40.00th=[    5], 50.00th=[    5], 60.00th=[    5],
     | 70.00th=[    6], 80.00th=[    6], 90.00th=[   16], 95.00th=[   26],
     | 99.00th=[  388], 99.50th=[  584], 99.90th=[  936], 99.95th=[  969],
     | 99.99th=[ 1133]
   bw (  KiB/s): min=   24, max=329200, per=100.00%, avg=141009.26, stdev=38504.09, samples=1176
   iops        : min=    6, max=82300, avg=35252.33, stdev=9626.04, samples=1176
  lat (usec)   : 20=0.01%, 50=0.01%, 100=0.01%, 250=0.01%, 500=0.01%
  lat (usec)   : 750=0.01%, 1000=0.01%
  lat (msec)   : 2=0.01%, 4=0.01%, 10=87.43%, 20=5.07%, 50=5.78%
  lat (msec)   : 100=0.05%, 250=0.12%, 500=0.89%, 750=0.40%, 1000=0.22%
  lat (msec)   : 2000=0.03%, >=2000=0.01%
  cpu          : usr=14.31%, sys=40.05%, ctx=160865, majf=0, minf=590
  IO depths    : 1=0.1%, 2=0.1%, 4=0.1%, 8=0.1%, 16=0.1%, 32=0.1%, >=64=100.0%
     submit    : 0=0.0%, 4=100.0%, 8=0.0%, 16=0.0%, 32=0.0%, 64=0.0%, >=64=0.0%
     complete  : 0=0.0%, 4=100.0%, 8=0.0%, 16=0.0%, 32=0.0%, 64=0.0%, >=64=0.1%
     issued rwts: total=10199068,0,0,0 short=0,0,0,0 dropped=0,0,0,0
     latency   : target=0, window=0, percentile=100.00%, depth=256

Run status group 0 (all jobs):
   READ: bw=133MiB/s (139MB/s), 133MiB/s-133MiB/s (139MB/s-139MB/s), io=38.9GiB (41.8GB), run=300001-300001msec
