test: (g=0): rw=read, bs=(R) 4096B-4096B, (W) 4096B-4096B, (T) 4096B-4096B, ioengine=libaio, iodepth=256
...
fio-3.27
Starting 8 processes

test: (groupid=0, jobs=8): err= 0: pid=254057: Fri Jul 16 04:00:12 2021
  read: IOPS=36.1k, BW=141MiB/s (148MB/s)(41.3GiB/300001msec)
    slat (usec): min=10, max=581734, avg=209.66, stdev=1539.55
    clat (usec): min=11, max=8576.9k, avg=56533.42, stdev=207871.29
     lat (usec): min=23, max=8631.3k, avg=56744.02, stdev=208622.80
    clat percentiles (msec):
     |  1.00th=[    5],  5.00th=[    5], 10.00th=[    5], 20.00th=[    5],
     | 30.00th=[    6], 40.00th=[    6], 50.00th=[    6], 60.00th=[    6],
     | 70.00th=[    6], 80.00th=[   17], 90.00th=[  194], 95.00th=[  418],
     | 99.00th=[  642], 99.50th=[  869], 99.90th=[ 2702], 99.95th=[ 3876],
     | 99.99th=[ 6275]
   bw (  KiB/s): min=  392, max=1062368, per=100.00%, avg=147799.47, stdev=31929.70, samples=4766
   iops        : min=   98, max=265592, avg=36949.73, stdev=7982.44, samples=4766
  lat (usec)   : 20=0.01%, 50=0.01%, 100=0.01%, 250=0.01%, 500=0.01%
  lat (usec)   : 750=0.01%, 1000=0.01%
  lat (msec)   : 2=0.01%, 4=0.01%, 10=78.47%, 20=6.20%, 50=5.21%
  lat (msec)   : 100=0.06%, 250=0.43%, 500=6.80%, 750=2.18%, 1000=0.30%
  lat (msec)   : 2000=0.21%, >=2000=0.14%
  cpu          : usr=4.35%, sys=15.67%, ctx=1075781, majf=0, minf=2364
  IO depths    : 1=0.1%, 2=0.1%, 4=0.1%, 8=0.1%, 16=0.1%, 32=0.1%, >=64=100.0%
     submit    : 0=0.0%, 4=100.0%, 8=0.0%, 16=0.0%, 32=0.0%, 64=0.0%, >=64=0.0%
     complete  : 0=0.0%, 4=100.0%, 8=0.0%, 16=0.0%, 32=0.0%, 64=0.0%, >=64=0.1%
     issued rwts: total=10818522,0,0,0 short=0,0,0,0 dropped=0,0,0,0
     latency   : target=0, window=0, percentile=100.00%, depth=256

Run status group 0 (all jobs):
   READ: bw=141MiB/s (148MB/s), 141MiB/s-141MiB/s (148MB/s-148MB/s), io=41.3GiB (44.3GB), run=300001-300001msec
