test: (g=0): rw=read, bs=(R) 4096B-4096B, (W) 4096B-4096B, (T) 4096B-4096B, ioengine=libaio, iodepth=256
fio-3.27
Starting 1 process
test: Laying out IO file (1 file / 1024MiB)

test: (groupid=0, jobs=1): err= 0: pid=11051: Tue Jul 20 15:21:47 2021
  read: IOPS=32.9k, BW=129MiB/s (135MB/s)(37.7GiB/300001msec)
    slat (usec): min=10, max=125418, avg=19.24, stdev=344.92
    clat (usec): min=10, max=1026.0k, avg=7748.46, stdev=29085.32
     lat (usec): min=23, max=1026.1k, avg=7768.50, stdev=29091.75
    clat percentiles (msec):
     |  1.00th=[    5],  5.00th=[    5], 10.00th=[    5], 20.00th=[    5],
     | 30.00th=[    5], 40.00th=[    5], 50.00th=[    6], 60.00th=[    6],
     | 70.00th=[    6], 80.00th=[    6], 90.00th=[   16], 95.00th=[   26],
     | 99.00th=[   27], 99.50th=[   27], 99.90th=[  220], 99.95th=[  919],
     | 99.99th=[  944]
   bw (  KiB/s): min=    8, max=164168, per=100.00%, avg=136962.72, stdev=48902.03, samples=576
   iops        : min=    2, max=41042, avg=34240.67, stdev=12225.50, samples=576
  lat (usec)   : 20=0.01%, 50=0.01%, 100=0.01%, 250=0.01%, 500=0.01%
  lat (usec)   : 750=0.01%, 1000=0.01%
  lat (msec)   : 2=0.01%, 4=0.01%, 10=89.26%, 20=4.64%, 50=5.91%
  lat (msec)   : 100=0.03%, 250=0.06%, 500=0.01%, 1000=0.09%, 2000=0.01%
  cpu          : usr=27.37%, sys=70.77%, ctx=7585, majf=0, minf=294
  IO depths    : 1=0.1%, 2=0.1%, 4=0.1%, 8=0.1%, 16=0.1%, 32=0.1%, >=64=100.0%
     submit    : 0=0.0%, 4=100.0%, 8=0.0%, 16=0.0%, 32=0.0%, 64=0.0%, >=64=0.0%
     complete  : 0=0.0%, 4=100.0%, 8=0.0%, 16=0.0%, 32=0.0%, 64=0.0%, >=64=0.1%
     issued rwts: total=9872325,0,0,0 short=0,0,0,0 dropped=0,0,0,0
     latency   : target=0, window=0, percentile=100.00%, depth=256

Run status group 0 (all jobs):
   READ: bw=129MiB/s (135MB/s), 129MiB/s-129MiB/s (135MB/s-135MB/s), io=37.7GiB (40.4GB), run=300001-300001msec
