readwrite: (g=0): rw=rw, bs=(R) 4096B-4096B, (W) 4096B-4096B, (T) 4096B-4096B, ioengine=libaio, iodepth=256
...
fio-3.27
Starting 8 processes
readwrite: Laying out IO file (1 file / 1024MiB)
readwrite: Laying out IO file (1 file / 1024MiB)
readwrite: Laying out IO file (1 file / 1024MiB)
readwrite: Laying out IO file (1 file / 1024MiB)

readwrite: (groupid=0, jobs=8): err= 0: pid=25935: Wed Jul 21 17:40:49 2021
  read: IOPS=30.9k, BW=121MiB/s (127MB/s)(35.5GiB/300634msec)
    slat (usec): min=7, max=484485, avg=158.21, stdev=2596.78
    clat (usec): min=12, max=18184k, avg=33008.70, stdev=191801.33
     lat (usec): min=104, max=18221k, avg=33167.65, stdev=193138.39
    clat percentiles (msec):
     |  1.00th=[   12],  5.00th=[   13], 10.00th=[   13], 20.00th=[   14],
     | 30.00th=[   14], 40.00th=[   14], 50.00th=[   14], 60.00th=[   14],
     | 70.00th=[   15], 80.00th=[   15], 90.00th=[   15], 95.00th=[   19],
     | 99.00th=[  835], 99.50th=[ 1250], 99.90th=[ 2500], 99.95th=[ 3138],
     | 99.99th=[ 5403]
   bw (  KiB/s): min=   96, max=328480, per=100.00%, avg=124640.08, stdev=15779.53, samples=4770
   iops        : min=   24, max=82120, avg=31159.78, stdev=3944.87, samples=4770
  write: IOPS=30.9k, BW=121MiB/s (127MB/s)(35.5GiB/300634msec); 0 zone resets
    slat (usec): min=68, max=190347, avg=78.52, stdev=71.14
    clat (usec): min=11, max=18184k, avg=32784.71, stdev=187795.15
     lat (usec): min=83, max=18184k, avg=32864.33, stdev=187797.14
    clat percentiles (msec):
     |  1.00th=[   12],  5.00th=[   13], 10.00th=[   13], 20.00th=[   14],
     | 30.00th=[   14], 40.00th=[   14], 50.00th=[   14], 60.00th=[   14],
     | 70.00th=[   15], 80.00th=[   15], 90.00th=[   15], 95.00th=[   19],
     | 99.00th=[  827], 99.50th=[ 1250], 99.90th=[ 2467], 99.95th=[ 3104],
     | 99.99th=[ 5403]
   bw (  KiB/s): min=  120, max=325689, per=100.00%, avg=124660.98, stdev=15782.92, samples=4767
   iops        : min=   30, max=81422, avg=31164.99, stdev=3945.72, samples=4767
  lat (usec)   : 20=0.01%, 50=0.01%, 100=0.01%, 250=0.01%, 500=0.01%
  lat (usec)   : 750=0.01%, 1000=0.01%
  lat (msec)   : 2=0.01%, 4=0.01%, 10=0.01%, 20=96.99%, 50=1.31%
  lat (msec)   : 100=0.07%, 250=0.08%, 500=0.13%, 750=0.30%, 1000=0.35%
  lat (msec)   : 2000=0.60%, >=2000=0.18%
  cpu          : usr=7.44%, sys=37.26%, ctx=141438, majf=0, minf=362
  IO depths    : 1=0.1%, 2=0.1%, 4=0.1%, 8=0.1%, 16=0.1%, 32=0.1%, >=64=100.0%
     submit    : 0=0.0%, 4=100.0%, 8=0.0%, 16=0.0%, 32=0.0%, 64=0.0%, >=64=0.0%
     complete  : 0=0.0%, 4=100.0%, 8=0.0%, 16=0.0%, 32=0.0%, 64=0.0%, >=64=0.1%
     issued rwts: total=9303046,9302572,0,0 short=0,0,0,0 dropped=0,0,0,0
     latency   : target=0, window=0, percentile=100.00%, depth=256

Run status group 0 (all jobs):
   READ: bw=121MiB/s (127MB/s), 121MiB/s-121MiB/s (127MB/s-127MB/s), io=35.5GiB (38.1GB), run=300634-300634msec
  WRITE: bw=121MiB/s (127MB/s), 121MiB/s-121MiB/s (127MB/s-127MB/s), io=35.5GiB (38.1GB), run=300634-300634msec
