test: (g=0): rw=read, bs=(R) 4096B-4096B, (W) 4096B-4096B, (T) 4096B-4096B, ioengine=libaio, iodepth=256
...
fio-3.27
Starting 32 processes
seq-read: Laying out IO file (1 file / 1024MiB)
seq-read: Laying out IO file (1 file / 1024MiB)
seq-read: Laying out IO file (1 file / 1024MiB)
seq-read: Laying out IO file (1 file / 1024MiB)
seq-read: Laying out IO file (1 file / 1024MiB)
seq-read: Laying out IO file (1 file / 1024MiB)
seq-read: Laying out IO file (1 file / 1024MiB)
seq-read: Laying out IO file (1 file / 1024MiB)
seq-read: Laying out IO file (1 file / 1024MiB)
seq-read: Laying out IO file (1 file / 1024MiB)
seq-read: Laying out IO file (1 file / 1024MiB)
seq-read: Laying out IO file (1 file / 1024MiB)
seq-read: Laying out IO file (1 file / 1024MiB)
seq-read: Laying out IO file (1 file / 1024MiB)
seq-read: Laying out IO file (1 file / 1024MiB)
seq-read: Laying out IO file (1 file / 1024MiB)

test: (groupid=0, jobs=32): err= 0: pid=239649: Fri Jul 16 03:23:12 2021
  read: IOPS=41.8k, BW=163MiB/s (171MB/s)(47.9GiB/300148msec)
    slat (usec): min=10, max=361532, avg=751.47, stdev=3903.29
    clat (usec): min=12, max=21963k, avg=194612.98, stdev=687621.02
     lat (usec): min=831, max=22063k, avg=195365.54, stdev=690217.83
    clat percentiles (msec):
     |  1.00th=[    5],  5.00th=[    5], 10.00th=[    6], 20.00th=[    6],
     | 30.00th=[    6], 40.00th=[    6], 50.00th=[    6], 60.00th=[    6],
     | 70.00th=[    6], 80.00th=[   17], 90.00th=[  877], 95.00th=[ 1284],
     | 99.00th=[ 2970], 99.50th=[ 4732], 99.90th=[ 7416], 99.95th=[ 8490],
     | 99.99th=[15503]
   bw (  KiB/s): min= 1184, max=3741736, per=100.00%, avg=171425.21, stdev=20748.45, samples=19083
   iops        : min=  296, max=935434, avg=42854.83, stdev=5187.11, samples=19083
  lat (usec)   : 20=0.01%, 50=0.01%, 1000=0.01%
  lat (msec)   : 2=0.01%, 4=0.01%, 10=75.75%, 20=6.96%, 50=5.05%
  lat (msec)   : 100=0.08%, 250=0.02%, 500=0.32%, 750=0.77%, 1000=2.81%
  lat (msec)   : 2000=6.54%, >=2000=1.72%
  cpu          : usr=1.41%, sys=5.42%, ctx=1510934, majf=0, minf=9461
  IO depths    : 1=0.1%, 2=0.1%, 4=0.1%, 8=0.1%, 16=0.1%, 32=0.1%, >=64=100.0%
     submit    : 0=0.0%, 4=100.0%, 8=0.0%, 16=0.0%, 32=0.0%, 64=0.0%, >=64=0.0%
     complete  : 0=0.0%, 4=100.0%, 8=0.0%, 16=0.0%, 32=0.0%, 64=0.0%, >=64=0.1%
     issued rwts: total=12558863,0,0,0 short=0,0,0,0 dropped=0,0,0,0
     latency   : target=0, window=0, percentile=100.00%, depth=256

Run status group 0 (all jobs):
   READ: bw=163MiB/s (171MB/s), 163MiB/s-163MiB/s (171MB/s-171MB/s), io=47.9GiB (51.4GB), run=300148-300148msec
