readwrite: (g=0): rw=rw, bs=(R) 4096B-4096B, (W) 4096B-4096B, (T) 4096B-4096B, ioengine=libaio, iodepth=256
fio-3.27
Starting 1 process
readwrite: Laying out IO file (1 file / 1024MiB)

readwrite: (groupid=0, jobs=1): err= 0: pid=56683: Wed Jul 21 17:22:44 2021
  read: IOPS=9011, BW=35.2MiB/s (36.9MB/s)(10.3GiB/300001msec)
    slat (usec): min=7, max=53269, avg=18.17, stdev=334.35
    clat (usec): min=10, max=935507, avg=14162.80, stdev=19495.81
     lat (usec): min=22, max=935518, avg=14181.75, stdev=19500.22
    clat percentiles (msec):
     |  1.00th=[   12],  5.00th=[   13], 10.00th=[   13], 20.00th=[   13],
     | 30.00th=[   13], 40.00th=[   13], 50.00th=[   14], 60.00th=[   14],
     | 70.00th=[   14], 80.00th=[   14], 90.00th=[   14], 95.00th=[   15],
     | 99.00th=[   35], 99.50th=[   35], 99.90th=[   93], 99.95th=[  300],
     | 99.99th=[  894]
   bw (  KiB/s): min=   40, max=42592, per=100.00%, avg=36373.25, stdev=5496.45, samples=594
   iops        : min=   10, max=10648, avg=9093.30, stdev=1374.11, samples=594
  write: IOPS=9003, BW=35.2MiB/s (36.9MB/s)(10.3GiB/300001msec); 0 zone resets
    slat (usec): min=67, max=4795, avg=71.01, stdev=14.08
    clat (usec): min=53, max=935436, avg=14151.55, stdev=19179.82
     lat (usec): min=124, max=935507, avg=14223.66, stdev=19179.91
    clat percentiles (msec):
     |  1.00th=[   12],  5.00th=[   13], 10.00th=[   13], 20.00th=[   13],
     | 30.00th=[   13], 40.00th=[   13], 50.00th=[   14], 60.00th=[   14],
     | 70.00th=[   14], 80.00th=[   14], 90.00th=[   14], 95.00th=[   15],
     | 99.00th=[   35], 99.50th=[   35], 99.90th=[   92], 99.95th=[  300],
     | 99.99th=[  894]
   bw (  KiB/s): min=   32, max=41528, per=100.00%, avg=36343.18, stdev=5434.84, samples=594
   iops        : min=    8, max=10382, avg=9085.77, stdev=1358.71, samples=594
  lat (usec)   : 20=0.01%, 50=0.01%, 100=0.01%, 250=0.01%, 500=0.01%
  lat (usec)   : 750=0.01%, 1000=0.01%
  lat (msec)   : 2=0.01%, 4=0.01%, 10=0.01%, 20=96.86%, 50=3.01%
  lat (msec)   : 100=0.04%, 250=0.03%, 500=0.01%, 750=0.01%, 1000=0.05%
  cpu          : usr=17.14%, sys=82.66%, ctx=732, majf=0, minf=44
  IO depths    : 1=0.1%, 2=0.1%, 4=0.1%, 8=0.1%, 16=0.1%, 32=0.1%, >=64=100.0%
     submit    : 0=0.0%, 4=100.0%, 8=0.0%, 16=0.0%, 32=0.0%, 64=0.0%, >=64=0.0%
     complete  : 0=0.0%, 4=100.0%, 8=0.0%, 16=0.0%, 32=0.0%, 64=0.0%, >=64=0.1%
     issued rwts: total=2703313,2701166,0,0 short=0,0,0,0 dropped=0,0,0,0
     latency   : target=0, window=0, percentile=100.00%, depth=256

Run status group 0 (all jobs):
   READ: bw=35.2MiB/s (36.9MB/s), 35.2MiB/s-35.2MiB/s (36.9MB/s-36.9MB/s), io=10.3GiB (11.1GB), run=300001-300001msec
  WRITE: bw=35.2MiB/s (36.9MB/s), 35.2MiB/s-35.2MiB/s (36.9MB/s-36.9MB/s), io=10.3GiB (11.1GB), run=300001-300001msec
