test: (g=0): rw=randread, bs=(R) 4096B-4096B, (W) 4096B-4096B, (T) 4096B-4096B, ioengine=libaio, iodepth=256
...
fio-3.27
Starting 16 processes
rand-read: Laying out IO file (1 file / 1024MiB)
rand-read: Laying out IO file (1 file / 1024MiB)
rand-read: Laying out IO file (1 file / 1024MiB)
rand-read: Laying out IO file (1 file / 1024MiB)
rand-read: Laying out IO file (1 file / 1024MiB)
rand-read: Laying out IO file (1 file / 1024MiB)
rand-read: Laying out IO file (1 file / 1024MiB)
rand-read: Laying out IO file (1 file / 1024MiB)

test: (groupid=0, jobs=16): err= 0: pid=164615: Mon Jul 19 19:22:04 2021
  read: IOPS=1123, BW=4494KiB/s (4602kB/s)(1317MiB/300041msec)
    slat (usec): min=459, max=310397, avg=14214.87, stdev=12103.22
    clat (usec): min=12, max=6327.0k, avg=3609572.01, stdev=872390.50
     lat (msec): min=3, max=6342, avg=3623.79, stdev=875.43
    clat percentiles (msec):
     |  1.00th=[ 2567],  5.00th=[ 2735], 10.00th=[ 2802], 20.00th=[ 2903],
     | 30.00th=[ 2970], 40.00th=[ 3071], 50.00th=[ 3205], 60.00th=[ 3473],
     | 70.00th=[ 4329], 80.00th=[ 4597], 90.00th=[ 4866], 95.00th=[ 5134],
     | 99.00th=[ 5604], 99.50th=[ 5738], 99.90th=[ 5873], 99.95th=[ 5940],
     | 99.99th=[ 6208]
   bw (  KiB/s): min= 1528, max= 7568, per=99.97%, avg=4493.03, stdev=73.41, samples=9479
   iops        : min=  382, max= 1892, avg=1123.26, stdev=18.35, samples=9479
  lat (usec)   : 20=0.01%, 50=0.01%
  lat (msec)   : 4=0.01%, 10=0.01%, 20=0.01%, 50=0.01%, 100=0.02%
  lat (msec)   : 250=0.05%, 500=0.06%, 750=0.06%, 1000=0.07%, 2000=0.27%
  lat (msec)   : >=2000=99.46%
  cpu          : usr=0.19%, sys=1.20%, ctx=337298, majf=0, minf=4723
  IO depths    : 1=0.1%, 2=0.1%, 4=0.1%, 8=0.1%, 16=0.1%, 32=0.2%, >=64=99.7%
     submit    : 0=0.0%, 4=100.0%, 8=0.0%, 16=0.0%, 32=0.0%, 64=0.0%, >=64=0.0%
     complete  : 0=0.0%, 4=100.0%, 8=0.0%, 16=0.0%, 32=0.0%, 64=0.0%, >=64=0.1%
     issued rwts: total=337121,0,0,0 short=0,0,0,0 dropped=0,0,0,0
     latency   : target=0, window=0, percentile=100.00%, depth=256

Run status group 0 (all jobs):
   READ: bw=4494KiB/s (4602kB/s), 4494KiB/s-4494KiB/s (4602kB/s-4602kB/s), io=1317MiB (1381MB), run=300041-300041msec
