test: (g=0): rw=read, bs=(R) 4096B-4096B, (W) 4096B-4096B, (T) 4096B-4096B, ioengine=libaio, iodepth=256
fio-3.27
Starting 1 process
test: Laying out IO file (1 file / 1024MiB)

test: (groupid=0, jobs=1): err= 0: pid=13307: Tue Jul 20 15:21:46 2021
  read: IOPS=33.2k, BW=130MiB/s (136MB/s)(38.0GiB/300001msec)
    slat (usec): min=10, max=85127, avg=19.00, stdev=340.18
    clat (usec): min=10, max=959922, avg=7678.22, stdev=29021.25
     lat (usec): min=22, max=959976, avg=7697.99, stdev=29027.95
    clat percentiles (msec):
     |  1.00th=[    5],  5.00th=[    5], 10.00th=[    5], 20.00th=[    5],
     | 30.00th=[    5], 40.00th=[    5], 50.00th=[    5], 60.00th=[    5],
     | 70.00th=[    5], 80.00th=[    6], 90.00th=[   16], 95.00th=[   26],
     | 99.00th=[   26], 99.50th=[   26], 99.90th=[  255], 99.95th=[  902],
     | 99.99th=[  944]
   bw (  KiB/s): min=   16, max=166608, per=100.00%, avg=138397.34, stdev=49855.97, samples=576
   iops        : min=    4, max=41652, avg=34599.27, stdev=12463.98, samples=576
  lat (usec)   : 20=0.01%, 50=0.01%, 100=0.01%, 250=0.01%, 500=0.01%
  lat (usec)   : 750=0.01%, 1000=0.01%
  lat (msec)   : 2=0.01%, 4=0.01%, 10=89.19%, 20=4.72%, 50=5.92%
  lat (msec)   : 100=0.02%, 250=0.06%, 500=0.01%, 1000=0.10%
  cpu          : usr=27.73%, sys=70.26%, ctx=7649, majf=0, minf=294
  IO depths    : 1=0.1%, 2=0.1%, 4=0.1%, 8=0.1%, 16=0.1%, 32=0.1%, >=64=100.0%
     submit    : 0=0.0%, 4=100.0%, 8=0.0%, 16=0.0%, 32=0.0%, 64=0.0%, >=64=0.0%
     complete  : 0=0.0%, 4=100.0%, 8=0.0%, 16=0.0%, 32=0.0%, 64=0.0%, >=64=0.1%
     issued rwts: total=9962730,0,0,0 short=0,0,0,0 dropped=0,0,0,0
     latency   : target=0, window=0, percentile=100.00%, depth=256

Run status group 0 (all jobs):
   READ: bw=130MiB/s (136MB/s), 130MiB/s-130MiB/s (136MB/s-136MB/s), io=38.0GiB (40.8GB), run=300001-300001msec
