readwrite: (g=0): rw=rw, bs=(R) 4096B-4096B, (W) 4096B-4096B, (T) 4096B-4096B, ioengine=libaio, iodepth=256
fio-3.27
Starting 1 process

readwrite: (groupid=0, jobs=1): err= 0: pid=60148: Wed Jul 21 16:29:51 2021
  read: IOPS=1756, BW=7024KiB/s (7193kB/s)(2058MiB/300001msec)
    slat (usec): min=7, max=846533, avg=467.79, stdev=3921.28
    clat (usec): min=25, max=3371.6k, avg=72540.52, stdev=252451.22
     lat (msec): min=11, max=3428, avg=73.01, stdev=254.28
    clat percentiles (msec):
     |  1.00th=[   12],  5.00th=[   13], 10.00th=[   13], 20.00th=[   14],
     | 30.00th=[   14], 40.00th=[   18], 50.00th=[   19], 60.00th=[   19],
     | 70.00th=[   19], 80.00th=[   19], 90.00th=[   35], 95.00th=[  326],
     | 99.00th=[ 1469], 99.50th=[ 1804], 99.90th=[ 2433], 99.95th=[ 2601],
     | 99.99th=[ 2970]
   bw (  KiB/s): min=   16, max=40560, per=100.00%, avg=7043.65, stdev=11881.72, samples=598
   iops        : min=    4, max=10140, avg=1760.91, stdev=2970.43, samples=598
  write: IOPS=1754, BW=7017KiB/s (7185kB/s)(2056MiB/300001msec); 0 zone resets
    slat (usec): min=68, max=115228, avg=81.37, stdev=574.08
    clat (msec): min=11, max=3324, avg=72.61, stdev=252.79
     lat (msec): min=11, max=3324, avg=72.69, stdev=252.80
    clat percentiles (msec):
     |  1.00th=[   12],  5.00th=[   13], 10.00th=[   13], 20.00th=[   14],
     | 30.00th=[   14], 40.00th=[   18], 50.00th=[   19], 60.00th=[   19],
     | 70.00th=[   19], 80.00th=[   19], 90.00th=[   35], 95.00th=[  321],
     | 99.00th=[ 1469], 99.50th=[ 1821], 99.90th=[ 2433], 99.95th=[ 2567],
     | 99.99th=[ 2970]
   bw (  KiB/s): min=   24, max=41080, per=100.00%, avg=7047.84, stdev=11886.98, samples=597
   iops        : min=    6, max=10270, avg=1761.96, stdev=2971.74, samples=597
  lat (usec)   : 50=0.01%
  lat (msec)   : 20=87.28%, 50=3.52%, 100=1.54%, 250=2.31%, 500=1.15%
  lat (msec)   : 750=1.04%, 1000=0.98%, 2000=1.86%, >=2000=0.31%
  cpu          : usr=3.65%, sys=21.54%, ctx=35117, majf=0, minf=42
  IO depths    : 1=0.1%, 2=0.1%, 4=0.1%, 8=0.1%, 16=0.1%, 32=0.1%, >=64=100.0%
     submit    : 0=0.0%, 4=100.0%, 8=0.0%, 16=0.0%, 32=0.0%, 64=0.0%, >=64=0.0%
     complete  : 0=0.0%, 4=100.0%, 8=0.0%, 16=0.0%, 32=0.0%, 64=0.0%, >=64=0.1%
     issued rwts: total=526811,526259,0,0 short=0,0,0,0 dropped=0,0,0,0
     latency   : target=0, window=0, percentile=100.00%, depth=256

Run status group 0 (all jobs):
   READ: bw=7024KiB/s (7193kB/s), 7024KiB/s-7024KiB/s (7193kB/s-7193kB/s), io=2058MiB (2158MB), run=300001-300001msec
  WRITE: bw=7017KiB/s (7185kB/s), 7017KiB/s-7017KiB/s (7185kB/s-7185kB/s), io=2056MiB (2156MB), run=300001-300001msec
