test: (g=0): rw=randread, bs=(R) 4096B-4096B, (W) 4096B-4096B, (T) 4096B-4096B, ioengine=libaio, iodepth=256
...
fio-3.27
Starting 2 processes
rand-read: Laying out IO file (1 file / 1024MiB)

test: (groupid=0, jobs=2): err= 0: pid=130442: Tue Jul 20 11:10:51 2021
  read: IOPS=288, BW=1153KiB/s (1181kB/s)(338MiB/300004msec)
    slat (usec): min=453, max=389031, avg=6918.26, stdev=4781.74
    clat (usec): min=17, max=2285.8k, avg=1764130.53, stdev=115826.64
     lat (msec): min=6, max=2289, avg=1771.05, stdev=115.96
    clat percentiles (msec):
     |  1.00th=[ 1586],  5.00th=[ 1636], 10.00th=[ 1670], 20.00th=[ 1703],
     | 30.00th=[ 1720], 40.00th=[ 1754], 50.00th=[ 1770], 60.00th=[ 1787],
     | 70.00th=[ 1804], 80.00th=[ 1838], 90.00th=[ 1871], 95.00th=[ 1905],
     | 99.00th=[ 1972], 99.50th=[ 2005], 99.90th=[ 2232], 99.95th=[ 2232],
     | 99.99th=[ 2265]
   bw (  KiB/s): min=  280, max= 1441, per=99.93%, avg=1152.46, stdev=51.61, samples=1192
   iops        : min=   70, max=  360, avg=288.06, stdev=12.90, samples=1192
  lat (usec)   : 20=0.01%, 50=0.01%
  lat (msec)   : 10=0.01%, 20=0.01%, 50=0.01%, 100=0.02%, 250=0.06%
  lat (msec)   : 500=0.09%, 750=0.08%, 1000=0.09%, 2000=99.11%, >=2000=0.53%
  cpu          : usr=0.34%, sys=2.22%, ctx=86484, majf=0, minf=589
  IO depths    : 1=0.1%, 2=0.1%, 4=0.1%, 8=0.1%, 16=0.1%, 32=0.1%, >=64=99.9%
     submit    : 0=0.0%, 4=100.0%, 8=0.0%, 16=0.0%, 32=0.0%, 64=0.0%, >=64=0.0%
     complete  : 0=0.0%, 4=100.0%, 8=0.0%, 16=0.0%, 32=0.0%, 64=0.0%, >=64=0.1%
     issued rwts: total=86466,0,0,0 short=0,0,0,0 dropped=0,0,0,0
     latency   : target=0, window=0, percentile=100.00%, depth=256

Run status group 0 (all jobs):
   READ: bw=1153KiB/s (1181kB/s), 1153KiB/s-1153KiB/s (1181kB/s-1181kB/s), io=338MiB (354MB), run=300004-300004msec
