test: (g=0): rw=read, bs=(R) 4096B-4096B, (W) 4096B-4096B, (T) 4096B-4096B, ioengine=libaio, iodepth=256
fio-3.27
Starting 1 process
test: Laying out IO file (1 file / 1024MiB)

test: (groupid=0, jobs=1): err= 0: pid=187749: Tue Jul 20 14:19:01 2021
  read: IOPS=31.0k, BW=121MiB/s (127MB/s)(35.5GiB/300001msec)
    slat (usec): min=10, max=258641, avg=21.06, stdev=506.77
    clat (usec): min=10, max=1614.8k, avg=8223.03, stdev=36383.93
     lat (usec): min=22, max=1635.2k, avg=8244.88, stdev=36408.97
    clat percentiles (msec):
     |  1.00th=[    5],  5.00th=[    5], 10.00th=[    5], 20.00th=[    5],
     | 30.00th=[    5], 40.00th=[    5], 50.00th=[    6], 60.00th=[    6],
     | 70.00th=[    6], 80.00th=[    6], 90.00th=[   16], 95.00th=[   26],
     | 99.00th=[   27], 99.50th=[   30], 99.90th=[  885], 99.95th=[ 1083],
     | 99.99th=[ 1250]
   bw (  KiB/s): min=    8, max=165584, per=100.00%, avg=129186.02, stdev=55171.73, samples=575
   iops        : min=    2, max=41396, avg=32296.50, stdev=13792.93, samples=575
  lat (usec)   : 20=0.01%, 50=0.01%, 100=0.01%, 250=0.01%, 500=0.01%
  lat (usec)   : 750=0.01%, 1000=0.01%
  lat (msec)   : 2=0.01%, 4=0.01%, 10=88.33%, 20=5.59%, 50=5.82%
  lat (msec)   : 100=0.08%, 250=0.05%, 500=0.02%, 750=0.01%, 1000=0.03%
  lat (msec)   : 2000=0.07%
  cpu          : usr=25.95%, sys=67.84%, ctx=7608, majf=0, minf=294
  IO depths    : 1=0.1%, 2=0.1%, 4=0.1%, 8=0.1%, 16=0.1%, 32=0.1%, >=64=100.0%
     submit    : 0=0.0%, 4=100.0%, 8=0.0%, 16=0.0%, 32=0.0%, 64=0.0%, >=64=0.0%
     complete  : 0=0.0%, 4=100.0%, 8=0.0%, 16=0.0%, 32=0.0%, 64=0.0%, >=64=0.1%
     issued rwts: total=9297496,0,0,0 short=0,0,0,0 dropped=0,0,0,0
     latency   : target=0, window=0, percentile=100.00%, depth=256

Run status group 0 (all jobs):
   READ: bw=121MiB/s (127MB/s), 121MiB/s-121MiB/s (127MB/s-127MB/s), io=35.5GiB (38.1GB), run=300001-300001msec
