test: (g=0): rw=randread, bs=(R) 4096B-4096B, (W) 4096B-4096B, (T) 4096B-4096B, ioengine=libaio, iodepth=256
...
fio-3.27
Starting 2 processes
rand-read: Laying out IO file (1 file / 1024MiB)

test: (groupid=0, jobs=2): err= 0: pid=142209: Mon Jul 19 19:05:14 2021
  read: IOPS=193, BW=773KiB/s (791kB/s)(226MiB/300018msec)
    slat (usec): min=483, max=179916, avg=10329.25, stdev=8671.60
    clat (usec): min=26, max=3503.6k, avg=2628072.80, stdev=320124.60
     lat (msec): min=29, max=3513, avg=2638.40, stdev=320.94
    clat percentiles (msec):
     |  1.00th=[ 2106],  5.00th=[ 2232], 10.00th=[ 2299], 20.00th=[ 2366],
     | 30.00th=[ 2433], 40.00th=[ 2500], 50.00th=[ 2567], 60.00th=[ 2668],
     | 70.00th=[ 2769], 80.00th=[ 2903], 90.00th=[ 3071], 95.00th=[ 3171],
     | 99.00th=[ 3306], 99.50th=[ 3373], 99.90th=[ 3440], 99.95th=[ 3473],
     | 99.99th=[ 3507]
   bw (  KiB/s): min=  240, max= 1122, per=99.88%, avg=772.26, stdev=61.48, samples=1190
   iops        : min=   60, max=  280, avg=193.06, stdev=15.36, samples=1190
  lat (usec)   : 50=0.01%
  lat (msec)   : 50=0.01%, 100=0.01%, 250=0.03%, 500=0.05%, 750=0.06%
  lat (msec)   : 1000=0.07%, 2000=0.25%, >=2000=99.51%
  cpu          : usr=0.22%, sys=1.51%, ctx=57986, majf=0, minf=589
  IO depths    : 1=0.1%, 2=0.1%, 4=0.1%, 8=0.1%, 16=0.1%, 32=0.1%, >=64=99.8%
     submit    : 0=0.0%, 4=100.0%, 8=0.0%, 16=0.0%, 32=0.0%, 64=0.0%, >=64=0.0%
     complete  : 0=0.0%, 4=100.0%, 8=0.0%, 16=0.0%, 32=0.0%, 64=0.0%, >=64=0.1%
     issued rwts: total=57973,0,0,0 short=0,0,0,0 dropped=0,0,0,0
     latency   : target=0, window=0, percentile=100.00%, depth=256

Run status group 0 (all jobs):
   READ: bw=773KiB/s (791kB/s), 773KiB/s-773KiB/s (791kB/s-791kB/s), io=226MiB (237MB), run=300018-300018msec
