readwrite: (g=0): rw=rw, bs=(R) 4096B-4096B, (W) 4096B-4096B, (T) 4096B-4096B, ioengine=libaio, iodepth=256
...
fio-3.27
Starting 64 processes
readwrite: Laying out IO file (1 file / 1024MiB)
readwrite: Laying out IO file (1 file / 1024MiB)
readwrite: Laying out IO file (1 file / 1024MiB)
readwrite: Laying out IO file (1 file / 1024MiB)
readwrite: Laying out IO file (1 file / 1024MiB)
readwrite: Laying out IO file (1 file / 1024MiB)
readwrite: Laying out IO file (1 file / 1024MiB)
readwrite: Laying out IO file (1 file / 1024MiB)
readwrite: Laying out IO file (1 file / 1024MiB)
readwrite: Laying out IO file (1 file / 1024MiB)
readwrite: Laying out IO file (1 file / 1024MiB)
readwrite: Laying out IO file (1 file / 1024MiB)
readwrite: Laying out IO file (1 file / 1024MiB)
readwrite: Laying out IO file (1 file / 1024MiB)
readwrite: Laying out IO file (1 file / 1024MiB)
readwrite: Laying out IO file (1 file / 1024MiB)
readwrite: Laying out IO file (1 file / 1024MiB)
readwrite: Laying out IO file (1 file / 1024MiB)
readwrite: Laying out IO file (1 file / 1024MiB)
readwrite: Laying out IO file (1 file / 1024MiB)
readwrite: Laying out IO file (1 file / 1024MiB)
readwrite: Laying out IO file (1 file / 1024MiB)
readwrite: Laying out IO file (1 file / 1024MiB)
readwrite: Laying out IO file (1 file / 1024MiB)
readwrite: Laying out IO file (1 file / 1024MiB)
readwrite: Laying out IO file (1 file / 1024MiB)
readwrite: Laying out IO file (1 file / 1024MiB)
readwrite: Laying out IO file (1 file / 1024MiB)
readwrite: Laying out IO file (1 file / 1024MiB)
readwrite: Laying out IO file (1 file / 1024MiB)
readwrite: Laying out IO file (1 file / 1024MiB)
readwrite: Laying out IO file (1 file / 1024MiB)

readwrite: (groupid=0, jobs=64): err= 0: pid=233322: Wed Jul 21 19:16:00 2021
  read: IOPS=22.4k, BW=87.6MiB/s (91.9MB/s)(25.7GiB/300121msec)
    slat (usec): min=7, max=6178.5k, avg=2747.93, stdev=34492.43
    clat (usec): min=14, max=44607k, avg=365505.49, stdev=2737989.74
     lat (usec): min=110, max=44732k, avg=368254.19, stdev=2757744.90
    clat percentiles (msec):
     |  1.00th=[   13],  5.00th=[   13], 10.00th=[   14], 20.00th=[   14],
     | 30.00th=[   14], 40.00th=[   14], 50.00th=[   15], 60.00th=[   15],
     | 70.00th=[   15], 80.00th=[   16], 90.00th=[   17], 95.00th=[   20],
     | 99.00th=[17113], 99.50th=[17113], 99.90th=[17113], 99.95th=[17113],
     | 99.99th=[17113]
   bw (  KiB/s): min=  495, max=1027948, per=100.00%, avg=101308.33, stdev=6230.34, samples=31412
   iops        : min=  111, max=256985, avg=25326.68, stdev=1557.58, samples=31412
  write: IOPS=22.4k, BW=87.6MiB/s (91.9MB/s)(25.7GiB/300121msec); 0 zone resets
    slat (usec): min=68, max=1622.5k, avg=83.48, stdev=680.99
    clat (usec): min=11, max=44497k, avg=351732.39, stdev=2679165.08
     lat (usec): min=91, max=44497k, avg=351816.98, stdev=2679168.33
    clat percentiles (msec):
     |  1.00th=[   13],  5.00th=[   13], 10.00th=[   14], 20.00th=[   14],
     | 30.00th=[   14], 40.00th=[   14], 50.00th=[   15], 60.00th=[   15],
     | 70.00th=[   15], 80.00th=[   16], 90.00th=[   17], 95.00th=[   20],
     | 99.00th=[17113], 99.50th=[17113], 99.90th=[17113], 99.95th=[17113],
     | 99.99th=[17113]
   bw (  KiB/s): min=  493, max=1032530, per=100.00%, avg=101909.56, stdev=6249.03, samples=31124
   iops        : min=  109, max=258130, avg=25477.00, stdev=1562.25, samples=31124
  lat (usec)   : 20=0.01%, 50=0.01%, 100=0.01%, 250=0.01%, 500=0.01%
  lat (usec)   : 750=0.01%, 1000=0.01%
  lat (msec)   : 2=0.01%, 4=0.01%, 10=0.01%, 20=96.57%, 50=1.10%
  lat (msec)   : 100=0.12%, 250=0.08%, 500=0.07%, 750=0.06%, 1000=0.06%
  lat (msec)   : 2000=0.07%, >=2000=1.87%
  cpu          : usr=0.68%, sys=3.50%, ctx=109888, majf=0, minf=2816
  IO depths    : 1=0.1%, 2=0.1%, 4=0.1%, 8=0.1%, 16=0.1%, 32=0.1%, >=64=100.0%
     submit    : 0=0.0%, 4=100.0%, 8=0.0%, 16=0.0%, 32=0.0%, 64=0.0%, >=64=0.0%
     complete  : 0=0.0%, 4=100.0%, 8=0.0%, 16=0.0%, 32=0.0%, 64=0.0%, >=64=0.1%
     issued rwts: total=6733046,6731322,0,0 short=0,0,0,0 dropped=0,0,0,0
     latency   : target=0, window=0, percentile=100.00%, depth=256

Run status group 0 (all jobs):
   READ: bw=87.6MiB/s (91.9MB/s), 87.6MiB/s-87.6MiB/s (91.9MB/s-91.9MB/s), io=25.7GiB (27.6GB), run=300121-300121msec
  WRITE: bw=87.6MiB/s (91.9MB/s), 87.6MiB/s-87.6MiB/s (91.9MB/s-91.9MB/s), io=25.7GiB (27.6GB), run=300121-300121msec
