test: (g=0): rw=randread, bs=(R) 4096B-4096B, (W) 4096B-4096B, (T) 4096B-4096B, ioengine=libaio, iodepth=256
...
fio-3.27
Starting 4 processes
rand-read: Laying out IO file (1 file / 1024MiB)
rand-read: Laying out IO file (1 file / 1024MiB)

test: (groupid=0, jobs=4): err= 0: pid=200362: Mon Jul 19 22:00:57 2021
  read: IOPS=479, BW=1919KiB/s (1965kB/s)(562MiB/300019msec)
    slat (usec): min=456, max=89398, avg=8315.23, stdev=5937.74
    clat (usec): min=14, max=2519.7k, avg=2118906.13, stdev=139789.48
     lat (msec): min=9, max=2534, avg=2127.22, stdev=139.91
    clat percentiles (msec):
     |  1.00th=[ 1888],  5.00th=[ 1972], 10.00th=[ 2005], 20.00th=[ 2039],
     | 30.00th=[ 2072], 40.00th=[ 2106], 50.00th=[ 2123], 60.00th=[ 2140],
     | 70.00th=[ 2165], 80.00th=[ 2198], 90.00th=[ 2265], 95.00th=[ 2299],
     | 99.00th=[ 2366], 99.50th=[ 2366], 99.90th=[ 2433], 99.95th=[ 2467],
     | 99.99th=[ 2500]
   bw (  KiB/s): min= 1264, max= 2441, per=100.00%, avg=1919.01, stdev=43.86, samples=2380
   iops        : min=  316, max=  610, avg=479.72, stdev=10.96, samples=2380
  lat (usec)   : 20=0.01%, 50=0.01%
  lat (msec)   : 10=0.01%, 20=0.01%, 50=0.01%, 100=0.02%, 250=0.06%
  lat (msec)   : 500=0.08%, 750=0.08%, 1000=0.08%, 2000=8.53%, >=2000=91.14%
  cpu          : usr=0.32%, sys=2.00%, ctx=143957, majf=0, minf=1178
  IO depths    : 1=0.1%, 2=0.1%, 4=0.1%, 8=0.1%, 16=0.1%, 32=0.1%, >=64=99.8%
     submit    : 0=0.0%, 4=100.0%, 8=0.0%, 16=0.0%, 32=0.0%, 64=0.0%, >=64=0.0%
     complete  : 0=0.0%, 4=100.0%, 8=0.0%, 16=0.0%, 32=0.0%, 64=0.0%, >=64=0.1%
     issued rwts: total=143917,0,0,0 short=0,0,0,0 dropped=0,0,0,0
     latency   : target=0, window=0, percentile=100.00%, depth=256

Run status group 0 (all jobs):
   READ: bw=1919KiB/s (1965kB/s), 1919KiB/s-1919KiB/s (1965kB/s-1965kB/s), io=562MiB (589MB), run=300019-300019msec
