test: (g=0): rw=randread, bs=(R) 4096B-4096B, (W) 4096B-4096B, (T) 4096B-4096B, ioengine=libaio, iodepth=256
...
fio-3.27
Starting 64 processes
rand-read: Laying out IO file (1 file / 1024MiB)
rand-read: Laying out IO file (1 file / 1024MiB)
rand-read: Laying out IO file (1 file / 1024MiB)
rand-read: Laying out IO file (1 file / 1024MiB)
rand-read: Laying out IO file (1 file / 1024MiB)
rand-read: Laying out IO file (1 file / 1024MiB)
rand-read: Laying out IO file (1 file / 1024MiB)
rand-read: Laying out IO file (1 file / 1024MiB)
rand-read: Laying out IO file (1 file / 1024MiB)
rand-read: Laying out IO file (1 file / 1024MiB)
rand-read: Laying out IO file (1 file / 1024MiB)
rand-read: Laying out IO file (1 file / 1024MiB)
rand-read: Laying out IO file (1 file / 1024MiB)
rand-read: Laying out IO file (1 file / 1024MiB)
rand-read: Laying out IO file (1 file / 1024MiB)
rand-read: Laying out IO file (1 file / 1024MiB)
rand-read: Laying out IO file (1 file / 1024MiB)
rand-read: Laying out IO file (1 file / 1024MiB)
rand-read: Laying out IO file (1 file / 1024MiB)
rand-read: Laying out IO file (1 file / 1024MiB)
rand-read: Laying out IO file (1 file / 1024MiB)
rand-read: Laying out IO file (1 file / 1024MiB)
rand-read: Laying out IO file (1 file / 1024MiB)
rand-read: Laying out IO file (1 file / 1024MiB)
rand-read: Laying out IO file (1 file / 1024MiB)
rand-read: Laying out IO file (1 file / 1024MiB)
rand-read: Laying out IO file (1 file / 1024MiB)
rand-read: Laying out IO file (1 file / 1024MiB)
rand-read: Laying out IO file (1 file / 1024MiB)
rand-read: Laying out IO file (1 file / 1024MiB)
rand-read: Laying out IO file (1 file / 1024MiB)
rand-read: Laying out IO file (1 file / 1024MiB)

test: (groupid=0, jobs=64): err= 0: pid=220452: Mon Jul 19 22:42:50 2021
  read: IOPS=516, BW=2065KiB/s (2114kB/s)(605MiB/300128msec)
    slat (msec): min=22, max=6459, avg=123.92, stdev=101.85
    clat (usec): min=14, max=56426k, avg=30001556.85, stdev=9092505.82
     lat (msec): min=44, max=56584, avg=30125.49, stdev=9113.46
    clat percentiles (msec):
     |  1.00th=[ 2735],  5.00th=[14966], 10.00th=[17113], 20.00th=[17113],
     | 30.00th=[17113], 40.00th=[17113], 50.00th=[17113], 60.00th=[17113],
     | 70.00th=[17113], 80.00th=[17113], 90.00th=[17113], 95.00th=[17113],
     | 99.00th=[17113], 99.50th=[17113], 99.90th=[17113], 99.95th=[17113],
     | 99.99th=[17113]
   bw (  KiB/s): min=  936, max= 2704, per=100.00%, avg=2096.54, stdev= 4.82, samples=33379
   iops        : min=  234, max=  676, avg=524.13, stdev= 1.21, samples=33379
  lat (usec)   : 20=0.01%, 50=0.03%
  lat (msec)   : 50=0.01%, 100=0.02%, 250=0.07%, 500=0.11%, 750=0.10%
  lat (msec)   : 1000=0.08%, 2000=0.33%, >=2000=99.24%
  cpu          : usr=0.02%, sys=0.16%, ctx=155398, majf=0, minf=18872
  IO depths    : 1=0.1%, 2=0.1%, 4=0.2%, 8=0.3%, 16=0.7%, 32=1.3%, >=64=97.4%
     submit    : 0=0.0%, 4=100.0%, 8=0.0%, 16=0.0%, 32=0.0%, 64=0.0%, >=64=0.0%
     complete  : 0=0.0%, 4=100.0%, 8=0.0%, 16=0.0%, 32=0.0%, 64=0.0%, >=64=0.1%
     issued rwts: total=154919,0,0,0 short=0,0,0,0 dropped=0,0,0,0
     latency   : target=0, window=0, percentile=100.00%, depth=256

Run status group 0 (all jobs):
   READ: bw=2065KiB/s (2114kB/s), 2065KiB/s-2065KiB/s (2114kB/s-2114kB/s), io=605MiB (635MB), run=300128-300128msec
