test: (g=0): rw=randread, bs=(R) 4096B-4096B, (W) 4096B-4096B, (T) 4096B-4096B, ioengine=libaio, iodepth=256
fio-3.27
Starting 1 process
test: Laying out IO file (1 file / 1024MiB)

test: (groupid=0, jobs=1): err= 0: pid=116940: Tue Jul 20 10:05:39 2021
  read: IOPS=188, BW=754KiB/s (772kB/s)(221MiB/300005msec)
    slat (usec): min=458, max=71968, avg=5283.94, stdev=4099.15
    clat (usec): min=12, max=1577.5k, avg=1348998.64, stdev=91755.37
     lat (msec): min=6, max=1583, avg=1354.28, stdev=91.90
    clat percentiles (msec):
     |  1.00th=[ 1183],  5.00th=[ 1234], 10.00th=[ 1267], 20.00th=[ 1284],
     | 30.00th=[ 1318], 40.00th=[ 1334], 50.00th=[ 1351], 60.00th=[ 1368],
     | 70.00th=[ 1385], 80.00th=[ 1418], 90.00th=[ 1452], 95.00th=[ 1485],
     | 99.00th=[ 1536], 99.50th=[ 1536], 99.90th=[ 1552], 99.95th=[ 1569],
     | 99.99th=[ 1569]
   bw (  KiB/s): min=  248, max=  968, per=99.83%, avg=753.78, stdev=68.79, samples=597
   iops        : min=   62, max=  242, avg=188.45, stdev=17.20, samples=597
  lat (usec)   : 20=0.01%
  lat (msec)   : 10=0.01%, 20=0.01%, 50=0.01%, 100=0.02%, 250=0.06%
  lat (msec)   : 500=0.09%, 750=0.09%, 1000=0.07%, 2000=99.65%
  cpu          : usr=0.42%, sys=2.74%, ctx=56589, majf=0, minf=294
  IO depths    : 1=0.1%, 2=0.1%, 4=0.1%, 8=0.1%, 16=0.1%, 32=0.1%, >=64=99.9%
     submit    : 0=0.0%, 4=100.0%, 8=0.0%, 16=0.0%, 32=0.0%, 64=0.0%, >=64=0.0%
     complete  : 0=0.0%, 4=100.0%, 8=0.0%, 16=0.0%, 32=0.0%, 64=0.0%, >=64=0.1%
     issued rwts: total=56574,0,0,0 short=0,0,0,0 dropped=0,0,0,0
     latency   : target=0, window=0, percentile=100.00%, depth=256

Run status group 0 (all jobs):
   READ: bw=754KiB/s (772kB/s), 754KiB/s-754KiB/s (772kB/s-772kB/s), io=221MiB (232MB), run=300005-300005msec
