readwrite: (g=0): rw=rw, bs=(R) 4096B-4096B, (W) 4096B-4096B, (T) 4096B-4096B, ioengine=libaio, iodepth=256
...
fio-3.27
Starting 8 processes
readwrite: Laying out IO file (1 file / 1024MiB)
readwrite: Laying out IO file (1 file / 1024MiB)
readwrite: Laying out IO file (1 file / 1024MiB)
readwrite: Laying out IO file (1 file / 1024MiB)

readwrite: (groupid=0, jobs=8): err= 0: pid=58490: Wed Jul 21 17:40:47 2021
  read: IOPS=36.0k, BW=141MiB/s (148MB/s)(41.2GiB/300061msec)
    slat (usec): min=7, max=450569, avg=122.69, stdev=2136.55
    clat (usec): min=11, max=12741k, avg=28381.06, stdev=152394.32
     lat (usec): min=23, max=12811k, avg=28504.50, stdev=153469.91
    clat percentiles (msec):
     |  1.00th=[   12],  5.00th=[   13], 10.00th=[   13], 20.00th=[   14],
     | 30.00th=[   14], 40.00th=[   14], 50.00th=[   14], 60.00th=[   14],
     | 70.00th=[   15], 80.00th=[   15], 90.00th=[   15], 95.00th=[   18],
     | 99.00th=[  651], 99.50th=[ 1062], 99.90th=[ 2106], 99.95th=[ 2668],
     | 99.99th=[ 4396]
   bw (  KiB/s): min=  120, max=327384, per=100.00%, avg=145404.56, stdev=15425.36, samples=4762
   iops        : min=   30, max=81846, avg=36350.81, stdev=3856.33, samples=4762
  write: IOPS=36.0k, BW=141MiB/s (147MB/s)(41.2GiB/300061msec); 0 zone resets
    slat (usec): min=68, max=52865, avg=78.00, stdev=35.10
    clat (usec): min=12, max=12777k, avg=28267.60, stdev=151169.58
     lat (usec): min=93, max=12778k, avg=28346.70, stdev=151171.73
    clat percentiles (msec):
     |  1.00th=[   12],  5.00th=[   13], 10.00th=[   13], 20.00th=[   14],
     | 30.00th=[   14], 40.00th=[   14], 50.00th=[   14], 60.00th=[   14],
     | 70.00th=[   15], 80.00th=[   15], 90.00th=[   15], 95.00th=[   18],
     | 99.00th=[  642], 99.50th=[ 1062], 99.90th=[ 2089], 99.95th=[ 2635],
     | 99.99th=[ 4396]
   bw (  KiB/s): min=  112, max=324489, per=100.00%, avg=145308.67, stdev=15421.51, samples=4764
   iops        : min=   28, max=81122, avg=36326.84, stdev=3855.37, samples=4764
  lat (usec)   : 20=0.01%, 50=0.01%, 100=0.01%, 250=0.01%, 500=0.01%
  lat (usec)   : 750=0.01%, 1000=0.01%
  lat (msec)   : 2=0.01%, 4=0.01%, 10=0.01%, 20=96.89%, 50=1.69%
  lat (msec)   : 100=0.06%, 250=0.04%, 500=0.17%, 750=0.26%, 1000=0.31%
  lat (msec)   : 2000=0.45%, >=2000=0.11%
  cpu          : usr=8.61%, sys=43.31%, ctx=135072, majf=0, minf=358
  IO depths    : 1=0.1%, 2=0.1%, 4=0.1%, 8=0.1%, 16=0.1%, 32=0.1%, >=64=100.0%
     submit    : 0=0.0%, 4=100.0%, 8=0.0%, 16=0.0%, 32=0.0%, 64=0.0%, >=64=0.0%
     complete  : 0=0.0%, 4=100.0%, 8=0.0%, 16=0.0%, 32=0.0%, 64=0.0%, >=64=0.1%
     issued rwts: total=10805983,10802471,0,0 short=0,0,0,0 dropped=0,0,0,0
     latency   : target=0, window=0, percentile=100.00%, depth=256

Run status group 0 (all jobs):
   READ: bw=141MiB/s (148MB/s), 141MiB/s-141MiB/s (148MB/s-148MB/s), io=41.2GiB (44.3GB), run=300061-300061msec
  WRITE: bw=141MiB/s (147MB/s), 141MiB/s-141MiB/s (147MB/s-147MB/s), io=41.2GiB (44.2GB), run=300061-300061msec
