test: (g=0): rw=read, bs=(R) 4096B-4096B, (W) 4096B-4096B, (T) 4096B-4096B, ioengine=libaio, iodepth=256
...
fio-3.27
Starting 32 processes
seq-read: Laying out IO file (1 file / 1024MiB)
seq-read: Laying out IO file (1 file / 1024MiB)
seq-read: Laying out IO file (1 file / 1024MiB)
seq-read: Laying out IO file (1 file / 1024MiB)
seq-read: Laying out IO file (1 file / 1024MiB)
seq-read: Laying out IO file (1 file / 1024MiB)
seq-read: Laying out IO file (1 file / 1024MiB)
seq-read: Laying out IO file (1 file / 1024MiB)
seq-read: Laying out IO file (1 file / 1024MiB)
seq-read: Laying out IO file (1 file / 1024MiB)
seq-read: Laying out IO file (1 file / 1024MiB)
seq-read: Laying out IO file (1 file / 1024MiB)
seq-read: Laying out IO file (1 file / 1024MiB)
seq-read: Laying out IO file (1 file / 1024MiB)
seq-read: Laying out IO file (1 file / 1024MiB)
seq-read: Laying out IO file (1 file / 1024MiB)

test: (groupid=0, jobs=32): err= 0: pid=10495: Tue Jul 20 14:56:19 2021
  read: IOPS=33.5k, BW=131MiB/s (137MB/s)(38.4GiB/300029msec)
    slat (usec): min=10, max=835035, avg=942.27, stdev=5532.73
    clat (usec): min=12, max=18303k, avg=242750.25, stdev=1148895.35
     lat (usec): min=70, max=18360k, avg=243693.45, stdev=1153227.85
    clat percentiles (msec):
     |  1.00th=[    5],  5.00th=[    5], 10.00th=[    5], 20.00th=[    5],
     | 30.00th=[    5], 40.00th=[    6], 50.00th=[    6], 60.00th=[    6],
     | 70.00th=[    6], 80.00th=[   14], 90.00th=[   26], 95.00th=[ 1888],
     | 99.00th=[ 6007], 99.50th=[ 8356], 99.90th=[13087], 99.95th=[14160],
     | 99.99th=[15905]
   bw (  KiB/s): min=  592, max=4178816, per=100.00%, avg=137214.23, stdev=20490.56, samples=19053
   iops        : min=  148, max=1044706, avg=34303.54, stdev=5122.64, samples=19053
  lat (usec)   : 20=0.01%, 50=0.01%, 100=0.01%, 250=0.01%, 500=0.01%
  lat (usec)   : 750=0.01%, 1000=0.01%
  lat (msec)   : 2=0.01%, 4=0.01%, 10=79.76%, 20=8.73%, 50=5.31%
  lat (msec)   : 100=0.09%, 250=0.01%, 500=0.01%, 750=0.01%, 1000=0.05%
  lat (msec)   : 2000=1.54%, >=2000=4.49%
  cpu          : usr=1.00%, sys=3.39%, ctx=600859, majf=0, minf=9469
  IO depths    : 1=0.1%, 2=0.1%, 4=0.1%, 8=0.1%, 16=0.1%, 32=0.1%, >=64=100.0%
     submit    : 0=0.0%, 4=100.0%, 8=0.0%, 16=0.0%, 32=0.0%, 64=0.0%, >=64=0.0%
     complete  : 0=0.0%, 4=100.0%, 8=0.0%, 16=0.0%, 32=0.0%, 64=0.0%, >=64=0.1%
     issued rwts: total=10063013,0,0,0 short=0,0,0,0 dropped=0,0,0,0
     latency   : target=0, window=0, percentile=100.00%, depth=256

Run status group 0 (all jobs):
   READ: bw=131MiB/s (137MB/s), 131MiB/s-131MiB/s (137MB/s-137MB/s), io=38.4GiB (41.2GB), run=300029-300029msec
