test: (g=0): rw=read, bs=(R) 4096B-4096B, (W) 4096B-4096B, (T) 4096B-4096B, ioengine=libaio, iodepth=256
...
fio-3.27
Starting 32 processes
seq-read: Laying out IO file (1 file / 1024MiB)
seq-read: Laying out IO file (1 file / 1024MiB)
seq-read: Laying out IO file (1 file / 1024MiB)
seq-read: Laying out IO file (1 file / 1024MiB)
seq-read: Laying out IO file (1 file / 1024MiB)
seq-read: Laying out IO file (1 file / 1024MiB)
seq-read: Laying out IO file (1 file / 1024MiB)
seq-read: Laying out IO file (1 file / 1024MiB)
seq-read: Laying out IO file (1 file / 1024MiB)
seq-read: Laying out IO file (1 file / 1024MiB)
seq-read: Laying out IO file (1 file / 1024MiB)
seq-read: Laying out IO file (1 file / 1024MiB)
seq-read: Laying out IO file (1 file / 1024MiB)
seq-read: Laying out IO file (1 file / 1024MiB)
seq-read: Laying out IO file (1 file / 1024MiB)
seq-read: Laying out IO file (1 file / 1024MiB)

test: (groupid=0, jobs=32): err= 0: pid=216067: Tue Jul 20 14:56:19 2021
  read: IOPS=34.0k, BW=133MiB/s (139MB/s)(38.9GiB/300045msec)
    slat (usec): min=10, max=830392, avg=929.48, stdev=5550.92
    clat (usec): min=11, max=19397k, avg=239334.18, stdev=1189485.76
     lat (usec): min=64, max=19512k, avg=240264.58, stdev=1194001.96
    clat percentiles (msec):
     |  1.00th=[    5],  5.00th=[    5], 10.00th=[    5], 20.00th=[    5],
     | 30.00th=[    5], 40.00th=[    5], 50.00th=[    6], 60.00th=[    6],
     | 70.00th=[    6], 80.00th=[    6], 90.00th=[   26], 95.00th=[ 1787],
     | 99.00th=[ 5738], 99.50th=[ 9329], 99.90th=[13355], 99.95th=[14160],
     | 99.99th=[16040]
   bw (  KiB/s): min=  744, max=3848014, per=100.00%, avg=137595.06, stdev=20903.43, samples=19053
   iops        : min=  186, max=961998, avg=34398.57, stdev=5225.85, samples=19053
  lat (usec)   : 20=0.01%, 50=0.01%, 100=0.01%, 250=0.01%, 500=0.01%
  lat (usec)   : 750=0.01%, 1000=0.01%
  lat (msec)   : 2=0.01%, 4=0.01%, 10=81.33%, 20=7.73%, 50=5.41%
  lat (msec)   : 100=0.06%, 250=0.02%, 500=0.02%, 750=0.01%, 1000=0.05%
  lat (msec)   : 2000=1.18%, >=2000=4.19%
  cpu          : usr=1.00%, sys=3.34%, ctx=542986, majf=0, minf=9467
  IO depths    : 1=0.1%, 2=0.1%, 4=0.1%, 8=0.1%, 16=0.1%, 32=0.1%, >=64=100.0%
     submit    : 0=0.0%, 4=100.0%, 8=0.0%, 16=0.0%, 32=0.0%, 64=0.0%, >=64=0.0%
     complete  : 0=0.0%, 4=100.0%, 8=0.0%, 16=0.0%, 32=0.0%, 64=0.0%, >=64=0.1%
     issued rwts: total=10197980,0,0,0 short=0,0,0,0 dropped=0,0,0,0
     latency   : target=0, window=0, percentile=100.00%, depth=256

Run status group 0 (all jobs):
   READ: bw=133MiB/s (139MB/s), 133MiB/s-133MiB/s (139MB/s-139MB/s), io=38.9GiB (41.8GB), run=300045-300045msec
