test: (g=0): rw=read, bs=(R) 4096B-4096B, (W) 4096B-4096B, (T) 4096B-4096B, ioengine=libaio, iodepth=256
...
fio-3.27
Starting 8 processes
seq-read: Laying out IO file (1 file / 1024MiB)
seq-read: Laying out IO file (1 file / 1024MiB)
seq-read: Laying out IO file (1 file / 1024MiB)
seq-read: Laying out IO file (1 file / 1024MiB)

test: (groupid=0, jobs=8): err= 0: pid=245390: Fri Jul 16 03:12:27 2021
  read: IOPS=34.9k, BW=136MiB/s (143MB/s)(39.9GiB/300035msec)
    slat (usec): min=10, max=648040, avg=217.60, stdev=2367.68
    clat (usec): min=10, max=23748k, avg=58453.17, stdev=373481.73
     lat (usec): min=22, max=23753k, avg=58671.68, stdev=374841.72
    clat percentiles (msec):
     |  1.00th=[    5],  5.00th=[    5], 10.00th=[    5], 20.00th=[    5],
     | 30.00th=[    5], 40.00th=[    6], 50.00th=[    6], 60.00th=[    6],
     | 70.00th=[    6], 80.00th=[    6], 90.00th=[   27], 95.00th=[  422],
     | 99.00th=[  827], 99.50th=[ 1502], 99.90th=[ 6208], 99.95th=[ 7953],
     | 99.99th=[12147]
   bw (  KiB/s): min=  216, max=1110384, per=100.00%, avg=142474.72, stdev=35961.47, samples=4762
   iops        : min=   54, max=277596, avg=35618.43, stdev=8990.37, samples=4762
  lat (usec)   : 20=0.01%, 50=0.01%, 100=0.01%, 250=0.01%, 500=0.01%
  lat (usec)   : 750=0.01%, 1000=0.01%
  lat (msec)   : 2=0.01%, 4=0.01%, 10=82.53%, 20=5.64%, 50=5.48%
  lat (msec)   : 100=0.06%, 250=0.02%, 500=2.83%, 750=2.30%, 1000=0.36%
  lat (msec)   : 2000=0.43%, >=2000=0.35%
  cpu          : usr=4.10%, sys=13.30%, ctx=647306, majf=0, minf=2365
  IO depths    : 1=0.1%, 2=0.1%, 4=0.1%, 8=0.1%, 16=0.1%, 32=0.1%, >=64=100.0%
     submit    : 0=0.0%, 4=100.0%, 8=0.0%, 16=0.0%, 32=0.0%, 64=0.0%, >=64=0.0%
     complete  : 0=0.0%, 4=100.0%, 8=0.0%, 16=0.0%, 32=0.0%, 64=0.0%, >=64=0.1%
     issued rwts: total=10459840,0,0,0 short=0,0,0,0 dropped=0,0,0,0
     latency   : target=0, window=0, percentile=100.00%, depth=256

Run status group 0 (all jobs):
   READ: bw=136MiB/s (143MB/s), 136MiB/s-136MiB/s (143MB/s-143MB/s), io=39.9GiB (42.8GB), run=300035-300035msec
