test: (g=0): rw=read, bs=(R) 4096B-4096B, (W) 4096B-4096B, (T) 4096B-4096B, ioengine=libaio, iodepth=256
...
fio-3.27
Starting 4 processes
seq-read: Laying out IO file (1 file / 1024MiB)
seq-read: Laying out IO file (1 file / 1024MiB)

test: (groupid=0, jobs=4): err= 0: pid=260318: Tue Jul 20 14:30:28 2021
  read: IOPS=34.4k, BW=134MiB/s (141MB/s)(39.4GiB/300001msec)
    slat (usec): min=10, max=436490, avg=104.73, stdev=1015.07
    clat (usec): min=10, max=12075k, avg=29635.03, stdev=140683.41
     lat (usec): min=22, max=12127k, avg=29740.62, stdev=141154.51
    clat percentiles (msec):
     |  1.00th=[    5],  5.00th=[    5], 10.00th=[    5], 20.00th=[    5],
     | 30.00th=[    5], 40.00th=[    5], 50.00th=[    6], 60.00th=[    6],
     | 70.00th=[    6], 80.00th=[    6], 90.00th=[   17], 95.00th=[   27],
     | 99.00th=[  584], 99.50th=[  676], 99.90th=[  969], 99.95th=[ 1116],
     | 99.99th=[ 5805]
   bw (  KiB/s): min=   80, max=661240, per=100.00%, avg=141761.80, stdev=42309.52, samples=2372
   iops        : min=   20, max=165310, avg=35440.40, stdev=10577.39, samples=2372
  lat (usec)   : 20=0.01%, 50=0.01%, 100=0.01%, 250=0.01%, 500=0.01%
  lat (usec)   : 750=0.01%, 1000=0.01%
  lat (msec)   : 2=0.01%, 4=0.01%, 10=85.00%, 20=5.08%, 50=5.59%
  lat (msec)   : 100=0.06%, 250=0.12%, 500=2.21%, 750=1.62%, 1000=0.23%
  lat (msec)   : 2000=0.05%, >=2000=0.03%
  cpu          : usr=7.70%, sys=23.24%, ctx=430683, majf=0, minf=1183
  IO depths    : 1=0.1%, 2=0.1%, 4=0.1%, 8=0.1%, 16=0.1%, 32=0.1%, >=64=100.0%
     submit    : 0=0.0%, 4=100.0%, 8=0.0%, 16=0.0%, 32=0.0%, 64=0.0%, >=64=0.0%
     complete  : 0=0.0%, 4=100.0%, 8=0.0%, 16=0.0%, 32=0.0%, 64=0.0%, >=64=0.1%
     issued rwts: total=10320847,0,0,0 short=0,0,0,0 dropped=0,0,0,0
     latency   : target=0, window=0, percentile=100.00%, depth=256

Run status group 0 (all jobs):
   READ: bw=134MiB/s (141MB/s), 134MiB/s-134MiB/s (141MB/s-141MB/s), io=39.4GiB (42.3GB), run=300001-300001msec
