test: (g=0): rw=read, bs=(R) 4096B-4096B, (W) 4096B-4096B, (T) 4096B-4096B, ioengine=libaio, iodepth=256
fio-3.27
Starting 1 process

test: (groupid=0, jobs=1): err= 0: pid=6689: Fri Jul 16 03:59:47 2021
  read: IOPS=33.2k, BW=130MiB/s (136MB/s)(38.0GiB/300314msec)
    slat (usec): min=10, max=88575, avg=18.96, stdev=341.08
    clat (usec): min=25, max=965902, avg=7688.91, stdev=28894.81
     lat (msec): min=4, max=965, avg= 7.71, stdev=28.90
    clat percentiles (msec):
     |  1.00th=[    5],  5.00th=[    5], 10.00th=[    5], 20.00th=[    5],
     | 30.00th=[    5], 40.00th=[    5], 50.00th=[    5], 60.00th=[    5],
     | 70.00th=[    6], 80.00th=[    6], 90.00th=[   16], 95.00th=[   26],
     | 99.00th=[   27], 99.50th=[   27], 99.90th=[  163], 99.95th=[  911],
     | 99.99th=[  944]
   bw (  KiB/s): min=   16, max=166688, per=100.00%, avg=138590.66, stdev=48183.80, samples=575
   iops        : min=    4, max=41672, avg=34647.70, stdev=12045.97, samples=575
  lat (usec)   : 50=0.01%
  lat (msec)   : 10=89.22%, 20=4.69%, 50=5.90%, 100=0.02%, 250=0.06%
  lat (msec)   : 1000=0.10%
  cpu          : usr=27.48%, sys=71.00%, ctx=7501, majf=0, minf=294
  IO depths    : 1=0.1%, 2=0.1%, 4=0.1%, 8=0.1%, 16=0.1%, 32=0.1%, >=64=100.0%
     submit    : 0=0.0%, 4=100.0%, 8=0.0%, 16=0.0%, 32=0.0%, 64=0.0%, >=64=0.0%
     complete  : 0=0.0%, 4=100.0%, 8=0.0%, 16=0.0%, 32=0.0%, 64=0.0%, >=64=0.1%
     issued rwts: total=9961473,0,0,0 short=0,0,0,0 dropped=0,0,0,0
     latency   : target=0, window=0, percentile=100.00%, depth=256

Run status group 0 (all jobs):
   READ: bw=130MiB/s (136MB/s), 130MiB/s-130MiB/s (136MB/s-136MB/s), io=38.0GiB (40.8GB), run=300314-300314msec
