readwrite: (g=0): rw=rw, bs=(R) 4096B-4096B, (W) 4096B-4096B, (T) 4096B-4096B, ioengine=libaio, iodepth=256
...
fio-3.27
Starting 2 processes
readwrite: Laying out IO file (1 file / 1024MiB)

readwrite: (groupid=0, jobs=2): err= 0: pid=42744: Wed Jul 21 18:27:47 2021
  read: IOPS=15.2k, BW=59.6MiB/s (62.5MB/s)(17.4GiB/300004msec)
    slat (usec): min=7, max=147809, avg=35.08, stdev=453.83
    clat (usec): min=10, max=1123.8k, avg=16747.64, stdev=29003.08
     lat (usec): min=22, max=1123.8k, avg=16783.47, stdev=29129.26
    clat percentiles (msec):
     |  1.00th=[   12],  5.00th=[   13], 10.00th=[   13], 20.00th=[   13],
     | 30.00th=[   13], 40.00th=[   14], 50.00th=[   14], 60.00th=[   14],
     | 70.00th=[   14], 80.00th=[   14], 90.00th=[   15], 95.00th=[   19],
     | 99.00th=[  142], 99.50th=[  199], 99.90th=[  347], 99.95th=[  477],
     | 99.99th=[  927]
   bw (  KiB/s): min=   48, max=83630, per=100.00%, avg=61564.90, stdev=12001.45, samples=1188
   iops        : min=   12, max=20906, avg=15391.07, stdev=3000.36, samples=1188
  write: IOPS=15.2k, BW=59.5MiB/s (62.4MB/s)(17.4GiB/300004msec); 0 zone resets
    slat (usec): min=68, max=19316, avg=74.68, stdev=19.63
    clat (usec): min=138, max=1123.8k, avg=16716.18, stdev=28754.64
     lat (usec): min=209, max=1123.8k, avg=16791.95, stdev=28755.78
    clat percentiles (msec):
     |  1.00th=[   12],  5.00th=[   13], 10.00th=[   13], 20.00th=[   13],
     | 30.00th=[   13], 40.00th=[   14], 50.00th=[   14], 60.00th=[   14],
     | 70.00th=[   14], 80.00th=[   14], 90.00th=[   15], 95.00th=[   19],
     | 99.00th=[  142], 99.50th=[  197], 99.90th=[  342], 99.95th=[  456],
     | 99.99th=[  927]
   bw (  KiB/s): min=   64, max=82282, per=100.00%, avg=61518.03, stdev=11987.90, samples=1188
   iops        : min=   16, max=20570, avg=15379.30, stdev=2996.96, samples=1188
  lat (usec)   : 20=0.01%, 50=0.01%, 100=0.01%, 250=0.01%, 500=0.01%
  lat (usec)   : 750=0.01%, 1000=0.01%
  lat (msec)   : 2=0.01%, 4=0.01%, 10=0.01%, 20=96.18%, 50=2.08%
  lat (msec)   : 100=0.13%, 250=1.31%, 500=0.25%, 750=0.01%, 1000=0.04%
  lat (msec)   : 2000=0.01%
  cpu          : usr=14.49%, sys=71.60%, ctx=73839, majf=0, minf=85
  IO depths    : 1=0.1%, 2=0.1%, 4=0.1%, 8=0.1%, 16=0.1%, 32=0.1%, >=64=100.0%
     submit    : 0=0.0%, 4=100.0%, 8=0.0%, 16=0.0%, 32=0.0%, 64=0.0%, >=64=0.0%
     complete  : 0=0.0%, 4=100.0%, 8=0.0%, 16=0.0%, 32=0.0%, 64=0.0%, >=64=0.1%
     issued rwts: total=4574226,4570644,0,0 short=0,0,0,0 dropped=0,0,0,0
     latency   : target=0, window=0, percentile=100.00%, depth=256

Run status group 0 (all jobs):
   READ: bw=59.6MiB/s (62.5MB/s), 59.6MiB/s-59.6MiB/s (62.5MB/s-62.5MB/s), io=17.4GiB (18.7GB), run=300004-300004msec
  WRITE: bw=59.5MiB/s (62.4MB/s), 59.5MiB/s-59.5MiB/s (62.4MB/s-62.4MB/s), io=17.4GiB (18.7GB), run=300004-300004msec
