test: (g=0): rw=randread, bs=(R) 4096B-4096B, (W) 4096B-4096B, (T) 4096B-4096B, ioengine=libaio, iodepth=256
...
fio-3.27
Starting 2 processes
rand-read: Laying out IO file (1 file / 1024MiB)

test: (groupid=0, jobs=2): err= 0: pid=180641: Tue Jul 20 11:10:51 2021
  read: IOPS=289, BW=1158KiB/s (1186kB/s)(339MiB/300030msec)
    slat (usec): min=445, max=78292, avg=6885.17, stdev=4573.16
    clat (usec): min=12, max=2073.1k, avg=1755962.86, stdev=108898.54
     lat (msec): min=6, max=2081, avg=1762.85, stdev=109.02
    clat percentiles (msec):
     |  1.00th=[ 1569],  5.00th=[ 1636], 10.00th=[ 1670], 20.00th=[ 1687],
     | 30.00th=[ 1720], 40.00th=[ 1737], 50.00th=[ 1754], 60.00th=[ 1787],
     | 70.00th=[ 1804], 80.00th=[ 1821], 90.00th=[ 1854], 95.00th=[ 1888],
     | 99.00th=[ 1955], 99.50th=[ 1989], 99.90th=[ 2039], 99.95th=[ 2056],
     | 99.99th=[ 2072]
   bw (  KiB/s): min=  632, max= 1417, per=99.89%, avg=1157.93, stdev=47.65, samples=1192
   iops        : min=  158, max=  354, avg=289.39, stdev=11.91, samples=1192
  lat (usec)   : 20=0.01%
  lat (msec)   : 10=0.01%, 20=0.01%, 50=0.01%, 100=0.02%, 250=0.05%
  lat (msec)   : 500=0.07%, 750=0.08%, 1000=0.08%, 2000=99.31%, >=2000=0.37%
  cpu          : usr=0.35%, sys=2.28%, ctx=86896, majf=0, minf=589
  IO depths    : 1=0.1%, 2=0.1%, 4=0.1%, 8=0.1%, 16=0.1%, 32=0.1%, >=64=99.9%
     submit    : 0=0.0%, 4=100.0%, 8=0.0%, 16=0.0%, 32=0.0%, 64=0.0%, >=64=0.0%
     complete  : 0=0.0%, 4=100.0%, 8=0.0%, 16=0.0%, 32=0.0%, 64=0.0%, >=64=0.1%
     issued rwts: total=86878,0,0,0 short=0,0,0,0 dropped=0,0,0,0
     latency   : target=0, window=0, percentile=100.00%, depth=256

Run status group 0 (all jobs):
   READ: bw=1158KiB/s (1186kB/s), 1158KiB/s-1158KiB/s (1186kB/s-1186kB/s), io=339MiB (356MB), run=300030-300030msec
