test: (g=0): rw=read, bs=(R) 4096B-4096B, (W) 4096B-4096B, (T) 4096B-4096B, ioengine=libaio, iodepth=256
...
fio-3.27
Starting 16 processes
seq-read: Laying out IO file (1 file / 1024MiB)
seq-read: Laying out IO file (1 file / 1024MiB)
seq-read: Laying out IO file (1 file / 1024MiB)
seq-read: Laying out IO file (1 file / 1024MiB)
seq-read: Laying out IO file (1 file / 1024MiB)
seq-read: Laying out IO file (1 file / 1024MiB)
seq-read: Laying out IO file (1 file / 1024MiB)
seq-read: Laying out IO file (1 file / 1024MiB)

test: (groupid=0, jobs=16): err= 0: pid=41401: Tue Jul 20 15:48:26 2021
  read: IOPS=27.2k, BW=106MiB/s (111MB/s)(31.1GiB/300025msec)
    slat (usec): min=10, max=584296, avg=576.89, stdev=4807.95
    clat (usec): min=10, max=35098k, avg=150017.37, stdev=1048360.91
     lat (usec): min=23, max=35198k, avg=150595.21, stdev=1052322.45
    clat percentiles (msec):
     |  1.00th=[    5],  5.00th=[    5], 10.00th=[    5], 20.00th=[    5],
     | 30.00th=[    6], 40.00th=[    6], 50.00th=[    6], 60.00th=[    6],
     | 70.00th=[    9], 80.00th=[   17], 90.00th=[   26], 95.00th=[ 1150],
     | 99.00th=[ 2198], 99.50th=[ 3977], 99.90th=[17113], 99.95th=[17113],
     | 99.99th=[17113]
   bw (  KiB/s): min=  312, max=2221656, per=100.00%, avg=111082.95, stdev=22091.37, samples=9541
   iops        : min=   78, max=555414, avg=27770.59, stdev=5522.84, samples=9541
  lat (usec)   : 20=0.01%, 50=0.01%, 100=0.01%, 250=0.01%, 500=0.01%
  lat (usec)   : 750=0.01%, 1000=0.01%
  lat (msec)   : 2=0.01%, 4=0.01%, 10=70.33%, 20=18.42%, 50=4.86%
  lat (msec)   : 100=0.13%, 250=0.06%, 500=0.01%, 750=0.01%, 1000=0.15%
  lat (msec)   : 2000=4.88%, >=2000=1.14%
  cpu          : usr=1.63%, sys=6.20%, ctx=495652, majf=0, minf=4733
  IO depths    : 1=0.1%, 2=0.1%, 4=0.1%, 8=0.1%, 16=0.1%, 32=0.1%, >=64=100.0%
     submit    : 0=0.0%, 4=100.0%, 8=0.0%, 16=0.0%, 32=0.0%, 64=0.0%, >=64=0.0%
     complete  : 0=0.0%, 4=100.0%, 8=0.0%, 16=0.0%, 32=0.0%, 64=0.0%, >=64=0.1%
     issued rwts: total=8150451,0,0,0 short=0,0,0,0 dropped=0,0,0,0
     latency   : target=0, window=0, percentile=100.00%, depth=256

Run status group 0 (all jobs):
   READ: bw=106MiB/s (111MB/s), 106MiB/s-106MiB/s (111MB/s-111MB/s), io=31.1GiB (33.4GB), run=300025-300025msec
