readwrite: (g=0): rw=rw, bs=(R) 4096B-4096B, (W) 4096B-4096B, (T) 4096B-4096B, ioengine=libaio, iodepth=256
...
fio-3.27
Starting 16 processes
readwrite: Laying out IO file (1 file / 1024MiB)
readwrite: Laying out IO file (1 file / 1024MiB)
readwrite: Laying out IO file (1 file / 1024MiB)
readwrite: Laying out IO file (1 file / 1024MiB)
readwrite: Laying out IO file (1 file / 1024MiB)
readwrite: Laying out IO file (1 file / 1024MiB)
readwrite: Laying out IO file (1 file / 1024MiB)
readwrite: Laying out IO file (1 file / 1024MiB)

readwrite: (groupid=0, jobs=16): err= 0: pid=73784: Wed Jul 21 19:48:41 2021
  read: IOPS=24.2k, BW=94.3MiB/s (98.9MB/s)(27.6GiB/300090msec)
    slat (usec): min=7, max=1224.5k, avg=562.95, stdev=9444.29
    clat (usec): min=15, max=42709k, avg=85170.38, stdev=988478.21
     lat (usec): min=219, max=42807k, avg=85734.07, stdev=995615.68
    clat percentiles (msec):
     |  1.00th=[   12],  5.00th=[   13], 10.00th=[   13], 20.00th=[   13],
     | 30.00th=[   14], 40.00th=[   14], 50.00th=[   14], 60.00th=[   14],
     | 70.00th=[   14], 80.00th=[   15], 90.00th=[   15], 95.00th=[   19],
     | 99.00th=[  116], 99.50th=[ 4866], 99.90th=[17113], 99.95th=[17113],
     | 99.99th=[17113]
   bw (  KiB/s): min=  128, max=444640, per=100.00%, avg=100012.85, stdev=9965.51, samples=9049
   iops        : min=   32, max=111160, avg=25003.22, stdev=2491.38, samples=9049
  write: IOPS=24.1k, BW=94.3MiB/s (98.9MB/s)(27.6GiB/300090msec); 0 zone resets
    slat (usec): min=68, max=345541, avg=78.26, stdev=280.08
    clat (usec): min=12, max=42739k, avg=83538.96, stdev=972929.27
     lat (usec): min=96, max=42739k, avg=83618.31, stdev=972931.73
    clat percentiles (msec):
     |  1.00th=[   12],  5.00th=[   13], 10.00th=[   13], 20.00th=[   13],
     | 30.00th=[   14], 40.00th=[   14], 50.00th=[   14], 60.00th=[   14],
     | 70.00th=[   14], 80.00th=[   15], 90.00th=[   15], 95.00th=[   18],
     | 99.00th=[   67], 99.50th=[ 4732], 99.90th=[17113], 99.95th=[17113],
     | 99.99th=[17113]
   bw (  KiB/s): min=  128, max=440344, per=100.00%, avg=100039.13, stdev=9985.27, samples=9007
   iops        : min=   32, max=110086, avg=25009.78, stdev=2496.32, samples=9007
  lat (usec)   : 20=0.01%, 50=0.01%, 250=0.01%, 500=0.01%, 750=0.01%
  lat (usec)   : 1000=0.01%
  lat (msec)   : 2=0.01%, 4=0.01%, 10=0.01%, 20=97.75%, 50=1.19%
  lat (msec)   : 100=0.06%, 250=0.05%, 500=0.05%, 750=0.03%, 1000=0.05%
  lat (msec)   : 2000=0.07%, >=2000=0.74%
  cpu          : usr=2.84%, sys=14.34%, ctx=55419, majf=0, minf=712
  IO depths    : 1=0.1%, 2=0.1%, 4=0.1%, 8=0.1%, 16=0.1%, 32=0.1%, >=64=100.0%
     submit    : 0=0.0%, 4=100.0%, 8=0.0%, 16=0.0%, 32=0.0%, 64=0.0%, >=64=0.0%
     complete  : 0=0.0%, 4=100.0%, 8=0.0%, 16=0.0%, 32=0.0%, 64=0.0%, >=64=0.1%
     issued rwts: total=7247656,7246929,0,0 short=0,0,0,0 dropped=0,0,0,0
     latency   : target=0, window=0, percentile=100.00%, depth=256

Run status group 0 (all jobs):
   READ: bw=94.3MiB/s (98.9MB/s), 94.3MiB/s-94.3MiB/s (98.9MB/s-98.9MB/s), io=27.6GiB (29.7GB), run=300090-300090msec
  WRITE: bw=94.3MiB/s (98.9MB/s), 94.3MiB/s-94.3MiB/s (98.9MB/s-98.9MB/s), io=27.6GiB (29.7GB), run=300090-300090msec
