readwrite: (g=0): rw=rw, bs=(R) 4096B-4096B, (W) 4096B-4096B, (T) 4096B-4096B, ioengine=libaio, iodepth=256
...
fio-3.27
Starting 2 processes
readwrite: Laying out IO file (1 file / 1024MiB)

readwrite: (groupid=0, jobs=2): err= 0: pid=262029: Wed Jul 21 16:46:43 2021
  read: IOPS=9681, BW=37.8MiB/s (39.7MB/s)(11.1GiB/300001msec)
    slat (usec): min=7, max=311570, avg=109.99, stdev=2313.19
    clat (usec): min=12, max=7971.2k, avg=26497.80, stdev=224288.22
     lat (usec): min=183, max=7981.4k, avg=26608.51, stdev=225948.53
    clat percentiles (msec):
     |  1.00th=[   12],  5.00th=[   13], 10.00th=[   13], 20.00th=[   13],
     | 30.00th=[   13], 40.00th=[   14], 50.00th=[   14], 60.00th=[   14],
     | 70.00th=[   14], 80.00th=[   14], 90.00th=[   15], 95.00th=[   15],
     | 99.00th=[   35], 99.50th=[  169], 99.90th=[ 4178], 99.95th=[ 5067],
     | 99.99th=[ 6611]
   bw (  KiB/s): min=  832, max=82728, per=100.00%, avg=39112.75, stdev=7164.41, samples=1191
   iops        : min=  208, max=20682, avg=9778.15, stdev=1791.10, samples=1191
  write: IOPS=9675, BW=37.8MiB/s (39.6MB/s)(11.1GiB/300001msec); 0 zone resets
    slat (usec): min=68, max=158597, avg=75.84, stdev=112.15
    clat (usec): min=11, max=7966.1k, avg=26181.42, stdev=221754.70
     lat (usec): min=82, max=7966.2k, avg=26258.34, stdev=221756.13
    clat percentiles (msec):
     |  1.00th=[   12],  5.00th=[   13], 10.00th=[   13], 20.00th=[   13],
     | 30.00th=[   13], 40.00th=[   14], 50.00th=[   14], 60.00th=[   14],
     | 70.00th=[   14], 80.00th=[   14], 90.00th=[   15], 95.00th=[   15],
     | 99.00th=[   35], 99.50th=[  165], 99.90th=[ 4144], 99.95th=[ 5067],
     | 99.99th=[ 6611]
   bw (  KiB/s): min=   32, max=81768, per=100.00%, avg=39032.77, stdev=7252.88, samples=1191
   iops        : min=    8, max=20442, avg=9758.13, stdev=1813.22, samples=1191
  lat (usec)   : 20=0.01%, 100=0.01%, 250=0.01%, 500=0.01%, 750=0.01%
  lat (usec)   : 1000=0.01%
  lat (msec)   : 2=0.01%, 4=0.01%, 10=0.01%, 20=97.81%, 50=1.44%
  lat (msec)   : 100=0.07%, 250=0.29%, 500=0.02%, 750=0.02%, 1000=0.02%
  lat (msec)   : 2000=0.02%, >=2000=0.30%
  cpu          : usr=9.07%, sys=44.36%, ctx=17490, majf=0, minf=89
  IO depths    : 1=0.1%, 2=0.1%, 4=0.1%, 8=0.1%, 16=0.1%, 32=0.1%, >=64=100.0%
     submit    : 0=0.0%, 4=100.0%, 8=0.0%, 16=0.0%, 32=0.0%, 64=0.0%, >=64=0.0%
     complete  : 0=0.0%, 4=100.0%, 8=0.0%, 16=0.0%, 32=0.0%, 64=0.0%, >=64=0.1%
     issued rwts: total=2904495,2902787,0,0 short=0,0,0,0 dropped=0,0,0,0
     latency   : target=0, window=0, percentile=100.00%, depth=256

Run status group 0 (all jobs):
   READ: bw=37.8MiB/s (39.7MB/s), 37.8MiB/s-37.8MiB/s (39.7MB/s-39.7MB/s), io=11.1GiB (11.9GB), run=300001-300001msec
  WRITE: bw=37.8MiB/s (39.6MB/s), 37.8MiB/s-37.8MiB/s (39.6MB/s-39.6MB/s), io=11.1GiB (11.9GB), run=300001-300001msec
