readwrite: (g=0): rw=rw, bs=(R) 4096B-4096B, (W) 4096B-4096B, (T) 4096B-4096B, ioengine=libaio, iodepth=256
...
fio-3.27
Starting 16 processes
readwrite: Laying out IO file (1 file / 1024MiB)
readwrite: Laying out IO file (1 file / 1024MiB)
readwrite: Laying out IO file (1 file / 1024MiB)
readwrite: Laying out IO file (1 file / 1024MiB)
readwrite: Laying out IO file (1 file / 1024MiB)
readwrite: Laying out IO file (1 file / 1024MiB)
readwrite: Laying out IO file (1 file / 1024MiB)
readwrite: Laying out IO file (1 file / 1024MiB)

readwrite: (groupid=0, jobs=16): err= 0: pid=49890: Wed Jul 21 19:48:41 2021
  read: IOPS=22.7k, BW=88.8MiB/s (93.1MB/s)(26.0GiB/300040msec)
    slat (usec): min=7, max=1309.1k, avg=602.85, stdev=10110.23
    clat (usec): min=11, max=42542k, avg=90399.26, stdev=1058850.73
     lat (usec): min=22, max=42748k, avg=91002.84, stdev=1066531.56
    clat percentiles (msec):
     |  1.00th=[   12],  5.00th=[   13], 10.00th=[   13], 20.00th=[   14],
     | 30.00th=[   14], 40.00th=[   14], 50.00th=[   14], 60.00th=[   14],
     | 70.00th=[   15], 80.00th=[   15], 90.00th=[   16], 95.00th=[   17],
     | 99.00th=[   60], 99.50th=[ 5403], 99.90th=[17113], 99.95th=[17113],
     | 99.99th=[17113]
   bw (  KiB/s): min=  128, max=413499, per=100.00%, avg=94541.92, stdev=9578.47, samples=8934
   iops        : min=   32, max=103374, avg=23635.46, stdev=2394.62, samples=8934
  write: IOPS=22.7k, BW=88.8MiB/s (93.1MB/s)(26.0GiB/300040msec); 0 zone resets
    slat (usec): min=68, max=294287, avg=80.47, stdev=227.80
    clat (usec): min=11, max=42449k, avg=88403.28, stdev=1044791.30
     lat (usec): min=93, max=42449k, avg=88484.85, stdev=1044793.37
    clat percentiles (msec):
     |  1.00th=[   12],  5.00th=[   13], 10.00th=[   13], 20.00th=[   14],
     | 30.00th=[   14], 40.00th=[   14], 50.00th=[   14], 60.00th=[   14],
     | 70.00th=[   15], 80.00th=[   15], 90.00th=[   16], 95.00th=[   16],
     | 99.00th=[   53], 99.50th=[ 5269], 99.90th=[17113], 99.95th=[17113],
     | 99.99th=[17113]
   bw (  KiB/s): min=  128, max=410547, per=100.00%, avg=94858.49, stdev=9601.14, samples=8889
   iops        : min=   32, max=102636, avg=23714.57, stdev=2400.28, samples=8889
  lat (usec)   : 20=0.01%, 50=0.01%, 250=0.01%, 500=0.01%, 750=0.01%
  lat (usec)   : 1000=0.01%
  lat (msec)   : 2=0.01%, 4=0.01%, 10=0.01%, 20=98.15%, 50=0.82%
  lat (msec)   : 100=0.08%, 250=0.04%, 500=0.04%, 750=0.03%, 1000=0.05%
  lat (msec)   : 2000=0.05%, >=2000=0.74%
  cpu          : usr=2.65%, sys=13.59%, ctx=49926, majf=0, minf=717
  IO depths    : 1=0.1%, 2=0.1%, 4=0.1%, 8=0.1%, 16=0.1%, 32=0.1%, >=64=100.0%
     submit    : 0=0.0%, 4=100.0%, 8=0.0%, 16=0.0%, 32=0.0%, 64=0.0%, >=64=0.0%
     complete  : 0=0.0%, 4=100.0%, 8=0.0%, 16=0.0%, 32=0.0%, 64=0.0%, >=64=0.1%
     issued rwts: total=6817043,6823308,0,0 short=0,0,0,0 dropped=0,0,0,0
     latency   : target=0, window=0, percentile=100.00%, depth=256

Run status group 0 (all jobs):
   READ: bw=88.8MiB/s (93.1MB/s), 88.8MiB/s-88.8MiB/s (93.1MB/s-93.1MB/s), io=26.0GiB (27.9GB), run=300040-300040msec
  WRITE: bw=88.8MiB/s (93.1MB/s), 88.8MiB/s-88.8MiB/s (93.1MB/s-93.1MB/s), io=26.0GiB (27.9GB), run=300040-300040msec
