test: (g=0): rw=randread, bs=(R) 4096B-4096B, (W) 4096B-4096B, (T) 4096B-4096B, ioengine=libaio, iodepth=256
...
fio-3.27
Starting 4 processes
rand-read: Laying out IO file (1 file / 1024MiB)
rand-read: Laying out IO file (1 file / 1024MiB)

test: (groupid=0, jobs=4): err= 0: pid=157771: Tue Jul 20 11:16:42 2021
  read: IOPS=438, BW=1754KiB/s (1796kB/s)(514MiB/300014msec)
    slat (usec): min=497, max=134042, avg=9098.82, stdev=6672.81
    clat (usec): min=12, max=2815.0k, avg=2317345.70, stdev=164293.26
     lat (msec): min=9, max=2818, avg=2326.45, stdev=164.47
    clat percentiles (msec):
     |  1.00th=[ 2039],  5.00th=[ 2140], 10.00th=[ 2198], 20.00th=[ 2232],
     | 30.00th=[ 2265], 40.00th=[ 2299], 50.00th=[ 2333], 60.00th=[ 2366],
     | 70.00th=[ 2366], 80.00th=[ 2433], 90.00th=[ 2467], 95.00th=[ 2534],
     | 99.00th=[ 2601], 99.50th=[ 2635], 99.90th=[ 2769], 99.95th=[ 2769],
     | 99.99th=[ 2802]
   bw (  KiB/s): min=  688, max= 2272, per=99.94%, avg=1753.14, stdev=45.25, samples=2380
   iops        : min=  172, max=  568, avg=438.29, stdev=11.31, samples=2380
  lat (usec)   : 20=0.01%, 50=0.01%
  lat (msec)   : 10=0.01%, 20=0.01%, 50=0.01%, 100=0.02%, 250=0.05%
  lat (msec)   : 500=0.07%, 750=0.08%, 1000=0.08%, 2000=0.41%, >=2000=99.26%
  cpu          : usr=0.29%, sys=1.82%, ctx=131591, majf=0, minf=1179
  IO depths    : 1=0.1%, 2=0.1%, 4=0.1%, 8=0.1%, 16=0.1%, 32=0.1%, >=64=99.8%
     submit    : 0=0.0%, 4=100.0%, 8=0.0%, 16=0.0%, 32=0.0%, 64=0.0%, >=64=0.0%
     complete  : 0=0.0%, 4=100.0%, 8=0.0%, 16=0.0%, 32=0.0%, 64=0.0%, >=64=0.1%
     issued rwts: total=131557,0,0,0 short=0,0,0,0 dropped=0,0,0,0
     latency   : target=0, window=0, percentile=100.00%, depth=256

Run status group 0 (all jobs):
   READ: bw=1754KiB/s (1796kB/s), 1754KiB/s-1754KiB/s (1796kB/s-1796kB/s), io=514MiB (539MB), run=300014-300014msec
