test: (g=0): rw=randread, bs=(R) 4096B-4096B, (W) 4096B-4096B, (T) 4096B-4096B, ioengine=libaio, iodepth=256
...
fio-3.27
Starting 2 processes
rand-read: Laying out IO file (1 file / 1024MiB)

test: (groupid=0, jobs=2): err= 0: pid=149190: Tue Jul 20 10:11:16 2021
  read: IOPS=325, BW=1302KiB/s (1333kB/s)(381MiB/300008msec)
    slat (usec): min=437, max=75153, avg=6123.49, stdev=4285.06
    clat (usec): min=12, max=1868.2k, avg=1562621.25, stdev=96098.73
     lat (msec): min=2, max=1877, avg=1568.75, stdev=96.18
    clat percentiles (msec):
     |  1.00th=[ 1401],  5.00th=[ 1452], 10.00th=[ 1485], 20.00th=[ 1502],
     | 30.00th=[ 1519], 40.00th=[ 1536], 50.00th=[ 1569], 60.00th=[ 1586],
     | 70.00th=[ 1603], 80.00th=[ 1620], 90.00th=[ 1670], 95.00th=[ 1687],
     | 99.00th=[ 1754], 99.50th=[ 1787], 99.90th=[ 1821], 99.95th=[ 1838],
     | 99.99th=[ 1854]
   bw (  KiB/s): min=  920, max= 1680, per=99.99%, avg=1302.81, stdev=54.29, samples=1192
   iops        : min=  230, max=  420, avg=325.70, stdev=13.57, samples=1192
  lat (usec)   : 20=0.01%
  lat (msec)   : 4=0.01%, 10=0.01%, 20=0.01%, 50=0.01%, 100=0.02%
  lat (msec)   : 250=0.05%, 500=0.07%, 750=0.08%, 1000=0.08%, 2000=99.68%
  cpu          : usr=0.38%, sys=2.47%, ctx=97682, majf=0, minf=588
  IO depths    : 1=0.1%, 2=0.1%, 4=0.1%, 8=0.1%, 16=0.1%, 32=0.1%, >=64=99.9%
     submit    : 0=0.0%, 4=100.0%, 8=0.0%, 16=0.0%, 32=0.0%, 64=0.0%, >=64=0.0%
     complete  : 0=0.0%, 4=100.0%, 8=0.0%, 16=0.0%, 32=0.0%, 64=0.0%, >=64=0.1%
     issued rwts: total=97660,0,0,0 short=0,0,0,0 dropped=0,0,0,0
     latency   : target=0, window=0, percentile=100.00%, depth=256

Run status group 0 (all jobs):
   READ: bw=1302KiB/s (1333kB/s), 1302KiB/s-1302KiB/s (1333kB/s-1333kB/s), io=381MiB (400MB), run=300008-300008msec
