test: (g=0): rw=read, bs=(R) 4096B-4096B, (W) 4096B-4096B, (T) 4096B-4096B, ioengine=libaio, iodepth=256
...
fio-3.27
Starting 2 processes
seq-read: Laying out IO file (1 file / 1024MiB)

test: (groupid=0, jobs=2): err= 0: pid=219554: Fri Jul 16 03:05:55 2021
  read: IOPS=29.2k, BW=114MiB/s (120MB/s)(33.4GiB/300014msec)
    slat (usec): min=10, max=287206, avg=57.19, stdev=874.02
    clat (usec): min=11, max=7623.3k, avg=17428.06, stdev=120226.73
     lat (usec): min=1300, max=7627.3k, avg=17486.05, stdev=120649.08
    clat percentiles (msec):
     |  1.00th=[    5],  5.00th=[    5], 10.00th=[    5], 20.00th=[    5],
     | 30.00th=[    5], 40.00th=[    5], 50.00th=[    6], 60.00th=[    6],
     | 70.00th=[    6], 80.00th=[    6], 90.00th=[   16], 95.00th=[   26],
     | 99.00th=[  334], 99.50th=[  953], 99.90th=[ 1770], 99.95th=[ 2039],
     | 99.99th=[ 2702]
   bw (  KiB/s): min=   56, max=328200, per=100.00%, avg=120496.69, stdev=48885.25, samples=1176
   iops        : min=   14, max=82050, avg=30124.14, stdev=12221.32, samples=1176
  lat (usec)   : 20=0.01%, 50=0.01%
  lat (msec)   : 2=0.01%, 4=0.01%, 10=87.85%, 20=5.09%, 50=5.81%
  lat (msec)   : 100=0.06%, 250=0.05%, 500=0.41%, 750=0.17%, 1000=0.10%
  lat (msec)   : 2000=0.40%, >=2000=0.06%
  cpu          : usr=12.27%, sys=33.68%, ctx=95964, majf=0, minf=590
  IO depths    : 1=0.1%, 2=0.1%, 4=0.1%, 8=0.1%, 16=0.1%, 32=0.1%, >=64=100.0%
     submit    : 0=0.0%, 4=100.0%, 8=0.0%, 16=0.0%, 32=0.0%, 64=0.0%, >=64=0.0%
     complete  : 0=0.0%, 4=100.0%, 8=0.0%, 16=0.0%, 32=0.0%, 64=0.0%, >=64=0.1%
     issued rwts: total=8759777,0,0,0 short=0,0,0,0 dropped=0,0,0,0
     latency   : target=0, window=0, percentile=100.00%, depth=256

Run status group 0 (all jobs):
   READ: bw=114MiB/s (120MB/s), 114MiB/s-114MiB/s (120MB/s-120MB/s), io=33.4GiB (35.9GB), run=300014-300014msec
