test: (g=0): rw=randread, bs=(R) 4096B-4096B, (W) 4096B-4096B, (T) 4096B-4096B, ioengine=libaio, iodepth=256
...
fio-3.27
Starting 16 processes
rand-read: Laying out IO file (1 file / 1024MiB)
rand-read: Laying out IO file (1 file / 1024MiB)
rand-read: Laying out IO file (1 file / 1024MiB)
rand-read: Laying out IO file (1 file / 1024MiB)
rand-read: Laying out IO file (1 file / 1024MiB)
rand-read: Laying out IO file (1 file / 1024MiB)
rand-read: Laying out IO file (1 file / 1024MiB)
rand-read: Laying out IO file (1 file / 1024MiB)

test: (groupid=0, jobs=16): err= 0: pid=144428: Tue Jul 20 11:31:17 2021
  read: IOPS=538, BW=2154KiB/s (2205kB/s)(631MiB/300012msec)
    slat (usec): min=549, max=361756, avg=29691.58, stdev=15832.24
    clat (usec): min=14, max=13563k, avg=7477158.08, stdev=1285105.83
     lat (msec): min=3, max=13607, avg=7506.85, stdev=1288.60
    clat percentiles (msec):
     |  1.00th=[ 2433],  5.00th=[ 6745], 10.00th=[ 6812], 20.00th=[ 6946],
     | 30.00th=[ 7013], 40.00th=[ 7148], 50.00th=[ 7215], 60.00th=[ 7349],
     | 70.00th=[ 7483], 80.00th=[ 7752], 90.00th=[ 9060], 95.00th=[10134],
     | 99.00th=[11610], 99.50th=[12147], 99.90th=[13087], 99.95th=[13355],
     | 99.99th=[13489]
   bw (  KiB/s): min=  704, max= 2944, per=99.83%, avg=2150.07, stdev=17.75, samples=9336
   iops        : min=  176, max=  736, avg=537.52, stdev= 4.44, samples=9336
  lat (usec)   : 20=0.01%, 50=0.01%
  lat (msec)   : 4=0.01%, 10=0.01%, 20=0.01%, 50=0.03%, 100=0.05%
  lat (msec)   : 250=0.12%, 500=0.12%, 750=0.09%, 1000=0.08%, 2000=0.33%
  lat (msec)   : >=2000=99.16%
  cpu          : usr=0.09%, sys=0.59%, ctx=161645, majf=0, minf=4726
  IO depths    : 1=0.1%, 2=0.1%, 4=0.1%, 8=0.1%, 16=0.2%, 32=0.3%, >=64=99.4%
     submit    : 0=0.0%, 4=100.0%, 8=0.0%, 16=0.0%, 32=0.0%, 64=0.0%, >=64=0.0%
     complete  : 0=0.0%, 4=100.0%, 8=0.0%, 16=0.0%, 32=0.0%, 64=0.0%, >=64=0.1%
     issued rwts: total=161532,0,0,0 short=0,0,0,0 dropped=0,0,0,0
     latency   : target=0, window=0, percentile=100.00%, depth=256

Run status group 0 (all jobs):
   READ: bw=2154KiB/s (2205kB/s), 2154KiB/s-2154KiB/s (2205kB/s-2205kB/s), io=631MiB (662MB), run=300012-300012msec
