readwrite: (g=0): rw=rw, bs=(R) 4096B-4096B, (W) 4096B-4096B, (T) 4096B-4096B, ioengine=libaio, iodepth=256
...
fio-3.27
Starting 4 processes
readwrite: Laying out IO file (1 file / 1024MiB)
readwrite: Laying out IO file (1 file / 1024MiB)

readwrite: (groupid=0, jobs=4): err= 0: pid=120182: Wed Jul 21 18:33:38 2021
  read: IOPS=20.9k, BW=81.6MiB/s (85.6MB/s)(23.9GiB/300013msec)
    slat (usec): min=7, max=301825, avg=93.74, stdev=1427.28
    clat (usec): min=15, max=4265.3k, avg=24451.73, stdev=95898.02
     lat (usec): min=184, max=4289.4k, avg=24546.24, stdev=96564.33
    clat percentiles (msec):
     |  1.00th=[   12],  5.00th=[   13], 10.00th=[   13], 20.00th=[   13],
     | 30.00th=[   14], 40.00th=[   14], 50.00th=[   14], 60.00th=[   14],
     | 70.00th=[   14], 80.00th=[   15], 90.00th=[   15], 95.00th=[   19],
     | 99.00th=[  409], 99.50th=[  659], 99.90th=[ 1469], 99.95th=[ 1770],
     | 99.99th=[ 2433]
   bw (  KiB/s): min=  216, max=165360, per=100.00%, avg=84396.34, stdev=12819.73, samples=2381
   iops        : min=   54, max=41340, avg=21098.86, stdev=3204.94, samples=2381
  write: IOPS=20.9k, BW=81.6MiB/s (85.5MB/s)(23.9GiB/300013msec); 0 zone resets
    slat (usec): min=68, max=108591, avg=76.03, stdev=48.98
    clat (usec): min=11, max=4267.6k, avg=24374.39, stdev=95184.34
     lat (usec): min=83, max=4267.7k, avg=24451.52, stdev=95186.43
    clat percentiles (msec):
     |  1.00th=[   12],  5.00th=[   13], 10.00th=[   13], 20.00th=[   13],
     | 30.00th=[   14], 40.00th=[   14], 50.00th=[   14], 60.00th=[   14],
     | 70.00th=[   14], 80.00th=[   15], 90.00th=[   15], 95.00th=[   19],
     | 99.00th=[  409], 99.50th=[  651], 99.90th=[ 1435], 99.95th=[ 1770],
     | 99.99th=[ 2433]
   bw (  KiB/s): min=  144, max=162825, per=100.00%, avg=84326.51, stdev=12810.01, samples=2382
   iops        : min=   36, max=40706, avg=21081.42, stdev=3202.51, samples=2382
  lat (usec)   : 20=0.01%, 50=0.01%, 100=0.01%, 250=0.01%, 500=0.01%
  lat (usec)   : 750=0.01%, 1000=0.01%
  lat (msec)   : 2=0.01%, 4=0.01%, 10=0.01%, 20=95.98%, 50=2.07%
  lat (msec)   : 100=0.08%, 250=0.19%, 500=0.94%, 750=0.33%, 1000=0.19%
  lat (msec)   : 2000=0.19%, >=2000=0.03%
  cpu          : usr=10.05%, sys=50.10%, ctx=110330, majf=0, minf=175
  IO depths    : 1=0.1%, 2=0.1%, 4=0.1%, 8=0.1%, 16=0.1%, 32=0.1%, >=64=100.0%
     submit    : 0=0.0%, 4=100.0%, 8=0.0%, 16=0.0%, 32=0.0%, 64=0.0%, >=64=0.0%
     complete  : 0=0.0%, 4=100.0%, 8=0.0%, 16=0.0%, 32=0.0%, 64=0.0%, >=64=0.1%
     issued rwts: total=6269241,6266084,0,0 short=0,0,0,0 dropped=0,0,0,0
     latency   : target=0, window=0, percentile=100.00%, depth=256

Run status group 0 (all jobs):
   READ: bw=81.6MiB/s (85.6MB/s), 81.6MiB/s-81.6MiB/s (85.6MB/s-85.6MB/s), io=23.9GiB (25.7GB), run=300013-300013msec
  WRITE: bw=81.6MiB/s (85.5MB/s), 81.6MiB/s-81.6MiB/s (85.5MB/s-85.5MB/s), io=23.9GiB (25.7GB), run=300013-300013msec
