test: (g=0): rw=randread, bs=(R) 4096B-4096B, (W) 4096B-4096B, (T) 4096B-4096B, ioengine=libaio, iodepth=256
...
fio-3.27
Starting 8 processes
rand-read: Laying out IO file (1 file / 1024MiB)
rand-read: Laying out IO file (1 file / 1024MiB)
rand-read: Laying out IO file (1 file / 1024MiB)
rand-read: Laying out IO file (1 file / 1024MiB)

test: (groupid=0, jobs=8): err= 0: pid=161680: Tue Jul 20 11:23:18 2021
  read: IOPS=571, BW=2287KiB/s (2341kB/s)(670MiB/300060msec)
    slat (usec): min=495, max=181635, avg=13967.38, stdev=11525.32
    clat (usec): min=18, max=4944.6k, avg=3549292.60, stdev=338148.82
     lat (msec): min=5, max=4956, avg=3563.26, stdev=338.71
    clat percentiles (msec):
     |  1.00th=[ 2903],  5.00th=[ 3205], 10.00th=[ 3272], 20.00th=[ 3339],
     | 30.00th=[ 3406], 40.00th=[ 3473], 50.00th=[ 3540], 60.00th=[ 3608],
     | 70.00th=[ 3675], 80.00th=[ 3742], 90.00th=[ 3910], 95.00th=[ 4044],
     | 99.00th=[ 4329], 99.50th=[ 4463], 99.90th=[ 4597], 99.95th=[ 4665],
     | 99.99th=[ 4866]
   bw (  KiB/s): min= 1000, max= 3208, per=99.85%, avg=2283.22, stdev=39.08, samples=4744
   iops        : min=  250, max=  802, avg=570.81, stdev= 9.77, samples=4744
  lat (usec)   : 20=0.01%, 50=0.01%
  lat (msec)   : 10=0.01%, 20=0.01%, 50=0.01%, 100=0.01%, 250=0.05%
  lat (msec)   : 500=0.08%, 750=0.09%, 1000=0.09%, 2000=0.33%, >=2000=99.32%
  cpu          : usr=0.21%, sys=1.30%, ctx=171591, majf=0, minf=2360
  IO depths    : 1=0.1%, 2=0.1%, 4=0.1%, 8=0.1%, 16=0.1%, 32=0.1%, >=64=99.7%
     submit    : 0=0.0%, 4=100.0%, 8=0.0%, 16=0.0%, 32=0.0%, 64=0.0%, >=64=0.0%
     complete  : 0=0.0%, 4=100.0%, 8=0.0%, 16=0.0%, 32=0.0%, 64=0.0%, >=64=0.1%
     issued rwts: total=171523,0,0,0 short=0,0,0,0 dropped=0,0,0,0
     latency   : target=0, window=0, percentile=100.00%, depth=256

Run status group 0 (all jobs):
   READ: bw=2287KiB/s (2341kB/s), 2287KiB/s-2287KiB/s (2341kB/s-2341kB/s), io=670MiB (703MB), run=300060-300060msec
