readwrite: (g=0): rw=rw, bs=(R) 4096B-4096B, (W) 4096B-4096B, (T) 4096B-4096B, ioengine=libaio, iodepth=256
...
fio-3.27
Starting 32 processes
readwrite: Laying out IO file (1 file / 1024MiB)
readwrite: Laying out IO file (1 file / 1024MiB)
readwrite: Laying out IO file (1 file / 1024MiB)
readwrite: Laying out IO file (1 file / 1024MiB)
readwrite: Laying out IO file (1 file / 1024MiB)
readwrite: Laying out IO file (1 file / 1024MiB)
readwrite: Laying out IO file (1 file / 1024MiB)
readwrite: Laying out IO file (1 file / 1024MiB)
readwrite: Laying out IO file (1 file / 1024MiB)
readwrite: Laying out IO file (1 file / 1024MiB)
readwrite: Laying out IO file (1 file / 1024MiB)
readwrite: Laying out IO file (1 file / 1024MiB)
readwrite: Laying out IO file (1 file / 1024MiB)
readwrite: Laying out IO file (1 file / 1024MiB)
readwrite: Laying out IO file (1 file / 1024MiB)
readwrite: Laying out IO file (1 file / 1024MiB)

readwrite: (groupid=0, jobs=32): err= 0: pid=51028: Wed Jul 21 18:59:27 2021
  read: IOPS=23.1k, BW=90.2MiB/s (94.5MB/s)(26.4GiB/300161msec)
    slat (usec): min=7, max=2261.3k, avg=1283.28, stdev=15210.71
    clat (usec): min=13, max=35495k, avg=178374.85, stdev=1502586.01
     lat (usec): min=108, max=35604k, avg=179658.88, stdev=1513451.99
    clat percentiles (msec):
     |  1.00th=[   13],  5.00th=[   13], 10.00th=[   13], 20.00th=[   14],
     | 30.00th=[   14], 40.00th=[   14], 50.00th=[   14], 60.00th=[   15],
     | 70.00th=[   15], 80.00th=[   15], 90.00th=[   16], 95.00th=[   19],
     | 99.00th=[ 7483], 99.50th=[12818], 99.90th=[17113], 99.95th=[17113],
     | 99.99th=[17113]
   bw (  KiB/s): min=  256, max=771853, per=100.00%, avg=98056.63, stdev=8219.90, samples=17882
   iops        : min=   64, max=192963, avg=24514.14, stdev=2054.97, samples=17882
  write: IOPS=23.1k, BW=90.2MiB/s (94.6MB/s)(26.4GiB/300161msec); 0 zone resets
    slat (usec): min=68, max=840252, avg=81.91, stdev=457.56
    clat (usec): min=11, max=35495k, avg=174692.08, stdev=1483940.23
     lat (usec): min=90, max=35495k, avg=174775.08, stdev=1483943.17
    clat percentiles (msec):
     |  1.00th=[   13],  5.00th=[   13], 10.00th=[   13], 20.00th=[   14],
     | 30.00th=[   14], 40.00th=[   14], 50.00th=[   14], 60.00th=[   15],
     | 70.00th=[   15], 80.00th=[   15], 90.00th=[   16], 95.00th=[   19],
     | 99.00th=[ 7282], 99.50th=[12684], 99.90th=[17113], 99.95th=[17113],
     | 99.99th=[17113]
   bw (  KiB/s): min=  256, max=768112, per=100.00%, avg=98084.99, stdev=8232.17, samples=17851
   iops        : min=   64, max=192028, avg=24521.23, stdev=2058.04, samples=17851
  lat (usec)   : 20=0.01%, 50=0.01%, 100=0.01%, 250=0.01%, 500=0.01%
  lat (usec)   : 750=0.01%, 1000=0.01%
  lat (msec)   : 2=0.01%, 4=0.01%, 10=0.01%, 20=97.09%, 50=1.05%
  lat (msec)   : 100=0.09%, 250=0.06%, 500=0.07%, 750=0.04%, 1000=0.06%
  lat (msec)   : 2000=0.07%, >=2000=1.46%
  cpu          : usr=1.38%, sys=7.08%, ctx=96203, majf=0, minf=1415
  IO depths    : 1=0.1%, 2=0.1%, 4=0.1%, 8=0.1%, 16=0.1%, 32=0.1%, >=64=100.0%
     submit    : 0=0.0%, 4=100.0%, 8=0.0%, 16=0.0%, 32=0.0%, 64=0.0%, >=64=0.0%
     complete  : 0=0.0%, 4=100.0%, 8=0.0%, 16=0.0%, 32=0.0%, 64=0.0%, >=64=0.1%
     issued rwts: total=6927814,6929422,0,0 short=0,0,0,0 dropped=0,0,0,0
     latency   : target=0, window=0, percentile=100.00%, depth=256

Run status group 0 (all jobs):
   READ: bw=90.2MiB/s (94.5MB/s), 90.2MiB/s-90.2MiB/s (94.5MB/s-94.5MB/s), io=26.4GiB (28.4GB), run=300161-300161msec
  WRITE: bw=90.2MiB/s (94.6MB/s), 90.2MiB/s-90.2MiB/s (94.6MB/s-94.6MB/s), io=26.4GiB (28.4GB), run=300161-300161msec
