readwrite: (g=0): rw=rw, bs=(R) 4096B-4096B, (W) 4096B-4096B, (T) 4096B-4096B, ioengine=libaio, iodepth=256
...
fio-3.27
Starting 4 processes
readwrite: Laying out IO file (1 file / 1024MiB)
readwrite: Laying out IO file (1 file / 1024MiB)

readwrite: (groupid=0, jobs=4): err= 0: pid=74370: Wed Jul 21 18:33:38 2021
  read: IOPS=19.5k, BW=76.3MiB/s (80.0MB/s)(22.3GiB/300014msec)
    slat (usec): min=7, max=282268, avg=107.35, stdev=1478.00
    clat (usec): min=16, max=3863.4k, avg=26158.33, stdev=100010.80
     lat (usec): min=104, max=3870.2k, avg=26266.47, stdev=100711.79
    clat percentiles (msec):
     |  1.00th=[   12],  5.00th=[   13], 10.00th=[   13], 20.00th=[   13],
     | 30.00th=[   14], 40.00th=[   14], 50.00th=[   14], 60.00th=[   14],
     | 70.00th=[   14], 80.00th=[   14], 90.00th=[   15], 95.00th=[   19],
     | 99.00th=[  447], 99.50th=[  676], 99.90th=[ 1418], 99.95th=[ 1787],
     | 99.99th=[ 2635]
   bw (  KiB/s): min=  176, max=166096, per=100.00%, avg=78704.27, stdev=15419.46, samples=2383
   iops        : min=   44, max=41524, avg=19676.06, stdev=3854.87, samples=2383
  write: IOPS=19.5k, BW=76.2MiB/s (79.9MB/s)(22.3GiB/300014msec); 0 zone resets
    slat (usec): min=68, max=45569, avg=75.72, stdev=35.90
    clat (usec): min=12, max=3869.7k, avg=26089.82, stdev=99639.64
     lat (usec): min=84, max=3869.8k, avg=26166.65, stdev=99642.62
    clat percentiles (msec):
     |  1.00th=[   12],  5.00th=[   13], 10.00th=[   13], 20.00th=[   13],
     | 30.00th=[   14], 40.00th=[   14], 50.00th=[   14], 60.00th=[   14],
     | 70.00th=[   14], 80.00th=[   14], 90.00th=[   15], 95.00th=[   19],
     | 99.00th=[  447], 99.50th=[  676], 99.90th=[ 1418], 99.95th=[ 1770],
     | 99.99th=[ 2668]
   bw (  KiB/s): min=  304, max=163432, per=100.00%, avg=78681.96, stdev=15407.24, samples=2382
   iops        : min=   76, max=40858, avg=19670.50, stdev=3851.81, samples=2382
  lat (usec)   : 20=0.01%, 50=0.01%, 100=0.01%, 250=0.01%, 500=0.01%
  lat (usec)   : 750=0.01%, 1000=0.01%
  lat (msec)   : 2=0.01%, 4=0.01%, 10=0.01%, 20=95.56%, 50=1.97%
  lat (msec)   : 100=0.08%, 250=0.36%, 500=1.20%, 750=0.40%, 1000=0.19%
  lat (msec)   : 2000=0.20%, >=2000=0.03%
  cpu          : usr=9.46%, sys=47.23%, ctx=133594, majf=0, minf=172
  IO depths    : 1=0.1%, 2=0.1%, 4=0.1%, 8=0.1%, 16=0.1%, 32=0.1%, >=64=100.0%
     submit    : 0=0.0%, 4=100.0%, 8=0.0%, 16=0.0%, 32=0.0%, 64=0.0%, >=64=0.0%
     complete  : 0=0.0%, 4=100.0%, 8=0.0%, 16=0.0%, 32=0.0%, 64=0.0%, >=64=0.1%
     issued rwts: total=5858651,5855791,0,0 short=0,0,0,0 dropped=0,0,0,0
     latency   : target=0, window=0, percentile=100.00%, depth=256

Run status group 0 (all jobs):
   READ: bw=76.3MiB/s (80.0MB/s), 76.3MiB/s-76.3MiB/s (80.0MB/s-80.0MB/s), io=22.3GiB (24.0GB), run=300014-300014msec
  WRITE: bw=76.2MiB/s (79.9MB/s), 76.2MiB/s-76.2MiB/s (79.9MB/s-79.9MB/s), io=22.3GiB (24.0GB), run=300014-300014msec
