test: (g=0): rw=read, bs=(R) 4096B-4096B, (W) 4096B-4096B, (T) 4096B-4096B, ioengine=libaio, iodepth=256
...
fio-3.27
Starting 32 processes
seq-read: Laying out IO file (1 file / 1024MiB)
seq-read: Laying out IO file (1 file / 1024MiB)
seq-read: Laying out IO file (1 file / 1024MiB)
seq-read: Laying out IO file (1 file / 1024MiB)
seq-read: Laying out IO file (1 file / 1024MiB)
seq-read: Laying out IO file (1 file / 1024MiB)
seq-read: Laying out IO file (1 file / 1024MiB)
seq-read: Laying out IO file (1 file / 1024MiB)
seq-read: Laying out IO file (1 file / 1024MiB)
seq-read: Laying out IO file (1 file / 1024MiB)
seq-read: Laying out IO file (1 file / 1024MiB)
seq-read: Laying out IO file (1 file / 1024MiB)
seq-read: Laying out IO file (1 file / 1024MiB)
seq-read: Laying out IO file (1 file / 1024MiB)
seq-read: Laying out IO file (1 file / 1024MiB)
seq-read: Laying out IO file (1 file / 1024MiB)

test: (groupid=0, jobs=32): err= 0: pid=212002: Tue Jul 20 14:56:18 2021
  read: IOPS=35.9k, BW=140MiB/s (147MB/s)(41.1GiB/300062msec)
    slat (usec): min=10, max=473354, avg=878.65, stdev=5061.64
    clat (usec): min=9, max=18508k, avg=226802.42, stdev=1079622.96
     lat (usec): min=22, max=18569k, avg=227682.02, stdev=1083718.02
    clat percentiles (msec):
     |  1.00th=[    5],  5.00th=[    5], 10.00th=[    5], 20.00th=[    6],
     | 30.00th=[    6], 40.00th=[    6], 50.00th=[    6], 60.00th=[    6],
     | 70.00th=[    6], 80.00th=[    6], 90.00th=[   26], 95.00th=[ 1854],
     | 99.00th=[ 5403], 99.50th=[ 8087], 99.90th=[12147], 99.95th=[13355],
     | 99.99th=[15905]
   bw (  KiB/s): min=  776, max=3960619, per=100.00%, avg=144969.80, stdev=21376.65, samples=19109
   iops        : min=  194, max=990152, avg=36242.11, stdev=5344.15, samples=19109
  lat (usec)   : 10=0.01%, 20=0.01%, 50=0.01%, 100=0.01%, 250=0.01%
  lat (usec)   : 500=0.01%, 750=0.01%, 1000=0.01%
  lat (msec)   : 2=0.01%, 4=0.01%, 10=80.99%, 20=7.55%, 50=5.38%
  lat (msec)   : 100=0.06%, 250=0.01%, 500=0.01%, 750=0.01%, 1000=0.08%
  lat (msec)   : 2000=1.62%, >=2000=4.29%
  cpu          : usr=1.08%, sys=3.61%, ctx=633318, majf=0, minf=9464
  IO depths    : 1=0.1%, 2=0.1%, 4=0.1%, 8=0.1%, 16=0.1%, 32=0.1%, >=64=100.0%
     submit    : 0=0.0%, 4=100.0%, 8=0.0%, 16=0.0%, 32=0.0%, 64=0.0%, >=64=0.0%
     complete  : 0=0.0%, 4=100.0%, 8=0.0%, 16=0.0%, 32=0.0%, 64=0.0%, >=64=0.1%
     issued rwts: total=10780483,0,0,0 short=0,0,0,0 dropped=0,0,0,0
     latency   : target=0, window=0, percentile=100.00%, depth=256

Run status group 0 (all jobs):
   READ: bw=140MiB/s (147MB/s), 140MiB/s-140MiB/s (147MB/s-147MB/s), io=41.1GiB (44.2GB), run=300062-300062msec
