test: (g=0): rw=read, bs=(R) 4096B-4096B, (W) 4096B-4096B, (T) 4096B-4096B, ioengine=libaio, iodepth=256
...
fio-3.27
Starting 16 processes
seq-read: Laying out IO file (1 file / 1024MiB)
seq-read: Laying out IO file (1 file / 1024MiB)
seq-read: Laying out IO file (1 file / 1024MiB)
seq-read: Laying out IO file (1 file / 1024MiB)
seq-read: Laying out IO file (1 file / 1024MiB)
seq-read: Laying out IO file (1 file / 1024MiB)
seq-read: Laying out IO file (1 file / 1024MiB)
seq-read: Laying out IO file (1 file / 1024MiB)

test: (groupid=0, jobs=16): err= 0: pid=245383: Tue Jul 20 13:44:17 2021
  read: IOPS=14.7k, BW=57.4MiB/s (60.2MB/s)(16.9GiB/301935msec)
    slat (usec): min=10, max=3765.3k, avg=1071.62, stdev=13644.61
    clat (usec): min=14, max=37500k, avg=275309.38, stdev=1909790.08
     lat (usec): min=735, max=37615k, avg=276381.90, stdev=1916918.59
    clat percentiles (msec):
     |  1.00th=[    5],  5.00th=[    5], 10.00th=[    5], 20.00th=[    5],
     | 30.00th=[    5], 40.00th=[    5], 50.00th=[    6], 60.00th=[    6],
     | 70.00th=[   12], 80.00th=[   17], 90.00th=[   17], 95.00th=[   39],
     | 99.00th=[10000], 99.50th=[15771], 99.90th=[17113], 99.95th=[17113],
     | 99.99th=[17113]
   bw (  KiB/s): min=  128, max=2286720, per=100.00%, avg=60323.20, stdev=19857.86, samples=9424
   iops        : min=   32, max=571679, avg=15080.75, stdev=4964.45, samples=9424
  lat (usec)   : 20=0.01%, 50=0.01%, 1000=0.01%
  lat (msec)   : 2=0.01%, 4=0.01%, 10=69.67%, 20=21.41%, 50=4.51%
  lat (msec)   : 100=0.39%, 250=0.26%, 500=0.12%, 750=0.17%, 1000=0.23%
  lat (msec)   : 2000=0.70%, >=2000=2.54%
  cpu          : usr=0.85%, sys=3.09%, ctx=156466, majf=0, minf=4736
  IO depths    : 1=0.1%, 2=0.1%, 4=0.1%, 8=0.1%, 16=0.1%, 32=0.1%, >=64=100.0%
     submit    : 0=0.0%, 4=100.0%, 8=0.0%, 16=0.0%, 32=0.0%, 64=0.0%, >=64=0.0%
     complete  : 0=0.0%, 4=100.0%, 8=0.0%, 16=0.0%, 32=0.0%, 64=0.0%, >=64=0.1%
     issued rwts: total=4438813,0,0,0 short=0,0,0,0 dropped=0,0,0,0
     latency   : target=0, window=0, percentile=100.00%, depth=256

Run status group 0 (all jobs):
   READ: bw=57.4MiB/s (60.2MB/s), 57.4MiB/s-57.4MiB/s (60.2MB/s-60.2MB/s), io=16.9GiB (18.2GB), run=301935-301935msec
