readwrite: (g=0): rw=rw, bs=(R) 4096B-4096B, (W) 4096B-4096B, (T) 4096B-4096B, ioengine=libaio, iodepth=256
...
fio-3.27
Starting 32 processes
readwrite: Laying out IO file (1 file / 1024MiB)
readwrite: Laying out IO file (1 file / 1024MiB)
readwrite: Laying out IO file (1 file / 1024MiB)
readwrite: Laying out IO file (1 file / 1024MiB)
readwrite: Laying out IO file (1 file / 1024MiB)
readwrite: Laying out IO file (1 file / 1024MiB)
readwrite: Laying out IO file (1 file / 1024MiB)
readwrite: Laying out IO file (1 file / 1024MiB)
readwrite: Laying out IO file (1 file / 1024MiB)
readwrite: Laying out IO file (1 file / 1024MiB)
readwrite: Laying out IO file (1 file / 1024MiB)
readwrite: Laying out IO file (1 file / 1024MiB)
readwrite: Laying out IO file (1 file / 1024MiB)
readwrite: Laying out IO file (1 file / 1024MiB)
readwrite: Laying out IO file (1 file / 1024MiB)
readwrite: Laying out IO file (1 file / 1024MiB)

readwrite: (groupid=0, jobs=32): err= 0: pid=123852: Wed Jul 21 19:59:27 2021
  read: IOPS=18.2k, BW=71.2MiB/s (74.7MB/s)(20.9GiB/300113msec)
    slat (usec): min=7, max=3149.8k, avg=1651.59, stdev=19937.07
    clat (usec): min=14, max=51142k, avg=226016.43, stdev=1924088.45
     lat (usec): min=103, max=51240k, avg=227668.78, stdev=1937773.06
    clat percentiles (msec):
     |  1.00th=[   12],  5.00th=[   13], 10.00th=[   13], 20.00th=[   14],
     | 30.00th=[   14], 40.00th=[   14], 50.00th=[   14], 60.00th=[   15],
     | 70.00th=[   15], 80.00th=[   15], 90.00th=[   16], 95.00th=[   19],
     | 99.00th=[10537], 99.50th=[16711], 99.90th=[17113], 99.95th=[17113],
     | 99.99th=[17113]
   bw (  KiB/s): min=  256, max=646443, per=100.00%, avg=78483.39, stdev=7209.43, samples=17189
   iops        : min=   64, max=161610, avg=19620.72, stdev=1802.35, samples=17189
  write: IOPS=18.2k, BW=71.2MiB/s (74.6MB/s)(20.9GiB/300113msec); 0 zone resets
    slat (usec): min=68, max=528063, avg=82.28, stdev=712.88
    clat (usec): min=11, max=51240k, avg=221429.11, stdev=1906638.36
     lat (usec): min=82, max=51240k, avg=221512.50, stdev=1906643.83
    clat percentiles (msec):
     |  1.00th=[   12],  5.00th=[   13], 10.00th=[   13], 20.00th=[   14],
     | 30.00th=[   14], 40.00th=[   14], 50.00th=[   14], 60.00th=[   15],
     | 70.00th=[   15], 80.00th=[   15], 90.00th=[   16], 95.00th=[   19],
     | 99.00th=[10268], 99.50th=[16576], 99.90th=[17113], 99.95th=[17113],
     | 99.99th=[17113]
   bw (  KiB/s): min=  256, max=641468, per=100.00%, avg=77792.01, stdev=7226.30, samples=17211
   iops        : min=   64, max=160365, avg=19447.87, stdev=1806.56, samples=17211
  lat (usec)   : 20=0.01%, 50=0.01%, 100=0.01%, 250=0.01%, 500=0.01%
  lat (usec)   : 750=0.01%, 1000=0.01%
  lat (msec)   : 2=0.01%, 4=0.01%, 10=0.01%, 20=96.72%, 50=1.25%
  lat (msec)   : 100=0.11%, 250=0.15%, 500=0.11%, 750=0.05%, 1000=0.05%
  lat (msec)   : 2000=0.09%, >=2000=1.45%
  cpu          : usr=1.09%, sys=5.60%, ctx=76304, majf=0, minf=1409
  IO depths    : 1=0.1%, 2=0.1%, 4=0.1%, 8=0.1%, 16=0.1%, 32=0.1%, >=64=100.0%
     submit    : 0=0.0%, 4=100.0%, 8=0.0%, 16=0.0%, 32=0.0%, 64=0.0%, >=64=0.0%
     complete  : 0=0.0%, 4=100.0%, 8=0.0%, 16=0.0%, 32=0.0%, 64=0.0%, >=64=0.1%
     issued rwts: total=5471990,5468897,0,0 short=0,0,0,0 dropped=0,0,0,0
     latency   : target=0, window=0, percentile=100.00%, depth=256

Run status group 0 (all jobs):
   READ: bw=71.2MiB/s (74.7MB/s), 71.2MiB/s-71.2MiB/s (74.7MB/s-74.7MB/s), io=20.9GiB (22.4GB), run=300113-300113msec
  WRITE: bw=71.2MiB/s (74.6MB/s), 71.2MiB/s-71.2MiB/s (74.6MB/s-74.6MB/s), io=20.9GiB (22.4GB), run=300113-300113msec
