readwrite: (g=0): rw=rw, bs=(R) 4096B-4096B, (W) 4096B-4096B, (T) 4096B-4096B, ioengine=libaio, iodepth=256
...
fio-3.27
Starting 64 processes
readwrite: Laying out IO file (1 file / 1024MiB)
readwrite: Laying out IO file (1 file / 1024MiB)
readwrite: Laying out IO file (1 file / 1024MiB)
readwrite: Laying out IO file (1 file / 1024MiB)
readwrite: Laying out IO file (1 file / 1024MiB)
readwrite: Laying out IO file (1 file / 1024MiB)
readwrite: Laying out IO file (1 file / 1024MiB)
readwrite: Laying out IO file (1 file / 1024MiB)
readwrite: Laying out IO file (1 file / 1024MiB)
readwrite: Laying out IO file (1 file / 1024MiB)
readwrite: Laying out IO file (1 file / 1024MiB)
readwrite: Laying out IO file (1 file / 1024MiB)
readwrite: Laying out IO file (1 file / 1024MiB)
readwrite: Laying out IO file (1 file / 1024MiB)
readwrite: Laying out IO file (1 file / 1024MiB)
readwrite: Laying out IO file (1 file / 1024MiB)
readwrite: Laying out IO file (1 file / 1024MiB)
readwrite: Laying out IO file (1 file / 1024MiB)
readwrite: Laying out IO file (1 file / 1024MiB)
readwrite: Laying out IO file (1 file / 1024MiB)
readwrite: Laying out IO file (1 file / 1024MiB)
readwrite: Laying out IO file (1 file / 1024MiB)
readwrite: Laying out IO file (1 file / 1024MiB)
readwrite: Laying out IO file (1 file / 1024MiB)
readwrite: Laying out IO file (1 file / 1024MiB)
readwrite: Laying out IO file (1 file / 1024MiB)
readwrite: Laying out IO file (1 file / 1024MiB)
readwrite: Laying out IO file (1 file / 1024MiB)
readwrite: Laying out IO file (1 file / 1024MiB)
readwrite: Laying out IO file (1 file / 1024MiB)
readwrite: Laying out IO file (1 file / 1024MiB)
readwrite: Laying out IO file (1 file / 1024MiB)

readwrite: (groupid=0, jobs=64): err= 0: pid=103588: Wed Jul 21 18:16:31 2021
  read: IOPS=22.3k, BW=87.0MiB/s (91.3MB/s)(25.5GiB/300102msec)
    slat (usec): min=7, max=7545.8k, avg=2752.53, stdev=33587.36
    clat (usec): min=13, max=76019k, avg=368920.73, stdev=2781238.19
     lat (usec): min=128, max=76484k, avg=371674.04, stdev=2800846.38
    clat percentiles (msec):
     |  1.00th=[   13],  5.00th=[   13], 10.00th=[   13], 20.00th=[   14],
     | 30.00th=[   14], 40.00th=[   14], 50.00th=[   15], 60.00th=[   15],
     | 70.00th=[   15], 80.00th=[   16], 90.00th=[   17], 95.00th=[   20],
     | 99.00th=[14697], 99.50th=[17113], 99.90th=[17113], 99.95th=[17113],
     | 99.99th=[17113]
   bw (  KiB/s): min=  512, max=1058959, per=100.00%, avg=99621.58, stdev=6034.05, samples=31539
   iops        : min=  128, max=264733, avg=24904.95, stdev=1508.49, samples=31539
  write: IOPS=22.3k, BW=87.0MiB/s (91.3MB/s)(25.5GiB/300102msec); 0 zone resets
    slat (usec): min=68, max=3328.6k, avg=98.20, stdev=2189.64
    clat (usec): min=12, max=75962k, avg=355369.86, stdev=2712450.57
     lat (usec): min=100, max=75962k, avg=355469.17, stdev=2712617.03
    clat percentiles (msec):
     |  1.00th=[   13],  5.00th=[   13], 10.00th=[   13], 20.00th=[   14],
     | 30.00th=[   14], 40.00th=[   14], 50.00th=[   15], 60.00th=[   15],
     | 70.00th=[   15], 80.00th=[   16], 90.00th=[   16], 95.00th=[   20],
     | 99.00th=[14429], 99.50th=[17113], 99.90th=[17113], 99.95th=[17113],
     | 99.99th=[17113]
   bw (  KiB/s): min=  512, max=1061955, per=100.00%, avg=99488.55, stdev=6059.40, samples=31398
   iops        : min=  128, max=265484, avg=24871.70, stdev=1514.83, samples=31398
  lat (usec)   : 20=0.01%, 50=0.01%, 100=0.01%, 250=0.01%, 500=0.01%
  lat (usec)   : 750=0.01%, 1000=0.01%
  lat (msec)   : 2=0.01%, 4=0.01%, 10=0.01%, 20=95.97%, 50=1.11%
  lat (msec)   : 100=0.17%, 250=0.18%, 500=0.11%, 750=0.08%, 1000=0.07%
  lat (msec)   : 2000=0.11%, >=2000=2.19%
  cpu          : usr=0.66%, sys=3.49%, ctx=133618, majf=0, minf=2833
  IO depths    : 1=0.1%, 2=0.1%, 4=0.1%, 8=0.1%, 16=0.1%, 32=0.1%, >=64=100.0%
     submit    : 0=0.0%, 4=100.0%, 8=0.0%, 16=0.0%, 32=0.0%, 64=0.0%, >=64=0.0%
     complete  : 0=0.0%, 4=100.0%, 8=0.0%, 16=0.0%, 32=0.0%, 64=0.0%, >=64=0.1%
     issued rwts: total=6687328,6687207,0,0 short=0,0,0,0 dropped=0,0,0,0
     latency   : target=0, window=0, percentile=100.00%, depth=256

Run status group 0 (all jobs):
   READ: bw=87.0MiB/s (91.3MB/s), 87.0MiB/s-87.0MiB/s (91.3MB/s-91.3MB/s), io=25.5GiB (27.4GB), run=300102-300102msec
  WRITE: bw=87.0MiB/s (91.3MB/s), 87.0MiB/s-87.0MiB/s (91.3MB/s-91.3MB/s), io=25.5GiB (27.4GB), run=300102-300102msec
