readwrite: (g=0): rw=rw, bs=(R) 4096B-4096B, (W) 4096B-4096B, (T) 4096B-4096B, ioengine=libaio, iodepth=256
...
fio-3.27
Starting 2 processes
readwrite: Laying out IO file (1 file / 1024MiB)

readwrite: (groupid=0, jobs=2): err= 0: pid=119415: Wed Jul 21 18:27:47 2021
  read: IOPS=12.4k, BW=48.6MiB/s (51.0MB/s)(14.2GiB/300001msec)
    slat (usec): min=7, max=124337, avg=64.28, stdev=666.96
    clat (usec): min=88, max=949963, avg=20495.08, stdev=42846.36
     lat (usec): min=98, max=949972, avg=20560.15, stdev=43109.92
    clat percentiles (msec):
     |  1.00th=[   12],  5.00th=[   13], 10.00th=[   13], 20.00th=[   13],
     | 30.00th=[   13], 40.00th=[   14], 50.00th=[   14], 60.00th=[   14],
     | 70.00th=[   14], 80.00th=[   14], 90.00th=[   15], 95.00th=[   23],
     | 99.00th=[  249], 99.50th=[  317], 99.90th=[  468], 99.95th=[  625],
     | 99.99th=[  885]
   bw (  KiB/s): min=  600, max=82928, per=100.00%, avg=50113.53, stdev=15866.04, samples=1190
   iops        : min=  150, max=20732, avg=12528.38, stdev=3966.51, samples=1190
  write: IOPS=12.4k, BW=48.6MiB/s (50.9MB/s)(14.2GiB/300001msec); 0 zone resets
    slat (usec): min=68, max=5532, avg=74.97, stdev=15.24
    clat (usec): min=11, max=949908, avg=20510.32, stdev=42844.46
     lat (usec): min=82, max=949979, avg=20586.38, stdev=42846.62
    clat percentiles (msec):
     |  1.00th=[   12],  5.00th=[   13], 10.00th=[   13], 20.00th=[   13],
     | 30.00th=[   13], 40.00th=[   14], 50.00th=[   14], 60.00th=[   14],
     | 70.00th=[   14], 80.00th=[   14], 90.00th=[   15], 95.00th=[   23],
     | 99.00th=[  251], 99.50th=[  317], 99.90th=[  468], 99.95th=[  600],
     | 99.99th=[  885]
   bw (  KiB/s): min=  624, max=81776, per=100.00%, avg=50087.60, stdev=15850.44, samples=1190
   iops        : min=  156, max=20444, avg=12521.90, stdev=3962.61, samples=1190
  lat (usec)   : 20=0.01%, 100=0.01%, 250=0.01%, 500=0.01%, 750=0.01%
  lat (usec)   : 1000=0.01%
  lat (msec)   : 2=0.01%, 4=0.01%, 10=0.01%, 20=94.91%, 50=1.87%
  lat (msec)   : 100=0.11%, 250=2.12%, 500=0.91%, 750=0.04%, 1000=0.04%
  cpu          : usr=11.92%, sys=59.95%, ctx=115390, majf=0, minf=87
  IO depths    : 1=0.1%, 2=0.1%, 4=0.1%, 8=0.1%, 16=0.1%, 32=0.1%, >=64=100.0%
     submit    : 0=0.0%, 4=100.0%, 8=0.0%, 16=0.0%, 32=0.0%, 64=0.0%, >=64=0.0%
     complete  : 0=0.0%, 4=100.0%, 8=0.0%, 16=0.0%, 32=0.0%, 64=0.0%, >=64=0.1%
     issued rwts: total=3732262,3730438,0,0 short=0,0,0,0 dropped=0,0,0,0
     latency   : target=0, window=0, percentile=100.00%, depth=256

Run status group 0 (all jobs):
   READ: bw=48.6MiB/s (51.0MB/s), 48.6MiB/s-48.6MiB/s (51.0MB/s-51.0MB/s), io=14.2GiB (15.3GB), run=300001-300001msec
  WRITE: bw=48.6MiB/s (50.9MB/s), 48.6MiB/s-48.6MiB/s (50.9MB/s-50.9MB/s), io=14.2GiB (15.3GB), run=300001-300001msec
