test: (g=0): rw=randread, bs=(R) 4096B-4096B, (W) 4096B-4096B, (T) 4096B-4096B, ioengine=libaio, iodepth=256
...
fio-3.27
Starting 32 processes
rand-read: Laying out IO file (1 file / 1024MiB)
rand-read: Laying out IO file (1 file / 1024MiB)
rand-read: Laying out IO file (1 file / 1024MiB)
rand-read: Laying out IO file (1 file / 1024MiB)
rand-read: Laying out IO file (1 file / 1024MiB)
rand-read: Laying out IO file (1 file / 1024MiB)
rand-read: Laying out IO file (1 file / 1024MiB)
rand-read: Laying out IO file (1 file / 1024MiB)
rand-read: Laying out IO file (1 file / 1024MiB)
rand-read: Laying out IO file (1 file / 1024MiB)
rand-read: Laying out IO file (1 file / 1024MiB)
rand-read: Laying out IO file (1 file / 1024MiB)
rand-read: Laying out IO file (1 file / 1024MiB)
rand-read: Laying out IO file (1 file / 1024MiB)
rand-read: Laying out IO file (1 file / 1024MiB)
rand-read: Laying out IO file (1 file / 1024MiB)

test: (groupid=0, jobs=32): err= 0: pid=220522: Mon Jul 19 22:26:18 2021
  read: IOPS=625, BW=2501KiB/s (2561kB/s)(733MiB/300033msec)
    slat (usec): min=833, max=411515, avg=51157.49, stdev=15941.12
    clat (usec): min=16, max=16260k, avg=12770682.32, stdev=1951968.80
     lat (msec): min=3, max=16307, avg=12821.84, stdev=1954.69
    clat percentiles (msec):
     |  1.00th=[ 1804],  5.00th=[11476], 10.00th=[11745], 20.00th=[12013],
     | 30.00th=[12281], 40.00th=[12684], 50.00th=[13087], 60.00th=[13489],
     | 70.00th=[13624], 80.00th=[13892], 90.00th=[14295], 95.00th=[14429],
     | 99.00th=[15100], 99.50th=[15234], 99.90th=[15771], 99.95th=[15905],
     | 99.99th=[16174]
   bw (  KiB/s): min=  984, max= 3432, per=99.50%, avg=2488.70, stdev= 8.45, samples=18355
   iops        : min=  246, max=  858, avg=622.18, stdev= 2.11, samples=18355
  lat (usec)   : 20=0.01%, 50=0.01%
  lat (msec)   : 4=0.01%, 10=0.01%, 20=0.01%, 50=0.05%, 100=0.07%
  lat (msec)   : 250=0.18%, 500=0.19%, 750=0.12%, 1000=0.09%, 2000=0.32%
  lat (msec)   : >=2000=98.94%
  cpu          : usr=0.06%, sys=0.37%, ctx=187803, majf=0, minf=9453
  IO depths    : 1=0.1%, 2=0.1%, 4=0.1%, 8=0.1%, 16=0.3%, 32=0.5%, >=64=98.9%
     submit    : 0=0.0%, 4=100.0%, 8=0.0%, 16=0.0%, 32=0.0%, 64=0.0%, >=64=0.0%
     complete  : 0=0.0%, 4=100.0%, 8=0.0%, 16=0.0%, 32=0.0%, 64=0.0%, >=64=0.1%
     issued rwts: total=187562,0,0,0 short=0,0,0,0 dropped=0,0,0,0
     latency   : target=0, window=0, percentile=100.00%, depth=256

Run status group 0 (all jobs):
   READ: bw=2501KiB/s (2561kB/s), 2501KiB/s-2501KiB/s (2561kB/s-2561kB/s), io=733MiB (768MB), run=300033-300033msec
