test: (g=0): rw=randread, bs=(R) 4096B-4096B, (W) 4096B-4096B, (T) 4096B-4096B, ioengine=libaio, iodepth=256
...
fio-3.27
Starting 2 processes
rand-read: Laying out IO file (1 file / 1024MiB)

test: (groupid=0, jobs=2): err= 0: pid=163074: Tue Jul 20 11:10:52 2021
  read: IOPS=286, BW=1144KiB/s (1172kB/s)(335MiB/300005msec)
    slat (usec): min=437, max=77611, avg=6969.84, stdev=4670.38
    clat (usec): min=12, max=2129.9k, avg=1777471.55, stdev=112271.29
     lat (msec): min=4, max=2137, avg=1784.44, stdev=112.40
    clat percentiles (msec):
     |  1.00th=[ 1586],  5.00th=[ 1653], 10.00th=[ 1687], 20.00th=[ 1720],
     | 30.00th=[ 1737], 40.00th=[ 1754], 50.00th=[ 1787], 60.00th=[ 1804],
     | 70.00th=[ 1821], 80.00th=[ 1854], 90.00th=[ 1888], 95.00th=[ 1921],
     | 99.00th=[ 1989], 99.50th=[ 2005], 99.90th=[ 2056], 99.95th=[ 2072],
     | 99.99th=[ 2106]
   bw (  KiB/s): min=  632, max= 1440, per=99.96%, avg=1144.08, stdev=48.04, samples=1192
   iops        : min=  158, max=  360, avg=286.02, stdev=12.01, samples=1192
  lat (usec)   : 20=0.01%
  lat (msec)   : 10=0.01%, 20=0.01%, 50=0.01%, 100=0.02%, 250=0.04%
  lat (msec)   : 500=0.09%, 750=0.08%, 1000=0.08%, 2000=99.06%, >=2000=0.60%
  cpu          : usr=0.34%, sys=2.18%, ctx=85853, majf=0, minf=589
  IO depths    : 1=0.1%, 2=0.1%, 4=0.1%, 8=0.1%, 16=0.1%, 32=0.1%, >=64=99.9%
     submit    : 0=0.0%, 4=100.0%, 8=0.0%, 16=0.0%, 32=0.0%, 64=0.0%, >=64=0.0%
     complete  : 0=0.0%, 4=100.0%, 8=0.0%, 16=0.0%, 32=0.0%, 64=0.0%, >=64=0.1%
     issued rwts: total=85835,0,0,0 short=0,0,0,0 dropped=0,0,0,0
     latency   : target=0, window=0, percentile=100.00%, depth=256

Run status group 0 (all jobs):
   READ: bw=1144KiB/s (1172kB/s), 1144KiB/s-1144KiB/s (1172kB/s-1172kB/s), io=335MiB (352MB), run=300005-300005msec
