readwrite: (g=0): rw=rw, bs=(R) 4096B-4096B, (W) 4096B-4096B, (T) 4096B-4096B, ioengine=libaio, iodepth=256
...
fio-3.27
Starting 16 processes
readwrite: Laying out IO file (1 file / 1024MiB)
readwrite: Laying out IO file (1 file / 1024MiB)
readwrite: Laying out IO file (1 file / 1024MiB)
readwrite: Laying out IO file (1 file / 1024MiB)
readwrite: Laying out IO file (1 file / 1024MiB)
readwrite: Laying out IO file (1 file / 1024MiB)
readwrite: Laying out IO file (1 file / 1024MiB)
readwrite: Laying out IO file (1 file / 1024MiB)

readwrite: (groupid=0, jobs=16): err= 0: pid=72643: Wed Jul 21 17:00:39 2021
  read: IOPS=49.0k, BW=191MiB/s (201MB/s)(56.1GiB/300335msec)
    slat (usec): min=7, max=1714.7k, avg=220.56, stdev=4558.85
    clat (usec): min=14, max=22111k, avg=41803.47, stdev=390981.29
     lat (usec): min=194, max=22208k, avg=42024.76, stdev=393696.12
    clat percentiles (msec):
     |  1.00th=[   13],  5.00th=[   13], 10.00th=[   13], 20.00th=[   14],
     | 30.00th=[   14], 40.00th=[   14], 50.00th=[   14], 60.00th=[   15],
     | 70.00th=[   15], 80.00th=[   15], 90.00th=[   16], 95.00th=[   17],
     | 99.00th=[   60], 99.50th=[ 1972], 99.90th=[ 6074], 99.95th=[ 8356],
     | 99.99th=[13355]
   bw (  KiB/s): min=  128, max=620552, per=100.00%, avg=199996.48, stdev=13185.66, samples=9420
   iops        : min=   32, max=155138, avg=49999.06, stdev=3296.41, samples=9420
  write: IOPS=49.0k, BW=191MiB/s (201MB/s)(56.1GiB/300335msec); 0 zone resets
    slat (usec): min=68, max=1891.3k, avg=84.45, stdev=1412.54
    clat (usec): min=11, max=22205k, avg=41347.18, stdev=387061.23
     lat (usec): min=89, max=22205k, avg=41432.75, stdev=387104.91
    clat percentiles (msec):
     |  1.00th=[   13],  5.00th=[   13], 10.00th=[   13], 20.00th=[   14],
     | 30.00th=[   14], 40.00th=[   14], 50.00th=[   14], 60.00th=[   15],
     | 70.00th=[   15], 80.00th=[   15], 90.00th=[   16], 95.00th=[   17],
     | 99.00th=[   56], 99.50th=[ 1938], 99.90th=[ 6074], 99.95th=[ 8221],
     | 99.99th=[13355]
   bw (  KiB/s): min=  128, max=616345, per=100.00%, avg=200201.18, stdev=13189.10, samples=9400
   iops        : min=   32, max=154086, avg=50050.23, stdev=3297.27, samples=9400
  lat (usec)   : 20=0.01%, 50=0.01%, 100=0.01%, 250=0.01%, 500=0.01%
  lat (usec)   : 750=0.01%, 1000=0.01%
  lat (msec)   : 2=0.01%, 4=0.01%, 10=0.01%, 20=97.91%, 50=1.07%
  lat (msec)   : 100=0.07%, 250=0.04%, 500=0.06%, 750=0.05%, 1000=0.07%
  lat (msec)   : 2000=0.24%, >=2000=0.49%
  cpu          : usr=5.86%, sys=29.67%, ctx=114966, majf=0, minf=707
  IO depths    : 1=0.1%, 2=0.1%, 4=0.1%, 8=0.1%, 16=0.1%, 32=0.1%, >=64=100.0%
     submit    : 0=0.0%, 4=100.0%, 8=0.0%, 16=0.0%, 32=0.0%, 64=0.0%, >=64=0.0%
     complete  : 0=0.0%, 4=100.0%, 8=0.0%, 16=0.0%, 32=0.0%, 64=0.0%, >=64=0.1%
     issued rwts: total=14715442,14717965,0,0 short=0,0,0,0 dropped=0,0,0,0
     latency   : target=0, window=0, percentile=100.00%, depth=256

Run status group 0 (all jobs):
   READ: bw=191MiB/s (201MB/s), 191MiB/s-191MiB/s (201MB/s-201MB/s), io=56.1GiB (60.3GB), run=300335-300335msec
  WRITE: bw=191MiB/s (201MB/s), 191MiB/s-191MiB/s (201MB/s-201MB/s), io=56.1GiB (60.3GB), run=300335-300335msec
