readwrite: (g=0): rw=rw, bs=(R) 4096B-4096B, (W) 4096B-4096B, (T) 4096B-4096B, ioengine=libaio, iodepth=256
...
fio-3.27
Starting 32 processes
readwrite: Laying out IO file (1 file / 1024MiB)
readwrite: Laying out IO file (1 file / 1024MiB)
readwrite: Laying out IO file (1 file / 1024MiB)
readwrite: Laying out IO file (1 file / 1024MiB)
readwrite: Laying out IO file (1 file / 1024MiB)
readwrite: Laying out IO file (1 file / 1024MiB)
readwrite: Laying out IO file (1 file / 1024MiB)
readwrite: Laying out IO file (1 file / 1024MiB)
readwrite: Laying out IO file (1 file / 1024MiB)
readwrite: Laying out IO file (1 file / 1024MiB)
readwrite: Laying out IO file (1 file / 1024MiB)
readwrite: Laying out IO file (1 file / 1024MiB)
readwrite: Laying out IO file (1 file / 1024MiB)
readwrite: Laying out IO file (1 file / 1024MiB)
readwrite: Laying out IO file (1 file / 1024MiB)
readwrite: Laying out IO file (1 file / 1024MiB)

readwrite: (groupid=0, jobs=32): err= 0: pid=259273: Wed Jul 21 17:04:57 2021
  read: IOPS=44.6k, BW=174MiB/s (183MB/s)(51.1GiB/300081msec)
    slat (usec): min=7, max=2588.6k, avg=611.43, stdev=8779.69
    clat (usec): min=10, max=33017k, avg=91536.20, stdev=809335.75
     lat (usec): min=23, max=33211k, avg=92148.38, stdev=815187.62
    clat percentiles (msec):
     |  1.00th=[   13],  5.00th=[   13], 10.00th=[   14], 20.00th=[   14],
     | 30.00th=[   14], 40.00th=[   14], 50.00th=[   15], 60.00th=[   15],
     | 70.00th=[   15], 80.00th=[   16], 90.00th=[   16], 95.00th=[   20],
     | 99.00th=[ 2970], 99.50th=[ 5940], 99.90th=[11610], 99.95th=[14697],
     | 99.99th=[17113]
   bw (  KiB/s): min=  256, max=1080647, per=100.00%, avg=182927.14, stdev=10416.31, samples=18394
   iops        : min=   64, max=270160, avg=45731.39, stdev=2604.06, samples=18394
  write: IOPS=44.6k, BW=174MiB/s (183MB/s)(51.0GiB/300081msec); 0 zone resets
    slat (usec): min=68, max=1899.2k, avg=84.79, stdev=1206.85
    clat (usec): min=11, max=33161k, avg=90366.14, stdev=801106.87
     lat (usec): min=91, max=33161k, avg=90452.05, stdev=801123.62
    clat percentiles (msec):
     |  1.00th=[   13],  5.00th=[   13], 10.00th=[   14], 20.00th=[   14],
     | 30.00th=[   14], 40.00th=[   14], 50.00th=[   15], 60.00th=[   15],
     | 70.00th=[   15], 80.00th=[   16], 90.00th=[   16], 95.00th=[   20],
     | 99.00th=[ 2903], 99.50th=[ 5873], 99.90th=[11476], 99.95th=[14563],
     | 99.99th=[17113]
   bw (  KiB/s): min=  256, max=1074867, per=100.00%, avg=183083.61, stdev=10432.89, samples=18324
   iops        : min=   64, max=268715, avg=45770.53, stdev=2608.20, samples=18324
  lat (usec)   : 20=0.01%, 50=0.01%, 100=0.01%, 250=0.01%, 500=0.01%
  lat (usec)   : 750=0.01%, 1000=0.01%
  lat (msec)   : 2=0.01%, 4=0.01%, 10=0.01%, 20=96.97%, 50=1.45%
  lat (msec)   : 100=0.08%, 250=0.07%, 500=0.06%, 750=0.04%, 1000=0.05%
  lat (msec)   : 2000=0.12%, >=2000=1.16%
  cpu          : usr=2.70%, sys=13.90%, ctx=164806, majf=0, minf=1420
  IO depths    : 1=0.1%, 2=0.1%, 4=0.1%, 8=0.1%, 16=0.1%, 32=0.1%, >=64=100.0%
     submit    : 0=0.0%, 4=100.0%, 8=0.0%, 16=0.0%, 32=0.0%, 64=0.0%, >=64=0.0%
     complete  : 0=0.0%, 4=100.0%, 8=0.0%, 16=0.0%, 32=0.0%, 64=0.0%, >=64=0.1%
     issued rwts: total=13383963,13380854,0,0 short=0,0,0,0 dropped=0,0,0,0
     latency   : target=0, window=0, percentile=100.00%, depth=256

Run status group 0 (all jobs):
   READ: bw=174MiB/s (183MB/s), 174MiB/s-174MiB/s (183MB/s-183MB/s), io=51.1GiB (54.8GB), run=300081-300081msec
  WRITE: bw=174MiB/s (183MB/s), 174MiB/s-174MiB/s (183MB/s-183MB/s), io=51.0GiB (54.8GB), run=300081-300081msec
