test: (g=0): rw=randread, bs=(R) 4096B-4096B, (W) 4096B-4096B, (T) 4096B-4096B, ioengine=libaio, iodepth=256
...
fio-3.27
Starting 8 processes
rand-read: Laying out IO file (1 file / 1024MiB)
rand-read: Laying out IO file (1 file / 1024MiB)
rand-read: Laying out IO file (1 file / 1024MiB)
rand-read: Laying out IO file (1 file / 1024MiB)

test: (groupid=0, jobs=8): err= 0: pid=135006: Tue Jul 20 11:23:18 2021
  read: IOPS=573, BW=2293KiB/s (2348kB/s)(672MiB/300038msec)
    slat (usec): min=485, max=198399, avg=13932.21, stdev=11529.41
    clat (usec): min=13, max=4634.7k, avg=3540220.55, stdev=317163.74
     lat (msec): min=7, max=4649, avg=3554.16, stdev=317.59
    clat percentiles (msec):
     |  1.00th=[ 2937],  5.00th=[ 3205], 10.00th=[ 3272], 20.00th=[ 3373],
     | 30.00th=[ 3440], 40.00th=[ 3473], 50.00th=[ 3540], 60.00th=[ 3574],
     | 70.00th=[ 3641], 80.00th=[ 3742], 90.00th=[ 3842], 95.00th=[ 3977],
     | 99.00th=[ 4212], 99.50th=[ 4279], 99.90th=[ 4396], 99.95th=[ 4530],
     | 99.99th=[ 4597]
   bw (  KiB/s): min=  896, max= 3296, per=99.84%, avg=2289.82, stdev=39.94, samples=4744
   iops        : min=  224, max=  824, avg=572.46, stdev= 9.99, samples=4744
  lat (usec)   : 20=0.01%, 50=0.01%, 100=0.01%
  lat (msec)   : 10=0.01%, 20=0.01%, 50=0.01%, 100=0.01%, 250=0.06%
  lat (msec)   : 500=0.08%, 750=0.07%, 1000=0.08%, 2000=0.33%, >=2000=99.35%
  cpu          : usr=0.18%, sys=1.22%, ctx=172044, majf=0, minf=2360
  IO depths    : 1=0.1%, 2=0.1%, 4=0.1%, 8=0.1%, 16=0.1%, 32=0.1%, >=64=99.7%
     submit    : 0=0.0%, 4=100.0%, 8=0.0%, 16=0.0%, 32=0.0%, 64=0.0%, >=64=0.0%
     complete  : 0=0.0%, 4=100.0%, 8=0.0%, 16=0.0%, 32=0.0%, 64=0.0%, >=64=0.1%
     issued rwts: total=171978,0,0,0 short=0,0,0,0 dropped=0,0,0,0
     latency   : target=0, window=0, percentile=100.00%, depth=256

Run status group 0 (all jobs):
   READ: bw=2293KiB/s (2348kB/s), 2293KiB/s-2293KiB/s (2348kB/s-2348kB/s), io=672MiB (704MB), run=300038-300038msec
