test: (g=0): rw=randread, bs=(R) 4096B-4096B, (W) 4096B-4096B, (T) 4096B-4096B, ioengine=libaio, iodepth=256
...
fio-3.27
Starting 16 processes
rand-read: Laying out IO file (1 file / 1024MiB)
rand-read: Laying out IO file (1 file / 1024MiB)
rand-read: Laying out IO file (1 file / 1024MiB)
rand-read: Laying out IO file (1 file / 1024MiB)
rand-read: Laying out IO file (1 file / 1024MiB)
rand-read: Laying out IO file (1 file / 1024MiB)
rand-read: Laying out IO file (1 file / 1024MiB)
rand-read: Laying out IO file (1 file / 1024MiB)

test: (groupid=0, jobs=16): err= 0: pid=214115: Mon Jul 19 22:15:36 2021
  read: IOPS=698, BW=2793KiB/s (2860kB/s)(818MiB/300039msec)
    slat (usec): min=594, max=285930, avg=22886.35, stdev=14197.33
    clat (usec): min=13, max=8323.0k, avg=5791456.31, stdev=834642.02
     lat (msec): min=8, max=8338, avg=5814.35, stdev=836.76
    clat percentiles (msec):
     |  1.00th=[ 3004],  5.00th=[ 4665], 10.00th=[ 4799], 20.00th=[ 5067],
     | 30.00th=[ 5403], 40.00th=[ 5671], 50.00th=[ 5940], 60.00th=[ 6141],
     | 70.00th=[ 6275], 80.00th=[ 6409], 90.00th=[ 6611], 95.00th=[ 6879],
     | 99.00th=[ 7416], 99.50th=[ 7550], 99.90th=[ 7819], 99.95th=[ 8087],
     | 99.99th=[ 8221]
   bw (  KiB/s): min= 1064, max= 3832, per=99.81%, avg=2788.44, stdev=23.43, samples=9416
   iops        : min=  266, max=  958, avg=697.11, stdev= 5.86, samples=9416
  lat (usec)   : 20=0.01%, 50=0.01%
  lat (msec)   : 10=0.01%, 20=0.01%, 50=0.01%, 100=0.02%, 250=0.06%
  lat (msec)   : 500=0.09%, 750=0.08%, 1000=0.08%, 2000=0.33%, >=2000=99.32%
  cpu          : usr=0.12%, sys=0.78%, ctx=209640, majf=0, minf=4719
  IO depths    : 1=0.1%, 2=0.1%, 4=0.1%, 8=0.1%, 16=0.1%, 32=0.2%, >=64=99.5%
     submit    : 0=0.0%, 4=100.0%, 8=0.0%, 16=0.0%, 32=0.0%, 64=0.0%, >=64=0.0%
     complete  : 0=0.0%, 4=100.0%, 8=0.0%, 16=0.0%, 32=0.0%, 64=0.0%, >=64=0.1%
     issued rwts: total=209516,0,0,0 short=0,0,0,0 dropped=0,0,0,0
     latency   : target=0, window=0, percentile=100.00%, depth=256

Run status group 0 (all jobs):
   READ: bw=2793KiB/s (2860kB/s), 2793KiB/s-2793KiB/s (2860kB/s-2860kB/s), io=818MiB (858MB), run=300039-300039msec
