readwrite: (g=0): rw=rw, bs=(R) 4096B-4096B, (W) 4096B-4096B, (T) 4096B-4096B, ioengine=libaio, iodepth=256
...
fio-3.27
Starting 32 processes
readwrite: Laying out IO file (1 file / 1024MiB)
readwrite: Laying out IO file (1 file / 1024MiB)
readwrite: Laying out IO file (1 file / 1024MiB)
readwrite: Laying out IO file (1 file / 1024MiB)
readwrite: Laying out IO file (1 file / 1024MiB)
readwrite: Laying out IO file (1 file / 1024MiB)
readwrite: Laying out IO file (1 file / 1024MiB)
readwrite: Laying out IO file (1 file / 1024MiB)
readwrite: Laying out IO file (1 file / 1024MiB)
readwrite: Laying out IO file (1 file / 1024MiB)
readwrite: Laying out IO file (1 file / 1024MiB)
readwrite: Laying out IO file (1 file / 1024MiB)
readwrite: Laying out IO file (1 file / 1024MiB)
readwrite: Laying out IO file (1 file / 1024MiB)
readwrite: Laying out IO file (1 file / 1024MiB)
readwrite: Laying out IO file (1 file / 1024MiB)

readwrite: (groupid=0, jobs=32): err= 0: pid=95815: Wed Jul 21 17:59:58 2021
  read: IOPS=33.8k, BW=132MiB/s (138MB/s)(38.7GiB/300338msec)
    slat (usec): min=7, max=2310.1k, avg=844.28, stdev=11238.10
    clat (usec): min=10, max=29571k, avg=121445.10, stdev=1154925.94
     lat (usec): min=20, max=29691k, avg=122290.12, stdev=1163432.26
    clat percentiles (msec):
     |  1.00th=[   12],  5.00th=[   13], 10.00th=[   13], 20.00th=[   14],
     | 30.00th=[   14], 40.00th=[   14], 50.00th=[   14], 60.00th=[   14],
     | 70.00th=[   15], 80.00th=[   15], 90.00th=[   16], 95.00th=[   17],
     | 99.00th=[ 3339], 99.50th=[ 8557], 99.90th=[17113], 99.95th=[17113],
     | 99.99th=[17113]
   bw (  KiB/s): min=  256, max=808324, per=100.00%, avg=139124.51, stdev=8736.09, samples=18297
   iops        : min=   64, max=202080, avg=34781.01, stdev=2184.01, samples=18297
  write: IOPS=33.8k, BW=132MiB/s (139MB/s)(38.7GiB/300338msec); 0 zone resets
    slat (usec): min=68, max=343812, avg=80.37, stdev=218.45
    clat (usec): min=11, max=29593k, avg=119556.87, stdev=1145433.83
     lat (usec): min=90, max=29593k, avg=119638.34, stdev=1145436.40
    clat percentiles (msec):
     |  1.00th=[   12],  5.00th=[   13], 10.00th=[   13], 20.00th=[   14],
     | 30.00th=[   14], 40.00th=[   14], 50.00th=[   14], 60.00th=[   14],
     | 70.00th=[   15], 80.00th=[   15], 90.00th=[   16], 95.00th=[   17],
     | 99.00th=[ 3104], 99.50th=[ 8490], 99.90th=[17113], 99.95th=[17113],
     | 99.99th=[17113]
   bw (  KiB/s): min=  256, max=807028, per=100.00%, avg=139241.93, stdev=8736.59, samples=18303
   iops        : min=   64, max=201756, avg=34810.36, stdev=2184.14, samples=18303
  lat (usec)   : 20=0.01%, 50=0.01%, 100=0.01%, 250=0.01%, 500=0.01%
  lat (usec)   : 750=0.01%, 1000=0.01%
  lat (msec)   : 2=0.01%, 4=0.01%, 10=0.01%, 20=97.73%, 50=0.82%
  lat (msec)   : 100=0.07%, 250=0.06%, 500=0.05%, 750=0.04%, 1000=0.05%
  lat (msec)   : 2000=0.07%, >=2000=1.10%
  cpu          : usr=2.02%, sys=10.15%, ctx=114464, majf=0, minf=1418
  IO depths    : 1=0.1%, 2=0.1%, 4=0.1%, 8=0.1%, 16=0.1%, 32=0.1%, >=64=100.0%
     submit    : 0=0.0%, 4=100.0%, 8=0.0%, 16=0.0%, 32=0.0%, 64=0.0%, >=64=0.0%
     complete  : 0=0.0%, 4=100.0%, 8=0.0%, 16=0.0%, 32=0.0%, 64=0.0%, >=64=0.1%
     issued rwts: total=10153895,10157068,0,0 short=0,0,0,0 dropped=0,0,0,0
     latency   : target=0, window=0, percentile=100.00%, depth=256

Run status group 0 (all jobs):
   READ: bw=132MiB/s (138MB/s), 132MiB/s-132MiB/s (138MB/s-138MB/s), io=38.7GiB (41.6GB), run=300338-300338msec
  WRITE: bw=132MiB/s (139MB/s), 132MiB/s-132MiB/s (139MB/s-139MB/s), io=38.7GiB (41.6GB), run=300338-300338msec
