test: (g=0): rw=randread, bs=(R) 4096B-4096B, (W) 4096B-4096B, (T) 4096B-4096B, ioengine=libaio, iodepth=256
...
fio-3.27
Starting 4 processes
rand-read: Laying out IO file (1 file / 1024MiB)
rand-read: Laying out IO file (1 file / 1024MiB)

test: (groupid=0, jobs=4): err= 0: pid=165572: Tue Jul 20 11:16:42 2021
  read: IOPS=444, BW=1776KiB/s (1819kB/s)(520MiB/300008msec)
    slat (usec): min=476, max=114922, avg=8985.31, stdev=6570.34
    clat (usec): min=15, max=2751.6k, avg=2288635.94, stdev=160487.71
     lat (msec): min=4, max=2758, avg=2297.62, stdev=160.67
    clat percentiles (msec):
     |  1.00th=[ 2022],  5.00th=[ 2123], 10.00th=[ 2165], 20.00th=[ 2198],
     | 30.00th=[ 2232], 40.00th=[ 2265], 50.00th=[ 2299], 60.00th=[ 2333],
     | 70.00th=[ 2366], 80.00th=[ 2400], 90.00th=[ 2433], 95.00th=[ 2500],
     | 99.00th=[ 2567], 99.50th=[ 2601], 99.90th=[ 2668], 99.95th=[ 2702],
     | 99.99th=[ 2735]
   bw (  KiB/s): min=  760, max= 2266, per=99.94%, avg=1775.01, stdev=44.47, samples=2380
   iops        : min=  190, max=  566, avg=443.75, stdev=11.12, samples=2380
  lat (usec)   : 20=0.01%, 50=0.01%
  lat (msec)   : 10=0.01%, 20=0.01%, 50=0.01%, 100=0.02%, 250=0.05%
  lat (msec)   : 500=0.08%, 750=0.10%, 1000=0.08%, 2000=0.44%, >=2000=99.22%
  cpu          : usr=0.29%, sys=1.91%, ctx=133236, majf=0, minf=1181
  IO depths    : 1=0.1%, 2=0.1%, 4=0.1%, 8=0.1%, 16=0.1%, 32=0.1%, >=64=99.8%
     submit    : 0=0.0%, 4=100.0%, 8=0.0%, 16=0.0%, 32=0.0%, 64=0.0%, >=64=0.0%
     complete  : 0=0.0%, 4=100.0%, 8=0.0%, 16=0.0%, 32=0.0%, 64=0.0%, >=64=0.1%
     issued rwts: total=133204,0,0,0 short=0,0,0,0 dropped=0,0,0,0
     latency   : target=0, window=0, percentile=100.00%, depth=256

Run status group 0 (all jobs):
   READ: bw=1776KiB/s (1819kB/s), 1776KiB/s-1776KiB/s (1819kB/s-1819kB/s), io=520MiB (546MB), run=300008-300008msec
