test: (g=0): rw=randread, bs=(R) 4096B-4096B, (W) 4096B-4096B, (T) 4096B-4096B, ioengine=libaio, iodepth=256
...
fio-3.27
Starting 8 processes
rand-read: Laying out IO file (1 file / 1024MiB)
rand-read: Laying out IO file (1 file / 1024MiB)
rand-read: Laying out IO file (1 file / 1024MiB)
rand-read: Laying out IO file (1 file / 1024MiB)

test: (groupid=0, jobs=8): err= 0: pid=205077: Mon Jul 19 22:07:38 2021
  read: IOPS=655, BW=2620KiB/s (2683kB/s)(768MiB/300034msec)
    slat (usec): min=479, max=179998, avg=12186.64, stdev=9823.10
    clat (usec): min=15, max=4026.3k, avg=3098630.64, stdev=256538.73
     lat (msec): min=5, max=4037, avg=3110.82, stdev=256.83
    clat percentiles (msec):
     |  1.00th=[ 2668],  5.00th=[ 2836], 10.00th=[ 2903], 20.00th=[ 2970],
     | 30.00th=[ 3004], 40.00th=[ 3037], 50.00th=[ 3104], 60.00th=[ 3138],
     | 70.00th=[ 3205], 80.00th=[ 3272], 90.00th=[ 3373], 95.00th=[ 3440],
     | 99.00th=[ 3608], 99.50th=[ 3675], 99.90th=[ 3842], 99.95th=[ 3910],
     | 99.99th=[ 3977]
   bw (  KiB/s): min= 1128, max= 3696, per=99.95%, avg=2619.82, stdev=41.29, samples=4747
   iops        : min=  282, max=  924, avg=654.95, stdev=10.32, samples=4747
  lat (usec)   : 20=0.01%, 50=0.01%
  lat (msec)   : 10=0.01%, 20=0.01%, 50=0.01%, 100=0.02%, 250=0.04%
  lat (msec)   : 500=0.09%, 750=0.08%, 1000=0.08%, 2000=0.31%, >=2000=99.36%
  cpu          : usr=0.22%, sys=1.43%, ctx=196604, majf=0, minf=2362
  IO depths    : 1=0.1%, 2=0.1%, 4=0.1%, 8=0.1%, 16=0.1%, 32=0.1%, >=64=99.7%
     submit    : 0=0.0%, 4=100.0%, 8=0.0%, 16=0.0%, 32=0.0%, 64=0.0%, >=64=0.0%
     complete  : 0=0.0%, 4=100.0%, 8=0.0%, 16=0.0%, 32=0.0%, 64=0.0%, >=64=0.1%
     issued rwts: total=196546,0,0,0 short=0,0,0,0 dropped=0,0,0,0
     latency   : target=0, window=0, percentile=100.00%, depth=256

Run status group 0 (all jobs):
   READ: bw=2620KiB/s (2683kB/s), 2620KiB/s-2620KiB/s (2683kB/s-2683kB/s), io=768MiB (805MB), run=300034-300034msec
