test: (g=0): rw=randread, bs=(R) 4096B-4096B, (W) 4096B-4096B, (T) 4096B-4096B, ioengine=libaio, iodepth=256
...
fio-3.27
Starting 8 processes
rand-read: Laying out IO file (1 file / 1024MiB)
rand-read: Laying out IO file (1 file / 1024MiB)
rand-read: Laying out IO file (1 file / 1024MiB)
rand-read: Laying out IO file (1 file / 1024MiB)

test: (groupid=0, jobs=8): err= 0: pid=170735: Mon Jul 19 18:59:18 2021
  read: IOPS=1128, BW=4514KiB/s (4622kB/s)(1323MiB/300015msec)
    slat (usec): min=443, max=153298, avg=7064.35, stdev=5484.89
    clat (usec): min=15, max=2525.5k, avg=1801742.80, stdev=226658.77
     lat (msec): min=4, max=2534, avg=1808.81, stdev=227.36
    clat percentiles (msec):
     |  1.00th=[ 1301],  5.00th=[ 1418], 10.00th=[ 1502], 20.00th=[ 1620],
     | 30.00th=[ 1703], 40.00th=[ 1754], 50.00th=[ 1804], 60.00th=[ 1871],
     | 70.00th=[ 1938], 80.00th=[ 2005], 90.00th=[ 2072], 95.00th=[ 2140],
     | 99.00th=[ 2232], 99.50th=[ 2265], 99.90th=[ 2400], 99.95th=[ 2433],
     | 99.99th=[ 2500]
   bw (  KiB/s): min= 1688, max= 6194, per=100.00%, avg=4514.57, stdev=75.91, samples=4765
   iops        : min=  422, max= 1548, avg=1128.37, stdev=18.96, samples=4765
  lat (usec)   : 20=0.01%, 50=0.01%
  lat (msec)   : 10=0.01%, 20=0.01%, 50=0.01%, 100=0.02%, 250=0.05%
  lat (msec)   : 500=0.08%, 750=0.07%, 1000=0.08%, 2000=79.74%, >=2000=19.95%
  cpu          : usr=0.38%, sys=2.46%, ctx=338693, majf=0, minf=2358
  IO depths    : 1=0.1%, 2=0.1%, 4=0.1%, 8=0.1%, 16=0.1%, 32=0.1%, >=64=99.9%
     submit    : 0=0.0%, 4=100.0%, 8=0.0%, 16=0.0%, 32=0.0%, 64=0.0%, >=64=0.0%
     complete  : 0=0.0%, 4=100.0%, 8=0.0%, 16=0.0%, 32=0.0%, 64=0.0%, >=64=0.1%
     issued rwts: total=338569,0,0,0 short=0,0,0,0 dropped=0,0,0,0
     latency   : target=0, window=0, percentile=100.00%, depth=256

Run status group 0 (all jobs):
   READ: bw=4514KiB/s (4622kB/s), 4514KiB/s-4514KiB/s (4622kB/s-4622kB/s), io=1323MiB (1387MB), run=300015-300015msec
