readwrite: (g=0): rw=rw, bs=(R) 4096B-4096B, (W) 4096B-4096B, (T) 4096B-4096B, ioengine=libaio, iodepth=256
...
fio-3.27
Starting 2 processes
readwrite: Laying out IO file (1 file / 1024MiB)

readwrite: (groupid=0, jobs=2): err= 0: pid=6271: Wed Jul 21 17:28:15 2021
  read: IOPS=16.6k, BW=65.0MiB/s (68.1MB/s)(19.0GiB/300001msec)
    slat (usec): min=7, max=85708, avg=24.62, stdev=323.36
    clat (usec): min=90, max=1022.3k, avg=15346.13, stdev=21942.47
     lat (usec): min=104, max=1022.3k, avg=15371.50, stdev=21995.64
    clat percentiles (msec):
     |  1.00th=[   12],  5.00th=[   13], 10.00th=[   13], 20.00th=[   13],
     | 30.00th=[   13], 40.00th=[   14], 50.00th=[   14], 60.00th=[   14],
     | 70.00th=[   14], 80.00th=[   14], 90.00th=[   15], 95.00th=[   16],
     | 99.00th=[  101], 99.50th=[  129], 99.90th=[  197], 99.95th=[  275],
     | 99.99th=[  877]
   bw (  KiB/s): min= 3120, max=84464, per=100.00%, avg=67233.51, stdev=9726.39, samples=1186
   iops        : min=  780, max=21116, avg=16808.38, stdev=2431.60, samples=1186
  write: IOPS=16.6k, BW=64.9MiB/s (68.1MB/s)(19.0GiB/300001msec); 0 zone resets
    slat (usec): min=68, max=5442, avg=74.31, stdev=14.69
    clat (usec): min=11, max=1022.3k, avg=15335.71, stdev=21706.49
     lat (usec): min=82, max=1022.4k, avg=15411.11, stdev=21707.12
    clat percentiles (msec):
     |  1.00th=[   12],  5.00th=[   13], 10.00th=[   13], 20.00th=[   13],
     | 30.00th=[   13], 40.00th=[   14], 50.00th=[   14], 60.00th=[   14],
     | 70.00th=[   14], 80.00th=[   14], 90.00th=[   15], 95.00th=[   16],
     | 99.00th=[  102], 99.50th=[  129], 99.90th=[  197], 99.95th=[  271],
     | 99.99th=[  877]
   bw (  KiB/s): min= 2768, max=82352, per=100.00%, avg=67184.36, stdev=9708.99, samples=1186
   iops        : min=  692, max=20588, avg=16796.09, stdev=2427.25, samples=1186
  lat (usec)   : 20=0.01%, 100=0.01%, 250=0.01%, 500=0.01%, 750=0.01%
  lat (usec)   : 1000=0.01%
  lat (msec)   : 2=0.01%, 4=0.01%, 10=0.01%, 20=96.82%, 50=2.03%
  lat (msec)   : 100=0.15%, 250=0.95%, 500=0.01%, 750=0.01%, 1000=0.04%
  lat (msec)   : 2000=0.01%
  cpu          : usr=15.83%, sys=77.30%, ctx=51638, majf=0, minf=88
  IO depths    : 1=0.1%, 2=0.1%, 4=0.1%, 8=0.1%, 16=0.1%, 32=0.1%, >=64=100.0%
     submit    : 0=0.0%, 4=100.0%, 8=0.0%, 16=0.0%, 32=0.0%, 64=0.0%, >=64=0.0%
     complete  : 0=0.0%, 4=100.0%, 8=0.0%, 16=0.0%, 32=0.0%, 64=0.0%, >=64=0.1%
     issued rwts: total=4989213,4985646,0,0 short=0,0,0,0 dropped=0,0,0,0
     latency   : target=0, window=0, percentile=100.00%, depth=256

Run status group 0 (all jobs):
   READ: bw=65.0MiB/s (68.1MB/s), 65.0MiB/s-65.0MiB/s (68.1MB/s-68.1MB/s), io=19.0GiB (20.4GB), run=300001-300001msec
  WRITE: bw=64.9MiB/s (68.1MB/s), 64.9MiB/s-64.9MiB/s (68.1MB/s-68.1MB/s), io=19.0GiB (20.4GB), run=300001-300001msec
