readwrite: (g=0): rw=rw, bs=(R) 4096B-4096B, (W) 4096B-4096B, (T) 4096B-4096B, ioengine=libaio, iodepth=256
...
fio-3.27
Starting 16 processes
readwrite: Laying out IO file (1 file / 1024MiB)
readwrite: Laying out IO file (1 file / 1024MiB)
readwrite: Laying out IO file (1 file / 1024MiB)
readwrite: Laying out IO file (1 file / 1024MiB)
readwrite: Laying out IO file (1 file / 1024MiB)
readwrite: Laying out IO file (1 file / 1024MiB)
readwrite: Laying out IO file (1 file / 1024MiB)
readwrite: Laying out IO file (1 file / 1024MiB)

readwrite: (groupid=0, jobs=16): err= 0: pid=34250: Wed Jul 21 17:49:11 2021
  read: IOPS=43.2k, BW=169MiB/s (177MB/s)(49.4GiB/300046msec)
    slat (usec): min=7, max=1580.5k, avg=269.89, stdev=4997.17
    clat (usec): min=10, max=22978k, avg=47440.45, stdev=466558.54
     lat (usec): min=19, max=23275k, avg=47711.07, stdev=469973.84
    clat percentiles (msec):
     |  1.00th=[   12],  5.00th=[   13], 10.00th=[   13], 20.00th=[   14],
     | 30.00th=[   14], 40.00th=[   14], 50.00th=[   14], 60.00th=[   14],
     | 70.00th=[   15], 80.00th=[   15], 90.00th=[   15], 95.00th=[   16],
     | 99.00th=[   48], 99.50th=[ 2500], 99.90th=[ 7550], 99.95th=[10000],
     | 99.99th=[15637]
   bw (  KiB/s): min=  144, max=594250, per=100.00%, avg=174789.53, stdev=12440.92, samples=9434
   iops        : min=   36, max=148562, avg=43697.09, stdev=3110.21, samples=9434
  write: IOPS=43.2k, BW=169MiB/s (177MB/s)(49.4GiB/300046msec); 0 zone resets
    slat (usec): min=68, max=482706, avg=79.52, stdev=224.68
    clat (usec): min=12, max=23095k, avg=47007.90, stdev=463473.31
     lat (usec): min=95, max=23095k, avg=47088.54, stdev=463475.25
    clat percentiles (msec):
     |  1.00th=[   12],  5.00th=[   13], 10.00th=[   13], 20.00th=[   14],
     | 30.00th=[   14], 40.00th=[   14], 50.00th=[   14], 60.00th=[   14],
     | 70.00th=[   15], 80.00th=[   15], 90.00th=[   15], 95.00th=[   16],
     | 99.00th=[   43], 99.50th=[ 2500], 99.90th=[ 7483], 99.95th=[10000],
     | 99.99th=[15503]
   bw (  KiB/s): min=  136, max=586888, per=100.00%, avg=174579.94, stdev=12445.17, samples=9439
   iops        : min=   34, max=146722, avg=43644.71, stdev=3111.28, samples=9439
  lat (usec)   : 20=0.01%, 50=0.01%, 100=0.01%, 250=0.01%, 500=0.01%
  lat (usec)   : 750=0.01%, 1000=0.01%
  lat (msec)   : 2=0.01%, 4=0.01%, 10=0.01%, 20=98.01%, 50=1.01%
  lat (msec)   : 100=0.06%, 250=0.05%, 500=0.05%, 750=0.02%, 1000=0.05%
  lat (msec)   : 2000=0.17%, >=2000=0.58%
  cpu          : usr=5.11%, sys=25.65%, ctx=101427, majf=0, minf=719
  IO depths    : 1=0.1%, 2=0.1%, 4=0.1%, 8=0.1%, 16=0.1%, 32=0.1%, >=64=100.0%
     submit    : 0=0.0%, 4=100.0%, 8=0.0%, 16=0.0%, 32=0.0%, 64=0.0%, >=64=0.0%
     complete  : 0=0.0%, 4=100.0%, 8=0.0%, 16=0.0%, 32=0.0%, 64=0.0%, >=64=0.1%
     issued rwts: total=12954403,12954766,0,0 short=0,0,0,0 dropped=0,0,0,0
     latency   : target=0, window=0, percentile=100.00%, depth=256

Run status group 0 (all jobs):
   READ: bw=169MiB/s (177MB/s), 169MiB/s-169MiB/s (177MB/s-177MB/s), io=49.4GiB (53.1GB), run=300046-300046msec
  WRITE: bw=169MiB/s (177MB/s), 169MiB/s-169MiB/s (177MB/s-177MB/s), io=49.4GiB (53.1GB), run=300046-300046msec
