test: (g=0): rw=randread, bs=(R) 4096B-4096B, (W) 4096B-4096B, (T) 4096B-4096B, ioengine=libaio, iodepth=256
fio-3.27
Starting 1 process
test: Laying out IO file (1 file / 1024MiB)

test: (groupid=0, jobs=1): err= 0: pid=194039: Mon Jul 19 21:49:36 2021
  read: IOPS=174, BW=696KiB/s (713kB/s)(204MiB/300007msec)
    slat (usec): min=456, max=80263, avg=5727.44, stdev=4552.70
    clat (usec): min=19, max=2079.6k, avg=1462146.01, stdev=103981.71
     lat (msec): min=9, max=2085, avg=1467.88, stdev=104.13
    clat percentiles (msec):
     |  1.00th=[ 1284],  5.00th=[ 1334], 10.00th=[ 1368], 20.00th=[ 1401],
     | 30.00th=[ 1418], 40.00th=[ 1435], 50.00th=[ 1452], 60.00th=[ 1485],
     | 70.00th=[ 1502], 80.00th=[ 1536], 90.00th=[ 1569], 95.00th=[ 1603],
     | 99.00th=[ 1670], 99.50th=[ 1737], 99.90th=[ 2005], 99.95th=[ 2039],
     | 99.99th=[ 2072]
   bw (  KiB/s): min=  256, max=  856, per=99.84%, avg=695.55, stdev=67.70, samples=597
   iops        : min=   64, max=  214, avg=173.88, stdev=16.93, samples=597
  lat (usec)   : 20=0.01%
  lat (msec)   : 10=0.01%, 20=0.01%, 50=0.01%, 100=0.02%, 250=0.05%
  lat (msec)   : 500=0.08%, 750=0.09%, 1000=0.09%, 2000=99.55%, >=2000=0.11%
  cpu          : usr=0.36%, sys=2.52%, ctx=52218, majf=0, minf=294
  IO depths    : 1=0.1%, 2=0.1%, 4=0.1%, 8=0.1%, 16=0.1%, 32=0.1%, >=64=99.9%
     submit    : 0=0.0%, 4=100.0%, 8=0.0%, 16=0.0%, 32=0.0%, 64=0.0%, >=64=0.0%
     complete  : 0=0.0%, 4=100.0%, 8=0.0%, 16=0.0%, 32=0.0%, 64=0.0%, >=64=0.1%
     issued rwts: total=52209,0,0,0 short=0,0,0,0 dropped=0,0,0,0
     latency   : target=0, window=0, percentile=100.00%, depth=256

Run status group 0 (all jobs):
   READ: bw=696KiB/s (713kB/s), 696KiB/s-696KiB/s (713kB/s-713kB/s), io=204MiB (214MB), run=300007-300007msec
