readwrite: (g=0): rw=rw, bs=(R) 4096B-4096B, (W) 4096B-4096B, (T) 4096B-4096B, ioengine=libaio, iodepth=256
...
fio-3.27
Starting 64 processes
readwrite: Laying out IO file (1 file / 1024MiB)
readwrite: Laying out IO file (1 file / 1024MiB)
readwrite: Laying out IO file (1 file / 1024MiB)
readwrite: Laying out IO file (1 file / 1024MiB)
readwrite: Laying out IO file (1 file / 1024MiB)
readwrite: Laying out IO file (1 file / 1024MiB)
readwrite: Laying out IO file (1 file / 1024MiB)
readwrite: Laying out IO file (1 file / 1024MiB)
readwrite: Laying out IO file (1 file / 1024MiB)
readwrite: Laying out IO file (1 file / 1024MiB)
readwrite: Laying out IO file (1 file / 1024MiB)
readwrite: Laying out IO file (1 file / 1024MiB)
readwrite: Laying out IO file (1 file / 1024MiB)
readwrite: Laying out IO file (1 file / 1024MiB)
readwrite: Laying out IO file (1 file / 1024MiB)
readwrite: Laying out IO file (1 file / 1024MiB)
readwrite: Laying out IO file (1 file / 1024MiB)
readwrite: Laying out IO file (1 file / 1024MiB)
readwrite: Laying out IO file (1 file / 1024MiB)
readwrite: Laying out IO file (1 file / 1024MiB)
readwrite: Laying out IO file (1 file / 1024MiB)
readwrite: Laying out IO file (1 file / 1024MiB)
readwrite: Laying out IO file (1 file / 1024MiB)
readwrite: Laying out IO file (1 file / 1024MiB)
readwrite: Laying out IO file (1 file / 1024MiB)
readwrite: Laying out IO file (1 file / 1024MiB)
readwrite: Laying out IO file (1 file / 1024MiB)
readwrite: Laying out IO file (1 file / 1024MiB)
readwrite: Laying out IO file (1 file / 1024MiB)
readwrite: Laying out IO file (1 file / 1024MiB)
readwrite: Laying out IO file (1 file / 1024MiB)
readwrite: Laying out IO file (1 file / 1024MiB)

readwrite: (groupid=0, jobs=64): err= 0: pid=96060: Wed Jul 21 18:16:30 2021
  read: IOPS=23.5k, BW=91.9MiB/s (96.4MB/s)(26.9GiB/300080msec)
    slat (usec): min=7, max=4610.4k, avg=2615.41, stdev=27417.60
    clat (usec): min=15, max=44862k, avg=349766.63, stdev=2362889.53
     lat (usec): min=117, max=45124k, avg=352382.84, stdev=2379966.16
    clat percentiles (msec):
     |  1.00th=[   13],  5.00th=[   13], 10.00th=[   14], 20.00th=[   14],
     | 30.00th=[   14], 40.00th=[   14], 50.00th=[   15], 60.00th=[   15],
     | 70.00th=[   15], 80.00th=[   16], 90.00th=[   17], 95.00th=[   20],
     | 99.00th=[14966], 99.50th=[17113], 99.90th=[17113], 99.95th=[17113],
     | 99.99th=[17113]
   bw (  KiB/s): min=  512, max=1171198, per=100.00%, avg=103222.47, stdev=6230.22, samples=33601
   iops        : min=  128, max=292797, avg=25805.51, stdev=1557.55, samples=33601
  write: IOPS=23.5k, BW=91.8MiB/s (96.3MB/s)(26.9GiB/300080msec); 0 zone resets
    slat (usec): min=68, max=456022, avg=83.37, stdev=335.24
    clat (usec): min=13, max=44888k, avg=338605.83, stdev=2319398.25
     lat (usec): min=99, max=44888k, avg=338690.35, stdev=2319401.88
    clat percentiles (msec):
     |  1.00th=[   13],  5.00th=[   13], 10.00th=[   14], 20.00th=[   14],
     | 30.00th=[   14], 40.00th=[   14], 50.00th=[   15], 60.00th=[   15],
     | 70.00th=[   15], 80.00th=[   16], 90.00th=[   17], 95.00th=[   20],
     | 99.00th=[14697], 99.50th=[17113], 99.90th=[17113], 99.95th=[17113],
     | 99.99th=[17113]
   bw (  KiB/s): min=  512, max=1167642, per=100.00%, avg=104081.93, stdev=6226.14, samples=33432
   iops        : min=  128, max=291908, avg=26020.35, stdev=1556.53, samples=33432
  lat (usec)   : 20=0.01%, 50=0.01%, 250=0.01%, 500=0.01%, 750=0.01%
  lat (usec)   : 1000=0.01%
  lat (msec)   : 2=0.01%, 4=0.01%, 10=0.01%, 20=95.65%, 50=1.52%
  lat (msec)   : 100=0.10%, 250=0.08%, 500=0.09%, 750=0.07%, 1000=0.06%
  lat (msec)   : 2000=0.09%, >=2000=2.33%
  cpu          : usr=0.72%, sys=3.75%, ctx=148979, majf=0, minf=2831
  IO depths    : 1=0.1%, 2=0.1%, 4=0.1%, 8=0.1%, 16=0.1%, 32=0.1%, >=64=100.0%
     submit    : 0=0.0%, 4=100.0%, 8=0.0%, 16=0.0%, 32=0.0%, 64=0.0%, >=64=0.0%
     complete  : 0=0.0%, 4=100.0%, 8=0.0%, 16=0.0%, 32=0.0%, 64=0.0%, >=64=0.1%
     issued rwts: total=7059735,7052966,0,0 short=0,0,0,0 dropped=0,0,0,0
     latency   : target=0, window=0, percentile=100.00%, depth=256

Run status group 0 (all jobs):
   READ: bw=91.9MiB/s (96.4MB/s), 91.9MiB/s-91.9MiB/s (96.4MB/s-96.4MB/s), io=26.9GiB (28.9GB), run=300080-300080msec
  WRITE: bw=91.8MiB/s (96.3MB/s), 91.8MiB/s-91.8MiB/s (96.3MB/s-96.3MB/s), io=26.9GiB (28.9GB), run=300080-300080msec
