test: (g=0): rw=randread, bs=(R) 4096B-4096B, (W) 4096B-4096B, (T) 4096B-4096B, ioengine=libaio, iodepth=256
...
fio-3.27
Starting 64 processes
rand-read: Laying out IO file (1 file / 1024MiB)
rand-read: Laying out IO file (1 file / 1024MiB)
rand-read: Laying out IO file (1 file / 1024MiB)
rand-read: Laying out IO file (1 file / 1024MiB)
rand-read: Laying out IO file (1 file / 1024MiB)
rand-read: Laying out IO file (1 file / 1024MiB)
rand-read: Laying out IO file (1 file / 1024MiB)
rand-read: Laying out IO file (1 file / 1024MiB)
rand-read: Laying out IO file (1 file / 1024MiB)
rand-read: Laying out IO file (1 file / 1024MiB)
rand-read: Laying out IO file (1 file / 1024MiB)
rand-read: Laying out IO file (1 file / 1024MiB)
rand-read: Laying out IO file (1 file / 1024MiB)
rand-read: Laying out IO file (1 file / 1024MiB)
rand-read: Laying out IO file (1 file / 1024MiB)
rand-read: Laying out IO file (1 file / 1024MiB)
rand-read: Laying out IO file (1 file / 1024MiB)
rand-read: Laying out IO file (1 file / 1024MiB)
rand-read: Laying out IO file (1 file / 1024MiB)
rand-read: Laying out IO file (1 file / 1024MiB)
rand-read: Laying out IO file (1 file / 1024MiB)
rand-read: Laying out IO file (1 file / 1024MiB)
rand-read: Laying out IO file (1 file / 1024MiB)
rand-read: Laying out IO file (1 file / 1024MiB)
rand-read: Laying out IO file (1 file / 1024MiB)
rand-read: Laying out IO file (1 file / 1024MiB)
rand-read: Laying out IO file (1 file / 1024MiB)
rand-read: Laying out IO file (1 file / 1024MiB)
rand-read: Laying out IO file (1 file / 1024MiB)
rand-read: Laying out IO file (1 file / 1024MiB)
rand-read: Laying out IO file (1 file / 1024MiB)
rand-read: Laying out IO file (1 file / 1024MiB)

test: (groupid=0, jobs=64): err= 0: pid=166675: Mon Jul 19 20:01:24 2021
  read: IOPS=1425, BW=5701KiB/s (5838kB/s)(1670MiB/300031msec)
    slat (usec): min=613, max=1652.5k, avg=44875.10, stdev=34472.63
    clat (usec): min=15, max=20204k, avg=11228002.77, stdev=2545809.70
     lat (msec): min=5, max=20259, avg=11272.88, stdev=2553.13
    clat percentiles (msec):
     |  1.00th=[ 1234],  5.00th=[ 9329], 10.00th=[ 9597], 20.00th=[ 9731],
     | 30.00th=[10000], 40.00th=[10268], 50.00th=[10671], 60.00th=[10939],
     | 70.00th=[12416], 80.00th=[13355], 90.00th=[14697], 95.00th=[15637],
     | 99.00th=[16979], 99.50th=[17113], 99.90th=[17113], 99.95th=[17113],
     | 99.99th=[17113]
   bw (  KiB/s): min= 1976, max=14096, per=99.99%, avg=5700.71, stdev=16.31, samples=36713
   iops        : min=  494, max= 3524, avg=1425.18, stdev= 4.08, samples=36713
  lat (usec)   : 20=0.01%, 50=0.01%, 100=0.01%
  lat (msec)   : 10=0.01%, 20=0.01%, 50=0.04%, 100=0.05%, 250=0.16%
  lat (msec)   : 500=0.24%, 750=0.20%, 1000=0.15%, 2000=0.48%, >=2000=98.64%
  cpu          : usr=0.07%, sys=0.42%, ctx=428110, majf=0, minf=18903
  IO depths    : 1=0.1%, 2=0.1%, 4=0.1%, 8=0.1%, 16=0.2%, 32=0.5%, >=64=99.1%
     submit    : 0=0.0%, 4=100.0%, 8=0.0%, 16=0.0%, 32=0.0%, 64=0.0%, >=64=0.0%
     complete  : 0=0.0%, 4=100.0%, 8=0.0%, 16=0.0%, 32=0.0%, 64=0.0%, >=64=0.1%
     issued rwts: total=427605,0,0,0 short=0,0,0,0 dropped=0,0,0,0
     latency   : target=0, window=0, percentile=100.00%, depth=256

Run status group 0 (all jobs):
   READ: bw=5701KiB/s (5838kB/s), 5701KiB/s-5701KiB/s (5838kB/s-5838kB/s), io=1670MiB (1751MB), run=300031-300031msec
