readwrite: (g=0): rw=rw, bs=(R) 4096B-4096B, (W) 4096B-4096B, (T) 4096B-4096B, ioengine=libaio, iodepth=256
...
fio-3.27
Starting 2 processes
readwrite: Laying out IO file (1 file / 1024MiB)

readwrite: (groupid=0, jobs=2): err= 0: pid=95724: Wed Jul 21 18:27:47 2021
  read: IOPS=14.4k, BW=56.2MiB/s (59.0MB/s)(16.5GiB/300001msec)
    slat (usec): min=7, max=142429, avg=42.40, stdev=518.46
    clat (usec): min=12, max=1067.3k, avg=17729.36, stdev=33882.82
     lat (usec): min=183, max=1067.3k, avg=17772.53, stdev=34056.64
    clat percentiles (msec):
     |  1.00th=[   12],  5.00th=[   13], 10.00th=[   13], 20.00th=[   13],
     | 30.00th=[   13], 40.00th=[   14], 50.00th=[   14], 60.00th=[   14],
     | 70.00th=[   14], 80.00th=[   14], 90.00th=[   15], 95.00th=[   19],
     | 99.00th=[  163], 99.50th=[  255], 99.90th=[  430], 99.95th=[  592],
     | 99.99th=[  902]
   bw (  KiB/s): min=  904, max=82960, per=100.00%, avg=58113.12, stdev=14382.63, samples=1188
   iops        : min=  226, max=20740, avg=14528.14, stdev=3595.66, samples=1188
  write: IOPS=14.4k, BW=56.2MiB/s (58.9MB/s)(16.5GiB/300001msec); 0 zone resets
    slat (usec): min=68, max=25477, avg=74.95, stdev=19.46
    clat (usec): min=11, max=1067.3k, avg=17716.54, stdev=33759.86
     lat (usec): min=82, max=1067.4k, avg=17792.59, stdev=33761.38
    clat percentiles (msec):
     |  1.00th=[   12],  5.00th=[   13], 10.00th=[   13], 20.00th=[   13],
     | 30.00th=[   13], 40.00th=[   14], 50.00th=[   14], 60.00th=[   14],
     | 70.00th=[   14], 80.00th=[   14], 90.00th=[   15], 95.00th=[   19],
     | 99.00th=[  163], 99.50th=[  255], 99.90th=[  426], 99.95th=[  567],
     | 99.99th=[  902]
   bw (  KiB/s): min=  936, max=81888, per=100.00%, avg=58084.48, stdev=14369.21, samples=1188
   iops        : min=  234, max=20472, avg=14520.93, stdev=3592.30, samples=1188
  lat (usec)   : 20=0.01%, 100=0.01%, 250=0.01%, 500=0.01%, 750=0.01%
  lat (usec)   : 1000=0.01%
  lat (msec)   : 2=0.01%, 4=0.01%, 10=0.01%, 20=96.05%, 50=1.94%
  lat (msec)   : 100=0.11%, 250=1.38%, 500=0.46%, 750=0.02%, 1000=0.04%
  lat (msec)   : 2000=0.01%
  cpu          : usr=13.92%, sys=68.26%, ctx=81198, majf=0, minf=88
  IO depths    : 1=0.1%, 2=0.1%, 4=0.1%, 8=0.1%, 16=0.1%, 32=0.1%, >=64=100.0%
     submit    : 0=0.0%, 4=100.0%, 8=0.0%, 16=0.0%, 32=0.0%, 64=0.0%, >=64=0.0%
     complete  : 0=0.0%, 4=100.0%, 8=0.0%, 16=0.0%, 32=0.0%, 64=0.0%, >=64=0.1%
     issued rwts: total=4318044,4315933,0,0 short=0,0,0,0 dropped=0,0,0,0
     latency   : target=0, window=0, percentile=100.00%, depth=256

Run status group 0 (all jobs):
   READ: bw=56.2MiB/s (59.0MB/s), 56.2MiB/s-56.2MiB/s (59.0MB/s-59.0MB/s), io=16.5GiB (17.7GB), run=300001-300001msec
  WRITE: bw=56.2MiB/s (58.9MB/s), 56.2MiB/s-56.2MiB/s (58.9MB/s-58.9MB/s), io=16.5GiB (17.7GB), run=300001-300001msec
