test: (g=0): rw=randread, bs=(R) 4096B-4096B, (W) 4096B-4096B, (T) 4096B-4096B, ioengine=libaio, iodepth=256
...
fio-3.27
Starting 8 processes
rand-read: Laying out IO file (1 file / 1024MiB)
rand-read: Laying out IO file (1 file / 1024MiB)
rand-read: Laying out IO file (1 file / 1024MiB)
rand-read: Laying out IO file (1 file / 1024MiB)

test: (groupid=0, jobs=8): err= 0: pid=163804: Tue Jul 20 11:23:19 2021
  read: IOPS=576, BW=2305KiB/s (2360kB/s)(675MiB/300014msec)
    slat (usec): min=488, max=234750, avg=13856.76, stdev=11456.73
    clat (usec): min=13, max=4715.9k, avg=3518647.75, stdev=338248.70
     lat (usec): min=643, max=4729.4k, avg=3532507.69, stdev=338842.90
    clat percentiles (msec):
     |  1.00th=[ 2635],  5.00th=[ 3171], 10.00th=[ 3239], 20.00th=[ 3339],
     | 30.00th=[ 3406], 40.00th=[ 3473], 50.00th=[ 3507], 60.00th=[ 3574],
     | 70.00th=[ 3641], 80.00th=[ 3708], 90.00th=[ 3842], 95.00th=[ 3977],
     | 99.00th=[ 4245], 99.50th=[ 4329], 99.90th=[ 4530], 99.95th=[ 4530],
     | 99.99th=[ 4597]
   bw (  KiB/s): min=  832, max= 3336, per=99.82%, avg=2301.87, stdev=40.44, samples=4741
   iops        : min=  208, max=  834, avg=575.47, stdev=10.11, samples=4741
  lat (usec)   : 20=0.01%, 50=0.01%, 750=0.01%
  lat (msec)   : 10=0.01%, 20=0.01%, 50=0.02%, 100=0.03%, 250=0.09%
  lat (msec)   : 500=0.10%, 750=0.09%, 1000=0.08%, 2000=0.34%, >=2000=99.23%
  cpu          : usr=0.20%, sys=1.27%, ctx=172962, majf=0, minf=2362
  IO depths    : 1=0.1%, 2=0.1%, 4=0.1%, 8=0.1%, 16=0.1%, 32=0.1%, >=64=99.7%
     submit    : 0=0.0%, 4=100.0%, 8=0.0%, 16=0.0%, 32=0.0%, 64=0.0%, >=64=0.0%
     complete  : 0=0.0%, 4=100.0%, 8=0.0%, 16=0.0%, 32=0.0%, 64=0.0%, >=64=0.1%
     issued rwts: total=172892,0,0,0 short=0,0,0,0 dropped=0,0,0,0
     latency   : target=0, window=0, percentile=100.00%, depth=256

Run status group 0 (all jobs):
   READ: bw=2305KiB/s (2360kB/s), 2305KiB/s-2305KiB/s (2360kB/s-2360kB/s), io=675MiB (708MB), run=300014-300014msec
