readwrite: (g=0): rw=rw, bs=(R) 4096B-4096B, (W) 4096B-4096B, (T) 4096B-4096B, ioengine=libaio, iodepth=256
...
fio-3.27
Starting 64 processes
readwrite: Laying out IO file (1 file / 1024MiB)
readwrite: Laying out IO file (1 file / 1024MiB)
readwrite: Laying out IO file (1 file / 1024MiB)
readwrite: Laying out IO file (1 file / 1024MiB)
readwrite: Laying out IO file (1 file / 1024MiB)
readwrite: Laying out IO file (1 file / 1024MiB)
readwrite: Laying out IO file (1 file / 1024MiB)
readwrite: Laying out IO file (1 file / 1024MiB)
readwrite: Laying out IO file (1 file / 1024MiB)
readwrite: Laying out IO file (1 file / 1024MiB)
readwrite: Laying out IO file (1 file / 1024MiB)
readwrite: Laying out IO file (1 file / 1024MiB)
readwrite: Laying out IO file (1 file / 1024MiB)
readwrite: Laying out IO file (1 file / 1024MiB)
readwrite: Laying out IO file (1 file / 1024MiB)
readwrite: Laying out IO file (1 file / 1024MiB)
readwrite: Laying out IO file (1 file / 1024MiB)
readwrite: Laying out IO file (1 file / 1024MiB)
readwrite: Laying out IO file (1 file / 1024MiB)
readwrite: Laying out IO file (1 file / 1024MiB)
readwrite: Laying out IO file (1 file / 1024MiB)
readwrite: Laying out IO file (1 file / 1024MiB)
readwrite: Laying out IO file (1 file / 1024MiB)
readwrite: Laying out IO file (1 file / 1024MiB)
readwrite: Laying out IO file (1 file / 1024MiB)
readwrite: Laying out IO file (1 file / 1024MiB)
readwrite: Laying out IO file (1 file / 1024MiB)
readwrite: Laying out IO file (1 file / 1024MiB)
readwrite: Laying out IO file (1 file / 1024MiB)
readwrite: Laying out IO file (1 file / 1024MiB)
readwrite: Laying out IO file (1 file / 1024MiB)
readwrite: Laying out IO file (1 file / 1024MiB)

readwrite: (groupid=0, jobs=64): err= 0: pid=99388: Wed Jul 21 20:16:01 2021
  read: IOPS=14.9k, BW=58.1MiB/s (60.9MB/s)(17.0GiB/300099msec)
    slat (usec): min=7, max=5029.5k, avg=4172.08, stdev=43343.55
    clat (usec): min=14, max=65486k, avg=549132.62, stdev=3851926.15
     lat (usec): min=107, max=66066k, avg=553305.47, stdev=3879787.40
    clat percentiles (msec):
     |  1.00th=[   13],  5.00th=[   14], 10.00th=[   14], 20.00th=[   14],
     | 30.00th=[   15], 40.00th=[   15], 50.00th=[   15], 60.00th=[   15],
     | 70.00th=[   16], 80.00th=[   16], 90.00th=[   17], 95.00th=[   21],
     | 99.00th=[17113], 99.50th=[17113], 99.90th=[17113], 99.95th=[17113],
     | 99.99th=[17113]
   bw (  KiB/s): min=  450, max=792667, per=100.00%, avg=69411.01, stdev=4860.14, samples=29435
   iops        : min=   66, max=198161, avg=17348.30, stdev=1215.04, samples=29434
  write: IOPS=14.9k, BW=58.1MiB/s (60.9MB/s)(17.0GiB/300099msec); 0 zone resets
    slat (usec): min=68, max=3769.1k, avg=107.34, stdev=2709.85
    clat (usec): min=11, max=65748k, avg=524599.25, stdev=3753520.83
     lat (usec): min=91, max=65748k, avg=524707.70, stdev=3753562.13
    clat percentiles (msec):
     |  1.00th=[   13],  5.00th=[   14], 10.00th=[   14], 20.00th=[   14],
     | 30.00th=[   15], 40.00th=[   15], 50.00th=[   15], 60.00th=[   15],
     | 70.00th=[   16], 80.00th=[   16], 90.00th=[   17], 95.00th=[   21],
     | 99.00th=[17113], 99.50th=[17113], 99.90th=[17113], 99.95th=[17113],
     | 99.99th=[17113]
   bw (  KiB/s): min=  450, max=799326, per=100.00%, avg=70517.54, stdev=4859.45, samples=29074
   iops        : min=   66, max=199826, avg=17625.04, stdev=1214.85, samples=29074
  lat (usec)   : 20=0.01%, 50=0.01%, 100=0.01%, 250=0.01%, 500=0.01%
  lat (usec)   : 750=0.01%, 1000=0.01%
  lat (msec)   : 2=0.01%, 4=0.01%, 10=0.01%, 20=94.62%, 50=1.24%
  lat (msec)   : 100=0.63%, 250=0.80%, 500=0.17%, 750=0.13%, 1000=0.04%
  lat (msec)   : 2000=0.10%, >=2000=2.27%
  cpu          : usr=0.45%, sys=2.38%, ctx=85041, majf=0, minf=2824
  IO depths    : 1=0.1%, 2=0.1%, 4=0.1%, 8=0.1%, 16=0.1%, 32=0.1%, >=64=100.0%
     submit    : 0=0.0%, 4=100.0%, 8=0.0%, 16=0.0%, 32=0.0%, 64=0.0%, >=64=0.0%
     complete  : 0=0.0%, 4=100.0%, 8=0.0%, 16=0.0%, 32=0.0%, 64=0.0%, >=64=0.1%
     issued rwts: total=4465388,4462573,0,0 short=0,0,0,0 dropped=0,0,0,0
     latency   : target=0, window=0, percentile=100.00%, depth=256

Run status group 0 (all jobs):
   READ: bw=58.1MiB/s (60.9MB/s), 58.1MiB/s-58.1MiB/s (60.9MB/s-60.9MB/s), io=17.0GiB (18.3GB), run=300099-300099msec
  WRITE: bw=58.1MiB/s (60.9MB/s), 58.1MiB/s-58.1MiB/s (60.9MB/s-60.9MB/s), io=17.0GiB (18.3GB), run=300099-300099msec
