test: (g=0): rw=read, bs=(R) 4096B-4096B, (W) 4096B-4096B, (T) 4096B-4096B, ioengine=libaio, iodepth=256
...
fio-3.27
Starting 4 processes
seq-read: Laying out IO file (1 file / 1024MiB)
seq-read: Laying out IO file (1 file / 1024MiB)

test: (groupid=0, jobs=4): err= 0: pid=20927: Tue Jul 20 15:33:21 2021
  read: IOPS=33.7k, BW=131MiB/s (138MB/s)(38.5GiB/300019msec)
    slat (usec): min=10, max=265155, avg=107.32, stdev=1014.89
    clat (usec): min=10, max=9160.8k, avg=30284.40, stdev=150270.36
     lat (usec): min=23, max=9162.2k, avg=30392.55, stdev=150790.00
    clat percentiles (msec):
     |  1.00th=[    5],  5.00th=[    5], 10.00th=[    5], 20.00th=[    5],
     | 30.00th=[    5], 40.00th=[    5], 50.00th=[    5], 60.00th=[    6],
     | 70.00th=[    6], 80.00th=[    6], 90.00th=[   17], 95.00th=[   27],
     | 99.00th=[  625], 99.50th=[  944], 99.90th=[ 1636], 99.95th=[ 1938],
     | 99.99th=[ 5403]
   bw (  KiB/s): min=  112, max=556384, per=100.00%, avg=139015.35, stdev=30190.09, samples=2376
   iops        : min=   28, max=139096, avg=34753.81, stdev=7547.53, samples=2376
  lat (usec)   : 20=0.01%, 50=0.01%, 100=0.01%, 250=0.01%, 500=0.01%
  lat (usec)   : 750=0.01%, 1000=0.01%
  lat (msec)   : 2=0.01%, 4=0.01%, 10=85.31%, 20=4.98%, 50=5.63%
  lat (msec)   : 100=0.06%, 250=0.03%, 500=2.39%, 750=0.80%, 1000=0.40%
  lat (msec)   : 2000=0.35%, >=2000=0.04%
  cpu          : usr=7.49%, sys=22.29%, ctx=396091, majf=0, minf=1183
  IO depths    : 1=0.1%, 2=0.1%, 4=0.1%, 8=0.1%, 16=0.1%, 32=0.1%, >=64=100.0%
     submit    : 0=0.0%, 4=100.0%, 8=0.0%, 16=0.0%, 32=0.0%, 64=0.0%, >=64=0.0%
     complete  : 0=0.0%, 4=100.0%, 8=0.0%, 16=0.0%, 32=0.0%, 64=0.0%, >=64=0.1%
     issued rwts: total=10099425,0,0,0 short=0,0,0,0 dropped=0,0,0,0
     latency   : target=0, window=0, percentile=100.00%, depth=256

Run status group 0 (all jobs):
   READ: bw=131MiB/s (138MB/s), 131MiB/s-131MiB/s (138MB/s-138MB/s), io=38.5GiB (41.4GB), run=300019-300019msec
