test: (g=0): rw=randread, bs=(R) 4096B-4096B, (W) 4096B-4096B, (T) 4096B-4096B, ioengine=libaio, iodepth=256
fio-3.27
Starting 1 process
test: Laying out IO file (1 file / 1024MiB)

test: (groupid=0, jobs=1): err= 0: pid=194107: Mon Jul 19 21:49:36 2021
  read: IOPS=172, BW=690KiB/s (707kB/s)(202MiB/300002msec)
    slat (usec): min=439, max=82143, avg=5775.36, stdev=4531.77
    clat (usec): min=27, max=1787.9k, avg=1473645.78, stdev=98999.90
     lat (msec): min=6, max=1797, avg=1479.42, stdev=99.14
    clat percentiles (msec):
     |  1.00th=[ 1284],  5.00th=[ 1351], 10.00th=[ 1385], 20.00th=[ 1418],
     | 30.00th=[ 1435], 40.00th=[ 1452], 50.00th=[ 1469], 60.00th=[ 1485],
     | 70.00th=[ 1519], 80.00th=[ 1536], 90.00th=[ 1586], 95.00th=[ 1620],
     | 99.00th=[ 1687], 99.50th=[ 1703], 99.90th=[ 1770], 99.95th=[ 1770],
     | 99.99th=[ 1787]
   bw (  KiB/s): min=   24, max=  872, per=99.80%, avg=689.65, stdev=65.64, samples=597
   iops        : min=    6, max=  218, avg=172.41, stdev=16.41, samples=597
  lat (usec)   : 50=0.01%
  lat (msec)   : 10=0.01%, 20=0.01%, 50=0.02%, 100=0.02%, 250=0.05%
  lat (msec)   : 500=0.09%, 750=0.08%, 1000=0.07%, 2000=99.67%
  cpu          : usr=0.33%, sys=2.46%, ctx=51791, majf=0, minf=294
  IO depths    : 1=0.1%, 2=0.1%, 4=0.1%, 8=0.1%, 16=0.1%, 32=0.1%, >=64=99.9%
     submit    : 0=0.0%, 4=100.0%, 8=0.0%, 16=0.0%, 32=0.0%, 64=0.0%, >=64=0.0%
     complete  : 0=0.0%, 4=100.0%, 8=0.0%, 16=0.0%, 32=0.0%, 64=0.0%, >=64=0.1%
     issued rwts: total=51781,0,0,0 short=0,0,0,0 dropped=0,0,0,0
     latency   : target=0, window=0, percentile=100.00%, depth=256

Run status group 0 (all jobs):
   READ: bw=690KiB/s (707kB/s), 690KiB/s-690KiB/s (707kB/s-707kB/s), io=202MiB (212MB), run=300002-300002msec
