test: (g=0): rw=read, bs=(R) 4096B-4096B, (W) 4096B-4096B, (T) 4096B-4096B, ioengine=libaio, iodepth=256
...
fio-3.27
Starting 32 processes
seq-read: Laying out IO file (1 file / 1024MiB)
seq-read: Laying out IO file (1 file / 1024MiB)
seq-read: Laying out IO file (1 file / 1024MiB)
seq-read: Laying out IO file (1 file / 1024MiB)
seq-read: Laying out IO file (1 file / 1024MiB)
seq-read: Laying out IO file (1 file / 1024MiB)
seq-read: Laying out IO file (1 file / 1024MiB)
seq-read: Laying out IO file (1 file / 1024MiB)
seq-read: Laying out IO file (1 file / 1024MiB)
seq-read: Laying out IO file (1 file / 1024MiB)
seq-read: Laying out IO file (1 file / 1024MiB)
seq-read: Laying out IO file (1 file / 1024MiB)
seq-read: Laying out IO file (1 file / 1024MiB)
seq-read: Laying out IO file (1 file / 1024MiB)
seq-read: Laying out IO file (1 file / 1024MiB)
seq-read: Laying out IO file (1 file / 1024MiB)

test: (groupid=0, jobs=32): err= 0: pid=27910: Tue Jul 20 14:56:19 2021
  read: IOPS=15.3k, BW=59.8MiB/s (62.7MB/s)(17.5GiB/300024msec)
    slat (usec): min=10, max=912614, avg=2078.64, stdev=8133.26
    clat (usec): min=14, max=18446k, avg=531871.09, stdev=1696717.16
     lat (usec): min=1637, max=18506k, avg=533950.84, stdev=1703118.82
    clat percentiles (msec):
     |  1.00th=[    5],  5.00th=[    5], 10.00th=[    5], 20.00th=[    5],
     | 30.00th=[    5], 40.00th=[    5], 50.00th=[    6], 60.00th=[    6],
     | 70.00th=[   16], 80.00th=[   17], 90.00th=[ 2022], 95.00th=[ 4111],
     | 99.00th=[ 8792], 99.50th=[11073], 99.90th=[14295], 99.95th=[15503],
     | 99.99th=[17113]
   bw (  KiB/s): min=  712, max=3915448, per=100.00%, avg=61579.61, stdev=14811.28, samples=19060
   iops        : min=  178, max=978862, avg=15394.90, stdev=3702.82, samples=19060
  lat (usec)   : 20=0.01%, 50=0.01%
  lat (msec)   : 2=0.01%, 4=0.01%, 10=68.59%, 20=13.78%, 50=4.64%
  lat (msec)   : 100=0.11%, 250=0.04%, 500=0.04%, 750=0.02%, 1000=0.03%
  lat (msec)   : 2000=2.56%, >=2000=10.18%
  cpu          : usr=0.52%, sys=2.14%, ctx=580134, majf=0, minf=9474
  IO depths    : 1=0.1%, 2=0.1%, 4=0.1%, 8=0.1%, 16=0.1%, 32=0.1%, >=64=100.0%
     submit    : 0=0.0%, 4=100.0%, 8=0.0%, 16=0.0%, 32=0.0%, 64=0.0%, >=64=0.0%
     complete  : 0=0.0%, 4=100.0%, 8=0.0%, 16=0.0%, 32=0.0%, 64=0.0%, >=64=0.1%
     issued rwts: total=4591544,0,0,0 short=0,0,0,0 dropped=0,0,0,0
     latency   : target=0, window=0, percentile=100.00%, depth=256

Run status group 0 (all jobs):
   READ: bw=59.8MiB/s (62.7MB/s), 59.8MiB/s-59.8MiB/s (62.7MB/s-62.7MB/s), io=17.5GiB (18.8GB), run=300024-300024msec
