readwrite: (g=0): rw=rw, bs=(R) 4096B-4096B, (W) 4096B-4096B, (T) 4096B-4096B, ioengine=libaio, iodepth=256
...
fio-3.27
Starting 2 processes
readwrite: Laying out IO file (1 file / 1024MiB)

readwrite: (groupid=0, jobs=2): err= 0: pid=101239: Wed Jul 21 19:27:18 2021
  read: IOPS=15.9k, BW=62.1MiB/s (65.1MB/s)(18.2GiB/300004msec)
    slat (usec): min=7, max=121740, avg=29.56, stdev=405.49
    clat (usec): min=13, max=1005.9k, avg=16052.59, stdev=25994.73
     lat (usec): min=104, max=1005.9k, avg=16082.91, stdev=26083.06
    clat percentiles (msec):
     |  1.00th=[   12],  5.00th=[   13], 10.00th=[   13], 20.00th=[   13],
     | 30.00th=[   13], 40.00th=[   14], 50.00th=[   14], 60.00th=[   14],
     | 70.00th=[   14], 80.00th=[   14], 90.00th=[   15], 95.00th=[   19],
     | 99.00th=[  121], 99.50th=[  163], 99.90th=[  300], 99.95th=[  456],
     | 99.99th=[  919]
   bw (  KiB/s): min=  328, max=83240, per=100.00%, avg=64207.30, stdev=11235.98, samples=1188
   iops        : min=   82, max=20810, avg=16051.77, stdev=2809.00, samples=1188
  write: IOPS=15.9k, BW=62.1MiB/s (65.1MB/s)(18.2GiB/300004msec); 0 zone resets
    slat (usec): min=68, max=93551, avg=74.67, stdev=58.67
    clat (usec): min=11, max=1005.7k, avg=16033.45, stdev=25760.27
     lat (usec): min=82, max=1005.8k, avg=16109.21, stdev=25761.23
    clat percentiles (msec):
     |  1.00th=[   12],  5.00th=[   13], 10.00th=[   13], 20.00th=[   13],
     | 30.00th=[   13], 40.00th=[   14], 50.00th=[   14], 60.00th=[   14],
     | 70.00th=[   14], 80.00th=[   14], 90.00th=[   15], 95.00th=[   19],
     | 99.00th=[  120], 99.50th=[  163], 99.90th=[  300], 99.95th=[  426],
     | 99.99th=[  911]
   bw (  KiB/s): min=  360, max=82040, per=100.00%, avg=64169.14, stdev=11217.78, samples=1188
   iops        : min=   90, max=20510, avg=16042.21, stdev=2804.43, samples=1188
  lat (usec)   : 20=0.01%, 100=0.01%, 250=0.01%, 500=0.01%, 750=0.01%
  lat (usec)   : 1000=0.01%
  lat (msec)   : 2=0.01%, 4=0.01%, 10=0.01%, 20=96.58%, 50=2.11%
  lat (msec)   : 100=0.11%, 250=1.03%, 500=0.12%, 750=0.01%, 1000=0.05%
  lat (msec)   : 2000=0.01%
  cpu          : usr=15.20%, sys=74.89%, ctx=55278, majf=0, minf=87
  IO depths    : 1=0.1%, 2=0.1%, 4=0.1%, 8=0.1%, 16=0.1%, 32=0.1%, >=64=100.0%
     submit    : 0=0.0%, 4=100.0%, 8=0.0%, 16=0.0%, 32=0.0%, 64=0.0%, >=64=0.0%
     complete  : 0=0.0%, 4=100.0%, 8=0.0%, 16=0.0%, 32=0.0%, 64=0.0%, >=64=0.1%
     issued rwts: total=4770385,4767532,0,0 short=0,0,0,0 dropped=0,0,0,0
     latency   : target=0, window=0, percentile=100.00%, depth=256

Run status group 0 (all jobs):
   READ: bw=62.1MiB/s (65.1MB/s), 62.1MiB/s-62.1MiB/s (65.1MB/s-65.1MB/s), io=18.2GiB (19.5GB), run=300004-300004msec
  WRITE: bw=62.1MiB/s (65.1MB/s), 62.1MiB/s-62.1MiB/s (65.1MB/s-65.1MB/s), io=18.2GiB (19.5GB), run=300004-300004msec
