test: (g=0): rw=randread, bs=(R) 4096B-4096B, (W) 4096B-4096B, (T) 4096B-4096B, ioengine=libaio, iodepth=256
fio-3.27
Starting 1 process
test: Laying out IO file (1 file / 1024MiB)

test: (groupid=0, jobs=1): err= 0: pid=110130: Tue Jul 20 10:05:39 2021
  read: IOPS=191, BW=766KiB/s (784kB/s)(224MiB/300005msec)
    slat (usec): min=447, max=76212, avg=5207.22, stdev=3989.96
    clat (usec): min=13, max=1590.5k, avg=1329528.24, stdev=88386.31
     lat (msec): min=4, max=1596, avg=1334.74, stdev=88.53
    clat percentiles (msec):
     |  1.00th=[ 1133],  5.00th=[ 1217], 10.00th=[ 1250], 20.00th=[ 1284],
     | 30.00th=[ 1301], 40.00th=[ 1318], 50.00th=[ 1334], 60.00th=[ 1351],
     | 70.00th=[ 1368], 80.00th=[ 1385], 90.00th=[ 1435], 95.00th=[ 1452],
     | 99.00th=[ 1502], 99.50th=[ 1519], 99.90th=[ 1552], 99.95th=[ 1569],
     | 99.99th=[ 1586]
   bw (  KiB/s): min=  352, max=  992, per=99.93%, avg=765.16, stdev=65.77, samples=597
   iops        : min=   88, max=  248, avg=191.29, stdev=16.44, samples=597
  lat (usec)   : 20=0.01%
  lat (msec)   : 10=0.01%, 20=0.01%, 50=0.01%, 100=0.01%, 250=0.05%
  lat (msec)   : 500=0.09%, 750=0.09%, 1000=0.09%, 2000=99.65%
  cpu          : usr=0.44%, sys=2.62%, ctx=57432, majf=0, minf=294
  IO depths    : 1=0.1%, 2=0.1%, 4=0.1%, 8=0.1%, 16=0.1%, 32=0.1%, >=64=99.9%
     submit    : 0=0.0%, 4=100.0%, 8=0.0%, 16=0.0%, 32=0.0%, 64=0.0%, >=64=0.0%
     complete  : 0=0.0%, 4=100.0%, 8=0.0%, 16=0.0%, 32=0.0%, 64=0.0%, >=64=0.1%
     issued rwts: total=57415,0,0,0 short=0,0,0,0 dropped=0,0,0,0
     latency   : target=0, window=0, percentile=100.00%, depth=256

Run status group 0 (all jobs):
   READ: bw=766KiB/s (784kB/s), 766KiB/s-766KiB/s (784kB/s-784kB/s), io=224MiB (235MB), run=300005-300005msec
