test: (g=0): rw=read, bs=(R) 4096B-4096B, (W) 4096B-4096B, (T) 4096B-4096B, ioengine=libaio, iodepth=256
...
fio-3.27
Starting 8 processes
seq-read: Laying out IO file (1 file / 1024MiB)
seq-read: Laying out IO file (1 file / 1024MiB)
seq-read: Laying out IO file (1 file / 1024MiB)
seq-read: Laying out IO file (1 file / 1024MiB)

test: (groupid=0, jobs=8): err= 0: pid=223556: Tue Jul 20 13:35:51 2021
  read: IOPS=10.6k, BW=41.5MiB/s (43.5MB/s)(12.1GiB/300016msec)
    slat (usec): min=10, max=1621.1k, avg=740.10, stdev=5518.38
    clat (usec): min=17, max=16168k, avg=190941.59, stdev=628255.63
     lat (usec): min=950, max=16207k, avg=191682.98, stdev=630554.36
    clat percentiles (msec):
     |  1.00th=[    5],  5.00th=[    5], 10.00th=[    5], 20.00th=[    5],
     | 30.00th=[    5], 40.00th=[    5], 50.00th=[    6], 60.00th=[   16],
     | 70.00th=[   26], 80.00th=[  388], 90.00th=[  451], 95.00th=[  514],
     | 99.00th=[ 2903], 99.50th=[ 4530], 99.90th=[ 8356], 99.95th=[10268],
     | 99.99th=[14697]
   bw (  KiB/s): min=   72, max=1084168, per=100.00%, avg=43181.48, stdev=22380.78, samples=4726
   iops        : min=   18, max=271044, avg=10795.38, stdev=5595.20, samples=4726
  lat (usec)   : 20=0.01%, 50=0.01%, 1000=0.01%
  lat (msec)   : 2=0.01%, 4=0.01%, 10=59.41%, 20=9.44%, 50=3.92%
  lat (msec)   : 100=0.15%, 250=0.15%, 500=21.34%, 750=2.85%, 1000=0.25%
  lat (msec)   : 2000=0.96%, >=2000=1.53%
  cpu          : usr=1.61%, sys=7.94%, ctx=857183, majf=0, minf=2367
  IO depths    : 1=0.1%, 2=0.1%, 4=0.1%, 8=0.1%, 16=0.1%, 32=0.1%, >=64=100.0%
     submit    : 0=0.0%, 4=100.0%, 8=0.0%, 16=0.0%, 32=0.0%, 64=0.0%, >=64=0.0%
     complete  : 0=0.0%, 4=100.0%, 8=0.0%, 16=0.0%, 32=0.0%, 64=0.0%, >=64=0.1%
     issued rwts: total=3184987,0,0,0 short=0,0,0,0 dropped=0,0,0,0
     latency   : target=0, window=0, percentile=100.00%, depth=256

Run status group 0 (all jobs):
   READ: bw=41.5MiB/s (43.5MB/s), 41.5MiB/s-41.5MiB/s (43.5MB/s-43.5MB/s), io=12.1GiB (13.0GB), run=300016-300016msec
