test: (g=0): rw=randread, bs=(R) 4096B-4096B, (W) 4096B-4096B, (T) 4096B-4096B, ioengine=libaio, iodepth=256
...
fio-3.27
Starting 8 processes
rand-read: Laying out IO file (1 file / 1024MiB)
rand-read: Laying out IO file (1 file / 1024MiB)
rand-read: Laying out IO file (1 file / 1024MiB)
rand-read: Laying out IO file (1 file / 1024MiB)

test: (groupid=0, jobs=8): err= 0: pid=204604: Mon Jul 19 22:07:38 2021
  read: IOPS=651, BW=2607KiB/s (2670kB/s)(764MiB/300101msec)
    slat (usec): min=470, max=244877, avg=12247.21, stdev=9886.18
    clat (usec): min=15, max=3871.5k, avg=3113594.67, stdev=259982.02
     lat (msec): min=8, max=3880, avg=3125.84, stdev=260.30
    clat percentiles (msec):
     |  1.00th=[ 2668],  5.00th=[ 2836], 10.00th=[ 2869], 20.00th=[ 2970],
     | 30.00th=[ 3037], 40.00th=[ 3071], 50.00th=[ 3104], 60.00th=[ 3171],
     | 70.00th=[ 3205], 80.00th=[ 3272], 90.00th=[ 3373], 95.00th=[ 3473],
     | 99.00th=[ 3641], 99.50th=[ 3675], 99.90th=[ 3742], 99.95th=[ 3775],
     | 99.99th=[ 3842]
   bw (  KiB/s): min= 1288, max= 3696, per=99.96%, avg=2606.79, stdev=41.61, samples=4746
   iops        : min=  322, max=  924, avg=651.70, stdev=10.40, samples=4746
  lat (usec)   : 20=0.01%, 50=0.01%
  lat (msec)   : 10=0.01%, 20=0.01%, 50=0.01%, 100=0.02%, 250=0.05%
  lat (msec)   : 500=0.08%, 750=0.08%, 1000=0.07%, 2000=0.34%, >=2000=99.34%
  cpu          : usr=0.22%, sys=1.38%, ctx=195660, majf=0, minf=2360
  IO depths    : 1=0.1%, 2=0.1%, 4=0.1%, 8=0.1%, 16=0.1%, 32=0.1%, >=64=99.7%
     submit    : 0=0.0%, 4=100.0%, 8=0.0%, 16=0.0%, 32=0.0%, 64=0.0%, >=64=0.0%
     complete  : 0=0.0%, 4=100.0%, 8=0.0%, 16=0.0%, 32=0.0%, 64=0.0%, >=64=0.1%
     issued rwts: total=195601,0,0,0 short=0,0,0,0 dropped=0,0,0,0
     latency   : target=0, window=0, percentile=100.00%, depth=256

Run status group 0 (all jobs):
   READ: bw=2607KiB/s (2670kB/s), 2607KiB/s-2607KiB/s (2670kB/s-2670kB/s), io=764MiB (801MB), run=300101-300101msec
