readwrite: (g=0): rw=rw, bs=(R) 4096B-4096B, (W) 4096B-4096B, (T) 4096B-4096B, ioengine=libaio, iodepth=256
...
fio-3.27
Starting 4 processes
readwrite: Laying out IO file (1 file / 1024MiB)
readwrite: Laying out IO file (1 file / 1024MiB)

readwrite: (groupid=0, jobs=4): err= 0: pid=102121: Wed Jul 21 19:33:36 2021
  read: IOPS=15.8k, BW=61.6MiB/s (64.6MB/s)(18.1GiB/300001msec)
    slat (usec): min=7, max=543654, avg=155.47, stdev=2114.78
    clat (usec): min=13, max=5640.4k, avg=32396.05, stdev=148125.27
     lat (usec): min=187, max=5673.2k, avg=32552.29, stdev=149175.10
    clat percentiles (msec):
     |  1.00th=[   12],  5.00th=[   13], 10.00th=[   13], 20.00th=[   13],
     | 30.00th=[   14], 40.00th=[   14], 50.00th=[   14], 60.00th=[   14],
     | 70.00th=[   14], 80.00th=[   15], 90.00th=[   15], 95.00th=[   22],
     | 99.00th=[  542], 99.50th=[  844], 99.90th=[ 2265], 99.95th=[ 3037],
     | 99.99th=[ 4279]
   bw (  KiB/s): min=   96, max=163440, per=100.00%, avg=63623.94, stdev=11815.37, samples=2384
   iops        : min=   24, max=40860, avg=15905.99, stdev=2953.84, samples=2384
  write: IOPS=15.8k, BW=61.6MiB/s (64.6MB/s)(18.0GiB/300001msec); 0 zone resets
    slat (usec): min=68, max=199175, avg=76.71, stdev=98.89
    clat (usec): min=11, max=5642.2k, avg=32271.76, stdev=147283.21
     lat (usec): min=83, max=5642.2k, avg=32349.55, stdev=147285.31
    clat percentiles (msec):
     |  1.00th=[   12],  5.00th=[   13], 10.00th=[   13], 20.00th=[   13],
     | 30.00th=[   14], 40.00th=[   14], 50.00th=[   14], 60.00th=[   14],
     | 70.00th=[   14], 80.00th=[   15], 90.00th=[   15], 95.00th=[   21],
     | 99.00th=[  550], 99.50th=[  835], 99.90th=[ 2232], 99.95th=[ 3037],
     | 99.99th=[ 4245]
   bw (  KiB/s): min=   72, max=163192, per=100.00%, avg=63575.11, stdev=11813.66, samples=2384
   iops        : min=   18, max=40798, avg=15893.78, stdev=2953.42, samples=2384
  lat (usec)   : 20=0.01%, 100=0.01%, 250=0.01%, 500=0.01%, 750=0.01%
  lat (usec)   : 1000=0.01%
  lat (msec)   : 2=0.01%, 4=0.01%, 10=0.01%, 20=94.87%, 50=2.01%
  lat (msec)   : 100=0.08%, 250=0.30%, 500=1.57%, 750=0.55%, 1000=0.23%
  lat (msec)   : 2000=0.25%, >=2000=0.12%
  cpu          : usr=7.64%, sys=38.56%, ctx=138935, majf=0, minf=180
  IO depths    : 1=0.1%, 2=0.1%, 4=0.1%, 8=0.1%, 16=0.1%, 32=0.1%, >=64=100.0%
     submit    : 0=0.0%, 4=100.0%, 8=0.0%, 16=0.0%, 32=0.0%, 64=0.0%, >=64=0.0%
     complete  : 0=0.0%, 4=100.0%, 8=0.0%, 16=0.0%, 32=0.0%, 64=0.0%, >=64=0.1%
     issued rwts: total=4733777,4730091,0,0 short=0,0,0,0 dropped=0,0,0,0
     latency   : target=0, window=0, percentile=100.00%, depth=256

Run status group 0 (all jobs):
   READ: bw=61.6MiB/s (64.6MB/s), 61.6MiB/s-61.6MiB/s (64.6MB/s-64.6MB/s), io=18.1GiB (19.4GB), run=300001-300001msec
  WRITE: bw=61.6MiB/s (64.6MB/s), 61.6MiB/s-61.6MiB/s (64.6MB/s-64.6MB/s), io=18.0GiB (19.4GB), run=300001-300001msec
