readwrite: (g=0): rw=rw, bs=(R) 4096B-4096B, (W) 4096B-4096B, (T) 4096B-4096B, ioengine=libaio, iodepth=256
...
fio-3.27
Starting 16 processes
readwrite: Laying out IO file (1 file / 1024MiB)
readwrite: Laying out IO file (1 file / 1024MiB)
readwrite: Laying out IO file (1 file / 1024MiB)
readwrite: Laying out IO file (1 file / 1024MiB)
readwrite: Laying out IO file (1 file / 1024MiB)
readwrite: Laying out IO file (1 file / 1024MiB)
readwrite: Laying out IO file (1 file / 1024MiB)
readwrite: Laying out IO file (1 file / 1024MiB)

readwrite: (groupid=0, jobs=16): err= 0: pid=261022: Wed Jul 21 17:49:11 2021
  read: IOPS=38.9k, BW=152MiB/s (159MB/s)(44.6GiB/300100msec)
    slat (usec): min=7, max=854185, avg=310.10, stdev=5436.95
    clat (usec): min=11, max=19824k, avg=52539.47, stdev=511439.07
     lat (usec): min=24, max=19931k, avg=52850.29, stdev=515176.49
    clat percentiles (msec):
     |  1.00th=[   12],  5.00th=[   13], 10.00th=[   13], 20.00th=[   14],
     | 30.00th=[   14], 40.00th=[   14], 50.00th=[   14], 60.00th=[   14],
     | 70.00th=[   15], 80.00th=[   15], 90.00th=[   15], 95.00th=[   16],
     | 99.00th=[   99], 99.50th=[ 2903], 99.90th=[ 8926], 99.95th=[10939],
     | 99.99th=[15234]
   bw (  KiB/s): min=  128, max=629406, per=100.00%, avg=157849.06, stdev=12800.60, samples=9423
   iops        : min=   32, max=157349, avg=39461.97, stdev=3200.13, samples=9423
  write: IOPS=38.9k, BW=152MiB/s (159MB/s)(44.6GiB/300100msec); 0 zone resets
    slat (usec): min=68, max=207248, avg=79.84, stdev=146.65
    clat (usec): min=12, max=19862k, avg=52209.36, stdev=510473.58
     lat (usec): min=93, max=19862k, avg=52290.31, stdev=510475.44
    clat percentiles (msec):
     |  1.00th=[   12],  5.00th=[   13], 10.00th=[   13], 20.00th=[   14],
     | 30.00th=[   14], 40.00th=[   14], 50.00th=[   14], 60.00th=[   14],
     | 70.00th=[   15], 80.00th=[   15], 90.00th=[   15], 95.00th=[   16],
     | 99.00th=[   67], 99.50th=[ 2869], 99.90th=[ 8926], 99.95th=[10939],
     | 99.99th=[15368]
   bw (  KiB/s): min=  128, max=625247, per=100.00%, avg=157452.89, stdev=12810.96, samples=9433
   iops        : min=   32, max=156311, avg=39362.92, stdev=3202.72, samples=9433
  lat (usec)   : 20=0.01%, 50=0.01%, 100=0.01%, 250=0.01%, 500=0.01%
  lat (usec)   : 750=0.01%, 1000=0.01%
  lat (msec)   : 2=0.01%, 4=0.01%, 10=0.01%, 20=97.89%, 50=1.06%
  lat (msec)   : 100=0.06%, 250=0.05%, 500=0.04%, 750=0.03%, 1000=0.06%
  lat (msec)   : 2000=0.17%, >=2000=0.65%
  cpu          : usr=4.62%, sys=23.23%, ctx=97968, majf=0, minf=718
  IO depths    : 1=0.1%, 2=0.1%, 4=0.1%, 8=0.1%, 16=0.1%, 32=0.1%, >=64=100.0%
     submit    : 0=0.0%, 4=100.0%, 8=0.0%, 16=0.0%, 32=0.0%, 64=0.0%, >=64=0.0%
     complete  : 0=0.0%, 4=100.0%, 8=0.0%, 16=0.0%, 32=0.0%, 64=0.0%, >=64=0.1%
     issued rwts: total=11682523,11682488,0,0 short=0,0,0,0 dropped=0,0,0,0
     latency   : target=0, window=0, percentile=100.00%, depth=256

Run status group 0 (all jobs):
   READ: bw=152MiB/s (159MB/s), 152MiB/s-152MiB/s (159MB/s-159MB/s), io=44.6GiB (47.9GB), run=300100-300100msec
  WRITE: bw=152MiB/s (159MB/s), 152MiB/s-152MiB/s (159MB/s-159MB/s), io=44.6GiB (47.9GB), run=300100-300100msec
