readwrite: (g=0): rw=rw, bs=(R) 4096B-4096B, (W) 4096B-4096B, (T) 4096B-4096B, ioengine=libaio, iodepth=256
...
fio-3.27
Starting 8 processes
readwrite: Laying out IO file (1 file / 1024MiB)
readwrite: Laying out IO file (1 file / 1024MiB)
readwrite: Laying out IO file (1 file / 1024MiB)
readwrite: Laying out IO file (1 file / 1024MiB)

readwrite: (groupid=0, jobs=8): err= 0: pid=125040: Wed Jul 21 18:40:19 2021
  read: IOPS=22.3k, BW=87.2MiB/s (91.4MB/s)(25.5GiB/300022msec)
    slat (usec): min=7, max=548913, avg=258.96, stdev=4001.46
    clat (usec): min=12, max=14477k, avg=45773.75, stdev=311921.81
     lat (usec): min=102, max=14495k, avg=46033.46, stdev=314136.00
    clat percentiles (msec):
     |  1.00th=[   12],  5.00th=[   13], 10.00th=[   13], 20.00th=[   14],
     | 30.00th=[   14], 40.00th=[   14], 50.00th=[   14], 60.00th=[   14],
     | 70.00th=[   15], 80.00th=[   15], 90.00th=[   15], 95.00th=[   19],
     | 99.00th=[ 1301], 99.50th=[ 2072], 99.90th=[ 4396], 99.95th=[ 5873],
     | 99.99th=[ 8926]
   bw (  KiB/s): min=   64, max=328288, per=100.00%, avg=90151.49, stdev=14537.28, samples=4749
   iops        : min=   16, max=82072, avg=22537.72, stdev=3634.31, samples=4749
  write: IOPS=22.3k, BW=87.2MiB/s (91.5MB/s)(25.6GiB/300022msec); 0 zone resets
    slat (usec): min=68, max=166420, avg=78.22, stdev=113.34
    clat (usec): min=11, max=14495k, avg=45536.24, stdev=311534.65
     lat (usec): min=86, max=14495k, avg=45615.56, stdev=311536.97
    clat percentiles (msec):
     |  1.00th=[   12],  5.00th=[   13], 10.00th=[   13], 20.00th=[   14],
     | 30.00th=[   14], 40.00th=[   14], 50.00th=[   14], 60.00th=[   14],
     | 70.00th=[   15], 80.00th=[   15], 90.00th=[   15], 95.00th=[   19],
     | 99.00th=[ 1284], 99.50th=[ 2056], 99.90th=[ 4396], 99.95th=[ 5940],
     | 99.99th=[ 8926]
   bw (  KiB/s): min=   64, max=325176, per=100.00%, avg=90219.64, stdev=14531.12, samples=4749
   iops        : min=   16, max=81294, avg=22554.74, stdev=3632.77, samples=4749
  lat (usec)   : 20=0.01%, 50=0.01%, 100=0.01%, 250=0.01%, 500=0.01%
  lat (usec)   : 750=0.01%, 1000=0.01%
  lat (msec)   : 2=0.01%, 4=0.01%, 10=0.01%, 20=96.94%, 50=1.31%
  lat (msec)   : 100=0.05%, 250=0.07%, 500=0.06%, 750=0.09%, 1000=0.21%
  lat (msec)   : 2000=0.74%, >=2000=0.52%
  cpu          : usr=5.35%, sys=26.83%, ctx=104073, majf=0, minf=359
  IO depths    : 1=0.1%, 2=0.1%, 4=0.1%, 8=0.1%, 16=0.1%, 32=0.1%, >=64=100.0%
     submit    : 0=0.0%, 4=100.0%, 8=0.0%, 16=0.0%, 32=0.0%, 64=0.0%, >=64=0.0%
     complete  : 0=0.0%, 4=100.0%, 8=0.0%, 16=0.0%, 32=0.0%, 64=0.0%, >=64=0.1%
     issued rwts: total=6697829,6698749,0,0 short=0,0,0,0 dropped=0,0,0,0
     latency   : target=0, window=0, percentile=100.00%, depth=256

Run status group 0 (all jobs):
   READ: bw=87.2MiB/s (91.4MB/s), 87.2MiB/s-87.2MiB/s (91.4MB/s-91.4MB/s), io=25.5GiB (27.4GB), run=300022-300022msec
  WRITE: bw=87.2MiB/s (91.5MB/s), 87.2MiB/s-87.2MiB/s (91.5MB/s-91.5MB/s), io=25.6GiB (27.4GB), run=300022-300022msec
