readwrite: (g=0): rw=rw, bs=(R) 4096B-4096B, (W) 4096B-4096B, (T) 4096B-4096B, ioengine=libaio, iodepth=256
...
fio-3.27
Starting 2 processes
readwrite: Laying out IO file (1 file / 1024MiB)

readwrite: (groupid=0, jobs=2): err= 0: pid=4030: Wed Jul 21 16:46:43 2021
  read: IOPS=7362, BW=28.8MiB/s (30.2MB/s)(8628MiB/300001msec)
    slat (usec): min=7, max=458469, avg=174.06, stdev=3135.90
    clat (usec): min=13, max=9127.7k, avg=34885.53, stdev=302043.75
     lat (usec): min=126, max=9169.3k, avg=35060.29, stdev=304288.05
    clat percentiles (msec):
     |  1.00th=[   12],  5.00th=[   13], 10.00th=[   13], 20.00th=[   13],
     | 30.00th=[   14], 40.00th=[   14], 50.00th=[   14], 60.00th=[   14],
     | 70.00th=[   14], 80.00th=[   14], 90.00th=[   15], 95.00th=[   15],
     | 99.00th=[  133], 99.50th=[ 1028], 99.90th=[ 5403], 99.95th=[ 6477],
     | 99.99th=[ 8154]
   bw (  KiB/s): min=   24, max=82896, per=100.00%, avg=29547.38, stdev=13234.86, samples=1192
   iops        : min=    6, max=20726, avg=7386.83, stdev=3308.72, samples=1192
  write: IOPS=7359, BW=28.7MiB/s (30.1MB/s)(8625MiB/300001msec); 0 zone resets
    slat (usec): min=68, max=209522, avg=77.18, stdev=160.63
    clat (usec): min=11, max=9151.5k, avg=34365.95, stdev=298373.86
     lat (usec): min=102, max=9151.6k, avg=34444.21, stdev=298375.48
    clat percentiles (msec):
     |  1.00th=[   12],  5.00th=[   13], 10.00th=[   13], 20.00th=[   13],
     | 30.00th=[   14], 40.00th=[   14], 50.00th=[   14], 60.00th=[   14],
     | 70.00th=[   14], 80.00th=[   14], 90.00th=[   15], 95.00th=[   15],
     | 99.00th=[  132], 99.50th=[  885], 99.90th=[ 5336], 99.95th=[ 6477],
     | 99.99th=[ 8154]
   bw (  KiB/s): min=   16, max=82290, per=100.00%, avg=29535.43, stdev=13230.85, samples=1193
   iops        : min=    4, max=20572, avg=7383.84, stdev=3307.71, samples=1193
  lat (usec)   : 20=0.01%, 250=0.01%, 500=0.01%, 750=0.01%, 1000=0.01%
  lat (msec)   : 2=0.01%, 4=0.01%, 10=0.01%, 20=97.73%, 50=0.91%
  lat (msec)   : 100=0.12%, 250=0.57%, 500=0.10%, 750=0.02%, 1000=0.04%
  lat (msec)   : 2000=0.05%, >=2000=0.45%
  cpu          : usr=6.94%, sys=33.90%, ctx=26301, majf=0, minf=90
  IO depths    : 1=0.1%, 2=0.1%, 4=0.1%, 8=0.1%, 16=0.1%, 32=0.1%, >=64=100.0%
     submit    : 0=0.0%, 4=100.0%, 8=0.0%, 16=0.0%, 32=0.0%, 64=0.0%, >=64=0.0%
     complete  : 0=0.0%, 4=100.0%, 8=0.0%, 16=0.0%, 32=0.0%, 64=0.0%, >=64=0.1%
     issued rwts: total=2208715,2207920,0,0 short=0,0,0,0 dropped=0,0,0,0
     latency   : target=0, window=0, percentile=100.00%, depth=256

Run status group 0 (all jobs):
   READ: bw=28.8MiB/s (30.2MB/s), 28.8MiB/s-28.8MiB/s (30.2MB/s-30.2MB/s), io=8628MiB (9047MB), run=300001-300001msec
  WRITE: bw=28.7MiB/s (30.1MB/s), 28.7MiB/s-28.7MiB/s (30.1MB/s-30.1MB/s), io=8625MiB (9044MB), run=300001-300001msec
