readwrite: (g=0): rw=rw, bs=(R) 4096B-4096B, (W) 4096B-4096B, (T) 4096B-4096B, ioengine=libaio, iodepth=256
...
fio-3.27
Starting 2 processes
readwrite: Laying out IO file (1 file / 1024MiB)

readwrite: (groupid=0, jobs=2): err= 0: pid=52001: Wed Jul 21 16:46:43 2021
  read: IOPS=7380, BW=28.8MiB/s (30.2MB/s)(8649MiB/300001msec)
    slat (usec): min=7, max=485620, avg=173.31, stdev=3079.92
    clat (usec): min=12, max=9498.0k, avg=34764.53, stdev=293281.80
     lat (usec): min=103, max=9543.4k, avg=34938.54, stdev=295446.27
    clat percentiles (msec):
     |  1.00th=[   12],  5.00th=[   13], 10.00th=[   13], 20.00th=[   13],
     | 30.00th=[   14], 40.00th=[   14], 50.00th=[   14], 60.00th=[   14],
     | 70.00th=[   14], 80.00th=[   14], 90.00th=[   15], 95.00th=[   15],
     | 99.00th=[  136], 99.50th=[ 1519], 99.90th=[ 5000], 99.95th=[ 5805],
     | 99.99th=[ 7617]
   bw (  KiB/s): min=   24, max=82936, per=100.00%, avg=29769.25, stdev=13117.20, samples=1188
   iops        : min=    6, max=20734, avg=7442.31, stdev=3279.31, samples=1188
  write: IOPS=7377, BW=28.8MiB/s (30.2MB/s)(8645MiB/300001msec); 0 zone resets
    slat (usec): min=68, max=113477, avg=77.18, stdev=87.32
    clat (usec): min=12, max=9526.3k, avg=34331.04, stdev=290443.19
     lat (usec): min=84, max=9526.4k, avg=34409.31, stdev=290444.84
    clat percentiles (msec):
     |  1.00th=[   12],  5.00th=[   13], 10.00th=[   13], 20.00th=[   13],
     | 30.00th=[   14], 40.00th=[   14], 50.00th=[   14], 60.00th=[   14],
     | 70.00th=[   14], 80.00th=[   14], 90.00th=[   15], 95.00th=[   15],
     | 99.00th=[  134], 99.50th=[ 1003], 99.90th=[ 5000], 99.95th=[ 5805],
     | 99.99th=[ 7550]
   bw (  KiB/s): min=   24, max=82424, per=100.00%, avg=29758.75, stdev=13112.75, samples=1188
   iops        : min=    6, max=20606, avg=7439.68, stdev=3278.19, samples=1188
  lat (usec)   : 20=0.01%, 100=0.01%, 250=0.01%, 500=0.01%, 750=0.01%
  lat (usec)   : 1000=0.01%
  lat (msec)   : 2=0.01%, 4=0.01%, 10=0.01%, 20=97.77%, 50=0.89%
  lat (msec)   : 100=0.12%, 250=0.57%, 500=0.07%, 750=0.02%, 1000=0.05%
  lat (msec)   : 2000=0.04%, >=2000=0.46%
  cpu          : usr=6.95%, sys=34.08%, ctx=25866, majf=0, minf=89
  IO depths    : 1=0.1%, 2=0.1%, 4=0.1%, 8=0.1%, 16=0.1%, 32=0.1%, >=64=100.0%
     submit    : 0=0.0%, 4=100.0%, 8=0.0%, 16=0.0%, 32=0.0%, 64=0.0%, >=64=0.0%
     complete  : 0=0.0%, 4=100.0%, 8=0.0%, 16=0.0%, 32=0.0%, 64=0.0%, >=64=0.1%
     issued rwts: total=2214021,2213155,0,0 short=0,0,0,0 dropped=0,0,0,0
     latency   : target=0, window=0, percentile=100.00%, depth=256

Run status group 0 (all jobs):
   READ: bw=28.8MiB/s (30.2MB/s), 28.8MiB/s-28.8MiB/s (30.2MB/s-30.2MB/s), io=8649MiB (9069MB), run=300001-300001msec
  WRITE: bw=28.8MiB/s (30.2MB/s), 28.8MiB/s-28.8MiB/s (30.2MB/s-30.2MB/s), io=8645MiB (9065MB), run=300001-300001msec
