readwrite: (g=0): rw=rw, bs=(R) 4096B-4096B, (W) 4096B-4096B, (T) 4096B-4096B, ioengine=libaio, iodepth=256
...
fio-3.27
Starting 64 processes
readwrite: Laying out IO file (1 file / 1024MiB)
readwrite: Laying out IO file (1 file / 1024MiB)
readwrite: Laying out IO file (1 file / 1024MiB)
readwrite: Laying out IO file (1 file / 1024MiB)
readwrite: Laying out IO file (1 file / 1024MiB)
readwrite: Laying out IO file (1 file / 1024MiB)
readwrite: Laying out IO file (1 file / 1024MiB)
readwrite: Laying out IO file (1 file / 1024MiB)
readwrite: Laying out IO file (1 file / 1024MiB)
readwrite: Laying out IO file (1 file / 1024MiB)
readwrite: Laying out IO file (1 file / 1024MiB)
readwrite: Laying out IO file (1 file / 1024MiB)
readwrite: Laying out IO file (1 file / 1024MiB)
readwrite: Laying out IO file (1 file / 1024MiB)
readwrite: Laying out IO file (1 file / 1024MiB)
readwrite: Laying out IO file (1 file / 1024MiB)
readwrite: Laying out IO file (1 file / 1024MiB)
readwrite: Laying out IO file (1 file / 1024MiB)
readwrite: Laying out IO file (1 file / 1024MiB)
readwrite: Laying out IO file (1 file / 1024MiB)
readwrite: Laying out IO file (1 file / 1024MiB)
readwrite: Laying out IO file (1 file / 1024MiB)
readwrite: Laying out IO file (1 file / 1024MiB)
readwrite: Laying out IO file (1 file / 1024MiB)
readwrite: Laying out IO file (1 file / 1024MiB)
readwrite: Laying out IO file (1 file / 1024MiB)
readwrite: Laying out IO file (1 file / 1024MiB)
readwrite: Laying out IO file (1 file / 1024MiB)
readwrite: Laying out IO file (1 file / 1024MiB)
readwrite: Laying out IO file (1 file / 1024MiB)
readwrite: Laying out IO file (1 file / 1024MiB)
readwrite: Laying out IO file (1 file / 1024MiB)

readwrite: (groupid=0, jobs=64): err= 0: pid=118413: Wed Jul 21 19:16:00 2021
  read: IOPS=24.5k, BW=95.6MiB/s (100MB/s)(28.0GiB/300154msec)
    slat (usec): min=7, max=7212.1k, avg=2490.52, stdev=32318.50
    clat (usec): min=14, max=61373k, avg=335427.12, stdev=2682474.79
     lat (usec): min=105, max=61878k, avg=337918.41, stdev=2701568.90
    clat percentiles (msec):
     |  1.00th=[   13],  5.00th=[   13], 10.00th=[   14], 20.00th=[   14],
     | 30.00th=[   14], 40.00th=[   14], 50.00th=[   15], 60.00th=[   15],
     | 70.00th=[   15], 80.00th=[   16], 90.00th=[   16], 95.00th=[   20],
     | 99.00th=[16576], 99.50th=[17113], 99.90th=[17113], 99.95th=[17113],
     | 99.99th=[17113]
   bw (  KiB/s): min=  512, max=999487, per=100.00%, avg=111055.08, stdev=5612.11, samples=31157
   iops        : min=  128, max=249869, avg=27763.67, stdev=1403.02, samples=31157
  write: IOPS=24.5k, BW=95.5MiB/s (100MB/s)(28.0GiB/300154msec); 0 zone resets
    slat (usec): min=68, max=2123.1k, avg=104.01, stdev=2921.61
    clat (usec): min=11, max=61878k, avg=321924.30, stdev=2613854.45
     lat (usec): min=90, max=61878k, avg=322029.42, stdev=2614017.98
    clat percentiles (msec):
     |  1.00th=[   13],  5.00th=[   13], 10.00th=[   14], 20.00th=[   14],
     | 30.00th=[   14], 40.00th=[   14], 50.00th=[   15], 60.00th=[   15],
     | 70.00th=[   15], 80.00th=[   16], 90.00th=[   16], 95.00th=[   20],
     | 99.00th=[15905], 99.50th=[17113], 99.90th=[17113], 99.95th=[17113],
     | 99.99th=[17113]
   bw (  KiB/s): min=  512, max=1003759, per=100.00%, avg=111230.25, stdev=5642.14, samples=30873
   iops        : min=  128, max=250937, avg=27807.45, stdev=1410.53, samples=30873
  lat (usec)   : 20=0.01%, 50=0.01%, 100=0.01%, 250=0.01%, 500=0.01%
  lat (usec)   : 750=0.01%, 1000=0.01%
  lat (msec)   : 2=0.01%, 4=0.01%, 10=0.01%, 20=96.15%, 50=1.24%
  lat (msec)   : 100=0.23%, 250=0.25%, 500=0.14%, 750=0.10%, 1000=0.07%
  lat (msec)   : 2000=0.10%, >=2000=1.72%
  cpu          : usr=0.74%, sys=3.82%, ctx=110819, majf=0, minf=2810
  IO depths    : 1=0.1%, 2=0.1%, 4=0.1%, 8=0.1%, 16=0.1%, 32=0.1%, >=64=100.0%
     submit    : 0=0.0%, 4=100.0%, 8=0.0%, 16=0.0%, 32=0.0%, 64=0.0%, >=64=0.0%
     complete  : 0=0.0%, 4=100.0%, 8=0.0%, 16=0.0%, 32=0.0%, 64=0.0%, >=64=0.1%
     issued rwts: total=7342396,7339242,0,0 short=0,0,0,0 dropped=0,0,0,0
     latency   : target=0, window=0, percentile=100.00%, depth=256

Run status group 0 (all jobs):
   READ: bw=95.6MiB/s (100MB/s), 95.6MiB/s-95.6MiB/s (100MB/s-100MB/s), io=28.0GiB (30.1GB), run=300154-300154msec
  WRITE: bw=95.5MiB/s (100MB/s), 95.5MiB/s-95.5MiB/s (100MB/s-100MB/s), io=28.0GiB (30.1GB), run=300154-300154msec
