test: (g=0): rw=randread, bs=(R) 4096B-4096B, (W) 4096B-4096B, (T) 4096B-4096B, ioengine=libaio, iodepth=256
...
fio-3.27
Starting 8 processes
rand-read: Laying out IO file (1 file / 1024MiB)
rand-read: Laying out IO file (1 file / 1024MiB)
rand-read: Laying out IO file (1 file / 1024MiB)
rand-read: Laying out IO file (1 file / 1024MiB)

test: (groupid=0, jobs=8): err= 0: pid=202484: Mon Jul 19 22:07:38 2021
  read: IOPS=650, BW=2602KiB/s (2664kB/s)(762MiB/300012msec)
    slat (usec): min=475, max=187760, avg=12274.89, stdev=9921.96
    clat (usec): min=15, max=4032.9k, avg=3120940.03, stdev=258646.55
     lat (msec): min=6, max=4056, avg=3133.22, stdev=258.95
    clat percentiles (msec):
     |  1.00th=[ 2668],  5.00th=[ 2836], 10.00th=[ 2903], 20.00th=[ 2970],
     | 30.00th=[ 3037], 40.00th=[ 3071], 50.00th=[ 3138], 60.00th=[ 3171],
     | 70.00th=[ 3205], 80.00th=[ 3272], 90.00th=[ 3373], 95.00th=[ 3473],
     | 99.00th=[ 3641], 99.50th=[ 3708], 99.90th=[ 3842], 99.95th=[ 3876],
     | 99.99th=[ 3977]
   bw (  KiB/s): min=  984, max= 3544, per=99.93%, avg=2600.19, stdev=41.36, samples=4748
   iops        : min=  246, max=  886, avg=650.05, stdev=10.34, samples=4748
  lat (usec)   : 20=0.01%, 50=0.01%
  lat (msec)   : 10=0.01%, 20=0.01%, 50=0.01%, 100=0.01%, 250=0.05%
  lat (msec)   : 500=0.09%, 750=0.08%, 1000=0.08%, 2000=0.34%, >=2000=99.33%
  cpu          : usr=0.22%, sys=1.42%, ctx=195193, majf=0, minf=2362
  IO depths    : 1=0.1%, 2=0.1%, 4=0.1%, 8=0.1%, 16=0.1%, 32=0.1%, >=64=99.7%
     submit    : 0=0.0%, 4=100.0%, 8=0.0%, 16=0.0%, 32=0.0%, 64=0.0%, >=64=0.0%
     complete  : 0=0.0%, 4=100.0%, 8=0.0%, 16=0.0%, 32=0.0%, 64=0.0%, >=64=0.1%
     issued rwts: total=195139,0,0,0 short=0,0,0,0 dropped=0,0,0,0
     latency   : target=0, window=0, percentile=100.00%, depth=256

Run status group 0 (all jobs):
   READ: bw=2602KiB/s (2664kB/s), 2602KiB/s-2602KiB/s (2664kB/s-2664kB/s), io=762MiB (799MB), run=300012-300012msec
