test: (g=0): rw=randread, bs=(R) 4096B-4096B, (W) 4096B-4096B, (T) 4096B-4096B, ioengine=libaio, iodepth=256
...
fio-3.27
Starting 16 processes
rand-read: Laying out IO file (1 file / 1024MiB)
rand-read: Laying out IO file (1 file / 1024MiB)
rand-read: Laying out IO file (1 file / 1024MiB)
rand-read: Laying out IO file (1 file / 1024MiB)
rand-read: Laying out IO file (1 file / 1024MiB)
rand-read: Laying out IO file (1 file / 1024MiB)
rand-read: Laying out IO file (1 file / 1024MiB)
rand-read: Laying out IO file (1 file / 1024MiB)

test: (groupid=0, jobs=16): err= 0: pid=191923: Mon Jul 19 22:15:37 2021
  read: IOPS=660, BW=2643KiB/s (2706kB/s)(774MiB/300016msec)
    slat (usec): min=541, max=266270, avg=24188.85, stdev=14174.49
    clat (usec): min=14, max=8277.2k, avg=6108610.00, stdev=908550.74
     lat (msec): min=2, max=8299, avg=6132.80, stdev=910.95
    clat percentiles (msec):
     |  1.00th=[ 1418],  5.00th=[ 5269], 10.00th=[ 5403], 20.00th=[ 5537],
     | 30.00th=[ 5738], 40.00th=[ 5940], 50.00th=[ 6141], 60.00th=[ 6275],
     | 70.00th=[ 6477], 80.00th=[ 6745], 90.00th=[ 7080], 95.00th=[ 7349],
     | 99.00th=[ 7819], 99.50th=[ 7886], 99.90th=[ 8020], 99.95th=[ 8087],
     | 99.99th=[ 8221]
   bw (  KiB/s): min=  912, max= 5448, per=99.58%, avg=2632.59, stdev=22.48, samples=9390
   iops        : min=  228, max= 1362, avg=658.15, stdev= 5.62, samples=9390
  lat (usec)   : 20=0.01%, 50=0.01%
  lat (msec)   : 4=0.01%, 10=0.01%, 20=0.01%, 50=0.03%, 100=0.05%
  lat (msec)   : 250=0.18%, 500=0.26%, 750=0.20%, 1000=0.11%, 2000=0.33%
  lat (msec)   : >=2000=98.81%
  cpu          : usr=0.12%, sys=0.72%, ctx=198355, majf=0, minf=4725
  IO depths    : 1=0.1%, 2=0.1%, 4=0.1%, 8=0.1%, 16=0.1%, 32=0.3%, >=64=99.5%
     submit    : 0=0.0%, 4=100.0%, 8=0.0%, 16=0.0%, 32=0.0%, 64=0.0%, >=64=0.0%
     complete  : 0=0.0%, 4=100.0%, 8=0.0%, 16=0.0%, 32=0.0%, 64=0.0%, >=64=0.1%
     issued rwts: total=198239,0,0,0 short=0,0,0,0 dropped=0,0,0,0
     latency   : target=0, window=0, percentile=100.00%, depth=256

Run status group 0 (all jobs):
   READ: bw=2643KiB/s (2706kB/s), 2643KiB/s-2643KiB/s (2706kB/s-2706kB/s), io=774MiB (812MB), run=300016-300016msec
