readwrite: (g=0): rw=rw, bs=(R) 4096B-4096B, (W) 4096B-4096B, (T) 4096B-4096B, ioengine=libaio, iodepth=256
fio-3.27
Starting 1 process
readwrite: Laying out IO file (1 file / 1024MiB)

readwrite: (groupid=0, jobs=1): err= 0: pid=66516: Wed Jul 21 16:41:13 2021
  read: IOPS=2040, BW=8163KiB/s (8359kB/s)(2392MiB/300001msec)
    slat (usec): min=7, max=204059, avg=394.94, stdev=3942.50
    clat (usec): min=220, max=5886.9k, avg=62751.92, stdev=295977.69
     lat (usec): min=233, max=5904.1k, avg=63147.75, stdev=298097.25
    clat percentiles (msec):
     |  1.00th=[   12],  5.00th=[   13], 10.00th=[   13], 20.00th=[   13],
     | 30.00th=[   13], 40.00th=[   13], 50.00th=[   14], 60.00th=[   14],
     | 70.00th=[   14], 80.00th=[   14], 90.00th=[   35], 95.00th=[  116],
     | 99.00th=[ 1687], 99.50th=[ 2140], 99.90th=[ 3675], 99.95th=[ 4530],
     | 99.99th=[ 5134]
   bw (  KiB/s): min=    8, max=41432, per=100.00%, avg=8166.30, stdev=14535.73, samples=597
   iops        : min=    2, max=10358, avg=2041.57, stdev=3633.93, samples=597
  write: IOPS=2038, BW=8156KiB/s (8351kB/s)(2389MiB/300001msec); 0 zone resets
    slat (usec): min=68, max=3809, avg=73.32, stdev=15.19
    clat (usec): min=12, max=5881.1k, avg=62101.25, stdev=291733.15
     lat (usec): min=133, max=5881.2k, avg=62175.67, stdev=291736.19
    clat percentiles (msec):
     |  1.00th=[   12],  5.00th=[   13], 10.00th=[   13], 20.00th=[   13],
     | 30.00th=[   13], 40.00th=[   13], 50.00th=[   14], 60.00th=[   14],
     | 70.00th=[   14], 80.00th=[   14], 90.00th=[   35], 95.00th=[  116],
     | 99.00th=[ 1653], 99.50th=[ 2123], 99.90th=[ 3608], 99.95th=[ 4463],
     | 99.99th=[ 5134]
   bw (  KiB/s): min=    8, max=41136, per=100.00%, avg=8157.44, stdev=14519.22, samples=597
   iops        : min=    2, max=10284, avg=2039.36, stdev=3629.81, samples=597
  lat (usec)   : 20=0.01%, 250=0.01%, 500=0.01%, 750=0.01%, 1000=0.01%
  lat (msec)   : 2=0.01%, 4=0.01%, 10=0.01%, 20=88.38%, 50=3.11%
  lat (msec)   : 100=1.88%, 250=3.87%, 500=0.15%, 750=0.20%, 1000=0.42%
  lat (msec)   : 2000=1.36%, >=2000=0.62%
  cpu          : usr=4.10%, sys=20.77%, ctx=50660, majf=0, minf=43
  IO depths    : 1=0.1%, 2=0.1%, 4=0.1%, 8=0.1%, 16=0.1%, 32=0.1%, >=64=100.0%
     submit    : 0=0.0%, 4=100.0%, 8=0.0%, 16=0.0%, 32=0.0%, 64=0.0%, >=64=0.0%
     complete  : 0=0.0%, 4=100.0%, 8=0.0%, 16=0.0%, 32=0.0%, 64=0.0%, >=64=0.1%
     issued rwts: total=612256,611673,0,0 short=0,0,0,0 dropped=0,0,0,0
     latency   : target=0, window=0, percentile=100.00%, depth=256

Run status group 0 (all jobs):
   READ: bw=8163KiB/s (8359kB/s), 8163KiB/s-8163KiB/s (8359kB/s-8359kB/s), io=2392MiB (2508MB), run=300001-300001msec
  WRITE: bw=8156KiB/s (8351kB/s), 8156KiB/s-8156KiB/s (8351kB/s-8351kB/s), io=2389MiB (2505MB), run=300001-300001msec
