readwrite: (g=0): rw=rw, bs=(R) 4096B-4096B, (W) 4096B-4096B, (T) 4096B-4096B, ioengine=libaio, iodepth=256
...
fio-3.27
Starting 16 processes
readwrite: Laying out IO file (1 file / 1024MiB)
readwrite: Laying out IO file (1 file / 1024MiB)
readwrite: Laying out IO file (1 file / 1024MiB)
readwrite: Laying out IO file (1 file / 1024MiB)
readwrite: Laying out IO file (1 file / 1024MiB)
readwrite: Laying out IO file (1 file / 1024MiB)
readwrite: Laying out IO file (1 file / 1024MiB)
readwrite: Laying out IO file (1 file / 1024MiB)

readwrite: (groupid=0, jobs=16): err= 0: pid=63538: Wed Jul 21 17:00:39 2021
  read: IOPS=42.2k, BW=165MiB/s (173MB/s)(48.3GiB/300092msec)
    slat (usec): min=7, max=1524.3k, avg=275.83, stdev=5656.51
    clat (usec): min=10, max=23062k, avg=48479.02, stdev=485485.64
     lat (usec): min=21, max=23133k, avg=48755.58, stdev=488885.06
    clat percentiles (msec):
     |  1.00th=[   13],  5.00th=[   13], 10.00th=[   13], 20.00th=[   14],
     | 30.00th=[   14], 40.00th=[   14], 50.00th=[   14], 60.00th=[   14],
     | 70.00th=[   15], 80.00th=[   15], 90.00th=[   15], 95.00th=[   18],
     | 99.00th=[  188], 99.50th=[ 2232], 99.90th=[ 8356], 99.95th=[10268],
     | 99.99th=[16711]
   bw (  KiB/s): min=  128, max=619185, per=100.00%, avg=172098.76, stdev=13495.64, samples=9327
   iops        : min=   32, max=154795, avg=43024.40, stdev=3373.89, samples=9327
  write: IOPS=42.2k, BW=165MiB/s (173MB/s)(48.3GiB/300092msec); 0 zone resets
    slat (usec): min=68, max=1897.7k, avg=82.43, stdev=1306.36
    clat (usec): min=26, max=23133k, avg=48224.75, stdev=484554.12
     lat (usec): min=102, max=23133k, avg=48308.29, stdev=484594.60
    clat percentiles (msec):
     |  1.00th=[   13],  5.00th=[   13], 10.00th=[   13], 20.00th=[   14],
     | 30.00th=[   14], 40.00th=[   14], 50.00th=[   14], 60.00th=[   14],
     | 70.00th=[   15], 80.00th=[   15], 90.00th=[   15], 95.00th=[   17],
     | 99.00th=[  163], 99.50th=[ 2198], 99.90th=[ 8356], 99.95th=[10134],
     | 99.99th=[16711]
   bw (  KiB/s): min=  128, max=615911, per=100.00%, avg=172454.52, stdev=13472.99, samples=9330
   iops        : min=   32, max=153976, avg=43113.35, stdev=3368.23, samples=9330
  lat (usec)   : 20=0.01%, 50=0.01%, 250=0.01%, 500=0.01%, 750=0.01%
  lat (usec)   : 1000=0.01%
  lat (msec)   : 2=0.01%, 4=0.01%, 10=0.01%, 20=97.70%, 50=1.21%
  lat (msec)   : 100=0.07%, 250=0.06%, 500=0.06%, 750=0.05%, 1000=0.08%
  lat (msec)   : 2000=0.24%, >=2000=0.54%
  cpu          : usr=5.02%, sys=25.31%, ctx=103084, majf=0, minf=711
  IO depths    : 1=0.1%, 2=0.1%, 4=0.1%, 8=0.1%, 16=0.1%, 32=0.1%, >=64=100.0%
     submit    : 0=0.0%, 4=100.0%, 8=0.0%, 16=0.0%, 32=0.0%, 64=0.0%, >=64=0.0%
     complete  : 0=0.0%, 4=100.0%, 8=0.0%, 16=0.0%, 32=0.0%, 64=0.0%, >=64=0.1%
     issued rwts: total=12649979,12649588,0,0 short=0,0,0,0 dropped=0,0,0,0
     latency   : target=0, window=0, percentile=100.00%, depth=256

Run status group 0 (all jobs):
   READ: bw=165MiB/s (173MB/s), 165MiB/s-165MiB/s (173MB/s-173MB/s), io=48.3GiB (51.8GB), run=300092-300092msec
  WRITE: bw=165MiB/s (173MB/s), 165MiB/s-165MiB/s (173MB/s-173MB/s), io=48.3GiB (51.8GB), run=300092-300092msec
