test: (g=0): rw=read, bs=(R) 4096B-4096B, (W) 4096B-4096B, (T) 4096B-4096B, ioengine=libaio, iodepth=256
...
fio-3.27
Starting 32 processes
seq-read: Laying out IO file (1 file / 1024MiB)
seq-read: Laying out IO file (1 file / 1024MiB)
seq-read: Laying out IO file (1 file / 1024MiB)
seq-read: Laying out IO file (1 file / 1024MiB)
seq-read: Laying out IO file (1 file / 1024MiB)
seq-read: Laying out IO file (1 file / 1024MiB)
seq-read: Laying out IO file (1 file / 1024MiB)
seq-read: Laying out IO file (1 file / 1024MiB)
seq-read: Laying out IO file (1 file / 1024MiB)
seq-read: Laying out IO file (1 file / 1024MiB)
seq-read: Laying out IO file (1 file / 1024MiB)
seq-read: Laying out IO file (1 file / 1024MiB)
seq-read: Laying out IO file (1 file / 1024MiB)
seq-read: Laying out IO file (1 file / 1024MiB)
seq-read: Laying out IO file (1 file / 1024MiB)
seq-read: Laying out IO file (1 file / 1024MiB)

test: (groupid=0, jobs=32): err= 0: pid=256957: Tue Jul 20 14:56:19 2021
  read: IOPS=33.2k, BW=130MiB/s (136MB/s)(38.0GiB/300051msec)
    slat (usec): min=10, max=1059.5k, avg=950.90, stdev=5675.83
    clat (usec): min=13, max=19643k, avg=244980.65, stdev=1213014.49
     lat (msec): min=3, max=19698, avg=245.93, stdev=1217.63
    clat percentiles (msec):
     |  1.00th=[    5],  5.00th=[    5], 10.00th=[    5], 20.00th=[    5],
     | 30.00th=[    5], 40.00th=[    6], 50.00th=[    6], 60.00th=[    6],
     | 70.00th=[    6], 80.00th=[    6], 90.00th=[   26], 95.00th=[ 1770],
     | 99.00th=[ 6007], 99.50th=[ 9597], 99.90th=[13355], 99.95th=[14295],
     | 99.99th=[15905]
   bw (  KiB/s): min=  728, max=4232699, per=100.00%, avg=134800.42, stdev=20875.40, samples=19070
   iops        : min=  182, max=1058176, avg=33700.05, stdev=5218.84, samples=19070
  lat (usec)   : 20=0.01%, 50=0.01%
  lat (msec)   : 4=0.01%, 10=80.84%, 20=8.28%, 50=5.36%, 100=0.08%
  lat (msec)   : 250=0.01%, 500=0.02%, 750=0.01%, 1000=0.05%, 2000=1.35%
  lat (msec)   : >=2000=4.01%
  cpu          : usr=0.99%, sys=3.25%, ctx=528455, majf=0, minf=9472
  IO depths    : 1=0.1%, 2=0.1%, 4=0.1%, 8=0.1%, 16=0.1%, 32=0.1%, >=64=100.0%
     submit    : 0=0.0%, 4=100.0%, 8=0.0%, 16=0.0%, 32=0.0%, 64=0.0%, >=64=0.0%
     complete  : 0=0.0%, 4=100.0%, 8=0.0%, 16=0.0%, 32=0.0%, 64=0.0%, >=64=0.1%
     issued rwts: total=9973506,0,0,0 short=0,0,0,0 dropped=0,0,0,0
     latency   : target=0, window=0, percentile=100.00%, depth=256

Run status group 0 (all jobs):
   READ: bw=130MiB/s (136MB/s), 130MiB/s-130MiB/s (136MB/s-136MB/s), io=38.0GiB (40.9GB), run=300051-300051msec
