test: (g=0): rw=randread, bs=(R) 4096B-4096B, (W) 4096B-4096B, (T) 4096B-4096B, ioengine=libaio, iodepth=256
fio-3.27
Starting 1 process
test: Laying out IO file (1 file / 1024MiB)

test: (groupid=0, jobs=1): err= 0: pid=150570: Mon Jul 19 19:27:38 2021
  read: IOPS=81, BW=326KiB/s (334kB/s)(95.5MiB/300020msec)
    slat (usec): min=496, max=131294, avg=12247.23, stdev=12071.03
    clat (usec): min=28, max=5325.4k, avg=3106115.73, stdev=1440317.66
     lat (msec): min=20, max=5345, avg=3118.37, stdev=1445.79
    clat percentiles (msec):
     |  1.00th=[ 1334],  5.00th=[ 1385], 10.00th=[ 1401], 20.00th=[ 1452],
     | 30.00th=[ 1552], 40.00th=[ 1703], 50.00th=[ 3910], 60.00th=[ 4111],
     | 70.00th=[ 4329], 80.00th=[ 4463], 90.00th=[ 4732], 95.00th=[ 4933],
     | 99.00th=[ 5134], 99.50th=[ 5201], 99.90th=[ 5201], 99.95th=[ 5269],
     | 99.99th=[ 5269]
   bw (  KiB/s): min=  120, max=  832, per=100.00%, avg=327.31, stdev=187.66, samples=591
   iops        : min=   30, max=  208, avg=81.83, stdev=46.92, samples=591
  lat (usec)   : 50=0.01%
  lat (msec)   : 50=0.01%, 100=0.02%, 250=0.03%, 500=0.07%, 750=0.05%
  lat (msec)   : 1000=0.07%, 2000=42.19%, >=2000=57.57%
  cpu          : usr=0.22%, sys=1.17%, ctx=24465, majf=0, minf=294
  IO depths    : 1=0.1%, 2=0.1%, 4=0.1%, 8=0.1%, 16=0.1%, 32=0.1%, >=64=99.7%
     submit    : 0=0.0%, 4=100.0%, 8=0.0%, 16=0.0%, 32=0.0%, 64=0.0%, >=64=0.0%
     complete  : 0=0.0%, 4=100.0%, 8=0.0%, 16=0.0%, 32=0.0%, 64=0.0%, >=64=0.1%
     issued rwts: total=24457,0,0,0 short=0,0,0,0 dropped=0,0,0,0
     latency   : target=0, window=0, percentile=100.00%, depth=256

Run status group 0 (all jobs):
   READ: bw=326KiB/s (334kB/s), 326KiB/s-326KiB/s (334kB/s-334kB/s), io=95.5MiB (100MB), run=300020-300020msec
