readwrite: (g=0): rw=rw, bs=(R) 4096B-4096B, (W) 4096B-4096B, (T) 4096B-4096B, ioengine=libaio, iodepth=256
...
fio-3.27
Starting 4 processes
readwrite: Laying out IO file (1 file / 1024MiB)
readwrite: Laying out IO file (1 file / 1024MiB)

readwrite: (groupid=0, jobs=4): err= 0: pid=31770: Wed Jul 21 16:52:34 2021
  read: IOPS=9598, BW=37.5MiB/s (39.3MB/s)(11.0GiB/300140msec)
    slat (usec): min=7, max=1043.9k, avg=285.75, stdev=3608.02
    clat (usec): min=13, max=6432.0k, avg=53167.23, stdev=209816.84
     lat (msec): min=6, max=6436, avg=53.45, stdev=211.08
    clat percentiles (msec):
     |  1.00th=[   12],  5.00th=[   13], 10.00th=[   13], 20.00th=[   13],
     | 30.00th=[   14], 40.00th=[   14], 50.00th=[   14], 60.00th=[   14],
     | 70.00th=[   15], 80.00th=[   15], 90.00th=[   19], 95.00th=[  247],
     | 99.00th=[ 1028], 99.50th=[ 1452], 99.90th=[ 2534], 99.95th=[ 3037],
     | 99.99th=[ 4463]
   bw (  KiB/s): min=   72, max=163674, per=100.00%, avg=38655.57, stdev=15043.72, samples=2385
   iops        : min=   18, max=40918, avg=9663.72, stdev=3760.93, samples=2385
  write: IOPS=9593, BW=37.5MiB/s (39.3MB/s)(11.0GiB/300140msec); 0 zone resets
    slat (usec): min=68, max=1289.1k, avg=110.18, stdev=2504.17
    clat (msec): min=6, max=6430, avg=53.09, stdev=209.96
     lat (msec): min=6, max=6430, avg=53.20, stdev=210.20
    clat percentiles (msec):
     |  1.00th=[   12],  5.00th=[   13], 10.00th=[   13], 20.00th=[   13],
     | 30.00th=[   14], 40.00th=[   14], 50.00th=[   14], 60.00th=[   14],
     | 70.00th=[   15], 80.00th=[   15], 90.00th=[   19], 95.00th=[  247],
     | 99.00th=[ 1020], 99.50th=[ 1435], 99.90th=[ 2534], 99.95th=[ 3104],
     | 99.99th=[ 4463]
   bw (  KiB/s): min=   56, max=163624, per=100.00%, avg=38635.73, stdev=15038.15, samples=2385
   iops        : min=   14, max=40906, avg=9658.74, stdev=3759.53, samples=2385
  lat (usec)   : 20=0.01%, 50=0.01%
  lat (msec)   : 10=0.01%, 20=91.86%, 50=2.10%, 100=0.15%, 250=0.92%
  lat (msec)   : 500=2.03%, 750=1.18%, 1000=0.70%, 2000=0.84%, >=2000=0.22%
  cpu          : usr=4.72%, sys=24.65%, ctx=160880, majf=0, minf=173
  IO depths    : 1=0.1%, 2=0.1%, 4=0.1%, 8=0.1%, 16=0.1%, 32=0.1%, >=64=100.0%
     submit    : 0=0.0%, 4=100.0%, 8=0.0%, 16=0.0%, 32=0.0%, 64=0.0%, >=64=0.0%
     complete  : 0=0.0%, 4=100.0%, 8=0.0%, 16=0.0%, 32=0.0%, 64=0.0%, >=64=0.1%
     issued rwts: total=2880899,2879507,0,0 short=0,0,0,0 dropped=0,0,0,0
     latency   : target=0, window=0, percentile=100.00%, depth=256

Run status group 0 (all jobs):
   READ: bw=37.5MiB/s (39.3MB/s), 37.5MiB/s-37.5MiB/s (39.3MB/s-39.3MB/s), io=11.0GiB (11.8GB), run=300140-300140msec
  WRITE: bw=37.5MiB/s (39.3MB/s), 37.5MiB/s-37.5MiB/s (39.3MB/s-39.3MB/s), io=11.0GiB (11.8GB), run=300140-300140msec
