readwrite: (g=0): rw=rw, bs=(R) 4096B-4096B, (W) 4096B-4096B, (T) 4096B-4096B, ioengine=libaio, iodepth=256
fio-3.27
Starting 1 process
readwrite: Laying out IO file (1 file / 1024MiB)

readwrite: (groupid=0, jobs=1): err= 0: pid=127494: Wed Jul 21 18:22:16 2021
  read: IOPS=7869, BW=30.7MiB/s (32.2MB/s)(9222MiB/300002msec)
    slat (usec): min=7, max=68977, avg=33.73, stdev=379.33
    clat (usec): min=25, max=919277, avg=16210.05, stdev=23832.88
     lat (msec): min=10, max=919, avg=16.24, stdev=23.90
    clat percentiles (msec):
     |  1.00th=[   12],  5.00th=[   13], 10.00th=[   13], 20.00th=[   13],
     | 30.00th=[   13], 40.00th=[   13], 50.00th=[   14], 60.00th=[   14],
     | 70.00th=[   14], 80.00th=[   14], 90.00th=[   15], 95.00th=[   26],
     | 99.00th=[  107], 99.50th=[  124], 99.90th=[  169], 99.95th=[  279],
     | 99.99th=[  894]
   bw (  KiB/s): min= 2896, max=41984, per=100.00%, avg=31886.33, stdev=11937.71, samples=592
   iops        : min=  724, max=10496, avg=7971.58, stdev=2984.42, samples=592
  write: IOPS=7864, BW=30.7MiB/s (32.2MB/s)(9216MiB/300002msec); 0 zone resets
    slat (usec): min=67, max=4101, avg=71.40, stdev=11.93
    clat (msec): min=10, max=919, avg=16.21, stdev=23.69
     lat (msec): min=10, max=919, avg=16.28, stdev=23.69
    clat percentiles (msec):
     |  1.00th=[   12],  5.00th=[   13], 10.00th=[   13], 20.00th=[   13],
     | 30.00th=[   13], 40.00th=[   13], 50.00th=[   14], 60.00th=[   14],
     | 70.00th=[   14], 80.00th=[   14], 90.00th=[   15], 95.00th=[   26],
     | 99.00th=[  107], 99.50th=[  124], 99.90th=[  169], 99.95th=[  279],
     | 99.99th=[  885]
   bw (  KiB/s): min= 2728, max=41320, per=100.00%, avg=31866.72, stdev=11907.76, samples=592
   iops        : min=  682, max=10330, avg=7966.68, stdev=2976.94, samples=592
  lat (usec)   : 50=0.01%
  lat (msec)   : 20=94.79%, 50=2.94%, 100=0.99%, 250=1.23%, 500=0.01%
  lat (msec)   : 750=0.01%, 1000=0.05%
  cpu          : usr=15.36%, sys=74.06%, ctx=51121, majf=0, minf=41
  IO depths    : 1=0.1%, 2=0.1%, 4=0.1%, 8=0.1%, 16=0.1%, 32=0.1%, >=64=100.0%
     submit    : 0=0.0%, 4=100.0%, 8=0.0%, 16=0.0%, 32=0.0%, 64=0.0%, >=64=0.0%
     complete  : 0=0.0%, 4=100.0%, 8=0.0%, 16=0.0%, 32=0.0%, 64=0.0%, >=64=0.1%
     issued rwts: total=2360738,2359306,0,0 short=0,0,0,0 dropped=0,0,0,0
     latency   : target=0, window=0, percentile=100.00%, depth=256

Run status group 0 (all jobs):
   READ: bw=30.7MiB/s (32.2MB/s), 30.7MiB/s-30.7MiB/s (32.2MB/s-32.2MB/s), io=9222MiB (9670MB), run=300002-300002msec
  WRITE: bw=30.7MiB/s (32.2MB/s), 30.7MiB/s-30.7MiB/s (32.2MB/s-32.2MB/s), io=9216MiB (9664MB), run=300002-300002msec
