test: (g=0): rw=randread, bs=(R) 4096B-4096B, (W) 4096B-4096B, (T) 4096B-4096B, ioengine=libaio, iodepth=256
...
fio-3.27
Starting 2 processes
rand-read: Laying out IO file (1 file / 1024MiB)

test: (groupid=0, jobs=2): err= 0: pid=195958: Mon Jul 19 21:55:06 2021
  read: IOPS=301, BW=1205KiB/s (1234kB/s)(353MiB/300005msec)
    slat (usec): min=467, max=81521, avg=6615.07, stdev=4366.50
    clat (usec): min=15, max=2023.9k, avg=1687655.07, stdev=106990.16
     lat (msec): min=3, max=2030, avg=1694.27, stdev=107.11
    clat percentiles (msec):
     |  1.00th=[ 1485],  5.00th=[ 1552], 10.00th=[ 1586], 20.00th=[ 1636],
     | 30.00th=[ 1653], 40.00th=[ 1670], 50.00th=[ 1687], 60.00th=[ 1703],
     | 70.00th=[ 1737], 80.00th=[ 1754], 90.00th=[ 1787], 95.00th=[ 1821],
     | 99.00th=[ 1888], 99.50th=[ 1905], 99.90th=[ 1972], 99.95th=[ 1989],
     | 99.99th=[ 2022]
   bw (  KiB/s): min=  736, max= 1512, per=99.97%, avg=1205.20, stdev=49.36, samples=1192
   iops        : min=  184, max=  378, avg=301.24, stdev=12.34, samples=1192
  lat (usec)   : 20=0.01%
  lat (msec)   : 4=0.01%, 10=0.01%, 20=0.01%, 50=0.01%, 100=0.02%
  lat (msec)   : 250=0.04%, 500=0.07%, 750=0.09%, 1000=0.09%, 2000=99.65%
  lat (msec)   : >=2000=0.02%
  cpu          : usr=0.36%, sys=2.38%, ctx=90423, majf=0, minf=589
  IO depths    : 1=0.1%, 2=0.1%, 4=0.1%, 8=0.1%, 16=0.1%, 32=0.1%, >=64=99.9%
     submit    : 0=0.0%, 4=100.0%, 8=0.0%, 16=0.0%, 32=0.0%, 64=0.0%, >=64=0.0%
     complete  : 0=0.0%, 4=100.0%, 8=0.0%, 16=0.0%, 32=0.0%, 64=0.0%, >=64=0.1%
     issued rwts: total=90406,0,0,0 short=0,0,0,0 dropped=0,0,0,0
     latency   : target=0, window=0, percentile=100.00%, depth=256

Run status group 0 (all jobs):
   READ: bw=1205KiB/s (1234kB/s), 1205KiB/s-1205KiB/s (1234kB/s-1234kB/s), io=353MiB (370MB), run=300005-300005msec
