readwrite: (g=0): rw=rw, bs=(R) 4096B-4096B, (W) 4096B-4096B, (T) 4096B-4096B, ioengine=libaio, iodepth=256
...
fio-3.27
Starting 2 processes
readwrite: Laying out IO file (1 file / 1024MiB)

readwrite: (groupid=0, jobs=2): err= 0: pid=252277: Wed Jul 21 16:46:43 2021
  read: IOPS=9684, BW=37.8MiB/s (39.7MB/s)(11.1GiB/300005msec)
    slat (usec): min=7, max=486121, avg=110.00, stdev=2487.63
    clat (usec): min=12, max=10544k, avg=26546.84, stdev=258023.28
     lat (usec): min=597, max=10610k, avg=26657.56, stdev=259925.32
    clat percentiles (msec):
     |  1.00th=[   12],  5.00th=[   13], 10.00th=[   13], 20.00th=[   13],
     | 30.00th=[   13], 40.00th=[   14], 50.00th=[   14], 60.00th=[   14],
     | 70.00th=[   14], 80.00th=[   14], 90.00th=[   15], 95.00th=[   15],
     | 99.00th=[   35], 99.50th=[  140], 99.90th=[ 5000], 99.95th=[ 6477],
     | 99.99th=[ 9060]
   bw (  KiB/s): min=  120, max=82480, per=100.00%, avg=39266.06, stdev=7026.57, samples=1186
   iops        : min=   30, max=20620, avg=9816.50, stdev=1756.66, samples=1186
  write: IOPS=9679, BW=37.8MiB/s (39.6MB/s)(11.1GiB/300005msec); 0 zone resets
    slat (usec): min=68, max=75187, avg=75.75, stdev=53.03
    clat (usec): min=1281, max=10582k, avg=26095.38, stdev=252443.55
     lat (usec): min=1445, max=10582k, avg=26172.22, stdev=252444.89
    clat percentiles (msec):
     |  1.00th=[   12],  5.00th=[   13], 10.00th=[   13], 20.00th=[   13],
     | 30.00th=[   13], 40.00th=[   14], 50.00th=[   14], 60.00th=[   14],
     | 70.00th=[   14], 80.00th=[   14], 90.00th=[   15], 95.00th=[   15],
     | 99.00th=[   35], 99.50th=[  134], 99.90th=[ 4933], 99.95th=[ 6342],
     | 99.99th=[ 9060]
   bw (  KiB/s): min=   64, max=82128, per=100.00%, avg=39230.64, stdev=7022.84, samples=1189
   iops        : min=   16, max=20532, avg=9807.61, stdev=1755.71, samples=1189
  lat (usec)   : 20=0.01%, 50=0.01%, 750=0.01%
  lat (msec)   : 2=0.01%, 4=0.01%, 10=0.01%, 20=97.82%, 50=1.44%
  lat (msec)   : 100=0.09%, 250=0.28%, 500=0.04%, 750=0.02%, 1000=0.03%
  lat (msec)   : 2000=0.05%, >=2000=0.22%
  cpu          : usr=9.00%, sys=44.40%, ctx=17572, majf=0, minf=86
  IO depths    : 1=0.1%, 2=0.1%, 4=0.1%, 8=0.1%, 16=0.1%, 32=0.1%, >=64=100.0%
     submit    : 0=0.0%, 4=100.0%, 8=0.0%, 16=0.0%, 32=0.0%, 64=0.0%, >=64=0.0%
     complete  : 0=0.0%, 4=100.0%, 8=0.0%, 16=0.0%, 32=0.0%, 64=0.0%, >=64=0.1%
     issued rwts: total=2905541,2903849,0,0 short=0,0,0,0 dropped=0,0,0,0
     latency   : target=0, window=0, percentile=100.00%, depth=256

Run status group 0 (all jobs):
   READ: bw=37.8MiB/s (39.7MB/s), 37.8MiB/s-37.8MiB/s (39.7MB/s-39.7MB/s), io=11.1GiB (11.9GB), run=300005-300005msec
  WRITE: bw=37.8MiB/s (39.6MB/s), 37.8MiB/s-37.8MiB/s (39.6MB/s-39.6MB/s), io=11.1GiB (11.9GB), run=300005-300005msec
