test: (g=0): rw=read, bs=(R) 4096B-4096B, (W) 4096B-4096B, (T) 4096B-4096B, ioengine=libaio, iodepth=256
...
fio-3.27
Starting 8 processes
seq-read: Laying out IO file (1 file / 1024MiB)
seq-read: Laying out IO file (1 file / 1024MiB)
seq-read: Laying out IO file (1 file / 1024MiB)
seq-read: Laying out IO file (1 file / 1024MiB)

test: (groupid=0, jobs=8): err= 0: pid=18163: Tue Jul 20 15:40:03 2021
  read: IOPS=29.5k, BW=115MiB/s (121MB/s)(33.7GiB/300024msec)
    slat (usec): min=10, max=391640, avg=259.14, stdev=2071.90
    clat (usec): min=12, max=26045k, avg=69155.38, stdev=364397.66
     lat (usec): min=636, max=26145k, avg=69415.48, stdev=365641.56
    clat percentiles (msec):
     |  1.00th=[    5],  5.00th=[    5], 10.00th=[    5], 20.00th=[    5],
     | 30.00th=[    6], 40.00th=[    6], 50.00th=[    6], 60.00th=[    6],
     | 70.00th=[    6], 80.00th=[   17], 90.00th=[   28], 95.00th=[  575],
     | 99.00th=[ 1036], 99.50th=[ 1351], 99.90th=[ 2265], 99.95th=[ 6678],
     | 99.99th=[14832]
   bw (  KiB/s): min=  200, max=1272288, per=100.00%, avg=119790.72, stdev=34290.51, samples=4759
   iops        : min=   50, max=318072, avg=29947.16, stdev=8572.63, samples=4759
  lat (usec)   : 20=0.01%, 50=0.01%, 750=0.01%, 1000=0.01%
  lat (msec)   : 2=0.01%, 4=0.01%, 10=70.80%, 20=16.46%, 50=4.82%
  lat (msec)   : 100=0.16%, 250=0.06%, 500=0.16%, 750=5.90%, 1000=0.55%
  lat (msec)   : 2000=0.97%, >=2000=0.13%
  cpu          : usr=3.60%, sys=13.87%, ctx=673850, majf=0, minf=2364
  IO depths    : 1=0.1%, 2=0.1%, 4=0.1%, 8=0.1%, 16=0.1%, 32=0.1%, >=64=100.0%
     submit    : 0=0.0%, 4=100.0%, 8=0.0%, 16=0.0%, 32=0.0%, 64=0.0%, >=64=0.0%
     complete  : 0=0.0%, 4=100.0%, 8=0.0%, 16=0.0%, 32=0.0%, 64=0.0%, >=64=0.1%
     issued rwts: total=8842264,0,0,0 short=0,0,0,0 dropped=0,0,0,0
     latency   : target=0, window=0, percentile=100.00%, depth=256

Run status group 0 (all jobs):
   READ: bw=115MiB/s (121MB/s), 115MiB/s-115MiB/s (121MB/s-121MB/s), io=33.7GiB (36.2GB), run=300024-300024msec
