readwrite: (g=0): rw=rw, bs=(R) 4096B-4096B, (W) 4096B-4096B, (T) 4096B-4096B, ioengine=libaio, iodepth=256
fio-3.27
Starting 1 process
readwrite: Laying out IO file (1 file / 1024MiB)

readwrite: (groupid=0, jobs=1): err= 0: pid=27212: Wed Jul 21 16:41:13 2021
  read: IOPS=2001, BW=8005KiB/s (8197kB/s)(2345MiB/300001msec)
    slat (usec): min=7, max=236080, avg=404.53, stdev=3763.24
    clat (usec): min=89, max=4984.7k, avg=63726.91, stdev=293703.02
     lat (usec): min=101, max=4991.8k, avg=64132.33, stdev=295819.50
    clat percentiles (msec):
     |  1.00th=[   12],  5.00th=[   13], 10.00th=[   13], 20.00th=[   13],
     | 30.00th=[   13], 40.00th=[   13], 50.00th=[   14], 60.00th=[   14],
     | 70.00th=[   14], 80.00th=[   14], 90.00th=[   35], 95.00th=[  128],
     | 99.00th=[ 1620], 99.50th=[ 2333], 99.90th=[ 3708], 99.95th=[ 4010],
     | 99.99th=[ 4463]
   bw (  KiB/s): min=    8, max=41824, per=100.00%, avg=8008.39, stdev=14445.05, samples=597
   iops        : min=    2, max=10456, avg=2002.10, stdev=3611.26, samples=597
  write: IOPS=1999, BW=7997KiB/s (8189kB/s)(2343MiB/300001msec); 0 zone resets
    slat (usec): min=68, max=4449, avg=73.42, stdev=15.74
    clat (usec): min=11, max=4969.0k, avg=63628.25, stdev=294018.65
     lat (usec): min=81, max=4969.1k, avg=63702.77, stdev=294021.84
    clat percentiles (msec):
     |  1.00th=[   12],  5.00th=[   13], 10.00th=[   13], 20.00th=[   13],
     | 30.00th=[   13], 40.00th=[   13], 50.00th=[   14], 60.00th=[   14],
     | 70.00th=[   14], 80.00th=[   14], 90.00th=[   35], 95.00th=[  127],
     | 99.00th=[ 1603], 99.50th=[ 2333], 99.90th=[ 3708], 99.95th=[ 4010],
     | 99.99th=[ 4396]
   bw (  KiB/s): min=   16, max=41232, per=99.85%, avg=7985.86, stdev=14418.89, samples=598
   iops        : min=    4, max=10308, avg=1996.46, stdev=3604.72, samples=598
  lat (usec)   : 20=0.01%, 100=0.01%, 250=0.01%, 500=0.01%, 750=0.01%
  lat (usec)   : 1000=0.01%
  lat (msec)   : 2=0.01%, 4=0.01%, 10=0.01%, 20=88.38%, 50=2.97%
  lat (msec)   : 100=1.18%, 250=4.52%, 500=0.24%, 750=0.30%, 1000=0.46%
  lat (msec)   : 2000=1.28%, >=2000=0.66%
  cpu          : usr=3.83%, sys=20.72%, ctx=50654, majf=0, minf=44
  IO depths    : 1=0.1%, 2=0.1%, 4=0.1%, 8=0.1%, 16=0.1%, 32=0.1%, >=64=100.0%
     submit    : 0=0.0%, 4=100.0%, 8=0.0%, 16=0.0%, 32=0.0%, 64=0.0%, >=64=0.0%
     complete  : 0=0.0%, 4=100.0%, 8=0.0%, 16=0.0%, 32=0.0%, 64=0.0%, >=64=0.1%
     issued rwts: total=600401,599781,0,0 short=0,0,0,0 dropped=0,0,0,0
     latency   : target=0, window=0, percentile=100.00%, depth=256

Run status group 0 (all jobs):
   READ: bw=8005KiB/s (8197kB/s), 8005KiB/s-8005KiB/s (8197kB/s-8197kB/s), io=2345MiB (2459MB), run=300001-300001msec
  WRITE: bw=7997KiB/s (8189kB/s), 7997KiB/s-7997KiB/s (8189kB/s-8189kB/s), io=2343MiB (2457MB), run=300001-300001msec
