test: (g=0): rw=read, bs=(R) 4096B-4096B, (W) 4096B-4096B, (T) 4096B-4096B, ioengine=libaio, iodepth=256
...
fio-3.27
Starting 8 processes
seq-read: Laying out IO file (1 file / 1024MiB)
seq-read: Laying out IO file (1 file / 1024MiB)
seq-read: Laying out IO file (1 file / 1024MiB)
seq-read: Laying out IO file (1 file / 1024MiB)

test: (groupid=0, jobs=8): err= 0: pid=261058: Tue Jul 20 15:40:03 2021
  read: IOPS=34.9k, BW=136MiB/s (143MB/s)(39.9GiB/300063msec)
    slat (usec): min=10, max=363472, avg=217.60, stdev=3325.02
    clat (usec): min=13, max=35307k, avg=58427.97, stdev=774314.75
     lat (msec): min=2, max=35445, avg=58.65, stdev=777.25
    clat percentiles (msec):
     |  1.00th=[    5],  5.00th=[    5], 10.00th=[    5], 20.00th=[    5],
     | 30.00th=[    5], 40.00th=[    5], 50.00th=[    6], 60.00th=[    6],
     | 70.00th=[    6], 80.00th=[    6], 90.00th=[   17], 95.00th=[   27],
     | 99.00th=[  936], 99.50th=[ 1250], 99.90th=[ 7013], 99.95th=[17113],
     | 99.99th=[17113]
   bw (  KiB/s): min=  184, max=1311048, per=100.00%, avg=142435.47, stdev=36633.56, samples=4769
   iops        : min=   46, max=327762, avg=35608.39, stdev=9158.39, samples=4769
  lat (usec)   : 20=0.01%, 50=0.01%
  lat (msec)   : 4=0.01%, 10=84.95%, 20=5.56%, 50=5.67%, 100=0.01%
  lat (msec)   : 250=0.01%, 500=0.06%, 750=2.42%, 1000=0.47%, 2000=0.71%
  lat (msec)   : >=2000=0.15%
  cpu          : usr=3.95%, sys=11.88%, ctx=389643, majf=0, minf=2369
  IO depths    : 1=0.1%, 2=0.1%, 4=0.1%, 8=0.1%, 16=0.1%, 32=0.1%, >=64=100.0%
     submit    : 0=0.0%, 4=100.0%, 8=0.0%, 16=0.0%, 32=0.0%, 64=0.0%, >=64=0.0%
     complete  : 0=0.0%, 4=100.0%, 8=0.0%, 16=0.0%, 32=0.0%, 64=0.0%, >=64=0.1%
     issued rwts: total=10470745,0,0,0 short=0,0,0,0 dropped=0,0,0,0
     latency   : target=0, window=0, percentile=100.00%, depth=256

Run status group 0 (all jobs):
   READ: bw=136MiB/s (143MB/s), 136MiB/s-136MiB/s (143MB/s-143MB/s), io=39.9GiB (42.9GB), run=300063-300063msec
