test: (g=0): rw=read, bs=(R) 4096B-4096B, (W) 4096B-4096B, (T) 4096B-4096B, ioengine=libaio, iodepth=256
...
fio-3.27
Starting 4 processes
seq-read: Laying out IO file (1 file / 1024MiB)
seq-read: Laying out IO file (1 file / 1024MiB)

test: (groupid=0, jobs=4): err= 0: pid=259251: Tue Jul 20 14:30:28 2021
  read: IOPS=34.5k, BW=135MiB/s (141MB/s)(39.5GiB/300009msec)
    slat (usec): min=10, max=1686.6k, avg=104.22, stdev=1331.20
    clat (usec): min=15, max=11781k, avg=29527.39, stdev=145740.55
     lat (usec): min=631, max=11786k, avg=29632.49, stdev=146234.10
    clat percentiles (msec):
     |  1.00th=[    5],  5.00th=[    5], 10.00th=[    5], 20.00th=[    5],
     | 30.00th=[    5], 40.00th=[    6], 50.00th=[    6], 60.00th=[    6],
     | 70.00th=[    6], 80.00th=[    6], 90.00th=[   17], 95.00th=[   28],
     | 99.00th=[  567], 99.50th=[  818], 99.90th=[ 1385], 99.95th=[ 1620],
     | 99.99th=[ 4010]
   bw (  KiB/s): min=   56, max=659520, per=100.00%, avg=141913.93, stdev=56402.30, samples=2359
   iops        : min=   14, max=164880, avg=35478.33, stdev=14100.57, samples=2359
  lat (usec)   : 20=0.01%, 50=0.01%, 750=0.01%, 1000=0.01%
  lat (msec)   : 2=0.01%, 4=0.01%, 10=84.70%, 20=5.51%, 50=5.60%
  lat (msec)   : 100=0.07%, 250=0.13%, 500=2.54%, 750=0.90%, 1000=0.24%
  lat (msec)   : 2000=0.30%, >=2000=0.02%
  cpu          : usr=7.76%, sys=24.12%, ctx=416420, majf=0, minf=1182
  IO depths    : 1=0.1%, 2=0.1%, 4=0.1%, 8=0.1%, 16=0.1%, 32=0.1%, >=64=100.0%
     submit    : 0=0.0%, 4=100.0%, 8=0.0%, 16=0.0%, 32=0.0%, 64=0.0%, >=64=0.0%
     complete  : 0=0.0%, 4=100.0%, 8=0.0%, 16=0.0%, 32=0.0%, 64=0.0%, >=64=0.1%
     issued rwts: total=10346500,0,0,0 short=0,0,0,0 dropped=0,0,0,0
     latency   : target=0, window=0, percentile=100.00%, depth=256

Run status group 0 (all jobs):
   READ: bw=135MiB/s (141MB/s), 135MiB/s-135MiB/s (141MB/s-141MB/s), io=39.5GiB (42.4GB), run=300009-300009msec
