test: (g=0): rw=read, bs=(R) 4096B-4096B, (W) 4096B-4096B, (T) 4096B-4096B, ioengine=libaio, iodepth=256
...
fio-3.27
Starting 32 processes
seq-read: Laying out IO file (1 file / 1024MiB)
seq-read: Laying out IO file (1 file / 1024MiB)
seq-read: Laying out IO file (1 file / 1024MiB)
seq-read: Laying out IO file (1 file / 1024MiB)
seq-read: Laying out IO file (1 file / 1024MiB)
seq-read: Laying out IO file (1 file / 1024MiB)
seq-read: Laying out IO file (1 file / 1024MiB)
seq-read: Laying out IO file (1 file / 1024MiB)
seq-read: Laying out IO file (1 file / 1024MiB)
seq-read: Laying out IO file (1 file / 1024MiB)
seq-read: Laying out IO file (1 file / 1024MiB)
seq-read: Laying out IO file (1 file / 1024MiB)
seq-read: Laying out IO file (1 file / 1024MiB)
seq-read: Laying out IO file (1 file / 1024MiB)
seq-read: Laying out IO file (1 file / 1024MiB)
seq-read: Laying out IO file (1 file / 1024MiB)

test: (groupid=0, jobs=32): err= 0: pid=238380: Tue Jul 20 13:55:29 2021
  read: IOPS=14.2k, BW=55.4MiB/s (58.1MB/s)(16.2GiB/300194msec)
    slat (usec): min=10, max=8322.1k, avg=2243.21, stdev=32795.28
    clat (usec): min=15, max=90488k, avg=531093.59, stdev=4334188.69
     lat (msec): min=4, max=91349, avg=533.34, stdev=4350.99
    clat percentiles (msec):
     |  1.00th=[    5],  5.00th=[    5], 10.00th=[    5], 20.00th=[    5],
     | 30.00th=[    5], 40.00th=[    6], 50.00th=[    6], 60.00th=[    6],
     | 70.00th=[    6], 80.00th=[   17], 90.00th=[   27], 95.00th=[ 1401],
     | 99.00th=[11610], 99.50th=[17113], 99.90th=[17113], 99.95th=[17113],
     | 99.99th=[17113]
   bw (  KiB/s): min=  256, max=3485490, per=100.00%, avg=76126.57, stdev=17344.69, samples=13995
   iops        : min=   64, max=871370, avg=19031.59, stdev=4336.16, samples=13995
  lat (usec)   : 20=0.01%, 50=0.01%, 100=0.01%
  lat (msec)   : 10=75.48%, 20=12.77%, 50=5.10%, 100=0.10%, 250=0.03%
  lat (msec)   : 500=0.02%, 750=0.04%, 1000=0.08%, 2000=3.41%, >=2000=2.98%
  cpu          : usr=0.43%, sys=1.55%, ctx=267802, majf=0, minf=9469
  IO depths    : 1=0.1%, 2=0.1%, 4=0.1%, 8=0.1%, 16=0.1%, 32=0.1%, >=64=100.0%
     submit    : 0=0.0%, 4=100.0%, 8=0.0%, 16=0.0%, 32=0.0%, 64=0.0%, >=64=0.0%
     complete  : 0=0.0%, 4=100.0%, 8=0.0%, 16=0.0%, 32=0.0%, 64=0.0%, >=64=0.1%
     issued rwts: total=4258149,0,0,0 short=0,0,0,0 dropped=0,0,0,0
     latency   : target=0, window=0, percentile=100.00%, depth=256

Run status group 0 (all jobs):
   READ: bw=55.4MiB/s (58.1MB/s), 55.4MiB/s-55.4MiB/s (58.1MB/s-58.1MB/s), io=16.2GiB (17.4GB), run=300194-300194msec
