test: (g=0): rw=randread, bs=(R) 4096B-4096B, (W) 4096B-4096B, (T) 4096B-4096B, ioengine=libaio, iodepth=256
...
fio-3.27
Starting 8 processes
rand-read: Laying out IO file (1 file / 1024MiB)
rand-read: Laying out IO file (1 file / 1024MiB)
rand-read: Laying out IO file (1 file / 1024MiB)
rand-read: Laying out IO file (1 file / 1024MiB)

test: (groupid=0, jobs=8): err= 0: pid=126717: Tue Jul 20 10:23:52 2021
  read: IOPS=783, BW=3136KiB/s (3211kB/s)(919MiB/300016msec)
    slat (usec): min=460, max=119969, avg=10180.28, stdev=7894.75
    clat (usec): min=16, max=3299.0k, avg=2591833.35, stdev=197979.29
     lat (msec): min=5, max=3306, avg=2602.02, stdev=198.21
    clat percentiles (msec):
     |  1.00th=[ 2265],  5.00th=[ 2400], 10.00th=[ 2433], 20.00th=[ 2467],
     | 30.00th=[ 2534], 40.00th=[ 2567], 50.00th=[ 2601], 60.00th=[ 2635],
     | 70.00th=[ 2668], 80.00th=[ 2735], 90.00th=[ 2802], 95.00th=[ 2836],
     | 99.00th=[ 2937], 99.50th=[ 3004], 99.90th=[ 3138], 99.95th=[ 3205],
     | 99.99th=[ 3272]
   bw (  KiB/s): min= 1208, max= 4216, per=99.81%, avg=3131.00, stdev=44.60, samples=4758
   iops        : min=  302, max= 1054, avg=782.75, stdev=11.15, samples=4758
  lat (usec)   : 20=0.01%, 50=0.01%, 100=0.01%
  lat (msec)   : 10=0.01%, 20=0.01%, 50=0.01%, 100=0.01%, 250=0.05%
  lat (msec)   : 500=0.09%, 750=0.08%, 1000=0.09%, 2000=0.33%, >=2000=99.32%
  cpu          : usr=0.26%, sys=1.67%, ctx=235270, majf=0, minf=2362
  IO depths    : 1=0.1%, 2=0.1%, 4=0.1%, 8=0.1%, 16=0.1%, 32=0.1%, >=64=99.8%
     submit    : 0=0.0%, 4=100.0%, 8=0.0%, 16=0.0%, 32=0.0%, 64=0.0%, >=64=0.0%
     complete  : 0=0.0%, 4=100.0%, 8=0.0%, 16=0.0%, 32=0.0%, 64=0.0%, >=64=0.1%
     issued rwts: total=235202,0,0,0 short=0,0,0,0 dropped=0,0,0,0
     latency   : target=0, window=0, percentile=100.00%, depth=256

Run status group 0 (all jobs):
   READ: bw=3136KiB/s (3211kB/s), 3136KiB/s-3136KiB/s (3211kB/s-3211kB/s), io=919MiB (963MB), run=300016-300016msec
