test: (g=0): rw=read, bs=(R) 4096B-4096B, (W) 4096B-4096B, (T) 4096B-4096B, ioengine=libaio, iodepth=256
...
fio-3.27
Starting 2 processes
seq-read: Laying out IO file (1 file / 1024MiB)

test: (groupid=0, jobs=2): err= 0: pid=206650: Tue Jul 20 14:24:35 2021
  read: IOPS=33.7k, BW=132MiB/s (138MB/s)(38.6GiB/300047msec)
    slat (usec): min=10, max=127820, avg=47.97, stdev=594.20
    clat (usec): min=25, max=4888.9k, avg=15118.81, stdev=72294.72
     lat (msec): min=4, max=4895, avg=15.17, stdev=72.52
    clat percentiles (msec):
     |  1.00th=[    5],  5.00th=[    5], 10.00th=[    5], 20.00th=[    5],
     | 30.00th=[    5], 40.00th=[    5], 50.00th=[    5], 60.00th=[    5],
     | 70.00th=[    6], 80.00th=[    6], 90.00th=[   16], 95.00th=[   26],
     | 99.00th=[  409], 99.50th=[  542], 99.90th=[  919], 99.95th=[  944],
     | 99.99th=[ 1217]
   bw (  KiB/s): min=  192, max=330160, per=100.00%, avg=140097.61, stdev=40213.74, samples=1175
   iops        : min=   48, max=82540, avg=35024.38, stdev=10053.44, samples=1175
  lat (usec)   : 50=0.01%
  lat (msec)   : 10=87.81%, 20=4.63%, 50=5.82%, 100=0.01%, 250=0.12%
  lat (msec)   : 500=0.99%, 750=0.42%, 1000=0.18%, 2000=0.01%, >=2000=0.01%
  cpu          : usr=14.28%, sys=39.34%, ctx=166064, majf=0, minf=590
  IO depths    : 1=0.1%, 2=0.1%, 4=0.1%, 8=0.1%, 16=0.1%, 32=0.1%, >=64=100.0%
     submit    : 0=0.0%, 4=100.0%, 8=0.0%, 16=0.0%, 32=0.0%, 64=0.0%, >=64=0.0%
     complete  : 0=0.0%, 4=100.0%, 8=0.0%, 16=0.0%, 32=0.0%, 64=0.0%, >=64=0.1%
     issued rwts: total=10118989,0,0,0 short=0,0,0,0 dropped=0,0,0,0
     latency   : target=0, window=0, percentile=100.00%, depth=256

Run status group 0 (all jobs):
   READ: bw=132MiB/s (138MB/s), 132MiB/s-132MiB/s (138MB/s-138MB/s), io=38.6GiB (41.4GB), run=300047-300047msec
