readwrite: (g=0): rw=rw, bs=(R) 4096B-4096B, (W) 4096B-4096B, (T) 4096B-4096B, ioengine=libaio, iodepth=256
...
fio-3.27
Starting 2 processes
readwrite: Laying out IO file (1 file / 1024MiB)

readwrite: (groupid=0, jobs=2): err= 0: pid=239987: Wed Jul 21 19:27:18 2021
  read: IOPS=11.8k, BW=46.0MiB/s (48.2MB/s)(13.5GiB/300001msec)
    slat (usec): min=7, max=268325, avg=73.38, stdev=794.06
    clat (usec): min=11, max=1382.4k, avg=21655.23, stdev=51125.30
     lat (usec): min=24, max=1390.0k, avg=21729.40, stdev=51453.36
    clat percentiles (msec):
     |  1.00th=[   12],  5.00th=[   13], 10.00th=[   13], 20.00th=[   13],
     | 30.00th=[   13], 40.00th=[   14], 50.00th=[   14], 60.00th=[   14],
     | 70.00th=[   14], 80.00th=[   14], 90.00th=[   15], 95.00th=[   32],
     | 99.00th=[  288], 99.50th=[  372], 99.90th=[  651], 99.95th=[  818],
     | 99.99th=[ 1028]
   bw (  KiB/s): min=  256, max=83184, per=100.00%, avg=47395.67, stdev=15966.61, samples=1191
   iops        : min=   64, max=20796, avg=11848.93, stdev=3991.65, samples=1191
  write: IOPS=11.8k, BW=46.0MiB/s (48.2MB/s)(13.5GiB/300001msec); 0 zone resets
    slat (usec): min=68, max=5602, avg=74.81, stdev=14.82
    clat (usec): min=11, max=1382.4k, avg=21679.53, stdev=51167.51
     lat (usec): min=89, max=1382.5k, avg=21755.43, stdev=51169.91
    clat percentiles (msec):
     |  1.00th=[   12],  5.00th=[   13], 10.00th=[   13], 20.00th=[   13],
     | 30.00th=[   13], 40.00th=[   14], 50.00th=[   14], 60.00th=[   14],
     | 70.00th=[   14], 80.00th=[   14], 90.00th=[   15], 95.00th=[   33],
     | 99.00th=[  292], 99.50th=[  372], 99.90th=[  642], 99.95th=[  818],
     | 99.99th=[ 1020]
   bw (  KiB/s): min=  312, max=82072, per=100.00%, avg=47372.76, stdev=15952.59, samples=1191
   iops        : min=   78, max=20518, avg=11843.19, stdev=3988.15, samples=1191
  lat (usec)   : 20=0.01%, 50=0.01%, 100=0.01%, 250=0.01%, 500=0.01%
  lat (usec)   : 750=0.01%, 1000=0.01%
  lat (msec)   : 2=0.01%, 4=0.01%, 10=0.01%, 20=94.68%, 50=1.99%
  lat (msec)   : 100=0.10%, 250=1.89%, 500=1.14%, 750=0.12%, 1000=0.06%
  lat (msec)   : 2000=0.01%
  cpu          : usr=11.51%, sys=56.73%, ctx=112276, majf=0, minf=89
  IO depths    : 1=0.1%, 2=0.1%, 4=0.1%, 8=0.1%, 16=0.1%, 32=0.1%, >=64=100.0%
     submit    : 0=0.0%, 4=100.0%, 8=0.0%, 16=0.0%, 32=0.0%, 64=0.0%, >=64=0.0%
     complete  : 0=0.0%, 4=100.0%, 8=0.0%, 16=0.0%, 32=0.0%, 64=0.0%, >=64=0.1%
     issued rwts: total=3531850,3530046,0,0 short=0,0,0,0 dropped=0,0,0,0
     latency   : target=0, window=0, percentile=100.00%, depth=256

Run status group 0 (all jobs):
   READ: bw=46.0MiB/s (48.2MB/s), 46.0MiB/s-46.0MiB/s (48.2MB/s-48.2MB/s), io=13.5GiB (14.5GB), run=300001-300001msec
  WRITE: bw=46.0MiB/s (48.2MB/s), 46.0MiB/s-46.0MiB/s (48.2MB/s-48.2MB/s), io=13.5GiB (14.5GB), run=300001-300001msec
