test: (g=0): rw=randread, bs=(R) 4096B-4096B, (W) 4096B-4096B, (T) 4096B-4096B, ioengine=libaio, iodepth=256
fio-3.27
Starting 1 process
test: Laying out IO file (1 file / 1024MiB)

test: (groupid=0, jobs=1): err= 0: pid=171916: Mon Jul 19 19:27:38 2021
  read: IOPS=81, BW=326KiB/s (334kB/s)(95.6MiB/300001msec)
    slat (usec): min=495, max=139636, avg=12235.32, stdev=11950.02
    clat (usec): min=27, max=4968.3k, avg=3103036.77, stdev=1396264.12
     lat (msec): min=4, max=4988, avg=3115.27, stdev=1401.57
    clat percentiles (msec):
     |  1.00th=[ 1351],  5.00th=[ 1418], 10.00th=[ 1452], 20.00th=[ 1485],
     | 30.00th=[ 1552], 40.00th=[ 1687], 50.00th=[ 3977], 60.00th=[ 4144],
     | 70.00th=[ 4329], 80.00th=[ 4463], 90.00th=[ 4597], 95.00th=[ 4665],
     | 99.00th=[ 4799], 99.50th=[ 4866], 99.90th=[ 4933], 99.95th=[ 4933],
     | 99.99th=[ 4933]
   bw (  KiB/s): min=  128, max=  808, per=100.00%, avg=327.63, stdev=182.46, samples=591
   iops        : min=   32, max=  202, avg=81.91, stdev=45.62, samples=591
  lat (usec)   : 50=0.01%
  lat (msec)   : 10=0.01%, 50=0.01%, 100=0.02%, 250=0.03%, 500=0.07%
  lat (msec)   : 750=0.07%, 1000=0.07%, 2000=41.57%, >=2000=58.17%
  cpu          : usr=0.19%, sys=1.21%, ctx=24485, majf=0, minf=295
  IO depths    : 1=0.1%, 2=0.1%, 4=0.1%, 8=0.1%, 16=0.1%, 32=0.1%, >=64=99.7%
     submit    : 0=0.0%, 4=100.0%, 8=0.0%, 16=0.0%, 32=0.0%, 64=0.0%, >=64=0.0%
     complete  : 0=0.0%, 4=100.0%, 8=0.0%, 16=0.0%, 32=0.0%, 64=0.0%, >=64=0.1%
     issued rwts: total=24480,0,0,0 short=0,0,0,0 dropped=0,0,0,0
     latency   : target=0, window=0, percentile=100.00%, depth=256

Run status group 0 (all jobs):
   READ: bw=326KiB/s (334kB/s), 326KiB/s-326KiB/s (334kB/s-334kB/s), io=95.6MiB (100MB), run=300001-300001msec
