readwrite: (g=0): rw=rw, bs=(R) 4096B-4096B, (W) 4096B-4096B, (T) 4096B-4096B, ioengine=libaio, iodepth=256
...
fio-3.27
Starting 8 processes
readwrite: Laying out IO file (1 file / 1024MiB)
readwrite: Laying out IO file (1 file / 1024MiB)
readwrite: Laying out IO file (1 file / 1024MiB)
readwrite: Laying out IO file (1 file / 1024MiB)

readwrite: (groupid=0, jobs=8): err= 0: pid=100347: Wed Jul 21 19:40:18 2021
  read: IOPS=26.6k, BW=104MiB/s (109MB/s)(30.5GiB/300057msec)
    slat (usec): min=7, max=1244.2k, avg=201.53, stdev=4213.96
    clat (usec): min=10, max=18822k, avg=38375.08, stdev=346039.97
     lat (usec): min=21, max=18870k, avg=38577.36, stdev=348448.63
    clat percentiles (msec):
     |  1.00th=[   12],  5.00th=[   13], 10.00th=[   13], 20.00th=[   13],
     | 30.00th=[   14], 40.00th=[   14], 50.00th=[   14], 60.00th=[   14],
     | 70.00th=[   14], 80.00th=[   15], 90.00th=[   15], 95.00th=[   18],
     | 99.00th=[   67], 99.50th=[ 1787], 99.90th=[ 4933], 99.95th=[ 7215],
     | 99.99th=[14160]
   bw (  KiB/s): min=   64, max=325232, per=100.00%, avg=108066.79, stdev=14142.32, samples=4717
   iops        : min=   16, max=81308, avg=27016.62, stdev=3535.58, samples=4717
  write: IOPS=26.6k, BW=104MiB/s (109MB/s)(30.5GiB/300057msec); 0 zone resets
    slat (usec): min=68, max=166106, avg=77.71, stdev=95.88
    clat (usec): min=11, max=18821k, avg=38220.22, stdev=345228.46
     lat (usec): min=82, max=18822k, avg=38299.03, stdev=345230.37
    clat percentiles (msec):
     |  1.00th=[   12],  5.00th=[   13], 10.00th=[   13], 20.00th=[   13],
     | 30.00th=[   14], 40.00th=[   14], 50.00th=[   14], 60.00th=[   14],
     | 70.00th=[   14], 80.00th=[   15], 90.00th=[   15], 95.00th=[   18],
     | 99.00th=[   62], 99.50th=[ 1787], 99.90th=[ 5000], 99.95th=[ 7148],
     | 99.99th=[13892]
   bw (  KiB/s): min=   72, max=320120, per=100.00%, avg=107974.43, stdev=14156.20, samples=4715
   iops        : min=   18, max=80030, avg=26993.53, stdev=3539.05, samples=4715
  lat (usec)   : 20=0.01%, 50=0.01%, 100=0.01%, 250=0.01%, 500=0.01%
  lat (usec)   : 750=0.01%, 1000=0.01%
  lat (msec)   : 2=0.01%, 4=0.01%, 10=0.01%, 20=97.32%, 50=1.62%
  lat (msec)   : 100=0.09%, 250=0.04%, 500=0.04%, 750=0.04%, 1000=0.10%
  lat (msec)   : 2000=0.31%, >=2000=0.44%
  cpu          : usr=6.31%, sys=31.75%, ctx=67819, majf=0, minf=357
  IO depths    : 1=0.1%, 2=0.1%, 4=0.1%, 8=0.1%, 16=0.1%, 32=0.1%, >=64=100.0%
     submit    : 0=0.0%, 4=100.0%, 8=0.0%, 16=0.0%, 32=0.0%, 64=0.0%, >=64=0.0%
     complete  : 0=0.0%, 4=100.0%, 8=0.0%, 16=0.0%, 32=0.0%, 64=0.0%, >=64=0.1%
     issued rwts: total=7990994,7990073,0,0 short=0,0,0,0 dropped=0,0,0,0
     latency   : target=0, window=0, percentile=100.00%, depth=256

Run status group 0 (all jobs):
   READ: bw=104MiB/s (109MB/s), 104MiB/s-104MiB/s (109MB/s-109MB/s), io=30.5GiB (32.7GB), run=300057-300057msec
  WRITE: bw=104MiB/s (109MB/s), 104MiB/s-104MiB/s (109MB/s-109MB/s), io=30.5GiB (32.7GB), run=300057-300057msec
