test: (g=0): rw=randread, bs=(R) 4096B-4096B, (W) 4096B-4096B, (T) 4096B-4096B, ioengine=libaio, iodepth=256
...
fio-3.27
Starting 64 processes
rand-read: Laying out IO file (1 file / 1024MiB)
rand-read: Laying out IO file (1 file / 1024MiB)
rand-read: Laying out IO file (1 file / 1024MiB)
rand-read: Laying out IO file (1 file / 1024MiB)
rand-read: Laying out IO file (1 file / 1024MiB)
rand-read: Laying out IO file (1 file / 1024MiB)
rand-read: Laying out IO file (1 file / 1024MiB)
rand-read: Laying out IO file (1 file / 1024MiB)
rand-read: Laying out IO file (1 file / 1024MiB)
rand-read: Laying out IO file (1 file / 1024MiB)
rand-read: Laying out IO file (1 file / 1024MiB)
rand-read: Laying out IO file (1 file / 1024MiB)
rand-read: Laying out IO file (1 file / 1024MiB)
rand-read: Laying out IO file (1 file / 1024MiB)
rand-read: Laying out IO file (1 file / 1024MiB)
rand-read: Laying out IO file (1 file / 1024MiB)
rand-read: Laying out IO file (1 file / 1024MiB)
rand-read: Laying out IO file (1 file / 1024MiB)
rand-read: Laying out IO file (1 file / 1024MiB)
rand-read: Laying out IO file (1 file / 1024MiB)
rand-read: Laying out IO file (1 file / 1024MiB)
rand-read: Laying out IO file (1 file / 1024MiB)
rand-read: Laying out IO file (1 file / 1024MiB)
rand-read: Laying out IO file (1 file / 1024MiB)
rand-read: Laying out IO file (1 file / 1024MiB)
rand-read: Laying out IO file (1 file / 1024MiB)
rand-read: Laying out IO file (1 file / 1024MiB)
rand-read: Laying out IO file (1 file / 1024MiB)
rand-read: Laying out IO file (1 file / 1024MiB)
rand-read: Laying out IO file (1 file / 1024MiB)
rand-read: Laying out IO file (1 file / 1024MiB)
rand-read: Laying out IO file (1 file / 1024MiB)

test: (groupid=0, jobs=64): err= 0: pid=125272: Mon Jul 19 19:30:55 2021
  read: IOPS=2663, BW=10.4MiB/s (10.9MB/s)(3122MiB/300061msec)
    slat (usec): min=510, max=546347, avg=23994.28, stdev=16912.49
    clat (usec): min=15, max=11056k, avg=6063167.99, stdev=1215559.26
     lat (msec): min=2, max=11083, avg=6087.17, stdev=1219.44
    clat percentiles (msec):
     |  1.00th=[ 1183],  5.00th=[ 4866], 10.00th=[ 5067], 20.00th=[ 5269],
     | 30.00th=[ 5537], 40.00th=[ 5738], 50.00th=[ 5940], 60.00th=[ 6141],
     | 70.00th=[ 6342], 80.00th=[ 6812], 90.00th=[ 7819], 95.00th=[ 8154],
     | 99.00th=[ 8926], 99.50th=[ 9597], 99.90th=[10268], 99.95th=[10402],
     | 99.99th=[10671]
   bw (  KiB/s): min= 3784, max=27638, per=99.82%, avg=10636.05, stdev=30.65, samples=37581
   iops        : min=  946, max= 6908, avg=2659.01, stdev= 7.66, samples=37581
  lat (usec)   : 20=0.01%, 50=0.01%
  lat (msec)   : 4=0.01%, 10=0.01%, 20=0.01%, 50=0.02%, 100=0.05%
  lat (msec)   : 250=0.14%, 500=0.23%, 750=0.20%, 1000=0.20%, 2000=0.60%
  lat (msec)   : >=2000=98.54%
  cpu          : usr=0.13%, sys=0.77%, ctx=799936, majf=0, minf=18895
  IO depths    : 1=0.1%, 2=0.1%, 4=0.1%, 8=0.1%, 16=0.1%, 32=0.3%, >=64=99.5%
     submit    : 0=0.0%, 4=100.0%, 8=0.0%, 16=0.0%, 32=0.0%, 64=0.0%, >=64=0.0%
     complete  : 0=0.0%, 4=100.0%, 8=0.0%, 16=0.0%, 32=0.0%, 64=0.0%, >=64=0.1%
     issued rwts: total=799322,0,0,0 short=0,0,0,0 dropped=0,0,0,0
     latency   : target=0, window=0, percentile=100.00%, depth=256

Run status group 0 (all jobs):
   READ: bw=10.4MiB/s (10.9MB/s), 10.4MiB/s-10.4MiB/s (10.9MB/s-10.9MB/s), io=3122MiB (3274MB), run=300061-300061msec
