test: (g=0): rw=read, bs=(R) 4096B-4096B, (W) 4096B-4096B, (T) 4096B-4096B, ioengine=libaio, iodepth=256
...
fio-3.27
Starting 32 processes
seq-read: Laying out IO file (1 file / 1024MiB)
seq-read: Laying out IO file (1 file / 1024MiB)
seq-read: Laying out IO file (1 file / 1024MiB)
seq-read: Laying out IO file (1 file / 1024MiB)
seq-read: Laying out IO file (1 file / 1024MiB)
seq-read: Laying out IO file (1 file / 1024MiB)
seq-read: Laying out IO file (1 file / 1024MiB)
seq-read: Laying out IO file (1 file / 1024MiB)
seq-read: Laying out IO file (1 file / 1024MiB)
seq-read: Laying out IO file (1 file / 1024MiB)
seq-read: Laying out IO file (1 file / 1024MiB)
seq-read: Laying out IO file (1 file / 1024MiB)
seq-read: Laying out IO file (1 file / 1024MiB)
seq-read: Laying out IO file (1 file / 1024MiB)
seq-read: Laying out IO file (1 file / 1024MiB)
seq-read: Laying out IO file (1 file / 1024MiB)

test: (groupid=0, jobs=32): err= 0: pid=215396: Tue Jul 20 13:55:29 2021
  read: IOPS=13.5k, BW=52.9MiB/s (55.4MB/s)(15.5GiB/300432msec)
    slat (usec): min=10, max=4265.6k, avg=2349.57, stdev=29068.14
    clat (usec): min=15, max=88662k, avg=581915.19, stdev=4426986.39
     lat (msec): min=4, max=89145, avg=584.27, stdev=4443.26
    clat percentiles (msec):
     |  1.00th=[    5],  5.00th=[    5], 10.00th=[    5], 20.00th=[    5],
     | 30.00th=[    5], 40.00th=[    6], 50.00th=[    6], 60.00th=[    6],
     | 70.00th=[    6], 80.00th=[   17], 90.00th=[   27], 95.00th=[ 1385],
     | 99.00th=[13758], 99.50th=[17113], 99.90th=[17113], 99.95th=[17113],
     | 99.99th=[17113]
   bw (  KiB/s): min=  256, max=3532134, per=100.00%, avg=67362.22, stdev=16147.74, samples=15425
   iops        : min=   64, max=883031, avg=16840.23, stdev=4036.92, samples=15425
  lat (usec)   : 20=0.01%, 50=0.01%
  lat (msec)   : 10=75.03%, 20=12.46%, 50=5.00%, 100=0.07%, 250=0.04%
  lat (msec)   : 500=0.02%, 750=0.03%, 1000=0.10%, 2000=3.94%, >=2000=3.32%
  cpu          : usr=0.42%, sys=1.52%, ctx=291367, majf=0, minf=9465
  IO depths    : 1=0.1%, 2=0.1%, 4=0.1%, 8=0.1%, 16=0.1%, 32=0.1%, >=64=100.0%
     submit    : 0=0.0%, 4=100.0%, 8=0.0%, 16=0.0%, 32=0.0%, 64=0.0%, >=64=0.0%
     complete  : 0=0.0%, 4=100.0%, 8=0.0%, 16=0.0%, 32=0.0%, 64=0.0%, >=64=0.1%
     issued rwts: total=4066929,0,0,0 short=0,0,0,0 dropped=0,0,0,0
     latency   : target=0, window=0, percentile=100.00%, depth=256

Run status group 0 (all jobs):
   READ: bw=52.9MiB/s (55.4MB/s), 52.9MiB/s-52.9MiB/s (55.4MB/s-55.4MB/s), io=15.5GiB (16.7GB), run=300432-300432msec
