test: (g=0): rw=randread, bs=(R) 4096B-4096B, (W) 4096B-4096B, (T) 4096B-4096B, ioengine=libaio, iodepth=256
...
fio-3.27
Starting 32 processes
rand-read: Laying out IO file (1 file / 1024MiB)
rand-read: Laying out IO file (1 file / 1024MiB)
rand-read: Laying out IO file (1 file / 1024MiB)
rand-read: Laying out IO file (1 file / 1024MiB)
rand-read: Laying out IO file (1 file / 1024MiB)
rand-read: Laying out IO file (1 file / 1024MiB)
rand-read: Laying out IO file (1 file / 1024MiB)
rand-read: Laying out IO file (1 file / 1024MiB)
rand-read: Laying out IO file (1 file / 1024MiB)
rand-read: Laying out IO file (1 file / 1024MiB)
rand-read: Laying out IO file (1 file / 1024MiB)
rand-read: Laying out IO file (1 file / 1024MiB)
rand-read: Laying out IO file (1 file / 1024MiB)
rand-read: Laying out IO file (1 file / 1024MiB)
rand-read: Laying out IO file (1 file / 1024MiB)
rand-read: Laying out IO file (1 file / 1024MiB)

test: (groupid=0, jobs=32): err= 0: pid=172453: Mon Jul 19 19:50:51 2021
  read: IOPS=1108, BW=4433KiB/s (4539kB/s)(1299MiB/300034msec)
    slat (usec): min=986, max=277207, avg=28849.48, stdev=16886.11
    clat (usec): min=14, max=10057k, avg=7275959.57, stdev=914790.31
     lat (msec): min=5, max=10102, avg=7304.81, stdev=916.30
    clat percentiles (msec):
     |  1.00th=[ 2601],  5.00th=[ 6275], 10.00th=[ 6544], 20.00th=[ 6879],
     | 30.00th=[ 7080], 40.00th=[ 7215], 50.00th=[ 7349], 60.00th=[ 7483],
     | 70.00th=[ 7617], 80.00th=[ 7819], 90.00th=[ 8087], 95.00th=[ 8356],
     | 99.00th=[ 9060], 99.50th=[ 9194], 99.90th=[ 9731], 99.95th=[ 9866],
     | 99.99th=[10000]
   bw (  KiB/s): min= 1680, max= 6736, per=99.79%, avg=4423.83, stdev=20.91, samples=18718
   iops        : min=  420, max= 1684, avg=1105.96, stdev= 5.23, samples=18718
  lat (usec)   : 20=0.01%, 50=0.01%, 100=0.01%
  lat (msec)   : 10=0.01%, 20=0.01%, 50=0.02%, 100=0.03%, 250=0.08%
  lat (msec)   : 500=0.12%, 750=0.11%, 1000=0.09%, 2000=0.33%, >=2000=99.20%
  cpu          : usr=0.10%, sys=0.63%, ctx=332741, majf=0, minf=9446
  IO depths    : 1=0.1%, 2=0.1%, 4=0.1%, 8=0.1%, 16=0.2%, 32=0.3%, >=64=99.4%
     submit    : 0=0.0%, 4=100.0%, 8=0.0%, 16=0.0%, 32=0.0%, 64=0.0%, >=64=0.0%
     complete  : 0=0.0%, 4=100.0%, 8=0.0%, 16=0.0%, 32=0.0%, 64=0.0%, >=64=0.1%
     issued rwts: total=332477,0,0,0 short=0,0,0,0 dropped=0,0,0,0
     latency   : target=0, window=0, percentile=100.00%, depth=256

Run status group 0 (all jobs):
   READ: bw=4433KiB/s (4539kB/s), 4433KiB/s-4433KiB/s (4539kB/s-4539kB/s), io=1299MiB (1362MB), run=300034-300034msec
