test: (g=0): rw=read, bs=(R) 4096B-4096B, (W) 4096B-4096B, (T) 4096B-4096B, ioengine=libaio, iodepth=256
...
fio-3.27
Starting 8 processes
seq-read: Laying out IO file (1 file / 1024MiB)
seq-read: Laying out IO file (1 file / 1024MiB)
seq-read: Laying out IO file (1 file / 1024MiB)
seq-read: Laying out IO file (1 file / 1024MiB)

test: (groupid=0, jobs=8): err= 0: pid=233657: Tue Jul 20 15:40:03 2021
  read: IOPS=26.6k, BW=104MiB/s (109MB/s)(30.4GiB/300081msec)
    slat (usec): min=10, max=361453, avg=288.94, stdev=2781.14
    clat (usec): min=11, max=33847k, avg=76723.47, stdev=566053.54
     lat (usec): min=64, max=33963k, avg=77013.37, stdev=568136.22
    clat percentiles (msec):
     |  1.00th=[    5],  5.00th=[    5], 10.00th=[    5], 20.00th=[    5],
     | 30.00th=[    6], 40.00th=[    6], 50.00th=[    6], 60.00th=[    6],
     | 70.00th=[   16], 80.00th=[   17], 90.00th=[   31], 95.00th=[  592],
     | 99.00th=[ 1200], 99.50th=[ 1502], 99.90th=[ 3809], 99.95th=[ 8490],
     | 99.99th=[17113]
   bw (  KiB/s): min=  168, max=1128656, per=100.00%, avg=109769.33, stdev=23132.20, samples=4762
   iops        : min=   42, max=282164, avg=27442.19, stdev=5783.05, samples=4762
  lat (usec)   : 20=0.01%, 50=0.01%, 100=0.01%, 250=0.01%, 500=0.01%
  lat (usec)   : 750=0.01%, 1000=0.01%
  lat (msec)   : 2=0.01%, 4=0.01%, 10=67.93%, 20=19.95%, 50=4.78%
  lat (msec)   : 100=0.15%, 250=0.07%, 500=0.09%, 750=4.89%, 1000=0.82%
  lat (msec)   : 2000=1.18%, >=2000=0.16%
  cpu          : usr=3.20%, sys=12.72%, ctx=559657, majf=0, minf=2364
  IO depths    : 1=0.1%, 2=0.1%, 4=0.1%, 8=0.1%, 16=0.1%, 32=0.1%, >=64=100.0%
     submit    : 0=0.0%, 4=100.0%, 8=0.0%, 16=0.0%, 32=0.0%, 64=0.0%, >=64=0.0%
     complete  : 0=0.0%, 4=100.0%, 8=0.0%, 16=0.0%, 32=0.0%, 64=0.0%, >=64=0.1%
     issued rwts: total=7971987,0,0,0 short=0,0,0,0 dropped=0,0,0,0
     latency   : target=0, window=0, percentile=100.00%, depth=256

Run status group 0 (all jobs):
   READ: bw=104MiB/s (109MB/s), 104MiB/s-104MiB/s (109MB/s-109MB/s), io=30.4GiB (32.7GB), run=300081-300081msec
