test: (g=0): rw=randread, bs=(R) 4096B-4096B, (W) 4096B-4096B, (T) 4096B-4096B, ioengine=libaio, iodepth=256
fio-3.27
Starting 1 process
test: Laying out IO file (1 file / 1024MiB)

test: (groupid=0, jobs=1): err= 0: pid=187201: Mon Jul 19 21:49:35 2021
  read: IOPS=173, BW=695KiB/s (711kB/s)(204MiB/300001msec)
    slat (usec): min=454, max=98089, avg=5739.64, stdev=4426.35
    clat (usec): min=14, max=1732.4k, avg=1464311.29, stdev=101630.23
     lat (usec): min=560, max=1742.6k, avg=1470053.18, stdev=101768.30
    clat percentiles (msec):
     |  1.00th=[ 1284],  5.00th=[ 1334], 10.00th=[ 1368], 20.00th=[ 1401],
     | 30.00th=[ 1418], 40.00th=[ 1452], 50.00th=[ 1469], 60.00th=[ 1485],
     | 70.00th=[ 1519], 80.00th=[ 1536], 90.00th=[ 1569], 95.00th=[ 1603],
     | 99.00th=[ 1653], 99.50th=[ 1670], 99.90th=[ 1703], 99.95th=[ 1703],
     | 99.99th=[ 1720]
   bw (  KiB/s): min=  456, max=  880, per=100.00%, avg=695.06, stdev=63.15, samples=596
   iops        : min=  114, max=  220, avg=173.77, stdev=15.79, samples=596
  lat (usec)   : 20=0.01%, 750=0.01%
  lat (msec)   : 2=0.01%, 4=0.01%, 20=0.01%, 50=0.02%, 100=0.02%
  lat (msec)   : 250=0.06%, 500=0.07%, 750=0.09%, 1000=0.09%, 2000=99.64%
  cpu          : usr=0.35%, sys=2.47%, ctx=52107, majf=0, minf=294
  IO depths    : 1=0.1%, 2=0.1%, 4=0.1%, 8=0.1%, 16=0.1%, 32=0.1%, >=64=99.9%
     submit    : 0=0.0%, 4=100.0%, 8=0.0%, 16=0.0%, 32=0.0%, 64=0.0%, >=64=0.0%
     complete  : 0=0.0%, 4=100.0%, 8=0.0%, 16=0.0%, 32=0.0%, 64=0.0%, >=64=0.1%
     issued rwts: total=52100,0,0,0 short=0,0,0,0 dropped=0,0,0,0
     latency   : target=0, window=0, percentile=100.00%, depth=256

Run status group 0 (all jobs):
   READ: bw=695KiB/s (711kB/s), 695KiB/s-695KiB/s (711kB/s-711kB/s), io=204MiB (213MB), run=300001-300001msec
