test: (g=0): rw=randread, bs=(R) 4096B-4096B, (W) 4096B-4096B, (T) 4096B-4096B, ioengine=libaio, iodepth=256
...
fio-3.27
Starting 16 processes
rand-read: Laying out IO file (1 file / 1024MiB)
rand-read: Laying out IO file (1 file / 1024MiB)
rand-read: Laying out IO file (1 file / 1024MiB)
rand-read: Laying out IO file (1 file / 1024MiB)
rand-read: Laying out IO file (1 file / 1024MiB)
rand-read: Laying out IO file (1 file / 1024MiB)
rand-read: Laying out IO file (1 file / 1024MiB)
rand-read: Laying out IO file (1 file / 1024MiB)

test: (groupid=0, jobs=16): err= 0: pid=144047: Mon Jul 19 19:45:04 2021
  read: IOPS=1009, BW=4038KiB/s (4135kB/s)(1183MiB/300008msec)
    slat (usec): min=492, max=220125, avg=15823.31, stdev=13050.11
    clat (usec): min=13, max=5738.3k, avg=4020175.42, stdev=463498.08
     lat (msec): min=2, max=5761, avg=4036.00, stdev=464.48
    clat percentiles (msec):
     |  1.00th=[ 2735],  5.00th=[ 3373], 10.00th=[ 3641], 20.00th=[ 3775],
     | 30.00th=[ 3876], 40.00th=[ 3943], 50.00th=[ 4044], 60.00th=[ 4111],
     | 70.00th=[ 4178], 80.00th=[ 4329], 90.00th=[ 4463], 95.00th=[ 4665],
     | 99.00th=[ 5067], 99.50th=[ 5201], 99.90th=[ 5537], 99.95th=[ 5604],
     | 99.99th=[ 5671]
   bw (  KiB/s): min= 1768, max= 6536, per=99.62%, avg=4023.47, stdev=40.24, samples=9489
   iops        : min=  442, max= 1634, avg=1005.87, stdev=10.06, samples=9489
  lat (usec)   : 20=0.01%, 50=0.01%
  lat (msec)   : 4=0.01%, 10=0.01%, 20=0.01%, 50=0.02%, 100=0.02%
  lat (msec)   : 250=0.07%, 500=0.10%, 750=0.08%, 1000=0.08%, 2000=0.33%
  lat (msec)   : >=2000=99.28%
  cpu          : usr=0.18%, sys=1.10%, ctx=303046, majf=0, minf=4723
  IO depths    : 1=0.1%, 2=0.1%, 4=0.1%, 8=0.1%, 16=0.1%, 32=0.2%, >=64=99.7%
     submit    : 0=0.0%, 4=100.0%, 8=0.0%, 16=0.0%, 32=0.0%, 64=0.0%, >=64=0.0%
     complete  : 0=0.0%, 4=100.0%, 8=0.0%, 16=0.0%, 32=0.0%, 64=0.0%, >=64=0.1%
     issued rwts: total=302886,0,0,0 short=0,0,0,0 dropped=0,0,0,0
     latency   : target=0, window=0, percentile=100.00%, depth=256

Run status group 0 (all jobs):
   READ: bw=4038KiB/s (4135kB/s), 4038KiB/s-4038KiB/s (4135kB/s-4135kB/s), io=1183MiB (1241MB), run=300008-300008msec
