test: (g=0): rw=randread, bs=(R) 4096B-4096B, (W) 4096B-4096B, (T) 4096B-4096B, ioengine=libaio, iodepth=256
...
fio-3.27
Starting 4 processes
rand-read: Laying out IO file (1 file / 1024MiB)
rand-read: Laying out IO file (1 file / 1024MiB)

test: (groupid=0, jobs=4): err= 0: pid=147808: Mon Jul 19 19:14:28 2021
  read: IOPS=338, BW=1356KiB/s (1388kB/s)(397MiB/300007msec)
    slat (usec): min=474, max=440651, avg=11781.13, stdev=10211.64
    clat (usec): min=16, max=5426.1k, avg=2994486.13, stdev=768749.19
     lat (msec): min=8, max=5437, avg=3006.27, stdev=771.47
    clat percentiles (msec):
     |  1.00th=[ 1502],  5.00th=[ 1670], 10.00th=[ 1821], 20.00th=[ 2089],
     | 30.00th=[ 2668], 40.00th=[ 2836], 50.00th=[ 3004], 60.00th=[ 3406],
     | 70.00th=[ 3574], 80.00th=[ 3675], 90.00th=[ 3876], 95.00th=[ 3977],
     | 99.00th=[ 4396], 99.50th=[ 4597], 99.90th=[ 5000], 99.95th=[ 5134],
     | 99.99th=[ 5336]
   bw (  KiB/s): min=  312, max= 2896, per=99.88%, avg=1354.74, stdev=105.49, samples=2375
   iops        : min=   78, max=  724, avg=338.66, stdev=26.36, samples=2375
  lat (usec)   : 20=0.01%, 50=0.01%
  lat (msec)   : 10=0.01%, 20=0.01%, 50=0.01%, 100=0.01%, 250=0.03%
  lat (msec)   : 500=0.05%, 750=0.05%, 1000=0.06%, 2000=16.45%, >=2000=83.34%
  cpu          : usr=0.20%, sys=1.35%, ctx=101706, majf=0, minf=1181
  IO depths    : 1=0.1%, 2=0.1%, 4=0.1%, 8=0.1%, 16=0.1%, 32=0.1%, >=64=99.8%
     submit    : 0=0.0%, 4=100.0%, 8=0.0%, 16=0.0%, 32=0.0%, 64=0.0%, >=64=0.0%
     complete  : 0=0.0%, 4=100.0%, 8=0.0%, 16=0.0%, 32=0.0%, 64=0.0%, >=64=0.1%
     issued rwts: total=101670,0,0,0 short=0,0,0,0 dropped=0,0,0,0
     latency   : target=0, window=0, percentile=100.00%, depth=256

Run status group 0 (all jobs):
   READ: bw=1356KiB/s (1388kB/s), 1356KiB/s-1356KiB/s (1388kB/s-1388kB/s), io=397MiB (416MB), run=300007-300007msec
