test: (g=0): rw=randread, bs=(R) 4096B-4096B, (W) 4096B-4096B, (T) 4096B-4096B, ioengine=libaio, iodepth=256
...
fio-3.27
Starting 4 processes
rand-read: Laying out IO file (1 file / 1024MiB)
rand-read: Laying out IO file (1 file / 1024MiB)

test: (groupid=0, jobs=4): err= 0: pid=170259: Tue Jul 20 11:16:42 2021
  read: IOPS=444, BW=1778KiB/s (1820kB/s)(521MiB/300051msec)
    slat (usec): min=472, max=86553, avg=8977.18, stdev=6568.00
    clat (usec): min=12, max=2729.1k, avg=2286038.44, stdev=156186.08
     lat (msec): min=2, max=2738, avg=2295.02, stdev=156.31
    clat percentiles (msec):
     |  1.00th=[ 2022],  5.00th=[ 2123], 10.00th=[ 2165], 20.00th=[ 2198],
     | 30.00th=[ 2232], 40.00th=[ 2265], 50.00th=[ 2299], 60.00th=[ 2333],
     | 70.00th=[ 2333], 80.00th=[ 2366], 90.00th=[ 2433], 95.00th=[ 2467],
     | 99.00th=[ 2567], 99.50th=[ 2601], 99.90th=[ 2668], 99.95th=[ 2702],
     | 99.99th=[ 2702]
   bw (  KiB/s): min=  920, max= 2330, per=99.90%, avg=1776.17, stdev=43.91, samples=2381
   iops        : min=  230, max=  582, avg=444.02, stdev=10.97, samples=2381
  lat (usec)   : 20=0.01%, 50=0.01%
  lat (msec)   : 4=0.01%, 10=0.01%, 20=0.01%, 50=0.01%, 100=0.02%
  lat (msec)   : 250=0.05%, 500=0.08%, 750=0.07%, 1000=0.08%, 2000=0.47%
  lat (msec)   : >=2000=99.21%
  cpu          : usr=0.28%, sys=1.78%, ctx=133400, majf=0, minf=1181
  IO depths    : 1=0.1%, 2=0.1%, 4=0.1%, 8=0.1%, 16=0.1%, 32=0.1%, >=64=99.8%
     submit    : 0=0.0%, 4=100.0%, 8=0.0%, 16=0.0%, 32=0.0%, 64=0.0%, >=64=0.0%
     complete  : 0=0.0%, 4=100.0%, 8=0.0%, 16=0.0%, 32=0.0%, 64=0.0%, >=64=0.1%
     issued rwts: total=133354,0,0,0 short=0,0,0,0 dropped=0,0,0,0
     latency   : target=0, window=0, percentile=100.00%, depth=256

Run status group 0 (all jobs):
   READ: bw=1778KiB/s (1820kB/s), 1778KiB/s-1778KiB/s (1820kB/s-1820kB/s), io=521MiB (546MB), run=300051-300051msec
