test: (g=0): rw=randread, bs=(R) 4096B-4096B, (W) 4096B-4096B, (T) 4096B-4096B, ioengine=libaio, iodepth=256
...
fio-3.27
Starting 8 processes
rand-read: Laying out IO file (1 file / 1024MiB)
rand-read: Laying out IO file (1 file / 1024MiB)
rand-read: Laying out IO file (1 file / 1024MiB)
rand-read: Laying out IO file (1 file / 1024MiB)

test: (groupid=0, jobs=8): err= 0: pid=124646: Tue Jul 20 10:23:53 2021
  read: IOPS=780, BW=3124KiB/s (3199kB/s)(915MiB/300017msec)
    slat (usec): min=482, max=155312, avg=10218.04, stdev=7859.93
    clat (usec): min=16, max=3132.6k, avg=2600581.62, stdev=207198.08
     lat (msec): min=2, max=3144, avg=2610.80, stdev=207.49
    clat percentiles (msec):
     |  1.00th=[ 2232],  5.00th=[ 2366], 10.00th=[ 2433], 20.00th=[ 2500],
     | 30.00th=[ 2534], 40.00th=[ 2567], 50.00th=[ 2601], 60.00th=[ 2635],
     | 70.00th=[ 2668], 80.00th=[ 2735], 90.00th=[ 2802], 95.00th=[ 2869],
     | 99.00th=[ 2937], 99.50th=[ 2970], 99.90th=[ 3037], 99.95th=[ 3071],
     | 99.99th=[ 3104]
   bw (  KiB/s): min= 1832, max= 4216, per=99.97%, avg=3123.30, stdev=43.44, samples=4752
   iops        : min=  458, max= 1054, avg=780.82, stdev=10.86, samples=4752
  lat (usec)   : 20=0.01%, 50=0.01%
  lat (msec)   : 4=0.01%, 10=0.01%, 20=0.01%, 50=0.01%, 100=0.02%
  lat (msec)   : 250=0.08%, 500=0.10%, 750=0.09%, 1000=0.07%, 2000=0.34%
  lat (msec)   : >=2000=99.26%
  cpu          : usr=0.29%, sys=1.73%, ctx=234371, majf=0, minf=2360
  IO depths    : 1=0.1%, 2=0.1%, 4=0.1%, 8=0.1%, 16=0.1%, 32=0.1%, >=64=99.8%
     submit    : 0=0.0%, 4=100.0%, 8=0.0%, 16=0.0%, 32=0.0%, 64=0.0%, >=64=0.0%
     complete  : 0=0.0%, 4=100.0%, 8=0.0%, 16=0.0%, 32=0.0%, 64=0.0%, >=64=0.1%
     issued rwts: total=234303,0,0,0 short=0,0,0,0 dropped=0,0,0,0
     latency   : target=0, window=0, percentile=100.00%, depth=256

Run status group 0 (all jobs):
   READ: bw=3124KiB/s (3199kB/s), 3124KiB/s-3124KiB/s (3199kB/s-3199kB/s), io=915MiB (960MB), run=300017-300017msec
