test: (g=0): rw=randread, bs=(R) 4096B-4096B, (W) 4096B-4096B, (T) 4096B-4096B, ioengine=libaio, iodepth=256
...
fio-3.27
Starting 64 processes
rand-read: Laying out IO file (1 file / 1024MiB)
rand-read: Laying out IO file (1 file / 1024MiB)
rand-read: Laying out IO file (1 file / 1024MiB)
rand-read: Laying out IO file (1 file / 1024MiB)
rand-read: Laying out IO file (1 file / 1024MiB)
rand-read: Laying out IO file (1 file / 1024MiB)
rand-read: Laying out IO file (1 file / 1024MiB)
rand-read: Laying out IO file (1 file / 1024MiB)
rand-read: Laying out IO file (1 file / 1024MiB)
rand-read: Laying out IO file (1 file / 1024MiB)
rand-read: Laying out IO file (1 file / 1024MiB)
rand-read: Laying out IO file (1 file / 1024MiB)
rand-read: Laying out IO file (1 file / 1024MiB)
rand-read: Laying out IO file (1 file / 1024MiB)
rand-read: Laying out IO file (1 file / 1024MiB)
rand-read: Laying out IO file (1 file / 1024MiB)
rand-read: Laying out IO file (1 file / 1024MiB)
rand-read: Laying out IO file (1 file / 1024MiB)
rand-read: Laying out IO file (1 file / 1024MiB)
rand-read: Laying out IO file (1 file / 1024MiB)
rand-read: Laying out IO file (1 file / 1024MiB)
rand-read: Laying out IO file (1 file / 1024MiB)
rand-read: Laying out IO file (1 file / 1024MiB)
rand-read: Laying out IO file (1 file / 1024MiB)
rand-read: Laying out IO file (1 file / 1024MiB)
rand-read: Laying out IO file (1 file / 1024MiB)
rand-read: Laying out IO file (1 file / 1024MiB)
rand-read: Laying out IO file (1 file / 1024MiB)
rand-read: Laying out IO file (1 file / 1024MiB)
rand-read: Laying out IO file (1 file / 1024MiB)
rand-read: Laying out IO file (1 file / 1024MiB)
rand-read: Laying out IO file (1 file / 1024MiB)

test: (groupid=0, jobs=64): err= 0: pid=226314: Mon Jul 19 22:42:51 2021
  read: IOPS=569, BW=2279KiB/s (2334kB/s)(668MiB/300050msec)
    slat (msec): min=2, max=3590, avg=112.28, stdev=61.88
    clat (usec): min=15, max=39867k, avg=27339658.03, stdev=6060989.28
     lat (msec): min=5, max=39973, avg=27451.94, stdev=6068.57
    clat percentiles (msec):
     |  1.00th=[  877],  5.00th=[12684], 10.00th=[17113], 20.00th=[17113],
     | 30.00th=[17113], 40.00th=[17113], 50.00th=[17113], 60.00th=[17113],
     | 70.00th=[17113], 80.00th=[17113], 90.00th=[17113], 95.00th=[17113],
     | 99.00th=[17113], 99.50th=[17113], 99.90th=[17113], 99.95th=[17113],
     | 99.99th=[17113]
   bw (  KiB/s): min=  976, max= 6184, per=100.00%, avg=2289.09, stdev= 6.12, samples=34354
   iops        : min=  244, max= 1546, avg=572.27, stdev= 1.53, samples=34354
  lat (usec)   : 20=0.01%, 50=0.03%
  lat (msec)   : 10=0.01%, 20=0.02%, 50=0.06%, 100=0.11%, 250=0.23%
  lat (msec)   : 500=0.25%, 750=0.20%, 1000=0.15%, 2000=0.42%, >=2000=98.51%
  cpu          : usr=0.03%, sys=0.18%, ctx=171427, majf=0, minf=18919
  IO depths    : 1=0.1%, 2=0.1%, 4=0.1%, 8=0.3%, 16=0.6%, 32=1.2%, >=64=97.6%
     submit    : 0=0.0%, 4=100.0%, 8=0.0%, 16=0.0%, 32=0.0%, 64=0.0%, >=64=0.0%
     complete  : 0=0.0%, 4=100.0%, 8=0.0%, 16=0.0%, 32=0.0%, 64=0.0%, >=64=0.1%
     issued rwts: total=170966,0,0,0 short=0,0,0,0 dropped=0,0,0,0
     latency   : target=0, window=0, percentile=100.00%, depth=256

Run status group 0 (all jobs):
   READ: bw=2279KiB/s (2334kB/s), 2279KiB/s-2279KiB/s (2334kB/s-2334kB/s), io=668MiB (700MB), run=300050-300050msec
