test: (g=0): rw=randread, bs=(R) 4096B-4096B, (W) 4096B-4096B, (T) 4096B-4096B, ioengine=libaio, iodepth=256
...
fio-3.27
Starting 64 processes
rand-read: Laying out IO file (1 file / 1024MiB)
rand-read: Laying out IO file (1 file / 1024MiB)
rand-read: Laying out IO file (1 file / 1024MiB)
rand-read: Laying out IO file (1 file / 1024MiB)
rand-read: Laying out IO file (1 file / 1024MiB)
rand-read: Laying out IO file (1 file / 1024MiB)
rand-read: Laying out IO file (1 file / 1024MiB)
rand-read: Laying out IO file (1 file / 1024MiB)
rand-read: Laying out IO file (1 file / 1024MiB)
rand-read: Laying out IO file (1 file / 1024MiB)
rand-read: Laying out IO file (1 file / 1024MiB)
rand-read: Laying out IO file (1 file / 1024MiB)
rand-read: Laying out IO file (1 file / 1024MiB)
rand-read: Laying out IO file (1 file / 1024MiB)
rand-read: Laying out IO file (1 file / 1024MiB)
rand-read: Laying out IO file (1 file / 1024MiB)
rand-read: Laying out IO file (1 file / 1024MiB)
rand-read: Laying out IO file (1 file / 1024MiB)
rand-read: Laying out IO file (1 file / 1024MiB)
rand-read: Laying out IO file (1 file / 1024MiB)
rand-read: Laying out IO file (1 file / 1024MiB)
rand-read: Laying out IO file (1 file / 1024MiB)
rand-read: Laying out IO file (1 file / 1024MiB)
rand-read: Laying out IO file (1 file / 1024MiB)
rand-read: Laying out IO file (1 file / 1024MiB)
rand-read: Laying out IO file (1 file / 1024MiB)
rand-read: Laying out IO file (1 file / 1024MiB)
rand-read: Laying out IO file (1 file / 1024MiB)
rand-read: Laying out IO file (1 file / 1024MiB)
rand-read: Laying out IO file (1 file / 1024MiB)
rand-read: Laying out IO file (1 file / 1024MiB)
rand-read: Laying out IO file (1 file / 1024MiB)

test: (groupid=0, jobs=64): err= 0: pid=183997: Mon Jul 19 20:01:24 2021
  read: IOPS=1393, BW=5572KiB/s (5706kB/s)(1633MiB/300048msec)
    slat (msec): min=2, max=855, avg=45.91, stdev=20.46
    clat (usec): min=16, max=16637k, avg=11495541.16, stdev=1823410.85
     lat (msec): min=5, max=16701, avg=11541.45, stdev=1826.68
    clat percentiles (msec):
     |  1.00th=[ 2232],  5.00th=[10134], 10.00th=[10402], 20.00th=[10671],
     | 30.00th=[11073], 40.00th=[11342], 50.00th=[11476], 60.00th=[11610],
     | 70.00th=[11879], 80.00th=[12147], 90.00th=[13758], 95.00th=[14295],
     | 99.00th=[14966], 99.50th=[15234], 99.90th=[15905], 99.95th=[16174],
     | 99.99th=[16442]
   bw (  KiB/s): min= 2376, max= 9240, per=99.74%, avg=5558.13, stdev=11.38, samples=36897
   iops        : min=  594, max= 2310, avg=1389.53, stdev= 2.84, samples=36897
  lat (usec)   : 20=0.01%, 50=0.01%, 100=0.01%
  lat (msec)   : 10=0.01%, 20=0.01%, 50=0.03%, 100=0.05%, 250=0.12%
  lat (msec)   : 500=0.16%, 750=0.12%, 1000=0.10%, 2000=0.33%, >=2000=99.07%
  cpu          : usr=0.07%, sys=0.41%, ctx=418496, majf=0, minf=18894
  IO depths    : 1=0.1%, 2=0.1%, 4=0.1%, 8=0.1%, 16=0.2%, 32=0.5%, >=64=99.0%
     submit    : 0=0.0%, 4=100.0%, 8=0.0%, 16=0.0%, 32=0.0%, 64=0.0%, >=64=0.0%
     complete  : 0=0.0%, 4=100.0%, 8=0.0%, 16=0.0%, 32=0.0%, 64=0.0%, >=64=0.1%
     issued rwts: total=417991,0,0,0 short=0,0,0,0 dropped=0,0,0,0
     latency   : target=0, window=0, percentile=100.00%, depth=256

Run status group 0 (all jobs):
   READ: bw=5572KiB/s (5706kB/s), 5572KiB/s-5572KiB/s (5706kB/s-5706kB/s), io=1633MiB (1712MB), run=300048-300048msec
