readwrite: (g=0): rw=rw, bs=(R) 4096B-4096B, (W) 4096B-4096B, (T) 4096B-4096B, ioengine=libaio, iodepth=256
...
fio-3.27
Starting 2 processes
readwrite: Laying out IO file (1 file / 1024MiB)

readwrite: (groupid=0, jobs=2): err= 0: pid=154754: Wed Jul 21 19:27:18 2021
  read: IOPS=11.1k, BW=43.4MiB/s (45.6MB/s)(12.7GiB/300002msec)
    slat (usec): min=7, max=314755, avg=83.62, stdev=976.74
    clat (usec): min=12, max=2256.1k, avg=22950.19, stdev=62383.82
     lat (usec): min=264, max=2272.3k, avg=23034.60, stdev=62798.98
    clat percentiles (msec):
     |  1.00th=[   12],  5.00th=[   13], 10.00th=[   13], 20.00th=[   13],
     | 30.00th=[   13], 40.00th=[   14], 50.00th=[   14], 60.00th=[   14],
     | 70.00th=[   14], 80.00th=[   14], 90.00th=[   15], 95.00th=[   34],
     | 99.00th=[  330], 99.50th=[  447], 99.90th=[  827], 99.95th=[  953],
     | 99.99th=[ 1452]
   bw (  KiB/s): min=   56, max=82848, per=100.00%, avg=44790.20, stdev=15959.87, samples=1191
   iops        : min=   14, max=20712, avg=11197.55, stdev=3989.97, samples=1191
  write: IOPS=11.1k, BW=43.4MiB/s (45.5MB/s)(12.7GiB/300002msec); 0 zone resets
    slat (usec): min=68, max=5020, avg=74.67, stdev=14.06
    clat (usec): min=11, max=2266.0k, avg=22925.38, stdev=62153.80
     lat (usec): min=83, max=2266.0k, avg=23001.13, stdev=62156.08
    clat percentiles (msec):
     |  1.00th=[   12],  5.00th=[   13], 10.00th=[   13], 20.00th=[   13],
     | 30.00th=[   13], 40.00th=[   14], 50.00th=[   14], 60.00th=[   14],
     | 70.00th=[   14], 80.00th=[   14], 90.00th=[   15], 95.00th=[   34],
     | 99.00th=[  330], 99.50th=[  447], 99.90th=[  818], 99.95th=[  944],
     | 99.99th=[ 1452]
   bw (  KiB/s): min=   64, max=82040, per=100.00%, avg=44759.20, stdev=15945.41, samples=1191
   iops        : min=   16, max=20510, avg=11189.80, stdev=3986.35, samples=1191
  lat (usec)   : 20=0.01%, 100=0.01%, 250=0.01%, 500=0.01%, 750=0.01%
  lat (usec)   : 1000=0.01%
  lat (msec)   : 2=0.01%, 4=0.01%, 10=0.01%, 20=94.66%, 50=1.92%
  lat (msec)   : 100=0.08%, 250=1.84%, 500=1.13%, 750=0.22%, 1000=0.10%
  lat (msec)   : 2000=0.04%, >=2000=0.01%
  cpu          : usr=10.79%, sys=53.50%, ctx=109710, majf=0, minf=85
  IO depths    : 1=0.1%, 2=0.1%, 4=0.1%, 8=0.1%, 16=0.1%, 32=0.1%, >=64=100.0%
     submit    : 0=0.0%, 4=100.0%, 8=0.0%, 16=0.0%, 32=0.0%, 64=0.0%, >=64=0.0%
     complete  : 0=0.0%, 4=100.0%, 8=0.0%, 16=0.0%, 32=0.0%, 64=0.0%, >=64=0.1%
     issued rwts: total=3336314,3334021,0,0 short=0,0,0,0 dropped=0,0,0,0
     latency   : target=0, window=0, percentile=100.00%, depth=256

Run status group 0 (all jobs):
   READ: bw=43.4MiB/s (45.6MB/s), 43.4MiB/s-43.4MiB/s (45.6MB/s-45.6MB/s), io=12.7GiB (13.7GB), run=300002-300002msec
  WRITE: bw=43.4MiB/s (45.5MB/s), 43.4MiB/s-43.4MiB/s (45.5MB/s-45.5MB/s), io=12.7GiB (13.7GB), run=300002-300002msec
