readwrite: (g=0): rw=rw, bs=(R) 4096B-4096B, (W) 4096B-4096B, (T) 4096B-4096B, ioengine=libaio, iodepth=256
...
fio-3.27
Starting 16 processes
readwrite: Laying out IO file (1 file / 1024MiB)
readwrite: Laying out IO file (1 file / 1024MiB)
readwrite: Laying out IO file (1 file / 1024MiB)
readwrite: Laying out IO file (1 file / 1024MiB)
readwrite: Laying out IO file (1 file / 1024MiB)
readwrite: Laying out IO file (1 file / 1024MiB)
readwrite: Laying out IO file (1 file / 1024MiB)
readwrite: Laying out IO file (1 file / 1024MiB)

readwrite: (groupid=0, jobs=16): err= 0: pid=51265: Wed Jul 21 18:48:40 2021
  read: IOPS=28.1k, BW=110MiB/s (115MB/s)(32.1GiB/300129msec)
    slat (usec): min=7, max=1198.2k, avg=469.76, stdev=8001.39
    clat (usec): min=14, max=31012k, avg=72893.88, stdev=798694.44
     lat (usec): min=118, max=31155k, avg=73364.37, stdev=804561.91
    clat percentiles (msec):
     |  1.00th=[   12],  5.00th=[   13], 10.00th=[   13], 20.00th=[   14],
     | 30.00th=[   14], 40.00th=[   14], 50.00th=[   14], 60.00th=[   14],
     | 70.00th=[   15], 80.00th=[   15], 90.00th=[   16], 95.00th=[   19],
     | 99.00th=[   71], 99.50th=[ 4597], 99.90th=[13221], 99.95th=[17113],
     | 99.99th=[17113]
   bw (  KiB/s): min=  128, max=481777, per=100.00%, avg=115234.73, stdev=11217.87, samples=9236
   iops        : min=   32, max=120442, avg=28808.49, stdev=2804.45, samples=9236
  write: IOPS=28.1k, BW=110MiB/s (115MB/s)(32.1GiB/300129msec); 0 zone resets
    slat (usec): min=68, max=214602, avg=79.51, stdev=166.26
    clat (usec): min=11, max=31012k, avg=72440.98, stdev=797349.61
     lat (usec): min=90, max=31012k, avg=72521.58, stdev=797351.65
    clat percentiles (msec):
     |  1.00th=[   12],  5.00th=[   13], 10.00th=[   13], 20.00th=[   14],
     | 30.00th=[   14], 40.00th=[   14], 50.00th=[   14], 60.00th=[   14],
     | 70.00th=[   15], 80.00th=[   15], 90.00th=[   15], 95.00th=[   18],
     | 99.00th=[   62], 99.50th=[ 4530], 99.90th=[13221], 99.95th=[17113],
     | 99.99th=[17113]
   bw (  KiB/s): min=  128, max=480220, per=100.00%, avg=114428.03, stdev=11246.26, samples=9269
   iops        : min=   32, max=120054, avg=28606.79, stdev=2811.55, samples=9269
  lat (usec)   : 20=0.01%, 50=0.01%, 100=0.01%, 250=0.01%, 500=0.01%
  lat (usec)   : 750=0.01%, 1000=0.01%
  lat (msec)   : 2=0.01%, 4=0.01%, 10=0.01%, 20=97.80%, 50=1.13%
  lat (msec)   : 100=0.09%, 250=0.06%, 500=0.06%, 750=0.02%, 1000=0.05%
  lat (msec)   : 2000=0.08%, >=2000=0.71%
  cpu          : usr=3.31%, sys=16.74%, ctx=66315, majf=0, minf=708
  IO depths    : 1=0.1%, 2=0.1%, 4=0.1%, 8=0.1%, 16=0.1%, 32=0.1%, >=64=100.0%
     submit    : 0=0.0%, 4=100.0%, 8=0.0%, 16=0.0%, 32=0.0%, 64=0.0%, >=64=0.0%
     complete  : 0=0.0%, 4=100.0%, 8=0.0%, 16=0.0%, 32=0.0%, 64=0.0%, >=64=0.1%
     issued rwts: total=8421747,8422093,0,0 short=0,0,0,0 dropped=0,0,0,0
     latency   : target=0, window=0, percentile=100.00%, depth=256

Run status group 0 (all jobs):
   READ: bw=110MiB/s (115MB/s), 110MiB/s-110MiB/s (115MB/s-115MB/s), io=32.1GiB (34.5GB), run=300129-300129msec
  WRITE: bw=110MiB/s (115MB/s), 110MiB/s-110MiB/s (115MB/s-115MB/s), io=32.1GiB (34.5GB), run=300129-300129msec
