test: (g=0): rw=randread, bs=(R) 4096B-4096B, (W) 4096B-4096B, (T) 4096B-4096B, ioengine=libaio, iodepth=256
...
fio-3.27
Starting 16 processes
rand-read: Laying out IO file (1 file / 1024MiB)
rand-read: Laying out IO file (1 file / 1024MiB)
rand-read: Laying out IO file (1 file / 1024MiB)
rand-read: Laying out IO file (1 file / 1024MiB)
rand-read: Laying out IO file (1 file / 1024MiB)
rand-read: Laying out IO file (1 file / 1024MiB)
rand-read: Laying out IO file (1 file / 1024MiB)
rand-read: Laying out IO file (1 file / 1024MiB)

test: (groupid=0, jobs=16): err= 0: pid=137301: Mon Jul 19 19:45:03 2021
  read: IOPS=1011, BW=4047KiB/s (4144kB/s)(1186MiB/300041msec)
    slat (usec): min=509, max=262897, avg=15788.17, stdev=13040.27
    clat (usec): min=15, max=5783.2k, avg=4013228.25, stdev=465851.51
     lat (msec): min=5, max=5791, avg=4029.02, stdev=466.83
    clat percentiles (msec):
     |  1.00th=[ 2769],  5.00th=[ 3272], 10.00th=[ 3608], 20.00th=[ 3775],
     | 30.00th=[ 3876], 40.00th=[ 3943], 50.00th=[ 4010], 60.00th=[ 4111],
     | 70.00th=[ 4178], 80.00th=[ 4329], 90.00th=[ 4463], 95.00th=[ 4732],
     | 99.00th=[ 5067], 99.50th=[ 5201], 99.90th=[ 5470], 99.95th=[ 5537],
     | 99.99th=[ 5671]
   bw (  KiB/s): min= 1696, max= 6544, per=99.61%, avg=4031.85, stdev=41.65, samples=9497
   iops        : min=  424, max= 1636, avg=1007.96, stdev=10.41, samples=9497
  lat (usec)   : 20=0.01%, 50=0.01%
  lat (msec)   : 10=0.01%, 20=0.01%, 50=0.01%, 100=0.02%, 250=0.05%
  lat (msec)   : 500=0.08%, 750=0.08%, 1000=0.08%, 2000=0.31%, >=2000=99.36%
  cpu          : usr=0.18%, sys=1.09%, ctx=303692, majf=0, minf=4720
  IO depths    : 1=0.1%, 2=0.1%, 4=0.1%, 8=0.1%, 16=0.1%, 32=0.2%, >=64=99.7%
     submit    : 0=0.0%, 4=100.0%, 8=0.0%, 16=0.0%, 32=0.0%, 64=0.0%, >=64=0.0%
     complete  : 0=0.0%, 4=100.0%, 8=0.0%, 16=0.0%, 32=0.0%, 64=0.0%, >=64=0.1%
     issued rwts: total=303562,0,0,0 short=0,0,0,0 dropped=0,0,0,0
     latency   : target=0, window=0, percentile=100.00%, depth=256

Run status group 0 (all jobs):
   READ: bw=4047KiB/s (4144kB/s), 4047KiB/s-4047KiB/s (4144kB/s-4144kB/s), io=1186MiB (1243MB), run=300041-300041msec
