test: (g=0): rw=read, bs=(R) 4096B-4096B, (W) 4096B-4096B, (T) 4096B-4096B, ioengine=libaio, iodepth=256
...
fio-3.27
Starting 2 processes
seq-read: Laying out IO file (1 file / 1024MiB)

test: (groupid=0, jobs=2): err= 0: pid=245725: Tue Jul 20 14:24:35 2021
  read: IOPS=33.4k, BW=131MiB/s (137MB/s)(38.3GiB/300001msec)
    slat (usec): min=10, max=456149, avg=48.74, stdev=1216.60
    clat (usec): min=10, max=6367.2k, avg=15254.36, stdev=148084.92
     lat (usec): min=21, max=6433.9k, avg=15303.86, stdev=148615.92
    clat percentiles (msec):
     |  1.00th=[    5],  5.00th=[    5], 10.00th=[    5], 20.00th=[    5],
     | 30.00th=[    5], 40.00th=[    5], 50.00th=[    5], 60.00th=[    5],
     | 70.00th=[    5], 80.00th=[    6], 90.00th=[   16], 95.00th=[   26],
     | 99.00th=[   27], 99.50th=[  435], 99.90th=[ 2869], 99.95th=[ 3809],
     | 99.99th=[ 5269]
   bw (  KiB/s): min=   40, max=329136, per=100.00%, avg=139764.56, stdev=35191.28, samples=1172
   iops        : min=   10, max=82284, avg=34941.13, stdev=8797.82, samples=1172
  lat (usec)   : 20=0.01%, 50=0.01%, 100=0.01%, 250=0.01%, 500=0.01%
  lat (usec)   : 750=0.01%, 1000=0.01%
  lat (msec)   : 2=0.01%, 4=0.01%, 10=88.68%, 20=4.69%, 50=5.87%
  lat (msec)   : 100=0.03%, 250=0.11%, 500=0.18%, 750=0.10%, 1000=0.14%
  lat (msec)   : 2000=0.07%, >=2000=0.14%
  cpu          : usr=13.93%, sys=36.83%, ctx=64917, majf=0, minf=590
  IO depths    : 1=0.1%, 2=0.1%, 4=0.1%, 8=0.1%, 16=0.1%, 32=0.1%, >=64=100.0%
     submit    : 0=0.0%, 4=100.0%, 8=0.0%, 16=0.0%, 32=0.0%, 64=0.0%, >=64=0.0%
     complete  : 0=0.0%, 4=100.0%, 8=0.0%, 16=0.0%, 32=0.0%, 64=0.0%, >=64=0.1%
     issued rwts: total=10028120,0,0,0 short=0,0,0,0 dropped=0,0,0,0
     latency   : target=0, window=0, percentile=100.00%, depth=256

Run status group 0 (all jobs):
   READ: bw=131MiB/s (137MB/s), 131MiB/s-131MiB/s (137MB/s-137MB/s), io=38.3GiB (41.1GB), run=300001-300001msec
