test: (g=0): rw=randread, bs=(R) 4096B-4096B, (W) 4096B-4096B, (T) 4096B-4096B, ioengine=libaio, iodepth=256
...
fio-3.27
Starting 8 processes
rand-read: Laying out IO file (1 file / 1024MiB)
rand-read: Laying out IO file (1 file / 1024MiB)
rand-read: Laying out IO file (1 file / 1024MiB)
rand-read: Laying out IO file (1 file / 1024MiB)

test: (groupid=0, jobs=8): err= 0: pid=213001: Mon Jul 19 22:07:38 2021
  read: IOPS=649, BW=2600KiB/s (2662kB/s)(762MiB/300016msec)
    slat (usec): min=482, max=183213, avg=12284.95, stdev=9875.87
    clat (usec): min=13, max=4048.1k, avg=3122295.72, stdev=271353.24
     lat (msec): min=3, max=4052, avg=3134.58, stdev=271.73
    clat percentiles (msec):
     |  1.00th=[ 2635],  5.00th=[ 2836], 10.00th=[ 2903], 20.00th=[ 2970],
     | 30.00th=[ 3037], 40.00th=[ 3071], 50.00th=[ 3138], 60.00th=[ 3171],
     | 70.00th=[ 3239], 80.00th=[ 3272], 90.00th=[ 3373], 95.00th=[ 3473],
     | 99.00th=[ 3708], 99.50th=[ 3775], 99.90th=[ 3910], 99.95th=[ 3943],
     | 99.99th=[ 4010]
   bw (  KiB/s): min= 1200, max= 3632, per=99.93%, avg=2598.01, stdev=40.84, samples=4745
   iops        : min=  300, max=  908, avg=649.50, stdev=10.21, samples=4745
  lat (usec)   : 20=0.01%, 50=0.01%
  lat (msec)   : 4=0.01%, 10=0.01%, 20=0.01%, 50=0.02%, 100=0.03%
  lat (msec)   : 250=0.06%, 500=0.10%, 750=0.08%, 1000=0.09%, 2000=0.32%
  lat (msec)   : >=2000=99.29%
  cpu          : usr=0.21%, sys=1.34%, ctx=195076, majf=0, minf=2362
  IO depths    : 1=0.1%, 2=0.1%, 4=0.1%, 8=0.1%, 16=0.1%, 32=0.1%, >=64=99.7%
     submit    : 0=0.0%, 4=100.0%, 8=0.0%, 16=0.0%, 32=0.0%, 64=0.0%, >=64=0.0%
     complete  : 0=0.0%, 4=100.0%, 8=0.0%, 16=0.0%, 32=0.0%, 64=0.0%, >=64=0.1%
     issued rwts: total=195003,0,0,0 short=0,0,0,0 dropped=0,0,0,0
     latency   : target=0, window=0, percentile=100.00%, depth=256

Run status group 0 (all jobs):
   READ: bw=2600KiB/s (2662kB/s), 2600KiB/s-2600KiB/s (2662kB/s-2662kB/s), io=762MiB (799MB), run=300016-300016msec
