test: (g=0): rw=read, bs=(R) 4096B-4096B, (W) 4096B-4096B, (T) 4096B-4096B, ioengine=libaio, iodepth=256
...
fio-3.27
Starting 32 processes
seq-read: Laying out IO file (1 file / 1024MiB)
seq-read: Laying out IO file (1 file / 1024MiB)
seq-read: Laying out IO file (1 file / 1024MiB)
seq-read: Laying out IO file (1 file / 1024MiB)
seq-read: Laying out IO file (1 file / 1024MiB)
seq-read: Laying out IO file (1 file / 1024MiB)
seq-read: Laying out IO file (1 file / 1024MiB)
seq-read: Laying out IO file (1 file / 1024MiB)
seq-read: Laying out IO file (1 file / 1024MiB)
seq-read: Laying out IO file (1 file / 1024MiB)
seq-read: Laying out IO file (1 file / 1024MiB)
seq-read: Laying out IO file (1 file / 1024MiB)
seq-read: Laying out IO file (1 file / 1024MiB)
seq-read: Laying out IO file (1 file / 1024MiB)
seq-read: Laying out IO file (1 file / 1024MiB)
seq-read: Laying out IO file (1 file / 1024MiB)

test: (groupid=0, jobs=32): err= 0: pid=4073: Tue Jul 20 14:56:19 2021
  read: IOPS=33.3k, BW=130MiB/s (136MB/s)(38.1GiB/300011msec)
    slat (usec): min=10, max=1022.5k, avg=948.64, stdev=5367.22
    clat (usec): min=14, max=19229k, avg=244129.52, stdev=1154723.04
     lat (usec): min=1060, max=19271k, avg=245079.11, stdev=1159107.89
    clat percentiles (msec):
     |  1.00th=[    5],  5.00th=[    5], 10.00th=[    5], 20.00th=[    5],
     | 30.00th=[    5], 40.00th=[    6], 50.00th=[    6], 60.00th=[    6],
     | 70.00th=[    6], 80.00th=[    6], 90.00th=[   26], 95.00th=[ 1905],
     | 99.00th=[ 5604], 99.50th=[ 8792], 99.90th=[13221], 99.95th=[14295],
     | 99.99th=[16711]
   bw (  KiB/s): min=  752, max=3722726, per=100.00%, avg=136012.02, stdev=20161.08, samples=19041
   iops        : min=  188, max=930679, avg=34002.90, stdev=5040.26, samples=19041
  lat (usec)   : 20=0.01%, 50=0.01%
  lat (msec)   : 2=0.01%, 4=0.01%, 10=80.62%, 20=7.76%, 50=5.36%
  lat (msec)   : 100=0.07%, 250=0.03%, 500=0.04%, 750=0.02%, 1000=0.06%
  lat (msec)   : 2000=1.32%, >=2000=4.70%
  cpu          : usr=1.00%, sys=3.34%, ctx=605486, majf=0, minf=9471
  IO depths    : 1=0.1%, 2=0.1%, 4=0.1%, 8=0.1%, 16=0.1%, 32=0.1%, >=64=100.0%
     submit    : 0=0.0%, 4=100.0%, 8=0.0%, 16=0.0%, 32=0.0%, 64=0.0%, >=64=0.0%
     complete  : 0=0.0%, 4=100.0%, 8=0.0%, 16=0.0%, 32=0.0%, 64=0.0%, >=64=0.1%
     issued rwts: total=9996170,0,0,0 short=0,0,0,0 dropped=0,0,0,0
     latency   : target=0, window=0, percentile=100.00%, depth=256

Run status group 0 (all jobs):
   READ: bw=130MiB/s (136MB/s), 130MiB/s-130MiB/s (136MB/s-136MB/s), io=38.1GiB (40.9GB), run=300011-300011msec
