test: (g=0): rw=read, bs=(R) 4096B-4096B, (W) 4096B-4096B, (T) 4096B-4096B, ioengine=libaio, iodepth=256
fio-3.27
Starting 1 process
test: Laying out IO file (1 file / 1024MiB)

test: (groupid=0, jobs=1): err= 0: pid=251266: Tue Jul 20 15:21:47 2021
  read: IOPS=33.0k, BW=129MiB/s (135MB/s)(37.7GiB/300011msec)
    slat (usec): min=10, max=70351, avg=19.16, stdev=341.23
    clat (usec): min=26, max=1002.2k, avg=7732.99, stdev=28867.59
     lat (msec): min=4, max=1002, avg= 7.75, stdev=28.87
    clat percentiles (msec):
     |  1.00th=[    5],  5.00th=[    5], 10.00th=[    5], 20.00th=[    5],
     | 30.00th=[    5], 40.00th=[    5], 50.00th=[    6], 60.00th=[    6],
     | 70.00th=[    6], 80.00th=[    6], 90.00th=[   16], 95.00th=[   26],
     | 99.00th=[   27], 99.50th=[   27], 99.90th=[  279], 99.95th=[  911],
     | 99.99th=[  944]
   bw (  KiB/s): min=    8, max=165512, per=100.00%, avg=137217.51, stdev=48729.68, samples=576
   iops        : min=    2, max=41378, avg=34304.39, stdev=12182.42, samples=576
  lat (usec)   : 50=0.01%
  lat (msec)   : 10=89.29%, 20=4.61%, 50=5.91%, 100=0.03%, 250=0.06%
  lat (msec)   : 500=0.01%, 750=0.01%, 1000=0.09%, 2000=0.01%
  cpu          : usr=27.33%, sys=70.82%, ctx=7563, majf=0, minf=294
  IO depths    : 1=0.1%, 2=0.1%, 4=0.1%, 8=0.1%, 16=0.1%, 32=0.1%, >=64=100.0%
     submit    : 0=0.0%, 4=100.0%, 8=0.0%, 16=0.0%, 32=0.0%, 64=0.0%, >=64=0.0%
     complete  : 0=0.0%, 4=100.0%, 8=0.0%, 16=0.0%, 32=0.0%, 64=0.0%, >=64=0.1%
     issued rwts: total=9891841,0,0,0 short=0,0,0,0 dropped=0,0,0,0
     latency   : target=0, window=0, percentile=100.00%, depth=256

Run status group 0 (all jobs):
   READ: bw=129MiB/s (135MB/s), 129MiB/s-129MiB/s (135MB/s-135MB/s), io=37.7GiB (40.5GB), run=300011-300011msec
