test: (g=0): rw=read, bs=(R) 4096B-4096B, (W) 4096B-4096B, (T) 4096B-4096B, ioengine=libaio, iodepth=256
fio-3.27
Starting 1 process
test: Laying out IO file (1 file / 1024MiB)

test: (groupid=0, jobs=1): err= 0: pid=225696: Fri Jul 16 03:00:25 2021
  read: IOPS=15.4k, BW=60.1MiB/s (63.0MB/s)(17.6GiB/300016msec)
    slat (usec): min=10, max=349081, avg=53.89, stdev=1693.40
    clat (usec): min=26, max=17307k, avg=16316.11, stdev=279484.73
     lat (msec): min=4, max=17312, avg=16.37, stdev=280.55
    clat percentiles (msec):
     |  1.00th=[    5],  5.00th=[    5], 10.00th=[    5], 20.00th=[    5],
     | 30.00th=[    5], 40.00th=[    5], 50.00th=[    6], 60.00th=[    6],
     | 70.00th=[    6], 80.00th=[    6], 90.00th=[   16], 95.00th=[   26],
     | 99.00th=[   27], 99.50th=[   27], 99.90th=[ 4396], 99.95th=[ 6879],
     | 99.99th=[13221]
   bw (  KiB/s): min=   16, max=163840, per=100.00%, avg=65080.22, stdev=76355.62, samples=566
   iops        : min=    4, max=40960, avg=16270.05, stdev=19088.90, samples=566
  lat (usec)   : 50=0.01%
  lat (msec)   : 10=89.28%, 20=4.54%, 50=5.92%, 100=0.02%, 250=0.01%
  lat (msec)   : 500=0.02%, 750=0.01%, 1000=0.10%, 2000=0.01%, >=2000=0.11%
  cpu          : usr=13.04%, sys=32.88%, ctx=6889, majf=0, minf=296
  IO depths    : 1=0.1%, 2=0.1%, 4=0.1%, 8=0.1%, 16=0.1%, 32=0.1%, >=64=100.0%
     submit    : 0=0.0%, 4=100.0%, 8=0.0%, 16=0.0%, 32=0.0%, 64=0.0%, >=64=0.0%
     complete  : 0=0.0%, 4=100.0%, 8=0.0%, 16=0.0%, 32=0.0%, 64=0.0%, >=64=0.1%
     issued rwts: total=4617217,0,0,0 short=0,0,0,0 dropped=0,0,0,0
     latency   : target=0, window=0, percentile=100.00%, depth=256

Run status group 0 (all jobs):
   READ: bw=60.1MiB/s (63.0MB/s), 60.1MiB/s-60.1MiB/s (63.0MB/s-63.0MB/s), io=17.6GiB (18.9GB), run=300016-300016msec
