test: (g=0): rw=read, bs=(R) 4096B-4096B, (W) 4096B-4096B, (T) 4096B-4096B, ioengine=libaio, iodepth=256
...
fio-3.27
Starting 16 processes

test: (groupid=0, jobs=16): err= 0: pid=256514: Fri Jul 16 04:05:16 2021
  read: IOPS=33.1k, BW=129MiB/s (136MB/s)(37.9GiB/300012msec)
    slat (usec): min=10, max=323305, avg=471.38, stdev=2997.40
    clat (usec): min=11, max=13805k, avg=122938.38, stdev=592301.37
     lat (usec): min=22, max=13838k, avg=123410.66, stdev=594560.45
    clat percentiles (msec):
     |  1.00th=[    5],  5.00th=[    5], 10.00th=[    5], 20.00th=[    5],
     | 30.00th=[    6], 40.00th=[    6], 50.00th=[    6], 60.00th=[    6],
     | 70.00th=[    6], 80.00th=[    6], 90.00th=[   26], 95.00th=[  978],
     | 99.00th=[ 2735], 99.50th=[ 4212], 99.90th=[ 7013], 99.95th=[ 7819],
     | 99.99th=[10000]
   bw (  KiB/s): min=  648, max=1943712, per=100.00%, avg=137029.78, stdev=23649.54, samples=9521
   iops        : min=  162, max=485928, avg=34257.37, stdev=5912.38, samples=9521
  lat (usec)   : 20=0.01%, 50=0.01%, 100=0.01%, 250=0.01%, 500=0.01%
  lat (usec)   : 750=0.01%, 1000=0.01%
  lat (msec)   : 2=0.01%, 4=0.01%, 10=83.20%, 20=6.15%, 50=5.48%
  lat (msec)   : 100=0.09%, 250=0.02%, 500=0.01%, 750=0.01%, 1000=0.05%
  lat (msec)   : 2000=3.16%, >=2000=1.82%
  cpu          : usr=1.91%, sys=6.12%, ctx=491459, majf=0, minf=4730
  IO depths    : 1=0.1%, 2=0.1%, 4=0.1%, 8=0.1%, 16=0.1%, 32=0.1%, >=64=100.0%
     submit    : 0=0.0%, 4=100.0%, 8=0.0%, 16=0.0%, 32=0.0%, 64=0.0%, >=64=0.0%
     complete  : 0=0.0%, 4=100.0%, 8=0.0%, 16=0.0%, 32=0.0%, 64=0.0%, >=64=0.1%
     issued rwts: total=9934043,0,0,0 short=0,0,0,0 dropped=0,0,0,0
     latency   : target=0, window=0, percentile=100.00%, depth=256

Run status group 0 (all jobs):
   READ: bw=129MiB/s (136MB/s), 129MiB/s-129MiB/s (136MB/s-136MB/s), io=37.9GiB (40.7GB), run=300012-300012msec
