readwrite: (g=0): rw=rw, bs=(R) 4096B-4096B, (W) 4096B-4096B, (T) 4096B-4096B, ioengine=libaio, iodepth=256
...
fio-3.27
Starting 16 processes
readwrite: Laying out IO file (1 file / 1024MiB)
readwrite: Laying out IO file (1 file / 1024MiB)
readwrite: Laying out IO file (1 file / 1024MiB)
readwrite: Laying out IO file (1 file / 1024MiB)
readwrite: Laying out IO file (1 file / 1024MiB)
readwrite: Laying out IO file (1 file / 1024MiB)
readwrite: Laying out IO file (1 file / 1024MiB)
readwrite: Laying out IO file (1 file / 1024MiB)

readwrite: (groupid=0, jobs=16): err= 0: pid=28705: Wed Jul 21 17:49:11 2021
  read: IOPS=35.2k, BW=138MiB/s (144MB/s)(40.3GiB/300033msec)
    slat (usec): min=7, max=1309.2k, avg=353.76, stdev=5950.72
    clat (usec): min=10, max=21860k, avg=58117.72, stdev=567147.13
     lat (usec): min=22, max=21938k, avg=58472.21, stdev=571298.41
    clat percentiles (msec):
     |  1.00th=[   12],  5.00th=[   13], 10.00th=[   13], 20.00th=[   14],
     | 30.00th=[   14], 40.00th=[   14], 50.00th=[   14], 60.00th=[   14],
     | 70.00th=[   15], 80.00th=[   15], 90.00th=[   16], 95.00th=[   18],
     | 99.00th=[   69], 99.50th=[ 3641], 99.90th=[ 9463], 99.95th=[11476],
     | 99.99th=[15368]
   bw (  KiB/s): min=  136, max=623027, per=100.00%, avg=143442.76, stdev=11984.32, samples=9408
   iops        : min=   34, max=155754, avg=35860.35, stdev=2996.06, samples=9408
  write: IOPS=35.2k, BW=138MiB/s (144MB/s)(40.3GiB/300033msec); 0 zone resets
    slat (usec): min=68, max=403832, avg=79.73, stdev=175.31
    clat (usec): min=12, max=21797k, avg=57671.37, stdev=565423.90
     lat (usec): min=84, max=21797k, avg=57752.21, stdev=565426.03
    clat percentiles (msec):
     |  1.00th=[   12],  5.00th=[   13], 10.00th=[   13], 20.00th=[   14],
     | 30.00th=[   14], 40.00th=[   14], 50.00th=[   14], 60.00th=[   14],
     | 70.00th=[   15], 80.00th=[   15], 90.00th=[   15], 95.00th=[   18],
     | 99.00th=[   61], 99.50th=[ 3608], 99.90th=[ 9463], 99.95th=[11476],
     | 99.99th=[15503]
   bw (  KiB/s): min=  144, max=619575, per=100.00%, avg=143194.46, stdev=11994.55, samples=9413
   iops        : min=   36, max=154892, avg=35798.30, stdev=2998.61, samples=9413
  lat (usec)   : 20=0.01%, 50=0.01%, 100=0.01%, 250=0.01%, 500=0.01%
  lat (usec)   : 750=0.01%, 1000=0.01%
  lat (msec)   : 2=0.01%, 4=0.01%, 10=0.01%, 20=97.85%, 50=1.08%
  lat (msec)   : 100=0.10%, 250=0.04%, 500=0.05%, 750=0.02%, 1000=0.05%
  lat (msec)   : 2000=0.10%, >=2000=0.71%
  cpu          : usr=4.19%, sys=21.02%, ctx=85027, majf=0, minf=715
  IO depths    : 1=0.1%, 2=0.1%, 4=0.1%, 8=0.1%, 16=0.1%, 32=0.1%, >=64=100.0%
     submit    : 0=0.0%, 4=100.0%, 8=0.0%, 16=0.0%, 32=0.0%, 64=0.0%, >=64=0.0%
     complete  : 0=0.0%, 4=100.0%, 8=0.0%, 16=0.0%, 32=0.0%, 64=0.0%, >=64=0.1%
     issued rwts: total=10562090,10563953,0,0 short=0,0,0,0 dropped=0,0,0,0
     latency   : target=0, window=0, percentile=100.00%, depth=256

Run status group 0 (all jobs):
   READ: bw=138MiB/s (144MB/s), 138MiB/s-138MiB/s (144MB/s-144MB/s), io=40.3GiB (43.3GB), run=300033-300033msec
  WRITE: bw=138MiB/s (144MB/s), 138MiB/s-138MiB/s (144MB/s-144MB/s), io=40.3GiB (43.3GB), run=300033-300033msec
