readwrite: (g=0): rw=rw, bs=(R) 4096B-4096B, (W) 4096B-4096B, (T) 4096B-4096B, ioengine=libaio, iodepth=256
...
fio-3.27
Starting 16 processes
readwrite: Laying out IO file (1 file / 1024MiB)
readwrite: Laying out IO file (1 file / 1024MiB)
readwrite: Laying out IO file (1 file / 1024MiB)
readwrite: Laying out IO file (1 file / 1024MiB)
readwrite: Laying out IO file (1 file / 1024MiB)
readwrite: Laying out IO file (1 file / 1024MiB)
readwrite: Laying out IO file (1 file / 1024MiB)
readwrite: Laying out IO file (1 file / 1024MiB)

readwrite: (groupid=0, jobs=16): err= 0: pid=37859: Wed Jul 21 18:48:41 2021
  read: IOPS=29.6k, BW=116MiB/s (121MB/s)(33.9GiB/300014msec)
    slat (usec): min=7, max=1333.2k, avg=441.12, stdev=7767.45
    clat (usec): min=13, max=37928k, avg=69290.50, stdev=792498.11
     lat (usec): min=105, max=38144k, avg=69732.36, stdev=798302.02
    clat percentiles (msec):
     |  1.00th=[   12],  5.00th=[   13], 10.00th=[   13], 20.00th=[   14],
     | 30.00th=[   14], 40.00th=[   14], 50.00th=[   14], 60.00th=[   14],
     | 70.00th=[   15], 80.00th=[   15], 90.00th=[   15], 95.00th=[   17],
     | 99.00th=[   56], 99.50th=[ 3708], 99.90th=[13087], 99.95th=[17113],
     | 99.99th=[17113]
   bw (  KiB/s): min=  136, max=514216, per=100.00%, avg=121813.60, stdev=10796.70, samples=9139
   iops        : min=   34, max=128554, avg=30453.40, stdev=2699.18, samples=9139
  write: IOPS=29.6k, BW=116MiB/s (121MB/s)(33.8GiB/300014msec); 0 zone resets
    slat (usec): min=68, max=292983, avg=78.87, stdev=124.19
    clat (usec): min=11, max=38144k, avg=68318.04, stdev=787193.82
     lat (usec): min=85, max=38144k, avg=68398.01, stdev=787195.77
    clat percentiles (msec):
     |  1.00th=[   12],  5.00th=[   13], 10.00th=[   13], 20.00th=[   14],
     | 30.00th=[   14], 40.00th=[   14], 50.00th=[   14], 60.00th=[   14],
     | 70.00th=[   15], 80.00th=[   15], 90.00th=[   15], 95.00th=[   16],
     | 99.00th=[   51], 99.50th=[ 3574], 99.90th=[13087], 99.95th=[17113],
     | 99.99th=[17113]
   bw (  KiB/s): min=  128, max=509648, per=100.00%, avg=121839.11, stdev=10774.76, samples=9157
   iops        : min=   32, max=127412, avg=30459.78, stdev=2693.69, samples=9157
  lat (usec)   : 20=0.01%, 50=0.01%, 100=0.01%, 250=0.01%, 500=0.01%
  lat (usec)   : 750=0.01%, 1000=0.01%
  lat (msec)   : 2=0.01%, 4=0.01%, 10=0.01%, 20=97.95%, 50=1.03%
  lat (msec)   : 100=0.07%, 250=0.03%, 500=0.05%, 750=0.03%, 1000=0.06%
  lat (msec)   : 2000=0.12%, >=2000=0.66%
  cpu          : usr=3.48%, sys=17.55%, ctx=68542, majf=0, minf=724
  IO depths    : 1=0.1%, 2=0.1%, 4=0.1%, 8=0.1%, 16=0.1%, 32=0.1%, >=64=100.0%
     submit    : 0=0.0%, 4=100.0%, 8=0.0%, 16=0.0%, 32=0.0%, 64=0.0%, >=64=0.0%
     complete  : 0=0.0%, 4=100.0%, 8=0.0%, 16=0.0%, 32=0.0%, 64=0.0%, >=64=0.1%
     issued rwts: total=8875454,8873335,0,0 short=0,0,0,0 dropped=0,0,0,0
     latency   : target=0, window=0, percentile=100.00%, depth=256

Run status group 0 (all jobs):
   READ: bw=116MiB/s (121MB/s), 116MiB/s-116MiB/s (121MB/s-121MB/s), io=33.9GiB (36.4GB), run=300014-300014msec
  WRITE: bw=116MiB/s (121MB/s), 116MiB/s-116MiB/s (121MB/s-121MB/s), io=33.8GiB (36.3GB), run=300014-300014msec
