test: (g=0): rw=randread, bs=(R) 4096B-4096B, (W) 4096B-4096B, (T) 4096B-4096B, ioengine=libaio, iodepth=256
...
fio-3.27
Starting 4 processes
rand-read: Laying out IO file (1 file / 1024MiB)
rand-read: Laying out IO file (1 file / 1024MiB)

test: (groupid=0, jobs=4): err= 0: pid=205904: Mon Jul 19 22:00:57 2021
  read: IOPS=479, BW=1916KiB/s (1962kB/s)(561MiB/300008msec)
    slat (usec): min=449, max=103901, avg=8327.19, stdev=5998.65
    clat (usec): min=18, max=2559.6k, avg=2121820.15, stdev=143625.91
     lat (msec): min=7, max=2568, avg=2130.15, stdev=143.75
    clat percentiles (msec):
     |  1.00th=[ 1871],  5.00th=[ 1955], 10.00th=[ 2005], 20.00th=[ 2039],
     | 30.00th=[ 2072], 40.00th=[ 2106], 50.00th=[ 2123], 60.00th=[ 2165],
     | 70.00th=[ 2165], 80.00th=[ 2232], 90.00th=[ 2265], 95.00th=[ 2299],
     | 99.00th=[ 2400], 99.50th=[ 2433], 99.90th=[ 2500], 99.95th=[ 2500],
     | 99.99th=[ 2534]
   bw (  KiB/s): min= 1144, max= 2506, per=99.93%, avg=1915.22, stdev=46.50, samples=2381
   iops        : min=  286, max=  626, avg=478.74, stdev=11.61, samples=2381
  lat (usec)   : 20=0.01%, 50=0.01%
  lat (msec)   : 10=0.01%, 20=0.01%, 50=0.01%, 100=0.02%, 250=0.05%
  lat (msec)   : 500=0.08%, 750=0.06%, 1000=0.08%, 2000=10.19%, >=2000=89.50%
  cpu          : usr=0.29%, sys=1.91%, ctx=143774, majf=0, minf=1181
  IO depths    : 1=0.1%, 2=0.1%, 4=0.1%, 8=0.1%, 16=0.1%, 32=0.1%, >=64=99.8%
     submit    : 0=0.0%, 4=100.0%, 8=0.0%, 16=0.0%, 32=0.0%, 64=0.0%, >=64=0.0%
     complete  : 0=0.0%, 4=100.0%, 8=0.0%, 16=0.0%, 32=0.0%, 64=0.0%, >=64=0.1%
     issued rwts: total=143730,0,0,0 short=0,0,0,0 dropped=0,0,0,0
     latency   : target=0, window=0, percentile=100.00%, depth=256

Run status group 0 (all jobs):
   READ: bw=1916KiB/s (1962kB/s), 1916KiB/s-1916KiB/s (1962kB/s-1962kB/s), io=561MiB (589MB), run=300008-300008msec
