test: (g=0): rw=read, bs=(R) 4096B-4096B, (W) 4096B-4096B, (T) 4096B-4096B, ioengine=libaio, iodepth=256
...
fio-3.27
Starting 4 processes
seq-read: Laying out IO file (1 file / 1024MiB)
seq-read: Laying out IO file (1 file / 1024MiB)

test: (groupid=0, jobs=4): err= 0: pid=256882: Tue Jul 20 15:33:22 2021
  read: IOPS=33.0k, BW=129MiB/s (135MB/s)(37.7GiB/300001msec)
    slat (usec): min=10, max=296764, avg=109.95, stdev=1445.30
    clat (usec): min=10, max=9507.2k, avg=30926.20, stdev=232770.07
     lat (usec): min=22, max=9514.2k, avg=31036.99, stdev=233567.70
    clat percentiles (msec):
     |  1.00th=[    5],  5.00th=[    5], 10.00th=[    5], 20.00th=[    5],
     | 30.00th=[    5], 40.00th=[    5], 50.00th=[    5], 60.00th=[    6],
     | 70.00th=[    6], 80.00th=[    6], 90.00th=[   17], 95.00th=[   27],
     | 99.00th=[  634], 99.50th=[ 1452], 99.90th=[ 3339], 99.95th=[ 5000],
     | 99.99th=[ 6745]
   bw (  KiB/s): min=   96, max=657376, per=100.00%, avg=135369.51, stdev=36209.79, samples=2377
   iops        : min=   24, max=164344, avg=33842.28, stdev=9052.45, samples=2377
  lat (usec)   : 20=0.01%, 50=0.01%, 100=0.01%, 250=0.01%, 500=0.01%
  lat (usec)   : 750=0.01%, 1000=0.01%
  lat (msec)   : 2=0.01%, 4=0.01%, 10=86.35%, 20=5.52%, 50=5.71%
  lat (msec)   : 100=0.09%, 250=0.04%, 500=0.95%, 750=0.47%, 1000=0.18%
  lat (msec)   : 2000=0.36%, >=2000=0.34%
  cpu          : usr=7.07%, sys=20.45%, ctx=221218, majf=0, minf=1182
  IO depths    : 1=0.1%, 2=0.1%, 4=0.1%, 8=0.1%, 16=0.1%, 32=0.1%, >=64=100.0%
     submit    : 0=0.0%, 4=100.0%, 8=0.0%, 16=0.0%, 32=0.0%, 64=0.0%, >=64=0.0%
     complete  : 0=0.0%, 4=100.0%, 8=0.0%, 16=0.0%, 32=0.0%, 64=0.0%, >=64=0.1%
     issued rwts: total=9890559,0,0,0 short=0,0,0,0 dropped=0,0,0,0
     latency   : target=0, window=0, percentile=100.00%, depth=256

Run status group 0 (all jobs):
   READ: bw=129MiB/s (135MB/s), 129MiB/s-129MiB/s (135MB/s-135MB/s), io=37.7GiB (40.5GB), run=300001-300001msec
