test: (g=0): rw=read, bs=(R) 4096B-4096B, (W) 4096B-4096B, (T) 4096B-4096B, ioengine=libaio, iodepth=256
...
fio-3.27
Starting 8 processes
seq-read: Laying out IO file (1 file / 1024MiB)
seq-read: Laying out IO file (1 file / 1024MiB)
seq-read: Laying out IO file (1 file / 1024MiB)
seq-read: Laying out IO file (1 file / 1024MiB)

test: (groupid=0, jobs=8): err= 0: pid=21595: Tue Jul 20 15:40:03 2021
  read: IOPS=25.0k, BW=97.6MiB/s (102MB/s)(28.6GiB/300030msec)
    slat (usec): min=10, max=379177, avg=308.17, stdev=3563.87
    clat (usec): min=12, max=35754k, avg=81589.40, stdev=783382.22
     lat (usec): min=553, max=35873k, avg=81898.50, stdev=786321.05
    clat percentiles (msec):
     |  1.00th=[    5],  5.00th=[    5], 10.00th=[    5], 20.00th=[    5],
     | 30.00th=[    5], 40.00th=[    6], 50.00th=[    6], 60.00th=[    6],
     | 70.00th=[   17], 80.00th=[   17], 90.00th=[   27], 95.00th=[  550],
     | 99.00th=[ 1334], 99.50th=[ 1620], 99.90th=[ 7886], 99.95th=[17113],
     | 99.99th=[17113]
   bw (  KiB/s): min=  168, max=1112480, per=100.00%, avg=102155.56, stdev=25239.30, samples=4762
   iops        : min=   42, max=278120, avg=25538.91, stdev=6309.83, samples=4762
  lat (usec)   : 20=0.01%, 50=0.01%, 750=0.01%
  lat (msec)   : 2=0.01%, 4=0.01%, 10=65.83%, 20=23.40%, 50=4.59%
  lat (msec)   : 100=0.21%, 250=0.10%, 500=0.11%, 750=3.48%, 1000=0.46%
  lat (msec)   : 2000=1.61%, >=2000=0.22%
  cpu          : usr=2.95%, sys=11.88%, ctx=433971, majf=0, minf=2364
  IO depths    : 1=0.1%, 2=0.1%, 4=0.1%, 8=0.1%, 16=0.1%, 32=0.1%, >=64=100.0%
     submit    : 0=0.0%, 4=100.0%, 8=0.0%, 16=0.0%, 32=0.0%, 64=0.0%, >=64=0.0%
     complete  : 0=0.0%, 4=100.0%, 8=0.0%, 16=0.0%, 32=0.0%, 64=0.0%, >=64=0.1%
     issued rwts: total=7493537,0,0,0 short=0,0,0,0 dropped=0,0,0,0
     latency   : target=0, window=0, percentile=100.00%, depth=256

Run status group 0 (all jobs):
   READ: bw=97.6MiB/s (102MB/s), 97.6MiB/s-97.6MiB/s (102MB/s-102MB/s), io=28.6GiB (30.7GB), run=300030-300030msec
