readwrite: (g=0): rw=rw, bs=(R) 4096B-4096B, (W) 4096B-4096B, (T) 4096B-4096B, ioengine=libaio, iodepth=256
...
fio-3.27
Starting 8 processes
readwrite: Laying out IO file (1 file / 1024MiB)
readwrite: Laying out IO file (1 file / 1024MiB)
readwrite: Laying out IO file (1 file / 1024MiB)
readwrite: Laying out IO file (1 file / 1024MiB)

readwrite: (groupid=0, jobs=8): err= 0: pid=74459: Wed Jul 21 18:40:18 2021
  read: IOPS=30.1k, BW=118MiB/s (123MB/s)(34.4GiB/300002msec)
    slat (usec): min=7, max=648285, avg=165.84, stdev=3160.18
    clat (usec): min=10, max=18149k, avg=34044.11, stdev=252211.00
     lat (usec): min=19, max=18171k, avg=34210.69, stdev=253974.14
    clat percentiles (msec):
     |  1.00th=[   12],  5.00th=[   13], 10.00th=[   13], 20.00th=[   14],
     | 30.00th=[   14], 40.00th=[   14], 50.00th=[   14], 60.00th=[   14],
     | 70.00th=[   15], 80.00th=[   15], 90.00th=[   15], 95.00th=[   18],
     | 99.00th=[  760], 99.50th=[ 1418], 99.90th=[ 3507], 99.95th=[ 4597],
     | 99.99th=[ 9329]
   bw (  KiB/s): min=   64, max=325736, per=100.00%, avg=121547.00, stdev=15783.81, samples=4749
   iops        : min=   16, max=81434, avg=30386.63, stdev=3945.95, samples=4749
  write: IOPS=30.1k, BW=118MiB/s (123MB/s)(34.4GiB/300002msec); 0 zone resets
    slat (usec): min=68, max=254394, avg=78.62, stdev=117.01
    clat (usec): min=12, max=17996k, avg=33722.89, stdev=247339.68
     lat (usec): min=89, max=17996k, avg=33802.62, stdev=247341.45
    clat percentiles (msec):
     |  1.00th=[   12],  5.00th=[   13], 10.00th=[   13], 20.00th=[   14],
     | 30.00th=[   14], 40.00th=[   14], 50.00th=[   14], 60.00th=[   14],
     | 70.00th=[   15], 80.00th=[   15], 90.00th=[   15], 95.00th=[   17],
     | 99.00th=[  751], 99.50th=[ 1418], 99.90th=[ 3440], 99.95th=[ 4530],
     | 99.99th=[ 9060]
   bw (  KiB/s): min=   72, max=322952, per=100.00%, avg=121528.00, stdev=15781.00, samples=4750
   iops        : min=   18, max=80738, avg=30381.90, stdev=3945.25, samples=4750
  lat (usec)   : 20=0.01%, 50=0.01%, 100=0.01%, 250=0.01%, 500=0.01%
  lat (usec)   : 750=0.01%, 1000=0.01%
  lat (msec)   : 2=0.01%, 4=0.01%, 10=0.01%, 20=97.25%, 50=1.49%
  lat (msec)   : 100=0.06%, 250=0.05%, 500=0.06%, 750=0.09%, 1000=0.19%
  lat (msec)   : 2000=0.55%, >=2000=0.26%
  cpu          : usr=7.21%, sys=36.12%, ctx=97806, majf=0, minf=364
  IO depths    : 1=0.1%, 2=0.1%, 4=0.1%, 8=0.1%, 16=0.1%, 32=0.1%, >=64=100.0%
     submit    : 0=0.0%, 4=100.0%, 8=0.0%, 16=0.0%, 32=0.0%, 64=0.0%, >=64=0.0%
     complete  : 0=0.0%, 4=100.0%, 8=0.0%, 16=0.0%, 32=0.0%, 64=0.0%, >=64=0.1%
     issued rwts: total=9030626,9029854,0,0 short=0,0,0,0 dropped=0,0,0,0
     latency   : target=0, window=0, percentile=100.00%, depth=256

Run status group 0 (all jobs):
   READ: bw=118MiB/s (123MB/s), 118MiB/s-118MiB/s (123MB/s-123MB/s), io=34.4GiB (37.0GB), run=300002-300002msec
  WRITE: bw=118MiB/s (123MB/s), 118MiB/s-118MiB/s (123MB/s-123MB/s), io=34.4GiB (37.0GB), run=300002-300002msec
