test: (g=0): rw=randread, bs=(R) 4096B-4096B, (W) 4096B-4096B, (T) 4096B-4096B, ioengine=libaio, iodepth=256
...
fio-3.27
Starting 4 processes
rand-read: Laying out IO file (1 file / 1024MiB)
rand-read: Laying out IO file (1 file / 1024MiB)

test: (groupid=0, jobs=4): err= 0: pid=181268: Mon Jul 19 22:00:57 2021
  read: IOPS=481, BW=1926KiB/s (1972kB/s)(564MiB/300017msec)
    slat (usec): min=472, max=103008, avg=8283.33, stdev=5988.98
    clat (usec): min=26, max=2528.3k, avg=2111879.14, stdev=148472.69
     lat (msec): min=12, max=2546, avg=2120.17, stdev=148.64
    clat percentiles (msec):
     |  1.00th=[ 1854],  5.00th=[ 1938], 10.00th=[ 1989], 20.00th=[ 2022],
     | 30.00th=[ 2056], 40.00th=[ 2089], 50.00th=[ 2123], 60.00th=[ 2140],
     | 70.00th=[ 2165], 80.00th=[ 2198], 90.00th=[ 2265], 95.00th=[ 2299],
     | 99.00th=[ 2400], 99.50th=[ 2433], 99.90th=[ 2467], 99.95th=[ 2467],
     | 99.99th=[ 2500]
   bw (  KiB/s): min=  984, max= 2480, per=99.97%, avg=1925.16, stdev=47.00, samples=2381
   iops        : min=  246, max=  620, avg=481.28, stdev=11.75, samples=2381
  lat (usec)   : 50=0.01%
  lat (msec)   : 20=0.01%, 50=0.01%, 100=0.02%, 250=0.05%, 500=0.08%
  lat (msec)   : 750=0.08%, 1000=0.08%, 2000=13.60%, >=2000=86.07%
  cpu          : usr=0.34%, sys=2.21%, ctx=144474, majf=0, minf=1178
  IO depths    : 1=0.1%, 2=0.1%, 4=0.1%, 8=0.1%, 16=0.1%, 32=0.1%, >=64=99.8%
     submit    : 0=0.0%, 4=100.0%, 8=0.0%, 16=0.0%, 32=0.0%, 64=0.0%, >=64=0.0%
     complete  : 0=0.0%, 4=100.0%, 8=0.0%, 16=0.0%, 32=0.0%, 64=0.0%, >=64=0.1%
     issued rwts: total=144429,0,0,0 short=0,0,0,0 dropped=0,0,0,0
     latency   : target=0, window=0, percentile=100.00%, depth=256

Run status group 0 (all jobs):
   READ: bw=1926KiB/s (1972kB/s), 1926KiB/s-1926KiB/s (1972kB/s-1972kB/s), io=564MiB (592MB), run=300017-300017msec
