test: (g=0): rw=randread, bs=(R) 4096B-4096B, (W) 4096B-4096B, (T) 4096B-4096B, ioengine=libaio, iodepth=256
...
fio-3.27
Starting 8 processes
rand-read: Laying out IO file (1 file / 1024MiB)
rand-read: Laying out IO file (1 file / 1024MiB)
rand-read: Laying out IO file (1 file / 1024MiB)
rand-read: Laying out IO file (1 file / 1024MiB)

test: (groupid=0, jobs=8): err= 0: pid=204552: Mon Jul 19 22:07:38 2021
  read: IOPS=651, BW=2605KiB/s (2667kB/s)(763MiB/300014msec)
    slat (usec): min=490, max=229654, avg=12261.51, stdev=9929.74
    clat (usec): min=18, max=4071.4k, avg=3118506.59, stdev=258199.55
     lat (msec): min=5, max=4085, avg=3130.77, stdev=258.49
    clat percentiles (msec):
     |  1.00th=[ 2668],  5.00th=[ 2836], 10.00th=[ 2903], 20.00th=[ 2970],
     | 30.00th=[ 3037], 40.00th=[ 3071], 50.00th=[ 3104], 60.00th=[ 3171],
     | 70.00th=[ 3205], 80.00th=[ 3272], 90.00th=[ 3373], 95.00th=[ 3473],
     | 99.00th=[ 3641], 99.50th=[ 3742], 99.90th=[ 3876], 99.95th=[ 3943],
     | 99.99th=[ 4010]
   bw (  KiB/s): min=  936, max= 3576, per=99.82%, avg=2600.91, stdev=42.06, samples=4750
   iops        : min=  234, max=  894, avg=650.23, stdev=10.51, samples=4750
  lat (usec)   : 20=0.01%, 50=0.01%
  lat (msec)   : 10=0.01%, 20=0.01%, 50=0.01%, 100=0.01%, 250=0.05%
  lat (msec)   : 500=0.08%, 750=0.09%, 1000=0.07%, 2000=0.31%, >=2000=99.37%
  cpu          : usr=0.22%, sys=1.40%, ctx=195422, majf=0, minf=2361
  IO depths    : 1=0.1%, 2=0.1%, 4=0.1%, 8=0.1%, 16=0.1%, 32=0.1%, >=64=99.7%
     submit    : 0=0.0%, 4=100.0%, 8=0.0%, 16=0.0%, 32=0.0%, 64=0.0%, >=64=0.0%
     complete  : 0=0.0%, 4=100.0%, 8=0.0%, 16=0.0%, 32=0.0%, 64=0.0%, >=64=0.1%
     issued rwts: total=195357,0,0,0 short=0,0,0,0 dropped=0,0,0,0
     latency   : target=0, window=0, percentile=100.00%, depth=256

Run status group 0 (all jobs):
   READ: bw=2605KiB/s (2667kB/s), 2605KiB/s-2605KiB/s (2667kB/s-2667kB/s), io=763MiB (800MB), run=300014-300014msec
