readwrite: (g=0): rw=rw, bs=(R) 4096B-4096B, (W) 4096B-4096B, (T) 4096B-4096B, ioengine=libaio, iodepth=256
...
fio-3.27
Starting 8 processes
readwrite: Laying out IO file (1 file / 1024MiB)
readwrite: Laying out IO file (1 file / 1024MiB)
readwrite: Laying out IO file (1 file / 1024MiB)
readwrite: Laying out IO file (1 file / 1024MiB)

readwrite: (groupid=0, jobs=8): err= 0: pid=51613: Wed Jul 21 18:40:19 2021
  read: IOPS=29.8k, BW=117MiB/s (122MB/s)(34.2GiB/300016msec)
    slat (usec): min=7, max=657411, avg=167.08, stdev=3337.07
    clat (usec): min=10, max=14142k, avg=34187.09, stdev=269071.01
     lat (usec): min=22, max=14192k, avg=34354.91, stdev=270996.69
    clat percentiles (msec):
     |  1.00th=[   12],  5.00th=[   13], 10.00th=[   13], 20.00th=[   14],
     | 30.00th=[   14], 40.00th=[   14], 50.00th=[   14], 60.00th=[   14],
     | 70.00th=[   15], 80.00th=[   15], 90.00th=[   16], 95.00th=[   17],
     | 99.00th=[  184], 99.50th=[ 1485], 99.90th=[ 3943], 99.95th=[ 5537],
     | 99.99th=[ 9597]
   bw (  KiB/s): min=   64, max=324544, per=100.00%, avg=120524.33, stdev=14424.73, samples=4751
   iops        : min=   16, max=81136, avg=30131.01, stdev=3606.18, samples=4751
  write: IOPS=29.8k, BW=117MiB/s (122MB/s)(34.2GiB/300016msec); 0 zone resets
    slat (usec): min=68, max=263088, avg=79.58, stdev=119.86
    clat (usec): min=11, max=14134k, avg=34140.11, stdev=268962.78
     lat (usec): min=85, max=14134k, avg=34220.81, stdev=268964.31
    clat percentiles (msec):
     |  1.00th=[   12],  5.00th=[   13], 10.00th=[   13], 20.00th=[   14],
     | 30.00th=[   14], 40.00th=[   14], 50.00th=[   14], 60.00th=[   14],
     | 70.00th=[   15], 80.00th=[   15], 90.00th=[   16], 95.00th=[   17],
     | 99.00th=[  171], 99.50th=[ 1469], 99.90th=[ 3943], 99.95th=[ 5537],
     | 99.99th=[ 9597]
   bw (  KiB/s): min=   72, max=322600, per=100.00%, avg=120721.54, stdev=14410.42, samples=4749
   iops        : min=   18, max=80648, avg=30180.32, stdev=3602.60, samples=4749
  lat (usec)   : 20=0.01%, 50=0.01%, 100=0.01%, 250=0.01%, 500=0.01%
  lat (usec)   : 750=0.01%, 1000=0.01%
  lat (msec)   : 2=0.01%, 4=0.01%, 10=0.01%, 20=97.31%, 50=1.58%
  lat (msec)   : 100=0.07%, 250=0.07%, 500=0.04%, 750=0.06%, 1000=0.14%
  lat (msec)   : 2000=0.40%, >=2000=0.32%
  cpu          : usr=7.14%, sys=36.14%, ctx=80613, majf=0, minf=362
  IO depths    : 1=0.1%, 2=0.1%, 4=0.1%, 8=0.1%, 16=0.1%, 32=0.1%, >=64=100.0%
     submit    : 0=0.0%, 4=100.0%, 8=0.0%, 16=0.0%, 32=0.0%, 64=0.0%, >=64=0.0%
     complete  : 0=0.0%, 4=100.0%, 8=0.0%, 16=0.0%, 32=0.0%, 64=0.0%, >=64=0.1%
     issued rwts: total=8954170,8954010,0,0 short=0,0,0,0 dropped=0,0,0,0
     latency   : target=0, window=0, percentile=100.00%, depth=256

Run status group 0 (all jobs):
   READ: bw=117MiB/s (122MB/s), 117MiB/s-117MiB/s (122MB/s-122MB/s), io=34.2GiB (36.7GB), run=300016-300016msec
  WRITE: bw=117MiB/s (122MB/s), 117MiB/s-117MiB/s (122MB/s-122MB/s), io=34.2GiB (36.7GB), run=300016-300016msec
