test: (g=0): rw=randread, bs=(R) 4096B-4096B, (W) 4096B-4096B, (T) 4096B-4096B, ioengine=libaio, iodepth=256
...
fio-3.27
Starting 8 processes
rand-read: Laying out IO file (1 file / 1024MiB)
rand-read: Laying out IO file (1 file / 1024MiB)
rand-read: Laying out IO file (1 file / 1024MiB)
rand-read: Laying out IO file (1 file / 1024MiB)

test: (groupid=0, jobs=8): err= 0: pid=154617: Mon Jul 19 19:39:40 2021
  read: IOPS=764, BW=3056KiB/s (3129kB/s)(895MiB/300019msec)
    slat (usec): min=426, max=197253, avg=10446.02, stdev=8457.59
    clat (usec): min=17, max=3548.6k, avg=2658781.32, stdev=287650.72
     lat (msec): min=6, max=3567, avg=2669.23, stdev=288.33
    clat percentiles (msec):
     |  1.00th=[ 2005],  5.00th=[ 2198], 10.00th=[ 2333], 20.00th=[ 2467],
     | 30.00th=[ 2534], 40.00th=[ 2601], 50.00th=[ 2668], 60.00th=[ 2735],
     | 70.00th=[ 2802], 80.00th=[ 2869], 90.00th=[ 3004], 95.00th=[ 3071],
     | 99.00th=[ 3272], 99.50th=[ 3339], 99.90th=[ 3440], 99.95th=[ 3473],
     | 99.99th=[ 3540]
   bw (  KiB/s): min= 1352, max= 4536, per=99.97%, avg=3055.14, stdev=54.86, samples=4755
   iops        : min=  338, max= 1134, avg=763.79, stdev=13.72, samples=4755
  lat (usec)   : 20=0.01%, 50=0.01%
  lat (msec)   : 10=0.01%, 20=0.01%, 50=0.01%, 100=0.01%, 250=0.04%
  lat (msec)   : 500=0.07%, 750=0.07%, 1000=0.07%, 2000=0.67%, >=2000=99.04%
  cpu          : usr=0.26%, sys=1.69%, ctx=229302, majf=0, minf=2363
  IO depths    : 1=0.1%, 2=0.1%, 4=0.1%, 8=0.1%, 16=0.1%, 32=0.1%, >=64=99.8%
     submit    : 0=0.0%, 4=100.0%, 8=0.0%, 16=0.0%, 32=0.0%, 64=0.0%, >=64=0.0%
     complete  : 0=0.0%, 4=100.0%, 8=0.0%, 16=0.0%, 32=0.0%, 64=0.0%, >=64=0.1%
     issued rwts: total=229218,0,0,0 short=0,0,0,0 dropped=0,0,0,0
     latency   : target=0, window=0, percentile=100.00%, depth=256

Run status group 0 (all jobs):
   READ: bw=3056KiB/s (3129kB/s), 3056KiB/s-3056KiB/s (3129kB/s-3129kB/s), io=895MiB (939MB), run=300019-300019msec
