test: (g=0): rw=randread, bs=(R) 4096B-4096B, (W) 4096B-4096B, (T) 4096B-4096B, ioengine=libaio, iodepth=256
...
fio-3.27
Starting 8 processes
rand-read: Laying out IO file (1 file / 1024MiB)
rand-read: Laying out IO file (1 file / 1024MiB)
rand-read: Laying out IO file (1 file / 1024MiB)
rand-read: Laying out IO file (1 file / 1024MiB)

test: (groupid=0, jobs=8): err= 0: pid=108132: Tue Jul 20 10:23:52 2021
  read: IOPS=783, BW=3133KiB/s (3208kB/s)(918MiB/300024msec)
    slat (usec): min=476, max=119028, avg=10187.33, stdev=7783.33
    clat (usec): min=14, max=3245.9k, avg=2593277.91, stdev=197128.80
     lat (msec): min=6, max=3271, avg=2603.47, stdev=197.35
    clat percentiles (msec):
     |  1.00th=[ 2232],  5.00th=[ 2366], 10.00th=[ 2433], 20.00th=[ 2500],
     | 30.00th=[ 2534], 40.00th=[ 2567], 50.00th=[ 2601], 60.00th=[ 2635],
     | 70.00th=[ 2668], 80.00th=[ 2702], 90.00th=[ 2769], 95.00th=[ 2836],
     | 99.00th=[ 2937], 99.50th=[ 2970], 99.90th=[ 3104], 99.95th=[ 3138],
     | 99.99th=[ 3205]
   bw (  KiB/s): min= 1640, max= 4193, per=99.93%, avg=3131.84, stdev=43.46, samples=4754
   iops        : min=  410, max= 1048, avg=782.96, stdev=10.87, samples=4754
  lat (usec)   : 20=0.01%, 50=0.01%
  lat (msec)   : 10=0.01%, 20=0.01%, 50=0.01%, 100=0.02%, 250=0.05%
  lat (msec)   : 500=0.09%, 750=0.09%, 1000=0.09%, 2000=0.32%, >=2000=99.32%
  cpu          : usr=0.28%, sys=1.75%, ctx=235075, majf=0, minf=2361
  IO depths    : 1=0.1%, 2=0.1%, 4=0.1%, 8=0.1%, 16=0.1%, 32=0.1%, >=64=99.8%
     submit    : 0=0.0%, 4=100.0%, 8=0.0%, 16=0.0%, 32=0.0%, 64=0.0%, >=64=0.0%
     complete  : 0=0.0%, 4=100.0%, 8=0.0%, 16=0.0%, 32=0.0%, 64=0.0%, >=64=0.1%
     issued rwts: total=235015,0,0,0 short=0,0,0,0 dropped=0,0,0,0
     latency   : target=0, window=0, percentile=100.00%, depth=256

Run status group 0 (all jobs):
   READ: bw=3133KiB/s (3208kB/s), 3133KiB/s-3133KiB/s (3208kB/s-3208kB/s), io=918MiB (963MB), run=300024-300024msec
