test: (g=0): rw=read, bs=(R) 4096B-4096B, (W) 4096B-4096B, (T) 4096B-4096B, ioengine=libaio, iodepth=256
...
fio-3.27
Starting 32 processes
seq-read: Laying out IO file (1 file / 1024MiB)
seq-read: Laying out IO file (1 file / 1024MiB)
seq-read: Laying out IO file (1 file / 1024MiB)
seq-read: Laying out IO file (1 file / 1024MiB)
seq-read: Laying out IO file (1 file / 1024MiB)
seq-read: Laying out IO file (1 file / 1024MiB)
seq-read: Laying out IO file (1 file / 1024MiB)
seq-read: Laying out IO file (1 file / 1024MiB)
seq-read: Laying out IO file (1 file / 1024MiB)
seq-read: Laying out IO file (1 file / 1024MiB)
seq-read: Laying out IO file (1 file / 1024MiB)
seq-read: Laying out IO file (1 file / 1024MiB)
seq-read: Laying out IO file (1 file / 1024MiB)
seq-read: Laying out IO file (1 file / 1024MiB)
seq-read: Laying out IO file (1 file / 1024MiB)
seq-read: Laying out IO file (1 file / 1024MiB)

test: (groupid=0, jobs=32): err= 0: pid=219554: Tue Jul 20 13:55:30 2021
  read: IOPS=15.1k, BW=58.9MiB/s (61.8MB/s)(17.3GiB/300243msec)
    slat (usec): min=10, max=3990.6k, avg=2108.20, stdev=27078.84
    clat (usec): min=13, max=85692k, avg=489200.71, stdev=3857078.75
     lat (msec): min=4, max=86117, avg=491.31, stdev=3872.81
    clat percentiles (msec):
     |  1.00th=[    5],  5.00th=[    5], 10.00th=[    5], 20.00th=[    5],
     | 30.00th=[    5], 40.00th=[    6], 50.00th=[    6], 60.00th=[    6],
     | 70.00th=[    6], 80.00th=[   17], 90.00th=[   27], 95.00th=[ 1385],
     | 99.00th=[10805], 99.50th=[17113], 99.90th=[17113], 99.95th=[17113],
     | 99.99th=[17113]
   bw (  KiB/s): min=  256, max=3627379, per=100.00%, avg=81984.25, stdev=17709.24, samples=14206
   iops        : min=   64, max=906843, avg=20495.66, stdev=4427.30, samples=14206
  lat (usec)   : 20=0.01%, 50=0.01%
  lat (msec)   : 10=74.76%, 20=13.43%, 50=5.02%, 100=0.11%, 250=0.04%
  lat (msec)   : 500=0.02%, 750=0.03%, 1000=0.10%, 2000=3.39%, >=2000=3.09%
  cpu          : usr=0.46%, sys=1.67%, ctx=290500, majf=0, minf=9472
  IO depths    : 1=0.1%, 2=0.1%, 4=0.1%, 8=0.1%, 16=0.1%, 32=0.1%, >=64=100.0%
     submit    : 0=0.0%, 4=100.0%, 8=0.0%, 16=0.0%, 32=0.0%, 64=0.0%, >=64=0.0%
     complete  : 0=0.0%, 4=100.0%, 8=0.0%, 16=0.0%, 32=0.0%, 64=0.0%, >=64=0.1%
     issued rwts: total=4529091,0,0,0 short=0,0,0,0 dropped=0,0,0,0
     latency   : target=0, window=0, percentile=100.00%, depth=256

Run status group 0 (all jobs):
   READ: bw=58.9MiB/s (61.8MB/s), 58.9MiB/s-58.9MiB/s (61.8MB/s-61.8MB/s), io=17.3GiB (18.6GB), run=300243-300243msec
