test: (g=0): rw=read, bs=(R) 4096B-4096B, (W) 4096B-4096B, (T) 4096B-4096B, ioengine=libaio, iodepth=256
...
fio-3.27
Starting 2 processes
seq-read: Laying out IO file (1 file / 1024MiB)

test: (groupid=0, jobs=2): err= 0: pid=32711: Tue Jul 20 15:27:31 2021
  read: IOPS=33.5k, BW=131MiB/s (137MB/s)(38.3GiB/300001msec)
    slat (usec): min=10, max=308637, avg=48.66, stdev=994.02
    clat (usec): min=12, max=6508.9k, avg=15235.45, stdev=148585.76
     lat (usec): min=65, max=6515.3k, avg=15284.88, stdev=149043.75
    clat percentiles (msec):
     |  1.00th=[    5],  5.00th=[    5], 10.00th=[    5], 20.00th=[    5],
     | 30.00th=[    5], 40.00th=[    5], 50.00th=[    5], 60.00th=[    5],
     | 70.00th=[    6], 80.00th=[    6], 90.00th=[   16], 95.00th=[   26],
     | 99.00th=[   27], 99.50th=[  262], 99.90th=[ 2366], 99.95th=[ 3742],
     | 99.99th=[ 5470]
   bw (  KiB/s): min=   48, max=333840, per=100.00%, avg=138753.12, stdev=41274.72, samples=1176
   iops        : min=   12, max=83460, avg=34688.22, stdev=10318.68, samples=1176
  lat (usec)   : 20=0.01%, 100=0.01%, 250=0.01%, 500=0.01%, 750=0.01%
  lat (usec)   : 1000=0.01%
  lat (msec)   : 2=0.01%, 4=0.01%, 10=88.70%, 20=4.80%, 50=5.86%
  lat (msec)   : 100=0.03%, 250=0.10%, 500=0.03%, 750=0.06%, 1000=0.14%
  lat (msec)   : 2000=0.17%, >=2000=0.11%
  cpu          : usr=13.91%, sys=36.80%, ctx=52426, majf=0, minf=590
  IO depths    : 1=0.1%, 2=0.1%, 4=0.1%, 8=0.1%, 16=0.1%, 32=0.1%, >=64=100.0%
     submit    : 0=0.0%, 4=100.0%, 8=0.0%, 16=0.0%, 32=0.0%, 64=0.0%, >=64=0.0%
     complete  : 0=0.0%, 4=100.0%, 8=0.0%, 16=0.0%, 32=0.0%, 64=0.0%, >=64=0.1%
     issued rwts: total=10041528,0,0,0 short=0,0,0,0 dropped=0,0,0,0
     latency   : target=0, window=0, percentile=100.00%, depth=256

Run status group 0 (all jobs):
   READ: bw=131MiB/s (137MB/s), 131MiB/s-131MiB/s (137MB/s-137MB/s), io=38.3GiB (41.1GB), run=300001-300001msec
