test: (g=0): rw=randread, bs=(R) 4096B-4096B, (W) 4096B-4096B, (T) 4096B-4096B, ioengine=libaio, iodepth=256
...
fio-3.27
Starting 8 processes
rand-read: Laying out IO file (1 file / 1024MiB)
rand-read: Laying out IO file (1 file / 1024MiB)
rand-read: Laying out IO file (1 file / 1024MiB)
rand-read: Laying out IO file (1 file / 1024MiB)

test: (groupid=0, jobs=8): err= 0: pid=220095: Mon Jul 19 22:07:38 2021
  read: IOPS=649, BW=2598KiB/s (2660kB/s)(761MiB/300011msec)
    slat (usec): min=482, max=172167, avg=12291.53, stdev=9891.73
    clat (usec): min=15, max=3852.7k, avg=3124130.73, stdev=266509.38
     lat (msec): min=5, max=3858, avg=3136.43, stdev=266.88
    clat percentiles (msec):
     |  1.00th=[ 2635],  5.00th=[ 2869], 10.00th=[ 2903], 20.00th=[ 2970],
     | 30.00th=[ 3037], 40.00th=[ 3071], 50.00th=[ 3138], 60.00th=[ 3171],
     | 70.00th=[ 3239], 80.00th=[ 3272], 90.00th=[ 3373], 95.00th=[ 3473],
     | 99.00th=[ 3608], 99.50th=[ 3641], 99.90th=[ 3742], 99.95th=[ 3775],
     | 99.99th=[ 3809]
   bw (  KiB/s): min= 1144, max= 3648, per=99.93%, avg=2596.59, stdev=41.19, samples=4744
   iops        : min=  286, max=  912, avg=649.15, stdev=10.30, samples=4744
  lat (usec)   : 20=0.01%, 50=0.01%
  lat (msec)   : 10=0.01%, 20=0.01%, 50=0.02%, 100=0.03%, 250=0.07%
  lat (msec)   : 500=0.09%, 750=0.08%, 1000=0.08%, 2000=0.34%, >=2000=99.28%
  cpu          : usr=0.25%, sys=1.49%, ctx=194905, majf=0, minf=2364
  IO depths    : 1=0.1%, 2=0.1%, 4=0.1%, 8=0.1%, 16=0.1%, 32=0.1%, >=64=99.7%
     submit    : 0=0.0%, 4=100.0%, 8=0.0%, 16=0.0%, 32=0.0%, 64=0.0%, >=64=0.0%
     complete  : 0=0.0%, 4=100.0%, 8=0.0%, 16=0.0%, 32=0.0%, 64=0.0%, >=64=0.1%
     issued rwts: total=194847,0,0,0 short=0,0,0,0 dropped=0,0,0,0
     latency   : target=0, window=0, percentile=100.00%, depth=256

Run status group 0 (all jobs):
   READ: bw=2598KiB/s (2660kB/s), 2598KiB/s-2598KiB/s (2660kB/s-2660kB/s), io=761MiB (798MB), run=300011-300011msec
