test: (g=0): rw=read, bs=(R) 4096B-4096B, (W) 4096B-4096B, (T) 4096B-4096B, ioengine=libaio, iodepth=256
...
fio-3.27
Starting 16 processes
seq-read: Laying out IO file (1 file / 1024MiB)
seq-read: Laying out IO file (1 file / 1024MiB)
seq-read: Laying out IO file (1 file / 1024MiB)
seq-read: Laying out IO file (1 file / 1024MiB)
seq-read: Laying out IO file (1 file / 1024MiB)
seq-read: Laying out IO file (1 file / 1024MiB)
seq-read: Laying out IO file (1 file / 1024MiB)
seq-read: Laying out IO file (1 file / 1024MiB)

test: (groupid=0, jobs=16): err= 0: pid=221913: Tue Jul 20 13:44:14 2021
  read: IOPS=13.7k, BW=53.3MiB/s (55.9MB/s)(15.7GiB/300801msec)
    slat (usec): min=10, max=4055.5k, avg=1158.74, stdev=14499.00
    clat (usec): min=14, max=38297k, avg=297826.22, stdev=2015081.58
     lat (msec): min=4, max=38476, avg=298.99, stdev=2022.62
    clat percentiles (msec):
     |  1.00th=[    5],  5.00th=[    5], 10.00th=[    5], 20.00th=[    5],
     | 30.00th=[    5], 40.00th=[    5], 50.00th=[    6], 60.00th=[    6],
     | 70.00th=[    6], 80.00th=[   17], 90.00th=[   17], 95.00th=[   42],
     | 99.00th=[10805], 99.50th=[17113], 99.90th=[17113], 99.95th=[17113],
     | 99.99th=[17113]
   bw (  KiB/s): min=  128, max=2182940, per=100.00%, avg=55743.78, stdev=19674.74, samples=9417
   iops        : min=   32, max=545735, avg=13935.93, stdev=4918.68, samples=9417
  lat (usec)   : 20=0.01%, 50=0.01%
  lat (msec)   : 10=71.10%, 20=19.63%, 50=4.61%, 100=0.38%, 250=0.15%
  lat (msec)   : 500=0.12%, 750=0.19%, 1000=0.29%, 2000=0.82%, >=2000=2.70%
  cpu          : usr=0.78%, sys=2.83%, ctx=159656, majf=0, minf=4737
  IO depths    : 1=0.1%, 2=0.1%, 4=0.1%, 8=0.1%, 16=0.1%, 32=0.1%, >=64=100.0%
     submit    : 0=0.0%, 4=100.0%, 8=0.0%, 16=0.0%, 32=0.0%, 64=0.0%, >=64=0.0%
     complete  : 0=0.0%, 4=100.0%, 8=0.0%, 16=0.0%, 32=0.0%, 64=0.0%, >=64=0.1%
     issued rwts: total=4106835,0,0,0 short=0,0,0,0 dropped=0,0,0,0
     latency   : target=0, window=0, percentile=100.00%, depth=256

Run status group 0 (all jobs):
   READ: bw=53.3MiB/s (55.9MB/s), 53.3MiB/s-53.3MiB/s (55.9MB/s-55.9MB/s), io=15.7GiB (16.8GB), run=300801-300801msec
