readwrite: (g=0): rw=rw, bs=(R) 4096B-4096B, (W) 4096B-4096B, (T) 4096B-4096B, ioengine=libaio, iodepth=256
...
fio-3.27
Starting 2 processes
readwrite: Laying out IO file (1 file / 1024MiB)

readwrite: (groupid=0, jobs=2): err= 0: pid=95896: Wed Jul 21 18:27:47 2021
  read: IOPS=16.2k, BW=63.4MiB/s (66.5MB/s)(18.6GiB/300001msec)
    slat (usec): min=7, max=148097, avg=27.38, stdev=383.10
    clat (usec): min=10, max=1112.5k, avg=15725.32, stdev=24682.66
     lat (usec): min=23, max=1112.6k, avg=15753.45, stdev=24759.06
    clat percentiles (msec):
     |  1.00th=[   12],  5.00th=[   13], 10.00th=[   13], 20.00th=[   13],
     | 30.00th=[   13], 40.00th=[   14], 50.00th=[   14], 60.00th=[   14],
     | 70.00th=[   14], 80.00th=[   14], 90.00th=[   15], 95.00th=[   17],
     | 99.00th=[  116], 99.50th=[  153], 99.90th=[  259], 99.95th=[  558],
     | 99.99th=[  902]
   bw (  KiB/s): min=  896, max=85304, per=100.00%, avg=65685.50, stdev=10548.46, samples=1185
   iops        : min=  224, max=21326, avg=16421.37, stdev=2637.12, samples=1185
  write: IOPS=16.2k, BW=63.4MiB/s (66.4MB/s)(18.6GiB/300001msec); 0 zone resets
    slat (usec): min=68, max=5198, avg=74.32, stdev=13.12
    clat (usec): min=11, max=1112.5k, avg=15711.27, stdev=24449.44
     lat (usec): min=82, max=1112.6k, avg=15786.68, stdev=24450.37
    clat percentiles (msec):
     |  1.00th=[   12],  5.00th=[   13], 10.00th=[   13], 20.00th=[   13],
     | 30.00th=[   13], 40.00th=[   14], 50.00th=[   14], 60.00th=[   14],
     | 70.00th=[   14], 80.00th=[   14], 90.00th=[   15], 95.00th=[   17],
     | 99.00th=[  116], 99.50th=[  153], 99.90th=[  257], 99.95th=[  514],
     | 99.99th=[  902]
   bw (  KiB/s): min=  920, max=82000, per=100.00%, avg=65640.85, stdev=10530.29, samples=1185
   iops        : min=  230, max=20500, avg=16410.21, stdev=2632.58, samples=1185
  lat (usec)   : 20=0.01%, 50=0.01%, 100=0.01%, 250=0.01%, 500=0.01%
  lat (usec)   : 750=0.01%, 1000=0.01%
  lat (msec)   : 2=0.01%, 4=0.01%, 10=0.01%, 20=96.69%, 50=2.09%
  lat (msec)   : 100=0.09%, 250=1.01%, 500=0.06%, 750=0.01%, 1000=0.04%
  lat (msec)   : 2000=0.01%
  cpu          : usr=15.61%, sys=75.68%, ctx=52240, majf=0, minf=88
  IO depths    : 1=0.1%, 2=0.1%, 4=0.1%, 8=0.1%, 16=0.1%, 32=0.1%, >=64=100.0%
     submit    : 0=0.0%, 4=100.0%, 8=0.0%, 16=0.0%, 32=0.0%, 64=0.0%, >=64=0.0%
     complete  : 0=0.0%, 4=100.0%, 8=0.0%, 16=0.0%, 32=0.0%, 64=0.0%, >=64=0.1%
     issued rwts: total=4869337,4866044,0,0 short=0,0,0,0 dropped=0,0,0,0
     latency   : target=0, window=0, percentile=100.00%, depth=256

Run status group 0 (all jobs):
   READ: bw=63.4MiB/s (66.5MB/s), 63.4MiB/s-63.4MiB/s (66.5MB/s-66.5MB/s), io=18.6GiB (19.9GB), run=300001-300001msec
  WRITE: bw=63.4MiB/s (66.4MB/s), 63.4MiB/s-63.4MiB/s (66.4MB/s-66.4MB/s), io=18.6GiB (19.9GB), run=300001-300001msec
