readwrite: (g=0): rw=rw, bs=(R) 4096B-4096B, (W) 4096B-4096B, (T) 4096B-4096B, ioengine=libaio, iodepth=256
...
fio-3.27
Starting 64 processes

readwrite: (groupid=0, jobs=64): err= 0: pid=260416: Wed Jul 21 16:28:42 2021
  read: IOPS=77.2k, BW=301MiB/s (316MB/s)(88.4GiB/300239msec)
    slat (usec): min=7, max=7338.5k, avg=662.08, stdev=9048.80
    clat (usec): min=10, max=29983k, avg=104829.86, stdev=627287.95
     lat (usec): min=19, max=30924k, avg=105492.81, stdev=631436.88
    clat percentiles (msec):
     |  1.00th=[   13],  5.00th=[   14], 10.00th=[   14], 20.00th=[   14],
     | 30.00th=[   15], 40.00th=[   15], 50.00th=[   16], 60.00th=[   16],
     | 70.00th=[   17], 80.00th=[   20], 90.00th=[   21], 95.00th=[   45],
     | 99.00th=[ 2702], 99.50th=[ 4463], 99.90th=[ 8926], 99.95th=[10537],
     | 99.99th=[14563]
   bw (  KiB/s): min=  512, max=2272827, per=100.00%, avg=324438.88, stdev=9565.22, samples=36590
   iops        : min=  128, max=568198, avg=81107.50, stdev=2391.27, samples=36590
  write: IOPS=77.2k, BW=302MiB/s (316MB/s)(88.4GiB/300239msec); 0 zone resets
    slat (usec): min=68, max=6814.6k, avg=144.39, stdev=5078.27
    clat (usec): min=11, max=29609k, avg=103754.02, stdev=618886.61
     lat (usec): min=82, max=29609k, avg=103899.58, stdev=619240.51
    clat percentiles (msec):
     |  1.00th=[   13],  5.00th=[   14], 10.00th=[   14], 20.00th=[   14],
     | 30.00th=[   15], 40.00th=[   15], 50.00th=[   15], 60.00th=[   16],
     | 70.00th=[   17], 80.00th=[   20], 90.00th=[   21], 95.00th=[   42],
     | 99.00th=[ 2668], 99.50th=[ 4396], 99.90th=[ 8926], 99.95th=[10402],
     | 99.99th=[14160]
   bw (  KiB/s): min=  512, max=2267706, per=100.00%, avg=325025.61, stdev=9572.44, samples=36509
   iops        : min=  128, max=566918, avg=81254.14, stdev=2393.07, samples=36509
  lat (usec)   : 20=0.01%, 50=0.01%, 100=0.01%, 250=0.01%, 500=0.01%
  lat (usec)   : 750=0.01%, 1000=0.01%
  lat (msec)   : 2=0.01%, 4=0.01%, 10=0.01%, 20=87.18%, 50=7.88%
  lat (msec)   : 100=0.23%, 250=0.50%, 500=0.60%, 750=0.53%, 1000=0.51%
  lat (msec)   : 2000=1.20%, >=2000=1.37%
  cpu          : usr=2.49%, sys=13.69%, ctx=701418, majf=0, minf=2859
  IO depths    : 1=0.1%, 2=0.1%, 4=0.1%, 8=0.1%, 16=0.1%, 32=0.1%, >=64=100.0%
     submit    : 0=0.0%, 4=100.0%, 8=0.0%, 16=0.0%, 32=0.0%, 64=0.0%, >=64=0.0%
     complete  : 0=0.0%, 4=100.0%, 8=0.0%, 16=0.0%, 32=0.0%, 64=0.0%, >=64=0.1%
     issued rwts: total=23172530,23173956,0,0 short=0,0,0,0 dropped=0,0,0,0
     latency   : target=0, window=0, percentile=100.00%, depth=256

Run status group 0 (all jobs):
   READ: bw=301MiB/s (316MB/s), 301MiB/s-301MiB/s (316MB/s-316MB/s), io=88.4GiB (94.9GB), run=300239-300239msec
  WRITE: bw=302MiB/s (316MB/s), 302MiB/s-302MiB/s (316MB/s-316MB/s), io=88.4GiB (94.9GB), run=300239-300239msec
