test: (g=0): rw=randread, bs=(R) 4096B-4096B, (W) 4096B-4096B, (T) 4096B-4096B, ioengine=libaio, iodepth=256
...
fio-3.27
Starting 64 processes
rand-read: Laying out IO file (1 file / 1024MiB)
rand-read: Laying out IO file (1 file / 1024MiB)
rand-read: Laying out IO file (1 file / 1024MiB)
rand-read: Laying out IO file (1 file / 1024MiB)
rand-read: Laying out IO file (1 file / 1024MiB)
rand-read: Laying out IO file (1 file / 1024MiB)
rand-read: Laying out IO file (1 file / 1024MiB)
rand-read: Laying out IO file (1 file / 1024MiB)
rand-read: Laying out IO file (1 file / 1024MiB)
rand-read: Laying out IO file (1 file / 1024MiB)
rand-read: Laying out IO file (1 file / 1024MiB)
rand-read: Laying out IO file (1 file / 1024MiB)
rand-read: Laying out IO file (1 file / 1024MiB)
rand-read: Laying out IO file (1 file / 1024MiB)
rand-read: Laying out IO file (1 file / 1024MiB)
rand-read: Laying out IO file (1 file / 1024MiB)
rand-read: Laying out IO file (1 file / 1024MiB)
rand-read: Laying out IO file (1 file / 1024MiB)
rand-read: Laying out IO file (1 file / 1024MiB)
rand-read: Laying out IO file (1 file / 1024MiB)
rand-read: Laying out IO file (1 file / 1024MiB)
rand-read: Laying out IO file (1 file / 1024MiB)
rand-read: Laying out IO file (1 file / 1024MiB)
rand-read: Laying out IO file (1 file / 1024MiB)
rand-read: Laying out IO file (1 file / 1024MiB)
rand-read: Laying out IO file (1 file / 1024MiB)
rand-read: Laying out IO file (1 file / 1024MiB)
rand-read: Laying out IO file (1 file / 1024MiB)
rand-read: Laying out IO file (1 file / 1024MiB)
rand-read: Laying out IO file (1 file / 1024MiB)
rand-read: Laying out IO file (1 file / 1024MiB)
rand-read: Laying out IO file (1 file / 1024MiB)

test: (groupid=0, jobs=64): err= 0: pid=164672: Mon Jul 19 20:01:24 2021
  read: IOPS=1405, BW=5623KiB/s (5758kB/s)(1648MiB/300039msec)
    slat (usec): min=653, max=1611.3k, avg=45497.27, stdev=35601.50
    clat (usec): min=15, max=20169k, avg=11383141.46, stdev=2779705.25
     lat (msec): min=3, max=20210, avg=11428.64, stdev=2788.03
    clat percentiles (msec):
     |  1.00th=[ 1737],  5.00th=[ 9194], 10.00th=[ 9463], 20.00th=[ 9731],
     | 30.00th=[ 9866], 40.00th=[10000], 50.00th=[10268], 60.00th=[10805],
     | 70.00th=[13087], 80.00th=[14429], 90.00th=[15234], 95.00th=[15905],
     | 99.00th=[17113], 99.50th=[17113], 99.90th=[17113], 99.95th=[17113],
     | 99.99th=[17113]
   bw (  KiB/s): min= 2176, max=10152, per=100.00%, avg=5629.80, stdev=15.09, samples=36664
   iops        : min=  544, max= 2538, avg=1407.46, stdev= 3.77, samples=36664
  lat (usec)   : 20=0.01%, 50=0.01%
  lat (msec)   : 4=0.01%, 10=0.01%, 20=0.01%, 50=0.03%, 100=0.04%
  lat (msec)   : 250=0.12%, 500=0.18%, 750=0.13%, 1000=0.12%, 2000=0.45%
  lat (msec)   : >=2000=98.90%
  cpu          : usr=0.07%, sys=0.41%, ctx=422291, majf=0, minf=18893
  IO depths    : 1=0.1%, 2=0.1%, 4=0.1%, 8=0.1%, 16=0.2%, 32=0.5%, >=64=99.0%
     submit    : 0=0.0%, 4=100.0%, 8=0.0%, 16=0.0%, 32=0.0%, 64=0.0%, >=64=0.0%
     complete  : 0=0.0%, 4=100.0%, 8=0.0%, 16=0.0%, 32=0.0%, 64=0.0%, >=64=0.1%
     issued rwts: total=421762,0,0,0 short=0,0,0,0 dropped=0,0,0,0
     latency   : target=0, window=0, percentile=100.00%, depth=256

Run status group 0 (all jobs):
   READ: bw=5623KiB/s (5758kB/s), 5623KiB/s-5623KiB/s (5758kB/s-5758kB/s), io=1648MiB (1728MB), run=300039-300039msec
