test: (g=0): rw=randread, bs=(R) 4096B-4096B, (W) 4096B-4096B, (T) 4096B-4096B, ioengine=libaio, iodepth=256
...
fio-3.27
Starting 16 processes
rand-read: Laying out IO file (1 file / 1024MiB)
rand-read: Laying out IO file (1 file / 1024MiB)
rand-read: Laying out IO file (1 file / 1024MiB)
rand-read: Laying out IO file (1 file / 1024MiB)
rand-read: Laying out IO file (1 file / 1024MiB)
rand-read: Laying out IO file (1 file / 1024MiB)
rand-read: Laying out IO file (1 file / 1024MiB)
rand-read: Laying out IO file (1 file / 1024MiB)

test: (groupid=0, jobs=16): err= 0: pid=125102: Mon Jul 19 19:08:01 2021
  read: IOPS=1317, BW=5269KiB/s (5395kB/s)(1544MiB/300028msec)
    slat (usec): min=471, max=212728, avg=12122.36, stdev=9854.28
    clat (usec): min=14, max=4279.2k, avg=3082494.38, stdev=452577.81
     lat (msec): min=6, max=4287, avg=3094.62, stdev=453.94
    clat percentiles (msec):
     |  1.00th=[ 2123],  5.00th=[ 2333], 10.00th=[ 2467], 20.00th=[ 2702],
     | 30.00th=[ 2903], 40.00th=[ 3004], 50.00th=[ 3104], 60.00th=[ 3239],
     | 70.00th=[ 3339], 80.00th=[ 3473], 90.00th=[ 3641], 95.00th=[ 3742],
     | 99.00th=[ 3943], 99.50th=[ 4010], 99.90th=[ 4111], 99.95th=[ 4144],
     | 99.99th=[ 4212]
   bw (  KiB/s): min= 2056, max= 8576, per=99.91%, avg=5264.28, stdev=59.73, samples=9500
   iops        : min=  514, max= 2144, avg=1316.07, stdev=14.93, samples=9500
  lat (usec)   : 20=0.01%, 50=0.01%
  lat (msec)   : 10=0.01%, 20=0.01%, 50=0.01%, 100=0.01%, 250=0.05%
  lat (msec)   : 500=0.08%, 750=0.08%, 1000=0.08%, 2000=0.32%, >=2000=99.36%
  cpu          : usr=0.22%, sys=1.37%, ctx=395394, majf=0, minf=4722
  IO depths    : 1=0.1%, 2=0.1%, 4=0.1%, 8=0.1%, 16=0.1%, 32=0.1%, >=64=99.7%
     submit    : 0=0.0%, 4=100.0%, 8=0.0%, 16=0.0%, 32=0.0%, 64=0.0%, >=64=0.0%
     complete  : 0=0.0%, 4=100.0%, 8=0.0%, 16=0.0%, 32=0.0%, 64=0.0%, >=64=0.1%
     issued rwts: total=395212,0,0,0 short=0,0,0,0 dropped=0,0,0,0
     latency   : target=0, window=0, percentile=100.00%, depth=256

Run status group 0 (all jobs):
   READ: bw=5269KiB/s (5395kB/s), 5269KiB/s-5269KiB/s (5395kB/s-5395kB/s), io=1544MiB (1619MB), run=300028-300028msec
