test: (g=0): rw=read, bs=(R) 4096B-4096B, (W) 4096B-4096B, (T) 4096B-4096B, ioengine=libaio, iodepth=256
...
fio-3.27
Starting 8 processes
seq-read: Laying out IO file (1 file / 1024MiB)
seq-read: Laying out IO file (1 file / 1024MiB)
seq-read: Laying out IO file (1 file / 1024MiB)
seq-read: Laying out IO file (1 file / 1024MiB)

test: (groupid=0, jobs=8): err= 0: pid=213514: Tue Jul 20 13:35:51 2021
  read: IOPS=23.9k, BW=93.3MiB/s (97.9MB/s)(27.3GiB/300018msec)
    slat (usec): min=10, max=2225.2k, avg=322.39, stdev=3261.34
    clat (usec): min=12, max=11275k, avg=85144.08, stdev=322000.13
     lat (usec): min=561, max=11291k, avg=85467.47, stdev=323164.54
    clat percentiles (msec):
     |  1.00th=[    5],  5.00th=[    5], 10.00th=[    5], 20.00th=[    5],
     | 30.00th=[    6], 40.00th=[    6], 50.00th=[    6], 60.00th=[    6],
     | 70.00th=[    6], 80.00th=[   17], 90.00th=[  363], 95.00th=[  414],
     | 99.00th=[ 1150], 99.50th=[ 1989], 99.90th=[ 4463], 99.95th=[ 5403],
     | 99.99th=[ 8221]
   bw (  KiB/s): min=   72, max=669768, per=100.00%, avg=98923.00, stdev=27262.31, samples=4730
   iops        : min=   18, max=167442, avg=24730.43, stdev=6815.57, samples=4730
  lat (usec)   : 20=0.01%, 50=0.01%, 750=0.01%, 1000=0.01%
  lat (msec)   : 2=0.01%, 4=0.01%, 10=75.84%, 20=5.54%, 50=5.01%
  lat (msec)   : 100=0.07%, 250=0.02%, 500=11.01%, 750=0.76%, 1000=0.52%
  lat (msec)   : 2000=0.74%, >=2000=0.49%
  cpu          : usr=3.10%, sys=11.87%, ctx=963934, majf=0, minf=2364
  IO depths    : 1=0.1%, 2=0.1%, 4=0.1%, 8=0.1%, 16=0.1%, 32=0.1%, >=64=100.0%
     submit    : 0=0.0%, 4=100.0%, 8=0.0%, 16=0.0%, 32=0.0%, 64=0.0%, >=64=0.0%
     complete  : 0=0.0%, 4=100.0%, 8=0.0%, 16=0.0%, 32=0.0%, 64=0.0%, >=64=0.1%
     issued rwts: total=7168498,0,0,0 short=0,0,0,0 dropped=0,0,0,0
     latency   : target=0, window=0, percentile=100.00%, depth=256

Run status group 0 (all jobs):
   READ: bw=93.3MiB/s (97.9MB/s), 93.3MiB/s-93.3MiB/s (97.9MB/s-97.9MB/s), io=27.3GiB (29.4GB), run=300018-300018msec
