readwrite: (g=0): rw=rw, bs=(R) 4096B-4096B, (W) 4096B-4096B, (T) 4096B-4096B, ioengine=libaio, iodepth=256
...
fio-3.27
Starting 2 processes
readwrite: Laying out IO file (1 file / 1024MiB)

readwrite: (groupid=0, jobs=2): err= 0: pid=248480: Wed Jul 21 17:28:15 2021
  read: IOPS=16.0k, BW=62.7MiB/s (65.7MB/s)(18.4GiB/300001msec)
    slat (usec): min=7, max=68695, avg=27.28, stdev=357.04
    clat (usec): min=11, max=1097.3k, avg=15912.76, stdev=24233.65
     lat (usec): min=25, max=1097.3k, avg=15940.79, stdev=24300.40
    clat percentiles (msec):
     |  1.00th=[   12],  5.00th=[   13], 10.00th=[   13], 20.00th=[   13],
     | 30.00th=[   14], 40.00th=[   14], 50.00th=[   14], 60.00th=[   14],
     | 70.00th=[   14], 80.00th=[   15], 90.00th=[   15], 95.00th=[   19],
     | 99.00th=[  111], 99.50th=[  146], 99.90th=[  224], 99.95th=[  359],
     | 99.99th=[  936]
   bw (  KiB/s): min=   88, max=81864, per=100.00%, avg=64658.16, stdev=10481.07, samples=1189
   iops        : min=   22, max=20466, avg=16164.41, stdev=2620.25, samples=1189
  write: IOPS=16.0k, BW=62.6MiB/s (65.7MB/s)(18.3GiB/300001msec); 0 zone resets
    slat (usec): min=68, max=10323, avg=75.88, stdev=25.27
    clat (usec): min=11, max=1097.3k, avg=15899.70, stdev=23975.58
     lat (usec): min=85, max=1097.3k, avg=15976.67, stdev=23976.21
    clat percentiles (msec):
     |  1.00th=[   12],  5.00th=[   13], 10.00th=[   13], 20.00th=[   13],
     | 30.00th=[   14], 40.00th=[   14], 50.00th=[   14], 60.00th=[   14],
     | 70.00th=[   14], 80.00th=[   15], 90.00th=[   15], 95.00th=[   19],
     | 99.00th=[  111], 99.50th=[  146], 99.90th=[  224], 99.95th=[  317],
     | 99.99th=[  936]
   bw (  KiB/s): min=   56, max=80832, per=100.00%, avg=64623.24, stdev=10457.34, samples=1189
   iops        : min=   14, max=20208, avg=16155.68, stdev=2614.32, samples=1189
  lat (usec)   : 20=0.01%, 50=0.01%, 100=0.01%, 250=0.01%, 500=0.01%
  lat (usec)   : 750=0.01%, 1000=0.01%
  lat (msec)   : 2=0.01%, 4=0.01%, 10=0.01%, 20=96.57%, 50=2.14%
  lat (msec)   : 100=0.15%, 250=1.06%, 500=0.03%, 1000=0.05%, 2000=0.01%
  cpu          : usr=15.11%, sys=76.54%, ctx=55457, majf=0, minf=89
  IO depths    : 1=0.1%, 2=0.1%, 4=0.1%, 8=0.1%, 16=0.1%, 32=0.1%, >=64=100.0%
     submit    : 0=0.0%, 4=100.0%, 8=0.0%, 16=0.0%, 32=0.0%, 64=0.0%, >=64=0.0%
     complete  : 0=0.0%, 4=100.0%, 8=0.0%, 16=0.0%, 32=0.0%, 64=0.0%, >=64=0.1%
     issued rwts: total=4811582,4808836,0,0 short=0,0,0,0 dropped=0,0,0,0
     latency   : target=0, window=0, percentile=100.00%, depth=256

Run status group 0 (all jobs):
   READ: bw=62.7MiB/s (65.7MB/s), 62.7MiB/s-62.7MiB/s (65.7MB/s-65.7MB/s), io=18.4GiB (19.7GB), run=300001-300001msec
  WRITE: bw=62.6MiB/s (65.7MB/s), 62.6MiB/s-62.6MiB/s (65.7MB/s-65.7MB/s), io=18.3GiB (19.7GB), run=300001-300001msec
