test: (g=0): rw=randread, bs=(R) 4096B-4096B, (W) 4096B-4096B, (T) 4096B-4096B, ioengine=libaio, iodepth=256
...
fio-3.27
Starting 8 processes
rand-read: Laying out IO file (1 file / 1024MiB)
rand-read: Laying out IO file (1 file / 1024MiB)
rand-read: Laying out IO file (1 file / 1024MiB)
rand-read: Laying out IO file (1 file / 1024MiB)

test: (groupid=0, jobs=8): err= 0: pid=128860: Mon Jul 19 19:17:41 2021
  read: IOPS=499, BW=1998KiB/s (2046kB/s)(585MiB/300023msec)
    slat (usec): min=489, max=160944, avg=15990.22, stdev=13547.76
    clat (usec): min=16, max=5966.2k, avg=4056459.76, stdev=863795.25
     lat (msec): min=4, max=5982, avg=4072.45, stdev=866.70
    clat percentiles (msec):
     |  1.00th=[ 2366],  5.00th=[ 2702], 10.00th=[ 2869], 20.00th=[ 3272],
     | 30.00th=[ 3608], 40.00th=[ 3842], 50.00th=[ 4044], 60.00th=[ 4245],
     | 70.00th=[ 4597], 80.00th=[ 4933], 90.00th=[ 5201], 95.00th=[ 5336],
     | 99.00th=[ 5604], 99.50th=[ 5671], 99.90th=[ 5738], 99.95th=[ 5805],
     | 99.99th=[ 5940]
   bw (  KiB/s): min=  608, max= 3984, per=99.84%, avg=1995.09, stdev=64.14, samples=4733
   iops        : min=  152, max=  996, avg=498.77, stdev=16.03, samples=4733
  lat (usec)   : 20=0.01%, 50=0.01%
  lat (msec)   : 10=0.01%, 20=0.01%, 50=0.01%, 100=0.02%, 250=0.06%
  lat (msec)   : 500=0.10%, 750=0.09%, 1000=0.10%, 2000=0.37%, >=2000=99.22%
  cpu          : usr=0.17%, sys=1.05%, ctx=149948, majf=0, minf=2361
  IO depths    : 1=0.1%, 2=0.1%, 4=0.1%, 8=0.1%, 16=0.1%, 32=0.2%, >=64=99.7%
     submit    : 0=0.0%, 4=100.0%, 8=0.0%, 16=0.0%, 32=0.0%, 64=0.0%, >=64=0.0%
     complete  : 0=0.0%, 4=100.0%, 8=0.0%, 16=0.0%, 32=0.0%, 64=0.0%, >=64=0.1%
     issued rwts: total=149875,0,0,0 short=0,0,0,0 dropped=0,0,0,0
     latency   : target=0, window=0, percentile=100.00%, depth=256

Run status group 0 (all jobs):
   READ: bw=1998KiB/s (2046kB/s), 1998KiB/s-1998KiB/s (2046kB/s-2046kB/s), io=585MiB (614MB), run=300023-300023msec
