test: (g=0): rw=randread, bs=(R) 4096B-4096B, (W) 4096B-4096B, (T) 4096B-4096B, ioengine=libaio, iodepth=256
...
fio-3.27
Starting 32 processes
rand-read: Laying out IO file (1 file / 1024MiB)
rand-read: Laying out IO file (1 file / 1024MiB)
rand-read: Laying out IO file (1 file / 1024MiB)
rand-read: Laying out IO file (1 file / 1024MiB)
rand-read: Laying out IO file (1 file / 1024MiB)
rand-read: Laying out IO file (1 file / 1024MiB)
rand-read: Laying out IO file (1 file / 1024MiB)
rand-read: Laying out IO file (1 file / 1024MiB)
rand-read: Laying out IO file (1 file / 1024MiB)
rand-read: Laying out IO file (1 file / 1024MiB)
rand-read: Laying out IO file (1 file / 1024MiB)
rand-read: Laying out IO file (1 file / 1024MiB)
rand-read: Laying out IO file (1 file / 1024MiB)
rand-read: Laying out IO file (1 file / 1024MiB)
rand-read: Laying out IO file (1 file / 1024MiB)
rand-read: Laying out IO file (1 file / 1024MiB)

test: (groupid=0, jobs=32): err= 0: pid=165657: Mon Jul 19 19:50:50 2021
  read: IOPS=1044, BW=4180KiB/s (4280kB/s)(1225MiB/300069msec)
    slat (usec): min=690, max=328198, avg=30591.54, stdev=16945.65
    clat (usec): min=14, max=10456k, avg=7725387.11, stdev=1085280.15
     lat (msec): min=7, max=10477, avg=7755.98, stdev=1087.44
    clat percentiles (msec):
     |  1.00th=[ 3037],  5.00th=[ 6342], 10.00th=[ 6544], 20.00th=[ 6879],
     | 30.00th=[ 7349], 40.00th=[ 7684], 50.00th=[ 7886], 60.00th=[ 8087],
     | 70.00th=[ 8221], 80.00th=[ 8490], 90.00th=[ 8792], 95.00th=[ 9194],
     | 99.00th=[ 9731], 99.50th=[ 9866], 99.90th=[10134], 99.95th=[10134],
     | 99.99th=[10268]
   bw (  KiB/s): min= 1904, max= 6376, per=99.71%, avg=4168.45, stdev=19.24, samples=18729
   iops        : min=  476, max= 1594, avg=1042.11, stdev= 4.81, samples=18729
  lat (usec)   : 20=0.01%, 50=0.01%
  lat (msec)   : 10=0.01%, 20=0.01%, 50=0.01%, 100=0.02%, 250=0.06%
  lat (msec)   : 500=0.09%, 750=0.08%, 1000=0.08%, 2000=0.31%, >=2000=99.34%
  cpu          : usr=0.10%, sys=0.60%, ctx=313811, majf=0, minf=9438
  IO depths    : 1=0.1%, 2=0.1%, 4=0.1%, 8=0.1%, 16=0.2%, 32=0.3%, >=64=99.4%
     submit    : 0=0.0%, 4=100.0%, 8=0.0%, 16=0.0%, 32=0.0%, 64=0.0%, >=64=0.0%
     complete  : 0=0.0%, 4=100.0%, 8=0.0%, 16=0.0%, 32=0.0%, 64=0.0%, >=64=0.1%
     issued rwts: total=313568,0,0,0 short=0,0,0,0 dropped=0,0,0,0
     latency   : target=0, window=0, percentile=100.00%, depth=256

Run status group 0 (all jobs):
   READ: bw=4180KiB/s (4280kB/s), 4180KiB/s-4180KiB/s (4280kB/s-4280kB/s), io=1225MiB (1284MB), run=300069-300069msec
