readwrite: (g=0): rw=rw, bs=(R) 4096B-4096B, (W) 4096B-4096B, (T) 4096B-4096B, ioengine=libaio, iodepth=256
...
fio-3.27
Starting 8 processes
readwrite: Laying out IO file (1 file / 1024MiB)
readwrite: Laying out IO file (1 file / 1024MiB)
readwrite: Laying out IO file (1 file / 1024MiB)
readwrite: Laying out IO file (1 file / 1024MiB)

readwrite: (groupid=0, jobs=8): err= 0: pid=31420: Wed Jul 21 18:40:18 2021
  read: IOPS=31.8k, BW=124MiB/s (130MB/s)(36.4GiB/300007msec)
    slat (usec): min=7, max=655638, avg=152.59, stdev=3164.71
    clat (usec): min=9, max=15564k, avg=32009.42, stdev=252913.02
     lat (usec): min=21, max=15596k, avg=32162.76, stdev=254714.85
    clat percentiles (msec):
     |  1.00th=[   12],  5.00th=[   13], 10.00th=[   13], 20.00th=[   13],
     | 30.00th=[   14], 40.00th=[   14], 50.00th=[   14], 60.00th=[   14],
     | 70.00th=[   14], 80.00th=[   15], 90.00th=[   15], 95.00th=[   18],
     | 99.00th=[   57], 99.50th=[ 1368], 99.90th=[ 3742], 99.95th=[ 5134],
     | 99.99th=[ 9329]
   bw (  KiB/s): min=   88, max=313336, per=100.00%, avg=128762.33, stdev=11945.55, samples=4746
   iops        : min=   22, max=78334, avg=32190.30, stdev=2986.37, samples=4746
  write: IOPS=31.8k, BW=124MiB/s (130MB/s)(36.4GiB/300007msec); 0 zone resets
    slat (usec): min=68, max=361999, avg=77.14, stdev=125.29
    clat (usec): min=12, max=15596k, avg=32040.56, stdev=254859.68
     lat (usec): min=83, max=15596k, avg=32118.82, stdev=254861.48
    clat percentiles (msec):
     |  1.00th=[   12],  5.00th=[   13], 10.00th=[   13], 20.00th=[   13],
     | 30.00th=[   14], 40.00th=[   14], 50.00th=[   14], 60.00th=[   14],
     | 70.00th=[   14], 80.00th=[   15], 90.00th=[   15], 95.00th=[   17],
     | 99.00th=[   55], 99.50th=[ 1368], 99.90th=[ 3742], 99.95th=[ 5134],
     | 99.99th=[ 9597]
   bw (  KiB/s): min=  120, max=312129, per=100.00%, avg=128740.92, stdev=11943.30, samples=4749
   iops        : min=   30, max=78032, avg=32184.96, stdev=2985.81, samples=4749
  lat (usec)   : 10=0.01%, 20=0.01%, 50=0.01%, 100=0.01%, 250=0.01%
  lat (usec)   : 500=0.01%, 750=0.01%, 1000=0.01%
  lat (msec)   : 2=0.01%, 4=0.01%, 10=0.01%, 20=97.46%, 50=1.52%
  lat (msec)   : 100=0.07%, 250=0.05%, 500=0.04%, 750=0.06%, 1000=0.12%
  lat (msec)   : 2000=0.39%, >=2000=0.29%
  cpu          : usr=7.61%, sys=37.85%, ctx=79202, majf=0, minf=363
  IO depths    : 1=0.1%, 2=0.1%, 4=0.1%, 8=0.1%, 16=0.1%, 32=0.1%, >=64=100.0%
     submit    : 0=0.0%, 4=100.0%, 8=0.0%, 16=0.0%, 32=0.0%, 64=0.0%, >=64=0.0%
     complete  : 0=0.0%, 4=100.0%, 8=0.0%, 16=0.0%, 32=0.0%, 64=0.0%, >=64=0.1%
     issued rwts: total=9553983,9553584,0,0 short=0,0,0,0 dropped=0,0,0,0
     latency   : target=0, window=0, percentile=100.00%, depth=256

Run status group 0 (all jobs):
   READ: bw=124MiB/s (130MB/s), 124MiB/s-124MiB/s (130MB/s-130MB/s), io=36.4GiB (39.1GB), run=300007-300007msec
  WRITE: bw=124MiB/s (130MB/s), 124MiB/s-124MiB/s (130MB/s-130MB/s), io=36.4GiB (39.1GB), run=300007-300007msec
