test: (g=0): rw=randread, bs=(R) 4096B-4096B, (W) 4096B-4096B, (T) 4096B-4096B, ioengine=libaio, iodepth=256
...
fio-3.27
Starting 64 processes
rand-read: Laying out IO file (1 file / 1024MiB)
rand-read: Laying out IO file (1 file / 1024MiB)
rand-read: Laying out IO file (1 file / 1024MiB)
rand-read: Laying out IO file (1 file / 1024MiB)
rand-read: Laying out IO file (1 file / 1024MiB)
rand-read: Laying out IO file (1 file / 1024MiB)
rand-read: Laying out IO file (1 file / 1024MiB)
rand-read: Laying out IO file (1 file / 1024MiB)
rand-read: Laying out IO file (1 file / 1024MiB)
rand-read: Laying out IO file (1 file / 1024MiB)
rand-read: Laying out IO file (1 file / 1024MiB)
rand-read: Laying out IO file (1 file / 1024MiB)
rand-read: Laying out IO file (1 file / 1024MiB)
rand-read: Laying out IO file (1 file / 1024MiB)
rand-read: Laying out IO file (1 file / 1024MiB)
rand-read: Laying out IO file (1 file / 1024MiB)
rand-read: Laying out IO file (1 file / 1024MiB)
rand-read: Laying out IO file (1 file / 1024MiB)
rand-read: Laying out IO file (1 file / 1024MiB)
rand-read: Laying out IO file (1 file / 1024MiB)
rand-read: Laying out IO file (1 file / 1024MiB)
rand-read: Laying out IO file (1 file / 1024MiB)
rand-read: Laying out IO file (1 file / 1024MiB)
rand-read: Laying out IO file (1 file / 1024MiB)
rand-read: Laying out IO file (1 file / 1024MiB)
rand-read: Laying out IO file (1 file / 1024MiB)
rand-read: Laying out IO file (1 file / 1024MiB)
rand-read: Laying out IO file (1 file / 1024MiB)
rand-read: Laying out IO file (1 file / 1024MiB)
rand-read: Laying out IO file (1 file / 1024MiB)
rand-read: Laying out IO file (1 file / 1024MiB)
rand-read: Laying out IO file (1 file / 1024MiB)

test: (groupid=0, jobs=64): err= 0: pid=157555: Mon Jul 19 20:01:23 2021
  read: IOPS=1130, BW=4520KiB/s (4629kB/s)(1325MiB/300099msec)
    slat (msec): min=2, max=2619, avg=56.59, stdev=45.58
    clat (usec): min=15, max=29453k, avg=14136188.94, stdev=3105642.91
     lat (msec): min=17, max=29561, avg=14192.79, stdev=3113.38
    clat percentiles (msec):
     |  1.00th=[ 2836],  5.00th=[12013], 10.00th=[12416], 20.00th=[12818],
     | 30.00th=[13221], 40.00th=[13355], 50.00th=[13624], 60.00th=[13758],
     | 70.00th=[14026], 80.00th=[14429], 90.00th=[17113], 95.00th=[17113],
     | 99.00th=[17113], 99.50th=[17113], 99.90th=[17113], 99.95th=[17113],
     | 99.99th=[17113]
   bw (  KiB/s): min= 1848, max= 5992, per=100.00%, avg=4540.55, stdev=10.59, samples=36179
   iops        : min=  462, max= 1498, avg=1135.14, stdev= 2.65, samples=36179
  lat (usec)   : 20=0.01%, 50=0.01%, 100=0.01%
  lat (msec)   : 20=0.01%, 50=0.01%, 100=0.02%, 250=0.07%, 500=0.11%
  lat (msec)   : 750=0.09%, 1000=0.08%, 2000=0.33%, >=2000=99.27%
  cpu          : usr=0.06%, sys=0.34%, ctx=339571, majf=0, minf=18884
  IO depths    : 1=0.1%, 2=0.1%, 4=0.1%, 8=0.2%, 16=0.3%, 32=0.6%, >=64=98.8%
     submit    : 0=0.0%, 4=100.0%, 8=0.0%, 16=0.0%, 32=0.0%, 64=0.0%, >=64=0.0%
     complete  : 0=0.0%, 4=100.0%, 8=0.0%, 16=0.0%, 32=0.0%, 64=0.0%, >=64=0.1%
     issued rwts: total=339114,0,0,0 short=0,0,0,0 dropped=0,0,0,0
     latency   : target=0, window=0, percentile=100.00%, depth=256

Run status group 0 (all jobs):
   READ: bw=4520KiB/s (4629kB/s), 4520KiB/s-4520KiB/s (4629kB/s-4629kB/s), io=1325MiB (1389MB), run=300099-300099msec
