test: (g=0): rw=read, bs=(R) 4096B-4096B, (W) 4096B-4096B, (T) 4096B-4096B, ioengine=libaio, iodepth=256
...
fio-3.27
Starting 16 processes

test: (groupid=0, jobs=16): err= 0: pid=234396: Fri Jul 16 03:28:34 2021
  read: IOPS=39.6k, BW=155MiB/s (162MB/s)(45.4GiB/300037msec)
    slat (usec): min=10, max=235330, avg=391.37, stdev=2482.74
    clat (usec): min=9, max=6012.4k, avg=102826.46, stdev=350203.74
     lat (usec): min=21, max=6015.4k, avg=103218.79, stdev=351525.61
    clat percentiles (msec):
     |  1.00th=[    5],  5.00th=[    5], 10.00th=[    5], 20.00th=[    5],
     | 30.00th=[    6], 40.00th=[    6], 50.00th=[    6], 60.00th=[    6],
     | 70.00th=[    6], 80.00th=[   16], 90.00th=[   30], 95.00th=[  735],
     | 99.00th=[ 1804], 99.50th=[ 2198], 99.90th=[ 3104], 99.95th=[ 3540],
     | 99.99th=[ 4799]
   bw (  KiB/s): min=  936, max=1791112, per=100.00%, avg=164488.80, stdev=21004.62, samples=9544
   iops        : min=  234, max=447778, avg=41122.05, stdev=5251.16, samples=9544
  lat (usec)   : 10=0.01%, 20=0.01%, 50=0.01%, 100=0.01%, 250=0.01%
  lat (usec)   : 500=0.01%, 750=0.01%, 1000=0.01%
  lat (msec)   : 2=0.01%, 4=0.01%, 10=79.58%, 20=5.30%, 50=5.25%
  lat (msec)   : 100=0.06%, 250=0.01%, 500=1.93%, 750=2.97%, 1000=1.30%
  lat (msec)   : 2000=2.90%, >=2000=0.70%
  cpu          : usr=2.44%, sys=8.79%, ctx=1154969, majf=0, minf=4726
  IO depths    : 1=0.1%, 2=0.1%, 4=0.1%, 8=0.1%, 16=0.1%, 32=0.1%, >=64=100.0%
     submit    : 0=0.0%, 4=100.0%, 8=0.0%, 16=0.0%, 32=0.0%, 64=0.0%, >=64=0.0%
     complete  : 0=0.0%, 4=100.0%, 8=0.0%, 16=0.0%, 32=0.0%, 64=0.0%, >=64=0.1%
     issued rwts: total=11894524,0,0,0 short=0,0,0,0 dropped=0,0,0,0
     latency   : target=0, window=0, percentile=100.00%, depth=256

Run status group 0 (all jobs):
   READ: bw=155MiB/s (162MB/s), 155MiB/s-155MiB/s (162MB/s-162MB/s), io=45.4GiB (48.7GB), run=300037-300037msec
