readwrite: (g=0): rw=rw, bs=(R) 4096B-4096B, (W) 4096B-4096B, (T) 4096B-4096B, ioengine=libaio, iodepth=256
fio-3.27
Starting 1 process

readwrite: (groupid=0, jobs=1): err= 0: pid=24053: Wed Jul 21 16:29:51 2021
  read: IOPS=1685, BW=6743KiB/s (6905kB/s)(1976MiB/300042msec)
    slat (usec): min=7, max=266605, avg=486.29, stdev=3917.51
    clat (msec): min=10, max=3803, avg=75.86, stdev=257.83
     lat (msec): min=10, max=3872, avg=76.35, stdev=259.67
    clat percentiles (msec):
     |  1.00th=[   12],  5.00th=[   13], 10.00th=[   13], 20.00th=[   14],
     | 30.00th=[   14], 40.00th=[   17], 50.00th=[   19], 60.00th=[   19],
     | 70.00th=[   19], 80.00th=[   20], 90.00th=[   42], 95.00th=[  359],
     | 99.00th=[ 1469], 99.50th=[ 1787], 99.90th=[ 2333], 99.95th=[ 2635],
     | 99.99th=[ 3440]
   bw (  KiB/s): min=   24, max=40448, per=100.00%, avg=6744.90, stdev=11498.25, samples=598
   iops        : min=    6, max=10112, avg=1686.22, stdev=2874.55, samples=598
  write: IOPS=1683, BW=6734KiB/s (6895kB/s)(1973MiB/300042msec); 0 zone resets
    slat (usec): min=68, max=951738, avg=86.79, stdev=1590.10
    clat (usec): min=17, max=3857.9k, avg=75428.59, stdev=256158.33
     lat (msec): min=10, max=3857, avg=75.52, stdev=256.17
    clat percentiles (msec):
     |  1.00th=[   12],  5.00th=[   13], 10.00th=[   13], 20.00th=[   14],
     | 30.00th=[   14], 40.00th=[   16], 50.00th=[   19], 60.00th=[   19],
     | 70.00th=[   19], 80.00th=[   20], 90.00th=[   40], 95.00th=[  355],
     | 99.00th=[ 1452], 99.50th=[ 1787], 99.90th=[ 2333], 99.95th=[ 2567],
     | 99.99th=[ 3440]
   bw (  KiB/s): min=   16, max=41024, per=100.00%, avg=6734.94, stdev=11496.67, samples=598
   iops        : min=    4, max=10256, avg=1683.74, stdev=2874.17, samples=598
  lat (usec)   : 20=0.01%
  lat (msec)   : 20=86.30%, 50=3.97%, 100=1.26%, 250=2.85%, 500=1.09%
  lat (msec)   : 750=1.09%, 1000=1.12%, 2000=2.05%, >=2000=0.27%
  cpu          : usr=3.41%, sys=20.75%, ctx=35152, majf=0, minf=42
  IO depths    : 1=0.1%, 2=0.1%, 4=0.1%, 8=0.1%, 16=0.1%, 32=0.1%, >=64=100.0%
     submit    : 0=0.0%, 4=100.0%, 8=0.0%, 16=0.0%, 32=0.0%, 64=0.0%, >=64=0.0%
     complete  : 0=0.0%, 4=100.0%, 8=0.0%, 16=0.0%, 32=0.0%, 64=0.0%, >=64=0.1%
     issued rwts: total=505783,505101,0,0 short=0,0,0,0 dropped=0,0,0,0
     latency   : target=0, window=0, percentile=100.00%, depth=256

Run status group 0 (all jobs):
   READ: bw=6743KiB/s (6905kB/s), 6743KiB/s-6743KiB/s (6905kB/s-6905kB/s), io=1976MiB (2072MB), run=300042-300042msec
  WRITE: bw=6734KiB/s (6895kB/s), 6734KiB/s-6734KiB/s (6895kB/s-6895kB/s), io=1973MiB (2069MB), run=300042-300042msec
