test: (g=0): rw=read, bs=(R) 4096B-4096B, (W) 4096B-4096B, (T) 4096B-4096B, ioengine=libaio, iodepth=256
...
fio-3.27
Starting 2 processes
seq-read: Laying out IO file (1 file / 1024MiB)

test: (groupid=0, jobs=2): err= 0: pid=191389: Tue Jul 20 13:23:19 2021
  read: IOPS=34.5k, BW=135MiB/s (141MB/s)(39.5GiB/300082msec)
    slat (usec): min=10, max=169694, avg=46.70, stdev=760.19
    clat (usec): min=24, max=3114.5k, avg=14789.82, stdev=82626.11
     lat (msec): min=4, max=3121, avg=14.84, stdev=82.90
    clat percentiles (msec):
     |  1.00th=[    5],  5.00th=[    5], 10.00th=[    5], 20.00th=[    5],
     | 30.00th=[    5], 40.00th=[    5], 50.00th=[    5], 60.00th=[    6],
     | 70.00th=[    6], 80.00th=[    6], 90.00th=[   16], 95.00th=[   26],
     | 99.00th=[  334], 99.50th=[  558], 99.90th=[ 1267], 99.95th=[ 1485],
     | 99.99th=[ 1989]
   bw (  KiB/s): min=   64, max=330552, per=100.00%, avg=143777.88, stdev=42053.73, samples=1173
   iops        : min=   16, max=82638, avg=35944.48, stdev=10513.43, samples=1173
  lat (usec)   : 50=0.01%
  lat (msec)   : 10=87.90%, 20=4.92%, 50=5.81%, 100=0.04%, 250=0.07%
  lat (msec)   : 500=0.68%, 750=0.20%, 1000=0.19%, 2000=0.18%, >=2000=0.01%
  cpu          : usr=14.57%, sys=39.60%, ctx=128498, majf=0, minf=589
  IO depths    : 1=0.1%, 2=0.1%, 4=0.1%, 8=0.1%, 16=0.1%, 32=0.1%, >=64=100.0%
     submit    : 0=0.0%, 4=100.0%, 8=0.0%, 16=0.0%, 32=0.0%, 64=0.0%, >=64=0.0%
     complete  : 0=0.0%, 4=100.0%, 8=0.0%, 16=0.0%, 32=0.0%, 64=0.0%, >=64=0.1%
     issued rwts: total=10343447,0,0,0 short=0,0,0,0 dropped=0,0,0,0
     latency   : target=0, window=0, percentile=100.00%, depth=256

Run status group 0 (all jobs):
   READ: bw=135MiB/s (141MB/s), 135MiB/s-135MiB/s (141MB/s-141MB/s), io=39.5GiB (42.4GB), run=300082-300082msec
