readwrite: (g=0): rw=rw, bs=(R) 4096B-4096B, (W) 4096B-4096B, (T) 4096B-4096B, ioengine=libaio, iodepth=256
...
fio-3.27
Starting 16 processes
readwrite: Laying out IO file (1 file / 1024MiB)
readwrite: Laying out IO file (1 file / 1024MiB)
readwrite: Laying out IO file (1 file / 1024MiB)
readwrite: Laying out IO file (1 file / 1024MiB)
readwrite: Laying out IO file (1 file / 1024MiB)
readwrite: Laying out IO file (1 file / 1024MiB)
readwrite: Laying out IO file (1 file / 1024MiB)
readwrite: Laying out IO file (1 file / 1024MiB)

readwrite: (groupid=0, jobs=16): err= 0: pid=71164: Wed Jul 21 17:49:11 2021
  read: IOPS=29.4k, BW=115MiB/s (120MB/s)(33.6GiB/300043msec)
    slat (usec): min=7, max=1367.7k, avg=445.16, stdev=6823.08
    clat (usec): min=11, max=25214k, avg=69718.70, stdev=658715.99
     lat (usec): min=25, max=25312k, avg=70164.60, stdev=663517.22
    clat percentiles (msec):
     |  1.00th=[   12],  5.00th=[   13], 10.00th=[   13], 20.00th=[   14],
     | 30.00th=[   14], 40.00th=[   14], 50.00th=[   14], 60.00th=[   14],
     | 70.00th=[   15], 80.00th=[   15], 90.00th=[   15], 95.00th=[   19],
     | 99.00th=[ 1435], 99.50th=[ 4178], 99.90th=[10805], 99.95th=[13624],
     | 99.99th=[17113]
   bw (  KiB/s): min=  128, max=629753, per=100.00%, avg=119961.24, stdev=12433.26, samples=9368
   iops        : min=   32, max=157437, avg=29990.19, stdev=3108.30, samples=9368
  write: IOPS=29.4k, BW=115MiB/s (120MB/s)(33.6GiB/300043msec); 0 zone resets
    slat (usec): min=68, max=433779, avg=78.18, stdev=223.68
    clat (usec): min=11, max=25221k, avg=69076.92, stdev=653087.36
     lat (usec): min=83, max=25221k, avg=69156.20, stdev=653089.69
    clat percentiles (msec):
     |  1.00th=[   12],  5.00th=[   13], 10.00th=[   13], 20.00th=[   14],
     | 30.00th=[   14], 40.00th=[   14], 50.00th=[   14], 60.00th=[   14],
     | 70.00th=[   14], 80.00th=[   15], 90.00th=[   15], 95.00th=[   19],
     | 99.00th=[ 1368], 99.50th=[ 4144], 99.90th=[10671], 99.95th=[13489],
     | 99.99th=[17113]
   bw (  KiB/s): min=  128, max=622329, per=100.00%, avg=119677.27, stdev=12444.98, samples=9370
   iops        : min=   32, max=155582, avg=29919.18, stdev=3111.23, samples=9370
  lat (usec)   : 20=0.01%, 50=0.01%, 100=0.01%, 250=0.01%, 500=0.01%
  lat (usec)   : 750=0.01%, 1000=0.01%
  lat (msec)   : 2=0.01%, 4=0.01%, 10=0.01%, 20=97.37%, 50=1.30%
  lat (msec)   : 100=0.08%, 250=0.05%, 500=0.07%, 750=0.03%, 1000=0.04%
  lat (msec)   : 2000=0.17%, >=2000=0.89%
  cpu          : usr=3.49%, sys=17.60%, ctx=91709, majf=0, minf=721
  IO depths    : 1=0.1%, 2=0.1%, 4=0.1%, 8=0.1%, 16=0.1%, 32=0.1%, >=64=100.0%
     submit    : 0=0.0%, 4=100.0%, 8=0.0%, 16=0.0%, 32=0.0%, 64=0.0%, >=64=0.0%
     complete  : 0=0.0%, 4=100.0%, 8=0.0%, 16=0.0%, 32=0.0%, 64=0.0%, >=64=0.1%
     issued rwts: total=8815699,8814055,0,0 short=0,0,0,0 dropped=0,0,0,0
     latency   : target=0, window=0, percentile=100.00%, depth=256

Run status group 0 (all jobs):
   READ: bw=115MiB/s (120MB/s), 115MiB/s-115MiB/s (120MB/s-120MB/s), io=33.6GiB (36.1GB), run=300043-300043msec
  WRITE: bw=115MiB/s (120MB/s), 115MiB/s-115MiB/s (120MB/s-120MB/s), io=33.6GiB (36.1GB), run=300043-300043msec
