readwrite: (g=0): rw=rw, bs=(R) 4096B-4096B, (W) 4096B-4096B, (T) 4096B-4096B, ioengine=libaio, iodepth=256
...
fio-3.27
Starting 8 processes
readwrite: Laying out IO file (1 file / 1024MiB)
readwrite: Laying out IO file (1 file / 1024MiB)
readwrite: Laying out IO file (1 file / 1024MiB)
readwrite: Laying out IO file (1 file / 1024MiB)

readwrite: (groupid=0, jobs=8): err= 0: pid=255873: Wed Jul 21 17:40:47 2021
  read: IOPS=29.1k, BW=114MiB/s (119MB/s)(33.3GiB/300020msec)
    slat (usec): min=7, max=384765, avg=174.85, stdev=2695.62
    clat (usec): min=10, max=8607.5k, avg=35108.87, stdev=193726.25
     lat (usec): min=25, max=8691.2k, avg=35284.48, stdev=195122.71
    clat percentiles (msec):
     |  1.00th=[   12],  5.00th=[   13], 10.00th=[   13], 20.00th=[   14],
     | 30.00th=[   14], 40.00th=[   14], 50.00th=[   14], 60.00th=[   14],
     | 70.00th=[   15], 80.00th=[   15], 90.00th=[   16], 95.00th=[   19],
     | 99.00th=[  911], 99.50th=[ 1368], 99.90th=[ 2567], 99.95th=[ 3373],
     | 99.99th=[ 5470]
   bw (  KiB/s): min=  128, max=319168, per=100.00%, avg=117376.96, stdev=13270.63, samples=4768
   iops        : min=   32, max=79792, avg=29344.19, stdev=3317.66, samples=4768
  write: IOPS=29.1k, BW=114MiB/s (119MB/s)(33.3GiB/300020msec); 0 zone resets
    slat (usec): min=68, max=107244, avg=78.57, stdev=42.30
    clat (usec): min=12, max=8564.2k, avg=35013.15, stdev=192913.15
     lat (usec): min=85, max=8564.3k, avg=35092.84, stdev=192915.41
    clat percentiles (msec):
     |  1.00th=[   12],  5.00th=[   13], 10.00th=[   13], 20.00th=[   14],
     | 30.00th=[   14], 40.00th=[   14], 50.00th=[   14], 60.00th=[   14],
     | 70.00th=[   15], 80.00th=[   15], 90.00th=[   16], 95.00th=[   19],
     | 99.00th=[  902], 99.50th=[ 1351], 99.90th=[ 2567], 99.95th=[ 3339],
     | 99.99th=[ 5470]
   bw (  KiB/s): min=  104, max=318512, per=100.00%, avg=117483.87, stdev=13254.82, samples=4763
   iops        : min=   26, max=79628, avg=29370.89, stdev=3313.70, samples=4763
  lat (usec)   : 20=0.01%, 50=0.01%, 100=0.01%, 250=0.01%, 500=0.01%
  lat (usec)   : 750=0.01%, 1000=0.01%
  lat (msec)   : 2=0.01%, 4=0.01%, 10=0.01%, 20=96.71%, 50=1.44%
  lat (msec)   : 100=0.07%, 250=0.06%, 500=0.16%, 750=0.32%, 1000=0.37%
  lat (msec)   : 2000=0.65%, >=2000=0.22%
  cpu          : usr=6.99%, sys=35.28%, ctx=146031, majf=0, minf=359
  IO depths    : 1=0.1%, 2=0.1%, 4=0.1%, 8=0.1%, 16=0.1%, 32=0.1%, >=64=100.0%
     submit    : 0=0.0%, 4=100.0%, 8=0.0%, 16=0.0%, 32=0.0%, 64=0.0%, >=64=0.0%
     complete  : 0=0.0%, 4=100.0%, 8=0.0%, 16=0.0%, 32=0.0%, 64=0.0%, >=64=0.1%
     issued rwts: total=8728729,8726414,0,0 short=0,0,0,0 dropped=0,0,0,0
     latency   : target=0, window=0, percentile=100.00%, depth=256

Run status group 0 (all jobs):
   READ: bw=114MiB/s (119MB/s), 114MiB/s-114MiB/s (119MB/s-119MB/s), io=33.3GiB (35.8GB), run=300020-300020msec
  WRITE: bw=114MiB/s (119MB/s), 114MiB/s-114MiB/s (119MB/s-119MB/s), io=33.3GiB (35.7GB), run=300020-300020msec
