readwrite: (g=0): rw=rw, bs=(R) 4096B-4096B, (W) 4096B-4096B, (T) 4096B-4096B, ioengine=libaio, iodepth=256
...
fio-3.27
Starting 16 processes
readwrite: Laying out IO file (1 file / 1024MiB)
readwrite: Laying out IO file (1 file / 1024MiB)
readwrite: Laying out IO file (1 file / 1024MiB)
readwrite: Laying out IO file (1 file / 1024MiB)
readwrite: Laying out IO file (1 file / 1024MiB)
readwrite: Laying out IO file (1 file / 1024MiB)
readwrite: Laying out IO file (1 file / 1024MiB)
readwrite: Laying out IO file (1 file / 1024MiB)

readwrite: (groupid=0, jobs=16): err= 0: pid=40995: Wed Jul 21 18:48:40 2021
  read: IOPS=27.1k, BW=106MiB/s (111MB/s)(31.0GiB/300180msec)
    slat (usec): min=7, max=1549.2k, avg=491.71, stdev=8314.25
    clat (usec): min=10, max=31040k, avg=75414.37, stdev=823921.60
     lat (usec): min=22, max=31108k, avg=75906.83, stdev=829908.68
    clat percentiles (msec):
     |  1.00th=[   12],  5.00th=[   13], 10.00th=[   13], 20.00th=[   13],
     | 30.00th=[   14], 40.00th=[   14], 50.00th=[   14], 60.00th=[   14],
     | 70.00th=[   14], 80.00th=[   15], 90.00th=[   15], 95.00th=[   19],
     | 99.00th=[  243], 99.50th=[ 4665], 99.90th=[13892], 99.95th=[17113],
     | 99.99th=[17113]
   bw (  KiB/s): min=  128, max=543279, per=100.00%, avg=111567.43, stdev=10998.20, samples=9210
   iops        : min=   32, max=135819, avg=27891.66, stdev=2749.53, samples=9210
  write: IOPS=27.1k, BW=106MiB/s (111MB/s)(31.0GiB/300180msec); 0 zone resets
    slat (usec): min=68, max=287881, avg=77.98, stdev=156.70
    clat (usec): min=11, max=30980k, avg=75151.87, stdev=821132.92
     lat (usec): min=84, max=30980k, avg=75230.95, stdev=821135.19
    clat percentiles (msec):
     |  1.00th=[   12],  5.00th=[   13], 10.00th=[   13], 20.00th=[   13],
     | 30.00th=[   14], 40.00th=[   14], 50.00th=[   14], 60.00th=[   14],
     | 70.00th=[   14], 80.00th=[   15], 90.00th=[   15], 95.00th=[   19],
     | 99.00th=[  211], 99.50th=[ 4665], 99.90th=[13758], 99.95th=[17113],
     | 99.99th=[17113]
   bw (  KiB/s): min=  128, max=537698, per=100.00%, avg=111284.39, stdev=11030.71, samples=9194
   iops        : min=   32, max=134424, avg=27820.83, stdev=2757.65, samples=9194
  lat (usec)   : 20=0.01%, 50=0.01%, 100=0.01%, 250=0.01%, 500=0.01%
  lat (usec)   : 750=0.01%, 1000=0.01%
  lat (msec)   : 2=0.01%, 4=0.01%, 10=0.01%, 20=97.76%, 50=1.10%
  lat (msec)   : 100=0.07%, 250=0.07%, 500=0.05%, 750=0.02%, 1000=0.04%
  lat (msec)   : 2000=0.13%, >=2000=0.76%
  cpu          : usr=3.23%, sys=16.01%, ctx=72631, majf=0, minf=715
  IO depths    : 1=0.1%, 2=0.1%, 4=0.1%, 8=0.1%, 16=0.1%, 32=0.1%, >=64=100.0%
     submit    : 0=0.0%, 4=100.0%, 8=0.0%, 16=0.0%, 32=0.0%, 64=0.0%, >=64=0.0%
     complete  : 0=0.0%, 4=100.0%, 8=0.0%, 16=0.0%, 32=0.0%, 64=0.0%, >=64=0.1%
     issued rwts: total=8129112,8130533,0,0 short=0,0,0,0 dropped=0,0,0,0
     latency   : target=0, window=0, percentile=100.00%, depth=256

Run status group 0 (all jobs):
   READ: bw=106MiB/s (111MB/s), 106MiB/s-106MiB/s (111MB/s-111MB/s), io=31.0GiB (33.3GB), run=300180-300180msec
  WRITE: bw=106MiB/s (111MB/s), 106MiB/s-106MiB/s (111MB/s-111MB/s), io=31.0GiB (33.3GB), run=300180-300180msec
