test: (g=0): rw=randread, bs=(R) 4096B-4096B, (W) 4096B-4096B, (T) 4096B-4096B, ioengine=libaio, iodepth=256
...
fio-3.27
Starting 16 processes
rand-read: Laying out IO file (1 file / 1024MiB)
rand-read: Laying out IO file (1 file / 1024MiB)
rand-read: Laying out IO file (1 file / 1024MiB)
rand-read: Laying out IO file (1 file / 1024MiB)
rand-read: Laying out IO file (1 file / 1024MiB)
rand-read: Laying out IO file (1 file / 1024MiB)
rand-read: Laying out IO file (1 file / 1024MiB)
rand-read: Laying out IO file (1 file / 1024MiB)

test: (groupid=0, jobs=16): err= 0: pid=224796: Mon Jul 19 22:15:36 2021
  read: IOPS=623, BW=2494KiB/s (2553kB/s)(731MiB/300043msec)
    slat (usec): min=842, max=261877, avg=25638.54, stdev=14157.37
    clat (usec): min=15, max=8121.2k, avg=6476208.48, stdev=787087.20
     lat (msec): min=4, max=8143, avg=6501.85, stdev=788.53
    clat percentiles (msec):
     |  1.00th=[ 2802],  5.00th=[ 5403], 10.00th=[ 5805], 20.00th=[ 6074],
     | 30.00th=[ 6208], 40.00th=[ 6342], 50.00th=[ 6477], 60.00th=[ 6678],
     | 70.00th=[ 6879], 80.00th=[ 7013], 90.00th=[ 7282], 95.00th=[ 7416],
     | 99.00th=[ 7684], 99.50th=[ 7752], 99.90th=[ 7886], 99.95th=[ 7953],
     | 99.99th=[ 8087]
   bw (  KiB/s): min= 1136, max= 3352, per=99.82%, avg=2489.69, stdev=19.60, samples=9387
   iops        : min=  284, max=  838, avg=622.43, stdev= 4.90, samples=9387
  lat (usec)   : 20=0.01%, 50=0.01%
  lat (msec)   : 10=0.01%, 20=0.01%, 50=0.02%, 100=0.03%, 250=0.06%
  lat (msec)   : 500=0.09%, 750=0.08%, 1000=0.09%, 2000=0.34%, >=2000=99.27%
  cpu          : usr=0.11%, sys=0.70%, ctx=187159, majf=0, minf=4723
  IO depths    : 1=0.1%, 2=0.1%, 4=0.1%, 8=0.1%, 16=0.1%, 32=0.3%, >=64=99.5%
     submit    : 0=0.0%, 4=100.0%, 8=0.0%, 16=0.0%, 32=0.0%, 64=0.0%, >=64=0.0%
     complete  : 0=0.0%, 4=100.0%, 8=0.0%, 16=0.0%, 32=0.0%, 64=0.0%, >=64=0.1%
     issued rwts: total=187042,0,0,0 short=0,0,0,0 dropped=0,0,0,0
     latency   : target=0, window=0, percentile=100.00%, depth=256

Run status group 0 (all jobs):
   READ: bw=2494KiB/s (2553kB/s), 2494KiB/s-2494KiB/s (2553kB/s-2553kB/s), io=731MiB (766MB), run=300043-300043msec
