test: (g=0): rw=read, bs=(R) 4096B-4096B, (W) 4096B-4096B, (T) 4096B-4096B, ioengine=libaio, iodepth=256
...
fio-3.27
Starting 16 processes
seq-read: Laying out IO file (1 file / 1024MiB)
seq-read: Laying out IO file (1 file / 1024MiB)
seq-read: Laying out IO file (1 file / 1024MiB)
seq-read: Laying out IO file (1 file / 1024MiB)
seq-read: Laying out IO file (1 file / 1024MiB)
seq-read: Laying out IO file (1 file / 1024MiB)
seq-read: Laying out IO file (1 file / 1024MiB)
seq-read: Laying out IO file (1 file / 1024MiB)

test: (groupid=0, jobs=16): err= 0: pid=247168: Tue Jul 20 15:48:26 2021
  read: IOPS=33.1k, BW=129MiB/s (136MB/s)(37.9GiB/300044msec)
    slat (usec): min=10, max=338901, avg=471.94, stdev=4441.06
    clat (usec): min=11, max=33495k, avg=123243.25, stdev=970418.80
     lat (usec): min=24, max=33647k, avg=123716.07, stdev=974089.57
    clat percentiles (msec):
     |  1.00th=[    5],  5.00th=[    5], 10.00th=[    5], 20.00th=[    5],
     | 30.00th=[    6], 40.00th=[    6], 50.00th=[    6], 60.00th=[    6],
     | 70.00th=[    6], 80.00th=[    6], 90.00th=[   26], 95.00th=[   35],
     | 99.00th=[ 2265], 99.50th=[ 4077], 99.90th=[15368], 99.95th=[17113],
     | 99.99th=[17113]
   bw (  KiB/s): min=  376, max=2351860, per=100.00%, avg=135076.94, stdev=25870.04, samples=9559
   iops        : min=   94, max=587965, avg=33768.97, stdev=6467.51, samples=9559
  lat (usec)   : 20=0.01%, 50=0.01%, 100=0.01%, 250=0.01%, 500=0.01%
  lat (usec)   : 750=0.01%, 1000=0.01%
  lat (msec)   : 2=0.01%, 4=0.01%, 10=82.57%, 20=7.24%, 50=5.51%
  lat (msec)   : 100=0.05%, 250=0.01%, 500=0.04%, 750=0.02%, 1000=0.19%
  lat (msec)   : 2000=3.21%, >=2000=1.15%
  cpu          : usr=1.90%, sys=6.06%, ctx=448164, majf=0, minf=4742
  IO depths    : 1=0.1%, 2=0.1%, 4=0.1%, 8=0.1%, 16=0.1%, 32=0.1%, >=64=100.0%
     submit    : 0=0.0%, 4=100.0%, 8=0.0%, 16=0.0%, 32=0.0%, 64=0.0%, >=64=0.0%
     complete  : 0=0.0%, 4=100.0%, 8=0.0%, 16=0.0%, 32=0.0%, 64=0.0%, >=64=0.1%
     issued rwts: total=9926709,0,0,0 short=0,0,0,0 dropped=0,0,0,0
     latency   : target=0, window=0, percentile=100.00%, depth=256

Run status group 0 (all jobs):
   READ: bw=129MiB/s (136MB/s), 129MiB/s-129MiB/s (136MB/s-136MB/s), io=37.9GiB (40.7GB), run=300044-300044msec
