test: (g=0): rw=read, bs=(R) 4096B-4096B, (W) 4096B-4096B, (T) 4096B-4096B, ioengine=libaio, iodepth=256
...
fio-3.27
Starting 8 processes
seq-read: Laying out IO file (1 file / 1024MiB)
seq-read: Laying out IO file (1 file / 1024MiB)
seq-read: Laying out IO file (1 file / 1024MiB)
seq-read: Laying out IO file (1 file / 1024MiB)

test: (groupid=0, jobs=8): err= 0: pid=12965: Fri Jul 16 03:12:27 2021
  read: IOPS=9530, BW=37.2MiB/s (39.0MB/s)(10.9GiB/300016msec)
    slat (usec): min=10, max=700561, avg=825.18, stdev=3530.31
    clat (usec): min=13, max=19559k, avg=213802.68, stdev=537021.21
     lat (msec): min=2, max=19599, avg=214.63, stdev=538.99
    clat percentiles (msec):
     |  1.00th=[    5],  5.00th=[    5], 10.00th=[    5], 20.00th=[    5],
     | 30.00th=[    6], 40.00th=[    6], 50.00th=[    6], 60.00th=[   17],
     | 70.00th=[  405], 80.00th=[  468], 90.00th=[  558], 95.00th=[  651],
     | 99.00th=[ 1234], 99.50th=[ 1938], 99.90th=[ 8423], 99.95th=[11610],
     | 99.99th=[14429]
   bw (  KiB/s): min=  360, max=1017864, per=100.00%, avg=38278.01, stdev=19874.99, samples=4781
   iops        : min=   90, max=254466, avg=9569.41, stdev=4968.75, samples=4781
  lat (usec)   : 20=0.01%, 50=0.01%
  lat (msec)   : 4=0.01%, 10=52.95%, 20=9.12%, 50=3.57%, 100=0.06%
  lat (msec)   : 250=0.09%, 500=18.75%, 750=12.31%, 1000=1.46%, 2000=1.21%
  lat (msec)   : >=2000=0.48%
  cpu          : usr=1.58%, sys=8.25%, ctx=975093, majf=0, minf=2367
  IO depths    : 1=0.1%, 2=0.1%, 4=0.1%, 8=0.1%, 16=0.1%, 32=0.1%, >=64=100.0%
     submit    : 0=0.0%, 4=100.0%, 8=0.0%, 16=0.0%, 32=0.0%, 64=0.0%, >=64=0.0%
     complete  : 0=0.0%, 4=100.0%, 8=0.0%, 16=0.0%, 32=0.0%, 64=0.0%, >=64=0.1%
     issued rwts: total=2859288,0,0,0 short=0,0,0,0 dropped=0,0,0,0
     latency   : target=0, window=0, percentile=100.00%, depth=256

Run status group 0 (all jobs):
   READ: bw=37.2MiB/s (39.0MB/s), 37.2MiB/s-37.2MiB/s (39.0MB/s-39.0MB/s), io=10.9GiB (11.7GB), run=300016-300016msec
