readwrite: (g=0): rw=rw, bs=(R) 4096B-4096B, (W) 4096B-4096B, (T) 4096B-4096B, ioengine=libaio, iodepth=256
...
fio-3.27
Starting 4 processes
readwrite: Laying out IO file (1 file / 1024MiB)
readwrite: Laying out IO file (1 file / 1024MiB)

readwrite: (groupid=0, jobs=4): err= 0: pid=159371: Wed Jul 21 19:33:36 2021
  read: IOPS=15.5k, BW=60.5MiB/s (63.5MB/s)(17.7GiB/300001msec)
    slat (usec): min=7, max=575058, avg=161.03, stdev=2230.94
    clat (usec): min=12, max=8662.6k, avg=32955.23, stdev=146106.70
     lat (usec): min=112, max=8663.7k, avg=33117.05, stdev=147137.70
    clat percentiles (msec):
     |  1.00th=[   12],  5.00th=[   13], 10.00th=[   13], 20.00th=[   13],
     | 30.00th=[   14], 40.00th=[   14], 50.00th=[   14], 60.00th=[   14],
     | 70.00th=[   14], 80.00th=[   14], 90.00th=[   15], 95.00th=[   26],
     | 99.00th=[  592], 99.50th=[  885], 99.90th=[ 2039], 99.95th=[ 2769],
     | 99.99th=[ 4245]
   bw (  KiB/s): min=   88, max=164984, per=100.00%, avg=62501.16, stdev=13760.14, samples=2382
   iops        : min=   22, max=41246, avg=15625.23, stdev=3440.04, samples=2382
  write: IOPS=15.5k, BW=60.5MiB/s (63.4MB/s)(17.7GiB/300001msec); 0 zone resets
    slat (usec): min=68, max=236677, avg=75.52, stdev=124.86
    clat (usec): min=11, max=8638.7k, avg=32887.10, stdev=146205.36
     lat (usec): min=90, max=8638.8k, avg=32963.72, stdev=146208.20
    clat percentiles (msec):
     |  1.00th=[   12],  5.00th=[   13], 10.00th=[   13], 20.00th=[   13],
     | 30.00th=[   14], 40.00th=[   14], 50.00th=[   14], 60.00th=[   14],
     | 70.00th=[   14], 80.00th=[   14], 90.00th=[   15], 95.00th=[   25],
     | 99.00th=[  592], 99.50th=[  885], 99.90th=[ 2039], 99.95th=[ 2769],
     | 99.99th=[ 4279]
   bw (  KiB/s): min=   64, max=163488, per=100.00%, avg=62334.31, stdev=13779.47, samples=2386
   iops        : min=   16, max=40872, avg=15583.51, stdev=3444.87, samples=2386
  lat (usec)   : 20=0.01%, 100=0.01%, 250=0.01%, 500=0.01%, 750=0.01%
  lat (usec)   : 1000=0.01%
  lat (msec)   : 2=0.01%, 4=0.01%, 10=0.01%, 20=94.70%, 50=2.06%
  lat (msec)   : 100=0.06%, 250=0.35%, 500=1.54%, 750=0.60%, 1000=0.30%
  lat (msec)   : 2000=0.29%, >=2000=0.10%
  cpu          : usr=7.52%, sys=37.82%, ctx=142389, majf=0, minf=180
  IO depths    : 1=0.1%, 2=0.1%, 4=0.1%, 8=0.1%, 16=0.1%, 32=0.1%, >=64=100.0%
     submit    : 0=0.0%, 4=100.0%, 8=0.0%, 16=0.0%, 32=0.0%, 64=0.0%, >=64=0.0%
     complete  : 0=0.0%, 4=100.0%, 8=0.0%, 16=0.0%, 32=0.0%, 64=0.0%, >=64=0.1%
     issued rwts: total=4648639,4646157,0,0 short=0,0,0,0 dropped=0,0,0,0
     latency   : target=0, window=0, percentile=100.00%, depth=256

Run status group 0 (all jobs):
   READ: bw=60.5MiB/s (63.5MB/s), 60.5MiB/s-60.5MiB/s (63.5MB/s-63.5MB/s), io=17.7GiB (19.0GB), run=300001-300001msec
  WRITE: bw=60.5MiB/s (63.4MB/s), 60.5MiB/s-60.5MiB/s (63.4MB/s-63.4MB/s), io=17.7GiB (19.0GB), run=300001-300001msec
