test: (g=0): rw=randread, bs=(R) 4096B-4096B, (W) 4096B-4096B, (T) 4096B-4096B, ioengine=libaio, iodepth=256
fio-3.27
Starting 1 process
test: Laying out IO file (1 file / 1024MiB)

test: (groupid=0, jobs=1): err= 0: pid=243729: Mon Jul 19 21:49:36 2021
  read: IOPS=172, BW=692KiB/s (709kB/s)(203MiB/300001msec)
    slat (usec): min=476, max=90165, avg=5762.57, stdev=4367.14
    clat (usec): min=27, max=1736.5k, avg=1470183.20, stdev=95810.51
     lat (msec): min=7, max=1750, avg=1475.95, stdev=95.91
    clat percentiles (msec):
     |  1.00th=[ 1284],  5.00th=[ 1351], 10.00th=[ 1368], 20.00th=[ 1418],
     | 30.00th=[ 1435], 40.00th=[ 1452], 50.00th=[ 1469], 60.00th=[ 1485],
     | 70.00th=[ 1502], 80.00th=[ 1536], 90.00th=[ 1569], 95.00th=[ 1603],
     | 99.00th=[ 1653], 99.50th=[ 1670], 99.90th=[ 1703], 99.95th=[ 1703],
     | 99.99th=[ 1737]
   bw (  KiB/s): min=  496, max=  880, per=100.00%, avg=692.44, stdev=60.12, samples=596
   iops        : min=  124, max=  220, avg=173.10, stdev=15.03, samples=596
  lat (usec)   : 50=0.01%
  lat (msec)   : 10=0.01%, 20=0.01%, 50=0.01%, 100=0.02%, 250=0.05%
  lat (msec)   : 500=0.07%, 750=0.08%, 1000=0.08%, 2000=99.68%
  cpu          : usr=0.33%, sys=2.49%, ctx=51905, majf=0, minf=293
  IO depths    : 1=0.1%, 2=0.1%, 4=0.1%, 8=0.1%, 16=0.1%, 32=0.1%, >=64=99.9%
     submit    : 0=0.0%, 4=100.0%, 8=0.0%, 16=0.0%, 32=0.0%, 64=0.0%, >=64=0.0%
     complete  : 0=0.0%, 4=100.0%, 8=0.0%, 16=0.0%, 32=0.0%, 64=0.0%, >=64=0.1%
     issued rwts: total=51895,0,0,0 short=0,0,0,0 dropped=0,0,0,0
     latency   : target=0, window=0, percentile=100.00%, depth=256

Run status group 0 (all jobs):
   READ: bw=692KiB/s (709kB/s), 692KiB/s-692KiB/s (709kB/s-709kB/s), io=203MiB (213MB), run=300001-300001msec
