test: (g=0): rw=read, bs=(R) 4096B-4096B, (W) 4096B-4096B, (T) 4096B-4096B, ioengine=libaio, iodepth=256
...
fio-3.27
Starting 16 processes
seq-read: Laying out IO file (1 file / 1024MiB)
seq-read: Laying out IO file (1 file / 1024MiB)
seq-read: Laying out IO file (1 file / 1024MiB)
seq-read: Laying out IO file (1 file / 1024MiB)
seq-read: Laying out IO file (1 file / 1024MiB)
seq-read: Laying out IO file (1 file / 1024MiB)
seq-read: Laying out IO file (1 file / 1024MiB)
seq-read: Laying out IO file (1 file / 1024MiB)

test: (groupid=0, jobs=16): err= 0: pid=257534: Tue Jul 20 14:45:33 2021
  read: IOPS=33.6k, BW=131MiB/s (138MB/s)(38.4GiB/300036msec)
    slat (usec): min=10, max=317481, avg=465.03, stdev=3592.20
    clat (usec): min=10, max=19470k, avg=121345.58, stdev=677660.65
     lat (usec): min=22, max=19537k, avg=121811.48, stdev=680183.60
    clat percentiles (msec):
     |  1.00th=[    5],  5.00th=[    5], 10.00th=[    5], 20.00th=[    5],
     | 30.00th=[    5], 40.00th=[    5], 50.00th=[    6], 60.00th=[    6],
     | 70.00th=[    6], 80.00th=[    6], 90.00th=[   26], 95.00th=[   37],
     | 99.00th=[ 3239], 99.50th=[ 4396], 99.90th=[ 8658], 99.95th=[10939],
     | 99.99th=[16576]
   bw (  KiB/s): min=  448, max=2129300, per=100.00%, avg=138599.04, stdev=23919.07, samples=9538
   iops        : min=  112, max=532325, avg=34649.52, stdev=5979.77, samples=9538
  lat (usec)   : 20=0.01%, 50=0.01%, 100=0.01%, 250=0.01%, 500=0.01%
  lat (usec)   : 750=0.01%, 1000=0.01%
  lat (msec)   : 2=0.01%, 4=0.01%, 10=82.35%, 20=7.31%, 50=5.50%
  lat (msec)   : 100=0.05%, 250=0.01%, 500=0.01%, 750=0.02%, 1000=1.19%
  lat (msec)   : 2000=1.16%, >=2000=2.41%
  cpu          : usr=1.93%, sys=6.16%, ctx=472023, majf=0, minf=4735
  IO depths    : 1=0.1%, 2=0.1%, 4=0.1%, 8=0.1%, 16=0.1%, 32=0.1%, >=64=100.0%
     submit    : 0=0.0%, 4=100.0%, 8=0.0%, 16=0.0%, 32=0.0%, 64=0.0%, >=64=0.0%
     complete  : 0=0.0%, 4=100.0%, 8=0.0%, 16=0.0%, 32=0.0%, 64=0.0%, >=64=0.1%
     issued rwts: total=10072944,0,0,0 short=0,0,0,0 dropped=0,0,0,0
     latency   : target=0, window=0, percentile=100.00%, depth=256

Run status group 0 (all jobs):
   READ: bw=131MiB/s (138MB/s), 131MiB/s-131MiB/s (138MB/s-138MB/s), io=38.4GiB (41.3GB), run=300036-300036msec
