readwrite: (g=0): rw=rw, bs=(R) 4096B-4096B, (W) 4096B-4096B, (T) 4096B-4096B, ioengine=libaio, iodepth=256
...
fio-3.27
Starting 4 processes
readwrite: Laying out IO file (1 file / 1024MiB)
readwrite: Laying out IO file (1 file / 1024MiB)

readwrite: (groupid=0, jobs=4): err= 0: pid=326: Wed Jul 21 16:52:34 2021
  read: IOPS=12.2k, BW=47.7MiB/s (50.0MB/s)(14.0GiB/300012msec)
    slat (usec): min=7, max=468749, avg=186.95, stdev=2659.08
    clat (usec): min=12, max=5379.4k, avg=41788.43, stdev=141594.50
     lat (usec): min=68, max=5383.4k, avg=41976.28, stdev=142353.63
    clat percentiles (msec):
     |  1.00th=[   12],  5.00th=[   13], 10.00th=[   13], 20.00th=[   14],
     | 30.00th=[   14], 40.00th=[   14], 50.00th=[   15], 60.00th=[   16],
     | 70.00th=[   19], 80.00th=[   20], 90.00th=[   21], 95.00th=[  197],
     | 99.00th=[  625], 99.50th=[  869], 99.90th=[ 1720], 99.95th=[ 2333],
     | 99.99th=[ 4044]
   bw (  KiB/s): min=   48, max=161392, per=100.00%, avg=48992.54, stdev=14011.00, samples=2391
   iops        : min=   12, max=40348, avg=12247.91, stdev=3502.76, samples=2391
  write: IOPS=12.2k, BW=47.7MiB/s (50.0MB/s)(14.0GiB/300012msec); 0 zone resets
    slat (usec): min=68, max=881267, avg=119.15, stdev=2676.94
    clat (usec): min=11, max=5298.3k, avg=41751.02, stdev=141684.77
     lat (usec): min=95, max=5298.4k, avg=41871.29, stdev=141882.68
    clat percentiles (msec):
     |  1.00th=[   12],  5.00th=[   13], 10.00th=[   13], 20.00th=[   14],
     | 30.00th=[   14], 40.00th=[   14], 50.00th=[   15], 60.00th=[   16],
     | 70.00th=[   19], 80.00th=[   20], 90.00th=[   21], 95.00th=[  197],
     | 99.00th=[  625], 99.50th=[  869], 99.90th=[ 1737], 99.95th=[ 2366],
     | 99.99th=[ 4077]
   bw (  KiB/s): min=   48, max=162712, per=100.00%, avg=48948.56, stdev=14008.30, samples=2392
   iops        : min=   12, max=40678, avg=12236.94, stdev=3502.09, samples=2392
  lat (usec)   : 20=0.01%, 50=0.01%, 100=0.01%, 250=0.01%, 500=0.01%
  lat (usec)   : 750=0.01%, 1000=0.01%
  lat (msec)   : 2=0.01%, 4=0.01%, 10=0.01%, 20=88.14%, 50=4.91%
  lat (msec)   : 100=0.69%, 250=2.21%, 500=2.51%, 750=0.85%, 1000=0.33%
  lat (msec)   : 2000=0.28%, >=2000=0.08%
  cpu          : usr=6.17%, sys=35.58%, ctx=144922, majf=0, minf=181
  IO depths    : 1=0.1%, 2=0.1%, 4=0.1%, 8=0.1%, 16=0.1%, 32=0.1%, >=64=100.0%
     submit    : 0=0.0%, 4=100.0%, 8=0.0%, 16=0.0%, 32=0.0%, 64=0.0%, >=64=0.0%
     complete  : 0=0.0%, 4=100.0%, 8=0.0%, 16=0.0%, 32=0.0%, 64=0.0%, >=64=0.1%
     issued rwts: total=3663587,3662534,0,0 short=0,0,0,0 dropped=0,0,0,0
     latency   : target=0, window=0, percentile=100.00%, depth=256

Run status group 0 (all jobs):
   READ: bw=47.7MiB/s (50.0MB/s), 47.7MiB/s-47.7MiB/s (50.0MB/s-50.0MB/s), io=14.0GiB (15.0GB), run=300012-300012msec
  WRITE: bw=47.7MiB/s (50.0MB/s), 47.7MiB/s-47.7MiB/s (50.0MB/s-50.0MB/s), io=14.0GiB (15.0GB), run=300012-300012msec
