test: (g=0): rw=read, bs=(R) 4096B-4096B, (W) 4096B-4096B, (T) 4096B-4096B, ioengine=libaio, iodepth=256
...
fio-3.27
Starting 8 processes
seq-read: Laying out IO file (1 file / 1024MiB)
seq-read: Laying out IO file (1 file / 1024MiB)
seq-read: Laying out IO file (1 file / 1024MiB)
seq-read: Laying out IO file (1 file / 1024MiB)

test: (groupid=0, jobs=8): err= 0: pid=38810: Tue Jul 20 15:40:03 2021
  read: IOPS=33.2k, BW=130MiB/s (136MB/s)(38.1GiB/300454msec)
    slat (usec): min=10, max=271737, avg=228.69, stdev=3020.11
    clat (usec): min=12, max=34114k, avg=61236.70, stdev=673217.89
     lat (usec): min=607, max=34247k, avg=61466.24, stdev=675752.62
    clat percentiles (msec):
     |  1.00th=[    5],  5.00th=[    5], 10.00th=[    5], 20.00th=[    5],
     | 30.00th=[    5], 40.00th=[    6], 50.00th=[    6], 60.00th=[    6],
     | 70.00th=[    6], 80.00th=[    6], 90.00th=[   17], 95.00th=[   27],
     | 99.00th=[ 1234], 99.50th=[ 1569], 99.90th=[ 4329], 99.95th=[14295],
     | 99.99th=[17113]
   bw (  KiB/s): min=  208, max=1081584, per=100.00%, avg=137793.69, stdev=25991.79, samples=4763
   iops        : min=   52, max=270396, avg=34448.36, stdev=6497.95, samples=4763
  lat (usec)   : 20=0.01%, 50=0.01%, 750=0.01%, 1000=0.01%
  lat (msec)   : 2=0.01%, 4=0.01%, 10=84.15%, 20=6.11%, 50=5.60%
  lat (msec)   : 100=0.03%, 250=0.01%, 500=0.05%, 750=2.05%, 1000=0.60%
  lat (msec)   : 2000=1.24%, >=2000=0.17%
  cpu          : usr=3.76%, sys=11.61%, ctx=401494, majf=0, minf=2366
  IO depths    : 1=0.1%, 2=0.1%, 4=0.1%, 8=0.1%, 16=0.1%, 32=0.1%, >=64=100.0%
     submit    : 0=0.0%, 4=100.0%, 8=0.0%, 16=0.0%, 32=0.0%, 64=0.0%, >=64=0.0%
     complete  : 0=0.0%, 4=100.0%, 8=0.0%, 16=0.0%, 32=0.0%, 64=0.0%, >=64=0.1%
     issued rwts: total=9986942,0,0,0 short=0,0,0,0 dropped=0,0,0,0
     latency   : target=0, window=0, percentile=100.00%, depth=256

Run status group 0 (all jobs):
   READ: bw=130MiB/s (136MB/s), 130MiB/s-130MiB/s (136MB/s-136MB/s), io=38.1GiB (40.9GB), run=300454-300454msec
