test: (g=0): rw=read, bs=(R) 4096B-4096B, (W) 4096B-4096B, (T) 4096B-4096B, ioengine=libaio, iodepth=256
...
fio-3.27
Starting 8 processes
seq-read: Laying out IO file (1 file / 1024MiB)
seq-read: Laying out IO file (1 file / 1024MiB)
seq-read: Laying out IO file (1 file / 1024MiB)
seq-read: Laying out IO file (1 file / 1024MiB)

test: (groupid=0, jobs=8): err= 0: pid=29223: Tue Jul 20 15:40:03 2021
  read: IOPS=26.9k, BW=105MiB/s (110MB/s)(30.8GiB/300009msec)
    slat (usec): min=10, max=318405, avg=285.37, stdev=2091.45
    clat (usec): min=10, max=16539k, avg=75848.74, stdev=319430.95
     lat (usec): min=22, max=16547k, avg=76135.11, stdev=320475.66
    clat percentiles (msec):
     |  1.00th=[    5],  5.00th=[    5], 10.00th=[    5], 20.00th=[    5],
     | 30.00th=[    6], 40.00th=[    6], 50.00th=[    6], 60.00th=[    6],
     | 70.00th=[   16], 80.00th=[   17], 90.00th=[   34], 95.00th=[  592],
     | 99.00th=[ 1301], 99.50th=[ 1569], 99.90th=[ 2366], 99.95th=[ 7148],
     | 99.99th=[ 9463]
   bw (  KiB/s): min=  208, max=1144568, per=100.00%, avg=110567.44, stdev=23741.10, samples=4760
   iops        : min=   52, max=286142, avg=27641.68, stdev=5935.27, samples=4760
  lat (usec)   : 20=0.01%, 50=0.01%, 100=0.01%, 250=0.01%, 500=0.01%
  lat (usec)   : 750=0.01%, 1000=0.01%
  lat (msec)   : 2=0.01%, 4=0.01%, 10=68.34%, 20=18.77%, 50=4.81%
  lat (msec)   : 100=0.14%, 250=0.09%, 500=0.12%, 750=5.13%, 1000=0.86%
  lat (msec)   : 2000=1.59%, >=2000=0.15%
  cpu          : usr=3.38%, sys=13.37%, ctx=626430, majf=0, minf=2365
  IO depths    : 1=0.1%, 2=0.1%, 4=0.1%, 8=0.1%, 16=0.1%, 32=0.1%, >=64=100.0%
     submit    : 0=0.0%, 4=100.0%, 8=0.0%, 16=0.0%, 32=0.0%, 64=0.0%, >=64=0.0%
     complete  : 0=0.0%, 4=100.0%, 8=0.0%, 16=0.0%, 32=0.0%, 64=0.0%, >=64=0.1%
     issued rwts: total=8060935,0,0,0 short=0,0,0,0 dropped=0,0,0,0
     latency   : target=0, window=0, percentile=100.00%, depth=256

Run status group 0 (all jobs):
   READ: bw=105MiB/s (110MB/s), 105MiB/s-105MiB/s (110MB/s-110MB/s), io=30.8GiB (33.0GB), run=300009-300009msec
