readwrite: (g=0): rw=rw, bs=(R) 4096B-4096B, (W) 4096B-4096B, (T) 4096B-4096B, ioengine=libaio, iodepth=256
...
fio-3.27
Starting 8 processes
readwrite: Laying out IO file (1 file / 1024MiB)
readwrite: Laying out IO file (1 file / 1024MiB)
readwrite: Laying out IO file (1 file / 1024MiB)
readwrite: Laying out IO file (1 file / 1024MiB)

readwrite: (groupid=0, jobs=8): err= 0: pid=91998: Wed Jul 21 17:40:48 2021
  read: IOPS=34.0k, BW=133MiB/s (139MB/s)(38.9GiB/300011msec)
    slat (usec): min=7, max=641074, avg=133.80, stdev=2275.18
    clat (usec): min=10, max=7642.1k, avg=30037.46, stdev=157159.42
     lat (usec): min=22, max=7715.7k, avg=30172.00, stdev=158272.34
    clat percentiles (msec):
     |  1.00th=[   13],  5.00th=[   13], 10.00th=[   13], 20.00th=[   14],
     | 30.00th=[   14], 40.00th=[   14], 50.00th=[   14], 60.00th=[   15],
     | 70.00th=[   15], 80.00th=[   15], 90.00th=[   16], 95.00th=[   19],
     | 99.00th=[  718], 99.50th=[ 1116], 99.90th=[ 2165], 99.95th=[ 2802],
     | 99.99th=[ 4732]
   bw (  KiB/s): min=  128, max=325600, per=100.00%, avg=137489.83, stdev=14163.32, samples=4756
   iops        : min=   32, max=81400, avg=34372.17, stdev=3540.83, samples=4756
  write: IOPS=34.0k, BW=133MiB/s (139MB/s)(38.9GiB/300011msec); 0 zone resets
    slat (usec): min=68, max=145627, avg=79.93, stdev=96.43
    clat (usec): min=11, max=7705.8k, avg=29930.07, stdev=156547.50
     lat (usec): min=87, max=7705.9k, avg=30011.13, stdev=156549.36
    clat percentiles (msec):
     |  1.00th=[   13],  5.00th=[   13], 10.00th=[   13], 20.00th=[   14],
     | 30.00th=[   14], 40.00th=[   14], 50.00th=[   14], 60.00th=[   15],
     | 70.00th=[   15], 80.00th=[   15], 90.00th=[   16], 95.00th=[   19],
     | 99.00th=[  718], 99.50th=[ 1099], 99.90th=[ 2165], 99.95th=[ 2769],
     | 99.99th=[ 4732]
   bw (  KiB/s): min=  120, max=321863, per=100.00%, avg=137353.70, stdev=14171.17, samples=4760
   iops        : min=   30, max=80465, avg=34338.14, stdev=3542.79, samples=4760
  lat (usec)   : 20=0.01%, 50=0.01%, 100=0.01%, 250=0.01%, 500=0.01%
  lat (usec)   : 750=0.01%, 1000=0.01%
  lat (msec)   : 2=0.01%, 4=0.01%, 10=0.01%, 20=96.79%, 50=1.60%
  lat (msec)   : 100=0.07%, 250=0.08%, 500=0.19%, 750=0.31%, 1000=0.35%
  lat (msec)   : 2000=0.49%, >=2000=0.12%
  cpu          : usr=8.17%, sys=41.60%, ctx=144101, majf=0, minf=360
  IO depths    : 1=0.1%, 2=0.1%, 4=0.1%, 8=0.1%, 16=0.1%, 32=0.1%, >=64=100.0%
     submit    : 0=0.0%, 4=100.0%, 8=0.0%, 16=0.0%, 32=0.0%, 64=0.0%, >=64=0.0%
     complete  : 0=0.0%, 4=100.0%, 8=0.0%, 16=0.0%, 32=0.0%, 64=0.0%, >=64=0.1%
     issued rwts: total=10203802,10204117,0,0 short=0,0,0,0 dropped=0,0,0,0
     latency   : target=0, window=0, percentile=100.00%, depth=256

Run status group 0 (all jobs):
   READ: bw=133MiB/s (139MB/s), 133MiB/s-133MiB/s (139MB/s-139MB/s), io=38.9GiB (41.8GB), run=300011-300011msec
  WRITE: bw=133MiB/s (139MB/s), 133MiB/s-133MiB/s (139MB/s-139MB/s), io=38.9GiB (41.8GB), run=300011-300011msec
