test: (g=0): rw=read, bs=(R) 4096B-4096B, (W) 4096B-4096B, (T) 4096B-4096B, ioengine=libaio, iodepth=256
...
fio-3.27
Starting 2 processes
seq-read: Laying out IO file (1 file / 1024MiB)

test: (groupid=0, jobs=2): err= 0: pid=232790: Tue Jul 20 15:27:31 2021
  read: IOPS=34.0k, BW=133MiB/s (139MB/s)(38.9GiB/300011msec)
    slat (usec): min=10, max=86477, avg=47.62, stdev=601.74
    clat (usec): min=10, max=4409.3k, avg=15013.61, stdev=75415.58
     lat (usec): min=22, max=4434.3k, avg=15062.01, stdev=75661.69
    clat percentiles (msec):
     |  1.00th=[    5],  5.00th=[    5], 10.00th=[    5], 20.00th=[    5],
     | 30.00th=[    5], 40.00th=[    5], 50.00th=[    5], 60.00th=[    6],
     | 70.00th=[    6], 80.00th=[    6], 90.00th=[   16], 95.00th=[   26],
     | 99.00th=[  422], 99.50th=[  584], 99.90th=[  944], 99.95th=[ 1003],
     | 99.99th=[ 1418]
   bw (  KiB/s): min=   32, max=329312, per=100.00%, avg=139529.50, stdev=66847.81, samples=1174
   iops        : min=    8, max=82328, avg=34882.39, stdev=16711.97, samples=1174
  lat (usec)   : 20=0.01%, 50=0.01%, 100=0.01%, 250=0.01%, 500=0.01%
  lat (usec)   : 750=0.01%, 1000=0.01%
  lat (msec)   : 2=0.01%, 4=0.01%, 10=87.65%, 20=4.98%, 50=5.81%
  lat (msec)   : 100=0.03%, 250=0.12%, 500=0.70%, 750=0.43%, 1000=0.23%
  lat (msec)   : 2000=0.05%, >=2000=0.01%
  cpu          : usr=14.33%, sys=39.66%, ctx=146754, majf=0, minf=590
  IO depths    : 1=0.1%, 2=0.1%, 4=0.1%, 8=0.1%, 16=0.1%, 32=0.1%, >=64=100.0%
     submit    : 0=0.0%, 4=100.0%, 8=0.0%, 16=0.0%, 32=0.0%, 64=0.0%, >=64=0.0%
     complete  : 0=0.0%, 4=100.0%, 8=0.0%, 16=0.0%, 32=0.0%, 64=0.0%, >=64=0.1%
     issued rwts: total=10188581,0,0,0 short=0,0,0,0 dropped=0,0,0,0
     latency   : target=0, window=0, percentile=100.00%, depth=256

Run status group 0 (all jobs):
   READ: bw=133MiB/s (139MB/s), 133MiB/s-133MiB/s (139MB/s-139MB/s), io=38.9GiB (41.7GB), run=300011-300011msec
