readwrite: (g=0): rw=rw, bs=(R) 4096B-4096B, (W) 4096B-4096B, (T) 4096B-4096B, ioengine=libaio, iodepth=256
...
fio-3.27
Starting 2 processes
readwrite: Laying out IO file (1 file / 1024MiB)

readwrite: (groupid=0, jobs=2): err= 0: pid=153402: Wed Jul 21 19:27:18 2021
  read: IOPS=15.2k, BW=59.4MiB/s (62.3MB/s)(17.4GiB/300001msec)
    slat (usec): min=7, max=201278, avg=35.39, stdev=465.54
    clat (usec): min=13, max=1039.0k, avg=16780.73, stdev=30483.53
     lat (usec): min=107, max=1039.0k, avg=16816.87, stdev=30621.21
    clat percentiles (msec):
     |  1.00th=[   12],  5.00th=[   13], 10.00th=[   13], 20.00th=[   13],
     | 30.00th=[   13], 40.00th=[   14], 50.00th=[   14], 60.00th=[   14],
     | 70.00th=[   14], 80.00th=[   14], 90.00th=[   15], 95.00th=[   19],
     | 99.00th=[  140], 99.50th=[  207], 99.90th=[  393], 99.95th=[  659],
     | 99.99th=[  927]
   bw (  KiB/s): min= 2035, max=83944, per=100.00%, avg=61573.66, stdev=13290.21, samples=1185
   iops        : min=  508, max=20986, avg=15393.39, stdev=3322.57, samples=1185
  write: IOPS=15.2k, BW=59.4MiB/s (62.3MB/s)(17.4GiB/300001msec); 0 zone resets
    slat (usec): min=68, max=48995, avg=74.66, stdev=28.01
    clat (usec): min=11, max=1038.9k, avg=16760.08, stdev=30282.40
     lat (usec): min=85, max=1039.0k, avg=16835.82, stdev=30283.57
    clat percentiles (msec):
     |  1.00th=[   12],  5.00th=[   13], 10.00th=[   13], 20.00th=[   13],
     | 30.00th=[   13], 40.00th=[   14], 50.00th=[   14], 60.00th=[   14],
     | 70.00th=[   14], 80.00th=[   14], 90.00th=[   15], 95.00th=[   19],
     | 99.00th=[  140], 99.50th=[  207], 99.90th=[  388], 99.95th=[  609],
     | 99.99th=[  927]
   bw (  KiB/s): min= 1896, max=82096, per=100.00%, avg=61487.48, stdev=13304.57, samples=1186
   iops        : min=  474, max=20524, avg=15371.83, stdev=3326.16, samples=1186
  lat (usec)   : 20=0.01%, 100=0.01%, 250=0.01%, 500=0.01%, 750=0.01%
  lat (usec)   : 1000=0.01%
  lat (msec)   : 2=0.01%, 4=0.01%, 10=0.01%, 20=96.41%, 50=1.94%
  lat (msec)   : 100=0.11%, 250=1.19%, 500=0.29%, 750=0.02%, 1000=0.04%
  lat (msec)   : 2000=0.01%
  cpu          : usr=14.55%, sys=71.22%, ctx=68537, majf=0, minf=86
  IO depths    : 1=0.1%, 2=0.1%, 4=0.1%, 8=0.1%, 16=0.1%, 32=0.1%, >=64=100.0%
     submit    : 0=0.0%, 4=100.0%, 8=0.0%, 16=0.0%, 32=0.0%, 64=0.0%, >=64=0.0%
     complete  : 0=0.0%, 4=100.0%, 8=0.0%, 16=0.0%, 32=0.0%, 64=0.0%, >=64=0.1%
     issued rwts: total=4563425,4561054,0,0 short=0,0,0,0 dropped=0,0,0,0
     latency   : target=0, window=0, percentile=100.00%, depth=256

Run status group 0 (all jobs):
   READ: bw=59.4MiB/s (62.3MB/s), 59.4MiB/s-59.4MiB/s (62.3MB/s-62.3MB/s), io=17.4GiB (18.7GB), run=300001-300001msec
  WRITE: bw=59.4MiB/s (62.3MB/s), 59.4MiB/s-59.4MiB/s (62.3MB/s-62.3MB/s), io=17.4GiB (18.7GB), run=300001-300001msec
