test: (g=0): rw=randread, bs=(R) 4096B-4096B, (W) 4096B-4096B, (T) 4096B-4096B, ioengine=libaio, iodepth=256
fio-3.27
Starting 1 process
test: Laying out IO file (1 file / 1024MiB)

test: (groupid=0, jobs=1): err= 0: pid=158474: Mon Jul 19 19:27:38 2021
  read: IOPS=80, BW=323KiB/s (331kB/s)(94.6MiB/300010msec)
    slat (usec): min=474, max=154267, avg=12363.85, stdev=12054.49
    clat (usec): min=13, max=5427.6k, avg=3136877.16, stdev=1490695.98
     lat (msec): min=9, max=5435, avg=3149.24, stdev=1496.36
    clat percentiles (msec):
     |  1.00th=[ 1284],  5.00th=[ 1385], 10.00th=[ 1418], 20.00th=[ 1469],
     | 30.00th=[ 1536], 40.00th=[ 1636], 50.00th=[ 3910], 60.00th=[ 4111],
     | 70.00th=[ 4279], 80.00th=[ 4665], 90.00th=[ 4933], 95.00th=[ 5067],
     | 99.00th=[ 5269], 99.50th=[ 5336], 99.90th=[ 5403], 99.95th=[ 5403],
     | 99.99th=[ 5403]
   bw (  KiB/s): min=   48, max=  888, per=100.00%, avg=323.64, stdev=190.11, samples=592
   iops        : min=   12, max=  222, avg=80.91, stdev=47.53, samples=592
  lat (usec)   : 20=0.01%
  lat (msec)   : 10=0.01%, 20=0.01%, 50=0.01%, 100=0.01%, 250=0.03%
  lat (msec)   : 500=0.07%, 750=0.04%, 1000=0.05%, 2000=42.65%, >=2000=57.13%
  cpu          : usr=0.17%, sys=1.22%, ctx=24236, majf=0, minf=294
  IO depths    : 1=0.1%, 2=0.1%, 4=0.1%, 8=0.1%, 16=0.1%, 32=0.1%, >=64=99.7%
     submit    : 0=0.0%, 4=100.0%, 8=0.0%, 16=0.0%, 32=0.0%, 64=0.0%, >=64=0.0%
     complete  : 0=0.0%, 4=100.0%, 8=0.0%, 16=0.0%, 32=0.0%, 64=0.0%, >=64=0.1%
     issued rwts: total=24227,0,0,0 short=0,0,0,0 dropped=0,0,0,0
     latency   : target=0, window=0, percentile=100.00%, depth=256

Run status group 0 (all jobs):
   READ: bw=323KiB/s (331kB/s), 323KiB/s-323KiB/s (331kB/s-331kB/s), io=94.6MiB (99.2MB), run=300010-300010msec
