readwrite: (g=0): rw=rw, bs=(R) 4096B-4096B, (W) 4096B-4096B, (T) 4096B-4096B, ioengine=libaio, iodepth=256
...
fio-3.27
Starting 8 processes
readwrite: Laying out IO file (1 file / 1024MiB)
readwrite: Laying out IO file (1 file / 1024MiB)
readwrite: Laying out IO file (1 file / 1024MiB)
readwrite: Laying out IO file (1 file / 1024MiB)

readwrite: (groupid=0, jobs=8): err= 0: pid=40898: Wed Jul 21 17:40:48 2021
  read: IOPS=34.0k, BW=133MiB/s (139MB/s)(39.0GiB/300676msec)
    slat (usec): min=7, max=412100, avg=134.83, stdev=2245.99
    clat (usec): min=10, max=10521k, avg=29952.39, stdev=164352.21
     lat (usec): min=22, max=10548k, avg=30087.97, stdev=165537.80
    clat percentiles (msec):
     |  1.00th=[   12],  5.00th=[   13], 10.00th=[   13], 20.00th=[   14],
     | 30.00th=[   14], 40.00th=[   14], 50.00th=[   14], 60.00th=[   14],
     | 70.00th=[   15], 80.00th=[   15], 90.00th=[   15], 95.00th=[   17],
     | 99.00th=[  693], 99.50th=[ 1083], 99.90th=[ 2198], 99.95th=[ 3004],
     | 99.99th=[ 5336]
   bw (  KiB/s): min=  128, max=327664, per=100.00%, avg=137754.23, stdev=14091.37, samples=4763
   iops        : min=   32, max=81916, avg=34438.35, stdev=3522.85, samples=4763
  write: IOPS=34.0k, BW=133MiB/s (139MB/s)(39.0GiB/300676msec); 0 zone resets
    slat (usec): min=68, max=137123, avg=78.33, stdev=64.60
    clat (usec): min=11, max=10531k, avg=29871.95, stdev=163940.50
     lat (usec): min=82, max=10531k, avg=29951.40, stdev=163943.22
    clat percentiles (msec):
     |  1.00th=[   12],  5.00th=[   13], 10.00th=[   13], 20.00th=[   14],
     | 30.00th=[   14], 40.00th=[   14], 50.00th=[   14], 60.00th=[   14],
     | 70.00th=[   15], 80.00th=[   15], 90.00th=[   15], 95.00th=[   17],
     | 99.00th=[  684], 99.50th=[ 1083], 99.90th=[ 2165], 99.95th=[ 3004],
     | 99.99th=[ 5403]
   bw (  KiB/s): min=  128, max=324240, per=100.00%, avg=137617.86, stdev=14090.60, samples=4767
   iops        : min=   32, max=81060, avg=34404.29, stdev=3522.66, samples=4767
  lat (usec)   : 20=0.01%, 50=0.01%, 100=0.01%, 250=0.01%, 500=0.01%
  lat (usec)   : 750=0.01%, 1000=0.01%
  lat (msec)   : 2=0.01%, 4=0.01%, 10=0.01%, 20=96.96%, 50=1.44%
  lat (msec)   : 100=0.06%, 250=0.06%, 500=0.22%, 750=0.36%, 1000=0.33%
  lat (msec)   : 2000=0.46%, >=2000=0.13%
  cpu          : usr=8.16%, sys=41.09%, ctx=147568, majf=0, minf=353
  IO depths    : 1=0.1%, 2=0.1%, 4=0.1%, 8=0.1%, 16=0.1%, 32=0.1%, >=64=100.0%
     submit    : 0=0.0%, 4=100.0%, 8=0.0%, 16=0.0%, 32=0.0%, 64=0.0%, >=64=0.0%
     complete  : 0=0.0%, 4=100.0%, 8=0.0%, 16=0.0%, 32=0.0%, 64=0.0%, >=64=0.1%
     issued rwts: total=10234652,10231127,0,0 short=0,0,0,0 dropped=0,0,0,0
     latency   : target=0, window=0, percentile=100.00%, depth=256

Run status group 0 (all jobs):
   READ: bw=133MiB/s (139MB/s), 133MiB/s-133MiB/s (139MB/s-139MB/s), io=39.0GiB (41.9GB), run=300676-300676msec
  WRITE: bw=133MiB/s (139MB/s), 133MiB/s-133MiB/s (139MB/s-139MB/s), io=39.0GiB (41.9GB), run=300676-300676msec
