test: (g=0): rw=randread, bs=(R) 4096B-4096B, (W) 4096B-4096B, (T) 4096B-4096B, ioengine=libaio, iodepth=256
...
fio-3.27
Starting 64 processes
rand-read: Laying out IO file (1 file / 1024MiB)
rand-read: Laying out IO file (1 file / 1024MiB)
rand-read: Laying out IO file (1 file / 1024MiB)
rand-read: Laying out IO file (1 file / 1024MiB)
rand-read: Laying out IO file (1 file / 1024MiB)
rand-read: Laying out IO file (1 file / 1024MiB)
rand-read: Laying out IO file (1 file / 1024MiB)
rand-read: Laying out IO file (1 file / 1024MiB)
rand-read: Laying out IO file (1 file / 1024MiB)
rand-read: Laying out IO file (1 file / 1024MiB)
rand-read: Laying out IO file (1 file / 1024MiB)
rand-read: Laying out IO file (1 file / 1024MiB)
rand-read: Laying out IO file (1 file / 1024MiB)
rand-read: Laying out IO file (1 file / 1024MiB)
rand-read: Laying out IO file (1 file / 1024MiB)
rand-read: Laying out IO file (1 file / 1024MiB)
rand-read: Laying out IO file (1 file / 1024MiB)
rand-read: Laying out IO file (1 file / 1024MiB)
rand-read: Laying out IO file (1 file / 1024MiB)
rand-read: Laying out IO file (1 file / 1024MiB)
rand-read: Laying out IO file (1 file / 1024MiB)
rand-read: Laying out IO file (1 file / 1024MiB)
rand-read: Laying out IO file (1 file / 1024MiB)
rand-read: Laying out IO file (1 file / 1024MiB)
rand-read: Laying out IO file (1 file / 1024MiB)
rand-read: Laying out IO file (1 file / 1024MiB)
rand-read: Laying out IO file (1 file / 1024MiB)
rand-read: Laying out IO file (1 file / 1024MiB)
rand-read: Laying out IO file (1 file / 1024MiB)
rand-read: Laying out IO file (1 file / 1024MiB)
rand-read: Laying out IO file (1 file / 1024MiB)
rand-read: Laying out IO file (1 file / 1024MiB)

test: (groupid=0, jobs=64): err= 0: pid=237621: Mon Jul 19 22:42:53 2021
  read: IOPS=559, BW=2238KiB/s (2292kB/s)(656MiB/300086msec)
    slat (usec): min=519, max=9577.8k, avg=114341.99, stdev=82123.57
    clat (usec): min=15, max=51583k, avg=27720345.18, stdev=9336606.00
     lat (msec): min=2, max=51711, avg=27834.69, stdev=9362.20
    clat percentiles (msec):
     |  1.00th=[  326],  5.00th=[ 1536], 10.00th=[15100], 20.00th=[17113],
     | 30.00th=[17113], 40.00th=[17113], 50.00th=[17113], 60.00th=[17113],
     | 70.00th=[17113], 80.00th=[17113], 90.00th=[17113], 95.00th=[17113],
     | 99.00th=[17113], 99.50th=[17113], 99.90th=[17113], 99.95th=[17113],
     | 99.99th=[17113]
   bw (  KiB/s): min=  920, max=24722, per=100.00%, avg=2246.30, stdev=21.81, samples=33920
   iops        : min=  230, max= 6182, avg=561.58, stdev= 5.45, samples=33920
  lat (usec)   : 20=0.01%, 50=0.02%
  lat (msec)   : 4=0.01%, 10=0.01%, 20=0.03%, 50=0.08%, 100=0.14%
  lat (msec)   : 250=0.47%, 500=0.85%, 750=0.94%, 1000=0.87%, 2000=2.14%
  lat (msec)   : >=2000=94.43%
  cpu          : usr=0.03%, sys=0.17%, ctx=168363, majf=0, minf=18912
  IO depths    : 1=0.1%, 2=0.1%, 4=0.2%, 8=0.3%, 16=0.6%, 32=1.2%, >=64=97.6%
     submit    : 0=0.0%, 4=100.0%, 8=0.0%, 16=0.0%, 32=0.0%, 64=0.0%, >=64=0.0%
     complete  : 0=0.0%, 4=100.0%, 8=0.0%, 16=0.0%, 32=0.0%, 64=0.0%, >=64=0.1%
     issued rwts: total=167884,0,0,0 short=0,0,0,0 dropped=0,0,0,0
     latency   : target=0, window=0, percentile=100.00%, depth=256

Run status group 0 (all jobs):
   READ: bw=2238KiB/s (2292kB/s), 2238KiB/s-2238KiB/s (2292kB/s-2292kB/s), io=656MiB (688MB), run=300086-300086msec
