test: (g=0): rw=randread, bs=(R) 4096B-4096B, (W) 4096B-4096B, (T) 4096B-4096B, ioengine=libaio, iodepth=256
...
fio-3.27
Starting 8 processes
rand-read: Laying out IO file (1 file / 1024MiB)
rand-read: Laying out IO file (1 file / 1024MiB)
rand-read: Laying out IO file (1 file / 1024MiB)
rand-read: Laying out IO file (1 file / 1024MiB)

test: (groupid=0, jobs=8): err= 0: pid=138439: Mon Jul 19 19:06:30 2021
  read: IOPS=734, BW=2937KiB/s (3008kB/s)(861MiB/300041msec)
    slat (usec): min=448, max=191112, avg=10870.97, stdev=8909.52
    clat (usec): min=13, max=4622.9k, avg=2765938.95, stdev=433275.92
     lat (msec): min=2, max=4653, avg=2776.81, stdev=434.62
    clat percentiles (msec):
     |  1.00th=[ 2089],  5.00th=[ 2232], 10.00th=[ 2333], 20.00th=[ 2433],
     | 30.00th=[ 2500], 40.00th=[ 2601], 50.00th=[ 2702], 60.00th=[ 2802],
     | 70.00th=[ 2937], 80.00th=[ 3071], 90.00th=[ 3306], 95.00th=[ 3608],
     | 99.00th=[ 4044], 99.50th=[ 4178], 99.90th=[ 4329], 99.95th=[ 4396],
     | 99.99th=[ 4530]
   bw (  KiB/s): min= 1488, max= 4459, per=99.93%, avg=2935.17, stdev=65.54, samples=4754
   iops        : min=  372, max= 1114, avg=733.79, stdev=16.38, samples=4754
  lat (usec)   : 20=0.01%, 50=0.01%
  lat (msec)   : 4=0.01%, 10=0.01%, 20=0.01%, 50=0.01%, 100=0.01%
  lat (msec)   : 250=0.03%, 500=0.06%, 750=0.06%, 1000=0.07%, 2000=0.37%
  lat (msec)   : >=2000=99.39%
  cpu          : usr=0.23%, sys=1.50%, ctx=220419, majf=0, minf=2361
  IO depths    : 1=0.1%, 2=0.1%, 4=0.1%, 8=0.1%, 16=0.1%, 32=0.1%, >=64=99.8%
     submit    : 0=0.0%, 4=100.0%, 8=0.0%, 16=0.0%, 32=0.0%, 64=0.0%, >=64=0.0%
     complete  : 0=0.0%, 4=100.0%, 8=0.0%, 16=0.0%, 32=0.0%, 64=0.0%, >=64=0.1%
     issued rwts: total=220320,0,0,0 short=0,0,0,0 dropped=0,0,0,0
     latency   : target=0, window=0, percentile=100.00%, depth=256

Run status group 0 (all jobs):
   READ: bw=2937KiB/s (3008kB/s), 2937KiB/s-2937KiB/s (3008kB/s-3008kB/s), io=861MiB (902MB), run=300041-300041msec
