test: (g=0): rw=randread, bs=(R) 4096B-4096B, (W) 4096B-4096B, (T) 4096B-4096B, ioengine=libaio, iodepth=256
...
fio-3.27
Starting 4 processes
rand-read: Laying out IO file (1 file / 1024MiB)
rand-read: Laying out IO file (1 file / 1024MiB)

test: (groupid=0, jobs=4): err= 0: pid=209051: Mon Jul 19 22:00:57 2021
  read: IOPS=477, BW=1909KiB/s (1954kB/s)(559MiB/300007msec)
    slat (usec): min=464, max=114196, avg=8361.85, stdev=5970.07
    clat (usec): min=12, max=2537.1k, avg=2129986.51, stdev=143879.94
     lat (msec): min=3, max=2542, avg=2138.35, stdev=144.03
    clat percentiles (msec):
     |  1.00th=[ 1888],  5.00th=[ 1972], 10.00th=[ 2005], 20.00th=[ 2056],
     | 30.00th=[ 2072], 40.00th=[ 2106], 50.00th=[ 2140], 60.00th=[ 2165],
     | 70.00th=[ 2198], 80.00th=[ 2232], 90.00th=[ 2265], 95.00th=[ 2299],
     | 99.00th=[ 2366], 99.50th=[ 2400], 99.90th=[ 2467], 99.95th=[ 2467],
     | 99.99th=[ 2500]
   bw (  KiB/s): min= 1248, max= 2408, per=99.97%, avg=1908.81, stdev=44.96, samples=2380
   iops        : min=  312, max=  602, avg=477.18, stdev=11.23, samples=2380
  lat (usec)   : 20=0.01%, 50=0.01%
  lat (msec)   : 4=0.01%, 10=0.01%, 20=0.01%, 50=0.01%, 100=0.01%
  lat (msec)   : 250=0.04%, 500=0.10%, 750=0.09%, 1000=0.07%, 2000=8.94%
  lat (msec)   : >=2000=90.74%
  cpu          : usr=0.28%, sys=1.88%, ctx=143183, majf=0, minf=1181
  IO depths    : 1=0.1%, 2=0.1%, 4=0.1%, 8=0.1%, 16=0.1%, 32=0.1%, >=64=99.8%
     submit    : 0=0.0%, 4=100.0%, 8=0.0%, 16=0.0%, 32=0.0%, 64=0.0%, >=64=0.0%
     complete  : 0=0.0%, 4=100.0%, 8=0.0%, 16=0.0%, 32=0.0%, 64=0.0%, >=64=0.1%
     issued rwts: total=143143,0,0,0 short=0,0,0,0 dropped=0,0,0,0
     latency   : target=0, window=0, percentile=100.00%, depth=256

Run status group 0 (all jobs):
   READ: bw=1909KiB/s (1954kB/s), 1909KiB/s-1909KiB/s (1954kB/s-1954kB/s), io=559MiB (586MB), run=300007-300007msec
