test: (g=0): rw=randread, bs=(R) 4096B-4096B, (W) 4096B-4096B, (T) 4096B-4096B, ioengine=libaio, iodepth=256
...
fio-3.27
Starting 2 processes
rand-read: Laying out IO file (1 file / 1024MiB)

test: (groupid=0, jobs=2): err= 0: pid=137256: Mon Jul 19 19:33:08 2021
  read: IOPS=172, BW=692KiB/s (708kB/s)(203MiB/300002msec)
    slat (usec): min=443, max=180780, avg=11547.99, stdev=11054.85
    clat (usec): min=26, max=6036.4k, avg=2926054.46, stdev=1575329.65
     lat (msec): min=4, max=6052, avg=2937.60, stdev=1581.42
    clat percentiles (msec):
     |  1.00th=[ 1452],  5.00th=[ 1586], 10.00th=[ 1703], 20.00th=[ 1838],
     | 30.00th=[ 1888], 40.00th=[ 1955], 50.00th=[ 2005], 60.00th=[ 2089],
     | 70.00th=[ 4530], 80.00th=[ 5201], 90.00th=[ 5403], 95.00th=[ 5537],
     | 99.00th=[ 5738], 99.50th=[ 5805], 99.90th=[ 5873], 99.95th=[ 5940],
     | 99.99th=[ 6007]
   bw (  KiB/s): min=  184, max= 1600, per=100.00%, avg=695.67, stdev=178.41, samples=1179
   iops        : min=   46, max=  400, avg=173.89, stdev=44.59, samples=1179
  lat (usec)   : 50=0.01%
  lat (msec)   : 10=0.01%, 20=0.01%, 50=0.02%, 100=0.01%, 250=0.08%
  lat (msec)   : 500=0.12%, 750=0.14%, 1000=0.14%, 2000=48.49%, >=2000=50.98%
  cpu          : usr=0.19%, sys=1.33%, ctx=51883, majf=0, minf=589
  IO depths    : 1=0.1%, 2=0.1%, 4=0.1%, 8=0.1%, 16=0.1%, 32=0.1%, >=64=99.8%
     submit    : 0=0.0%, 4=100.0%, 8=0.0%, 16=0.0%, 32=0.0%, 64=0.0%, >=64=0.0%
     complete  : 0=0.0%, 4=100.0%, 8=0.0%, 16=0.0%, 32=0.0%, 64=0.0%, >=64=0.1%
     issued rwts: total=51865,0,0,0 short=0,0,0,0 dropped=0,0,0,0
     latency   : target=0, window=0, percentile=100.00%, depth=256

Run status group 0 (all jobs):
   READ: bw=692KiB/s (708kB/s), 692KiB/s-692KiB/s (708kB/s-708kB/s), io=203MiB (212MB), run=300002-300002msec
