test: (g=0): rw=randread, bs=(R) 4096B-4096B, (W) 4096B-4096B, (T) 4096B-4096B, ioengine=libaio, iodepth=256
...
fio-3.27
Starting 64 processes
rand-read: Laying out IO file (1 file / 1024MiB)
rand-read: Laying out IO file (1 file / 1024MiB)
rand-read: Laying out IO file (1 file / 1024MiB)
rand-read: Laying out IO file (1 file / 1024MiB)
rand-read: Laying out IO file (1 file / 1024MiB)
rand-read: Laying out IO file (1 file / 1024MiB)
rand-read: Laying out IO file (1 file / 1024MiB)
rand-read: Laying out IO file (1 file / 1024MiB)
rand-read: Laying out IO file (1 file / 1024MiB)
rand-read: Laying out IO file (1 file / 1024MiB)
rand-read: Laying out IO file (1 file / 1024MiB)
rand-read: Laying out IO file (1 file / 1024MiB)
rand-read: Laying out IO file (1 file / 1024MiB)
rand-read: Laying out IO file (1 file / 1024MiB)
rand-read: Laying out IO file (1 file / 1024MiB)
rand-read: Laying out IO file (1 file / 1024MiB)
rand-read: Laying out IO file (1 file / 1024MiB)
rand-read: Laying out IO file (1 file / 1024MiB)
rand-read: Laying out IO file (1 file / 1024MiB)
rand-read: Laying out IO file (1 file / 1024MiB)
rand-read: Laying out IO file (1 file / 1024MiB)
rand-read: Laying out IO file (1 file / 1024MiB)
rand-read: Laying out IO file (1 file / 1024MiB)
rand-read: Laying out IO file (1 file / 1024MiB)
rand-read: Laying out IO file (1 file / 1024MiB)
rand-read: Laying out IO file (1 file / 1024MiB)
rand-read: Laying out IO file (1 file / 1024MiB)
rand-read: Laying out IO file (1 file / 1024MiB)
rand-read: Laying out IO file (1 file / 1024MiB)
rand-read: Laying out IO file (1 file / 1024MiB)
rand-read: Laying out IO file (1 file / 1024MiB)
rand-read: Laying out IO file (1 file / 1024MiB)

test: (groupid=0, jobs=64): err= 0: pid=135062: Mon Jul 19 19:30:53 2021
  read: IOPS=2002, BW=8011KiB/s (8203kB/s)(2348MiB/300158msec)
    slat (usec): min=525, max=1197.0k, avg=31914.29, stdev=23159.68
    clat (usec): min=14, max=18752k, avg=8069990.08, stdev=2179064.74
     lat (msec): min=10, max=18813, avg=8101.91, stdev=2186.40
    clat percentiles (msec):
     |  1.00th=[ 2903],  5.00th=[ 6544], 10.00th=[ 6745], 20.00th=[ 6946],
     | 30.00th=[ 7013], 40.00th=[ 7148], 50.00th=[ 7282], 60.00th=[ 7483],
     | 70.00th=[ 7752], 80.00th=[ 8557], 90.00th=[12147], 95.00th=[12818],
     | 99.00th=[14295], 99.50th=[15234], 99.90th=[16979], 99.95th=[17113],
     | 99.99th=[17113]
   bw (  KiB/s): min= 2544, max=11104, per=99.39%, avg=7962.98, stdev=19.55, samples=37480
   iops        : min=  636, max= 2776, avg=1990.75, stdev= 4.89, samples=37480
  lat (usec)   : 20=0.01%, 50=0.01%
  lat (msec)   : 20=0.01%, 50=0.01%, 100=0.02%, 250=0.06%, 500=0.10%
  lat (msec)   : 750=0.09%, 1000=0.08%, 2000=0.33%, >=2000=99.30%
  cpu          : usr=0.10%, sys=0.59%, ctx=601675, majf=0, minf=18888
  IO depths    : 1=0.1%, 2=0.1%, 4=0.1%, 8=0.1%, 16=0.2%, 32=0.3%, >=64=99.3%
     submit    : 0=0.0%, 4=100.0%, 8=0.0%, 16=0.0%, 32=0.0%, 64=0.0%, >=64=0.0%
     complete  : 0=0.0%, 4=100.0%, 8=0.0%, 16=0.0%, 32=0.0%, 64=0.0%, >=64=0.1%
     issued rwts: total=601125,0,0,0 short=0,0,0,0 dropped=0,0,0,0
     latency   : target=0, window=0, percentile=100.00%, depth=256

Run status group 0 (all jobs):
   READ: bw=8011KiB/s (8203kB/s), 8011KiB/s-8011KiB/s (8203kB/s-8203kB/s), io=2348MiB (2462MB), run=300158-300158msec
