test: (g=0): rw=read, bs=(R) 4096B-4096B, (W) 4096B-4096B, (T) 4096B-4096B, ioengine=libaio, iodepth=256
...
fio-3.27
Starting 4 processes
seq-read: Laying out IO file (1 file / 1024MiB)
seq-read: Laying out IO file (1 file / 1024MiB)

test: (groupid=0, jobs=4): err= 0: pid=206511: Tue Jul 20 14:30:28 2021
  read: IOPS=35.1k, BW=137MiB/s (144MB/s)(40.1GiB/300002msec)
    slat (usec): min=10, max=3639.8k, avg=102.52, stdev=1974.44
    clat (usec): min=10, max=8831.1k, avg=29076.77, stdev=121764.27
     lat (usec): min=22, max=8872.9k, avg=29180.14, stdev=122158.34
    clat percentiles (msec):
     |  1.00th=[    5],  5.00th=[    5], 10.00th=[    5], 20.00th=[    5],
     | 30.00th=[    5], 40.00th=[    5], 50.00th=[    5], 60.00th=[    6],
     | 70.00th=[    6], 80.00th=[    6], 90.00th=[   26], 95.00th=[  188],
     | 99.00th=[  481], 99.50th=[  527], 99.90th=[  927], 99.95th=[  961],
     | 99.99th=[ 4799]
   bw (  KiB/s): min=   80, max=593312, per=100.00%, avg=145783.02, stdev=29336.08, samples=2353
   iops        : min=   20, max=148328, avg=36445.73, stdev=7334.02, samples=2353
  lat (usec)   : 20=0.01%, 50=0.01%, 100=0.01%, 250=0.01%, 500=0.01%
  lat (usec)   : 750=0.01%, 1000=0.01%
  lat (msec)   : 2=0.01%, 4=0.01%, 10=84.37%, 20=4.95%, 50=5.60%
  lat (msec)   : 100=0.02%, 250=0.20%, 500=4.14%, 750=0.57%, 1000=0.11%
  lat (msec)   : 2000=0.02%, >=2000=0.02%
  cpu          : usr=7.79%, sys=24.43%, ctx=524032, majf=0, minf=1182
  IO depths    : 1=0.1%, 2=0.1%, 4=0.1%, 8=0.1%, 16=0.1%, 32=0.1%, >=64=100.0%
     submit    : 0=0.0%, 4=100.0%, 8=0.0%, 16=0.0%, 32=0.0%, 64=0.0%, >=64=0.0%
     complete  : 0=0.0%, 4=100.0%, 8=0.0%, 16=0.0%, 32=0.0%, 64=0.0%, >=64=0.1%
     issued rwts: total=10520212,0,0,0 short=0,0,0,0 dropped=0,0,0,0
     latency   : target=0, window=0, percentile=100.00%, depth=256

Run status group 0 (all jobs):
   READ: bw=137MiB/s (144MB/s), 137MiB/s-137MiB/s (144MB/s-144MB/s), io=40.1GiB (43.1GB), run=300002-300002msec
