test: (g=0): rw=read, bs=(R) 4096B-4096B, (W) 4096B-4096B, (T) 4096B-4096B, ioengine=libaio, iodepth=256
...
fio-3.27
Starting 64 processes

test: (groupid=0, jobs=64): err= 0: pid=244472: Fri Jul 16 04:05:17 2021
  read: IOPS=38.4k, BW=150MiB/s (157MB/s)(43.9GiB/300029msec)
    slat (usec): min=10, max=298719, avg=1654.54, stdev=5338.61
    clat (usec): min=10, max=15386k, avg=424213.51, stdev=1055984.70
     lat (usec): min=23, max=15418k, avg=425869.31, stdev=1060013.00
    clat percentiles (msec):
     |  1.00th=[    5],  5.00th=[    5], 10.00th=[    6], 20.00th=[    6],
     | 30.00th=[    6], 40.00th=[    6], 50.00th=[    6], 60.00th=[    6],
     | 70.00th=[   17], 80.00th=[   27], 90.00th=[ 1821], 95.00th=[ 2265],
     | 99.00th=[ 5134], 99.50th=[ 6141], 99.90th=[ 7953], 99.95th=[ 8658],
     | 99.99th=[10268]
   bw (  KiB/s): min= 2840, max=4712606, per=100.00%, avg=156622.59, stdev=12919.93, samples=38119
   iops        : min=  710, max=1178143, avg=39153.07, stdev=3229.97, samples=38119
  lat (usec)   : 20=0.01%, 50=0.01%, 100=0.01%, 250=0.01%, 500=0.01%
  lat (usec)   : 750=0.01%, 1000=0.01%
  lat (msec)   : 2=0.01%, 4=0.01%, 10=68.48%, 20=9.36%, 50=4.59%
  lat (msec)   : 100=0.08%, 250=0.02%, 500=0.04%, 750=0.03%, 1000=0.05%
  lat (msec)   : 2000=9.90%, >=2000=7.44%
  cpu          : usr=0.72%, sys=3.07%, ctx=1992780, majf=0, minf=18926
  IO depths    : 1=0.1%, 2=0.1%, 4=0.1%, 8=0.1%, 16=0.1%, 32=0.1%, >=64=100.0%
     submit    : 0=0.0%, 4=100.0%, 8=0.0%, 16=0.0%, 32=0.0%, 64=0.0%, >=64=0.0%
     complete  : 0=0.0%, 4=100.0%, 8=0.0%, 16=0.0%, 32=0.0%, 64=0.0%, >=64=0.1%
     issued rwts: total=11510538,0,0,0 short=0,0,0,0 dropped=0,0,0,0
     latency   : target=0, window=0, percentile=100.00%, depth=256

Run status group 0 (all jobs):
   READ: bw=150MiB/s (157MB/s), 150MiB/s-150MiB/s (157MB/s-157MB/s), io=43.9GiB (47.1GB), run=300029-300029msec
