test: (g=0): rw=randread, bs=(R) 4096B-4096B, (W) 4096B-4096B, (T) 4096B-4096B, ioengine=libaio, iodepth=256
fio-3.27
Starting 1 process
test: Laying out IO file (1 file / 1024MiB)

test: (groupid=0, jobs=1): err= 0: pid=204925: Mon Jul 19 21:49:35 2021
  read: IOPS=175, BW=701KiB/s (718kB/s)(205MiB/300003msec)
    slat (usec): min=439, max=84791, avg=5686.23, stdev=4324.34
    clat (usec): min=27, max=1794.7k, avg=1451325.00, stdev=95190.55
     lat (msec): min=8, max=1798, avg=1457.01, stdev=95.32
    clat percentiles (msec):
     |  1.00th=[ 1284],  5.00th=[ 1334], 10.00th=[ 1368], 20.00th=[ 1385],
     | 30.00th=[ 1418], 40.00th=[ 1435], 50.00th=[ 1452], 60.00th=[ 1469],
     | 70.00th=[ 1485], 80.00th=[ 1519], 90.00th=[ 1552], 95.00th=[ 1586],
     | 99.00th=[ 1636], 99.50th=[ 1670], 99.90th=[ 1737], 99.95th=[ 1770],
     | 99.99th=[ 1787]
   bw (  KiB/s): min=   72, max=  888, per=99.85%, avg=700.34, stdev=64.84, samples=597
   iops        : min=   18, max=  222, avg=175.09, stdev=16.21, samples=597
  lat (usec)   : 50=0.01%
  lat (msec)   : 10=0.01%, 20=0.01%, 50=0.02%, 100=0.02%, 250=0.04%
  lat (msec)   : 500=0.08%, 750=0.09%, 1000=0.09%, 2000=99.66%
  cpu          : usr=0.42%, sys=2.61%, ctx=52588, majf=0, minf=293
  IO depths    : 1=0.1%, 2=0.1%, 4=0.1%, 8=0.1%, 16=0.1%, 32=0.1%, >=64=99.9%
     submit    : 0=0.0%, 4=100.0%, 8=0.0%, 16=0.0%, 32=0.0%, 64=0.0%, >=64=0.0%
     complete  : 0=0.0%, 4=100.0%, 8=0.0%, 16=0.0%, 32=0.0%, 64=0.0%, >=64=0.1%
     issued rwts: total=52577,0,0,0 short=0,0,0,0 dropped=0,0,0,0
     latency   : target=0, window=0, percentile=100.00%, depth=256

Run status group 0 (all jobs):
   READ: bw=701KiB/s (718kB/s), 701KiB/s-701KiB/s (718kB/s-718kB/s), io=205MiB (215MB), run=300003-300003msec
