test: (g=0): rw=read, bs=(R) 4096B-4096B, (W) 4096B-4096B, (T) 4096B-4096B, ioengine=libaio, iodepth=256
...
fio-3.27
Starting 8 processes
seq-read: Laying out IO file (1 file / 1024MiB)
seq-read: Laying out IO file (1 file / 1024MiB)
seq-read: Laying out IO file (1 file / 1024MiB)
seq-read: Laying out IO file (1 file / 1024MiB)

test: (groupid=0, jobs=8): err= 0: pid=219731: Tue Jul 20 13:35:51 2021
  read: IOPS=12.9k, BW=50.5MiB/s (53.0MB/s)(14.8GiB/300011msec)
    slat (usec): min=10, max=3424.0k, avg=605.28, stdev=5676.06
    clat (usec): min=10, max=19448k, avg=156969.06, stdev=550258.27
     lat (usec): min=22, max=19483k, avg=157575.52, stdev=552262.92
    clat percentiles (msec):
     |  1.00th=[    5],  5.00th=[    5], 10.00th=[    5], 20.00th=[    5],
     | 30.00th=[    5], 40.00th=[    6], 50.00th=[    6], 60.00th=[    6],
     | 70.00th=[   17], 80.00th=[  355], 90.00th=[  430], 95.00th=[  502],
     | 99.00th=[ 2333], 99.50th=[ 3540], 99.90th=[ 7416], 99.95th=[10000],
     | 99.99th=[15503]
   bw (  KiB/s): min=   64, max=1208032, per=100.00%, avg=52383.47, stdev=26065.64, samples=4714
   iops        : min=   16, max=302008, avg=13095.88, stdev=6516.42, samples=4714
  lat (usec)   : 20=0.01%, 50=0.01%, 100=0.01%, 250=0.01%, 500=0.01%
  lat (usec)   : 750=0.01%, 1000=0.01%
  lat (msec)   : 2=0.01%, 4=0.01%, 10=65.24%, 20=7.32%, 50=4.31%
  lat (msec)   : 100=0.10%, 250=0.11%, 500=17.95%, 750=2.34%, 1000=0.44%
  lat (msec)   : 2000=1.00%, >=2000=1.19%
  cpu          : usr=1.89%, sys=8.69%, ctx=888722, majf=0, minf=2367
  IO depths    : 1=0.1%, 2=0.1%, 4=0.1%, 8=0.1%, 16=0.1%, 32=0.1%, >=64=100.0%
     submit    : 0=0.0%, 4=100.0%, 8=0.0%, 16=0.0%, 32=0.0%, 64=0.0%, >=64=0.0%
     complete  : 0=0.0%, 4=100.0%, 8=0.0%, 16=0.0%, 32=0.0%, 64=0.0%, >=64=0.1%
     issued rwts: total=3880945,0,0,0 short=0,0,0,0 dropped=0,0,0,0
     latency   : target=0, window=0, percentile=100.00%, depth=256

Run status group 0 (all jobs):
   READ: bw=50.5MiB/s (53.0MB/s), 50.5MiB/s-50.5MiB/s (53.0MB/s-53.0MB/s), io=14.8GiB (15.9GB), run=300011-300011msec
