readwrite: (g=0): rw=rw, bs=(R) 4096B-4096B, (W) 4096B-4096B, (T) 4096B-4096B, ioengine=libaio, iodepth=256
...
fio-3.27
Starting 32 processes
readwrite: Laying out IO file (1 file / 1024MiB)
readwrite: Laying out IO file (1 file / 1024MiB)
readwrite: Laying out IO file (1 file / 1024MiB)
readwrite: Laying out IO file (1 file / 1024MiB)
readwrite: Laying out IO file (1 file / 1024MiB)
readwrite: Laying out IO file (1 file / 1024MiB)
readwrite: Laying out IO file (1 file / 1024MiB)
readwrite: Laying out IO file (1 file / 1024MiB)
readwrite: Laying out IO file (1 file / 1024MiB)
readwrite: Laying out IO file (1 file / 1024MiB)
readwrite: Laying out IO file (1 file / 1024MiB)
readwrite: Laying out IO file (1 file / 1024MiB)
readwrite: Laying out IO file (1 file / 1024MiB)
readwrite: Laying out IO file (1 file / 1024MiB)
readwrite: Laying out IO file (1 file / 1024MiB)
readwrite: Laying out IO file (1 file / 1024MiB)

readwrite: (groupid=0, jobs=32): err= 0: pid=97837: Wed Jul 21 19:59:27 2021
  read: IOPS=21.3k, BW=83.2MiB/s (87.3MB/s)(24.4GiB/300047msec)
    slat (usec): min=7, max=2918.9k, avg=1398.68, stdev=17695.32
    clat (usec): min=14, max=47893k, avg=193028.22, stdev=1676628.04
     lat (usec): min=110, max=48013k, avg=194427.65, stdev=1688566.93
    clat percentiles (msec):
     |  1.00th=[   13],  5.00th=[   13], 10.00th=[   13], 20.00th=[   14],
     | 30.00th=[   14], 40.00th=[   14], 50.00th=[   14], 60.00th=[   15],
     | 70.00th=[   15], 80.00th=[   16], 90.00th=[   16], 95.00th=[   19],
     | 99.00th=[ 8792], 99.50th=[13892], 99.90th=[17113], 99.95th=[17113],
     | 99.99th=[17113]
   bw (  KiB/s): min=  256, max=651055, per=100.00%, avg=92806.60, stdev=7830.53, samples=17189
   iops        : min=   64, max=162763, avg=23201.64, stdev=1957.63, samples=17189
  write: IOPS=21.3k, BW=83.2MiB/s (87.2MB/s)(24.4GiB/300047msec); 0 zone resets
    slat (usec): min=68, max=895647, avg=82.61, stdev=585.12
    clat (usec): min=12, max=47879k, avg=187762.78, stdev=1650936.76
     lat (usec): min=89, max=47879k, avg=187846.49, stdev=1650939.67
    clat percentiles (msec):
     |  1.00th=[   13],  5.00th=[   13], 10.00th=[   13], 20.00th=[   14],
     | 30.00th=[   14], 40.00th=[   14], 50.00th=[   14], 60.00th=[   15],
     | 70.00th=[   15], 80.00th=[   15], 90.00th=[   16], 95.00th=[   19],
     | 99.00th=[ 8490], 99.50th=[13624], 99.90th=[17113], 99.95th=[17113],
     | 99.99th=[17113]
   bw (  KiB/s): min=  256, max=648536, per=100.00%, avg=93047.22, stdev=7828.53, samples=17134
   iops        : min=   64, max=162134, avg=23261.78, stdev=1957.13, samples=17134
  lat (usec)   : 20=0.01%, 50=0.01%, 100=0.01%, 250=0.01%, 500=0.01%
  lat (usec)   : 750=0.01%, 1000=0.01%
  lat (msec)   : 2=0.01%, 4=0.01%, 10=0.01%, 20=97.21%, 50=1.03%
  lat (msec)   : 100=0.08%, 250=0.05%, 500=0.06%, 750=0.05%, 1000=0.06%
  lat (msec)   : 2000=0.08%, >=2000=1.37%
  cpu          : usr=1.26%, sys=6.56%, ctx=80475, majf=0, minf=1425
  IO depths    : 1=0.1%, 2=0.1%, 4=0.1%, 8=0.1%, 16=0.1%, 32=0.1%, >=64=100.0%
     submit    : 0=0.0%, 4=100.0%, 8=0.0%, 16=0.0%, 32=0.0%, 64=0.0%, >=64=0.0%
     complete  : 0=0.0%, 4=100.0%, 8=0.0%, 16=0.0%, 32=0.0%, 64=0.0%, >=64=0.1%
     issued rwts: total=6391700,6390984,0,0 short=0,0,0,0 dropped=0,0,0,0
     latency   : target=0, window=0, percentile=100.00%, depth=256

Run status group 0 (all jobs):
   READ: bw=83.2MiB/s (87.3MB/s), 83.2MiB/s-83.2MiB/s (87.3MB/s-87.3MB/s), io=24.4GiB (26.2GB), run=300047-300047msec
  WRITE: bw=83.2MiB/s (87.2MB/s), 83.2MiB/s-83.2MiB/s (87.2MB/s-87.2MB/s), io=24.4GiB (26.2GB), run=300047-300047msec
