test: (g=0): rw=read, bs=(R) 4096B-4096B, (W) 4096B-4096B, (T) 4096B-4096B, ioengine=libaio, iodepth=256
...
fio-3.27
Starting 16 processes
seq-read: Laying out IO file (1 file / 1024MiB)
seq-read: Laying out IO file (1 file / 1024MiB)
seq-read: Laying out IO file (1 file / 1024MiB)
seq-read: Laying out IO file (1 file / 1024MiB)
seq-read: Laying out IO file (1 file / 1024MiB)
seq-read: Laying out IO file (1 file / 1024MiB)
seq-read: Laying out IO file (1 file / 1024MiB)
seq-read: Laying out IO file (1 file / 1024MiB)

test: (groupid=0, jobs=16): err= 0: pid=223460: Fri Jul 16 03:17:50 2021
  read: IOPS=15.2k, BW=59.5MiB/s (62.4MB/s)(17.4GiB/300139msec)
    slat (usec): min=10, max=540640, avg=1036.98, stdev=4952.40
    clat (usec): min=10, max=32277k, avg=267627.14, stdev=862160.42
     lat (usec): min=22, max=32422k, avg=268665.40, stdev=865319.87
    clat percentiles (msec):
     |  1.00th=[    5],  5.00th=[    5], 10.00th=[    5], 20.00th=[    5],
     | 30.00th=[    6], 40.00th=[    6], 50.00th=[    6], 60.00th=[    6],
     | 70.00th=[   17], 80.00th=[  592], 90.00th=[  776], 95.00th=[ 1116],
     | 99.00th=[ 2869], 99.50th=[ 4329], 99.90th=[11745], 99.95th=[17113],
     | 99.99th=[17113]
   bw (  KiB/s): min=  672, max=1856445, per=100.00%, avg=61017.27, stdev=19229.78, samples=9564
   iops        : min=  168, max=464111, avg=15253.15, stdev=4807.45, samples=9564
  lat (usec)   : 20=0.01%, 50=0.01%, 100=0.01%, 250=0.01%, 500=0.01%
  lat (usec)   : 750=0.01%, 1000=0.01%
  lat (msec)   : 2=0.01%, 4=0.01%, 10=62.99%, 20=8.72%, 50=4.20%
  lat (msec)   : 100=0.08%, 250=0.05%, 500=0.97%, 750=11.88%, 1000=5.15%
  lat (msec)   : 2000=4.00%, >=2000=1.96%
  cpu          : usr=1.17%, sys=5.49%, ctx=1089375, majf=0, minf=4727
  IO depths    : 1=0.1%, 2=0.1%, 4=0.1%, 8=0.1%, 16=0.1%, 32=0.1%, >=64=100.0%
     submit    : 0=0.0%, 4=100.0%, 8=0.0%, 16=0.0%, 32=0.0%, 64=0.0%, >=64=0.0%
     complete  : 0=0.0%, 4=100.0%, 8=0.0%, 16=0.0%, 32=0.0%, 64=0.0%, >=64=0.1%
     issued rwts: total=4569529,0,0,0 short=0,0,0,0 dropped=0,0,0,0
     latency   : target=0, window=0, percentile=100.00%, depth=256

Run status group 0 (all jobs):
   READ: bw=59.5MiB/s (62.4MB/s), 59.5MiB/s-59.5MiB/s (62.4MB/s-62.4MB/s), io=17.4GiB (18.7GB), run=300139-300139msec
