readwrite: (g=0): rw=rw, bs=(R) 4096B-4096B, (W) 4096B-4096B, (T) 4096B-4096B, ioengine=libaio, iodepth=256
...
fio-3.27
Starting 8 processes
readwrite: Laying out IO file (1 file / 1024MiB)
readwrite: Laying out IO file (1 file / 1024MiB)
readwrite: Laying out IO file (1 file / 1024MiB)
readwrite: Laying out IO file (1 file / 1024MiB)

readwrite: (groupid=0, jobs=8): err= 0: pid=70034: Wed Jul 21 19:40:18 2021
  read: IOPS=19.4k, BW=75.9MiB/s (79.6MB/s)(22.2GiB/300097msec)
    slat (usec): min=7, max=925668, avg=313.71, stdev=5318.65
    clat (usec): min=15, max=23620k, avg=52660.78, stdev=466128.78
     lat (usec): min=111, max=23632k, avg=52975.23, stdev=469363.66
    clat percentiles (msec):
     |  1.00th=[   12],  5.00th=[   13], 10.00th=[   13], 20.00th=[   13],
     | 30.00th=[   14], 40.00th=[   14], 50.00th=[   14], 60.00th=[   14],
     | 70.00th=[   14], 80.00th=[   15], 90.00th=[   15], 95.00th=[   19],
     | 99.00th=[ 1267], 99.50th=[ 2534], 99.90th=[ 7215], 99.95th=[10134],
     | 99.99th=[15637]
   bw (  KiB/s): min=   64, max=326336, per=100.00%, avg=78882.24, stdev=14530.87, samples=4708
   iops        : min=   16, max=81584, avg=19720.46, stdev=3632.70, samples=4708
  write: IOPS=19.4k, BW=75.9MiB/s (79.6MB/s)(22.2GiB/300097msec); 0 zone resets
    slat (usec): min=68, max=121677, avg=77.01, stdev=73.29
    clat (usec): min=11, max=23579k, avg=52313.02, stdev=465286.90
     lat (usec): min=95, max=23579k, avg=52391.13, stdev=465289.02
    clat percentiles (msec):
     |  1.00th=[   12],  5.00th=[   13], 10.00th=[   13], 20.00th=[   13],
     | 30.00th=[   14], 40.00th=[   14], 50.00th=[   14], 60.00th=[   14],
     | 70.00th=[   14], 80.00th=[   15], 90.00th=[   15], 95.00th=[   19],
     | 99.00th=[ 1234], 99.50th=[ 2500], 99.90th=[ 7215], 99.95th=[10134],
     | 99.99th=[15503]
   bw (  KiB/s): min=   64, max=324600, per=100.00%, avg=79101.95, stdev=14525.06, samples=4702
   iops        : min=   16, max=81150, avg=19775.35, stdev=3631.25, samples=4702
  lat (usec)   : 20=0.01%, 50=0.01%, 250=0.01%, 500=0.01%, 750=0.01%
  lat (usec)   : 1000=0.01%
  lat (msec)   : 2=0.01%, 4=0.01%, 10=0.01%, 20=97.16%, 50=1.38%
  lat (msec)   : 100=0.08%, 250=0.05%, 500=0.05%, 750=0.06%, 1000=0.11%
  lat (msec)   : 2000=0.44%, >=2000=0.66%
  cpu          : usr=4.66%, sys=22.98%, ctx=71704, majf=0, minf=358
  IO depths    : 1=0.1%, 2=0.1%, 4=0.1%, 8=0.1%, 16=0.1%, 32=0.1%, >=64=100.0%
     submit    : 0=0.0%, 4=100.0%, 8=0.0%, 16=0.0%, 32=0.0%, 64=0.0%, >=64=0.0%
     complete  : 0=0.0%, 4=100.0%, 8=0.0%, 16=0.0%, 32=0.0%, 64=0.0%, >=64=0.1%
     issued rwts: total=5829818,5829627,0,0 short=0,0,0,0 dropped=0,0,0,0
     latency   : target=0, window=0, percentile=100.00%, depth=256

Run status group 0 (all jobs):
   READ: bw=75.9MiB/s (79.6MB/s), 75.9MiB/s-75.9MiB/s (79.6MB/s-79.6MB/s), io=22.2GiB (23.9GB), run=300097-300097msec
  WRITE: bw=75.9MiB/s (79.6MB/s), 75.9MiB/s-75.9MiB/s (79.6MB/s-79.6MB/s), io=22.2GiB (23.9GB), run=300097-300097msec
