test: (g=0): rw=randread, bs=(R) 4096B-4096B, (W) 4096B-4096B, (T) 4096B-4096B, ioengine=libaio, iodepth=256
fio-3.27
Starting 1 process
test: Laying out IO file (1 file / 1024MiB)

test: (groupid=0, jobs=1): err= 0: pid=163651: Tue Jul 20 11:05:15 2021
  read: IOPS=168, BW=675KiB/s (692kB/s)(198MiB/300008msec)
    slat (usec): min=461, max=75384, avg=5904.49, stdev=4256.01
    clat (usec): min=13, max=1761.5k, avg=1506537.29, stdev=94971.37
     lat (msec): min=9, max=1765, avg=1512.44, stdev=95.08
    clat percentiles (msec):
     |  1.00th=[ 1334],  5.00th=[ 1385], 10.00th=[ 1418], 20.00th=[ 1452],
     | 30.00th=[ 1469], 40.00th=[ 1485], 50.00th=[ 1502], 60.00th=[ 1536],
     | 70.00th=[ 1552], 80.00th=[ 1569], 90.00th=[ 1603], 95.00th=[ 1636],
     | 99.00th=[ 1687], 99.50th=[ 1703], 99.90th=[ 1737], 99.95th=[ 1737],
     | 99.99th=[ 1754]
   bw (  KiB/s): min=   72, max=  824, per=99.80%, avg=674.74, stdev=59.31, samples=597
   iops        : min=   18, max=  206, avg=168.68, stdev=14.83, samples=597
  lat (usec)   : 20=0.01%
  lat (msec)   : 10=0.01%, 20=0.01%, 50=0.01%, 100=0.02%, 250=0.04%
  lat (msec)   : 500=0.08%, 750=0.08%, 1000=0.10%, 2000=99.67%
  cpu          : usr=0.34%, sys=2.41%, ctx=50665, majf=0, minf=293
  IO depths    : 1=0.1%, 2=0.1%, 4=0.1%, 8=0.1%, 16=0.1%, 32=0.1%, >=64=99.9%
     submit    : 0=0.0%, 4=100.0%, 8=0.0%, 16=0.0%, 32=0.0%, 64=0.0%, >=64=0.0%
     complete  : 0=0.0%, 4=100.0%, 8=0.0%, 16=0.0%, 32=0.0%, 64=0.0%, >=64=0.1%
     issued rwts: total=50654,0,0,0 short=0,0,0,0 dropped=0,0,0,0
     latency   : target=0, window=0, percentile=100.00%, depth=256

Run status group 0 (all jobs):
   READ: bw=675KiB/s (692kB/s), 675KiB/s-675KiB/s (692kB/s-692kB/s), io=198MiB (207MB), run=300008-300008msec
