test: (g=0): rw=randread, bs=(R) 4096B-4096B, (W) 4096B-4096B, (T) 4096B-4096B, ioengine=libaio, iodepth=256
...
fio-3.27
Starting 8 processes
rand-read: Laying out IO file (1 file / 1024MiB)
rand-read: Laying out IO file (1 file / 1024MiB)
rand-read: Laying out IO file (1 file / 1024MiB)
rand-read: Laying out IO file (1 file / 1024MiB)

test: (groupid=0, jobs=8): err= 0: pid=140068: Tue Jul 20 10:23:52 2021
  read: IOPS=783, BW=3136KiB/s (3211kB/s)(919MiB/300014msec)
    slat (usec): min=458, max=127659, avg=10178.91, stdev=7795.92
    clat (usec): min=16, max=3150.2k, avg=2591203.83, stdev=198360.61
     lat (msec): min=2, max=3157, avg=2601.39, stdev=198.60
    clat percentiles (msec):
     |  1.00th=[ 2265],  5.00th=[ 2366], 10.00th=[ 2433], 20.00th=[ 2500],
     | 30.00th=[ 2534], 40.00th=[ 2567], 50.00th=[ 2601], 60.00th=[ 2635],
     | 70.00th=[ 2668], 80.00th=[ 2702], 90.00th=[ 2769], 95.00th=[ 2836],
     | 99.00th=[ 2937], 99.50th=[ 2970], 99.90th=[ 3071], 99.95th=[ 3104],
     | 99.99th=[ 3138]
   bw (  KiB/s): min= 1496, max= 4256, per=99.94%, avg=3134.81, stdev=44.24, samples=4755
   iops        : min=  374, max= 1064, avg=783.70, stdev=11.06, samples=4755
  lat (usec)   : 20=0.01%, 50=0.01%
  lat (msec)   : 4=0.01%, 10=0.01%, 20=0.01%, 50=0.02%, 100=0.02%
  lat (msec)   : 250=0.05%, 500=0.09%, 750=0.09%, 1000=0.08%, 2000=0.34%
  lat (msec)   : >=2000=99.30%
  cpu          : usr=0.26%, sys=1.77%, ctx=235277, majf=0, minf=2362
  IO depths    : 1=0.1%, 2=0.1%, 4=0.1%, 8=0.1%, 16=0.1%, 32=0.1%, >=64=99.8%
     submit    : 0=0.0%, 4=100.0%, 8=0.0%, 16=0.0%, 32=0.0%, 64=0.0%, >=64=0.0%
     complete  : 0=0.0%, 4=100.0%, 8=0.0%, 16=0.0%, 32=0.0%, 64=0.0%, >=64=0.1%
     issued rwts: total=235207,0,0,0 short=0,0,0,0 dropped=0,0,0,0
     latency   : target=0, window=0, percentile=100.00%, depth=256

Run status group 0 (all jobs):
   READ: bw=3136KiB/s (3211kB/s), 3136KiB/s-3136KiB/s (3211kB/s-3211kB/s), io=919MiB (963MB), run=300014-300014msec
