readwrite: (g=0): rw=rw, bs=(R) 4096B-4096B, (W) 4096B-4096B, (T) 4096B-4096B, ioengine=libaio, iodepth=256
...
fio-3.27
Starting 4 processes
readwrite: Laying out IO file (1 file / 1024MiB)
readwrite: Laying out IO file (1 file / 1024MiB)

readwrite: (groupid=0, jobs=4): err= 0: pid=77589: Wed Jul 21 19:33:36 2021
  read: IOPS=15.7k, BW=61.4MiB/s (64.4MB/s)(18.0GiB/300014msec)
    slat (usec): min=7, max=457232, avg=157.35, stdev=2148.86
    clat (usec): min=10, max=7686.2k, avg=32512.04, stdev=151776.50
     lat (usec): min=22, max=7725.1k, avg=32670.17, stdev=152821.72
    clat percentiles (msec):
     |  1.00th=[   12],  5.00th=[   13], 10.00th=[   13], 20.00th=[   13],
     | 30.00th=[   14], 40.00th=[   14], 50.00th=[   14], 60.00th=[   14],
     | 70.00th=[   14], 80.00th=[   14], 90.00th=[   15], 95.00th=[   33],
     | 99.00th=[  523], 99.50th=[  760], 99.90th=[ 2039], 99.95th=[ 3104],
     | 99.99th=[ 5403]
   bw (  KiB/s): min=   72, max=165624, per=100.00%, avg=63390.65, stdev=12814.53, samples=2384
   iops        : min=   18, max=41406, avg=15847.43, stdev=3203.65, samples=2384
  write: IOPS=15.7k, BW=61.4MiB/s (64.4MB/s)(18.0GiB/300014msec); 0 zone resets
    slat (usec): min=68, max=49078, avg=75.53, stdev=29.56
    clat (usec): min=12, max=7724.3k, avg=32365.84, stdev=149569.41
     lat (usec): min=82, max=7724.3k, avg=32442.46, stdev=149571.90
    clat percentiles (msec):
     |  1.00th=[   12],  5.00th=[   13], 10.00th=[   13], 20.00th=[   13],
     | 30.00th=[   14], 40.00th=[   14], 50.00th=[   14], 60.00th=[   14],
     | 70.00th=[   14], 80.00th=[   14], 90.00th=[   15], 95.00th=[   32],
     | 99.00th=[  523], 99.50th=[  760], 99.90th=[ 1989], 99.95th=[ 3071],
     | 99.99th=[ 5201]
   bw (  KiB/s): min=   32, max=163288, per=100.00%, avg=63260.44, stdev=12819.99, samples=2387
   iops        : min=    8, max=40822, avg=15814.87, stdev=3205.01, samples=2387
  lat (usec)   : 20=0.01%, 50=0.01%, 100=0.01%, 250=0.01%, 500=0.01%
  lat (usec)   : 750=0.01%, 1000=0.01%
  lat (msec)   : 2=0.01%, 4=0.01%, 10=0.01%, 20=94.52%, 50=2.00%
  lat (msec)   : 100=0.07%, 250=0.43%, 500=1.89%, 750=0.57%, 1000=0.21%
  lat (msec)   : 2000=0.20%, >=2000=0.10%
  cpu          : usr=7.54%, sys=38.31%, ctx=155682, majf=0, minf=178
  IO depths    : 1=0.1%, 2=0.1%, 4=0.1%, 8=0.1%, 16=0.1%, 32=0.1%, >=64=100.0%
     submit    : 0=0.0%, 4=100.0%, 8=0.0%, 16=0.0%, 32=0.0%, 64=0.0%, >=64=0.0%
     complete  : 0=0.0%, 4=100.0%, 8=0.0%, 16=0.0%, 32=0.0%, 64=0.0%, >=64=0.1%
     issued rwts: total=4718725,4714867,0,0 short=0,0,0,0 dropped=0,0,0,0
     latency   : target=0, window=0, percentile=100.00%, depth=256

Run status group 0 (all jobs):
   READ: bw=61.4MiB/s (64.4MB/s), 61.4MiB/s-61.4MiB/s (64.4MB/s-64.4MB/s), io=18.0GiB (19.3GB), run=300014-300014msec
  WRITE: bw=61.4MiB/s (64.4MB/s), 61.4MiB/s-61.4MiB/s (64.4MB/s-64.4MB/s), io=18.0GiB (19.3GB), run=300014-300014msec
