test: (g=0): rw=randread, bs=(R) 4096B-4096B, (W) 4096B-4096B, (T) 4096B-4096B, ioengine=libaio, iodepth=256
...
fio-3.27
Starting 32 processes
rand-read: Laying out IO file (1 file / 1024MiB)
rand-read: Laying out IO file (1 file / 1024MiB)
rand-read: Laying out IO file (1 file / 1024MiB)
rand-read: Laying out IO file (1 file / 1024MiB)
rand-read: Laying out IO file (1 file / 1024MiB)
rand-read: Laying out IO file (1 file / 1024MiB)
rand-read: Laying out IO file (1 file / 1024MiB)
rand-read: Laying out IO file (1 file / 1024MiB)
rand-read: Laying out IO file (1 file / 1024MiB)
rand-read: Laying out IO file (1 file / 1024MiB)
rand-read: Laying out IO file (1 file / 1024MiB)
rand-read: Laying out IO file (1 file / 1024MiB)
rand-read: Laying out IO file (1 file / 1024MiB)
rand-read: Laying out IO file (1 file / 1024MiB)
rand-read: Laying out IO file (1 file / 1024MiB)
rand-read: Laying out IO file (1 file / 1024MiB)

test: (groupid=0, jobs=32): err= 0: pid=168852: Mon Jul 19 19:50:50 2021
  read: IOPS=1000, BW=4002KiB/s (4098kB/s)(1173MiB/300059msec)
    slat (usec): min=971, max=270524, avg=31950.79, stdev=16694.41
    clat (usec): min=14, max=10626k, avg=8051511.52, stdev=957067.59
     lat (msec): min=4, max=10642, avg=8083.47, stdev=958.17
    clat percentiles (msec):
     |  1.00th=[ 2802],  5.00th=[ 7282], 10.00th=[ 7483], 20.00th=[ 7684],
     | 30.00th=[ 7819], 40.00th=[ 7953], 50.00th=[ 8087], 60.00th=[ 8221],
     | 70.00th=[ 8356], 80.00th=[ 8557], 90.00th=[ 8926], 95.00th=[ 9194],
     | 99.00th=[ 9597], 99.50th=[ 9731], 99.90th=[10000], 99.95th=[10268],
     | 99.99th=[10402]
   bw (  KiB/s): min= 1768, max= 5968, per=99.82%, avg=3995.63, stdev=17.74, samples=18676
   iops        : min=  442, max= 1492, avg=998.91, stdev= 4.44, samples=18676
  lat (usec)   : 20=0.01%, 50=0.01%, 100=0.01%
  lat (msec)   : 10=0.01%, 20=0.01%, 50=0.02%, 100=0.03%, 250=0.08%
  lat (msec)   : 500=0.10%, 750=0.08%, 1000=0.09%, 2000=0.32%, >=2000=99.27%
  cpu          : usr=0.09%, sys=0.58%, ctx=300494, majf=0, minf=9435
  IO depths    : 1=0.1%, 2=0.1%, 4=0.1%, 8=0.1%, 16=0.2%, 32=0.3%, >=64=99.3%
     submit    : 0=0.0%, 4=100.0%, 8=0.0%, 16=0.0%, 32=0.0%, 64=0.0%, >=64=0.0%
     complete  : 0=0.0%, 4=100.0%, 8=0.0%, 16=0.0%, 32=0.0%, 64=0.0%, >=64=0.1%
     issued rwts: total=300228,0,0,0 short=0,0,0,0 dropped=0,0,0,0
     latency   : target=0, window=0, percentile=100.00%, depth=256

Run status group 0 (all jobs):
   READ: bw=4002KiB/s (4098kB/s), 4002KiB/s-4002KiB/s (4098kB/s-4098kB/s), io=1173MiB (1230MB), run=300059-300059msec
