test: (g=0): rw=randread, bs=(R) 4096B-4096B, (W) 4096B-4096B, (T) 4096B-4096B, ioengine=libaio, iodepth=256
...
fio-3.27
Starting 32 processes
rand-read: Laying out IO file (1 file / 1024MiB)
rand-read: Laying out IO file (1 file / 1024MiB)
rand-read: Laying out IO file (1 file / 1024MiB)
rand-read: Laying out IO file (1 file / 1024MiB)
rand-read: Laying out IO file (1 file / 1024MiB)
rand-read: Laying out IO file (1 file / 1024MiB)
rand-read: Laying out IO file (1 file / 1024MiB)
rand-read: Laying out IO file (1 file / 1024MiB)
rand-read: Laying out IO file (1 file / 1024MiB)
rand-read: Laying out IO file (1 file / 1024MiB)
rand-read: Laying out IO file (1 file / 1024MiB)
rand-read: Laying out IO file (1 file / 1024MiB)
rand-read: Laying out IO file (1 file / 1024MiB)
rand-read: Laying out IO file (1 file / 1024MiB)
rand-read: Laying out IO file (1 file / 1024MiB)
rand-read: Laying out IO file (1 file / 1024MiB)

test: (groupid=0, jobs=32): err= 0: pid=243134: Mon Jul 19 22:26:18 2021
  read: IOPS=621, BW=2485KiB/s (2545kB/s)(728MiB/300034msec)
    slat (usec): min=651, max=275948, avg=51477.39, stdev=15883.66
    clat (usec): min=14, max=15965k, avg=12846629.89, stdev=1922812.38
     lat (msec): min=4, max=16063, avg=12898.11, stdev=1925.26
    clat percentiles (msec):
     |  1.00th=[ 1653],  5.00th=[11342], 10.00th=[11745], 20.00th=[12550],
     | 30.00th=[12818], 40.00th=[12953], 50.00th=[13221], 60.00th=[13355],
     | 70.00th=[13624], 80.00th=[13758], 90.00th=[14026], 95.00th=[14295],
     | 99.00th=[15100], 99.50th=[15234], 99.90th=[15503], 99.95th=[15771],
     | 99.99th=[15905]
   bw (  KiB/s): min= 1056, max= 3616, per=99.47%, avg=2472.71, stdev= 8.42, samples=18347
   iops        : min=  264, max=  904, avg=618.18, stdev= 2.10, samples=18347
  lat (usec)   : 20=0.01%, 50=0.01%
  lat (msec)   : 10=0.01%, 20=0.01%, 50=0.05%, 100=0.08%, 250=0.18%
  lat (msec)   : 500=0.22%, 750=0.13%, 1000=0.10%, 2000=0.32%, >=2000=98.89%
  cpu          : usr=0.06%, sys=0.37%, ctx=186649, majf=0, minf=9456
  IO depths    : 1=0.1%, 2=0.1%, 4=0.1%, 8=0.1%, 16=0.3%, 32=0.5%, >=64=98.9%
     submit    : 0=0.0%, 4=100.0%, 8=0.0%, 16=0.0%, 32=0.0%, 64=0.0%, >=64=0.0%
     complete  : 0=0.0%, 4=100.0%, 8=0.0%, 16=0.0%, 32=0.0%, 64=0.0%, >=64=0.1%
     issued rwts: total=186401,0,0,0 short=0,0,0,0 dropped=0,0,0,0
     latency   : target=0, window=0, percentile=100.00%, depth=256

Run status group 0 (all jobs):
   READ: bw=2485KiB/s (2545kB/s), 2485KiB/s-2485KiB/s (2545kB/s-2545kB/s), io=728MiB (763MB), run=300034-300034msec
