test: (g=0): rw=read, bs=(R) 4096B-4096B, (W) 4096B-4096B, (T) 4096B-4096B, ioengine=libaio, iodepth=256
...
fio-3.27
Starting 8 processes
seq-read: Laying out IO file (1 file / 1024MiB)
seq-read: Laying out IO file (1 file / 1024MiB)
seq-read: Laying out IO file (1 file / 1024MiB)
seq-read: Laying out IO file (1 file / 1024MiB)

test: (groupid=0, jobs=8): err= 0: pid=197258: Tue Jul 20 15:40:03 2021
  read: IOPS=24.9k, BW=97.3MiB/s (102MB/s)(28.5GiB/300067msec)
    slat (usec): min=10, max=401343, avg=309.11, stdev=3636.09
    clat (usec): min=12, max=35690k, avg=81835.89, stdev=796043.62
     lat (usec): min=65, max=35823k, avg=82145.95, stdev=799032.96
    clat percentiles (msec):
     |  1.00th=[    5],  5.00th=[    5], 10.00th=[    5], 20.00th=[    5],
     | 30.00th=[    6], 40.00th=[    6], 50.00th=[    6], 60.00th=[    6],
     | 70.00th=[   16], 80.00th=[   17], 90.00th=[   17], 95.00th=[   51],
     | 99.00th=[ 1485], 99.50th=[ 1720], 99.90th=[ 7953], 99.95th=[17113],
     | 99.99th=[17113]
   bw (  KiB/s): min=  200, max=1157550, per=100.00%, avg=102031.80, stdev=24314.34, samples=4765
   iops        : min=   50, max=289386, avg=25507.54, stdev=6078.58, samples=4765
  lat (usec)   : 20=0.01%, 50=0.01%, 100=0.01%, 250=0.01%, 500=0.01%
  lat (usec)   : 750=0.01%, 1000=0.01%
  lat (msec)   : 2=0.01%, 4=0.01%, 10=67.56%, 20=22.67%, 50=4.75%
  lat (msec)   : 100=0.19%, 250=0.09%, 500=0.02%, 750=1.60%, 1000=0.68%
  lat (msec)   : 2000=2.21%, >=2000=0.23%
  cpu          : usr=2.95%, sys=11.37%, ctx=347311, majf=0, minf=2366
  IO depths    : 1=0.1%, 2=0.1%, 4=0.1%, 8=0.1%, 16=0.1%, 32=0.1%, >=64=100.0%
     submit    : 0=0.0%, 4=100.0%, 8=0.0%, 16=0.0%, 32=0.0%, 64=0.0%, >=64=0.0%
     complete  : 0=0.0%, 4=100.0%, 8=0.0%, 16=0.0%, 32=0.0%, 64=0.0%, >=64=0.1%
     issued rwts: total=7471680,0,0,0 short=0,0,0,0 dropped=0,0,0,0
     latency   : target=0, window=0, percentile=100.00%, depth=256

Run status group 0 (all jobs):
   READ: bw=97.3MiB/s (102MB/s), 97.3MiB/s-97.3MiB/s (102MB/s-102MB/s), io=28.5GiB (30.6GB), run=300067-300067msec
