readwrite: (g=0): rw=rw, bs=(R) 4096B-4096B, (W) 4096B-4096B, (T) 4096B-4096B, ioengine=libaio, iodepth=256
...
fio-3.27
Starting 8 processes
readwrite: Laying out IO file (1 file / 1024MiB)
readwrite: Laying out IO file (1 file / 1024MiB)
readwrite: Laying out IO file (1 file / 1024MiB)
readwrite: Laying out IO file (1 file / 1024MiB)

readwrite: (groupid=0, jobs=8): err= 0: pid=103677: Wed Jul 21 17:40:48 2021
  read: IOPS=30.4k, BW=119MiB/s (125MB/s)(34.8GiB/300088msec)
    slat (usec): min=7, max=540042, avg=161.97, stdev=2508.36
    clat (usec): min=17, max=9458.1k, avg=33548.75, stdev=178256.05
     lat (usec): min=114, max=9529.9k, avg=33711.50, stdev=179519.79
    clat percentiles (msec):
     |  1.00th=[   13],  5.00th=[   13], 10.00th=[   13], 20.00th=[   14],
     | 30.00th=[   14], 40.00th=[   14], 50.00th=[   14], 60.00th=[   14],
     | 70.00th=[   15], 80.00th=[   15], 90.00th=[   16], 95.00th=[   19],
     | 99.00th=[  827], 99.50th=[ 1200], 99.90th=[ 2366], 99.95th=[ 3071],
     | 99.99th=[ 5403]
   bw (  KiB/s): min=  112, max=320528, per=100.00%, avg=122908.46, stdev=13196.47, samples=4764
   iops        : min=   28, max=80132, avg=30726.78, stdev=3299.11, samples=4764
  write: IOPS=30.4k, BW=119MiB/s (125MB/s)(34.8GiB/300088msec); 0 zone resets
    slat (usec): min=68, max=136734, avg=79.28, stdev=81.11
    clat (usec): min=11, max=9480.6k, avg=33449.86, stdev=177336.25
     lat (usec): min=97, max=9480.6k, avg=33530.26, stdev=177338.97
    clat percentiles (msec):
     |  1.00th=[   13],  5.00th=[   13], 10.00th=[   13], 20.00th=[   14],
     | 30.00th=[   14], 40.00th=[   14], 50.00th=[   14], 60.00th=[   14],
     | 70.00th=[   15], 80.00th=[   15], 90.00th=[   16], 95.00th=[   19],
     | 99.00th=[  827], 99.50th=[ 1200], 99.90th=[ 2333], 99.95th=[ 3037],
     | 99.99th=[ 5403]
   bw (  KiB/s): min=   88, max=317207, per=100.00%, avg=122985.91, stdev=13189.28, samples=4761
   iops        : min=   22, max=79301, avg=30746.14, stdev=3297.31, samples=4761
  lat (usec)   : 20=0.01%, 50=0.01%, 250=0.01%, 500=0.01%, 750=0.01%
  lat (usec)   : 1000=0.01%
  lat (msec)   : 2=0.01%, 4=0.01%, 10=0.01%, 20=96.42%, 50=1.63%
  lat (msec)   : 100=0.08%, 250=0.07%, 500=0.24%, 750=0.40%, 1000=0.43%
  lat (msec)   : 2000=0.58%, >=2000=0.14%
  cpu          : usr=7.37%, sys=37.33%, ctx=160795, majf=0, minf=355
  IO depths    : 1=0.1%, 2=0.1%, 4=0.1%, 8=0.1%, 16=0.1%, 32=0.1%, >=64=100.0%
     submit    : 0=0.0%, 4=100.0%, 8=0.0%, 16=0.0%, 32=0.0%, 64=0.0%, >=64=0.0%
     complete  : 0=0.0%, 4=100.0%, 8=0.0%, 16=0.0%, 32=0.0%, 64=0.0%, >=64=0.1%
     issued rwts: total=9135820,9134294,0,0 short=0,0,0,0 dropped=0,0,0,0
     latency   : target=0, window=0, percentile=100.00%, depth=256

Run status group 0 (all jobs):
   READ: bw=119MiB/s (125MB/s), 119MiB/s-119MiB/s (125MB/s-125MB/s), io=34.8GiB (37.4GB), run=300088-300088msec
  WRITE: bw=119MiB/s (125MB/s), 119MiB/s-119MiB/s (125MB/s-125MB/s), io=34.8GiB (37.4GB), run=300088-300088msec
