test: (g=0): rw=randread, bs=(R) 4096B-4096B, (W) 4096B-4096B, (T) 4096B-4096B, ioengine=libaio, iodepth=256
...
fio-3.27
Starting 2 processes
rand-read: Laying out IO file (1 file / 1024MiB)

test: (groupid=0, jobs=2): err= 0: pid=178874: Tue Jul 20 11:10:51 2021
  read: IOPS=288, BW=1153KiB/s (1181kB/s)(338MiB/300006msec)
    slat (usec): min=457, max=80416, avg=6918.91, stdev=4601.53
    clat (usec): min=15, max=2002.8k, avg=1764319.28, stdev=110386.71
     lat (msec): min=4, max=2008, avg=1771.24, stdev=110.50
    clat percentiles (msec):
     |  1.00th=[ 1586],  5.00th=[ 1636], 10.00th=[ 1670], 20.00th=[ 1703],
     | 30.00th=[ 1720], 40.00th=[ 1754], 50.00th=[ 1770], 60.00th=[ 1787],
     | 70.00th=[ 1804], 80.00th=[ 1838], 90.00th=[ 1871], 95.00th=[ 1905],
     | 99.00th=[ 1955], 99.50th=[ 1955], 99.90th=[ 1989], 99.95th=[ 1989],
     | 99.99th=[ 1989]
   bw (  KiB/s): min=  664, max= 1441, per=99.92%, avg=1152.28, stdev=47.08, samples=1192
   iops        : min=  166, max=  360, avg=288.02, stdev=11.77, samples=1192
  lat (usec)   : 20=0.01%
  lat (msec)   : 10=0.01%, 20=0.01%, 50=0.01%, 100=0.02%, 250=0.06%
  lat (msec)   : 500=0.08%, 750=0.08%, 1000=0.09%, 2000=99.65%, >=2000=0.01%
  cpu          : usr=0.33%, sys=2.17%, ctx=86485, majf=0, minf=590
  IO depths    : 1=0.1%, 2=0.1%, 4=0.1%, 8=0.1%, 16=0.1%, 32=0.1%, >=64=99.9%
     submit    : 0=0.0%, 4=100.0%, 8=0.0%, 16=0.0%, 32=0.0%, 64=0.0%, >=64=0.0%
     complete  : 0=0.0%, 4=100.0%, 8=0.0%, 16=0.0%, 32=0.0%, 64=0.0%, >=64=0.1%
     issued rwts: total=86468,0,0,0 short=0,0,0,0 dropped=0,0,0,0
     latency   : target=0, window=0, percentile=100.00%, depth=256

Run status group 0 (all jobs):
   READ: bw=1153KiB/s (1181kB/s), 1153KiB/s-1153KiB/s (1181kB/s-1181kB/s), io=338MiB (354MB), run=300006-300006msec
