test: (g=0): rw=randread, bs=(R) 4096B-4096B, (W) 4096B-4096B, (T) 4096B-4096B, ioengine=libaio, iodepth=256
...
fio-3.27
Starting 4 processes
rand-read: Laying out IO file (1 file / 1024MiB)
rand-read: Laying out IO file (1 file / 1024MiB)

test: (groupid=0, jobs=4): err= 0: pid=124614: Mon Jul 19 19:36:59 2021
  read: IOPS=444, BW=1780KiB/s (1822kB/s)(521MiB/300035msec)
    slat (usec): min=449, max=138303, avg=8966.66, stdev=7073.90
    clat (usec): min=19, max=3525.6k, avg=2284797.78, stdev=336543.53
     lat (msec): min=5, max=3531, avg=2293.77, stdev=337.62
    clat percentiles (msec):
     |  1.00th=[ 1687],  5.00th=[ 1787], 10.00th=[ 1838], 20.00th=[ 1938],
     | 30.00th=[ 2072], 40.00th=[ 2232], 50.00th=[ 2333], 60.00th=[ 2433],
     | 70.00th=[ 2500], 80.00th=[ 2567], 90.00th=[ 2668], 95.00th=[ 2769],
     | 99.00th=[ 2970], 99.50th=[ 3037], 99.90th=[ 3339], 99.95th=[ 3406],
     | 99.99th=[ 3473]
   bw (  KiB/s): min=  472, max= 2641, per=99.79%, avg=1776.50, stdev=75.54, samples=2384
   iops        : min=  118, max=  660, avg=444.10, stdev=18.88, samples=2384
  lat (usec)   : 20=0.01%, 50=0.01%
  lat (msec)   : 10=0.01%, 20=0.01%, 50=0.01%, 100=0.01%, 250=0.04%
  lat (msec)   : 500=0.07%, 750=0.07%, 1000=0.08%, 2000=25.37%, >=2000=74.34%
  cpu          : usr=0.30%, sys=1.83%, ctx=133543, majf=0, minf=1181
  IO depths    : 1=0.1%, 2=0.1%, 4=0.1%, 8=0.1%, 16=0.1%, 32=0.1%, >=64=99.8%
     submit    : 0=0.0%, 4=100.0%, 8=0.0%, 16=0.0%, 32=0.0%, 64=0.0%, >=64=0.0%
     complete  : 0=0.0%, 4=100.0%, 8=0.0%, 16=0.0%, 32=0.0%, 64=0.0%, >=64=0.1%
     issued rwts: total=133496,0,0,0 short=0,0,0,0 dropped=0,0,0,0
     latency   : target=0, window=0, percentile=100.00%, depth=256

Run status group 0 (all jobs):
   READ: bw=1780KiB/s (1822kB/s), 1780KiB/s-1780KiB/s (1822kB/s-1822kB/s), io=521MiB (547MB), run=300035-300035msec
