test: (g=0): rw=read, bs=(R) 4096B-4096B, (W) 4096B-4096B, (T) 4096B-4096B, ioengine=libaio, iodepth=256
...
fio-3.27
Starting 8 processes
seq-read: Laying out IO file (1 file / 1024MiB)
seq-read: Laying out IO file (1 file / 1024MiB)
seq-read: Laying out IO file (1 file / 1024MiB)
seq-read: Laying out IO file (1 file / 1024MiB)

test: (groupid=0, jobs=8): err= 0: pid=233443: Fri Jul 16 03:12:27 2021
  read: IOPS=21.8k, BW=85.0MiB/s (89.1MB/s)(24.9GiB/300025msec)
    slat (usec): min=10, max=907622, avg=355.38, stdev=2578.75
    clat (usec): min=10, max=23526k, avg=93635.37, stdev=409348.64
     lat (usec): min=21, max=23635k, avg=93991.77, stdev=410838.37
    clat percentiles (msec):
     |  1.00th=[    5],  5.00th=[    5], 10.00th=[    5], 20.00th=[    5],
     | 30.00th=[    5], 40.00th=[    6], 50.00th=[    6], 60.00th=[    6],
     | 70.00th=[    6], 80.00th=[   17], 90.00th=[  426], 95.00th=[  542],
     | 99.00th=[  927], 99.50th=[ 1284], 99.90th=[ 6007], 99.95th=[ 8423],
     | 99.99th=[13892]
   bw (  KiB/s): min=  296, max=1177000, per=100.00%, avg=88309.94, stdev=30996.96, samples=4768
   iops        : min=   74, max=294250, avg=22077.17, stdev=7749.24, samples=4768
  lat (usec)   : 20=0.01%, 50=0.01%, 100=0.01%, 250=0.01%, 500=0.01%
  lat (usec)   : 750=0.01%, 1000=0.01%
  lat (msec)   : 2=0.01%, 4=0.01%, 10=75.22%, 20=6.47%, 50=5.03%
  lat (msec)   : 100=0.05%, 250=0.02%, 500=6.84%, 750=4.75%, 1000=0.80%
  lat (msec)   : 2000=0.52%, >=2000=0.30%
  cpu          : usr=2.78%, sys=10.74%, ctx=856211, majf=0, minf=2365
  IO depths    : 1=0.1%, 2=0.1%, 4=0.1%, 8=0.1%, 16=0.1%, 32=0.1%, >=64=100.0%
     submit    : 0=0.0%, 4=100.0%, 8=0.0%, 16=0.0%, 32=0.0%, 64=0.0%, >=64=0.0%
     complete  : 0=0.0%, 4=100.0%, 8=0.0%, 16=0.0%, 32=0.0%, 64=0.0%, >=64=0.1%
     issued rwts: total=6527104,0,0,0 short=0,0,0,0 dropped=0,0,0,0
     latency   : target=0, window=0, percentile=100.00%, depth=256

Run status group 0 (all jobs):
   READ: bw=85.0MiB/s (89.1MB/s), 85.0MiB/s-85.0MiB/s (89.1MB/s-89.1MB/s), io=24.9GiB (26.7GB), run=300025-300025msec
