test: (g=0): rw=randread, bs=(R) 4096B-4096B, (W) 4096B-4096B, (T) 4096B-4096B, ioengine=libaio, iodepth=256
...
fio-3.27
Starting 2 processes
rand-read: Laying out IO file (1 file / 1024MiB)

test: (groupid=0, jobs=2): err= 0: pid=127642: Tue Jul 20 11:10:51 2021
  read: IOPS=289, BW=1160KiB/s (1187kB/s)(340MiB/300004msec)
    slat (usec): min=451, max=278327, avg=6878.62, stdev=4609.68
    clat (usec): min=14, max=2148.2k, avg=1754168.44, stdev=109275.75
     lat (msec): min=4, max=2153, avg=1761.05, stdev=109.37
    clat percentiles (msec):
     |  1.00th=[ 1569],  5.00th=[ 1620], 10.00th=[ 1653], 20.00th=[ 1687],
     | 30.00th=[ 1720], 40.00th=[ 1737], 50.00th=[ 1754], 60.00th=[ 1770],
     | 70.00th=[ 1804], 80.00th=[ 1821], 90.00th=[ 1871], 95.00th=[ 1888],
     | 99.00th=[ 1955], 99.50th=[ 1972], 99.90th=[ 2072], 99.95th=[ 2089],
     | 99.99th=[ 2123]
   bw (  KiB/s): min=  592, max= 1440, per=99.96%, avg=1159.59, stdev=48.38, samples=1192
   iops        : min=  148, max=  360, avg=289.88, stdev=12.09, samples=1192
  lat (usec)   : 20=0.01%, 50=0.01%
  lat (msec)   : 10=0.01%, 20=0.01%, 50=0.01%, 100=0.01%, 250=0.04%
  lat (msec)   : 500=0.07%, 750=0.08%, 1000=0.08%, 2000=99.41%, >=2000=0.28%
  cpu          : usr=0.36%, sys=2.19%, ctx=86988, majf=0, minf=589
  IO depths    : 1=0.1%, 2=0.1%, 4=0.1%, 8=0.1%, 16=0.1%, 32=0.1%, >=64=99.9%
     submit    : 0=0.0%, 4=100.0%, 8=0.0%, 16=0.0%, 32=0.0%, 64=0.0%, >=64=0.0%
     complete  : 0=0.0%, 4=100.0%, 8=0.0%, 16=0.0%, 32=0.0%, 64=0.0%, >=64=0.1%
     issued rwts: total=86965,0,0,0 short=0,0,0,0 dropped=0,0,0,0
     latency   : target=0, window=0, percentile=100.00%, depth=256

Run status group 0 (all jobs):
   READ: bw=1160KiB/s (1187kB/s), 1160KiB/s-1160KiB/s (1187kB/s-1187kB/s), io=340MiB (356MB), run=300004-300004msec
