readwrite: (g=0): rw=rw, bs=(R) 4096B-4096B, (W) 4096B-4096B, (T) 4096B-4096B, ioengine=libaio, iodepth=256
...
fio-3.27
Starting 16 processes
readwrite: Laying out IO file (1 file / 1024MiB)
readwrite: Laying out IO file (1 file / 1024MiB)
readwrite: Laying out IO file (1 file / 1024MiB)
readwrite: Laying out IO file (1 file / 1024MiB)
readwrite: Laying out IO file (1 file / 1024MiB)
readwrite: Laying out IO file (1 file / 1024MiB)
readwrite: Laying out IO file (1 file / 1024MiB)
readwrite: Laying out IO file (1 file / 1024MiB)

readwrite: (groupid=0, jobs=16): err= 0: pid=91259: Wed Jul 21 19:48:41 2021
  read: IOPS=23.6k, BW=92.0MiB/s (96.5MB/s)(27.0GiB/300099msec)
    slat (usec): min=7, max=1208.1k, avg=580.24, stdev=9470.91
    clat (usec): min=16, max=43223k, avg=87423.46, stdev=986857.10
     lat (usec): min=104, max=43433k, avg=88004.43, stdev=994020.30
    clat percentiles (msec):
     |  1.00th=[   12],  5.00th=[   13], 10.00th=[   13], 20.00th=[   14],
     | 30.00th=[   14], 40.00th=[   14], 50.00th=[   14], 60.00th=[   14],
     | 70.00th=[   14], 80.00th=[   15], 90.00th=[   15], 95.00th=[   16],
     | 99.00th=[   67], 99.50th=[ 5537], 99.90th=[16845], 99.95th=[17113],
     | 99.99th=[17113]
   bw (  KiB/s): min=  128, max=402414, per=100.00%, avg=97429.06, stdev=10511.91, samples=9126
   iops        : min=   32, max=100602, avg=24357.00, stdev=2627.95, samples=9126
  write: IOPS=23.5k, BW=92.0MiB/s (96.4MB/s)(27.0GiB/300099msec); 0 zone resets
    slat (usec): min=68, max=208033, avg=77.92, stdev=102.97
    clat (usec): min=11, max=43287k, avg=85706.87, stdev=975232.61
     lat (usec): min=84, max=43287k, avg=85785.89, stdev=975234.99
    clat percentiles (msec):
     |  1.00th=[   12],  5.00th=[   13], 10.00th=[   13], 20.00th=[   14],
     | 30.00th=[   14], 40.00th=[   14], 50.00th=[   14], 60.00th=[   14],
     | 70.00th=[   14], 80.00th=[   15], 90.00th=[   15], 95.00th=[   16],
     | 99.00th=[   57], 99.50th=[ 5336], 99.90th=[16711], 99.95th=[17113],
     | 99.99th=[17113]
   bw (  KiB/s): min=  128, max=399715, per=100.00%, avg=97830.84, stdev=10498.79, samples=9101
   iops        : min=   32, max=99928, avg=24457.43, stdev=2624.67, samples=9101
  lat (usec)   : 20=0.01%, 50=0.01%, 100=0.01%, 250=0.01%, 500=0.01%
  lat (usec)   : 750=0.01%, 1000=0.01%
  lat (msec)   : 2=0.01%, 4=0.01%, 10=0.01%, 20=97.79%, 50=1.18%
  lat (msec)   : 100=0.06%, 250=0.03%, 500=0.04%, 750=0.02%, 1000=0.05%
  lat (msec)   : 2000=0.06%, >=2000=0.78%
  cpu          : usr=2.79%, sys=13.92%, ctx=55607, majf=0, minf=709
  IO depths    : 1=0.1%, 2=0.1%, 4=0.1%, 8=0.1%, 16=0.1%, 32=0.1%, >=64=100.0%
     submit    : 0=0.0%, 4=100.0%, 8=0.0%, 16=0.0%, 32=0.0%, 64=0.0%, >=64=0.0%
     complete  : 0=0.0%, 4=100.0%, 8=0.0%, 16=0.0%, 32=0.0%, 64=0.0%, >=64=0.1%
     issued rwts: total=7068385,7066361,0,0 short=0,0,0,0 dropped=0,0,0,0
     latency   : target=0, window=0, percentile=100.00%, depth=256

Run status group 0 (all jobs):
   READ: bw=92.0MiB/s (96.5MB/s), 92.0MiB/s-92.0MiB/s (96.5MB/s-96.5MB/s), io=27.0GiB (29.0GB), run=300099-300099msec
  WRITE: bw=92.0MiB/s (96.4MB/s), 92.0MiB/s-92.0MiB/s (96.4MB/s-96.4MB/s), io=27.0GiB (28.9GB), run=300099-300099msec
