test: (g=0): rw=randread, bs=(R) 4096B-4096B, (W) 4096B-4096B, (T) 4096B-4096B, ioengine=libaio, iodepth=256
fio-3.27
Starting 1 process
test: Laying out IO file (1 file / 1024MiB)

test: (groupid=0, jobs=1): err= 0: pid=192143: Mon Jul 19 21:49:35 2021
  read: IOPS=174, BW=700KiB/s (717kB/s)(205MiB/300009msec)
    slat (usec): min=456, max=90391, avg=5697.49, stdev=4369.11
    clat (usec): min=12, max=1690.3k, avg=1453882.40, stdev=94712.79
     lat (msec): min=8, max=1694, avg=1459.58, stdev=94.82
    clat percentiles (msec):
     |  1.00th=[ 1284],  5.00th=[ 1334], 10.00th=[ 1351], 20.00th=[ 1385],
     | 30.00th=[ 1418], 40.00th=[ 1435], 50.00th=[ 1452], 60.00th=[ 1469],
     | 70.00th=[ 1502], 80.00th=[ 1519], 90.00th=[ 1552], 95.00th=[ 1586],
     | 99.00th=[ 1636], 99.50th=[ 1653], 99.90th=[ 1670], 99.95th=[ 1687],
     | 99.99th=[ 1687]
   bw (  KiB/s): min=  136, max=  888, per=99.89%, avg=699.29, stdev=66.73, samples=597
   iops        : min=   34, max=  222, avg=174.81, stdev=16.68, samples=597
  lat (usec)   : 20=0.01%
  lat (msec)   : 10=0.01%, 20=0.01%, 50=0.01%, 100=0.01%, 250=0.05%
  lat (msec)   : 500=0.07%, 750=0.10%, 1000=0.09%, 2000=99.66%
  cpu          : usr=0.37%, sys=2.50%, ctx=52491, majf=0, minf=293
  IO depths    : 1=0.1%, 2=0.1%, 4=0.1%, 8=0.1%, 16=0.1%, 32=0.1%, >=64=99.9%
     submit    : 0=0.0%, 4=100.0%, 8=0.0%, 16=0.0%, 32=0.0%, 64=0.0%, >=64=0.0%
     complete  : 0=0.0%, 4=100.0%, 8=0.0%, 16=0.0%, 32=0.0%, 64=0.0%, >=64=0.1%
     issued rwts: total=52484,0,0,0 short=0,0,0,0 dropped=0,0,0,0
     latency   : target=0, window=0, percentile=100.00%, depth=256

Run status group 0 (all jobs):
   READ: bw=700KiB/s (717kB/s), 700KiB/s-700KiB/s (717kB/s-717kB/s), io=205MiB (215MB), run=300009-300009msec
