test: (g=0): rw=read, bs=(R) 4096B-4096B, (W) 4096B-4096B, (T) 4096B-4096B, ioengine=libaio, iodepth=256
fio-3.27
Starting 1 process
test: Laying out IO file (1 file / 1024MiB)

test: (groupid=0, jobs=1): err= 0: pid=250001: Tue Jul 20 14:19:01 2021
  read: IOPS=32.3k, BW=126MiB/s (132MB/s)(37.0GiB/300277msec)
    slat (usec): min=10, max=175424, avg=19.73, stdev=388.95
    clat (usec): min=26, max=1145.6k, avg=7885.12, stdev=31394.69
     lat (msec): min=4, max=1145, avg= 7.91, stdev=31.40
    clat percentiles (msec):
     |  1.00th=[    5],  5.00th=[    5], 10.00th=[    5], 20.00th=[    5],
     | 30.00th=[    5], 40.00th=[    5], 50.00th=[    6], 60.00th=[    6],
     | 70.00th=[    6], 80.00th=[    6], 90.00th=[   16], 95.00th=[   26],
     | 99.00th=[   27], 99.50th=[   27], 99.90th=[  422], 99.95th=[  961],
     | 99.99th=[ 1099]
   bw (  KiB/s): min=    8, max=165536, per=100.00%, avg=135458.06, stdev=50194.34, samples=573
   iops        : min=    2, max=41384, avg=33864.50, stdev=12548.58, samples=573
  lat (usec)   : 50=0.01%
  lat (msec)   : 10=88.90%, 20=5.01%, 50=5.88%, 100=0.05%, 250=0.06%
  lat (msec)   : 500=0.01%, 750=0.01%, 1000=0.06%, 2000=0.04%
  cpu          : usr=26.75%, sys=70.21%, ctx=7545, majf=0, minf=294
  IO depths    : 1=0.1%, 2=0.1%, 4=0.1%, 8=0.1%, 16=0.1%, 32=0.1%, >=64=100.0%
     submit    : 0=0.0%, 4=100.0%, 8=0.0%, 16=0.0%, 32=0.0%, 64=0.0%, >=64=0.0%
     complete  : 0=0.0%, 4=100.0%, 8=0.0%, 16=0.0%, 32=0.0%, 64=0.0%, >=64=0.1%
     issued rwts: total=9699329,0,0,0 short=0,0,0,0 dropped=0,0,0,0
     latency   : target=0, window=0, percentile=100.00%, depth=256

Run status group 0 (all jobs):
   READ: bw=126MiB/s (132MB/s), 126MiB/s-126MiB/s (132MB/s-132MB/s), io=37.0GiB (39.7GB), run=300277-300277msec
