readwrite: (g=0): rw=rw, bs=(R) 4096B-4096B, (W) 4096B-4096B, (T) 4096B-4096B, ioengine=libaio, iodepth=256
...
fio-3.27
Starting 4 processes
readwrite: Laying out IO file (1 file / 1024MiB)
readwrite: Laying out IO file (1 file / 1024MiB)

readwrite: (groupid=0, jobs=4): err= 0: pid=254037: Wed Jul 21 17:34:06 2021
  read: IOPS=23.5k, BW=91.9MiB/s (96.4MB/s)(26.9GiB/300001msec)
    slat (usec): min=7, max=141649, avg=72.85, stdev=879.36
    clat (usec): min=12, max=1473.4k, avg=21690.48, stdev=57158.20
     lat (usec): min=103, max=1474.6k, avg=21764.12, stdev=57530.05
    clat percentiles (msec):
     |  1.00th=[   12],  5.00th=[   13], 10.00th=[   13], 20.00th=[   13],
     | 30.00th=[   14], 40.00th=[   14], 50.00th=[   14], 60.00th=[   14],
     | 70.00th=[   14], 80.00th=[   15], 90.00th=[   15], 95.00th=[   19],
     | 99.00th=[  330], 99.50th=[  435], 99.90th=[  760], 99.95th=[  885],
     | 99.99th=[ 1028]
   bw (  KiB/s): min=  912, max=165771, per=100.00%, avg=95076.46, stdev=12431.90, samples=2377
   iops        : min=  228, max=41442, avg=23768.81, stdev=3107.98, samples=2377
  write: IOPS=23.5k, BW=91.8MiB/s (96.3MB/s)(26.9GiB/300001msec); 0 zone resets
    slat (usec): min=68, max=51684, avg=75.41, stdev=31.88
    clat (usec): min=11, max=1473.1k, avg=21683.68, stdev=57282.59
     lat (usec): min=82, max=1473.2k, avg=21760.19, stdev=57284.93
    clat percentiles (msec):
     |  1.00th=[   12],  5.00th=[   13], 10.00th=[   13], 20.00th=[   13],
     | 30.00th=[   14], 40.00th=[   14], 50.00th=[   14], 60.00th=[   14],
     | 70.00th=[   14], 80.00th=[   15], 90.00th=[   15], 95.00th=[   19],
     | 99.00th=[  334], 99.50th=[  435], 99.90th=[  760], 99.95th=[  894],
     | 99.99th=[ 1036]
   bw (  KiB/s): min= 1072, max=163104, per=100.00%, avg=94996.08, stdev=12416.30, samples=2377
   iops        : min=  268, max=40776, avg=23748.74, stdev=3104.09, samples=2377
  lat (usec)   : 20=0.01%, 100=0.01%, 250=0.01%, 500=0.01%, 750=0.01%
  lat (usec)   : 1000=0.01%
  lat (msec)   : 2=0.01%, 4=0.01%, 10=0.01%, 20=95.38%, 50=2.23%
  lat (msec)   : 100=0.09%, 250=0.65%, 500=1.31%, 750=0.23%, 1000=0.09%
  lat (msec)   : 2000=0.02%
  cpu          : usr=11.44%, sys=56.61%, ctx=155220, majf=0, minf=174
  IO depths    : 1=0.1%, 2=0.1%, 4=0.1%, 8=0.1%, 16=0.1%, 32=0.1%, >=64=100.0%
     submit    : 0=0.0%, 4=100.0%, 8=0.0%, 16=0.0%, 32=0.0%, 64=0.0%, >=64=0.0%
     complete  : 0=0.0%, 4=100.0%, 8=0.0%, 16=0.0%, 32=0.0%, 64=0.0%, >=64=0.1%
     issued rwts: total=7058755,7052591,0,0 short=0,0,0,0 dropped=0,0,0,0
     latency   : target=0, window=0, percentile=100.00%, depth=256

Run status group 0 (all jobs):
   READ: bw=91.9MiB/s (96.4MB/s), 91.9MiB/s-91.9MiB/s (96.4MB/s-96.4MB/s), io=26.9GiB (28.9GB), run=300001-300001msec
  WRITE: bw=91.8MiB/s (96.3MB/s), 91.8MiB/s-91.8MiB/s (96.3MB/s-96.3MB/s), io=26.9GiB (28.9GB), run=300001-300001msec
