test: (g=0): rw=randread, bs=(R) 4096B-4096B, (W) 4096B-4096B, (T) 4096B-4096B, ioengine=libaio, iodepth=256
...
fio-3.27
Starting 8 processes
rand-read: Laying out IO file (1 file / 1024MiB)
rand-read: Laying out IO file (1 file / 1024MiB)
rand-read: Laying out IO file (1 file / 1024MiB)
rand-read: Laying out IO file (1 file / 1024MiB)

test: (groupid=0, jobs=8): err= 0: pid=149215: Mon Jul 19 19:39:40 2021
  read: IOPS=771, BW=3084KiB/s (3158kB/s)(904MiB/300031msec)
    slat (usec): min=450, max=145975, avg=10351.18, stdev=8383.24
    clat (usec): min=13, max=3604.0k, avg=2634318.95, stdev=296017.59
     lat (msec): min=3, max=3609, avg=2644.67, stdev=296.76
    clat percentiles (msec):
     |  1.00th=[ 1955],  5.00th=[ 2140], 10.00th=[ 2333], 20.00th=[ 2433],
     | 30.00th=[ 2500], 40.00th=[ 2567], 50.00th=[ 2635], 60.00th=[ 2702],
     | 70.00th=[ 2802], 80.00th=[ 2869], 90.00th=[ 2970], 95.00th=[ 3071],
     | 99.00th=[ 3239], 99.50th=[ 3306], 99.90th=[ 3440], 99.95th=[ 3507],
     | 99.99th=[ 3574]
   bw (  KiB/s): min= 1200, max= 4624, per=99.89%, avg=3081.34, stdev=56.21, samples=4757
   iops        : min=  300, max= 1156, avg=770.33, stdev=14.05, samples=4757
  lat (usec)   : 20=0.01%, 50=0.01%
  lat (msec)   : 4=0.01%, 10=0.01%, 20=0.01%, 50=0.01%, 100=0.02%
  lat (msec)   : 250=0.04%, 500=0.08%, 750=0.08%, 1000=0.07%, 2000=1.17%
  lat (msec)   : >=2000=98.52%
  cpu          : usr=0.25%, sys=1.58%, ctx=231430, majf=0, minf=2364
  IO depths    : 1=0.1%, 2=0.1%, 4=0.1%, 8=0.1%, 16=0.1%, 32=0.1%, >=64=99.8%
     submit    : 0=0.0%, 4=100.0%, 8=0.0%, 16=0.0%, 32=0.0%, 64=0.0%, >=64=0.0%
     complete  : 0=0.0%, 4=100.0%, 8=0.0%, 16=0.0%, 32=0.0%, 64=0.0%, >=64=0.1%
     issued rwts: total=231356,0,0,0 short=0,0,0,0 dropped=0,0,0,0
     latency   : target=0, window=0, percentile=100.00%, depth=256

Run status group 0 (all jobs):
   READ: bw=3084KiB/s (3158kB/s), 3084KiB/s-3084KiB/s (3158kB/s-3158kB/s), io=904MiB (948MB), run=300031-300031msec
