test: (g=0): rw=randread, bs=(R) 4096B-4096B, (W) 4096B-4096B, (T) 4096B-4096B, ioengine=libaio, iodepth=256
...
fio-3.27
Starting 2 processes
rand-read: Laying out IO file (1 file / 1024MiB)

test: (groupid=0, jobs=2): err= 0: pid=143814: Tue Jul 20 10:11:16 2021
  read: IOPS=323, BW=1292KiB/s (1323kB/s)(379MiB/300008msec)
    slat (usec): min=462, max=78408, avg=6168.99, stdev=4247.92
    clat (usec): min=26, max=1861.0k, avg=1574516.31, stdev=99768.40
     lat (msec): min=8, max=1864, avg=1580.69, stdev=99.91
    clat percentiles (msec):
     |  1.00th=[ 1401],  5.00th=[ 1452], 10.00th=[ 1485], 20.00th=[ 1519],
     | 30.00th=[ 1536], 40.00th=[ 1552], 50.00th=[ 1586], 60.00th=[ 1603],
     | 70.00th=[ 1620], 80.00th=[ 1636], 90.00th=[ 1670], 95.00th=[ 1703],
     | 99.00th=[ 1770], 99.50th=[ 1804], 99.90th=[ 1838], 99.95th=[ 1838],
     | 99.99th=[ 1854]
   bw (  KiB/s): min=  648, max= 1616, per=99.89%, avg=1291.92, stdev=53.33, samples=1193
   iops        : min=  162, max=  404, avg=322.94, stdev=13.33, samples=1193
  lat (usec)   : 50=0.01%
  lat (msec)   : 10=0.01%, 20=0.01%, 50=0.01%, 100=0.02%, 250=0.05%
  lat (msec)   : 500=0.09%, 750=0.08%, 1000=0.09%, 2000=99.66%
  cpu          : usr=0.40%, sys=2.48%, ctx=96954, majf=0, minf=588
  IO depths    : 1=0.1%, 2=0.1%, 4=0.1%, 8=0.1%, 16=0.1%, 32=0.1%, >=64=99.9%
     submit    : 0=0.0%, 4=100.0%, 8=0.0%, 16=0.0%, 32=0.0%, 64=0.0%, >=64=0.0%
     complete  : 0=0.0%, 4=100.0%, 8=0.0%, 16=0.0%, 32=0.0%, 64=0.0%, >=64=0.1%
     issued rwts: total=96935,0,0,0 short=0,0,0,0 dropped=0,0,0,0
     latency   : target=0, window=0, percentile=100.00%, depth=256

Run status group 0 (all jobs):
   READ: bw=1292KiB/s (1323kB/s), 1292KiB/s-1292KiB/s (1323kB/s-1323kB/s), io=379MiB (397MB), run=300008-300008msec
