readwrite: (g=0): rw=rw, bs=(R) 4096B-4096B, (W) 4096B-4096B, (T) 4096B-4096B, ioengine=libaio, iodepth=256
...
fio-3.27
Starting 16 processes
readwrite: Laying out IO file (1 file / 1024MiB)
readwrite: Laying out IO file (1 file / 1024MiB)
readwrite: Laying out IO file (1 file / 1024MiB)
readwrite: Laying out IO file (1 file / 1024MiB)
readwrite: Laying out IO file (1 file / 1024MiB)
readwrite: Laying out IO file (1 file / 1024MiB)
readwrite: Laying out IO file (1 file / 1024MiB)
readwrite: Laying out IO file (1 file / 1024MiB)

readwrite: (groupid=0, jobs=16): err= 0: pid=125824: Wed Jul 21 18:48:41 2021
  read: IOPS=29.1k, BW=114MiB/s (119MB/s)(33.3GiB/300026msec)
    slat (usec): min=7, max=1208.9k, avg=447.05, stdev=7947.91
    clat (usec): min=10, max=31235k, avg=70424.79, stdev=778409.74
     lat (usec): min=22, max=31452k, avg=70872.56, stdev=784039.17
    clat percentiles (msec):
     |  1.00th=[   13],  5.00th=[   13], 10.00th=[   13], 20.00th=[   14],
     | 30.00th=[   14], 40.00th=[   14], 50.00th=[   14], 60.00th=[   15],
     | 70.00th=[   15], 80.00th=[   15], 90.00th=[   16], 95.00th=[   16],
     | 99.00th=[   94], 99.50th=[ 3943], 99.90th=[12818], 99.95th=[16979],
     | 99.99th=[17113]
   bw (  KiB/s): min=  128, max=521724, per=100.00%, avg=121381.90, stdev=11919.04, samples=9147
   iops        : min=   32, max=130429, avg=30345.27, stdev=2979.74, samples=9147
  write: IOPS=29.1k, BW=114MiB/s (119MB/s)(33.3GiB/300026msec); 0 zone resets
    slat (usec): min=68, max=517665, avg=81.80, stdev=403.37
    clat (usec): min=13, max=31285k, avg=69522.86, stdev=771050.07
     lat (usec): min=104, max=31285k, avg=69605.76, stdev=771052.46
    clat percentiles (msec):
     |  1.00th=[   13],  5.00th=[   13], 10.00th=[   13], 20.00th=[   14],
     | 30.00th=[   14], 40.00th=[   14], 50.00th=[   14], 60.00th=[   15],
     | 70.00th=[   15], 80.00th=[   15], 90.00th=[   16], 95.00th=[   16],
     | 99.00th=[   82], 99.50th=[ 3842], 99.90th=[12684], 99.95th=[16845],
     | 99.99th=[17113]
   bw (  KiB/s): min=  128, max=522238, per=100.00%, avg=121174.49, stdev=11961.18, samples=9120
   iops        : min=   32, max=130559, avg=30293.44, stdev=2990.28, samples=9120
  lat (usec)   : 20=0.01%, 50=0.01%, 250=0.01%, 500=0.01%, 750=0.01%
  lat (usec)   : 1000=0.01%
  lat (msec)   : 2=0.01%, 4=0.01%, 10=0.01%, 20=98.03%, 50=0.86%
  lat (msec)   : 100=0.13%, 250=0.07%, 500=0.04%, 750=0.02%, 1000=0.05%
  lat (msec)   : 2000=0.09%, >=2000=0.70%
  cpu          : usr=3.42%, sys=17.43%, ctx=67980, majf=0, minf=724
  IO depths    : 1=0.1%, 2=0.1%, 4=0.1%, 8=0.1%, 16=0.1%, 32=0.1%, >=64=100.0%
     submit    : 0=0.0%, 4=100.0%, 8=0.0%, 16=0.0%, 32=0.0%, 64=0.0%, >=64=0.0%
     complete  : 0=0.0%, 4=100.0%, 8=0.0%, 16=0.0%, 32=0.0%, 64=0.0%, >=64=0.1%
     issued rwts: total=8731858,8733925,0,0 short=0,0,0,0 dropped=0,0,0,0
     latency   : target=0, window=0, percentile=100.00%, depth=256

Run status group 0 (all jobs):
   READ: bw=114MiB/s (119MB/s), 114MiB/s-114MiB/s (119MB/s-119MB/s), io=33.3GiB (35.8GB), run=300026-300026msec
  WRITE: bw=114MiB/s (119MB/s), 114MiB/s-114MiB/s (119MB/s-119MB/s), io=33.3GiB (35.8GB), run=300026-300026msec
