test: (g=0): rw=randread, bs=(R) 4096B-4096B, (W) 4096B-4096B, (T) 4096B-4096B, ioengine=libaio, iodepth=256
...
fio-3.27
Starting 2 processes
rand-read: Laying out IO file (1 file / 1024MiB)

test: (groupid=0, jobs=2): err= 0: pid=108226: Tue Jul 20 10:11:16 2021
  read: IOPS=323, BW=1292KiB/s (1323kB/s)(379MiB/300002msec)
    slat (usec): min=453, max=89068, avg=6170.88, stdev=4255.53
    clat (usec): min=17, max=1937.8k, avg=1574592.24, stdev=95768.37
     lat (msec): min=3, max=1947, avg=1580.77, stdev=95.86
    clat percentiles (msec):
     |  1.00th=[ 1401],  5.00th=[ 1469], 10.00th=[ 1485], 20.00th=[ 1519],
     | 30.00th=[ 1536], 40.00th=[ 1569], 50.00th=[ 1586], 60.00th=[ 1603],
     | 70.00th=[ 1620], 80.00th=[ 1636], 90.00th=[ 1670], 95.00th=[ 1687],
     | 99.00th=[ 1754], 99.50th=[ 1770], 99.90th=[ 1838], 99.95th=[ 1854],
     | 99.99th=[ 1888]
   bw (  KiB/s): min=  560, max= 3528, per=100.00%, avg=1294.64, stdev=79.73, samples=1194
   iops        : min=  140, max=  882, avg=323.55, stdev=19.93, samples=1194
  lat (usec)   : 20=0.01%, 50=0.01%
  lat (msec)   : 4=0.01%, 10=0.01%, 20=0.01%, 50=0.01%, 100=0.01%
  lat (msec)   : 250=0.05%, 500=0.09%, 750=0.08%, 1000=0.08%, 2000=99.67%
  cpu          : usr=0.37%, sys=2.39%, ctx=96944, majf=0, minf=590
  IO depths    : 1=0.1%, 2=0.1%, 4=0.1%, 8=0.1%, 16=0.1%, 32=0.1%, >=64=99.9%
     submit    : 0=0.0%, 4=100.0%, 8=0.0%, 16=0.0%, 32=0.0%, 64=0.0%, >=64=0.0%
     complete  : 0=0.0%, 4=100.0%, 8=0.0%, 16=0.0%, 32=0.0%, 64=0.0%, >=64=0.1%
     issued rwts: total=96918,0,0,0 short=0,0,0,0 dropped=0,0,0,0
     latency   : target=0, window=0, percentile=100.00%, depth=256

Run status group 0 (all jobs):
   READ: bw=1292KiB/s (1323kB/s), 1292KiB/s-1292KiB/s (1323kB/s-1323kB/s), io=379MiB (397MB), run=300002-300002msec
