test: (g=0): rw=read, bs=(R) 4096B-4096B, (W) 4096B-4096B, (T) 4096B-4096B, ioengine=libaio, iodepth=256
...
fio-3.27
Starting 2 processes
seq-read: Laying out IO file (1 file / 1024MiB)

test: (groupid=0, jobs=2): err= 0: pid=5570: Tue Jul 20 14:24:35 2021
  read: IOPS=34.3k, BW=134MiB/s (140MB/s)(39.2GiB/300026msec)
    slat (usec): min=10, max=104702, avg=47.17, stdev=674.17
    clat (usec): min=10, max=4503.5k, avg=14870.35, stdev=99900.39
     lat (usec): min=22, max=4505.0k, avg=14918.28, stdev=100235.61
    clat percentiles (msec):
     |  1.00th=[    5],  5.00th=[    5], 10.00th=[    5], 20.00th=[    5],
     | 30.00th=[    5], 40.00th=[    5], 50.00th=[    5], 60.00th=[    5],
     | 70.00th=[    5], 80.00th=[    6], 90.00th=[   16], 95.00th=[   26],
     | 99.00th=[   56], 99.50th=[  651], 99.90th=[ 1653], 99.95th=[ 2106],
     | 99.99th=[ 2668]
   bw (  KiB/s): min=   72, max=330632, per=100.00%, avg=142715.02, stdev=38292.92, samples=1173
   iops        : min=   18, max=82658, avg=35678.65, stdev=9573.24, samples=1173
  lat (usec)   : 20=0.01%, 50=0.01%, 100=0.01%, 250=0.01%, 500=0.01%
  lat (usec)   : 750=0.01%, 1000=0.01%
  lat (msec)   : 2=0.01%, 4=0.01%, 10=88.43%, 20=4.69%, 50=5.84%
  lat (msec)   : 100=0.04%, 250=0.11%, 500=0.15%, 750=0.32%, 1000=0.19%
  lat (msec)   : 2000=0.16%, >=2000=0.06%
  cpu          : usr=14.50%, sys=38.20%, ctx=93718, majf=0, minf=590
  IO depths    : 1=0.1%, 2=0.1%, 4=0.1%, 8=0.1%, 16=0.1%, 32=0.1%, >=64=100.0%
     submit    : 0=0.0%, 4=100.0%, 8=0.0%, 16=0.0%, 32=0.0%, 64=0.0%, >=64=0.0%
     complete  : 0=0.0%, 4=100.0%, 8=0.0%, 16=0.0%, 32=0.0%, 64=0.0%, >=64=0.1%
     issued rwts: total=10287867,0,0,0 short=0,0,0,0 dropped=0,0,0,0
     latency   : target=0, window=0, percentile=100.00%, depth=256

Run status group 0 (all jobs):
   READ: bw=134MiB/s (140MB/s), 134MiB/s-134MiB/s (140MB/s-140MB/s), io=39.2GiB (42.1GB), run=300026-300026msec
