test: (g=0): rw=randread, bs=(R) 4096B-4096B, (W) 4096B-4096B, (T) 4096B-4096B, ioengine=libaio, iodepth=256
...
fio-3.27
Starting 32 processes
rand-read: Laying out IO file (1 file / 1024MiB)
rand-read: Laying out IO file (1 file / 1024MiB)
rand-read: Laying out IO file (1 file / 1024MiB)
rand-read: Laying out IO file (1 file / 1024MiB)
rand-read: Laying out IO file (1 file / 1024MiB)
rand-read: Laying out IO file (1 file / 1024MiB)
rand-read: Laying out IO file (1 file / 1024MiB)
rand-read: Laying out IO file (1 file / 1024MiB)
rand-read: Laying out IO file (1 file / 1024MiB)
rand-read: Laying out IO file (1 file / 1024MiB)
rand-read: Laying out IO file (1 file / 1024MiB)
rand-read: Laying out IO file (1 file / 1024MiB)
rand-read: Laying out IO file (1 file / 1024MiB)
rand-read: Laying out IO file (1 file / 1024MiB)
rand-read: Laying out IO file (1 file / 1024MiB)
rand-read: Laying out IO file (1 file / 1024MiB)

test: (groupid=0, jobs=32): err= 0: pid=210698: Mon Jul 19 22:26:18 2021
  read: IOPS=593, BW=2374KiB/s (2431kB/s)(696MiB/300023msec)
    slat (usec): min=558, max=414666, avg=53888.12, stdev=16640.13
    clat (usec): min=14, max=16638k, avg=13432606.02, stdev=2467019.47
     lat (msec): min=3, max=16717, avg=13486.50, stdev=2472.20
    clat percentiles (msec):
     |  1.00th=[  468],  5.00th=[11342], 10.00th=[12013], 20.00th=[12416],
     | 30.00th=[13221], 40.00th=[13892], 50.00th=[14026], 60.00th=[14160],
     | 70.00th=[14429], 80.00th=[14832], 90.00th=[15234], 95.00th=[15503],
     | 99.00th=[16040], 99.50th=[16174], 99.90th=[16442], 99.95th=[16442],
     | 99.99th=[16576]
   bw (  KiB/s): min= 1056, max= 7344, per=99.03%, avg=2351.29, stdev=10.22, samples=18303
   iops        : min=  264, max= 1836, avg=587.82, stdev= 2.55, samples=18303
  lat (usec)   : 20=0.01%, 50=0.01%
  lat (msec)   : 4=0.01%, 10=0.02%, 20=0.02%, 50=0.07%, 100=0.11%
  lat (msec)   : 250=0.32%, 500=0.48%, 750=0.31%, 1000=0.16%, 2000=0.38%
  lat (msec)   : >=2000=98.10%
  cpu          : usr=0.06%, sys=0.34%, ctx=178267, majf=0, minf=9458
  IO depths    : 1=0.1%, 2=0.1%, 4=0.1%, 8=0.1%, 16=0.3%, 32=0.6%, >=64=98.9%
     submit    : 0=0.0%, 4=100.0%, 8=0.0%, 16=0.0%, 32=0.0%, 64=0.0%, >=64=0.0%
     complete  : 0=0.0%, 4=100.0%, 8=0.0%, 16=0.0%, 32=0.0%, 64=0.0%, >=64=0.1%
     issued rwts: total=178062,0,0,0 short=0,0,0,0 dropped=0,0,0,0
     latency   : target=0, window=0, percentile=100.00%, depth=256

Run status group 0 (all jobs):
   READ: bw=2374KiB/s (2431kB/s), 2374KiB/s-2374KiB/s (2431kB/s-2431kB/s), io=696MiB (729MB), run=300023-300023msec
