readwrite: (g=0): rw=rw, bs=(R) 4096B-4096B, (W) 4096B-4096B, (T) 4096B-4096B, ioengine=libaio, iodepth=256
...
fio-3.27
Starting 2 processes
readwrite: Laying out IO file (1 file / 1024MiB)

readwrite: (groupid=0, jobs=2): err= 0: pid=92105: Wed Jul 21 17:28:15 2021
  read: IOPS=15.5k, BW=60.5MiB/s (63.4MB/s)(17.7GiB/300001msec)
    slat (usec): min=7, max=100785, avg=32.96, stdev=395.74
    clat (usec): min=108, max=1147.7k, avg=16484.22, stdev=26057.51
     lat (usec): min=121, max=1147.7k, avg=16517.93, stdev=26154.90
    clat percentiles (msec):
     |  1.00th=[   12],  5.00th=[   13], 10.00th=[   13], 20.00th=[   13],
     | 30.00th=[   13], 40.00th=[   14], 50.00th=[   14], 60.00th=[   14],
     | 70.00th=[   14], 80.00th=[   14], 90.00th=[   15], 95.00th=[   19],
     | 99.00th=[  134], 99.50th=[  171], 99.90th=[  253], 99.95th=[  330],
     | 99.99th=[  911]
   bw (  KiB/s): min=  872, max=84368, per=100.00%, avg=62523.66, stdev=12612.28, samples=1188
   iops        : min=  218, max=21092, avg=15630.89, stdev=3153.07, samples=1188
  write: IOPS=15.5k, BW=60.5MiB/s (63.4MB/s)(17.7GiB/300001msec); 0 zone resets
    slat (usec): min=68, max=4451, avg=74.64, stdev=14.93
    clat (usec): min=11, max=1147.6k, avg=16461.73, stdev=25841.05
     lat (usec): min=100, max=1147.6k, avg=16537.46, stdev=25842.28
    clat percentiles (msec):
     |  1.00th=[   12],  5.00th=[   13], 10.00th=[   13], 20.00th=[   13],
     | 30.00th=[   13], 40.00th=[   14], 50.00th=[   14], 60.00th=[   14],
     | 70.00th=[   14], 80.00th=[   14], 90.00th=[   15], 95.00th=[   19],
     | 99.00th=[  133], 99.50th=[  171], 99.90th=[  251], 99.95th=[  321],
     | 99.99th=[  911]
   bw (  KiB/s): min=  880, max=82384, per=100.00%, avg=62492.53, stdev=12602.98, samples=1188
   iops        : min=  220, max=20596, avg=15623.12, stdev=3150.75, samples=1188
  lat (usec)   : 20=0.01%, 250=0.01%, 500=0.01%, 750=0.01%, 1000=0.01%
  lat (msec)   : 2=0.01%, 4=0.01%, 10=0.01%, 20=96.09%, 50=2.09%
  lat (msec)   : 100=0.18%, 250=1.53%, 500=0.06%, 1000=0.05%, 2000=0.01%
  cpu          : usr=14.61%, sys=73.24%, ctx=78717, majf=0, minf=87
  IO depths    : 1=0.1%, 2=0.1%, 4=0.1%, 8=0.1%, 16=0.1%, 32=0.1%, >=64=100.0%
     submit    : 0=0.0%, 4=100.0%, 8=0.0%, 16=0.0%, 32=0.0%, 64=0.0%, >=64=0.0%
     complete  : 0=0.0%, 4=100.0%, 8=0.0%, 16=0.0%, 32=0.0%, 64=0.0%, >=64=0.1%
     issued rwts: total=4645513,4643232,0,0 short=0,0,0,0 dropped=0,0,0,0
     latency   : target=0, window=0, percentile=100.00%, depth=256

Run status group 0 (all jobs):
   READ: bw=60.5MiB/s (63.4MB/s), 60.5MiB/s-60.5MiB/s (63.4MB/s-63.4MB/s), io=17.7GiB (19.0GB), run=300001-300001msec
  WRITE: bw=60.5MiB/s (63.4MB/s), 60.5MiB/s-60.5MiB/s (63.4MB/s-63.4MB/s), io=17.7GiB (19.0GB), run=300001-300001msec
