test: (g=0): rw=read, bs=(R) 4096B-4096B, (W) 4096B-4096B, (T) 4096B-4096B, ioengine=libaio, iodepth=256
...
fio-3.27
Starting 4 processes
seq-read: Laying out IO file (1 file / 1024MiB)
seq-read: Laying out IO file (1 file / 1024MiB)

test: (groupid=0, jobs=4): err= 0: pid=220453: Fri Jul 16 03:09:46 2021
  read: IOPS=36.9k, BW=144MiB/s (151MB/s)(42.2GiB/300002msec)
    slat (usec): min=10, max=976179, avg=97.09, stdev=1542.09
    clat (usec): min=10, max=23759k, avg=27658.37, stdev=233893.64
     lat (usec): min=21, max=23770k, avg=27756.27, stdev=234693.15
    clat percentiles (msec):
     |  1.00th=[    5],  5.00th=[    5], 10.00th=[    5], 20.00th=[    5],
     | 30.00th=[    5], 40.00th=[    5], 50.00th=[    5], 60.00th=[    6],
     | 70.00th=[    6], 80.00th=[    6], 90.00th=[   17], 95.00th=[   27],
     | 99.00th=[  558], 99.50th=[  911], 99.90th=[ 2140], 99.95th=[ 4077],
     | 99.99th=[ 9329]
   bw (  KiB/s): min=   80, max=656360, per=100.00%, avg=152740.12, stdev=38859.44, samples=2366
   iops        : min=   20, max=164090, avg=38185.01, stdev=9714.87, samples=2366
  lat (usec)   : 20=0.01%, 50=0.01%, 100=0.01%, 250=0.01%, 500=0.01%
  lat (usec)   : 750=0.01%, 1000=0.01%
  lat (msec)   : 2=0.01%, 4=0.01%, 10=86.37%, 20=5.09%, 50=5.72%
  lat (msec)   : 100=0.04%, 250=0.04%, 500=1.38%, 750=0.76%, 1000=0.22%
  lat (msec)   : 2000=0.27%, >=2000=0.11%
  cpu          : usr=8.03%, sys=22.93%, ctx=297351, majf=0, minf=1183
  IO depths    : 1=0.1%, 2=0.1%, 4=0.1%, 8=0.1%, 16=0.1%, 32=0.1%, >=64=100.0%
     submit    : 0=0.0%, 4=100.0%, 8=0.0%, 16=0.0%, 32=0.0%, 64=0.0%, >=64=0.0%
     complete  : 0=0.0%, 4=100.0%, 8=0.0%, 16=0.0%, 32=0.0%, 64=0.0%, >=64=0.1%
     issued rwts: total=11057177,0,0,0 short=0,0,0,0 dropped=0,0,0,0
     latency   : target=0, window=0, percentile=100.00%, depth=256

Run status group 0 (all jobs):
   READ: bw=144MiB/s (151MB/s), 144MiB/s-144MiB/s (151MB/s-151MB/s), io=42.2GiB (45.3GB), run=300002-300002msec
