test: (g=0): rw=read, bs=(R) 4096B-4096B, (W) 4096B-4096B, (T) 4096B-4096B, ioengine=libaio, iodepth=256
...
fio-3.27
Starting 2 processes
seq-read: Laying out IO file (1 file / 1024MiB)

test: (groupid=0, jobs=2): err= 0: pid=231616: Fri Jul 16 03:05:55 2021
  read: IOPS=30.7k, BW=120MiB/s (126MB/s)(35.2GiB/300001msec)
    slat (usec): min=10, max=205661, avg=54.01, stdev=718.22
    clat (usec): min=9, max=3382.3k, avg=16563.87, stdev=107333.95
     lat (usec): min=22, max=3407.2k, avg=16618.64, stdev=107718.49
    clat percentiles (msec):
     |  1.00th=[    5],  5.00th=[    5], 10.00th=[    5], 20.00th=[    5],
     | 30.00th=[    5], 40.00th=[    5], 50.00th=[    5], 60.00th=[    5],
     | 70.00th=[    5], 80.00th=[    5], 90.00th=[   16], 95.00th=[   26],
     | 99.00th=[  292], 99.50th=[  911], 99.90th=[ 1586], 99.95th=[ 1720],
     | 99.99th=[ 2500]
   bw (  KiB/s): min=  208, max=333712, per=100.00%, avg=127168.91, stdev=52112.51, samples=1173
   iops        : min=   52, max=83430, avg=31792.18, stdev=13028.13, samples=1173
  lat (usec)   : 10=0.01%, 50=0.01%, 100=0.01%, 250=0.01%, 500=0.01%
  lat (usec)   : 750=0.01%, 1000=0.01%
  lat (msec)   : 2=0.01%, 4=0.01%, 10=88.12%, 20=4.81%, 50=5.82%
  lat (msec)   : 100=0.05%, 250=0.12%, 500=0.37%, 750=0.11%, 1000=0.18%
  lat (msec)   : 2000=0.39%, >=2000=0.03%
  cpu          : usr=12.91%, sys=34.59%, ctx=102154, majf=0, minf=591
  IO depths    : 1=0.1%, 2=0.1%, 4=0.1%, 8=0.1%, 16=0.1%, 32=0.1%, >=64=100.0%
     submit    : 0=0.0%, 4=100.0%, 8=0.0%, 16=0.0%, 32=0.0%, 64=0.0%, >=64=0.0%
     complete  : 0=0.0%, 4=100.0%, 8=0.0%, 16=0.0%, 32=0.0%, 64=0.0%, >=64=0.1%
     issued rwts: total=9217098,0,0,0 short=0,0,0,0 dropped=0,0,0,0
     latency   : target=0, window=0, percentile=100.00%, depth=256

Run status group 0 (all jobs):
   READ: bw=120MiB/s (126MB/s), 120MiB/s-120MiB/s (126MB/s-126MB/s), io=35.2GiB (37.8GB), run=300001-300001msec
