test: (g=0): rw=read, bs=(R) 4096B-4096B, (W) 4096B-4096B, (T) 4096B-4096B, ioengine=libaio, iodepth=256
...
fio-3.27
Starting 32 processes

test: (groupid=0, jobs=32): err= 0: pid=12707: Fri Jul 16 04:05:16 2021
  read: IOPS=37.0k, BW=145MiB/s (152MB/s)(42.4GiB/300013msec)
    slat (usec): min=10, max=328820, avg=852.08, stdev=3949.29
    clat (usec): min=10, max=11514k, avg=220014.44, stdev=780521.12
     lat (usec): min=22, max=11562k, avg=220867.53, stdev=783497.20
    clat percentiles (msec):
     |  1.00th=[    5],  5.00th=[    5], 10.00th=[    5], 20.00th=[    5],
     | 30.00th=[    6], 40.00th=[    6], 50.00th=[    6], 60.00th=[    6],
     | 70.00th=[    6], 80.00th=[   17], 90.00th=[   27], 95.00th=[ 1754],
     | 99.00th=[ 4144], 99.50th=[ 5201], 99.90th=[ 7416], 99.95th=[ 8087],
     | 99.99th=[ 9194]
   bw (  KiB/s): min= 1192, max=3132120, per=100.00%, avg=151630.74, stdev=18597.24, samples=19070
   iops        : min=  298, max=783030, avg=37907.29, stdev=4649.31, samples=19070
  lat (usec)   : 20=0.01%, 50=0.01%, 100=0.01%, 250=0.01%, 500=0.01%
  lat (usec)   : 750=0.01%, 1000=0.01%
  lat (msec)   : 2=0.01%, 4=0.01%, 10=78.46%, 20=7.09%, 50=5.21%
  lat (msec)   : 100=0.07%, 250=0.01%, 500=0.02%, 750=0.02%, 1000=0.07%
  lat (msec)   : 2000=5.50%, >=2000=3.54%
  cpu          : usr=1.18%, sys=4.25%, ctx=1002089, majf=0, minf=9452
  IO depths    : 1=0.1%, 2=0.1%, 4=0.1%, 8=0.1%, 16=0.1%, 32=0.1%, >=64=100.0%
     submit    : 0=0.0%, 4=100.0%, 8=0.0%, 16=0.0%, 32=0.0%, 64=0.0%, >=64=0.0%
     complete  : 0=0.0%, 4=100.0%, 8=0.0%, 16=0.0%, 32=0.0%, 64=0.0%, >=64=0.1%
     issued rwts: total=11105338,0,0,0 short=0,0,0,0 dropped=0,0,0,0
     latency   : target=0, window=0, percentile=100.00%, depth=256

Run status group 0 (all jobs):
   READ: bw=145MiB/s (152MB/s), 145MiB/s-145MiB/s (152MB/s-152MB/s), io=42.4GiB (45.5GB), run=300013-300013msec
