test: (g=0): rw=randread, bs=(R) 4096B-4096B, (W) 4096B-4096B, (T) 4096B-4096B, ioengine=libaio, iodepth=256
fio-3.27
Starting 1 process
test: Laying out IO file (1 file / 1024MiB)

test: (groupid=0, jobs=1): err= 0: pid=110743: Tue Jul 20 10:05:39 2021
  read: IOPS=190, BW=763KiB/s (782kB/s)(224MiB/300006msec)
    slat (usec): min=455, max=73552, avg=5220.34, stdev=3812.44
    clat (usec): min=11, max=1572.1k, avg=1333032.17, stdev=81629.60
     lat (msec): min=9, max=1573, avg=1338.25, stdev=81.73
    clat percentiles (msec):
     |  1.00th=[ 1183],  5.00th=[ 1234], 10.00th=[ 1250], 20.00th=[ 1284],
     | 30.00th=[ 1301], 40.00th=[ 1318], 50.00th=[ 1334], 60.00th=[ 1351],
     | 70.00th=[ 1368], 80.00th=[ 1385], 90.00th=[ 1418], 95.00th=[ 1452],
     | 99.00th=[ 1502], 99.50th=[ 1519], 99.90th=[ 1552], 99.95th=[ 1552],
     | 99.99th=[ 1569]
   bw (  KiB/s): min=  248, max=  945, per=99.95%, avg=763.11, stdev=62.11, samples=597
   iops        : min=   62, max=  236, avg=190.78, stdev=15.53, samples=597
  lat (usec)   : 20=0.01%
  lat (msec)   : 10=0.01%, 20=0.01%, 50=0.01%, 100=0.01%, 250=0.05%
  lat (msec)   : 500=0.09%, 750=0.09%, 1000=0.08%, 2000=99.68%
  cpu          : usr=0.42%, sys=2.80%, ctx=57269, majf=0, minf=293
  IO depths    : 1=0.1%, 2=0.1%, 4=0.1%, 8=0.1%, 16=0.1%, 32=0.1%, >=64=99.9%
     submit    : 0=0.0%, 4=100.0%, 8=0.0%, 16=0.0%, 32=0.0%, 64=0.0%, >=64=0.0%
     complete  : 0=0.0%, 4=100.0%, 8=0.0%, 16=0.0%, 32=0.0%, 64=0.0%, >=64=0.1%
     issued rwts: total=57257,0,0,0 short=0,0,0,0 dropped=0,0,0,0
     latency   : target=0, window=0, percentile=100.00%, depth=256

Run status group 0 (all jobs):
   READ: bw=763KiB/s (782kB/s), 763KiB/s-763KiB/s (782kB/s-782kB/s), io=224MiB (235MB), run=300006-300006msec
