readwrite: (g=0): rw=rw, bs=(R) 4096B-4096B, (W) 4096B-4096B, (T) 4096B-4096B, ioengine=libaio, iodepth=256
...
fio-3.27
Starting 16 processes
readwrite: Laying out IO file (1 file / 1024MiB)
readwrite: Laying out IO file (1 file / 1024MiB)
readwrite: Laying out IO file (1 file / 1024MiB)
readwrite: Laying out IO file (1 file / 1024MiB)
readwrite: Laying out IO file (1 file / 1024MiB)
readwrite: Laying out IO file (1 file / 1024MiB)
readwrite: Laying out IO file (1 file / 1024MiB)
readwrite: Laying out IO file (1 file / 1024MiB)

readwrite: (groupid=0, jobs=16): err= 0: pid=59490: Wed Jul 21 18:48:41 2021
  read: IOPS=32.2k, BW=126MiB/s (132MB/s)(36.9GiB/300072msec)
    slat (usec): min=7, max=1244.2k, avg=396.44, stdev=7302.14
    clat (usec): min=13, max=35412k, avg=63499.98, stdev=730662.70
     lat (usec): min=108, max=35412k, avg=63897.15, stdev=736013.82
    clat percentiles (msec):
     |  1.00th=[   12],  5.00th=[   13], 10.00th=[   13], 20.00th=[   14],
     | 30.00th=[   14], 40.00th=[   14], 50.00th=[   14], 60.00th=[   14],
     | 70.00th=[   15], 80.00th=[   15], 90.00th=[   15], 95.00th=[   16],
     | 99.00th=[   45], 99.50th=[ 3138], 99.90th=[12013], 99.95th=[16576],
     | 99.99th=[17113]
   bw (  KiB/s): min=  128, max=564513, per=100.00%, avg=132051.19, stdev=11476.81, samples=9225
   iops        : min=   32, max=141127, avg=33012.60, stdev=2869.19, samples=9225
  write: IOPS=32.2k, BW=126MiB/s (132MB/s)(36.9GiB/300072msec); 0 zone resets
    slat (usec): min=68, max=321442, avg=79.31, stdev=254.62
    clat (usec): min=11, max=35271k, avg=63065.82, stdev=728078.13
     lat (usec): min=84, max=35271k, avg=63146.23, stdev=728079.97
    clat percentiles (msec):
     |  1.00th=[   12],  5.00th=[   13], 10.00th=[   13], 20.00th=[   14],
     | 30.00th=[   14], 40.00th=[   14], 50.00th=[   14], 60.00th=[   14],
     | 70.00th=[   15], 80.00th=[   15], 90.00th=[   15], 95.00th=[   16],
     | 99.00th=[   41], 99.50th=[ 3104], 99.90th=[11879], 99.95th=[16576],
     | 99.99th=[17113]
   bw (  KiB/s): min=  152, max=561026, per=100.00%, avg=132327.43, stdev=11462.91, samples=9225
   iops        : min=   38, max=140256, avg=33081.63, stdev=2865.71, samples=9225
  lat (usec)   : 20=0.01%, 50=0.01%, 100=0.01%, 250=0.01%, 500=0.01%
  lat (usec)   : 750=0.01%, 1000=0.01%
  lat (msec)   : 2=0.01%, 4=0.01%, 10=0.01%, 20=98.23%, 50=0.80%
  lat (msec)   : 100=0.06%, 250=0.04%, 500=0.05%, 750=0.02%, 1000=0.05%
  lat (msec)   : 2000=0.12%, >=2000=0.62%
  cpu          : usr=3.78%, sys=19.05%, ctx=69545, majf=0, minf=717
  IO depths    : 1=0.1%, 2=0.1%, 4=0.1%, 8=0.1%, 16=0.1%, 32=0.1%, >=64=100.0%
     submit    : 0=0.0%, 4=100.0%, 8=0.0%, 16=0.0%, 32=0.0%, 64=0.0%, >=64=0.0%
     complete  : 0=0.0%, 4=100.0%, 8=0.0%, 16=0.0%, 32=0.0%, 64=0.0%, >=64=0.1%
     issued rwts: total=9663525,9667462,0,0 short=0,0,0,0 dropped=0,0,0,0
     latency   : target=0, window=0, percentile=100.00%, depth=256

Run status group 0 (all jobs):
   READ: bw=126MiB/s (132MB/s), 126MiB/s-126MiB/s (132MB/s-132MB/s), io=36.9GiB (39.6GB), run=300072-300072msec
  WRITE: bw=126MiB/s (132MB/s), 126MiB/s-126MiB/s (132MB/s-132MB/s), io=36.9GiB (39.6GB), run=300072-300072msec
