readwrite: (g=0): rw=rw, bs=(R) 4096B-4096B, (W) 4096B-4096B, (T) 4096B-4096B, ioengine=libaio, iodepth=256
...
fio-3.27
Starting 64 processes

readwrite: (groupid=0, jobs=64): err= 0: pid=253902: Wed Jul 21 16:28:41 2021
  read: IOPS=97.8k, BW=382MiB/s (401MB/s)(112GiB/300070msec)
    slat (usec): min=7, max=10302k, avg=502.71, stdev=8672.82
    clat (usec): min=10, max=19964k, avg=83013.70, stdev=517321.74
     lat (usec): min=22, max=20095k, avg=83517.26, stdev=520688.03
    clat percentiles (msec):
     |  1.00th=[   13],  5.00th=[   14], 10.00th=[   14], 20.00th=[   15],
     | 30.00th=[   15], 40.00th=[   15], 50.00th=[   16], 60.00th=[   16],
     | 70.00th=[   16], 80.00th=[   19], 90.00th=[   21], 95.00th=[   23],
     | 99.00th=[ 2039], 99.50th=[ 3507], 99.90th=[ 7550], 99.95th=[ 9329],
     | 99.99th=[13221]
   bw (  KiB/s): min=  512, max=2267902, per=100.00%, avg=409845.80, stdev=10133.71, samples=36710
   iops        : min=  128, max=566976, avg=102460.08, stdev=2533.41, samples=36710
  write: IOPS=97.8k, BW=382MiB/s (401MB/s)(112GiB/300070msec); 0 zone resets
    slat (usec): min=68, max=7892.6k, avg=129.73, stdev=4933.66
    clat (usec): min=11, max=20095k, avg=82150.21, stdev=510049.48
     lat (usec): min=87, max=20095k, avg=82281.10, stdev=510372.22
    clat percentiles (msec):
     |  1.00th=[   13],  5.00th=[   14], 10.00th=[   14], 20.00th=[   15],
     | 30.00th=[   15], 40.00th=[   15], 50.00th=[   16], 60.00th=[   16],
     | 70.00th=[   16], 80.00th=[   19], 90.00th=[   21], 95.00th=[   23],
     | 99.00th=[ 2022], 99.50th=[ 3440], 99.90th=[ 7416], 99.95th=[ 9194],
     | 99.99th=[12953]
   bw (  KiB/s): min=  512, max=2269760, per=100.00%, avg=410117.16, stdev=10137.58, samples=36692
   iops        : min=  128, max=567429, avg=102527.91, stdev=2534.37, samples=36692
  lat (usec)   : 20=0.01%, 50=0.01%, 100=0.01%, 250=0.01%, 500=0.01%
  lat (usec)   : 750=0.01%, 1000=0.01%
  lat (msec)   : 2=0.01%, 4=0.01%, 10=0.01%, 20=88.92%, 50=6.95%
  lat (msec)   : 100=0.20%, 250=0.42%, 500=0.56%, 750=0.47%, 1000=0.40%
  lat (msec)   : 2000=1.05%, >=2000=1.02%
  cpu          : usr=3.13%, sys=17.04%, ctx=753617, majf=0, minf=2852
  IO depths    : 1=0.1%, 2=0.1%, 4=0.1%, 8=0.1%, 16=0.1%, 32=0.1%, >=64=100.0%
     submit    : 0=0.0%, 4=100.0%, 8=0.0%, 16=0.0%, 32=0.0%, 64=0.0%, >=64=0.0%
     complete  : 0=0.0%, 4=100.0%, 8=0.0%, 16=0.0%, 32=0.0%, 64=0.0%, >=64=0.1%
     issued rwts: total=29341675,29346996,0,0 short=0,0,0,0 dropped=0,0,0,0
     latency   : target=0, window=0, percentile=100.00%, depth=256

Run status group 0 (all jobs):
   READ: bw=382MiB/s (401MB/s), 382MiB/s-382MiB/s (401MB/s-401MB/s), io=112GiB (120GB), run=300070-300070msec
  WRITE: bw=382MiB/s (401MB/s), 382MiB/s-382MiB/s (401MB/s-401MB/s), io=112GiB (120GB), run=300070-300070msec
