test: (g=0): rw=randread, bs=(R) 4096B-4096B, (W) 4096B-4096B, (T) 4096B-4096B, ioengine=libaio, iodepth=256
...
fio-3.27
Starting 2 processes
rand-read: Laying out IO file (1 file / 1024MiB)

test: (groupid=0, jobs=2): err= 0: pid=121015: Tue Jul 20 10:11:16 2021
  read: IOPS=324, BW=1299KiB/s (1330kB/s)(380MiB/300003msec)
    slat (usec): min=454, max=87261, avg=6139.95, stdev=4272.81
    clat (usec): min=12, max=1883.5k, avg=1566454.18, stdev=96975.86
     lat (msec): min=4, max=1890, avg=1572.60, stdev=97.09
    clat percentiles (msec):
     |  1.00th=[ 1418],  5.00th=[ 1452], 10.00th=[ 1485], 20.00th=[ 1502],
     | 30.00th=[ 1536], 40.00th=[ 1552], 50.00th=[ 1569], 60.00th=[ 1586],
     | 70.00th=[ 1603], 80.00th=[ 1636], 90.00th=[ 1670], 95.00th=[ 1687],
     | 99.00th=[ 1754], 99.50th=[ 1770], 99.90th=[ 1854], 99.95th=[ 1871],
     | 99.99th=[ 1871]
   bw (  KiB/s): min=  904, max= 1608, per=100.00%, avg=1299.09, stdev=50.24, samples=1192
   iops        : min=  226, max=  402, avg=324.77, stdev=12.56, samples=1192
  lat (usec)   : 20=0.01%
  lat (msec)   : 10=0.01%, 20=0.01%, 50=0.01%, 100=0.01%, 250=0.06%
  lat (msec)   : 500=0.08%, 750=0.09%, 1000=0.09%, 2000=99.66%
  cpu          : usr=0.37%, sys=2.48%, ctx=97423, majf=0, minf=589
  IO depths    : 1=0.1%, 2=0.1%, 4=0.1%, 8=0.1%, 16=0.1%, 32=0.1%, >=64=99.9%
     submit    : 0=0.0%, 4=100.0%, 8=0.0%, 16=0.0%, 32=0.0%, 64=0.0%, >=64=0.0%
     complete  : 0=0.0%, 4=100.0%, 8=0.0%, 16=0.0%, 32=0.0%, 64=0.0%, >=64=0.1%
     issued rwts: total=97397,0,0,0 short=0,0,0,0 dropped=0,0,0,0
     latency   : target=0, window=0, percentile=100.00%, depth=256

Run status group 0 (all jobs):
   READ: bw=1299KiB/s (1330kB/s), 1299KiB/s-1299KiB/s (1330kB/s-1330kB/s), io=380MiB (399MB), run=300003-300003msec
