test: (g=0): rw=read, bs=(R) 4096B-4096B, (W) 4096B-4096B, (T) 4096B-4096B, ioengine=libaio, iodepth=256
...
fio-3.27
Starting 4 processes
seq-read: Laying out IO file (1 file / 1024MiB)
seq-read: Laying out IO file (1 file / 1024MiB)

test: (groupid=0, jobs=4): err= 0: pid=236705: Tue Jul 20 14:30:28 2021
  read: IOPS=35.2k, BW=138MiB/s (144MB/s)(40.3GiB/300011msec)
    slat (usec): min=10, max=312816, avg=101.74, stdev=978.17
    clat (usec): min=10, max=10237k, avg=28927.64, stdev=139401.70
     lat (usec): min=23, max=10237k, avg=29030.23, stdev=139848.30
    clat percentiles (msec):
     |  1.00th=[    5],  5.00th=[    5], 10.00th=[    5], 20.00th=[    5],
     | 30.00th=[    5], 40.00th=[    6], 50.00th=[    6], 60.00th=[    6],
     | 70.00th=[    6], 80.00th=[    6], 90.00th=[   26], 95.00th=[   28],
     | 99.00th=[  531], 99.50th=[  651], 99.90th=[  969], 99.95th=[ 1183],
     | 99.99th=[ 6208]
   bw (  KiB/s): min=  104, max=556352, per=100.00%, avg=146241.98, stdev=33075.78, samples=2372
   iops        : min=   26, max=139087, avg=36560.14, stdev=8268.94, samples=2372
  lat (usec)   : 20=0.01%, 50=0.01%, 100=0.01%, 250=0.01%, 500=0.01%
  lat (usec)   : 750=0.01%, 1000=0.01%
  lat (msec)   : 2=0.01%, 4=0.01%, 10=85.11%, 20=4.75%, 50=5.64%
  lat (msec)   : 100=0.02%, 250=0.15%, 500=3.05%, 750=0.92%, 1000=0.26%
  lat (msec)   : 2000=0.06%, >=2000=0.03%
  cpu          : usr=8.03%, sys=24.52%, ctx=463597, majf=0, minf=1183
  IO depths    : 1=0.1%, 2=0.1%, 4=0.1%, 8=0.1%, 16=0.1%, 32=0.1%, >=64=100.0%
     submit    : 0=0.0%, 4=100.0%, 8=0.0%, 16=0.0%, 32=0.0%, 64=0.0%, >=64=0.0%
     complete  : 0=0.0%, 4=100.0%, 8=0.0%, 16=0.0%, 32=0.0%, 64=0.0%, >=64=0.1%
     issued rwts: total=10574687,0,0,0 short=0,0,0,0 dropped=0,0,0,0
     latency   : target=0, window=0, percentile=100.00%, depth=256

Run status group 0 (all jobs):
   READ: bw=138MiB/s (144MB/s), 138MiB/s-138MiB/s (144MB/s-144MB/s), io=40.3GiB (43.3GB), run=300011-300011msec
