test: (g=0): rw=read, bs=(R) 4096B-4096B, (W) 4096B-4096B, (T) 4096B-4096B, ioengine=libaio, iodepth=256
...
fio-3.27
Starting 32 processes
seq-read: Laying out IO file (1 file / 1024MiB)
seq-read: Laying out IO file (1 file / 1024MiB)
seq-read: Laying out IO file (1 file / 1024MiB)
seq-read: Laying out IO file (1 file / 1024MiB)
seq-read: Laying out IO file (1 file / 1024MiB)
seq-read: Laying out IO file (1 file / 1024MiB)
seq-read: Laying out IO file (1 file / 1024MiB)
seq-read: Laying out IO file (1 file / 1024MiB)
seq-read: Laying out IO file (1 file / 1024MiB)
seq-read: Laying out IO file (1 file / 1024MiB)
seq-read: Laying out IO file (1 file / 1024MiB)
seq-read: Laying out IO file (1 file / 1024MiB)
seq-read: Laying out IO file (1 file / 1024MiB)
seq-read: Laying out IO file (1 file / 1024MiB)
seq-read: Laying out IO file (1 file / 1024MiB)
seq-read: Laying out IO file (1 file / 1024MiB)

test: (groupid=0, jobs=32): err= 0: pid=49374: Tue Jul 20 15:59:12 2021
  read: IOPS=22.0k, BW=86.0MiB/s (90.2MB/s)(25.2GiB/300031msec)
    slat (usec): min=10, max=1443.6k, avg=1440.51, stdev=8901.79
    clat (usec): min=13, max=27613k, avg=369231.52, stdev=1915533.39
     lat (usec): min=1820, max=27705k, avg=370672.98, stdev=1922797.13
    clat percentiles (msec):
     |  1.00th=[    5],  5.00th=[    5], 10.00th=[    5], 20.00th=[    5],
     | 30.00th=[    5], 40.00th=[    6], 50.00th=[    6], 60.00th=[    6],
     | 70.00th=[    6], 80.00th=[   17], 90.00th=[   27], 95.00th=[ 2198],
     | 99.00th=[11610], 99.50th=[15905], 99.90th=[17113], 99.95th=[17113],
     | 99.99th=[17113]
   bw (  KiB/s): min=  512, max=4184583, per=100.00%, avg=89390.91, stdev=18513.53, samples=19013
   iops        : min=  128, max=1046142, avg=22347.62, stdev=4628.37, samples=19013
  lat (usec)   : 20=0.01%, 50=0.01%
  lat (msec)   : 2=0.01%, 4=0.01%, 10=75.88%, 20=12.41%, 50=5.12%
  lat (msec)   : 100=0.07%, 250=0.02%, 500=0.01%, 750=0.01%, 1000=0.01%
  lat (msec)   : 2000=0.33%, >=2000=6.11%
  cpu          : usr=0.68%, sys=2.40%, ctx=416666, majf=0, minf=9472
  IO depths    : 1=0.1%, 2=0.1%, 4=0.1%, 8=0.1%, 16=0.1%, 32=0.1%, >=64=100.0%
     submit    : 0=0.0%, 4=100.0%, 8=0.0%, 16=0.0%, 32=0.0%, 64=0.0%, >=64=0.0%
     complete  : 0=0.0%, 4=100.0%, 8=0.0%, 16=0.0%, 32=0.0%, 64=0.0%, >=64=0.1%
     issued rwts: total=6609326,0,0,0 short=0,0,0,0 dropped=0,0,0,0
     latency   : target=0, window=0, percentile=100.00%, depth=256

Run status group 0 (all jobs):
   READ: bw=86.0MiB/s (90.2MB/s), 86.0MiB/s-86.0MiB/s (90.2MB/s-90.2MB/s), io=25.2GiB (27.1GB), run=300031-300031msec
