test: (g=0): rw=randread, bs=(R) 4096B-4096B, (W) 4096B-4096B, (T) 4096B-4096B, ioengine=libaio, iodepth=256
fio-3.27
Starting 1 process
test: Laying out IO file (1 file / 1024MiB)

test: (groupid=0, jobs=1): err= 0: pid=214996: Mon Jul 19 21:49:35 2021
  read: IOPS=175, BW=702KiB/s (719kB/s)(206MiB/300007msec)
    slat (usec): min=449, max=86898, avg=5677.93, stdev=4471.82
    clat (usec): min=13, max=1813.3k, avg=1448881.50, stdev=102631.96
     lat (msec): min=8, max=1821, avg=1454.56, stdev=102.79
    clat percentiles (msec):
     |  1.00th=[ 1250],  5.00th=[ 1318], 10.00th=[ 1351], 20.00th=[ 1385],
     | 30.00th=[ 1418], 40.00th=[ 1435], 50.00th=[ 1452], 60.00th=[ 1469],
     | 70.00th=[ 1485], 80.00th=[ 1519], 90.00th=[ 1552], 95.00th=[ 1603],
     | 99.00th=[ 1670], 99.50th=[ 1703], 99.90th=[ 1770], 99.95th=[ 1804],
     | 99.99th=[ 1804]
   bw (  KiB/s): min=   64, max=  912, per=99.83%, avg=701.33, stdev=69.90, samples=597
   iops        : min=   16, max=  228, avg=175.30, stdev=17.47, samples=597
  lat (usec)   : 20=0.01%
  lat (msec)   : 10=0.01%, 20=0.01%, 50=0.01%, 100=0.02%, 250=0.06%
  lat (msec)   : 500=0.09%, 750=0.08%, 1000=0.08%, 2000=99.66%
  cpu          : usr=0.36%, sys=2.47%, ctx=52681, majf=0, minf=293
  IO depths    : 1=0.1%, 2=0.1%, 4=0.1%, 8=0.1%, 16=0.1%, 32=0.1%, >=64=99.9%
     submit    : 0=0.0%, 4=100.0%, 8=0.0%, 16=0.0%, 32=0.0%, 64=0.0%, >=64=0.0%
     complete  : 0=0.0%, 4=100.0%, 8=0.0%, 16=0.0%, 32=0.0%, 64=0.0%, >=64=0.1%
     issued rwts: total=52667,0,0,0 short=0,0,0,0 dropped=0,0,0,0
     latency   : target=0, window=0, percentile=100.00%, depth=256

Run status group 0 (all jobs):
   READ: bw=702KiB/s (719kB/s), 702KiB/s-702KiB/s (719kB/s-719kB/s), io=206MiB (216MB), run=300007-300007msec
