test: (g=0): rw=randread, bs=(R) 4096B-4096B, (W) 4096B-4096B, (T) 4096B-4096B, ioengine=libaio, iodepth=256
...
fio-3.27
Starting 4 processes
rand-read: Laying out IO file (1 file / 1024MiB)
rand-read: Laying out IO file (1 file / 1024MiB)

test: (groupid=0, jobs=4): err= 0: pid=142260: Tue Jul 20 11:16:42 2021
  read: IOPS=445, BW=1783KiB/s (1826kB/s)(522MiB/300016msec)
    slat (usec): min=477, max=120784, avg=8952.15, stdev=6621.05
    clat (usec): min=14, max=2762.8k, avg=2279989.04, stdev=165879.91
     lat (msec): min=3, max=2772, avg=2288.94, stdev=166.08
    clat percentiles (msec):
     |  1.00th=[ 2005],  5.00th=[ 2089], 10.00th=[ 2140], 20.00th=[ 2198],
     | 30.00th=[ 2232], 40.00th=[ 2265], 50.00th=[ 2299], 60.00th=[ 2299],
     | 70.00th=[ 2333], 80.00th=[ 2400], 90.00th=[ 2433], 95.00th=[ 2500],
     | 99.00th=[ 2567], 99.50th=[ 2635], 99.90th=[ 2702], 99.95th=[ 2702],
     | 99.99th=[ 2735]
   bw (  KiB/s): min=  808, max= 2281, per=99.90%, avg=1781.11, stdev=45.38, samples=2381
   iops        : min=  202, max=  570, avg=445.24, stdev=11.33, samples=2381
  lat (usec)   : 20=0.01%, 50=0.01%
  lat (msec)   : 4=0.01%, 10=0.01%, 20=0.01%, 50=0.01%, 100=0.02%
  lat (msec)   : 250=0.05%, 500=0.08%, 750=0.07%, 1000=0.09%, 2000=0.69%
  lat (msec)   : >=2000=98.97%
  cpu          : usr=0.28%, sys=1.79%, ctx=133755, majf=0, minf=1181
  IO depths    : 1=0.1%, 2=0.1%, 4=0.1%, 8=0.1%, 16=0.1%, 32=0.1%, >=64=99.8%
     submit    : 0=0.0%, 4=100.0%, 8=0.0%, 16=0.0%, 32=0.0%, 64=0.0%, >=64=0.0%
     complete  : 0=0.0%, 4=100.0%, 8=0.0%, 16=0.0%, 32=0.0%, 64=0.0%, >=64=0.1%
     issued rwts: total=133715,0,0,0 short=0,0,0,0 dropped=0,0,0,0
     latency   : target=0, window=0, percentile=100.00%, depth=256

Run status group 0 (all jobs):
   READ: bw=1783KiB/s (1826kB/s), 1783KiB/s-1783KiB/s (1826kB/s-1826kB/s), io=522MiB (548MB), run=300016-300016msec
