test: (g=0): rw=read, bs=(R) 4096B-4096B, (W) 4096B-4096B, (T) 4096B-4096B, ioengine=libaio, iodepth=256
...
fio-3.27
Starting 16 processes

test: (groupid=0, jobs=16): err= 0: pid=222412: Fri Jul 16 02:58:04 2021
  read: IOPS=22.7k, BW=88.6MiB/s (92.9MB/s)(26.0GiB/300061msec)
    slat (usec): min=10, max=693609, avg=693.15, stdev=5423.19
    clat (usec): min=13, max=23002k, avg=178805.26, stdev=902636.81
     lat (msec): min=4, max=23057, avg=179.50, stdev=906.05
    clat percentiles (msec):
     |  1.00th=[    5],  5.00th=[    5], 10.00th=[    5], 20.00th=[    5],
     | 30.00th=[    5], 40.00th=[    6], 50.00th=[    6], 60.00th=[    6],
     | 70.00th=[    6], 80.00th=[   17], 90.00th=[  531], 95.00th=[  953],
     | 99.00th=[ 2400], 99.50th=[ 6812], 99.90th=[13489], 99.95th=[15368],
     | 99.99th=[17113]
   bw (  KiB/s): min=  488, max=2135584, per=100.00%, avg=92148.98, stdev=24782.44, samples=9454
   iops        : min=  122, max=533896, avg=23036.93, stdev=6195.62, samples=9454
  lat (usec)   : 20=0.01%, 50=0.01%
  lat (msec)   : 10=73.60%, 20=9.70%, 50=4.91%, 100=0.13%, 250=0.05%
  lat (msec)   : 500=0.98%, 750=3.69%, 1000=2.34%, 2000=3.46%, >=2000=1.15%
  cpu          : usr=1.46%, sys=5.70%, ctx=783610, majf=0, minf=4731
  IO depths    : 1=0.1%, 2=0.1%, 4=0.1%, 8=0.1%, 16=0.1%, 32=0.1%, >=64=100.0%
     submit    : 0=0.0%, 4=100.0%, 8=0.0%, 16=0.0%, 32=0.0%, 64=0.0%, >=64=0.0%
     complete  : 0=0.0%, 4=100.0%, 8=0.0%, 16=0.0%, 32=0.0%, 64=0.0%, >=64=0.1%
     issued rwts: total=6804714,0,0,0 short=0,0,0,0 dropped=0,0,0,0
     latency   : target=0, window=0, percentile=100.00%, depth=256

Run status group 0 (all jobs):
   READ: bw=88.6MiB/s (92.9MB/s), 88.6MiB/s-88.6MiB/s (92.9MB/s-92.9MB/s), io=26.0GiB (27.9GB), run=300061-300061msec
