test: (g=0): rw=read, bs=(R) 4096B-4096B, (W) 4096B-4096B, (T) 4096B-4096B, ioengine=libaio, iodepth=256
...
fio-3.27
Starting 8 processes
seq-read: Laying out IO file (1 file / 1024MiB)
seq-read: Laying out IO file (1 file / 1024MiB)
seq-read: Laying out IO file (1 file / 1024MiB)
seq-read: Laying out IO file (1 file / 1024MiB)

test: (groupid=0, jobs=8): err= 0: pid=239129: Tue Jul 20 13:35:51 2021
  read: IOPS=29.0k, BW=113MiB/s (119MB/s)(33.2GiB/300008msec)
    slat (usec): min=10, max=3799.8k, avg=263.46, stdev=3511.68
    clat (usec): min=11, max=11944k, avg=70001.27, stdev=340421.60
     lat (usec): min=25, max=12036k, avg=70265.68, stdev=341651.84
    clat percentiles (msec):
     |  1.00th=[    5],  5.00th=[    5], 10.00th=[    5], 20.00th=[    5],
     | 30.00th=[    6], 40.00th=[    6], 50.00th=[    6], 60.00th=[    6],
     | 70.00th=[    6], 80.00th=[   17], 90.00th=[   28], 95.00th=[  409],
     | 99.00th=[ 1083], 99.50th=[ 2366], 99.90th=[ 4933], 99.95th=[ 6141],
     | 99.99th=[ 8926]
   bw (  KiB/s): min=   88, max=988480, per=100.00%, avg=118276.52, stdev=39237.52, samples=4718
   iops        : min=   22, max=247120, avg=29569.00, stdev=9809.38, samples=4718
  lat (usec)   : 20=0.01%, 50=0.01%, 100=0.01%, 250=0.01%, 500=0.01%
  lat (usec)   : 750=0.01%, 1000=0.01%
  lat (msec)   : 2=0.01%, 4=0.01%, 10=78.28%, 20=7.24%, 50=5.18%
  lat (msec)   : 100=0.09%, 250=0.06%, 500=7.25%, 750=0.67%, 1000=0.18%
  lat (msec)   : 2000=0.43%, >=2000=0.62%
  cpu          : usr=3.51%, sys=12.69%, ctx=790556, majf=0, minf=2364
  IO depths    : 1=0.1%, 2=0.1%, 4=0.1%, 8=0.1%, 16=0.1%, 32=0.1%, >=64=100.0%
     submit    : 0=0.0%, 4=100.0%, 8=0.0%, 16=0.0%, 32=0.0%, 64=0.0%, >=64=0.0%
     complete  : 0=0.0%, 4=100.0%, 8=0.0%, 16=0.0%, 32=0.0%, 64=0.0%, >=64=0.1%
     issued rwts: total=8708264,0,0,0 short=0,0,0,0 dropped=0,0,0,0
     latency   : target=0, window=0, percentile=100.00%, depth=256

Run status group 0 (all jobs):
   READ: bw=113MiB/s (119MB/s), 113MiB/s-113MiB/s (119MB/s-119MB/s), io=33.2GiB (35.7GB), run=300008-300008msec
