test: (g=0): rw=randread, bs=(R) 4096B-4096B, (W) 4096B-4096B, (T) 4096B-4096B, ioengine=libaio, iodepth=256
...
fio-3.27
Starting 32 processes
rand-read: Laying out IO file (1 file / 1024MiB)
rand-read: Laying out IO file (1 file / 1024MiB)
rand-read: Laying out IO file (1 file / 1024MiB)
rand-read: Laying out IO file (1 file / 1024MiB)
rand-read: Laying out IO file (1 file / 1024MiB)
rand-read: Laying out IO file (1 file / 1024MiB)
rand-read: Laying out IO file (1 file / 1024MiB)
rand-read: Laying out IO file (1 file / 1024MiB)
rand-read: Laying out IO file (1 file / 1024MiB)
rand-read: Laying out IO file (1 file / 1024MiB)
rand-read: Laying out IO file (1 file / 1024MiB)
rand-read: Laying out IO file (1 file / 1024MiB)
rand-read: Laying out IO file (1 file / 1024MiB)
rand-read: Laying out IO file (1 file / 1024MiB)
rand-read: Laying out IO file (1 file / 1024MiB)
rand-read: Laying out IO file (1 file / 1024MiB)

test: (groupid=0, jobs=32): err= 0: pid=126727: Mon Jul 19 19:10:54 2021
  read: IOPS=2472, BW=9892KiB/s (10.1MB/s)(2898MiB/300027msec)
    slat (usec): min=490, max=284132, avg=12913.97, stdev=10613.65
    clat (usec): min=14, max=5366.9k, avg=3279047.64, stdev=512061.75
     lat (msec): min=3, max=5387, avg=3291.96, stdev=513.67
    clat percentiles (msec):
     |  1.00th=[ 2400],  5.00th=[ 2635], 10.00th=[ 2735], 20.00th=[ 2836],
     | 30.00th=[ 2937], 40.00th=[ 3104], 50.00th=[ 3272], 60.00th=[ 3440],
     | 70.00th=[ 3574], 80.00th=[ 3708], 90.00th=[ 3876], 95.00th=[ 4077],
     | 99.00th=[ 4530], 99.50th=[ 4665], 99.90th=[ 4933], 99.95th=[ 5067],
     | 99.99th=[ 5269]
   bw (  KiB/s): min= 3336, max=15336, per=100.00%, avg=9903.79, stdev=57.18, samples=18946
   iops        : min=  834, max= 3834, avg=2475.95, stdev=14.30, samples=18946
  lat (usec)   : 20=0.01%, 50=0.01%
  lat (msec)   : 4=0.01%, 10=0.01%, 20=0.01%, 50=0.01%, 100=0.02%
  lat (msec)   : 250=0.06%, 500=0.10%, 750=0.10%, 1000=0.10%, 2000=0.39%
  lat (msec)   : >=2000=99.20%
  cpu          : usr=0.22%, sys=1.38%, ctx=742286, majf=0, minf=9446
  IO depths    : 1=0.1%, 2=0.1%, 4=0.1%, 8=0.1%, 16=0.1%, 32=0.1%, >=64=99.7%
     submit    : 0=0.0%, 4=100.0%, 8=0.0%, 16=0.0%, 32=0.0%, 64=0.0%, >=64=0.0%
     complete  : 0=0.0%, 4=100.0%, 8=0.0%, 16=0.0%, 32=0.0%, 64=0.0%, >=64=0.1%
     issued rwts: total=741955,0,0,0 short=0,0,0,0 dropped=0,0,0,0
     latency   : target=0, window=0, percentile=100.00%, depth=256

Run status group 0 (all jobs):
   READ: bw=9892KiB/s (10.1MB/s), 9892KiB/s-9892KiB/s (10.1MB/s-10.1MB/s), io=2898MiB (3039MB), run=300027-300027msec
