test: (g=0): rw=randread, bs=(R) 4096B-4096B, (W) 4096B-4096B, (T) 4096B-4096B, ioengine=libaio, iodepth=256
...
fio-3.27
Starting 16 processes
rand-read: Laying out IO file (1 file / 1024MiB)
rand-read: Laying out IO file (1 file / 1024MiB)
rand-read: Laying out IO file (1 file / 1024MiB)
rand-read: Laying out IO file (1 file / 1024MiB)
rand-read: Laying out IO file (1 file / 1024MiB)
rand-read: Laying out IO file (1 file / 1024MiB)
rand-read: Laying out IO file (1 file / 1024MiB)
rand-read: Laying out IO file (1 file / 1024MiB)

test: (groupid=0, jobs=16): err= 0: pid=113338: Tue Jul 20 10:32:16 2021
  read: IOPS=976, BW=3907KiB/s (4001kB/s)(1145MiB/300052msec)
    slat (usec): min=481, max=317514, avg=16354.16, stdev=13372.41
    clat (usec): min=15, max=5812.9k, avg=4150611.07, stdev=463574.81
     lat (msec): min=6, max=5831, avg=4166.97, stdev=464.52
    clat percentiles (msec):
     |  1.00th=[ 2970],  5.00th=[ 3608], 10.00th=[ 3708], 20.00th=[ 3842],
     | 30.00th=[ 3943], 40.00th=[ 4044], 50.00th=[ 4144], 60.00th=[ 4245],
     | 70.00th=[ 4329], 80.00th=[ 4463], 90.00th=[ 4665], 95.00th=[ 4866],
     | 99.00th=[ 5134], 99.50th=[ 5269], 99.90th=[ 5537], 99.95th=[ 5537],
     | 99.99th=[ 5738]
   bw (  KiB/s): min= 1760, max= 5680, per=99.87%, avg=3902.88, stdev=36.39, samples=9465
   iops        : min=  440, max= 1420, avg=975.72, stdev= 9.10, samples=9465
  lat (usec)   : 20=0.01%, 50=0.01%
  lat (msec)   : 10=0.01%, 20=0.01%, 50=0.01%, 100=0.02%, 250=0.05%
  lat (msec)   : 500=0.09%, 750=0.09%, 1000=0.07%, 2000=0.33%, >=2000=99.33%
  cpu          : usr=0.17%, sys=1.06%, ctx=293208, majf=0, minf=4717
  IO depths    : 1=0.1%, 2=0.1%, 4=0.1%, 8=0.1%, 16=0.1%, 32=0.2%, >=64=99.7%
     submit    : 0=0.0%, 4=100.0%, 8=0.0%, 16=0.0%, 32=0.0%, 64=0.0%, >=64=0.0%
     complete  : 0=0.0%, 4=100.0%, 8=0.0%, 16=0.0%, 32=0.0%, 64=0.0%, >=64=0.1%
     issued rwts: total=293079,0,0,0 short=0,0,0,0 dropped=0,0,0,0
     latency   : target=0, window=0, percentile=100.00%, depth=256

Run status group 0 (all jobs):
   READ: bw=3907KiB/s (4001kB/s), 3907KiB/s-3907KiB/s (4001kB/s-4001kB/s), io=1145MiB (1200MB), run=300052-300052msec
