test: (g=0): rw=read, bs=(R) 4096B-4096B, (W) 4096B-4096B, (T) 4096B-4096B, ioengine=libaio, iodepth=256
...
fio-3.27
Starting 4 processes

test: (groupid=0, jobs=4): err= 0: pid=244759: Fri Jul 16 04:00:06 2021
  read: IOPS=37.2k, BW=145MiB/s (152MB/s)(42.5GiB/300002msec)
    slat (usec): min=10, max=335991, avg=96.14, stdev=1254.75
    clat (usec): min=14, max=24351k, avg=27442.35, stdev=213429.59
     lat (usec): min=27, max=24426k, avg=27539.34, stdev=214212.16
    clat percentiles (msec):
     |  1.00th=[    5],  5.00th=[    5], 10.00th=[    5], 20.00th=[    5],
     | 30.00th=[    5], 40.00th=[    5], 50.00th=[    6], 60.00th=[    6],
     | 70.00th=[    6], 80.00th=[    6], 90.00th=[   17], 95.00th=[   27],
     | 99.00th=[  506], 99.50th=[  617], 99.90th=[ 2299], 99.95th=[ 3507],
     | 99.99th=[ 7684]
   bw (  KiB/s): min=  176, max=655600, per=100.00%, avg=152011.14, stdev=52230.43, samples=2371
   iops        : min=   44, max=163900, avg=38002.78, stdev=13057.61, samples=2371
  lat (usec)   : 20=0.01%, 50=0.01%, 100=0.01%, 250=0.01%, 500=0.01%
  lat (usec)   : 750=0.01%, 1000=0.01%
  lat (msec)   : 2=0.01%, 4=0.01%, 10=85.43%, 20=5.31%, 50=5.66%
  lat (msec)   : 100=0.04%, 250=0.11%, 500=2.39%, 750=0.72%, 1000=0.15%
  lat (msec)   : 2000=0.07%, >=2000=0.12%
  cpu          : usr=8.18%, sys=24.20%, ctx=386949, majf=0, minf=1183
  IO depths    : 1=0.1%, 2=0.1%, 4=0.1%, 8=0.1%, 16=0.1%, 32=0.1%, >=64=100.0%
     submit    : 0=0.0%, 4=100.0%, 8=0.0%, 16=0.0%, 32=0.0%, 64=0.0%, >=64=0.0%
     complete  : 0=0.0%, 4=100.0%, 8=0.0%, 16=0.0%, 32=0.0%, 64=0.0%, >=64=0.1%
     issued rwts: total=11146371,0,0,0 short=0,0,0,0 dropped=0,0,0,0
     latency   : target=0, window=0, percentile=100.00%, depth=256

Run status group 0 (all jobs):
   READ: bw=145MiB/s (152MB/s), 145MiB/s-145MiB/s (152MB/s-152MB/s), io=42.5GiB (45.7GB), run=300002-300002msec
