readwrite: (g=0): rw=rw, bs=(R) 4096B-4096B, (W) 4096B-4096B, (T) 4096B-4096B, ioengine=libaio, iodepth=256
...
fio-3.27
Starting 16 processes

readwrite: (groupid=0, jobs=16): err= 0: pid=50054: Wed Jul 21 16:35:22 2021
  read: IOPS=68.4k, BW=267MiB/s (280MB/s)(78.3GiB/300151msec)
    slat (usec): min=7, max=762866, avg=122.50, stdev=2059.51
    clat (usec): min=10, max=9129.2k, avg=29809.71, stdev=131188.83
     lat (usec): min=19, max=9131.1k, avg=29932.98, stdev=131965.99
    clat percentiles (msec):
     |  1.00th=[   13],  5.00th=[   13], 10.00th=[   14], 20.00th=[   14],
     | 30.00th=[   14], 40.00th=[   14], 50.00th=[   14], 60.00th=[   15],
     | 70.00th=[   15], 80.00th=[   15], 90.00th=[   17], 95.00th=[   20],
     | 99.00th=[  550], 99.50th=[  877], 99.90th=[ 1770], 99.95th=[ 2265],
     | 99.99th=[ 3943]
   bw (  KiB/s): min= 1024, max=624152, per=100.00%, avg=277542.80, stdev=12215.72, samples=9494
   iops        : min=  256, max=156038, avg=69385.65, stdev=3053.93, samples=9494
  write: IOPS=68.4k, BW=267MiB/s (280MB/s)(78.3GiB/300151msec); 0 zone resets
    slat (usec): min=68, max=3448.0k, avg=89.52, stdev=1707.17
    clat (usec): min=11, max=9112.8k, avg=29805.89, stdev=131556.37
     lat (usec): min=86, max=9190.0k, avg=29896.53, stdev=131688.56
    clat percentiles (msec):
     |  1.00th=[   13],  5.00th=[   13], 10.00th=[   14], 20.00th=[   14],
     | 30.00th=[   14], 40.00th=[   14], 50.00th=[   14], 60.00th=[   15],
     | 70.00th=[   15], 80.00th=[   15], 90.00th=[   17], 95.00th=[   20],
     | 99.00th=[  550], 99.50th=[  877], 99.90th=[ 1770], 99.95th=[ 2265],
     | 99.99th=[ 3977]
   bw (  KiB/s): min=  192, max=621760, per=100.00%, avg=277240.86, stdev=12215.02, samples=9502
   iops        : min=   48, max=155440, avg=69310.14, stdev=3053.75, samples=9502
  lat (usec)   : 20=0.01%, 50=0.01%, 100=0.01%, 250=0.01%, 500=0.01%
  lat (usec)   : 750=0.01%, 1000=0.01%
  lat (msec)   : 2=0.01%, 4=0.01%, 10=0.01%, 20=95.52%, 50=1.82%
  lat (msec)   : 100=0.18%, 250=0.44%, 500=0.90%, 750=0.49%, 1000=0.26%
  lat (msec)   : 2000=0.31%, >=2000=0.07%
  cpu          : usr=8.40%, sys=43.25%, ctx=417637, majf=0, minf=703
  IO depths    : 1=0.1%, 2=0.1%, 4=0.1%, 8=0.1%, 16=0.1%, 32=0.1%, >=64=100.0%
     submit    : 0=0.0%, 4=100.0%, 8=0.0%, 16=0.0%, 32=0.0%, 64=0.0%, >=64=0.0%
     complete  : 0=0.0%, 4=100.0%, 8=0.0%, 16=0.0%, 32=0.0%, 64=0.0%, >=64=0.1%
     issued rwts: total=20529300,20525517,0,0 short=0,0,0,0 dropped=0,0,0,0
     latency   : target=0, window=0, percentile=100.00%, depth=256

Run status group 0 (all jobs):
   READ: bw=267MiB/s (280MB/s), 267MiB/s-267MiB/s (280MB/s-280MB/s), io=78.3GiB (84.1GB), run=300151-300151msec
  WRITE: bw=267MiB/s (280MB/s), 267MiB/s-267MiB/s (280MB/s-280MB/s), io=78.3GiB (84.1GB), run=300151-300151msec
