test: (g=0): rw=randread, bs=(R) 4096B-4096B, (W) 4096B-4096B, (T) 4096B-4096B, ioengine=libaio, iodepth=256
fio-3.27
Starting 1 process
test: Laying out IO file (1 file / 1024MiB)

test: (groupid=0, jobs=1): err= 0: pid=116702: Tue Jul 20 10:05:39 2021
  read: IOPS=191, BW=765KiB/s (784kB/s)(224MiB/300005msec)
    slat (usec): min=455, max=69880, avg=5207.85, stdev=4041.42
    clat (usec): min=13, max=1590.9k, avg=1329668.79, stdev=87011.56
     lat (msec): min=22, max=1599, avg=1334.88, stdev=87.14
    clat percentiles (msec):
     |  1.00th=[ 1167],  5.00th=[ 1217], 10.00th=[ 1250], 20.00th=[ 1267],
     | 30.00th=[ 1284], 40.00th=[ 1318], 50.00th=[ 1334], 60.00th=[ 1351],
     | 70.00th=[ 1368], 80.00th=[ 1385], 90.00th=[ 1435], 95.00th=[ 1452],
     | 99.00th=[ 1502], 99.50th=[ 1519], 99.90th=[ 1552], 99.95th=[ 1569],
     | 99.99th=[ 1586]
   bw (  KiB/s): min=  144, max=  960, per=99.84%, avg=764.81, stdev=66.38, samples=597
   iops        : min=   36, max=  240, avg=191.20, stdev=16.59, samples=597
  lat (usec)   : 20=0.01%
  lat (msec)   : 50=0.01%, 100=0.02%, 250=0.04%, 500=0.08%, 750=0.09%
  lat (msec)   : 1000=0.08%, 2000=99.67%
  cpu          : usr=0.43%, sys=2.80%, ctx=57406, majf=0, minf=293
  IO depths    : 1=0.1%, 2=0.1%, 4=0.1%, 8=0.1%, 16=0.1%, 32=0.1%, >=64=99.9%
     submit    : 0=0.0%, 4=100.0%, 8=0.0%, 16=0.0%, 32=0.0%, 64=0.0%, >=64=0.0%
     complete  : 0=0.0%, 4=100.0%, 8=0.0%, 16=0.0%, 32=0.0%, 64=0.0%, >=64=0.1%
     issued rwts: total=57394,0,0,0 short=0,0,0,0 dropped=0,0,0,0
     latency   : target=0, window=0, percentile=100.00%, depth=256

Run status group 0 (all jobs):
   READ: bw=765KiB/s (784kB/s), 765KiB/s-765KiB/s (784kB/s-784kB/s), io=224MiB (235MB), run=300005-300005msec
