readwrite: (g=0): rw=rw, bs=(R) 4096B-4096B, (W) 4096B-4096B, (T) 4096B-4096B, ioengine=libaio, iodepth=256
...
fio-3.27
Starting 64 processes

readwrite: (groupid=0, jobs=64): err= 0: pid=233600: Wed Jul 21 16:24:20 2021
  read: IOPS=74.7k, BW=292MiB/s (306MB/s)(88.0GiB/308752msec)
    slat (usec): min=7, max=19325k, avg=642.44, stdev=11614.19
    clat (usec): min=10, max=34968k, avg=106234.18, stdev=655320.63
     lat (usec): min=19, max=34968k, avg=106877.48, stdev=659635.58
    clat percentiles (msec):
     |  1.00th=[   13],  5.00th=[   14], 10.00th=[   14], 20.00th=[   14],
     | 30.00th=[   15], 40.00th=[   15], 50.00th=[   15], 60.00th=[   16],
     | 70.00th=[   17], 80.00th=[   20], 90.00th=[   21], 95.00th=[   83],
     | 99.00th=[ 2735], 99.50th=[ 4329], 99.90th=[ 9194], 99.95th=[11745],
     | 99.99th=[16845]
   bw (  KiB/s): min=  536, max=2259461, per=100.00%, avg=317886.82, stdev=9334.55, samples=37084
   iops        : min=  134, max=564863, avg=79471.19, stdev=2333.63, samples=37084
  write: IOPS=74.7k, BW=292MiB/s (306MB/s)(88.0GiB/308752msec); 0 zone resets
    slat (usec): min=68, max=6258.0k, avg=169.02, stdev=5514.18
    clat (usec): min=11, max=34968k, avg=105574.75, stdev=652836.51
     lat (usec): min=90, max=34968k, avg=105744.95, stdev=653175.06
    clat percentiles (msec):
     |  1.00th=[   13],  5.00th=[   14], 10.00th=[   14], 20.00th=[   14],
     | 30.00th=[   15], 40.00th=[   15], 50.00th=[   15], 60.00th=[   16],
     | 70.00th=[   17], 80.00th=[   20], 90.00th=[   21], 95.00th=[   73],
     | 99.00th=[ 2702], 99.50th=[ 4329], 99.90th=[ 9194], 99.95th=[11879],
     | 99.99th=[16711]
   bw (  KiB/s): min=  520, max=2257157, per=100.00%, avg=318306.14, stdev=9338.61, samples=37047
   iops        : min=  130, max=564288, avg=79576.00, stdev=2334.64, samples=37047
  lat (usec)   : 20=0.01%, 50=0.01%, 100=0.01%, 250=0.01%, 500=0.01%
  lat (usec)   : 750=0.01%, 1000=0.01%
  lat (msec)   : 2=0.01%, 4=0.01%, 10=0.01%, 20=86.35%, 50=8.44%
  lat (msec)   : 100=0.31%, 250=0.64%, 500=0.81%, 750=0.53%, 1000=0.40%
  lat (msec)   : 2000=1.08%, >=2000=1.44%
  cpu          : usr=2.46%, sys=13.59%, ctx=587069, majf=0, minf=2828
  IO depths    : 1=0.1%, 2=0.1%, 4=0.1%, 8=0.1%, 16=0.1%, 32=0.1%, >=64=100.0%
     submit    : 0=0.0%, 4=100.0%, 8=0.0%, 16=0.0%, 32=0.0%, 64=0.0%, >=64=0.0%
     complete  : 0=0.0%, 4=100.0%, 8=0.0%, 16=0.0%, 32=0.0%, 64=0.0%, >=64=0.1%
     issued rwts: total=23073807,23075261,0,0 short=0,0,0,0 dropped=0,0,0,0
     latency   : target=0, window=0, percentile=100.00%, depth=256

Run status group 0 (all jobs):
   READ: bw=292MiB/s (306MB/s), 292MiB/s-292MiB/s (306MB/s-306MB/s), io=88.0GiB (94.5GB), run=308752-308752msec
  WRITE: bw=292MiB/s (306MB/s), 292MiB/s-292MiB/s (306MB/s-306MB/s), io=88.0GiB (94.5GB), run=308752-308752msec
