test: (g=0): rw=read, bs=(R) 4096B-4096B, (W) 4096B-4096B, (T) 4096B-4096B, ioengine=libaio, iodepth=256
...
fio-3.27
Starting 8 processes
seq-read: Laying out IO file (1 file / 1024MiB)
seq-read: Laying out IO file (1 file / 1024MiB)
seq-read: Laying out IO file (1 file / 1024MiB)
seq-read: Laying out IO file (1 file / 1024MiB)

test: (groupid=0, jobs=8): err= 0: pid=212455: Tue Jul 20 13:35:52 2021
  read: IOPS=10.7k, BW=41.7MiB/s (43.7MB/s)(12.2GiB/300015msec)
    slat (usec): min=10, max=3430.3k, avg=736.26, stdev=6566.34
    clat (usec): min=12, max=20108k, avg=190007.95, stdev=636209.09
     lat (usec): min=513, max=20299k, avg=190745.45, stdev=638529.15
    clat percentiles (msec):
     |  1.00th=[    5],  5.00th=[    5], 10.00th=[    5], 20.00th=[    5],
     | 30.00th=[    5], 40.00th=[    6], 50.00th=[    6], 60.00th=[   14],
     | 70.00th=[   27], 80.00th=[  384], 90.00th=[  460], 95.00th=[  535],
     | 99.00th=[ 2601], 99.50th=[ 4044], 99.90th=[ 9060], 99.95th=[12147],
     | 99.99th=[16308]
   bw (  KiB/s): min=   64, max=1169737, per=100.00%, avg=43436.33, stdev=22788.66, samples=4708
   iops        : min=   16, max=292434, avg=10858.83, stdev=5697.17, samples=4708
  lat (usec)   : 20=0.01%, 50=0.01%, 750=0.01%
  lat (msec)   : 2=0.01%, 4=0.01%, 10=59.77%, 20=8.19%, 50=3.95%
  lat (msec)   : 100=0.13%, 250=0.16%, 500=21.11%, 750=3.84%, 1000=0.55%
  lat (msec)   : 2000=0.97%, >=2000=1.33%
  cpu          : usr=1.65%, sys=7.83%, ctx=890869, majf=0, minf=2366
  IO depths    : 1=0.1%, 2=0.1%, 4=0.1%, 8=0.1%, 16=0.1%, 32=0.1%, >=64=100.0%
     submit    : 0=0.0%, 4=100.0%, 8=0.0%, 16=0.0%, 32=0.0%, 64=0.0%, >=64=0.0%
     complete  : 0=0.0%, 4=100.0%, 8=0.0%, 16=0.0%, 32=0.0%, 64=0.0%, >=64=0.1%
     issued rwts: total=3202154,0,0,0 short=0,0,0,0 dropped=0,0,0,0
     latency   : target=0, window=0, percentile=100.00%, depth=256

Run status group 0 (all jobs):
   READ: bw=41.7MiB/s (43.7MB/s), 41.7MiB/s-41.7MiB/s (43.7MB/s-43.7MB/s), io=12.2GiB (13.1GB), run=300015-300015msec
