readwrite: (g=0): rw=rw, bs=(R) 4096B-4096B, (W) 4096B-4096B, (T) 4096B-4096B, ioengine=libaio, iodepth=256
...
fio-3.27
Starting 64 processes

readwrite: (groupid=0, jobs=64): err= 0: pid=257033: Wed Jul 21 16:22:05 2021
  read: IOPS=100k, BW=392MiB/s (411MB/s)(117GiB/306543msec)
    slat (usec): min=7, max=16758k, avg=451.71, stdev=8343.75
    clat (usec): min=10, max=17102k, avg=79688.97, stdev=409873.61
     lat (usec): min=21, max=17102k, avg=80141.58, stdev=412439.60
    clat percentiles (msec):
     |  1.00th=[   13],  5.00th=[   14], 10.00th=[   14], 20.00th=[   15],
     | 30.00th=[   15], 40.00th=[   15], 50.00th=[   16], 60.00th=[   16],
     | 70.00th=[   18], 80.00th=[   21], 90.00th=[   22], 95.00th=[  259],
     | 99.00th=[ 1720], 99.50th=[ 2702], 99.90th=[ 5738], 99.95th=[ 7148],
     | 99.99th=[10671]
   bw (  KiB/s): min=  688, max=2259972, per=100.00%, avg=417850.68, stdev=9633.03, samples=37616
   iops        : min=  172, max=564984, avg=104458.29, stdev=2408.22, samples=37616
  write: IOPS=100k, BW=392MiB/s (411MB/s)(117GiB/306543msec); 0 zone resets
    slat (usec): min=69, max=16168k, avg=151.05, stdev=5966.75
    clat (usec): min=11, max=17101k, avg=79604.57, stdev=410607.82
     lat (usec): min=88, max=17101k, avg=79756.81, stdev=410950.18
    clat percentiles (msec):
     |  1.00th=[   13],  5.00th=[   14], 10.00th=[   14], 20.00th=[   15],
     | 30.00th=[   15], 40.00th=[   15], 50.00th=[   16], 60.00th=[   16],
     | 70.00th=[   18], 80.00th=[   21], 90.00th=[   22], 95.00th=[  255],
     | 99.00th=[ 1720], 99.50th=[ 2702], 99.90th=[ 5738], 99.95th=[ 7215],
     | 99.99th=[10671]
   bw (  KiB/s): min=  664, max=2259584, per=100.00%, avg=418016.09, stdev=9631.17, samples=37621
   iops        : min=  166, max=564888, avg=104499.65, stdev=2407.75, samples=37621
  lat (usec)   : 20=0.01%, 50=0.01%, 100=0.01%, 250=0.01%, 500=0.01%
  lat (usec)   : 750=0.01%, 1000=0.01%
  lat (msec)   : 2=0.01%, 4=0.01%, 10=0.01%, 20=80.03%, 50=13.41%
  lat (msec)   : 100=0.44%, 250=1.05%, 500=1.68%, 750=0.88%, 1000=0.54%
  lat (msec)   : 2000=1.15%, >=2000=0.80%
  cpu          : usr=3.38%, sys=19.06%, ctx=1257019, majf=0, minf=2813
  IO depths    : 1=0.1%, 2=0.1%, 4=0.1%, 8=0.1%, 16=0.1%, 32=0.1%, >=64=100.0%
     submit    : 0=0.0%, 4=100.0%, 8=0.0%, 16=0.0%, 32=0.0%, 64=0.0%, >=64=0.0%
     complete  : 0=0.0%, 4=100.0%, 8=0.0%, 16=0.0%, 32=0.0%, 64=0.0%, >=64=0.1%
     issued rwts: total=30738220,30741201,0,0 short=0,0,0,0 dropped=0,0,0,0
     latency   : target=0, window=0, percentile=100.00%, depth=256

Run status group 0 (all jobs):
   READ: bw=392MiB/s (411MB/s), 392MiB/s-392MiB/s (411MB/s-411MB/s), io=117GiB (126GB), run=306543-306543msec
  WRITE: bw=392MiB/s (411MB/s), 392MiB/s-392MiB/s (411MB/s-411MB/s), io=117GiB (126GB), run=306543-306543msec
