readwrite: (g=0): rw=rw, bs=(R) 4096B-4096B, (W) 4096B-4096B, (T) 4096B-4096B, ioengine=libaio, iodepth=256
...
fio-3.27
Starting 4 processes
readwrite: Laying out IO file (1 file / 1024MiB)
readwrite: Laying out IO file (1 file / 1024MiB)

readwrite: (groupid=0, jobs=4): err= 0: pid=49847: Wed Jul 21 18:33:38 2021
  read: IOPS=18.7k, BW=73.2MiB/s (76.8MB/s)(21.4GiB/300006msec)
    slat (usec): min=7, max=256115, avg=116.06, stdev=1642.72
    clat (usec): min=11, max=5230.6k, avg=27294.97, stdev=112213.37
     lat (usec): min=25, max=5241.7k, avg=27411.79, stdev=112994.95
    clat percentiles (msec):
     |  1.00th=[   12],  5.00th=[   13], 10.00th=[   13], 20.00th=[   13],
     | 30.00th=[   14], 40.00th=[   14], 50.00th=[   14], 60.00th=[   14],
     | 70.00th=[   14], 80.00th=[   14], 90.00th=[   15], 95.00th=[   19],
     | 99.00th=[  468], 99.50th=[  751], 99.90th=[ 1552], 99.95th=[ 1921],
     | 99.99th=[ 3239]
   bw (  KiB/s): min=  104, max=166048, per=100.00%, avg=75582.24, stdev=13916.26, samples=2382
   iops        : min=   26, max=41514, avg=18895.37, stdev=3479.08, samples=2382
  write: IOPS=18.7k, BW=73.1MiB/s (76.7MB/s)(21.4GiB/300006msec); 0 zone resets
    slat (usec): min=68, max=115668, avg=75.92, stdev=52.97
    clat (usec): min=11, max=5235.3k, avg=27151.74, stdev=111016.33
     lat (usec): min=82, max=5235.4k, avg=27228.76, stdev=111018.49
    clat percentiles (msec):
     |  1.00th=[   12],  5.00th=[   13], 10.00th=[   13], 20.00th=[   13],
     | 30.00th=[   14], 40.00th=[   14], 50.00th=[   14], 60.00th=[   14],
     | 70.00th=[   14], 80.00th=[   14], 90.00th=[   15], 95.00th=[   19],
     | 99.00th=[  468], 99.50th=[  743], 99.90th=[ 1536], 99.95th=[ 1905],
     | 99.99th=[ 3138]
   bw (  KiB/s): min=   72, max=163536, per=100.00%, avg=75521.83, stdev=13907.10, samples=2382
   iops        : min=   18, max=40884, avg=18880.24, stdev=3476.80, samples=2382
  lat (usec)   : 20=0.01%, 50=0.01%, 100=0.01%, 250=0.01%, 500=0.01%
  lat (usec)   : 750=0.01%, 1000=0.01%
  lat (msec)   : 2=0.01%, 4=0.01%, 10=0.01%, 20=95.60%, 50=1.90%
  lat (msec)   : 100=0.07%, 250=0.31%, 500=1.21%, 750=0.41%, 1000=0.21%
  lat (msec)   : 2000=0.24%, >=2000=0.04%
  cpu          : usr=9.01%, sys=44.89%, ctx=129772, majf=0, minf=178
  IO depths    : 1=0.1%, 2=0.1%, 4=0.1%, 8=0.1%, 16=0.1%, 32=0.1%, >=64=100.0%
     submit    : 0=0.0%, 4=100.0%, 8=0.0%, 16=0.0%, 32=0.0%, 64=0.0%, >=64=0.0%
     complete  : 0=0.0%, 4=100.0%, 8=0.0%, 16=0.0%, 32=0.0%, 64=0.0%, >=64=0.1%
     issued rwts: total=5622529,5617940,0,0 short=0,0,0,0 dropped=0,0,0,0
     latency   : target=0, window=0, percentile=100.00%, depth=256

Run status group 0 (all jobs):
   READ: bw=73.2MiB/s (76.8MB/s), 73.2MiB/s-73.2MiB/s (76.8MB/s-76.8MB/s), io=21.4GiB (23.0GB), run=300006-300006msec
  WRITE: bw=73.1MiB/s (76.7MB/s), 73.1MiB/s-73.1MiB/s (76.7MB/s-76.7MB/s), io=21.4GiB (23.0GB), run=300006-300006msec
