readwrite: (g=0): rw=rw, bs=(R) 4096B-4096B, (W) 4096B-4096B, (T) 4096B-4096B, ioengine=libaio, iodepth=256
...
fio-3.27
Starting 16 processes
readwrite: Laying out IO file (1 file / 1024MiB)
readwrite: Laying out IO file (1 file / 1024MiB)
readwrite: Laying out IO file (1 file / 1024MiB)
readwrite: Laying out IO file (1 file / 1024MiB)
readwrite: Laying out IO file (1 file / 1024MiB)
readwrite: Laying out IO file (1 file / 1024MiB)
readwrite: Laying out IO file (1 file / 1024MiB)
readwrite: Laying out IO file (1 file / 1024MiB)

readwrite: (groupid=0, jobs=16): err= 0: pid=101290: Wed Jul 21 17:49:11 2021
  read: IOPS=47.0k, BW=183MiB/s (192MB/s)(53.8GiB/300088msec)
    slat (usec): min=7, max=1610.2k, avg=239.10, stdev=5230.71
    clat (usec): min=12, max=22083k, avg=43722.46, stdev=473391.85
     lat (usec): min=111, max=22196k, avg=43962.29, stdev=476772.66
    clat percentiles (msec):
     |  1.00th=[   13],  5.00th=[   13], 10.00th=[   13], 20.00th=[   14],
     | 30.00th=[   14], 40.00th=[   14], 50.00th=[   14], 60.00th=[   15],
     | 70.00th=[   15], 80.00th=[   15], 90.00th=[   16], 95.00th=[   16],
     | 99.00th=[   37], 99.50th=[ 1888], 99.90th=[ 8020], 99.95th=[10939],
     | 99.99th=[16845]
   bw (  KiB/s): min=  720, max=622242, per=100.00%, avg=191214.29, stdev=12990.24, samples=9329
   iops        : min=  180, max=155559, avg=47803.30, stdev=3247.54, samples=9329
  write: IOPS=47.0k, BW=183MiB/s (192MB/s)(53.8GiB/300088msec); 0 zone resets
    slat (usec): min=68, max=175546, avg=80.30, stdev=86.26
    clat (usec): min=11, max=22098k, avg=43100.44, stdev=466511.37
     lat (usec): min=91, max=22098k, avg=43181.85, stdev=466512.87
    clat percentiles (msec):
     |  1.00th=[   13],  5.00th=[   13], 10.00th=[   13], 20.00th=[   14],
     | 30.00th=[   14], 40.00th=[   14], 50.00th=[   14], 60.00th=[   15],
     | 70.00th=[   15], 80.00th=[   15], 90.00th=[   16], 95.00th=[   16],
     | 99.00th=[   37], 99.50th=[ 1838], 99.90th=[ 7886], 99.95th=[10671],
     | 99.99th=[16711]
   bw (  KiB/s): min=  696, max=614691, per=100.00%, avg=191049.67, stdev=12980.38, samples=9349
   iops        : min=  174, max=153671, avg=47762.17, stdev=3245.08, samples=9349
  lat (usec)   : 20=0.01%, 50=0.01%, 100=0.01%, 250=0.01%, 500=0.01%
  lat (usec)   : 750=0.01%, 1000=0.01%
  lat (msec)   : 2=0.01%, 4=0.01%, 10=0.01%, 20=97.92%, 50=1.27%
  lat (msec)   : 100=0.07%, 250=0.04%, 500=0.04%, 750=0.02%, 1000=0.05%
  lat (msec)   : 2000=0.11%, >=2000=0.48%
  cpu          : usr=5.57%, sys=28.15%, ctx=84967, majf=0, minf=714
  IO depths    : 1=0.1%, 2=0.1%, 4=0.1%, 8=0.1%, 16=0.1%, 32=0.1%, >=64=100.0%
     submit    : 0=0.0%, 4=100.0%, 8=0.0%, 16=0.0%, 32=0.0%, 64=0.0%, >=64=0.0%
     complete  : 0=0.0%, 4=100.0%, 8=0.0%, 16=0.0%, 32=0.0%, 64=0.0%, >=64=0.1%
     issued rwts: total=14092190,14096267,0,0 short=0,0,0,0 dropped=0,0,0,0
     latency   : target=0, window=0, percentile=100.00%, depth=256

Run status group 0 (all jobs):
   READ: bw=183MiB/s (192MB/s), 183MiB/s-183MiB/s (192MB/s-192MB/s), io=53.8GiB (57.7GB), run=300088-300088msec
  WRITE: bw=183MiB/s (192MB/s), 183MiB/s-183MiB/s (192MB/s-192MB/s), io=53.8GiB (57.7GB), run=300088-300088msec
