readwrite: (g=0): rw=rw, bs=(R) 4096B-4096B, (W) 4096B-4096B, (T) 4096B-4096B, ioengine=libaio, iodepth=256
...
fio-3.27
Starting 2 processes
readwrite: Laying out IO file (1 file / 1024MiB)

readwrite: (groupid=0, jobs=2): err= 0: pid=46532: Wed Jul 21 18:27:47 2021
  read: IOPS=16.5k, BW=64.4MiB/s (67.5MB/s)(18.9GiB/300002msec)
    slat (usec): min=7, max=162138, avg=25.72, stdev=354.96
    clat (usec): min=10, max=1117.3k, avg=15492.01, stdev=22701.69
     lat (usec): min=24, max=1117.3k, avg=15518.48, stdev=22759.58
    clat percentiles (msec):
     |  1.00th=[   12],  5.00th=[   13], 10.00th=[   13], 20.00th=[   13],
     | 30.00th=[   13], 40.00th=[   14], 50.00th=[   14], 60.00th=[   14],
     | 70.00th=[   14], 80.00th=[   14], 90.00th=[   15], 95.00th=[   19],
     | 99.00th=[  105], 99.50th=[  136], 99.90th=[  213], 99.95th=[  326],
     | 99.99th=[  885]
   bw (  KiB/s): min=  896, max=83400, per=100.00%, avg=66459.11, stdev=10110.88, samples=1189
   iops        : min=  224, max=20850, avg=16614.71, stdev=2527.71, samples=1189
  write: IOPS=16.5k, BW=64.3MiB/s (67.4MB/s)(18.8GiB/300002msec); 0 zone resets
    slat (usec): min=68, max=67362, avg=74.30, stdev=41.70
    clat (usec): min=11, max=1117.3k, avg=15480.00, stdev=22496.10
     lat (usec): min=84, max=1117.3k, avg=15555.39, stdev=22496.78
    clat percentiles (msec):
     |  1.00th=[   12],  5.00th=[   13], 10.00th=[   13], 20.00th=[   13],
     | 30.00th=[   13], 40.00th=[   14], 50.00th=[   14], 60.00th=[   14],
     | 70.00th=[   14], 80.00th=[   14], 90.00th=[   15], 95.00th=[   19],
     | 99.00th=[  105], 99.50th=[  136], 99.90th=[  213], 99.95th=[  300],
     | 99.99th=[  894]
   bw (  KiB/s): min=  904, max=82112, per=100.00%, avg=66409.30, stdev=10092.65, samples=1189
   iops        : min=  226, max=20528, avg=16602.22, stdev=2523.15, samples=1189
  lat (usec)   : 20=0.01%, 50=0.01%, 100=0.01%, 250=0.01%, 500=0.01%
  lat (usec)   : 750=0.01%, 1000=0.01%
  lat (msec)   : 2=0.01%, 4=0.01%, 10=0.01%, 20=96.66%, 50=2.16%
  lat (msec)   : 100=0.13%, 250=0.98%, 500=0.03%, 750=0.01%, 1000=0.05%
  lat (msec)   : 2000=0.01%
  cpu          : usr=15.77%, sys=76.85%, ctx=51707, majf=0, minf=89
  IO depths    : 1=0.1%, 2=0.1%, 4=0.1%, 8=0.1%, 16=0.1%, 32=0.1%, >=64=100.0%
     submit    : 0=0.0%, 4=100.0%, 8=0.0%, 16=0.0%, 32=0.0%, 64=0.0%, >=64=0.0%
     complete  : 0=0.0%, 4=100.0%, 8=0.0%, 16=0.0%, 32=0.0%, 64=0.0%, >=64=0.1%
     issued rwts: total=4942631,4938849,0,0 short=0,0,0,0 dropped=0,0,0,0
     latency   : target=0, window=0, percentile=100.00%, depth=256

Run status group 0 (all jobs):
   READ: bw=64.4MiB/s (67.5MB/s), 64.4MiB/s-64.4MiB/s (67.5MB/s-67.5MB/s), io=18.9GiB (20.2GB), run=300002-300002msec
  WRITE: bw=64.3MiB/s (67.4MB/s), 64.3MiB/s-64.3MiB/s (67.4MB/s-67.4MB/s), io=18.8GiB (20.2GB), run=300002-300002msec
