test: (g=0): rw=randread, bs=(R) 4096B-4096B, (W) 4096B-4096B, (T) 4096B-4096B, ioengine=libaio, iodepth=256
...
fio-3.27
Starting 4 processes
rand-read: Laying out IO file (1 file / 1024MiB)
rand-read: Laying out IO file (1 file / 1024MiB)

test: (groupid=0, jobs=4): err= 0: pid=166738: Tue Jul 20 11:16:42 2021
  read: IOPS=446, BW=1785KiB/s (1828kB/s)(523MiB/300009msec)
    slat (usec): min=461, max=96676, avg=8939.40, stdev=6555.03
    clat (usec): min=15, max=2707.2k, avg=2276890.15, stdev=160524.58
     lat (msec): min=7, max=2712, avg=2285.83, stdev=160.68
    clat percentiles (msec):
     |  1.00th=[ 1989],  5.00th=[ 2106], 10.00th=[ 2140], 20.00th=[ 2198],
     | 30.00th=[ 2232], 40.00th=[ 2265], 50.00th=[ 2265], 60.00th=[ 2299],
     | 70.00th=[ 2333], 80.00th=[ 2366], 90.00th=[ 2433], 95.00th=[ 2467],
     | 99.00th=[ 2567], 99.50th=[ 2601], 99.90th=[ 2635], 99.95th=[ 2668],
     | 99.99th=[ 2668]
   bw (  KiB/s): min=  976, max= 2408, per=99.99%, avg=1785.62, stdev=44.84, samples=2379
   iops        : min=  244, max=  602, avg=446.40, stdev=11.21, samples=2379
  lat (usec)   : 20=0.01%, 50=0.01%
  lat (msec)   : 10=0.01%, 20=0.01%, 50=0.01%, 100=0.01%, 250=0.05%
  lat (msec)   : 500=0.08%, 750=0.08%, 1000=0.08%, 2000=0.78%, >=2000=98.90%
  cpu          : usr=0.30%, sys=1.83%, ctx=133944, majf=0, minf=1181
  IO depths    : 1=0.1%, 2=0.1%, 4=0.1%, 8=0.1%, 16=0.1%, 32=0.1%, >=64=99.8%
     submit    : 0=0.0%, 4=100.0%, 8=0.0%, 16=0.0%, 32=0.0%, 64=0.0%, >=64=0.0%
     complete  : 0=0.0%, 4=100.0%, 8=0.0%, 16=0.0%, 32=0.0%, 64=0.0%, >=64=0.1%
     issued rwts: total=133896,0,0,0 short=0,0,0,0 dropped=0,0,0,0
     latency   : target=0, window=0, percentile=100.00%, depth=256

Run status group 0 (all jobs):
   READ: bw=1785KiB/s (1828kB/s), 1785KiB/s-1785KiB/s (1828kB/s-1828kB/s), io=523MiB (548MB), run=300009-300009msec
