readwrite: (g=0): rw=rw, bs=(R) 4096B-4096B, (W) 4096B-4096B, (T) 4096B-4096B, ioengine=libaio, iodepth=256
...
fio-3.27
Starting 16 processes
readwrite: Laying out IO file (1 file / 1024MiB)
readwrite: Laying out IO file (1 file / 1024MiB)
readwrite: Laying out IO file (1 file / 1024MiB)
readwrite: Laying out IO file (1 file / 1024MiB)
readwrite: Laying out IO file (1 file / 1024MiB)
readwrite: Laying out IO file (1 file / 1024MiB)
readwrite: Laying out IO file (1 file / 1024MiB)
readwrite: Laying out IO file (1 file / 1024MiB)

readwrite: (groupid=0, jobs=16): err= 0: pid=54926: Wed Jul 21 19:48:41 2021
  read: IOPS=29.2k, BW=114MiB/s (120MB/s)(33.5GiB/300027msec)
    slat (usec): min=7, max=1300.7k, avg=447.67, stdev=8280.21
    clat (usec): min=10, max=42774k, avg=70154.10, stdev=856937.87
     lat (usec): min=21, max=42929k, avg=70602.50, stdev=863101.98
    clat percentiles (msec):
     |  1.00th=[   12],  5.00th=[   13], 10.00th=[   13], 20.00th=[   14],
     | 30.00th=[   14], 40.00th=[   14], 50.00th=[   14], 60.00th=[   14],
     | 70.00th=[   15], 80.00th=[   15], 90.00th=[   15], 95.00th=[   16],
     | 99.00th=[   37], 99.50th=[ 3842], 99.90th=[15100], 99.95th=[17113],
     | 99.99th=[17113]
   bw (  KiB/s): min=  128, max=442603, per=100.00%, avg=121068.72, stdev=11010.66, samples=9050
   iops        : min=   32, max=110650, avg=30267.01, stdev=2752.65, samples=9050
  write: IOPS=29.2k, BW=114MiB/s (120MB/s)(33.4GiB/300027msec); 0 zone resets
    slat (usec): min=68, max=289202, avg=78.63, stdev=146.92
    clat (usec): min=12, max=42798k, avg=68937.15, stdev=844028.10
     lat (usec): min=83, max=42798k, avg=69016.88, stdev=844030.07
    clat percentiles (msec):
     |  1.00th=[   12],  5.00th=[   13], 10.00th=[   13], 20.00th=[   14],
     | 30.00th=[   14], 40.00th=[   14], 50.00th=[   14], 60.00th=[   14],
     | 70.00th=[   15], 80.00th=[   15], 90.00th=[   15], 95.00th=[   16],
     | 99.00th=[   37], 99.50th=[ 3742], 99.90th=[14966], 99.95th=[17113],
     | 99.99th=[17113]
   bw (  KiB/s): min=  128, max=437937, per=100.00%, avg=120889.87, stdev=11050.63, samples=9001
   iops        : min=   32, max=109482, avg=30222.27, stdev=2762.64, samples=9001
  lat (usec)   : 20=0.01%, 50=0.01%, 100=0.01%, 250=0.01%, 500=0.01%
  lat (usec)   : 750=0.01%, 1000=0.01%
  lat (msec)   : 2=0.01%, 4=0.01%, 10=0.01%, 20=98.17%, 50=0.95%
  lat (msec)   : 100=0.05%, 250=0.03%, 500=0.03%, 750=0.02%, 1000=0.05%
  lat (msec)   : 2000=0.04%, >=2000=0.64%
  cpu          : usr=3.41%, sys=17.34%, ctx=56253, majf=0, minf=712
  IO depths    : 1=0.1%, 2=0.1%, 4=0.1%, 8=0.1%, 16=0.1%, 32=0.1%, >=64=100.0%
     submit    : 0=0.0%, 4=100.0%, 8=0.0%, 16=0.0%, 32=0.0%, 64=0.0%, >=64=0.0%
     complete  : 0=0.0%, 4=100.0%, 8=0.0%, 16=0.0%, 32=0.0%, 64=0.0%, >=64=0.1%
     issued rwts: total=8768843,8768115,0,0 short=0,0,0,0 dropped=0,0,0,0
     latency   : target=0, window=0, percentile=100.00%, depth=256

Run status group 0 (all jobs):
   READ: bw=114MiB/s (120MB/s), 114MiB/s-114MiB/s (120MB/s-120MB/s), io=33.5GiB (35.9GB), run=300027-300027msec
  WRITE: bw=114MiB/s (120MB/s), 114MiB/s-114MiB/s (120MB/s-120MB/s), io=33.4GiB (35.9GB), run=300027-300027msec
