readwrite: (g=0): rw=rw, bs=(R) 4096B-4096B, (W) 4096B-4096B, (T) 4096B-4096B, ioengine=libaio, iodepth=256
...
fio-3.27
Starting 64 processes
readwrite: Laying out IO file (1 file / 1024MiB)
readwrite: Laying out IO file (1 file / 1024MiB)
readwrite: Laying out IO file (1 file / 1024MiB)
readwrite: Laying out IO file (1 file / 1024MiB)
readwrite: Laying out IO file (1 file / 1024MiB)
readwrite: Laying out IO file (1 file / 1024MiB)
readwrite: Laying out IO file (1 file / 1024MiB)
readwrite: Laying out IO file (1 file / 1024MiB)
readwrite: Laying out IO file (1 file / 1024MiB)
readwrite: Laying out IO file (1 file / 1024MiB)
readwrite: Laying out IO file (1 file / 1024MiB)
readwrite: Laying out IO file (1 file / 1024MiB)
readwrite: Laying out IO file (1 file / 1024MiB)
readwrite: Laying out IO file (1 file / 1024MiB)
readwrite: Laying out IO file (1 file / 1024MiB)
readwrite: Laying out IO file (1 file / 1024MiB)
readwrite: Laying out IO file (1 file / 1024MiB)
readwrite: Laying out IO file (1 file / 1024MiB)
readwrite: Laying out IO file (1 file / 1024MiB)
readwrite: Laying out IO file (1 file / 1024MiB)
readwrite: Laying out IO file (1 file / 1024MiB)
readwrite: Laying out IO file (1 file / 1024MiB)
readwrite: Laying out IO file (1 file / 1024MiB)
readwrite: Laying out IO file (1 file / 1024MiB)
readwrite: Laying out IO file (1 file / 1024MiB)
readwrite: Laying out IO file (1 file / 1024MiB)
readwrite: Laying out IO file (1 file / 1024MiB)
readwrite: Laying out IO file (1 file / 1024MiB)
readwrite: Laying out IO file (1 file / 1024MiB)
readwrite: Laying out IO file (1 file / 1024MiB)
readwrite: Laying out IO file (1 file / 1024MiB)
readwrite: Laying out IO file (1 file / 1024MiB)

readwrite: (groupid=0, jobs=64): err= 0: pid=102258: Wed Jul 21 20:16:00 2021
  read: IOPS=20.0k, BW=78.0MiB/s (81.8MB/s)(22.9GiB/300268msec)
    slat (usec): min=7, max=5131.7k, avg=3098.11, stdev=36205.90
    clat (usec): min=15, max=57019k, avg=410330.13, stdev=3133210.17
     lat (usec): min=416, max=57427k, avg=413429.01, stdev=3155854.26
    clat percentiles (msec):
     |  1.00th=[   13],  5.00th=[   13], 10.00th=[   14], 20.00th=[   14],
     | 30.00th=[   14], 40.00th=[   15], 50.00th=[   15], 60.00th=[   15],
     | 70.00th=[   15], 80.00th=[   16], 90.00th=[   17], 95.00th=[   20],
     | 99.00th=[17113], 99.50th=[17113], 99.90th=[17113], 99.95th=[17113],
     | 99.99th=[17113]
   bw (  KiB/s): min=  510, max=936128, per=100.00%, avg=92005.96, stdev=5591.12, samples=30403
   iops        : min=  126, max=234028, avg=23001.25, stdev=1397.77, samples=30403
  write: IOPS=19.9k, BW=77.9MiB/s (81.7MB/s)(22.8GiB/300268msec); 0 zone resets
    slat (usec): min=68, max=1501.0k, avg=85.53, stdev=1034.74
    clat (usec): min=11, max=57223k, avg=393148.70, stdev=3055457.48
     lat (usec): min=98, max=57224k, avg=393235.34, stdev=3055460.63
    clat percentiles (msec):
     |  1.00th=[   13],  5.00th=[   13], 10.00th=[   14], 20.00th=[   14],
     | 30.00th=[   14], 40.00th=[   15], 50.00th=[   15], 60.00th=[   15],
     | 70.00th=[   15], 80.00th=[   16], 90.00th=[   17], 95.00th=[   20],
     | 99.00th=[17113], 99.50th=[17113], 99.90th=[17113], 99.95th=[17113],
     | 99.99th=[17113]
   bw (  KiB/s): min=  511, max=937584, per=100.00%, avg=91797.48, stdev=5627.91, samples=30120
   iops        : min=  127, max=234393, avg=22949.13, stdev=1406.97, samples=30120
  lat (usec)   : 20=0.01%, 50=0.01%, 250=0.01%, 500=0.01%, 750=0.01%
  lat (usec)   : 1000=0.01%
  lat (msec)   : 2=0.01%, 4=0.01%, 10=0.01%, 20=96.53%, 50=1.14%
  lat (msec)   : 100=0.09%, 250=0.08%, 500=0.07%, 750=0.07%, 1000=0.08%
  lat (msec)   : 2000=0.08%, >=2000=1.86%
  cpu          : usr=0.61%, sys=3.14%, ctx=93869, majf=0, minf=2800
  IO depths    : 1=0.1%, 2=0.1%, 4=0.1%, 8=0.1%, 16=0.1%, 32=0.1%, >=64=100.0%
     submit    : 0=0.0%, 4=100.0%, 8=0.0%, 16=0.0%, 32=0.0%, 64=0.0%, >=64=0.0%
     complete  : 0=0.0%, 4=100.0%, 8=0.0%, 16=0.0%, 32=0.0%, 64=0.0%, >=64=0.1%
     issued rwts: total=5993069,5989488,0,0 short=0,0,0,0 dropped=0,0,0,0
     latency   : target=0, window=0, percentile=100.00%, depth=256

Run status group 0 (all jobs):
   READ: bw=78.0MiB/s (81.8MB/s), 78.0MiB/s-78.0MiB/s (81.8MB/s-81.8MB/s), io=22.9GiB (24.5GB), run=300268-300268msec
  WRITE: bw=77.9MiB/s (81.7MB/s), 77.9MiB/s-77.9MiB/s (81.7MB/s-81.7MB/s), io=22.8GiB (24.5GB), run=300268-300268msec
