test: (g=0): rw=randread, bs=(R) 4096B-4096B, (W) 4096B-4096B, (T) 4096B-4096B, ioengine=libaio, iodepth=256
...
fio-3.27
Starting 16 processes
rand-read: Laying out IO file (1 file / 1024MiB)
rand-read: Laying out IO file (1 file / 1024MiB)
rand-read: Laying out IO file (1 file / 1024MiB)
rand-read: Laying out IO file (1 file / 1024MiB)
rand-read: Laying out IO file (1 file / 1024MiB)
rand-read: Laying out IO file (1 file / 1024MiB)
rand-read: Laying out IO file (1 file / 1024MiB)
rand-read: Laying out IO file (1 file / 1024MiB)

test: (groupid=0, jobs=16): err= 0: pid=138654: Tue Jul 20 11:31:17 2021
  read: IOPS=525, BW=2100KiB/s (2151kB/s)(615MiB/300027msec)
    slat (usec): min=624, max=401580, avg=30447.74, stdev=15484.83
    clat (usec): min=12, max=13874k, avg=7671573.75, stdev=1300052.78
     lat (msec): min=4, max=13913, avg=7702.02, stdev=1303.43
    clat percentiles (msec):
     |  1.00th=[ 2366],  5.00th=[ 6812], 10.00th=[ 6946], 20.00th=[ 7080],
     | 30.00th=[ 7215], 40.00th=[ 7349], 50.00th=[ 7483], 60.00th=[ 7617],
     | 70.00th=[ 7819], 80.00th=[ 8154], 90.00th=[ 8926], 95.00th=[10268],
     | 99.00th=[11879], 99.50th=[12953], 99.90th=[13489], 99.95th=[13624],
     | 99.99th=[13758]
   bw (  KiB/s): min=  904, max= 2816, per=99.66%, avg=2093.33, stdev=18.23, samples=9345
   iops        : min=  226, max=  704, avg=523.33, stdev= 4.56, samples=9345
  lat (usec)   : 20=0.01%, 50=0.01%
  lat (msec)   : 10=0.01%, 20=0.01%, 50=0.03%, 100=0.05%, 250=0.15%
  lat (msec)   : 500=0.14%, 750=0.09%, 1000=0.08%, 2000=0.31%, >=2000=99.12%
  cpu          : usr=0.09%, sys=0.58%, ctx=157641, majf=0, minf=4726
  IO depths    : 1=0.1%, 2=0.1%, 4=0.1%, 8=0.1%, 16=0.2%, 32=0.3%, >=64=99.4%
     submit    : 0=0.0%, 4=100.0%, 8=0.0%, 16=0.0%, 32=0.0%, 64=0.0%, >=64=0.0%
     complete  : 0=0.0%, 4=100.0%, 8=0.0%, 16=0.0%, 32=0.0%, 64=0.0%, >=64=0.1%
     issued rwts: total=157525,0,0,0 short=0,0,0,0 dropped=0,0,0,0
     latency   : target=0, window=0, percentile=100.00%, depth=256

Run status group 0 (all jobs):
   READ: bw=2100KiB/s (2151kB/s), 2100KiB/s-2100KiB/s (2151kB/s-2151kB/s), io=615MiB (645MB), run=300027-300027msec
