test: (g=0): rw=randread, bs=(R) 4096B-4096B, (W) 4096B-4096B, (T) 4096B-4096B, ioengine=libaio, iodepth=256
...
fio-3.27
Starting 16 processes
rand-read: Laying out IO file (1 file / 1024MiB)
rand-read: Laying out IO file (1 file / 1024MiB)
rand-read: Laying out IO file (1 file / 1024MiB)
rand-read: Laying out IO file (1 file / 1024MiB)
rand-read: Laying out IO file (1 file / 1024MiB)
rand-read: Laying out IO file (1 file / 1024MiB)
rand-read: Laying out IO file (1 file / 1024MiB)
rand-read: Laying out IO file (1 file / 1024MiB)

test: (groupid=0, jobs=16): err= 0: pid=184543: Tue Jul 20 10:32:16 2021
  read: IOPS=902, BW=3610KiB/s (3697kB/s)(1058MiB/300034msec)
    slat (usec): min=572, max=284605, avg=17700.93, stdev=13373.75
    clat (usec): min=13, max=6834.3k, avg=4486374.88, stdev=575287.74
     lat (msec): min=5, max=6862, avg=4504.08, stdev=576.70
    clat percentiles (msec):
     |  1.00th=[ 2836],  5.00th=[ 3910], 10.00th=[ 4010], 20.00th=[ 4111],
     | 30.00th=[ 4212], 40.00th=[ 4329], 50.00th=[ 4396], 60.00th=[ 4530],
     | 70.00th=[ 4732], 80.00th=[ 4866], 90.00th=[ 5134], 95.00th=[ 5403],
     | 99.00th=[ 6074], 99.50th=[ 6208], 99.90th=[ 6477], 99.95th=[ 6611],
     | 99.99th=[ 6745]
   bw (  KiB/s): min= 1664, max= 5192, per=99.91%, avg=3607.60, stdev=32.06, samples=9445
   iops        : min=  416, max= 1298, avg=901.90, stdev= 8.02, samples=9445
  lat (usec)   : 20=0.01%, 50=0.01%
  lat (msec)   : 10=0.01%, 20=0.01%, 50=0.02%, 100=0.03%, 250=0.08%
  lat (msec)   : 500=0.09%, 750=0.07%, 1000=0.08%, 2000=0.34%, >=2000=99.28%
  cpu          : usr=0.16%, sys=0.97%, ctx=270943, majf=0, minf=4723
  IO depths    : 1=0.1%, 2=0.1%, 4=0.1%, 8=0.1%, 16=0.1%, 32=0.2%, >=64=99.6%
     submit    : 0=0.0%, 4=100.0%, 8=0.0%, 16=0.0%, 32=0.0%, 64=0.0%, >=64=0.0%
     complete  : 0=0.0%, 4=100.0%, 8=0.0%, 16=0.0%, 32=0.0%, 64=0.0%, >=64=0.1%
     issued rwts: total=270808,0,0,0 short=0,0,0,0 dropped=0,0,0,0
     latency   : target=0, window=0, percentile=100.00%, depth=256

Run status group 0 (all jobs):
   READ: bw=3610KiB/s (3697kB/s), 3610KiB/s-3610KiB/s (3697kB/s-3697kB/s), io=1058MiB (1109MB), run=300034-300034msec
