readwrite: (g=0): rw=rw, bs=(R) 4096B-4096B, (W) 4096B-4096B, (T) 4096B-4096B, ioengine=libaio, iodepth=256
...
fio-3.27
Starting 32 processes
readwrite: Laying out IO file (1 file / 1024MiB)
readwrite: Laying out IO file (1 file / 1024MiB)
readwrite: Laying out IO file (1 file / 1024MiB)
readwrite: Laying out IO file (1 file / 1024MiB)
readwrite: Laying out IO file (1 file / 1024MiB)
readwrite: Laying out IO file (1 file / 1024MiB)
readwrite: Laying out IO file (1 file / 1024MiB)
readwrite: Laying out IO file (1 file / 1024MiB)
readwrite: Laying out IO file (1 file / 1024MiB)
readwrite: Laying out IO file (1 file / 1024MiB)
readwrite: Laying out IO file (1 file / 1024MiB)
readwrite: Laying out IO file (1 file / 1024MiB)
readwrite: Laying out IO file (1 file / 1024MiB)
readwrite: Laying out IO file (1 file / 1024MiB)
readwrite: Laying out IO file (1 file / 1024MiB)
readwrite: Laying out IO file (1 file / 1024MiB)

readwrite: (groupid=0, jobs=32): err= 0: pid=80012: Wed Jul 21 19:59:27 2021
  read: IOPS=22.5k, BW=87.7MiB/s (92.0MB/s)(25.7GiB/300118msec)
    slat (usec): min=7, max=3425.8k, avg=1322.59, stdev=17583.03
    clat (usec): min=10, max=47769k, avg=182475.32, stdev=1696109.31
     lat (usec): min=23, max=48020k, avg=183798.65, stdev=1708215.33
    clat percentiles (msec):
     |  1.00th=[   12],  5.00th=[   13], 10.00th=[   13], 20.00th=[   14],
     | 30.00th=[   14], 40.00th=[   14], 50.00th=[   14], 60.00th=[   15],
     | 70.00th=[   15], 80.00th=[   15], 90.00th=[   16], 95.00th=[   19],
     | 99.00th=[ 7282], 99.50th=[14295], 99.90th=[17113], 99.95th=[17113],
     | 99.99th=[17113]
   bw (  KiB/s): min=  256, max=653712, per=100.00%, avg=97946.84, stdev=7493.43, samples=16971
   iops        : min=   64, max=163428, avg=24486.67, stdev=1873.35, samples=16971
  write: IOPS=22.5k, BW=87.7MiB/s (92.0MB/s)(25.7GiB/300118msec); 0 zone resets
    slat (usec): min=68, max=548642, avg=81.13, stdev=425.50
    clat (usec): min=11, max=47919k, avg=177926.35, stdev=1677123.00
     lat (usec): min=91, max=47919k, avg=178008.57, stdev=1677125.77
    clat percentiles (msec):
     |  1.00th=[   12],  5.00th=[   13], 10.00th=[   13], 20.00th=[   14],
     | 30.00th=[   14], 40.00th=[   14], 50.00th=[   14], 60.00th=[   15],
     | 70.00th=[   15], 80.00th=[   15], 90.00th=[   16], 95.00th=[   19],
     | 99.00th=[ 6678], 99.50th=[14160], 99.90th=[17113], 99.95th=[17113],
     | 99.99th=[17113]
   bw (  KiB/s): min=  256, max=651488, per=100.00%, avg=97242.62, stdev=7530.63, samples=16921
   iops        : min=   64, max=162872, avg=24310.62, stdev=1882.65, samples=16921
  lat (usec)   : 20=0.01%, 50=0.01%, 100=0.01%, 250=0.01%, 500=0.01%
  lat (usec)   : 750=0.01%, 1000=0.01%
  lat (msec)   : 2=0.01%, 4=0.01%, 10=0.01%, 20=97.30%, 50=1.11%
  lat (msec)   : 100=0.09%, 250=0.06%, 500=0.06%, 750=0.05%, 1000=0.06%
  lat (msec)   : 2000=0.07%, >=2000=1.20%
  cpu          : usr=1.32%, sys=6.84%, ctx=73953, majf=0, minf=1428
  IO depths    : 1=0.1%, 2=0.1%, 4=0.1%, 8=0.1%, 16=0.1%, 32=0.1%, >=64=100.0%
     submit    : 0=0.0%, 4=100.0%, 8=0.0%, 16=0.0%, 32=0.0%, 64=0.0%, >=64=0.0%
     complete  : 0=0.0%, 4=100.0%, 8=0.0%, 16=0.0%, 32=0.0%, 64=0.0%, >=64=0.1%
     issued rwts: total=6739053,6739188,0,0 short=0,0,0,0 dropped=0,0,0,0
     latency   : target=0, window=0, percentile=100.00%, depth=256

Run status group 0 (all jobs):
   READ: bw=87.7MiB/s (92.0MB/s), 87.7MiB/s-87.7MiB/s (92.0MB/s-92.0MB/s), io=25.7GiB (27.6GB), run=300118-300118msec
  WRITE: bw=87.7MiB/s (92.0MB/s), 87.7MiB/s-87.7MiB/s (92.0MB/s-92.0MB/s), io=25.7GiB (27.6GB), run=300118-300118msec
