readwrite: (g=0): rw=rw, bs=(R) 4096B-4096B, (W) 4096B-4096B, (T) 4096B-4096B, ioengine=libaio, iodepth=256
...
fio-3.27
Starting 4 processes
readwrite: Laying out IO file (1 file / 1024MiB)
readwrite: Laying out IO file (1 file / 1024MiB)

readwrite: (groupid=0, jobs=4): err= 0: pid=74489: Wed Jul 21 19:33:36 2021
  read: IOPS=14.4k, BW=56.3MiB/s (59.0MB/s)(16.5GiB/300054msec)
    slat (usec): min=7, max=365320, avg=178.67, stdev=2432.62
    clat (usec): min=18, max=11232k, avg=35478.13, stdev=176773.70
     lat (msec): min=4, max=11261, avg=35.66, stdev=178.03
    clat percentiles (msec):
     |  1.00th=[   12],  5.00th=[   13], 10.00th=[   13], 20.00th=[   13],
     | 30.00th=[   14], 40.00th=[   14], 50.00th=[   14], 60.00th=[   14],
     | 70.00th=[   14], 80.00th=[   15], 90.00th=[   15], 95.00th=[   22],
     | 99.00th=[  642], 99.50th=[  911], 99.90th=[ 2366], 99.95th=[ 3406],
     | 99.99th=[ 6141]
   bw (  KiB/s): min=   80, max=164496, per=100.00%, avg=57994.42, stdev=11292.24, samples=2389
   iops        : min=   20, max=41124, avg=14498.50, stdev=2823.08, samples=2389
  write: IOPS=14.4k, BW=56.3MiB/s (59.0MB/s)(16.5GiB/300054msec); 0 zone resets
    slat (usec): min=68, max=156342, avg=77.42, stdev=105.64
    clat (msec): min=8, max=11251, avg=35.30, stdev=175.94
     lat (msec): min=8, max=11251, avg=35.38, stdev=175.94
    clat percentiles (msec):
     |  1.00th=[   12],  5.00th=[   13], 10.00th=[   13], 20.00th=[   13],
     | 30.00th=[   14], 40.00th=[   14], 50.00th=[   14], 60.00th=[   14],
     | 70.00th=[   14], 80.00th=[   15], 90.00th=[   15], 95.00th=[   21],
     | 99.00th=[  634], 99.50th=[  902], 99.90th=[ 2333], 99.95th=[ 3339],
     | 99.99th=[ 6141]
   bw (  KiB/s): min=   80, max=163048, per=100.00%, avg=57933.93, stdev=11290.29, samples=2389
   iops        : min=   20, max=40762, avg=14483.37, stdev=2822.58, samples=2389
  lat (usec)   : 20=0.01%, 50=0.01%
  lat (msec)   : 10=0.01%, 20=94.89%, 50=1.63%, 100=0.09%, 250=0.32%
  lat (msec)   : 500=1.61%, 750=0.70%, 1000=0.35%, 2000=0.26%, >=2000=0.13%
  cpu          : usr=6.90%, sys=35.24%, ctx=141763, majf=0, minf=172
  IO depths    : 1=0.1%, 2=0.1%, 4=0.1%, 8=0.1%, 16=0.1%, 32=0.1%, >=64=100.0%
     submit    : 0=0.0%, 4=100.0%, 8=0.0%, 16=0.0%, 32=0.0%, 64=0.0%, >=64=0.0%
     complete  : 0=0.0%, 4=100.0%, 8=0.0%, 16=0.0%, 32=0.0%, 64=0.0%, >=64=0.1%
     issued rwts: total=4325413,4322378,0,0 short=0,0,0,0 dropped=0,0,0,0
     latency   : target=0, window=0, percentile=100.00%, depth=256

Run status group 0 (all jobs):
   READ: bw=56.3MiB/s (59.0MB/s), 56.3MiB/s-56.3MiB/s (59.0MB/s-59.0MB/s), io=16.5GiB (17.7GB), run=300054-300054msec
  WRITE: bw=56.3MiB/s (59.0MB/s), 56.3MiB/s-56.3MiB/s (59.0MB/s-59.0MB/s), io=16.5GiB (17.7GB), run=300054-300054msec
