test: (g=0): rw=read, bs=(R) 4096B-4096B, (W) 4096B-4096B, (T) 4096B-4096B, ioengine=libaio, iodepth=256
...
fio-3.27
Starting 64 processes
seq-read: Laying out IO file (1 file / 1024MiB)
seq-read: Laying out IO file (1 file / 1024MiB)
seq-read: Laying out IO file (1 file / 1024MiB)
seq-read: Laying out IO file (1 file / 1024MiB)
seq-read: Laying out IO file (1 file / 1024MiB)
seq-read: Laying out IO file (1 file / 1024MiB)
seq-read: Laying out IO file (1 file / 1024MiB)
seq-read: Laying out IO file (1 file / 1024MiB)
seq-read: Laying out IO file (1 file / 1024MiB)
seq-read: Laying out IO file (1 file / 1024MiB)
seq-read: Laying out IO file (1 file / 1024MiB)
seq-read: Laying out IO file (1 file / 1024MiB)
seq-read: Laying out IO file (1 file / 1024MiB)
seq-read: Laying out IO file (1 file / 1024MiB)
seq-read: Laying out IO file (1 file / 1024MiB)
seq-read: Laying out IO file (1 file / 1024MiB)
seq-read: Laying out IO file (1 file / 1024MiB)
seq-read: Laying out IO file (1 file / 1024MiB)
seq-read: Laying out IO file (1 file / 1024MiB)
seq-read: Laying out IO file (1 file / 1024MiB)
seq-read: Laying out IO file (1 file / 1024MiB)
seq-read: Laying out IO file (1 file / 1024MiB)
seq-read: Laying out IO file (1 file / 1024MiB)
seq-read: Laying out IO file (1 file / 1024MiB)
seq-read: Laying out IO file (1 file / 1024MiB)
seq-read: Laying out IO file (1 file / 1024MiB)
seq-read: Laying out IO file (1 file / 1024MiB)
seq-read: Laying out IO file (1 file / 1024MiB)
seq-read: Laying out IO file (1 file / 1024MiB)
seq-read: Laying out IO file (1 file / 1024MiB)
seq-read: Laying out IO file (1 file / 1024MiB)
seq-read: Laying out IO file (1 file / 1024MiB)

test: (groupid=0, jobs=64): err= 0: pid=93090: Tue Jul 20 15:12:51 2021
  read: IOPS=24.3k, BW=94.8MiB/s (99.4MB/s)(27.8GiB/300096msec)
    slat (usec): min=10, max=888267, avg=2623.20, stdev=10750.79
    clat (usec): min=14, max=23362k, avg=668446.64, stdev=2508453.25
     lat (usec): min=1096, max=23429k, avg=671070.89, stdev=2518096.67
    clat percentiles (msec):
     |  1.00th=[    5],  5.00th=[    5], 10.00th=[    5], 20.00th=[    5],
     | 30.00th=[    5], 40.00th=[    6], 50.00th=[    6], 60.00th=[    6],
     | 70.00th=[   12], 80.00th=[   17], 90.00th=[   35], 95.00th=[ 4010],
     | 99.00th=[14295], 99.50th=[16040], 99.90th=[17113], 99.95th=[17113],
     | 99.99th=[17113]
   bw (  KiB/s): min= 1576, max=6498253, per=100.00%, avg=98260.86, stdev=13378.00, samples=37912
   iops        : min=  394, max=1624553, avg=24565.12, stdev=3344.49, samples=37912
  lat (usec)   : 20=0.01%, 50=0.01%, 100=0.01%
  lat (msec)   : 2=0.01%, 4=0.01%, 10=69.71%, 20=16.22%, 50=4.71%
  lat (msec)   : 100=0.18%, 250=0.02%, 500=0.02%, 750=0.02%, 1000=0.02%
  lat (msec)   : 2000=0.12%, >=2000=8.98%
  cpu          : usr=0.39%, sys=1.57%, ctx=650311, majf=0, minf=18944
  IO depths    : 1=0.1%, 2=0.1%, 4=0.1%, 8=0.1%, 16=0.1%, 32=0.1%, >=64=99.9%
     submit    : 0=0.0%, 4=100.0%, 8=0.0%, 16=0.0%, 32=0.0%, 64=0.0%, >=64=0.0%
     complete  : 0=0.0%, 4=100.0%, 8=0.0%, 16=0.0%, 32=0.0%, 64=0.0%, >=64=0.1%
     issued rwts: total=7285768,0,0,0 short=0,0,0,0 dropped=0,0,0,0
     latency   : target=0, window=0, percentile=100.00%, depth=256

Run status group 0 (all jobs):
   READ: bw=94.8MiB/s (99.4MB/s), 94.8MiB/s-94.8MiB/s (99.4MB/s-99.4MB/s), io=27.8GiB (29.8GB), run=300096-300096msec
