test: (g=0): rw=randread, bs=(R) 4096B-4096B, (W) 4096B-4096B, (T) 4096B-4096B, ioengine=libaio, iodepth=256
...
fio-3.27
Starting 8 processes
rand-read: Laying out IO file (1 file / 1024MiB)
rand-read: Laying out IO file (1 file / 1024MiB)
rand-read: Laying out IO file (1 file / 1024MiB)
rand-read: Laying out IO file (1 file / 1024MiB)

test: (groupid=0, jobs=8): err= 0: pid=132411: Mon Jul 19 19:06:31 2021
  read: IOPS=722, BW=2890KiB/s (2960kB/s)(847MiB/300032msec)
    slat (usec): min=472, max=249156, avg=11046.00, stdev=8961.59
    clat (usec): min=15, max=4489.9k, avg=2810782.18, stdev=424089.41
     lat (msec): min=12, max=4522, avg=2821.83, stdev=425.38
    clat percentiles (msec):
     |  1.00th=[ 2089],  5.00th=[ 2299], 10.00th=[ 2366], 20.00th=[ 2467],
     | 30.00th=[ 2567], 40.00th=[ 2635], 50.00th=[ 2769], 60.00th=[ 2869],
     | 70.00th=[ 2970], 80.00th=[ 3138], 90.00th=[ 3373], 95.00th=[ 3641],
     | 99.00th=[ 3943], 99.50th=[ 4044], 99.90th=[ 4279], 99.95th=[ 4329],
     | 99.99th=[ 4463]
   bw (  KiB/s): min= 1152, max= 4320, per=99.88%, avg=2887.71, stdev=63.37, samples=4755
   iops        : min=  288, max= 1080, avg=721.93, stdev=15.84, samples=4755
  lat (usec)   : 20=0.01%, 50=0.01%, 100=0.01%
  lat (msec)   : 20=0.01%, 50=0.01%, 100=0.02%, 250=0.04%, 500=0.07%
  lat (msec)   : 750=0.07%, 1000=0.07%, 2000=0.40%, >=2000=99.33%
  cpu          : usr=0.25%, sys=1.55%, ctx=216891, majf=0, minf=2361
  IO depths    : 1=0.1%, 2=0.1%, 4=0.1%, 8=0.1%, 16=0.1%, 32=0.1%, >=64=99.8%
     submit    : 0=0.0%, 4=100.0%, 8=0.0%, 16=0.0%, 32=0.0%, 64=0.0%, >=64=0.0%
     complete  : 0=0.0%, 4=100.0%, 8=0.0%, 16=0.0%, 32=0.0%, 64=0.0%, >=64=0.1%
     issued rwts: total=216803,0,0,0 short=0,0,0,0 dropped=0,0,0,0
     latency   : target=0, window=0, percentile=100.00%, depth=256

Run status group 0 (all jobs):
   READ: bw=2890KiB/s (2960kB/s), 2890KiB/s-2890KiB/s (2960kB/s-2960kB/s), io=847MiB (888MB), run=300032-300032msec
