test: (g=0): rw=read, bs=(R) 4096B-4096B, (W) 4096B-4096B, (T) 4096B-4096B, ioengine=libaio, iodepth=256
...
fio-3.27
Starting 2 processes
seq-read: Laying out IO file (1 file / 1024MiB)

test: (groupid=0, jobs=2): err= 0: pid=234036: Tue Jul 20 14:24:35 2021
  read: IOPS=33.8k, BW=132MiB/s (138MB/s)(38.6GiB/300002msec)
    slat (usec): min=10, max=219973, avg=47.95, stdev=952.58
    clat (usec): min=10, max=4865.5k, avg=15102.26, stdev=130010.00
     lat (usec): min=22, max=4895.9k, avg=15151.00, stdev=130462.76
    clat percentiles (msec):
     |  1.00th=[    5],  5.00th=[    5], 10.00th=[    5], 20.00th=[    5],
     | 30.00th=[    5], 40.00th=[    5], 50.00th=[    6], 60.00th=[    6],
     | 70.00th=[    6], 80.00th=[    6], 90.00th=[   16], 95.00th=[   26],
     | 99.00th=[   28], 99.50th=[  481], 99.90th=[ 2433], 99.95th=[ 3205],
     | 99.99th=[ 4044]
   bw (  KiB/s): min=   32, max=329240, per=100.00%, avg=140768.55, stdev=37559.92, samples=1173
   iops        : min=    8, max=82310, avg=35192.04, stdev=9389.97, samples=1173
  lat (usec)   : 20=0.01%, 50=0.01%, 100=0.01%, 250=0.01%, 500=0.01%
  lat (usec)   : 750=0.01%, 1000=0.01%
  lat (msec)   : 2=0.01%, 4=0.01%, 10=88.52%, 20=4.83%, 50=5.86%
  lat (msec)   : 100=0.03%, 250=0.12%, 500=0.13%, 750=0.09%, 1000=0.14%
  lat (msec)   : 2000=0.12%, >=2000=0.13%
  cpu          : usr=14.29%, sys=37.69%, ctx=67102, majf=0, minf=590
  IO depths    : 1=0.1%, 2=0.1%, 4=0.1%, 8=0.1%, 16=0.1%, 32=0.1%, >=64=100.0%
     submit    : 0=0.0%, 4=100.0%, 8=0.0%, 16=0.0%, 32=0.0%, 64=0.0%, >=64=0.0%
     complete  : 0=0.0%, 4=100.0%, 8=0.0%, 16=0.0%, 32=0.0%, 64=0.0%, >=64=0.1%
     issued rwts: total=10129112,0,0,0 short=0,0,0,0 dropped=0,0,0,0
     latency   : target=0, window=0, percentile=100.00%, depth=256

Run status group 0 (all jobs):
   READ: bw=132MiB/s (138MB/s), 132MiB/s-132MiB/s (138MB/s-138MB/s), io=38.6GiB (41.5GB), run=300002-300002msec
