test: (g=0): rw=read, bs=(R) 4096B-4096B, (W) 4096B-4096B, (T) 4096B-4096B, ioengine=libaio, iodepth=256
...
fio-3.27
Starting 8 processes
seq-read: Laying out IO file (1 file / 1024MiB)
seq-read: Laying out IO file (1 file / 1024MiB)
seq-read: Laying out IO file (1 file / 1024MiB)
seq-read: Laying out IO file (1 file / 1024MiB)

test: (groupid=0, jobs=8): err= 0: pid=217192: Fri Jul 16 03:12:27 2021
  read: IOPS=36.3k, BW=142MiB/s (149MB/s)(41.5GiB/300015msec)
    slat (usec): min=10, max=742036, avg=208.44, stdev=1333.50
    clat (usec): min=17, max=9289.4k, avg=56174.94, stdev=207843.35
     lat (usec): min=813, max=9302.8k, avg=56384.32, stdev=208584.00
    clat percentiles (msec):
     |  1.00th=[    5],  5.00th=[    5], 10.00th=[    5], 20.00th=[    5],
     | 30.00th=[    6], 40.00th=[    6], 50.00th=[    6], 60.00th=[    6],
     | 70.00th=[    6], 80.00th=[    6], 90.00th=[   27], 95.00th=[  498],
     | 99.00th=[  718], 99.50th=[  919], 99.90th=[ 1804], 99.95th=[ 3239],
     | 99.99th=[ 6544]
   bw (  KiB/s): min=  344, max=1142688, per=100.00%, avg=148322.65, stdev=29726.89, samples=4771
   iops        : min=   86, max=285672, avg=37079.95, stdev=7431.72, samples=4771
  lat (usec)   : 20=0.01%, 50=0.01%, 1000=0.01%
  lat (msec)   : 2=0.01%, 4=0.01%, 10=81.06%, 20=5.18%, 50=5.37%
  lat (msec)   : 100=0.03%, 250=0.01%, 500=3.52%, 750=3.96%, 1000=0.51%
  lat (msec)   : 2000=0.26%, >=2000=0.08%
  cpu          : usr=4.36%, sys=15.16%, ctx=898539, majf=0, minf=2366
  IO depths    : 1=0.1%, 2=0.1%, 4=0.1%, 8=0.1%, 16=0.1%, 32=0.1%, >=64=100.0%
     submit    : 0=0.0%, 4=100.0%, 8=0.0%, 16=0.0%, 32=0.0%, 64=0.0%, >=64=0.0%
     complete  : 0=0.0%, 4=100.0%, 8=0.0%, 16=0.0%, 32=0.0%, 64=0.0%, >=64=0.1%
     issued rwts: total=10880868,0,0,0 short=0,0,0,0 dropped=0,0,0,0
     latency   : target=0, window=0, percentile=100.00%, depth=256

Run status group 0 (all jobs):
   READ: bw=142MiB/s (149MB/s), 142MiB/s-142MiB/s (149MB/s-149MB/s), io=41.5GiB (44.6GB), run=300015-300015msec
