readwrite: (g=0): rw=rw, bs=(R) 4096B-4096B, (W) 4096B-4096B, (T) 4096B-4096B, ioengine=libaio, iodepth=256
...
fio-3.27
Starting 4 processes
readwrite: Laying out IO file (1 file / 1024MiB)
readwrite: Laying out IO file (1 file / 1024MiB)

readwrite: (groupid=0, jobs=4): err= 0: pid=121221: Wed Jul 21 18:33:38 2021
  read: IOPS=22.3k, BW=87.0MiB/s (91.2MB/s)(25.5GiB/300014msec)
    slat (usec): min=7, max=240664, avg=82.81, stdev=1346.94
    clat (usec): min=26, max=3762.2k, avg=22969.97, stdev=89719.27
     lat (usec): min=102, max=3837.2k, avg=23053.56, stdev=90341.48
    clat percentiles (msec):
     |  1.00th=[   12],  5.00th=[   13], 10.00th=[   13], 20.00th=[   13],
     | 30.00th=[   14], 40.00th=[   14], 50.00th=[   14], 60.00th=[   14],
     | 70.00th=[   14], 80.00th=[   14], 90.00th=[   15], 95.00th=[   19],
     | 99.00th=[  355], 99.50th=[  609], 99.90th=[ 1401], 99.95th=[ 1670],
     | 99.99th=[ 2299]
   bw (  KiB/s): min=  224, max=163979, per=100.00%, avg=89770.29, stdev=14410.88, samples=2381
   iops        : min=   56, max=40994, avg=22442.26, stdev=3602.72, samples=2381
  write: IOPS=22.2k, BW=86.9MiB/s (91.1MB/s)(25.5GiB/300014msec); 0 zone resets
    slat (usec): min=68, max=62398, avg=75.23, stdev=47.66
    clat (usec): min=11, max=3788.9k, avg=22863.23, stdev=88724.97
     lat (usec): min=82, max=3789.0k, avg=22939.56, stdev=88726.93
    clat percentiles (msec):
     |  1.00th=[   12],  5.00th=[   13], 10.00th=[   13], 20.00th=[   13],
     | 30.00th=[   14], 40.00th=[   14], 50.00th=[   14], 60.00th=[   14],
     | 70.00th=[   14], 80.00th=[   14], 90.00th=[   15], 95.00th=[   19],
     | 99.00th=[  351], 99.50th=[  600], 99.90th=[ 1368], 99.95th=[ 1636],
     | 99.99th=[ 2299]
   bw (  KiB/s): min=   72, max=163155, per=100.00%, avg=89627.12, stdev=14421.95, samples=2383
   iops        : min=   18, max=40788, avg=22406.45, stdev=3605.48, samples=2383
  lat (usec)   : 20=0.01%, 50=0.01%, 100=0.01%, 250=0.01%, 500=0.01%
  lat (usec)   : 750=0.01%, 1000=0.01%
  lat (msec)   : 2=0.01%, 4=0.01%, 10=0.01%, 20=96.15%, 50=2.19%
  lat (msec)   : 100=0.09%, 250=0.21%, 500=0.73%, 750=0.23%, 1000=0.18%
  lat (msec)   : 2000=0.20%, >=2000=0.02%
  cpu          : usr=10.68%, sys=53.22%, ctx=98189, majf=0, minf=176
  IO depths    : 1=0.1%, 2=0.1%, 4=0.1%, 8=0.1%, 16=0.1%, 32=0.1%, >=64=100.0%
     submit    : 0=0.0%, 4=100.0%, 8=0.0%, 16=0.0%, 32=0.0%, 64=0.0%, >=64=0.0%
     complete  : 0=0.0%, 4=100.0%, 8=0.0%, 16=0.0%, 32=0.0%, 64=0.0%, >=64=0.1%
     issued rwts: total=6678974,6675331,0,0 short=0,0,0,0 dropped=0,0,0,0
     latency   : target=0, window=0, percentile=100.00%, depth=256

Run status group 0 (all jobs):
   READ: bw=87.0MiB/s (91.2MB/s), 87.0MiB/s-87.0MiB/s (91.2MB/s-91.2MB/s), io=25.5GiB (27.4GB), run=300014-300014msec
  WRITE: bw=86.9MiB/s (91.1MB/s), 86.9MiB/s-86.9MiB/s (91.1MB/s-91.1MB/s), io=25.5GiB (27.3GB), run=300014-300014msec
