test: (g=0): rw=randread, bs=(R) 4096B-4096B, (W) 4096B-4096B, (T) 4096B-4096B, ioengine=libaio, iodepth=256
...
fio-3.27
Starting 64 processes
rand-read: Laying out IO file (1 file / 1024MiB)
rand-read: Laying out IO file (1 file / 1024MiB)
rand-read: Laying out IO file (1 file / 1024MiB)
rand-read: Laying out IO file (1 file / 1024MiB)
rand-read: Laying out IO file (1 file / 1024MiB)
rand-read: Laying out IO file (1 file / 1024MiB)
rand-read: Laying out IO file (1 file / 1024MiB)
rand-read: Laying out IO file (1 file / 1024MiB)
rand-read: Laying out IO file (1 file / 1024MiB)
rand-read: Laying out IO file (1 file / 1024MiB)
rand-read: Laying out IO file (1 file / 1024MiB)
rand-read: Laying out IO file (1 file / 1024MiB)
rand-read: Laying out IO file (1 file / 1024MiB)
rand-read: Laying out IO file (1 file / 1024MiB)
rand-read: Laying out IO file (1 file / 1024MiB)
rand-read: Laying out IO file (1 file / 1024MiB)
rand-read: Laying out IO file (1 file / 1024MiB)
rand-read: Laying out IO file (1 file / 1024MiB)
rand-read: Laying out IO file (1 file / 1024MiB)
rand-read: Laying out IO file (1 file / 1024MiB)
rand-read: Laying out IO file (1 file / 1024MiB)
rand-read: Laying out IO file (1 file / 1024MiB)
rand-read: Laying out IO file (1 file / 1024MiB)
rand-read: Laying out IO file (1 file / 1024MiB)
rand-read: Laying out IO file (1 file / 1024MiB)
rand-read: Laying out IO file (1 file / 1024MiB)
rand-read: Laying out IO file (1 file / 1024MiB)
rand-read: Laying out IO file (1 file / 1024MiB)
rand-read: Laying out IO file (1 file / 1024MiB)
rand-read: Laying out IO file (1 file / 1024MiB)
rand-read: Laying out IO file (1 file / 1024MiB)
rand-read: Laying out IO file (1 file / 1024MiB)

test: (groupid=0, jobs=64): err= 0: pid=132264: Mon Jul 19 19:30:54 2021
  read: IOPS=1836, BW=7346KiB/s (7522kB/s)(2152MiB/300060msec)
    slat (usec): min=803, max=1781.3k, avg=34818.00, stdev=31629.37
    clat (usec): min=16, max=20910k, avg=8756825.36, stdev=2919296.36
     lat (msec): min=4, max=20964, avg=8791.65, stdev=2929.52
    clat percentiles (msec):
     |  1.00th=[ 2123],  5.00th=[ 6611], 10.00th=[ 6812], 20.00th=[ 6946],
     | 30.00th=[ 7148], 40.00th=[ 7282], 50.00th=[ 7550], 60.00th=[ 8020],
     | 70.00th=[ 8792], 80.00th=[ 9866], 90.00th=[14160], 95.00th=[14966],
     | 99.00th=[16576], 99.50th=[17113], 99.90th=[17113], 99.95th=[17113],
     | 99.99th=[17113]
   bw (  KiB/s): min= 2360, max=12328, per=99.97%, avg=7343.07, stdev=20.25, samples=37039
   iops        : min=  590, max= 3082, avg=1835.77, stdev= 5.06, samples=37039
  lat (usec)   : 20=0.01%, 50=0.01%
  lat (msec)   : 10=0.01%, 20=0.01%, 50=0.02%, 100=0.04%, 250=0.10%
  lat (msec)   : 500=0.15%, 750=0.13%, 1000=0.12%, 2000=0.38%, >=2000=99.04%
  cpu          : usr=0.09%, sys=0.53%, ctx=551584, majf=0, minf=18899
  IO depths    : 1=0.1%, 2=0.1%, 4=0.1%, 8=0.1%, 16=0.2%, 32=0.4%, >=64=99.3%
     submit    : 0=0.0%, 4=100.0%, 8=0.0%, 16=0.0%, 32=0.0%, 64=0.0%, >=64=0.0%
     complete  : 0=0.0%, 4=100.0%, 8=0.0%, 16=0.0%, 32=0.0%, 64=0.0%, >=64=0.1%
     issued rwts: total=551026,0,0,0 short=0,0,0,0 dropped=0,0,0,0
     latency   : target=0, window=0, percentile=100.00%, depth=256

Run status group 0 (all jobs):
   READ: bw=7346KiB/s (7522kB/s), 7346KiB/s-7346KiB/s (7522kB/s-7522kB/s), io=2152MiB (2257MB), run=300060-300060msec
