test: (g=0): rw=randread, bs=(R) 4096B-4096B, (W) 4096B-4096B, (T) 4096B-4096B, ioengine=libaio, iodepth=256
...
fio-3.27
Starting 32 processes
rand-read: Laying out IO file (1 file / 1024MiB)
rand-read: Laying out IO file (1 file / 1024MiB)
rand-read: Laying out IO file (1 file / 1024MiB)
rand-read: Laying out IO file (1 file / 1024MiB)
rand-read: Laying out IO file (1 file / 1024MiB)
rand-read: Laying out IO file (1 file / 1024MiB)
rand-read: Laying out IO file (1 file / 1024MiB)
rand-read: Laying out IO file (1 file / 1024MiB)
rand-read: Laying out IO file (1 file / 1024MiB)
rand-read: Laying out IO file (1 file / 1024MiB)
rand-read: Laying out IO file (1 file / 1024MiB)
rand-read: Laying out IO file (1 file / 1024MiB)
rand-read: Laying out IO file (1 file / 1024MiB)
rand-read: Laying out IO file (1 file / 1024MiB)
rand-read: Laying out IO file (1 file / 1024MiB)
rand-read: Laying out IO file (1 file / 1024MiB)

test: (groupid=0, jobs=32): err= 0: pid=216044: Mon Jul 19 22:26:18 2021
  read: IOPS=616, BW=2465KiB/s (2524kB/s)(722MiB/300023msec)
    slat (usec): min=898, max=322939, avg=51899.16, stdev=15723.84
    clat (usec): min=16, max=15448k, avg=12949857.70, stdev=1924674.98
     lat (msec): min=2, max=15508, avg=13001.76, stdev=1927.02
    clat percentiles (msec):
     |  1.00th=[ 1301],  5.00th=[12147], 10.00th=[12416], 20.00th=[12684],
     | 30.00th=[12953], 40.00th=[13087], 50.00th=[13221], 60.00th=[13355],
     | 70.00th=[13489], 80.00th=[13758], 90.00th=[14026], 95.00th=[14429],
     | 99.00th=[14832], 99.50th=[14966], 99.90th=[15234], 99.95th=[15234],
     | 99.99th=[15368]
   bw (  KiB/s): min= 1072, max= 5336, per=99.60%, avg=2455.55, stdev= 9.05, samples=18340
   iops        : min=  268, max= 1334, avg=613.89, stdev= 2.26, samples=18340
  lat (usec)   : 20=0.01%, 50=0.01%
  lat (msec)   : 4=0.01%, 10=0.01%, 20=0.02%, 50=0.05%, 100=0.08%
  lat (msec)   : 250=0.22%, 500=0.24%, 750=0.15%, 1000=0.11%, 2000=0.33%
  lat (msec)   : >=2000=98.78%
  cpu          : usr=0.06%, sys=0.36%, ctx=185131, majf=0, minf=9460
  IO depths    : 1=0.1%, 2=0.1%, 4=0.1%, 8=0.1%, 16=0.3%, 32=0.6%, >=64=98.9%
     submit    : 0=0.0%, 4=100.0%, 8=0.0%, 16=0.0%, 32=0.0%, 64=0.0%, >=64=0.0%
     complete  : 0=0.0%, 4=100.0%, 8=0.0%, 16=0.0%, 32=0.0%, 64=0.0%, >=64=0.1%
     issued rwts: total=184881,0,0,0 short=0,0,0,0 dropped=0,0,0,0
     latency   : target=0, window=0, percentile=100.00%, depth=256

Run status group 0 (all jobs):
   READ: bw=2465KiB/s (2524kB/s), 2465KiB/s-2465KiB/s (2524kB/s-2524kB/s), io=722MiB (757MB), run=300023-300023msec
