readwrite: (g=0): rw=rw, bs=(R) 4096B-4096B, (W) 4096B-4096B, (T) 4096B-4096B, ioengine=libaio, iodepth=256
...
fio-3.27
Starting 2 processes
readwrite: Laying out IO file (1 file / 1024MiB)

readwrite: (groupid=0, jobs=2): err= 0: pid=127947: Wed Jul 21 18:27:47 2021
  read: IOPS=11.4k, BW=44.7MiB/s (46.9MB/s)(13.1GiB/300001msec)
    slat (usec): min=7, max=140090, avg=77.44, stdev=720.64
    clat (usec): min=10, max=988479, avg=22275.39, stdev=48235.14
     lat (usec): min=20, max=988491, avg=22353.64, stdev=48539.73
    clat percentiles (msec):
     |  1.00th=[   12],  5.00th=[   13], 10.00th=[   13], 20.00th=[   13],
     | 30.00th=[   13], 40.00th=[   14], 50.00th=[   14], 60.00th=[   14],
     | 70.00th=[   14], 80.00th=[   15], 90.00th=[   15], 95.00th=[   35],
     | 99.00th=[  284], 99.50th=[  347], 99.90th=[  498], 99.95th=[  709],
     | 99.99th=[  927]
   bw (  KiB/s): min=  616, max=82736, per=100.00%, avg=46148.19, stdev=16892.21, samples=1190
   iops        : min=  154, max=20684, avg=11537.05, stdev=4223.06, samples=1190
  write: IOPS=11.4k, BW=44.7MiB/s (46.9MB/s)(13.1GiB/300001msec); 0 zone resets
    slat (usec): min=68, max=5622, avg=75.43, stdev=15.50
    clat (usec): min=47, max=988465, avg=22279.02, stdev=48170.86
     lat (usec): min=125, max=988536, avg=22355.54, stdev=48173.58
    clat percentiles (msec):
     |  1.00th=[   12],  5.00th=[   13], 10.00th=[   13], 20.00th=[   13],
     | 30.00th=[   14], 40.00th=[   14], 50.00th=[   14], 60.00th=[   14],
     | 70.00th=[   14], 80.00th=[   15], 90.00th=[   15], 95.00th=[   35],
     | 99.00th=[  284], 99.50th=[  342], 99.90th=[  493], 99.95th=[  693],
     | 99.99th=[  927]
   bw (  KiB/s): min=  672, max=81840, per=100.00%, avg=46127.82, stdev=16878.26, samples=1190
   iops        : min=  168, max=20460, avg=11531.95, stdev=4219.56, samples=1190
  lat (usec)   : 20=0.01%, 50=0.01%, 250=0.01%, 500=0.01%, 750=0.01%
  lat (usec)   : 1000=0.01%
  lat (msec)   : 2=0.01%, 4=0.01%, 10=0.01%, 20=94.23%, 50=1.79%
  lat (msec)   : 100=0.12%, 250=2.51%, 500=1.24%, 750=0.05%, 1000=0.04%
  cpu          : usr=11.08%, sys=55.89%, ctx=131912, majf=0, minf=87
  IO depths    : 1=0.1%, 2=0.1%, 4=0.1%, 8=0.1%, 16=0.1%, 32=0.1%, >=64=100.0%
     submit    : 0=0.0%, 4=100.0%, 8=0.0%, 16=0.0%, 32=0.0%, 64=0.0%, >=64=0.0%
     complete  : 0=0.0%, 4=100.0%, 8=0.0%, 16=0.0%, 32=0.0%, 64=0.0%, >=64=0.1%
     issued rwts: total=3434882,3433393,0,0 short=0,0,0,0 dropped=0,0,0,0
     latency   : target=0, window=0, percentile=100.00%, depth=256

Run status group 0 (all jobs):
   READ: bw=44.7MiB/s (46.9MB/s), 44.7MiB/s-44.7MiB/s (46.9MB/s-46.9MB/s), io=13.1GiB (14.1GB), run=300001-300001msec
  WRITE: bw=44.7MiB/s (46.9MB/s), 44.7MiB/s-44.7MiB/s (46.9MB/s-46.9MB/s), io=13.1GiB (14.1GB), run=300001-300001msec
