test: (g=0): rw=read, bs=(R) 4096B-4096B, (W) 4096B-4096B, (T) 4096B-4096B, ioengine=libaio, iodepth=256
fio-3.27
Starting 1 process
test: Laying out IO file (1 file / 1024MiB)

test: (groupid=0, jobs=1): err= 0: pid=242418: Tue Jul 20 14:19:01 2021
  read: IOPS=30.6k, BW=119MiB/s (125MB/s)(35.0GiB/300044msec)
    slat (usec): min=10, max=225670, avg=21.47, stdev=513.71
    clat (usec): min=26, max=2069.6k, avg=8323.80, stdev=38252.52
     lat (msec): min=4, max=2070, avg= 8.35, stdev=38.29
    clat percentiles (msec):
     |  1.00th=[    5],  5.00th=[    5], 10.00th=[    5], 20.00th=[    5],
     | 30.00th=[    5], 40.00th=[    6], 50.00th=[    6], 60.00th=[    6],
     | 70.00th=[    6], 80.00th=[    6], 90.00th=[   16], 95.00th=[   26],
     | 99.00th=[   27], 99.50th=[   30], 99.90th=[  927], 99.95th=[ 1083],
     | 99.99th=[ 1368]
   bw (  KiB/s): min=    8, max=167200, per=100.00%, avg=128328.71, stdev=55458.89, samples=572
   iops        : min=    2, max=41800, avg=32082.16, stdev=13864.71, samples=572
  lat (usec)   : 50=0.01%
  lat (msec)   : 10=88.36%, 20=5.53%, 50=5.84%, 100=0.08%, 250=0.04%
  lat (msec)   : 500=0.03%, 750=0.01%, 1000=0.02%, 2000=0.08%, >=2000=0.01%
  cpu          : usr=25.51%, sys=67.34%, ctx=7402, majf=0, minf=295
  IO depths    : 1=0.1%, 2=0.1%, 4=0.1%, 8=0.1%, 16=0.1%, 32=0.1%, >=64=100.0%
     submit    : 0=0.0%, 4=100.0%, 8=0.0%, 16=0.0%, 32=0.0%, 64=0.0%, >=64=0.0%
     complete  : 0=0.0%, 4=100.0%, 8=0.0%, 16=0.0%, 32=0.0%, 64=0.0%, >=64=0.1%
     issued rwts: total=9175041,0,0,0 short=0,0,0,0 dropped=0,0,0,0
     latency   : target=0, window=0, percentile=100.00%, depth=256

Run status group 0 (all jobs):
   READ: bw=119MiB/s (125MB/s), 119MiB/s-119MiB/s (125MB/s-125MB/s), io=35.0GiB (37.6GB), run=300044-300044msec
