test: (g=0): rw=read, bs=(R) 4096B-4096B, (W) 4096B-4096B, (T) 4096B-4096B, ioengine=libaio, iodepth=256
...
fio-3.27
Starting 16 processes
seq-read: Laying out IO file (1 file / 1024MiB)
seq-read: Laying out IO file (1 file / 1024MiB)
seq-read: Laying out IO file (1 file / 1024MiB)
seq-read: Laying out IO file (1 file / 1024MiB)
seq-read: Laying out IO file (1 file / 1024MiB)
seq-read: Laying out IO file (1 file / 1024MiB)
seq-read: Laying out IO file (1 file / 1024MiB)
seq-read: Laying out IO file (1 file / 1024MiB)

test: (groupid=0, jobs=16): err= 0: pid=217976: Tue Jul 20 14:45:33 2021
  read: IOPS=35.3k, BW=138MiB/s (145MB/s)(40.4GiB/300039msec)
    slat (usec): min=10, max=399018, avg=440.73, stdev=3137.35
    clat (usec): min=13, max=18802k, avg=115282.97, stdev=548316.23
     lat (usec): min=1232, max=18859k, avg=115724.62, stdev=550334.58
    clat percentiles (msec):
     |  1.00th=[    5],  5.00th=[    5], 10.00th=[    5], 20.00th=[    5],
     | 30.00th=[    6], 40.00th=[    6], 50.00th=[    6], 60.00th=[    6],
     | 70.00th=[    6], 80.00th=[    6], 90.00th=[   27], 95.00th=[  953],
     | 99.00th=[ 2601], 99.50th=[ 3440], 99.90th=[ 7416], 99.95th=[ 8658],
     | 99.99th=[11342]
   bw (  KiB/s): min=  416, max=2032907, per=100.00%, avg=144315.85, stdev=24103.45, samples=9550
   iops        : min=  104, max=508225, avg=36078.36, stdev=6025.86, samples=9550
  lat (usec)   : 20=0.01%, 50=0.01%
  lat (msec)   : 2=0.01%, 4=0.01%, 10=82.33%, 20=5.75%, 50=5.44%
  lat (msec)   : 100=0.06%, 250=0.01%, 500=0.01%, 750=0.03%, 1000=2.10%
  lat (msec)   : 2000=2.87%, >=2000=1.42%
  cpu          : usr=2.10%, sys=6.93%, ctx=670364, majf=0, minf=4729
  IO depths    : 1=0.1%, 2=0.1%, 4=0.1%, 8=0.1%, 16=0.1%, 32=0.1%, >=64=100.0%
     submit    : 0=0.0%, 4=100.0%, 8=0.0%, 16=0.0%, 32=0.0%, 64=0.0%, >=64=0.0%
     complete  : 0=0.0%, 4=100.0%, 8=0.0%, 16=0.0%, 32=0.0%, 64=0.0%, >=64=0.1%
     issued rwts: total=10603775,0,0,0 short=0,0,0,0 dropped=0,0,0,0
     latency   : target=0, window=0, percentile=100.00%, depth=256

Run status group 0 (all jobs):
   READ: bw=138MiB/s (145MB/s), 138MiB/s-138MiB/s (145MB/s-145MB/s), io=40.4GiB (43.4GB), run=300039-300039msec
