test: (g=0): rw=read, bs=(R) 4096B-4096B, (W) 4096B-4096B, (T) 4096B-4096B, ioengine=libaio, iodepth=256
...
fio-3.27
Starting 2 processes
seq-read: Laying out IO file (1 file / 1024MiB)

test: (groupid=0, jobs=2): err= 0: pid=242251: Tue Jul 20 14:24:35 2021
  read: IOPS=33.8k, BW=132MiB/s (139MB/s)(38.7GiB/300001msec)
    slat (usec): min=10, max=135425, avg=47.72, stdev=597.58
    clat (usec): min=11, max=2701.5k, avg=15062.95, stdev=69601.66
     lat (usec): min=23, max=2706.0k, avg=15111.49, stdev=69822.05
    clat percentiles (msec):
     |  1.00th=[    5],  5.00th=[    5], 10.00th=[    5], 20.00th=[    5],
     | 30.00th=[    5], 40.00th=[    6], 50.00th=[    6], 60.00th=[    6],
     | 70.00th=[    6], 80.00th=[    6], 90.00th=[   16], 95.00th=[   26],
     | 99.00th=[  388], 99.50th=[  575], 99.90th=[  927], 99.95th=[  961],
     | 99.99th=[ 1116]
   bw (  KiB/s): min=  184, max=330112, per=100.00%, avg=140887.43, stdev=37653.27, samples=1173
   iops        : min=   46, max=82528, avg=35221.86, stdev=9413.32, samples=1173
  lat (usec)   : 20=0.01%, 50=0.01%, 100=0.01%, 250=0.01%, 500=0.01%
  lat (usec)   : 750=0.01%, 1000=0.01%
  lat (msec)   : 2=0.01%, 4=0.01%, 10=87.42%, 20=5.06%, 50=5.79%
  lat (msec)   : 100=0.05%, 250=0.12%, 500=0.92%, 750=0.39%, 1000=0.22%
  lat (msec)   : 2000=0.03%, >=2000=0.01%
  cpu          : usr=14.20%, sys=40.12%, ctx=162017, majf=0, minf=589
  IO depths    : 1=0.1%, 2=0.1%, 4=0.1%, 8=0.1%, 16=0.1%, 32=0.1%, >=64=100.0%
     submit    : 0=0.0%, 4=100.0%, 8=0.0%, 16=0.0%, 32=0.0%, 64=0.0%, >=64=0.0%
     complete  : 0=0.0%, 4=100.0%, 8=0.0%, 16=0.0%, 32=0.0%, 64=0.0%, >=64=0.1%
     issued rwts: total=10154426,0,0,0 short=0,0,0,0 dropped=0,0,0,0
     latency   : target=0, window=0, percentile=100.00%, depth=256

Run status group 0 (all jobs):
   READ: bw=132MiB/s (139MB/s), 132MiB/s-132MiB/s (139MB/s-139MB/s), io=38.7GiB (41.6GB), run=300001-300001msec
