test: (g=0): rw=read, bs=(R) 4096B-4096B, (W) 4096B-4096B, (T) 4096B-4096B, ioengine=libaio, iodepth=256
...
fio-3.27
Starting 4 processes
seq-read: Laying out IO file (1 file / 1024MiB)
seq-read: Laying out IO file (1 file / 1024MiB)

test: (groupid=0, jobs=4): err= 0: pid=212252: Tue Jul 20 15:33:21 2021
  read: IOPS=34.4k, BW=134MiB/s (141MB/s)(39.4GiB/300057msec)
    slat (usec): min=10, max=425044, avg=104.88, stdev=1413.51
    clat (usec): min=10, max=8952.1k, avg=29619.77, stdev=219409.21
     lat (usec): min=22, max=8955.6k, avg=29725.46, stdev=220177.11
    clat percentiles (msec):
     |  1.00th=[    5],  5.00th=[    5], 10.00th=[    5], 20.00th=[    5],
     | 30.00th=[    5], 40.00th=[    5], 50.00th=[    5], 60.00th=[    6],
     | 70.00th=[    6], 80.00th=[    6], 90.00th=[   16], 95.00th=[   26],
     | 99.00th=[  944], 99.50th=[ 1435], 99.90th=[ 2869], 99.95th=[ 3708],
     | 99.99th=[ 6745]
   bw (  KiB/s): min=   72, max=659536, per=100.00%, avg=142311.97, stdev=34215.31, samples=2372
   iops        : min=   18, max=164884, avg=35577.90, stdev=8553.83, samples=2372
  lat (usec)   : 20=0.01%, 50=0.01%, 100=0.01%, 250=0.01%, 500=0.01%
  lat (usec)   : 750=0.01%, 1000=0.01%
  lat (msec)   : 2=0.01%, 4=0.01%, 10=87.64%, 20=4.76%, 50=5.81%
  lat (msec)   : 100=0.02%, 250=0.03%, 500=0.20%, 750=0.16%, 1000=0.49%
  lat (msec)   : 2000=0.62%, >=2000=0.27%
  cpu          : usr=7.45%, sys=20.40%, ctx=173416, majf=0, minf=1182
  IO depths    : 1=0.1%, 2=0.1%, 4=0.1%, 8=0.1%, 16=0.1%, 32=0.1%, >=64=100.0%
     submit    : 0=0.0%, 4=100.0%, 8=0.0%, 16=0.0%, 32=0.0%, 64=0.0%, >=64=0.0%
     complete  : 0=0.0%, 4=100.0%, 8=0.0%, 16=0.0%, 32=0.0%, 64=0.0%, >=64=0.1%
     issued rwts: total=10327173,0,0,0 short=0,0,0,0 dropped=0,0,0,0
     latency   : target=0, window=0, percentile=100.00%, depth=256

Run status group 0 (all jobs):
   READ: bw=134MiB/s (141MB/s), 134MiB/s-134MiB/s (141MB/s-141MB/s), io=39.4GiB (42.3GB), run=300057-300057msec
