readwrite: (g=0): rw=rw, bs=(R) 4096B-4096B, (W) 4096B-4096B, (T) 4096B-4096B, ioengine=libaio, iodepth=256
...
fio-3.27
Starting 8 processes
readwrite: Laying out IO file (1 file / 1024MiB)
readwrite: Laying out IO file (1 file / 1024MiB)
readwrite: Laying out IO file (1 file / 1024MiB)
readwrite: Laying out IO file (1 file / 1024MiB)

readwrite: (groupid=0, jobs=8): err= 0: pid=245120: Wed Jul 21 19:40:18 2021
  read: IOPS=29.1k, BW=114MiB/s (119MB/s)(33.3GiB/300022msec)
    slat (usec): min=7, max=983111, avg=176.10, stdev=3936.64
    clat (usec): min=14, max=21842k, avg=35114.66, stdev=338940.93
     lat (usec): min=119, max=21859k, avg=35291.48, stdev=341316.23
    clat percentiles (msec):
     |  1.00th=[   12],  5.00th=[   13], 10.00th=[   13], 20.00th=[   13],
     | 30.00th=[   14], 40.00th=[   14], 50.00th=[   14], 60.00th=[   14],
     | 70.00th=[   14], 80.00th=[   15], 90.00th=[   15], 95.00th=[   16],
     | 99.00th=[   38], 99.50th=[ 1452], 99.90th=[ 4866], 99.95th=[ 7215],
     | 99.99th=[13892]
   bw (  KiB/s): min=   64, max=326912, per=100.00%, avg=118447.97, stdev=14619.52, samples=4704
   iops        : min=   16, max=81728, avg=29611.93, stdev=3654.87, samples=4704
  write: IOPS=29.1k, BW=114MiB/s (119MB/s)(33.3GiB/300022msec); 0 zone resets
    slat (usec): min=68, max=342860, avg=77.37, stdev=146.30
    clat (usec): min=12, max=21788k, avg=34906.73, stdev=337713.40
     lat (usec): min=85, max=21788k, avg=34985.19, stdev=337715.03
    clat percentiles (msec):
     |  1.00th=[   12],  5.00th=[   13], 10.00th=[   13], 20.00th=[   13],
     | 30.00th=[   14], 40.00th=[   14], 50.00th=[   14], 60.00th=[   14],
     | 70.00th=[   14], 80.00th=[   15], 90.00th=[   15], 95.00th=[   16],
     | 99.00th=[   37], 99.50th=[ 1435], 99.90th=[ 4866], 99.95th=[ 7215],
     | 99.99th=[13758]
   bw (  KiB/s): min=   64, max=323520, per=100.00%, avg=118211.05, stdev=14612.08, samples=4719
   iops        : min=   16, max=80880, avg=29552.68, stdev=3653.01, samples=4719
  lat (usec)   : 20=0.01%, 50=0.01%, 100=0.01%, 250=0.01%, 500=0.01%
  lat (usec)   : 750=0.01%, 1000=0.01%
  lat (msec)   : 2=0.01%, 4=0.01%, 10=0.01%, 20=97.70%, 50=1.40%
  lat (msec)   : 100=0.07%, 250=0.04%, 500=0.05%, 750=0.03%, 1000=0.08%
  lat (msec)   : 2000=0.26%, >=2000=0.36%
  cpu          : usr=6.89%, sys=34.28%, ctx=61932, majf=0, minf=359
  IO depths    : 1=0.1%, 2=0.1%, 4=0.1%, 8=0.1%, 16=0.1%, 32=0.1%, >=64=100.0%
     submit    : 0=0.0%, 4=100.0%, 8=0.0%, 16=0.0%, 32=0.0%, 64=0.0%, >=64=0.0%
     complete  : 0=0.0%, 4=100.0%, 8=0.0%, 16=0.0%, 32=0.0%, 64=0.0%, >=64=0.1%
     issued rwts: total=8741585,8738961,0,0 short=0,0,0,0 dropped=0,0,0,0
     latency   : target=0, window=0, percentile=100.00%, depth=256

Run status group 0 (all jobs):
   READ: bw=114MiB/s (119MB/s), 114MiB/s-114MiB/s (119MB/s-119MB/s), io=33.3GiB (35.8GB), run=300022-300022msec
  WRITE: bw=114MiB/s (119MB/s), 114MiB/s-114MiB/s (119MB/s-119MB/s), io=33.3GiB (35.8GB), run=300022-300022msec
