test: (g=0): rw=randread, bs=(R) 4096B-4096B, (W) 4096B-4096B, (T) 4096B-4096B, ioengine=libaio, iodepth=256
...
fio-3.27
Starting 32 processes
rand-read: Laying out IO file (1 file / 1024MiB)
rand-read: Laying out IO file (1 file / 1024MiB)
rand-read: Laying out IO file (1 file / 1024MiB)
rand-read: Laying out IO file (1 file / 1024MiB)
rand-read: Laying out IO file (1 file / 1024MiB)
rand-read: Laying out IO file (1 file / 1024MiB)
rand-read: Laying out IO file (1 file / 1024MiB)
rand-read: Laying out IO file (1 file / 1024MiB)
rand-read: Laying out IO file (1 file / 1024MiB)
rand-read: Laying out IO file (1 file / 1024MiB)
rand-read: Laying out IO file (1 file / 1024MiB)
rand-read: Laying out IO file (1 file / 1024MiB)
rand-read: Laying out IO file (1 file / 1024MiB)
rand-read: Laying out IO file (1 file / 1024MiB)
rand-read: Laying out IO file (1 file / 1024MiB)
rand-read: Laying out IO file (1 file / 1024MiB)

test: (groupid=0, jobs=32): err= 0: pid=173180: Tue Jul 20 11:42:03 2021
  read: IOPS=464, BW=1860KiB/s (1905kB/s)(545MiB/300140msec)
    slat (usec): min=529, max=420169, avg=68771.55, stdev=24193.36
    clat (usec): min=16, max=27566k, avg=17229826.63, stdev=3674085.81
     lat (msec): min=54, max=27706, avg=17298.60, stdev=3682.21
    clat percentiles (msec):
     |  1.00th=[ 3239],  5.00th=[14026], 10.00th=[14697], 20.00th=[15234],
     | 30.00th=[15771], 40.00th=[16174], 50.00th=[16711], 60.00th=[17113],
     | 70.00th=[17113], 80.00th=[17113], 90.00th=[17113], 95.00th=[17113],
     | 99.00th=[17113], 99.50th=[17113], 99.90th=[17113], 99.95th=[17113],
     | 99.99th=[17113]
   bw (  KiB/s): min=  816, max= 2488, per=98.28%, avg=1828.07, stdev= 8.14, samples=18380
   iops        : min=  204, max=  622, avg=457.02, stdev= 2.04, samples=18380
  lat (usec)   : 20=0.01%, 50=0.01%
  lat (msec)   : 100=0.02%, 250=0.05%, 500=0.07%, 750=0.07%, 1000=0.08%
  lat (msec)   : 2000=0.30%, >=2000=99.38%
  cpu          : usr=0.04%, sys=0.28%, ctx=139804, majf=0, minf=9438
  IO depths    : 1=0.1%, 2=0.1%, 4=0.1%, 8=0.2%, 16=0.4%, 32=0.7%, >=64=98.6%
     submit    : 0=0.0%, 4=100.0%, 8=0.0%, 16=0.0%, 32=0.0%, 64=0.0%, >=64=0.0%
     complete  : 0=0.0%, 4=100.0%, 8=0.0%, 16=0.0%, 32=0.0%, 64=0.0%, >=64=0.1%
     issued rwts: total=139558,0,0,0 short=0,0,0,0 dropped=0,0,0,0
     latency   : target=0, window=0, percentile=100.00%, depth=256

Run status group 0 (all jobs):
   READ: bw=1860KiB/s (1905kB/s), 1860KiB/s-1860KiB/s (1905kB/s-1905kB/s), io=545MiB (572MB), run=300140-300140msec
