test: (g=0): rw=randread, bs=(R) 4096B-4096B, (W) 4096B-4096B, (T) 4096B-4096B, ioengine=libaio, iodepth=256
fio-3.27
Starting 1 process
test: Laying out IO file (1 file / 1024MiB)

test: (groupid=0, jobs=1): err= 0: pid=193643: Mon Jul 19 21:49:36 2021
  read: IOPS=173, BW=696KiB/s (712kB/s)(204MiB/300003msec)
    slat (usec): min=440, max=106161, avg=5732.08, stdev=4531.82
    clat (usec): min=12, max=1819.2k, avg=1462938.73, stdev=102001.34
     lat (msec): min=8, max=1826, avg=1468.67, stdev=102.14
    clat percentiles (msec):
     |  1.00th=[ 1284],  5.00th=[ 1334], 10.00th=[ 1368], 20.00th=[ 1401],
     | 30.00th=[ 1418], 40.00th=[ 1435], 50.00th=[ 1469], 60.00th=[ 1485],
     | 70.00th=[ 1502], 80.00th=[ 1536], 90.00th=[ 1569], 95.00th=[ 1603],
     | 99.00th=[ 1703], 99.50th=[ 1737], 99.90th=[ 1787], 99.95th=[ 1804],
     | 99.99th=[ 1804]
   bw (  KiB/s): min=   48, max=  976, per=99.78%, avg=694.78, stdev=68.69, samples=597
   iops        : min=   12, max=  244, avg=173.70, stdev=17.17, samples=597
  lat (usec)   : 20=0.01%
  lat (msec)   : 10=0.01%, 20=0.01%, 50=0.01%, 100=0.02%, 250=0.06%
  lat (msec)   : 500=0.08%, 750=0.09%, 1000=0.07%, 2000=99.66%
  cpu          : usr=0.43%, sys=2.50%, ctx=52177, majf=0, minf=293
  IO depths    : 1=0.1%, 2=0.1%, 4=0.1%, 8=0.1%, 16=0.1%, 32=0.1%, >=64=99.9%
     submit    : 0=0.0%, 4=100.0%, 8=0.0%, 16=0.0%, 32=0.0%, 64=0.0%, >=64=0.0%
     complete  : 0=0.0%, 4=100.0%, 8=0.0%, 16=0.0%, 32=0.0%, 64=0.0%, >=64=0.1%
     issued rwts: total=52165,0,0,0 short=0,0,0,0 dropped=0,0,0,0
     latency   : target=0, window=0, percentile=100.00%, depth=256

Run status group 0 (all jobs):
   READ: bw=696KiB/s (712kB/s), 696KiB/s-696KiB/s (712kB/s-712kB/s), io=204MiB (214MB), run=300003-300003msec
