readwrite: (g=0): rw=rw, bs=(R) 4096B-4096B, (W) 4096B-4096B, (T) 4096B-4096B, ioengine=libaio, iodepth=256
...
fio-3.27
Starting 2 processes
readwrite: Laying out IO file (1 file / 1024MiB)

readwrite: (groupid=0, jobs=2): err= 0: pid=254979: Wed Jul 21 17:28:15 2021
  read: IOPS=16.5k, BW=64.4MiB/s (67.6MB/s)(18.9GiB/300001msec)
    slat (usec): min=7, max=78173, avg=25.41, stdev=338.10
    clat (usec): min=10, max=1033.1k, avg=15470.79, stdev=22447.37
     lat (usec): min=24, max=1033.1k, avg=15496.95, stdev=22504.22
    clat percentiles (msec):
     |  1.00th=[   12],  5.00th=[   13], 10.00th=[   13], 20.00th=[   13],
     | 30.00th=[   13], 40.00th=[   14], 50.00th=[   14], 60.00th=[   14],
     | 70.00th=[   14], 80.00th=[   14], 90.00th=[   15], 95.00th=[   18],
     | 99.00th=[  102], 99.50th=[  136], 99.90th=[  199], 99.95th=[  296],
     | 99.99th=[  877]
   bw (  KiB/s): min= 1008, max=83928, per=100.00%, avg=66529.67, stdev=10024.03, samples=1189
   iops        : min=  252, max=20984, avg=16632.40, stdev=2506.01, samples=1189
  write: IOPS=16.5k, BW=64.4MiB/s (67.5MB/s)(18.9GiB/300001msec); 0 zone resets
    slat (usec): min=68, max=20301, avg=74.44, stdev=17.47
    clat (usec): min=12, max=1033.1k, avg=15456.51, stdev=22200.22
     lat (usec): min=82, max=1033.1k, avg=15532.04, stdev=22200.84
    clat percentiles (msec):
     |  1.00th=[   12],  5.00th=[   13], 10.00th=[   13], 20.00th=[   13],
     | 30.00th=[   13], 40.00th=[   14], 50.00th=[   14], 60.00th=[   14],
     | 70.00th=[   14], 80.00th=[   14], 90.00th=[   15], 95.00th=[   18],
     | 99.00th=[  102], 99.50th=[  136], 99.90th=[  199], 99.95th=[  279],
     | 99.99th=[  869]
   bw (  KiB/s): min= 1048, max=82552, per=100.00%, avg=66480.01, stdev=10009.88, samples=1189
   iops        : min=  262, max=20638, avg=16619.95, stdev=2502.46, samples=1189
  lat (usec)   : 20=0.01%, 50=0.01%, 100=0.01%, 250=0.01%, 500=0.01%
  lat (usec)   : 750=0.01%, 1000=0.01%
  lat (msec)   : 2=0.01%, 4=0.01%, 10=0.01%, 20=96.71%, 50=2.11%
  lat (msec)   : 100=0.16%, 250=0.96%, 500=0.02%, 750=0.01%, 1000=0.04%
  lat (msec)   : 2000=0.01%
  cpu          : usr=15.66%, sys=77.12%, ctx=51704, majf=0, minf=87
  IO depths    : 1=0.1%, 2=0.1%, 4=0.1%, 8=0.1%, 16=0.1%, 32=0.1%, >=64=100.0%
     submit    : 0=0.0%, 4=100.0%, 8=0.0%, 16=0.0%, 32=0.0%, 64=0.0%, >=64=0.0%
     complete  : 0=0.0%, 4=100.0%, 8=0.0%, 16=0.0%, 32=0.0%, 64=0.0%, >=64=0.1%
     issued rwts: total=4949692,4945949,0,0 short=0,0,0,0 dropped=0,0,0,0
     latency   : target=0, window=0, percentile=100.00%, depth=256

Run status group 0 (all jobs):
   READ: bw=64.4MiB/s (67.6MB/s), 64.4MiB/s-64.4MiB/s (67.6MB/s-67.6MB/s), io=18.9GiB (20.3GB), run=300001-300001msec
  WRITE: bw=64.4MiB/s (67.5MB/s), 64.4MiB/s-64.4MiB/s (67.5MB/s-67.5MB/s), io=18.9GiB (20.3GB), run=300001-300001msec
