readwrite: (g=0): rw=rw, bs=(R) 4096B-4096B, (W) 4096B-4096B, (T) 4096B-4096B, ioengine=libaio, iodepth=256
...
fio-3.27
Starting 32 processes
readwrite: Laying out IO file (1 file / 1024MiB)
readwrite: Laying out IO file (1 file / 1024MiB)
readwrite: Laying out IO file (1 file / 1024MiB)
readwrite: Laying out IO file (1 file / 1024MiB)
readwrite: Laying out IO file (1 file / 1024MiB)
readwrite: Laying out IO file (1 file / 1024MiB)
readwrite: Laying out IO file (1 file / 1024MiB)
readwrite: Laying out IO file (1 file / 1024MiB)
readwrite: Laying out IO file (1 file / 1024MiB)
readwrite: Laying out IO file (1 file / 1024MiB)
readwrite: Laying out IO file (1 file / 1024MiB)
readwrite: Laying out IO file (1 file / 1024MiB)
readwrite: Laying out IO file (1 file / 1024MiB)
readwrite: Laying out IO file (1 file / 1024MiB)
readwrite: Laying out IO file (1 file / 1024MiB)
readwrite: Laying out IO file (1 file / 1024MiB)

readwrite: (groupid=0, jobs=32): err= 0: pid=25174: Wed Jul 21 18:59:27 2021
  read: IOPS=35.5k, BW=139MiB/s (145MB/s)(40.6GiB/300251msec)
    slat (usec): min=7, max=2489.5k, avg=799.93, stdev=12134.34
    clat (usec): min=14, max=32819k, avg=116006.56, stdev=1166399.45
     lat (usec): min=178, max=32949k, avg=116807.23, stdev=1174720.20
    clat percentiles (msec):
     |  1.00th=[   12],  5.00th=[   13], 10.00th=[   13], 20.00th=[   14],
     | 30.00th=[   14], 40.00th=[   14], 50.00th=[   14], 60.00th=[   14],
     | 70.00th=[   15], 80.00th=[   15], 90.00th=[   16], 95.00th=[   18],
     | 99.00th=[ 1200], 99.50th=[ 8926], 99.90th=[17113], 99.95th=[17113],
     | 99.99th=[17113]
   bw (  KiB/s): min=  256, max=757029, per=100.00%, avg=148741.34, stdev=9421.63, samples=17826
   iops        : min=   64, max=189256, avg=37184.99, stdev=2355.39, samples=17826
  write: IOPS=35.5k, BW=139MiB/s (145MB/s)(40.7GiB/300251msec); 0 zone resets
    slat (usec): min=68, max=245775, avg=80.32, stdev=158.09
    clat (usec): min=11, max=32682k, avg=113649.74, stdev=1151426.81
     lat (usec): min=83, max=32682k, avg=113731.17, stdev=1151429.23
    clat percentiles (msec):
     |  1.00th=[   12],  5.00th=[   13], 10.00th=[   13], 20.00th=[   14],
     | 30.00th=[   14], 40.00th=[   14], 50.00th=[   14], 60.00th=[   14],
     | 70.00th=[   15], 80.00th=[   15], 90.00th=[   16], 95.00th=[   18],
     | 99.00th=[  919], 99.50th=[ 8792], 99.90th=[17113], 99.95th=[17113],
     | 99.99th=[17113]
   bw (  KiB/s): min=  256, max=751385, per=100.00%, avg=148623.17, stdev=9427.25, samples=17837
   iops        : min=   64, max=187845, avg=37155.45, stdev=2356.79, samples=17837
  lat (usec)   : 20=0.01%, 50=0.01%, 100=0.01%, 250=0.01%, 500=0.01%
  lat (usec)   : 750=0.01%, 1000=0.01%
  lat (msec)   : 2=0.01%, 4=0.01%, 10=0.01%, 20=97.69%, 50=1.02%
  lat (msec)   : 100=0.10%, 250=0.05%, 500=0.05%, 750=0.04%, 1000=0.05%
  lat (msec)   : 2000=0.06%, >=2000=0.95%
  cpu          : usr=2.10%, sys=10.68%, ctx=98833, majf=0, minf=1419
  IO depths    : 1=0.1%, 2=0.1%, 4=0.1%, 8=0.1%, 16=0.1%, 32=0.1%, >=64=100.0%
     submit    : 0=0.0%, 4=100.0%, 8=0.0%, 16=0.0%, 32=0.0%, 64=0.0%, >=64=0.0%
     complete  : 0=0.0%, 4=100.0%, 8=0.0%, 16=0.0%, 32=0.0%, 64=0.0%, >=64=0.1%
     issued rwts: total=10655084,10657251,0,0 short=0,0,0,0 dropped=0,0,0,0
     latency   : target=0, window=0, percentile=100.00%, depth=256

Run status group 0 (all jobs):
   READ: bw=139MiB/s (145MB/s), 139MiB/s-139MiB/s (145MB/s-145MB/s), io=40.6GiB (43.6GB), run=300251-300251msec
  WRITE: bw=139MiB/s (145MB/s), 139MiB/s-139MiB/s (145MB/s-145MB/s), io=40.7GiB (43.7GB), run=300251-300251msec
