test: (g=0): rw=randread, bs=(R) 4096B-4096B, (W) 4096B-4096B, (T) 4096B-4096B, ioengine=libaio, iodepth=256
...
fio-3.27
Starting 64 processes
rand-read: Laying out IO file (1 file / 1024MiB)
rand-read: Laying out IO file (1 file / 1024MiB)
rand-read: Laying out IO file (1 file / 1024MiB)
rand-read: Laying out IO file (1 file / 1024MiB)
rand-read: Laying out IO file (1 file / 1024MiB)
rand-read: Laying out IO file (1 file / 1024MiB)
rand-read: Laying out IO file (1 file / 1024MiB)
rand-read: Laying out IO file (1 file / 1024MiB)
rand-read: Laying out IO file (1 file / 1024MiB)
rand-read: Laying out IO file (1 file / 1024MiB)
rand-read: Laying out IO file (1 file / 1024MiB)
rand-read: Laying out IO file (1 file / 1024MiB)
rand-read: Laying out IO file (1 file / 1024MiB)
rand-read: Laying out IO file (1 file / 1024MiB)
rand-read: Laying out IO file (1 file / 1024MiB)
rand-read: Laying out IO file (1 file / 1024MiB)
rand-read: Laying out IO file (1 file / 1024MiB)
rand-read: Laying out IO file (1 file / 1024MiB)
rand-read: Laying out IO file (1 file / 1024MiB)
rand-read: Laying out IO file (1 file / 1024MiB)
rand-read: Laying out IO file (1 file / 1024MiB)
rand-read: Laying out IO file (1 file / 1024MiB)
rand-read: Laying out IO file (1 file / 1024MiB)
rand-read: Laying out IO file (1 file / 1024MiB)
rand-read: Laying out IO file (1 file / 1024MiB)
rand-read: Laying out IO file (1 file / 1024MiB)
rand-read: Laying out IO file (1 file / 1024MiB)
rand-read: Laying out IO file (1 file / 1024MiB)
rand-read: Laying out IO file (1 file / 1024MiB)
rand-read: Laying out IO file (1 file / 1024MiB)
rand-read: Laying out IO file (1 file / 1024MiB)
rand-read: Laying out IO file (1 file / 1024MiB)

test: (groupid=0, jobs=64): err= 0: pid=144475: Mon Jul 19 19:16:36 2021
  read: IOPS=3161, BW=12.3MiB/s (12.9MB/s)(3706MiB/300078msec)
    slat (usec): min=512, max=508585, avg=20211.69, stdev=19563.14
    clat (usec): min=14, max=10564k, avg=5125095.67, stdev=1317655.29
     lat (msec): min=4, max=10602, avg=5145.31, stdev=1322.15
    clat percentiles (msec):
     |  1.00th=[ 3171],  5.00th=[ 3507], 10.00th=[ 3641], 20.00th=[ 3876],
     | 30.00th=[ 4329], 40.00th=[ 4665], 50.00th=[ 5000], 60.00th=[ 5336],
     | 70.00th=[ 5604], 80.00th=[ 6074], 90.00th=[ 7080], 95.00th=[ 7752],
     | 99.00th=[ 8557], 99.50th=[ 8792], 99.90th=[ 9463], 99.95th=[ 9731],
     | 99.99th=[10134]
   bw (  KiB/s): min= 3664, max=21008, per=99.67%, avg=12605.22, stdev=45.59, samples=37812
   iops        : min=  916, max= 5252, avg=3151.31, stdev=11.40, samples=37812
  lat (usec)   : 20=0.01%, 50=0.01%
  lat (msec)   : 10=0.01%, 20=0.01%, 50=0.01%, 100=0.02%, 250=0.04%
  lat (msec)   : 500=0.07%, 750=0.07%, 1000=0.07%, 2000=0.27%, >=2000=99.44%
  cpu          : usr=0.14%, sys=0.90%, ctx=949406, majf=0, minf=18878
  IO depths    : 1=0.1%, 2=0.1%, 4=0.1%, 8=0.1%, 16=0.1%, 32=0.2%, >=64=99.6%
     submit    : 0=0.0%, 4=100.0%, 8=0.0%, 16=0.0%, 32=0.0%, 64=0.0%, >=64=0.0%
     complete  : 0=0.0%, 4=100.0%, 8=0.0%, 16=0.0%, 32=0.0%, 64=0.0%, >=64=0.1%
     issued rwts: total=948771,0,0,0 short=0,0,0,0 dropped=0,0,0,0
     latency   : target=0, window=0, percentile=100.00%, depth=256

Run status group 0 (all jobs):
   READ: bw=12.3MiB/s (12.9MB/s), 12.3MiB/s-12.3MiB/s (12.9MB/s-12.9MB/s), io=3706MiB (3886MB), run=300078-300078msec
