test: (g=0): rw=randread, bs=(R) 4096B-4096B, (W) 4096B-4096B, (T) 4096B-4096B, ioengine=libaio, iodepth=256
...
fio-3.27
Starting 4 processes
rand-read: Laying out IO file (1 file / 1024MiB)
rand-read: Laying out IO file (1 file / 1024MiB)

test: (groupid=0, jobs=4): err= 0: pid=126890: Tue Jul 20 10:17:11 2021
  read: IOPS=537, BW=2149KiB/s (2200kB/s)(629MiB/300010msec)
    slat (usec): min=470, max=80918, avg=7423.79, stdev=5026.83
    clat (usec): min=15, max=2212.9k, avg=1893140.56, stdev=122173.36
     lat (msec): min=6, max=2221, avg=1900.57, stdev=122.30
    clat percentiles (msec):
     |  1.00th=[ 1703],  5.00th=[ 1754], 10.00th=[ 1787], 20.00th=[ 1821],
     | 30.00th=[ 1854], 40.00th=[ 1871], 50.00th=[ 1905], 60.00th=[ 1921],
     | 70.00th=[ 1938], 80.00th=[ 1972], 90.00th=[ 2005], 95.00th=[ 2039],
     | 99.00th=[ 2106], 99.50th=[ 2123], 99.90th=[ 2165], 99.95th=[ 2198],
     | 99.99th=[ 2198]
   bw (  KiB/s): min=  520, max= 2704, per=99.88%, avg=2146.35, stdev=49.00, samples=2386
   iops        : min=  130, max=  676, avg=536.41, stdev=12.24, samples=2386
  lat (usec)   : 20=0.01%, 50=0.01%
  lat (msec)   : 10=0.01%, 20=0.01%, 50=0.01%, 100=0.02%, 250=0.05%
  lat (msec)   : 500=0.08%, 750=0.08%, 1000=0.09%, 2000=87.83%, >=2000=11.83%
  cpu          : usr=0.36%, sys=2.23%, ctx=161191, majf=0, minf=1182
  IO depths    : 1=0.1%, 2=0.1%, 4=0.1%, 8=0.1%, 16=0.1%, 32=0.1%, >=64=99.8%
     submit    : 0=0.0%, 4=100.0%, 8=0.0%, 16=0.0%, 32=0.0%, 64=0.0%, >=64=0.0%
     complete  : 0=0.0%, 4=100.0%, 8=0.0%, 16=0.0%, 32=0.0%, 64=0.0%, >=64=0.1%
     issued rwts: total=161144,0,0,0 short=0,0,0,0 dropped=0,0,0,0
     latency   : target=0, window=0, percentile=100.00%, depth=256

Run status group 0 (all jobs):
   READ: bw=2149KiB/s (2200kB/s), 2149KiB/s-2149KiB/s (2200kB/s-2200kB/s), io=629MiB (660MB), run=300010-300010msec
