test: (g=0): rw=randread, bs=(R) 4096B-4096B, (W) 4096B-4096B, (T) 4096B-4096B, ioengine=libaio, iodepth=256
...
fio-3.27
Starting 2 processes
rand-read: Laying out IO file (1 file / 1024MiB)

test: (groupid=0, jobs=2): err= 0: pid=173263: Mon Jul 19 21:55:06 2021
  read: IOPS=300, BW=1202KiB/s (1231kB/s)(352MiB/300058msec)
    slat (usec): min=457, max=94144, avg=6636.32, stdev=4482.34
    clat (usec): min=18, max=1974.5k, avg=1692837.59, stdev=101193.27
     lat (msec): min=4, max=1978, avg=1699.48, stdev=101.28
    clat percentiles (msec):
     |  1.00th=[ 1519],  5.00th=[ 1569], 10.00th=[ 1603], 20.00th=[ 1636],
     | 30.00th=[ 1653], 40.00th=[ 1687], 50.00th=[ 1703], 60.00th=[ 1720],
     | 70.00th=[ 1737], 80.00th=[ 1754], 90.00th=[ 1787], 95.00th=[ 1821],
     | 99.00th=[ 1871], 99.50th=[ 1888], 99.90th=[ 1938], 99.95th=[ 1955],
     | 99.99th=[ 1972]
   bw (  KiB/s): min=  680, max= 1472, per=99.94%, avg=1201.50, stdev=48.83, samples=1193
   iops        : min=  170, max=  368, avg=300.28, stdev=12.21, samples=1193
  lat (usec)   : 20=0.01%, 50=0.01%
  lat (msec)   : 10=0.01%, 20=0.01%, 50=0.01%, 100=0.01%, 250=0.05%
  lat (msec)   : 500=0.08%, 750=0.08%, 1000=0.08%, 2000=99.69%
  cpu          : usr=0.35%, sys=2.27%, ctx=90159, majf=0, minf=590
  IO depths    : 1=0.1%, 2=0.1%, 4=0.1%, 8=0.1%, 16=0.1%, 32=0.1%, >=64=99.9%
     submit    : 0=0.0%, 4=100.0%, 8=0.0%, 16=0.0%, 32=0.0%, 64=0.0%, >=64=0.0%
     complete  : 0=0.0%, 4=100.0%, 8=0.0%, 16=0.0%, 32=0.0%, 64=0.0%, >=64=0.1%
     issued rwts: total=90143,0,0,0 short=0,0,0,0 dropped=0,0,0,0
     latency   : target=0, window=0, percentile=100.00%, depth=256

Run status group 0 (all jobs):
   READ: bw=1202KiB/s (1231kB/s), 1202KiB/s-1202KiB/s (1231kB/s-1231kB/s), io=352MiB (369MB), run=300058-300058msec
