readwrite: (g=0): rw=rw, bs=(R) 4096B-4096B, (W) 4096B-4096B, (T) 4096B-4096B, ioengine=libaio, iodepth=256
...
fio-3.27
Starting 16 processes
readwrite: Laying out IO file (1 file / 1024MiB)
readwrite: Laying out IO file (1 file / 1024MiB)
readwrite: Laying out IO file (1 file / 1024MiB)
readwrite: Laying out IO file (1 file / 1024MiB)
readwrite: Laying out IO file (1 file / 1024MiB)
readwrite: Laying out IO file (1 file / 1024MiB)
readwrite: Laying out IO file (1 file / 1024MiB)
readwrite: Laying out IO file (1 file / 1024MiB)

readwrite: (groupid=0, jobs=16): err= 0: pid=56815: Wed Jul 21 18:48:41 2021
  read: IOPS=27.8k, BW=109MiB/s (114MB/s)(31.9GiB/300212msec)
    slat (usec): min=7, max=980892, avg=474.23, stdev=7779.91
    clat (usec): min=16, max=31416k, avg=73477.44, stdev=785004.88
     lat (usec): min=106, max=31500k, avg=73952.39, stdev=790722.87
    clat percentiles (msec):
     |  1.00th=[   12],  5.00th=[   13], 10.00th=[   13], 20.00th=[   14],
     | 30.00th=[   14], 40.00th=[   14], 50.00th=[   14], 60.00th=[   14],
     | 70.00th=[   15], 80.00th=[   15], 90.00th=[   15], 95.00th=[   16],
     | 99.00th=[  447], 99.50th=[ 4329], 99.90th=[12953], 99.95th=[16845],
     | 99.99th=[17113]
   bw (  KiB/s): min=  136, max=522944, per=100.00%, avg=114029.75, stdev=11534.55, samples=9267
   iops        : min=   34, max=130736, avg=28507.42, stdev=2883.64, samples=9267
  write: IOPS=27.8k, BW=109MiB/s (114MB/s)(31.9GiB/300212msec); 0 zone resets
    slat (usec): min=68, max=426030, avg=79.46, stdev=213.92
    clat (usec): min=11, max=31268k, avg=72972.24, stdev=781326.09
     lat (usec): min=89, max=31268k, avg=73052.80, stdev=781328.21
    clat percentiles (msec):
     |  1.00th=[   12],  5.00th=[   13], 10.00th=[   13], 20.00th=[   14],
     | 30.00th=[   14], 40.00th=[   14], 50.00th=[   14], 60.00th=[   14],
     | 70.00th=[   15], 80.00th=[   15], 90.00th=[   15], 95.00th=[   16],
     | 99.00th=[  368], 99.50th=[ 4329], 99.90th=[12818], 99.95th=[16845],
     | 99.99th=[17113]
   bw (  KiB/s): min=  128, max=519760, per=100.00%, avg=113700.30, stdev=11544.04, samples=9275
   iops        : min=   32, max=129940, avg=28425.07, stdev=2886.01, samples=9275
  lat (usec)   : 20=0.01%, 50=0.01%, 100=0.01%, 250=0.01%, 500=0.01%
  lat (usec)   : 750=0.01%, 1000=0.01%
  lat (msec)   : 2=0.01%, 4=0.01%, 10=0.01%, 20=98.10%, 50=0.76%
  lat (msec)   : 100=0.07%, 250=0.05%, 500=0.04%, 750=0.02%, 1000=0.06%
  lat (msec)   : 2000=0.12%, >=2000=0.78%
  cpu          : usr=3.28%, sys=16.45%, ctx=75710, majf=0, minf=713
  IO depths    : 1=0.1%, 2=0.1%, 4=0.1%, 8=0.1%, 16=0.1%, 32=0.1%, >=64=100.0%
     submit    : 0=0.0%, 4=100.0%, 8=0.0%, 16=0.0%, 32=0.0%, 64=0.0%, >=64=0.0%
     complete  : 0=0.0%, 4=100.0%, 8=0.0%, 16=0.0%, 32=0.0%, 64=0.0%, >=64=0.1%
     issued rwts: total=8357094,8359002,0,0 short=0,0,0,0 dropped=0,0,0,0
     latency   : target=0, window=0, percentile=100.00%, depth=256

Run status group 0 (all jobs):
   READ: bw=109MiB/s (114MB/s), 109MiB/s-109MiB/s (114MB/s-114MB/s), io=31.9GiB (34.2GB), run=300212-300212msec
  WRITE: bw=109MiB/s (114MB/s), 109MiB/s-109MiB/s (114MB/s-114MB/s), io=31.9GiB (34.2GB), run=300212-300212msec
