readwrite: (g=0): rw=rw, bs=(R) 4096B-4096B, (W) 4096B-4096B, (T) 4096B-4096B, ioengine=libaio, iodepth=256
...
fio-3.27
Starting 64 processes
readwrite: Laying out IO file (1 file / 1024MiB)
readwrite: Laying out IO file (1 file / 1024MiB)
readwrite: Laying out IO file (1 file / 1024MiB)
readwrite: Laying out IO file (1 file / 1024MiB)
readwrite: Laying out IO file (1 file / 1024MiB)
readwrite: Laying out IO file (1 file / 1024MiB)
readwrite: Laying out IO file (1 file / 1024MiB)
readwrite: Laying out IO file (1 file / 1024MiB)
readwrite: Laying out IO file (1 file / 1024MiB)
readwrite: Laying out IO file (1 file / 1024MiB)
readwrite: Laying out IO file (1 file / 1024MiB)
readwrite: Laying out IO file (1 file / 1024MiB)
readwrite: Laying out IO file (1 file / 1024MiB)
readwrite: Laying out IO file (1 file / 1024MiB)
readwrite: Laying out IO file (1 file / 1024MiB)
readwrite: Laying out IO file (1 file / 1024MiB)
readwrite: Laying out IO file (1 file / 1024MiB)
readwrite: Laying out IO file (1 file / 1024MiB)
readwrite: Laying out IO file (1 file / 1024MiB)
readwrite: Laying out IO file (1 file / 1024MiB)
readwrite: Laying out IO file (1 file / 1024MiB)
readwrite: Laying out IO file (1 file / 1024MiB)
readwrite: Laying out IO file (1 file / 1024MiB)
readwrite: Laying out IO file (1 file / 1024MiB)
readwrite: Laying out IO file (1 file / 1024MiB)
readwrite: Laying out IO file (1 file / 1024MiB)
readwrite: Laying out IO file (1 file / 1024MiB)
readwrite: Laying out IO file (1 file / 1024MiB)
readwrite: Laying out IO file (1 file / 1024MiB)
readwrite: Laying out IO file (1 file / 1024MiB)
readwrite: Laying out IO file (1 file / 1024MiB)
readwrite: Laying out IO file (1 file / 1024MiB)

readwrite: (groupid=0, jobs=64): err= 0: pid=52399: Wed Jul 21 19:16:03 2021
  read: IOPS=18.8k, BW=73.6MiB/s (77.2MB/s)(21.6GiB/300063msec)
    slat (usec): min=7, max=18277k, avg=3290.20, stdev=61492.12
    clat (usec): min=10, max=86267k, avg=430760.90, stdev=3609337.02
     lat (usec): min=20, max=86579k, avg=434051.87, stdev=3635272.10
    clat percentiles (msec):
     |  1.00th=[   13],  5.00th=[   13], 10.00th=[   13], 20.00th=[   14],
     | 30.00th=[   14], 40.00th=[   14], 50.00th=[   15], 60.00th=[   15],
     | 70.00th=[   15], 80.00th=[   16], 90.00th=[   17], 95.00th=[   20],
     | 99.00th=[17113], 99.50th=[17113], 99.90th=[17113], 99.95th=[17113],
     | 99.99th=[17113]
   bw (  KiB/s): min=  512, max=915798, per=100.00%, avg=87699.33, stdev=6072.21, samples=26012
   iops        : min=  128, max=228942, avg=21924.31, stdev=1518.03, samples=26012
  write: IOPS=18.8k, BW=73.6MiB/s (77.1MB/s)(21.6GiB/300063msec); 0 zone resets
    slat (usec): min=68, max=6992.5k, avg=85.33, stdev=3024.15
    clat (usec): min=12, max=86485k, avg=410275.43, stdev=3503293.58
     lat (usec): min=88, max=86486k, avg=410361.89, stdev=3503297.62
    clat percentiles (msec):
     |  1.00th=[   13],  5.00th=[   13], 10.00th=[   13], 20.00th=[   14],
     | 30.00th=[   14], 40.00th=[   14], 50.00th=[   15], 60.00th=[   15],
     | 70.00th=[   15], 80.00th=[   16], 90.00th=[   17], 95.00th=[   20],
     | 99.00th=[17113], 99.50th=[17113], 99.90th=[17113], 99.95th=[17113],
     | 99.99th=[17113]
   bw (  KiB/s): min=  512, max=915598, per=100.00%, avg=87866.95, stdev=6115.76, samples=25686
   iops        : min=  128, max=228891, avg=21966.23, stdev=1528.91, samples=25686
  lat (usec)   : 20=0.01%, 50=0.01%, 100=0.01%, 250=0.01%, 500=0.01%
  lat (usec)   : 750=0.01%, 1000=0.01%
  lat (msec)   : 2=0.01%, 4=0.01%, 10=0.01%, 20=96.11%, 50=1.19%
  lat (msec)   : 100=0.12%, 250=0.19%, 500=0.26%, 750=0.18%, 1000=0.10%
  lat (msec)   : 2000=0.13%, >=2000=1.72%
  cpu          : usr=0.57%, sys=2.96%, ctx=104776, majf=0, minf=2854
  IO depths    : 1=0.1%, 2=0.1%, 4=0.1%, 8=0.1%, 16=0.1%, 32=0.1%, >=64=100.0%
     submit    : 0=0.0%, 4=100.0%, 8=0.0%, 16=0.0%, 32=0.0%, 64=0.0%, >=64=0.0%
     complete  : 0=0.0%, 4=100.0%, 8=0.0%, 16=0.0%, 32=0.0%, 64=0.0%, >=64=0.1%
     issued rwts: total=5653201,5650357,0,0 short=0,0,0,0 dropped=0,0,0,0
     latency   : target=0, window=0, percentile=100.00%, depth=256

Run status group 0 (all jobs):
   READ: bw=73.6MiB/s (77.2MB/s), 73.6MiB/s-73.6MiB/s (77.2MB/s-77.2MB/s), io=21.6GiB (23.2GB), run=300063-300063msec
  WRITE: bw=73.6MiB/s (77.1MB/s), 73.6MiB/s-73.6MiB/s (77.1MB/s-77.1MB/s), io=21.6GiB (23.1GB), run=300063-300063msec
