readwrite: (g=0): rw=rw, bs=(R) 4096B-4096B, (W) 4096B-4096B, (T) 4096B-4096B, ioengine=libaio, iodepth=256
...
fio-3.27
Starting 64 processes
readwrite: Laying out IO file (1 file / 1024MiB)
readwrite: Laying out IO file (1 file / 1024MiB)
readwrite: Laying out IO file (1 file / 1024MiB)
readwrite: Laying out IO file (1 file / 1024MiB)
readwrite: Laying out IO file (1 file / 1024MiB)
readwrite: Laying out IO file (1 file / 1024MiB)
readwrite: Laying out IO file (1 file / 1024MiB)
readwrite: Laying out IO file (1 file / 1024MiB)
readwrite: Laying out IO file (1 file / 1024MiB)
readwrite: Laying out IO file (1 file / 1024MiB)
readwrite: Laying out IO file (1 file / 1024MiB)
readwrite: Laying out IO file (1 file / 1024MiB)
readwrite: Laying out IO file (1 file / 1024MiB)
readwrite: Laying out IO file (1 file / 1024MiB)
readwrite: Laying out IO file (1 file / 1024MiB)
readwrite: Laying out IO file (1 file / 1024MiB)
readwrite: Laying out IO file (1 file / 1024MiB)
readwrite: Laying out IO file (1 file / 1024MiB)
readwrite: Laying out IO file (1 file / 1024MiB)
readwrite: Laying out IO file (1 file / 1024MiB)
readwrite: Laying out IO file (1 file / 1024MiB)
readwrite: Laying out IO file (1 file / 1024MiB)
readwrite: Laying out IO file (1 file / 1024MiB)
readwrite: Laying out IO file (1 file / 1024MiB)
readwrite: Laying out IO file (1 file / 1024MiB)
readwrite: Laying out IO file (1 file / 1024MiB)
readwrite: Laying out IO file (1 file / 1024MiB)
readwrite: Laying out IO file (1 file / 1024MiB)
readwrite: Laying out IO file (1 file / 1024MiB)
readwrite: Laying out IO file (1 file / 1024MiB)
readwrite: Laying out IO file (1 file / 1024MiB)
readwrite: Laying out IO file (1 file / 1024MiB)

readwrite: (groupid=0, jobs=64): err= 0: pid=154671: Wed Jul 21 20:16:01 2021
  read: IOPS=18.5k, BW=72.3MiB/s (75.8MB/s)(21.2GiB/300236msec)
    slat (usec): min=7, max=5331.9k, avg=3337.67, stdev=39164.19
    clat (usec): min=18, max=69994k, avg=443290.82, stdev=3296102.74
     lat (usec): min=662, max=70340k, avg=446629.27, stdev=3319692.41
    clat percentiles (msec):
     |  1.00th=[   13],  5.00th=[   13], 10.00th=[   14], 20.00th=[   14],
     | 30.00th=[   14], 40.00th=[   15], 50.00th=[   15], 60.00th=[   15],
     | 70.00th=[   16], 80.00th=[   16], 90.00th=[   17], 95.00th=[   21],
     | 99.00th=[17113], 99.50th=[17113], 99.90th=[17113], 99.95th=[17113],
     | 99.99th=[17113]
   bw (  KiB/s): min=  512, max=932378, per=100.00%, avg=85503.89, stdev=5453.49, samples=30092
   iops        : min=  128, max=233092, avg=21375.75, stdev=1363.36, samples=30092
  write: IOPS=18.5k, BW=72.2MiB/s (75.7MB/s)(21.2GiB/300236msec); 0 zone resets
    slat (usec): min=68, max=1448.9k, avg=98.58, stdev=2014.14
    clat (usec): min=12, max=70134k, avg=422862.88, stdev=3205964.42
     lat (usec): min=643, max=70134k, avg=422962.57, stdev=3206000.98
    clat percentiles (msec):
     |  1.00th=[   13],  5.00th=[   13], 10.00th=[   14], 20.00th=[   14],
     | 30.00th=[   14], 40.00th=[   15], 50.00th=[   15], 60.00th=[   15],
     | 70.00th=[   16], 80.00th=[   16], 90.00th=[   17], 95.00th=[   21],
     | 99.00th=[17113], 99.50th=[17113], 99.90th=[17113], 99.95th=[17113],
     | 99.99th=[17113]
   bw (  KiB/s): min=  512, max=931665, per=100.00%, avg=86229.15, stdev=5469.12, samples=29678
   iops        : min=  128, max=232913, avg=21557.04, stdev=1367.27, samples=29678
  lat (usec)   : 20=0.01%, 50=0.01%, 750=0.01%
  lat (msec)   : 2=0.01%, 4=0.01%, 10=0.01%, 20=94.97%, 50=1.77%
  lat (msec)   : 100=0.44%, 250=0.44%, 500=0.14%, 750=0.11%, 1000=0.06%
  lat (msec)   : 2000=0.09%, >=2000=1.97%
  cpu          : usr=0.56%, sys=2.95%, ctx=92307, majf=0, minf=2788
  IO depths    : 1=0.1%, 2=0.1%, 4=0.1%, 8=0.1%, 16=0.1%, 32=0.1%, >=64=100.0%
     submit    : 0=0.0%, 4=100.0%, 8=0.0%, 16=0.0%, 32=0.0%, 64=0.0%, >=64=0.0%
     complete  : 0=0.0%, 4=100.0%, 8=0.0%, 16=0.0%, 32=0.0%, 64=0.0%, >=64=0.1%
     issued rwts: total=5555719,5550121,0,0 short=0,0,0,0 dropped=0,0,0,0
     latency   : target=0, window=0, percentile=100.00%, depth=256

Run status group 0 (all jobs):
   READ: bw=72.3MiB/s (75.8MB/s), 72.3MiB/s-72.3MiB/s (75.8MB/s-75.8MB/s), io=21.2GiB (22.8GB), run=300236-300236msec
  WRITE: bw=72.2MiB/s (75.7MB/s), 72.2MiB/s-72.2MiB/s (75.7MB/s-75.7MB/s), io=21.2GiB (22.7GB), run=300236-300236msec
