readwrite: (g=0): rw=rw, bs=(R) 4096B-4096B, (W) 4096B-4096B, (T) 4096B-4096B, ioengine=libaio, iodepth=256
...
fio-3.27
Starting 8 processes
readwrite: Laying out IO file (1 file / 1024MiB)
readwrite: Laying out IO file (1 file / 1024MiB)
readwrite: Laying out IO file (1 file / 1024MiB)
readwrite: Laying out IO file (1 file / 1024MiB)

readwrite: (groupid=0, jobs=8): err= 0: pid=123514: Wed Jul 21 19:40:19 2021
  read: IOPS=21.2k, BW=82.8MiB/s (86.8MB/s)(24.2GiB/300006msec)
    slat (usec): min=7, max=785360, avg=277.77, stdev=4970.69
    clat (usec): min=10, max=19913k, avg=48233.40, stdev=436515.59
     lat (usec): min=22, max=19988k, avg=48511.90, stdev=439560.62
    clat percentiles (msec):
     |  1.00th=[   12],  5.00th=[   13], 10.00th=[   13], 20.00th=[   14],
     | 30.00th=[   14], 40.00th=[   14], 50.00th=[   14], 60.00th=[   14],
     | 70.00th=[   15], 80.00th=[   15], 90.00th=[   15], 95.00th=[   17],
     | 99.00th=[  919], 99.50th=[ 2366], 99.90th=[ 6342], 99.95th=[ 9463],
     | 99.99th=[15368]
   bw (  KiB/s): min=   64, max=324489, per=100.00%, avg=86327.98, stdev=13916.63, samples=4704
   iops        : min=   16, max=81122, avg=21581.86, stdev=3479.14, samples=4704
  write: IOPS=21.2k, BW=82.8MiB/s (86.8MB/s)(24.3GiB/300006msec); 0 zone resets
    slat (usec): min=68, max=250381, avg=78.85, stdev=185.48
    clat (usec): min=12, max=19937k, avg=47943.63, stdev=434721.64
     lat (usec): min=92, max=19937k, avg=48023.56, stdev=434723.51
    clat percentiles (msec):
     |  1.00th=[   12],  5.00th=[   13], 10.00th=[   13], 20.00th=[   14],
     | 30.00th=[   14], 40.00th=[   14], 50.00th=[   14], 60.00th=[   14],
     | 70.00th=[   15], 80.00th=[   15], 90.00th=[   15], 95.00th=[   17],
     | 99.00th=[  894], 99.50th=[ 2366], 99.90th=[ 6275], 99.95th=[ 9463],
     | 99.99th=[15368]
   bw (  KiB/s): min=   64, max=321768, per=100.00%, avg=86468.60, stdev=13891.65, samples=4708
   iops        : min=   16, max=80442, avg=21617.03, stdev=3472.90, samples=4708
  lat (usec)   : 20=0.01%, 50=0.01%, 250=0.01%, 500=0.01%, 750=0.01%
  lat (usec)   : 1000=0.01%
  lat (msec)   : 2=0.01%, 4=0.01%, 10=0.01%, 20=97.47%, 50=1.24%
  lat (msec)   : 100=0.06%, 250=0.06%, 500=0.05%, 750=0.05%, 1000=0.10%
  lat (msec)   : 2000=0.37%, >=2000=0.60%
  cpu          : usr=4.95%, sys=25.33%, ctx=68363, majf=0, minf=364
  IO depths    : 1=0.1%, 2=0.1%, 4=0.1%, 8=0.1%, 16=0.1%, 32=0.1%, >=64=100.0%
     submit    : 0=0.0%, 4=100.0%, 8=0.0%, 16=0.0%, 32=0.0%, 64=0.0%, >=64=0.0%
     complete  : 0=0.0%, 4=100.0%, 8=0.0%, 16=0.0%, 32=0.0%, 64=0.0%, >=64=0.1%
     issued rwts: total=6357131,6357732,0,0 short=0,0,0,0 dropped=0,0,0,0
     latency   : target=0, window=0, percentile=100.00%, depth=256

Run status group 0 (all jobs):
   READ: bw=82.8MiB/s (86.8MB/s), 82.8MiB/s-82.8MiB/s (86.8MB/s-86.8MB/s), io=24.2GiB (26.0GB), run=300006-300006msec
  WRITE: bw=82.8MiB/s (86.8MB/s), 82.8MiB/s-82.8MiB/s (86.8MB/s-86.8MB/s), io=24.3GiB (26.0GB), run=300006-300006msec
