test: (g=0): rw=randread, bs=(R) 4096B-4096B, (W) 4096B-4096B, (T) 4096B-4096B, ioengine=libaio, iodepth=256
...
fio-3.27
Starting 8 processes
rand-read: Laying out IO file (1 file / 1024MiB)
rand-read: Laying out IO file (1 file / 1024MiB)
rand-read: Laying out IO file (1 file / 1024MiB)
rand-read: Laying out IO file (1 file / 1024MiB)

test: (groupid=0, jobs=8): err= 0: pid=160118: Mon Jul 19 19:17:41 2021
  read: IOPS=517, BW=2069KiB/s (2119kB/s)(606MiB/300011msec)
    slat (usec): min=461, max=409739, avg=15442.22, stdev=13531.23
    clat (usec): min=14, max=5821.8k, avg=3919274.94, stdev=804788.23
     lat (msec): min=7, max=5848, avg=3934.72, stdev=807.47
    clat percentiles (msec):
     |  1.00th=[ 2366],  5.00th=[ 2702], 10.00th=[ 2903], 20.00th=[ 3306],
     | 30.00th=[ 3473], 40.00th=[ 3608], 50.00th=[ 3742], 60.00th=[ 3977],
     | 70.00th=[ 4530], 80.00th=[ 4799], 90.00th=[ 5000], 95.00th=[ 5134],
     | 99.00th=[ 5403], 99.50th=[ 5470], 99.90th=[ 5604], 99.95th=[ 5671],
     | 99.99th=[ 5738]
   bw (  KiB/s): min=  800, max= 3992, per=99.85%, avg=2066.89, stdev=63.35, samples=4736
   iops        : min=  200, max=  998, avg=516.72, stdev=15.84, samples=4736
  lat (usec)   : 20=0.01%, 50=0.01%
  lat (msec)   : 10=0.01%, 20=0.01%, 50=0.01%, 100=0.03%, 250=0.05%
  lat (msec)   : 500=0.11%, 750=0.09%, 1000=0.09%, 2000=0.38%, >=2000=99.23%
  cpu          : usr=0.17%, sys=1.11%, ctx=155255, majf=0, minf=2361
  IO depths    : 1=0.1%, 2=0.1%, 4=0.1%, 8=0.1%, 16=0.1%, 32=0.2%, >=64=99.7%
     submit    : 0=0.0%, 4=100.0%, 8=0.0%, 16=0.0%, 32=0.0%, 64=0.0%, >=64=0.0%
     complete  : 0=0.0%, 4=100.0%, 8=0.0%, 16=0.0%, 32=0.0%, 64=0.0%, >=64=0.1%
     issued rwts: total=155182,0,0,0 short=0,0,0,0 dropped=0,0,0,0
     latency   : target=0, window=0, percentile=100.00%, depth=256

Run status group 0 (all jobs):
   READ: bw=2069KiB/s (2119kB/s), 2069KiB/s-2069KiB/s (2119kB/s-2119kB/s), io=606MiB (636MB), run=300011-300011msec
