test: (g=0): rw=randread, bs=(R) 4096B-4096B, (W) 4096B-4096B, (T) 4096B-4096B, ioengine=libaio, iodepth=256
fio-3.27
Starting 1 process
test: Laying out IO file (1 file / 1024MiB)

test: (groupid=0, jobs=1): err= 0: pid=180532: Mon Jul 19 21:49:36 2021
  read: IOPS=173, BW=693KiB/s (710kB/s)(203MiB/300046msec)
    slat (usec): min=448, max=85584, avg=5753.11, stdev=4485.15
    clat (usec): min=13, max=1803.2k, avg=1468230.49, stdev=95641.01
     lat (msec): min=54, max=1809, avg=1473.99, stdev=95.76
    clat percentiles (msec):
     |  1.00th=[ 1284],  5.00th=[ 1334], 10.00th=[ 1368], 20.00th=[ 1401],
     | 30.00th=[ 1435], 40.00th=[ 1452], 50.00th=[ 1469], 60.00th=[ 1485],
     | 70.00th=[ 1519], 80.00th=[ 1536], 90.00th=[ 1569], 95.00th=[ 1603],
     | 99.00th=[ 1670], 99.50th=[ 1703], 99.90th=[ 1754], 99.95th=[ 1787],
     | 99.99th=[ 1787]
   bw (  KiB/s): min=  200, max=  888, per=99.85%, avg=692.58, stdev=64.79, samples=597
   iops        : min=   50, max=  222, avg=173.15, stdev=16.20, samples=597
  lat (usec)   : 20=0.01%
  lat (msec)   : 100=0.02%, 250=0.04%, 500=0.08%, 750=0.10%, 1000=0.07%
  lat (msec)   : 2000=99.69%
  cpu          : usr=0.38%, sys=2.43%, ctx=51998, majf=0, minf=292
  IO depths    : 1=0.1%, 2=0.1%, 4=0.1%, 8=0.1%, 16=0.1%, 32=0.1%, >=64=99.9%
     submit    : 0=0.0%, 4=100.0%, 8=0.0%, 16=0.0%, 32=0.0%, 64=0.0%, >=64=0.0%
     complete  : 0=0.0%, 4=100.0%, 8=0.0%, 16=0.0%, 32=0.0%, 64=0.0%, >=64=0.1%
     issued rwts: total=51988,0,0,0 short=0,0,0,0 dropped=0,0,0,0
     latency   : target=0, window=0, percentile=100.00%, depth=256

Run status group 0 (all jobs):
   READ: bw=693KiB/s (710kB/s), 693KiB/s-693KiB/s (710kB/s-710kB/s), io=203MiB (213MB), run=300046-300046msec
