readwrite: (g=0): rw=rw, bs=(R) 4096B-4096B, (W) 4096B-4096B, (T) 4096B-4096B, ioengine=libaio, iodepth=256
...
fio-3.27
Starting 2 processes

readwrite: (groupid=0, jobs=2): err= 0: pid=250633: Wed Jul 21 16:26:45 2021
  read: IOPS=2813, BW=11.0MiB/s (11.5MB/s)(3299MiB/300151msec)
    slat (usec): min=7, max=2068.7k, avg=380.28, stdev=9821.15
    clat (usec): min=12, max=28998k, avg=89520.94, stdev=784550.87
     lat (msec): min=8, max=29052, avg=89.90, stdev=788.41
    clat percentiles (msec):
     |  1.00th=[   12],  5.00th=[   13], 10.00th=[   13], 20.00th=[   14],
     | 30.00th=[   14], 40.00th=[   14], 50.00th=[   14], 60.00th=[   15],
     | 70.00th=[   15], 80.00th=[   19], 90.00th=[   19], 95.00th=[   23],
     | 99.00th=[ 1385], 99.50th=[ 3943], 99.90th=[13624], 99.95th=[16174],
     | 99.99th=[17113]
   bw (  KiB/s): min=   16, max=79649, per=100.00%, avg=12471.59, stdev=11706.37, samples=1091
   iops        : min=    4, max=19912, avg=3117.88, stdev=2926.59, samples=1091
  write: IOPS=2817, BW=11.0MiB/s (11.5MB/s)(3304MiB/300151msec); 0 zone resets
    slat (usec): min=68, max=1092.3k, avg=310.71, stdev=9819.79
    clat (msec): min=8, max=29089, avg=91.24, stdev=812.10
     lat (msec): min=8, max=29090, avg=91.56, stdev=813.97
    clat percentiles (msec):
     |  1.00th=[   12],  5.00th=[   13], 10.00th=[   13], 20.00th=[   14],
     | 30.00th=[   14], 40.00th=[   14], 50.00th=[   14], 60.00th=[   15],
     | 70.00th=[   15], 80.00th=[   19], 90.00th=[   19], 95.00th=[   23],
     | 99.00th=[ 1401], 99.50th=[ 3977], 99.90th=[14160], 99.95th=[16711],
     | 99.99th=[17113]
   bw (  KiB/s): min=   16, max=80057, per=100.00%, avg=12340.50, stdev=11697.54, samples=1103
   iops        : min=    4, max=20014, avg=3085.10, stdev=2924.38, samples=1103
  lat (usec)   : 20=0.01%, 50=0.01%
  lat (msec)   : 10=0.01%, 20=93.79%, 50=1.79%, 100=0.20%, 250=0.56%
  lat (msec)   : 500=1.29%, 750=0.82%, 1000=0.30%, 2000=0.44%, >=2000=0.80%
  cpu          : usr=2.67%, sys=14.42%, ctx=7630, majf=0, minf=89
  IO depths    : 1=0.1%, 2=0.1%, 4=0.1%, 8=0.1%, 16=0.1%, 32=0.1%, >=64=100.0%
     submit    : 0=0.0%, 4=100.0%, 8=0.0%, 16=0.0%, 32=0.0%, 64=0.0%, >=64=0.0%
     complete  : 0=0.0%, 4=100.0%, 8=0.0%, 16=0.0%, 32=0.0%, 64=0.0%, >=64=0.1%
     issued rwts: total=844495,845794,0,0 short=0,0,0,0 dropped=0,0,0,0
     latency   : target=0, window=0, percentile=100.00%, depth=256

Run status group 0 (all jobs):
   READ: bw=11.0MiB/s (11.5MB/s), 11.0MiB/s-11.0MiB/s (11.5MB/s-11.5MB/s), io=3299MiB (3459MB), run=300151-300151msec
  WRITE: bw=11.0MiB/s (11.5MB/s), 11.0MiB/s-11.0MiB/s (11.5MB/s-11.5MB/s), io=3304MiB (3464MB), run=300151-300151msec
