test: (g=0): rw=randread, bs=(R) 4096B-4096B, (W) 4096B-4096B, (T) 4096B-4096B, ioengine=libaio, iodepth=256
...
fio-3.27
Starting 4 processes
rand-read: Laying out IO file (1 file / 1024MiB)
rand-read: Laying out IO file (1 file / 1024MiB)

test: (groupid=0, jobs=4): err= 0: pid=133619: Mon Jul 19 18:34:08 2021
  read: IOPS=6095, BW=23.8MiB/s (25.0MB/s)(7143MiB/300001msec)
    slat (usec): min=10, max=350610, avg=637.31, stdev=609.96
    clat (usec): min=12, max=2211.3k, avg=167001.24, stdev=54778.14
     lat (usec): min=447, max=2237.2k, avg=167640.31, stdev=54954.79
    clat percentiles (msec):
     |  1.00th=[  144],  5.00th=[  150], 10.00th=[  153], 20.00th=[  155],
     | 30.00th=[  157], 40.00th=[  159], 50.00th=[  163], 60.00th=[  165],
     | 70.00th=[  167], 80.00th=[  171], 90.00th=[  178], 95.00th=[  186],
     | 99.00th=[  239], 99.50th=[  347], 99.90th=[ 1250], 99.95th=[ 1368],
     | 99.99th=[ 1838]
   bw (  KiB/s): min= 3712, max=31736, per=100.00%, avg=24502.68, stdev=755.83, samples=2384
   iops        : min=  928, max= 7934, avg=6125.64, stdev=188.96, samples=2384
  lat (usec)   : 20=0.01%, 500=0.01%, 750=0.01%
  lat (msec)   : 2=0.01%, 4=0.01%, 10=0.01%, 20=0.01%, 50=0.01%
  lat (msec)   : 100=0.09%, 250=99.01%, 500=0.54%, 750=0.12%, 1000=0.07%
  lat (msec)   : 2000=0.14%, >=2000=0.01%
  cpu          : usr=2.45%, sys=18.86%, ctx=1825906, majf=0, minf=1179
  IO depths    : 1=0.1%, 2=0.1%, 4=0.1%, 8=0.1%, 16=0.1%, 32=0.1%, >=64=100.0%
     submit    : 0=0.0%, 4=100.0%, 8=0.0%, 16=0.0%, 32=0.0%, 64=0.0%, >=64=0.0%
     complete  : 0=0.0%, 4=100.0%, 8=0.0%, 16=0.0%, 32=0.0%, 64=0.0%, >=64=0.1%
     issued rwts: total=1828648,0,0,0 short=0,0,0,0 dropped=0,0,0,0
     latency   : target=0, window=0, percentile=100.00%, depth=256

Run status group 0 (all jobs):
   READ: bw=23.8MiB/s (25.0MB/s), 23.8MiB/s-23.8MiB/s (25.0MB/s-25.0MB/s), io=7143MiB (7490MB), run=300001-300001msec
