test: (g=0): rw=randread, bs=(R) 4096B-4096B, (W) 4096B-4096B, (T) 4096B-4096B, ioengine=libaio, iodepth=256
...
fio-3.27
Starting 2 processes
rand-read: Laying out IO file (1 file / 1024MiB)

test: (groupid=0, jobs=2): err= 0: pid=139145: Mon Jul 19 18:58:03 2021
  read: IOPS=304, BW=1219KiB/s (1248kB/s)(357MiB/300009msec)
    slat (usec): min=444, max=82578, avg=6542.49, stdev=5459.78
    clat (usec): min=12, max=2155.2k, avg=1668572.14, stdev=215639.75
     lat (msec): min=6, max=2166, avg=1675.12, stdev=216.32
    clat percentiles (msec):
     |  1.00th=[ 1267],  5.00th=[ 1351], 10.00th=[ 1385], 20.00th=[ 1452],
     | 30.00th=[ 1519], 40.00th=[ 1620], 50.00th=[ 1720], 60.00th=[ 1770],
     | 70.00th=[ 1821], 80.00th=[ 1854], 90.00th=[ 1921], 95.00th=[ 1972],
     | 99.00th=[ 2039], 99.50th=[ 2072], 99.90th=[ 2106], 99.95th=[ 2123],
     | 99.99th=[ 2140]
   bw (  KiB/s): min=  528, max= 1760, per=100.00%, avg=1219.01, stdev=91.24, samples=1192
   iops        : min=  132, max=  440, avg=304.75, stdev=22.81, samples=1192
  lat (usec)   : 20=0.01%
  lat (msec)   : 10=0.01%, 20=0.01%, 50=0.01%, 100=0.02%, 250=0.05%
  lat (msec)   : 500=0.09%, 750=0.10%, 1000=0.08%, 2000=97.34%, >=2000=2.30%
  cpu          : usr=0.34%, sys=2.26%, ctx=91452, majf=0, minf=589
  IO depths    : 1=0.1%, 2=0.1%, 4=0.1%, 8=0.1%, 16=0.1%, 32=0.1%, >=64=99.9%
     submit    : 0=0.0%, 4=100.0%, 8=0.0%, 16=0.0%, 32=0.0%, 64=0.0%, >=64=0.0%
     complete  : 0=0.0%, 4=100.0%, 8=0.0%, 16=0.0%, 32=0.0%, 64=0.0%, >=64=0.1%
     issued rwts: total=91431,0,0,0 short=0,0,0,0 dropped=0,0,0,0
     latency   : target=0, window=0, percentile=100.00%, depth=256

Run status group 0 (all jobs):
   READ: bw=1219KiB/s (1248kB/s), 1219KiB/s-1219KiB/s (1248kB/s-1248kB/s), io=357MiB (375MB), run=300009-300009msec
