test: (g=0): rw=randread, bs=(R) 4096B-4096B, (W) 4096B-4096B, (T) 4096B-4096B, ioengine=libaio, iodepth=256
...
fio-3.27
Starting 4 processes
rand-read: Laying out IO file (1 file / 1024MiB)
rand-read: Laying out IO file (1 file / 1024MiB)

test: (groupid=0, jobs=4): err= 0: pid=145286: Mon Jul 19 19:36:59 2021
  read: IOPS=442, BW=1772KiB/s (1815kB/s)(519MiB/300014msec)
    slat (usec): min=466, max=149719, avg=9005.98, stdev=7059.22
    clat (usec): min=12, max=3152.5k, avg=2294939.69, stdev=328836.69
     lat (msec): min=4, max=3168, avg=2303.95, stdev=329.87
    clat percentiles (msec):
     |  1.00th=[ 1720],  5.00th=[ 1821], 10.00th=[ 1871], 20.00th=[ 1955],
     | 30.00th=[ 2072], 40.00th=[ 2232], 50.00th=[ 2333], 60.00th=[ 2433],
     | 70.00th=[ 2500], 80.00th=[ 2567], 90.00th=[ 2702], 95.00th=[ 2802],
     | 99.00th=[ 2970], 99.50th=[ 3004], 99.90th=[ 3071], 99.95th=[ 3104],
     | 99.99th=[ 3138]
   bw (  KiB/s): min=  728, max= 2634, per=99.83%, avg=1769.27, stdev=73.52, samples=2382
   iops        : min=  182, max=  658, avg=442.29, stdev=18.37, samples=2382
  lat (usec)   : 20=0.01%, 50=0.01%
  lat (msec)   : 10=0.01%, 20=0.01%, 50=0.01%, 100=0.01%, 250=0.05%
  lat (msec)   : 500=0.07%, 750=0.07%, 1000=0.08%, 2000=24.46%, >=2000=75.24%
  cpu          : usr=0.29%, sys=1.86%, ctx=132945, majf=0, minf=1181
  IO depths    : 1=0.1%, 2=0.1%, 4=0.1%, 8=0.1%, 16=0.1%, 32=0.1%, >=64=99.8%
     submit    : 0=0.0%, 4=100.0%, 8=0.0%, 16=0.0%, 32=0.0%, 64=0.0%, >=64=0.0%
     complete  : 0=0.0%, 4=100.0%, 8=0.0%, 16=0.0%, 32=0.0%, 64=0.0%, >=64=0.1%
     issued rwts: total=132905,0,0,0 short=0,0,0,0 dropped=0,0,0,0
     latency   : target=0, window=0, percentile=100.00%, depth=256

Run status group 0 (all jobs):
   READ: bw=1772KiB/s (1815kB/s), 1772KiB/s-1772KiB/s (1815kB/s-1815kB/s), io=519MiB (544MB), run=300014-300014msec
