readwrite: (g=0): rw=rw, bs=(R) 4096B-4096B, (W) 4096B-4096B, (T) 4096B-4096B, ioengine=libaio, iodepth=256
...
fio-3.27
Starting 2 processes
readwrite: Laying out IO file (1 file / 1024MiB)

readwrite: (groupid=0, jobs=2): err= 0: pid=39579: Wed Jul 21 16:46:43 2021
  read: IOPS=9704, BW=37.9MiB/s (39.7MB/s)(11.1GiB/300001msec)
    slat (usec): min=7, max=362029, avg=109.69, stdev=2282.71
    clat (usec): min=27, max=8976.9k, avg=26399.37, stdev=221670.10
     lat (usec): min=102, max=9045.1k, avg=26509.78, stdev=223322.32
    clat percentiles (msec):
     |  1.00th=[   12],  5.00th=[   13], 10.00th=[   13], 20.00th=[   13],
     | 30.00th=[   13], 40.00th=[   14], 50.00th=[   14], 60.00th=[   14],
     | 70.00th=[   14], 80.00th=[   14], 90.00th=[   15], 95.00th=[   15],
     | 99.00th=[   35], 99.50th=[  171], 99.90th=[ 4144], 99.95th=[ 5000],
     | 99.99th=[ 6678]
   bw (  KiB/s): min=   64, max=82480, per=100.00%, avg=39153.61, stdev=7173.17, samples=1191
   iops        : min=   16, max=20620, avg=9788.37, stdev=1793.29, samples=1191
  write: IOPS=9699, BW=37.9MiB/s (39.7MB/s)(11.1GiB/300001msec); 0 zone resets
    slat (usec): min=68, max=124484, avg=75.67, stdev=83.24
    clat (usec): min=11, max=9009.8k, avg=26149.53, stdev=220610.92
     lat (usec): min=82, max=9009.9k, avg=26226.28, stdev=220612.52
    clat percentiles (msec):
     |  1.00th=[   12],  5.00th=[   13], 10.00th=[   13], 20.00th=[   13],
     | 30.00th=[   13], 40.00th=[   14], 50.00th=[   14], 60.00th=[   14],
     | 70.00th=[   14], 80.00th=[   14], 90.00th=[   15], 95.00th=[   15],
     | 99.00th=[   35], 99.50th=[  165], 99.90th=[ 4144], 99.95th=[ 5000],
     | 99.99th=[ 6678]
   bw (  KiB/s): min=   56, max=82208, per=100.00%, avg=39135.09, stdev=7173.97, samples=1190
   iops        : min=   14, max=20552, avg=9783.72, stdev=1793.49, samples=1190
  lat (usec)   : 20=0.01%, 50=0.01%, 100=0.01%, 250=0.01%, 500=0.01%
  lat (usec)   : 750=0.01%, 1000=0.01%
  lat (msec)   : 2=0.01%, 4=0.01%, 10=0.01%, 20=97.73%, 50=1.50%
  lat (msec)   : 100=0.08%, 250=0.27%, 500=0.03%, 750=0.01%, 1000=0.04%
  lat (msec)   : 2000=0.06%, >=2000=0.27%
  cpu          : usr=9.05%, sys=44.57%, ctx=18529, majf=0, minf=89
  IO depths    : 1=0.1%, 2=0.1%, 4=0.1%, 8=0.1%, 16=0.1%, 32=0.1%, >=64=100.0%
     submit    : 0=0.0%, 4=100.0%, 8=0.0%, 16=0.0%, 32=0.0%, 64=0.0%, >=64=0.0%
     complete  : 0=0.0%, 4=100.0%, 8=0.0%, 16=0.0%, 32=0.0%, 64=0.0%, >=64=0.1%
     issued rwts: total=2911364,2909724,0,0 short=0,0,0,0 dropped=0,0,0,0
     latency   : target=0, window=0, percentile=100.00%, depth=256

Run status group 0 (all jobs):
   READ: bw=37.9MiB/s (39.7MB/s), 37.9MiB/s-37.9MiB/s (39.7MB/s-39.7MB/s), io=11.1GiB (11.9GB), run=300001-300001msec
  WRITE: bw=37.9MiB/s (39.7MB/s), 37.9MiB/s-37.9MiB/s (39.7MB/s-39.7MB/s), io=11.1GiB (11.9GB), run=300001-300001msec
