readwrite: (g=0): rw=rw, bs=(R) 4096B-4096B, (W) 4096B-4096B, (T) 4096B-4096B, ioengine=libaio, iodepth=256
...
fio-3.27
Starting 8 processes
readwrite: Laying out IO file (1 file / 1024MiB)
readwrite: Laying out IO file (1 file / 1024MiB)
readwrite: Laying out IO file (1 file / 1024MiB)
readwrite: Laying out IO file (1 file / 1024MiB)

readwrite: (groupid=0, jobs=8): err= 0: pid=248305: Wed Jul 21 16:53:45 2021
  read: IOPS=26.8k, BW=105MiB/s (110MB/s)(30.7GiB/300125msec)
    slat (usec): min=7, max=979061, avg=186.15, stdev=2616.14
    clat (usec): min=12, max=6028.6k, avg=38048.65, stdev=138348.82
     lat (usec): min=294, max=6051.6k, avg=38235.61, stdev=139212.94
    clat percentiles (msec):
     |  1.00th=[   13],  5.00th=[   13], 10.00th=[   13], 20.00th=[   14],
     | 30.00th=[   14], 40.00th=[   14], 50.00th=[   14], 60.00th=[   15],
     | 70.00th=[   15], 80.00th=[   15], 90.00th=[   19], 95.00th=[   36],
     | 99.00th=[  701], 99.50th=[  927], 99.90th=[ 1603], 99.95th=[ 1989],
     | 99.99th=[ 3037]
   bw (  KiB/s): min=  168, max=308450, per=100.00%, avg=108240.01, stdev=13372.03, samples=4763
   iops        : min=   42, max=77112, avg=27059.72, stdev=3343.02, samples=4763
  write: IOPS=26.8k, BW=105MiB/s (110MB/s)(30.7GiB/300125msec); 0 zone resets
    slat (usec): min=68, max=935057, avg=90.46, stdev=1380.43
    clat (usec): min=11, max=6051.5k, avg=37942.70, stdev=138040.57
     lat (usec): min=91, max=6051.5k, avg=38034.28, stdev=138144.56
    clat percentiles (msec):
     |  1.00th=[   13],  5.00th=[   13], 10.00th=[   13], 20.00th=[   14],
     | 30.00th=[   14], 40.00th=[   14], 50.00th=[   14], 60.00th=[   15],
     | 70.00th=[   15], 80.00th=[   15], 90.00th=[   19], 95.00th=[   35],
     | 99.00th=[  701], 99.50th=[  927], 99.90th=[ 1603], 99.95th=[ 1989],
     | 99.99th=[ 3037]
   bw (  KiB/s): min=  256, max=308168, per=100.00%, avg=108251.97, stdev=13370.81, samples=4762
   iops        : min=   64, max=77042, avg=27062.69, stdev=3342.71, samples=4762
  lat (usec)   : 20=0.01%, 50=0.01%, 250=0.01%, 500=0.01%, 750=0.01%
  lat (usec)   : 1000=0.01%
  lat (msec)   : 2=0.01%, 4=0.01%, 10=0.01%, 20=93.65%, 50=1.93%
  lat (msec)   : 100=0.10%, 250=0.58%, 500=1.83%, 750=1.05%, 1000=0.46%
  lat (msec)   : 2000=0.35%, >=2000=0.05%
  cpu          : usr=6.60%, sys=34.32%, ctx=306414, majf=0, minf=352
  IO depths    : 1=0.1%, 2=0.1%, 4=0.1%, 8=0.1%, 16=0.1%, 32=0.1%, >=64=100.0%
     submit    : 0=0.0%, 4=100.0%, 8=0.0%, 16=0.0%, 32=0.0%, 64=0.0%, >=64=0.0%
     complete  : 0=0.0%, 4=100.0%, 8=0.0%, 16=0.0%, 32=0.0%, 64=0.0%, >=64=0.1%
     issued rwts: total=8041944,8041433,0,0 short=0,0,0,0 dropped=0,0,0,0
     latency   : target=0, window=0, percentile=100.00%, depth=256

Run status group 0 (all jobs):
   READ: bw=105MiB/s (110MB/s), 105MiB/s-105MiB/s (110MB/s-110MB/s), io=30.7GiB (32.9GB), run=300125-300125msec
  WRITE: bw=105MiB/s (110MB/s), 105MiB/s-105MiB/s (110MB/s-110MB/s), io=30.7GiB (32.9GB), run=300125-300125msec
