readwrite: (g=0): rw=rw, bs=(R) 4096B-4096B, (W) 4096B-4096B, (T) 4096B-4096B, ioengine=libaio, iodepth=256
...
fio-3.27
Starting 2 processes
readwrite: Laying out IO file (1 file / 1024MiB)

readwrite: (groupid=0, jobs=2): err= 0: pid=79390: Wed Jul 21 19:27:18 2021
  read: IOPS=11.2k, BW=43.6MiB/s (45.7MB/s)(12.8GiB/300001msec)
    slat (usec): min=7, max=198225, avg=83.14, stdev=935.99
    clat (usec): min=10, max=1749.9k, avg=22844.53, stdev=59971.36
     lat (usec): min=22, max=1770.7k, avg=22928.47, stdev=60374.02
    clat percentiles (msec):
     |  1.00th=[   12],  5.00th=[   13], 10.00th=[   13], 20.00th=[   13],
     | 30.00th=[   13], 40.00th=[   14], 50.00th=[   14], 60.00th=[   14],
     | 70.00th=[   14], 80.00th=[   14], 90.00th=[   15], 95.00th=[   34],
     | 99.00th=[  338], 99.50th=[  456], 99.90th=[  776], 99.95th=[  877],
     | 99.99th=[ 1150]
   bw (  KiB/s): min=  128, max=83544, per=100.00%, avg=44835.73, stdev=15934.72, samples=1193
   iops        : min=   32, max=20886, avg=11208.88, stdev=3983.69, samples=1193
  write: IOPS=11.1k, BW=43.5MiB/s (45.6MB/s)(12.8GiB/300001msec); 0 zone resets
    slat (usec): min=68, max=6005, avg=74.67, stdev=15.14
    clat (usec): min=72, max=1770.5k, avg=22905.69, stdev=60340.23
     lat (usec): min=143, max=1770.6k, avg=22981.46, stdev=60342.62
    clat percentiles (msec):
     |  1.00th=[   12],  5.00th=[   13], 10.00th=[   13], 20.00th=[   13],
     | 30.00th=[   13], 40.00th=[   14], 50.00th=[   14], 60.00th=[   14],
     | 70.00th=[   14], 80.00th=[   14], 90.00th=[   15], 95.00th=[   34],
     | 99.00th=[  338], 99.50th=[  456], 99.90th=[  785], 99.95th=[  885],
     | 99.99th=[ 1150]
   bw (  KiB/s): min=  120, max=81864, per=100.00%, avg=44904.45, stdev=15884.10, samples=1191
   iops        : min=   30, max=20466, avg=11226.05, stdev=3971.03, samples=1191
  lat (usec)   : 20=0.01%, 50=0.01%, 100=0.01%, 250=0.01%, 500=0.01%
  lat (usec)   : 750=0.01%, 1000=0.01%
  lat (msec)   : 2=0.01%, 4=0.01%, 10=0.01%, 20=94.65%, 50=1.97%
  lat (msec)   : 100=0.09%, 250=1.76%, 500=1.14%, 750=0.26%, 1000=0.10%
  lat (msec)   : 2000=0.02%
  cpu          : usr=10.78%, sys=53.74%, ctx=109003, majf=0, minf=88
  IO depths    : 1=0.1%, 2=0.1%, 4=0.1%, 8=0.1%, 16=0.1%, 32=0.1%, >=64=100.0%
     submit    : 0=0.0%, 4=100.0%, 8=0.0%, 16=0.0%, 32=0.0%, 64=0.0%, >=64=0.0%
     complete  : 0=0.0%, 4=100.0%, 8=0.0%, 16=0.0%, 32=0.0%, 64=0.0%, >=64=0.1%
     issued rwts: total=3345596,3343319,0,0 short=0,0,0,0 dropped=0,0,0,0
     latency   : target=0, window=0, percentile=100.00%, depth=256

Run status group 0 (all jobs):
   READ: bw=43.6MiB/s (45.7MB/s), 43.6MiB/s-43.6MiB/s (45.7MB/s-45.7MB/s), io=12.8GiB (13.7GB), run=300001-300001msec
  WRITE: bw=43.5MiB/s (45.6MB/s), 43.5MiB/s-43.5MiB/s (45.6MB/s-45.6MB/s), io=12.8GiB (13.7GB), run=300001-300001msec
