test: (g=0): rw=read, bs=(R) 4096B-4096B, (W) 4096B-4096B, (T) 4096B-4096B, ioengine=libaio, iodepth=256
...
fio-3.27
Starting 16 processes

test: (groupid=0, jobs=16): err= 0: pid=226095: Fri Jul 16 03:45:25 2021
  read: IOPS=46.2k, BW=181MiB/s (189MB/s)(53.0GiB/300820msec)
    slat (usec): min=10, max=87683, avg=332.18, stdev=922.19
    clat (usec): min=10, max=1370.7k, avg=87996.09, stdev=151307.10
     lat (usec): min=23, max=1371.9k, avg=88329.41, stdev=151878.21
    clat percentiles (msec):
     |  1.00th=[    5],  5.00th=[    5], 10.00th=[    6], 20.00th=[    6],
     | 30.00th=[    6], 40.00th=[    6], 50.00th=[    6], 60.00th=[    6],
     | 70.00th=[   17], 80.00th=[  292], 90.00th=[  355], 95.00th=[  388],
     | 99.00th=[  489], 99.50th=[  535], 99.90th=[  760], 99.95th=[  944],
     | 99.99th=[ 1020]
   bw (  KiB/s): min= 8360, max=1288880, per=100.00%, avg=192406.95, stdev=15877.91, samples=9548
   iops        : min= 2090, max=322220, avg=48101.67, stdev=3969.48, samples=9548
  lat (usec)   : 20=0.01%, 50=0.01%, 100=0.01%, 250=0.01%, 500=0.01%
  lat (usec)   : 750=0.01%, 1000=0.01%
  lat (msec)   : 2=0.01%, 4=0.01%, 10=67.64%, 20=4.52%, 50=4.51%
  lat (msec)   : 100=0.03%, 250=0.62%, 500=21.86%, 750=0.73%, 1000=0.09%
  lat (msec)   : 2000=0.01%
  cpu          : usr=3.29%, sys=14.63%, ctx=3231084, majf=0, minf=4720
  IO depths    : 1=0.1%, 2=0.1%, 4=0.1%, 8=0.1%, 16=0.1%, 32=0.1%, >=64=100.0%
     submit    : 0=0.0%, 4=100.0%, 8=0.0%, 16=0.0%, 32=0.0%, 64=0.0%, >=64=0.0%
     complete  : 0=0.0%, 4=100.0%, 8=0.0%, 16=0.0%, 32=0.0%, 64=0.0%, >=64=0.1%
     issued rwts: total=13902265,0,0,0 short=0,0,0,0 dropped=0,0,0,0
     latency   : target=0, window=0, percentile=100.00%, depth=256

Run status group 0 (all jobs):
   READ: bw=181MiB/s (189MB/s), 181MiB/s-181MiB/s (189MB/s-189MB/s), io=53.0GiB (56.9GB), run=300820-300820msec
