test: (g=0): rw=randread, bs=(R) 4096B-4096B, (W) 4096B-4096B, (T) 4096B-4096B, ioengine=libaio, iodepth=256
fio-3.27
Starting 1 process
test: Laying out IO file (1 file / 1024MiB)

test: (groupid=0, jobs=1): err= 0: pid=131291: Tue Jul 20 10:05:39 2021
  read: IOPS=193, BW=772KiB/s (791kB/s)(226MiB/300004msec)
    slat (usec): min=449, max=80463, avg=5159.72, stdev=3886.92
    clat (usec): min=12, max=1529.2k, avg=1317106.18, stdev=81153.08
     lat (msec): min=8, max=1533, avg=1322.27, stdev=81.26
    clat percentiles (msec):
     |  1.00th=[ 1183],  5.00th=[ 1217], 10.00th=[ 1234], 20.00th=[ 1267],
     | 30.00th=[ 1284], 40.00th=[ 1301], 50.00th=[ 1318], 60.00th=[ 1334],
     | 70.00th=[ 1351], 80.00th=[ 1368], 90.00th=[ 1401], 95.00th=[ 1435],
     | 99.00th=[ 1485], 99.50th=[ 1502], 99.90th=[ 1519], 99.95th=[ 1519],
     | 99.99th=[ 1519]
   bw (  KiB/s): min=    8, max=  928, per=99.95%, avg=772.06, stdev=68.54, samples=597
   iops        : min=    2, max=  232, avg=193.02, stdev=17.13, samples=597
  lat (usec)   : 20=0.01%
  lat (msec)   : 10=0.01%, 20=0.01%, 50=0.01%, 100=0.01%, 250=0.06%
  lat (msec)   : 500=0.08%, 750=0.07%, 1000=0.08%, 2000=99.67%
  cpu          : usr=0.38%, sys=2.85%, ctx=57942, majf=0, minf=293
  IO depths    : 1=0.1%, 2=0.1%, 4=0.1%, 8=0.1%, 16=0.1%, 32=0.1%, >=64=99.9%
     submit    : 0=0.0%, 4=100.0%, 8=0.0%, 16=0.0%, 32=0.0%, 64=0.0%, >=64=0.0%
     complete  : 0=0.0%, 4=100.0%, 8=0.0%, 16=0.0%, 32=0.0%, 64=0.0%, >=64=0.1%
     issued rwts: total=57931,0,0,0 short=0,0,0,0 dropped=0,0,0,0
     latency   : target=0, window=0, percentile=100.00%, depth=256

Run status group 0 (all jobs):
   READ: bw=772KiB/s (791kB/s), 772KiB/s-772KiB/s (791kB/s-791kB/s), io=226MiB (237MB), run=300004-300004msec
