test: (g=0): rw=randread, bs=(R) 4096B-4096B, (W) 4096B-4096B, (T) 4096B-4096B, ioengine=libaio, iodepth=256
...
fio-3.27
Starting 32 processes
rand-read: Laying out IO file (1 file / 1024MiB)
rand-read: Laying out IO file (1 file / 1024MiB)
rand-read: Laying out IO file (1 file / 1024MiB)
rand-read: Laying out IO file (1 file / 1024MiB)
rand-read: Laying out IO file (1 file / 1024MiB)
rand-read: Laying out IO file (1 file / 1024MiB)
rand-read: Laying out IO file (1 file / 1024MiB)
rand-read: Laying out IO file (1 file / 1024MiB)
rand-read: Laying out IO file (1 file / 1024MiB)
rand-read: Laying out IO file (1 file / 1024MiB)
rand-read: Laying out IO file (1 file / 1024MiB)
rand-read: Laying out IO file (1 file / 1024MiB)
rand-read: Laying out IO file (1 file / 1024MiB)
rand-read: Laying out IO file (1 file / 1024MiB)
rand-read: Laying out IO file (1 file / 1024MiB)
rand-read: Laying out IO file (1 file / 1024MiB)

test: (groupid=0, jobs=32): err= 0: pid=220033: Mon Jul 19 22:26:18 2021
  read: IOPS=585, BW=2342KiB/s (2399kB/s)(686MiB/300066msec)
    slat (msec): min=7, max=302, avg=54.61, stdev=15.85
    clat (usec): min=15, max=16972k, avg=13614531.76, stdev=1996187.62
     lat (msec): min=7, max=17037, avg=13669.14, stdev=1998.17
    clat percentiles (msec):
     |  1.00th=[ 2635],  5.00th=[11879], 10.00th=[12147], 20.00th=[12684],
     | 30.00th=[13624], 40.00th=[13892], 50.00th=[14026], 60.00th=[14160],
     | 70.00th=[14429], 80.00th=[14697], 90.00th=[15100], 95.00th=[15368],
     | 99.00th=[15771], 99.50th=[15905], 99.90th=[16308], 99.95th=[16576],
     | 99.99th=[16845]
   bw (  KiB/s): min= 1152, max= 3120, per=99.85%, avg=2339.26, stdev= 7.78, samples=18301
   iops        : min=  288, max=  780, avg=584.82, stdev= 1.95, samples=18301
  lat (usec)   : 20=0.01%, 50=0.01%
  lat (msec)   : 10=0.01%, 20=0.01%, 50=0.02%, 100=0.03%, 250=0.08%
  lat (msec)   : 500=0.12%, 750=0.10%, 1000=0.08%, 2000=0.33%, >=2000=99.21%
  cpu          : usr=0.05%, sys=0.35%, ctx=175945, majf=0, minf=9448
  IO depths    : 1=0.1%, 2=0.1%, 4=0.1%, 8=0.1%, 16=0.3%, 32=0.6%, >=64=98.9%
     submit    : 0=0.0%, 4=100.0%, 8=0.0%, 16=0.0%, 32=0.0%, 64=0.0%, >=64=0.0%
     complete  : 0=0.0%, 4=100.0%, 8=0.0%, 16=0.0%, 32=0.0%, 64=0.0%, >=64=0.1%
     issued rwts: total=175726,0,0,0 short=0,0,0,0 dropped=0,0,0,0
     latency   : target=0, window=0, percentile=100.00%, depth=256

Run status group 0 (all jobs):
   READ: bw=2342KiB/s (2399kB/s), 2342KiB/s-2342KiB/s (2399kB/s-2399kB/s), io=686MiB (720MB), run=300066-300066msec
