test: (g=0): rw=randread, bs=(R) 4096B-4096B, (W) 4096B-4096B, (T) 4096B-4096B, ioengine=libaio, iodepth=256
...
fio-3.27
Starting 16 processes
rand-read: Laying out IO file (1 file / 1024MiB)
rand-read: Laying out IO file (1 file / 1024MiB)
rand-read: Laying out IO file (1 file / 1024MiB)
rand-read: Laying out IO file (1 file / 1024MiB)
rand-read: Laying out IO file (1 file / 1024MiB)
rand-read: Laying out IO file (1 file / 1024MiB)
rand-read: Laying out IO file (1 file / 1024MiB)
rand-read: Laying out IO file (1 file / 1024MiB)

test: (groupid=0, jobs=16): err= 0: pid=202247: Mon Jul 19 22:15:36 2021
  read: IOPS=680, BW=2722KiB/s (2787kB/s)(797MiB/300008msec)
    slat (usec): min=801, max=261349, avg=23489.84, stdev=14059.33
    clat (usec): min=14, max=7915.3k, avg=5936168.19, stdev=697570.10
     lat (msec): min=3, max=7953, avg=5959.66, stdev=698.84
    clat percentiles (msec):
     |  1.00th=[ 2400],  5.00th=[ 5269], 10.00th=[ 5403], 20.00th=[ 5604],
     | 30.00th=[ 5738], 40.00th=[ 5873], 50.00th=[ 6007], 60.00th=[ 6074],
     | 70.00th=[ 6208], 80.00th=[ 6342], 90.00th=[ 6544], 95.00th=[ 6745],
     | 99.00th=[ 7148], 99.50th=[ 7282], 99.90th=[ 7684], 99.95th=[ 7752],
     | 99.99th=[ 7819]
   bw (  KiB/s): min= 1040, max= 3696, per=99.75%, avg=2715.66, stdev=22.25, samples=9399
   iops        : min=  260, max=  924, avg=678.92, stdev= 5.56, samples=9399
  lat (usec)   : 20=0.01%, 50=0.01%
  lat (msec)   : 4=0.01%, 10=0.01%, 20=0.01%, 50=0.03%, 100=0.04%
  lat (msec)   : 250=0.13%, 500=0.13%, 750=0.10%, 1000=0.07%, 2000=0.33%
  lat (msec)   : >=2000=99.14%
  cpu          : usr=0.12%, sys=0.74%, ctx=204265, majf=0, minf=4724
  IO depths    : 1=0.1%, 2=0.1%, 4=0.1%, 8=0.1%, 16=0.1%, 32=0.3%, >=64=99.5%
     submit    : 0=0.0%, 4=100.0%, 8=0.0%, 16=0.0%, 32=0.0%, 64=0.0%, >=64=0.0%
     complete  : 0=0.0%, 4=100.0%, 8=0.0%, 16=0.0%, 32=0.0%, 64=0.0%, >=64=0.1%
     issued rwts: total=204135,0,0,0 short=0,0,0,0 dropped=0,0,0,0
     latency   : target=0, window=0, percentile=100.00%, depth=256

Run status group 0 (all jobs):
   READ: bw=2722KiB/s (2787kB/s), 2722KiB/s-2722KiB/s (2787kB/s-2787kB/s), io=797MiB (836MB), run=300008-300008msec
