readwrite: (g=0): rw=rw, bs=(R) 4096B-4096B, (W) 4096B-4096B, (T) 4096B-4096B, ioengine=libaio, iodepth=256
...
fio-3.27
Starting 8 processes
readwrite: Laying out IO file (1 file / 1024MiB)
readwrite: Laying out IO file (1 file / 1024MiB)
readwrite: Laying out IO file (1 file / 1024MiB)
readwrite: Laying out IO file (1 file / 1024MiB)

readwrite: (groupid=0, jobs=8): err= 0: pid=80482: Wed Jul 21 19:40:18 2021
  read: IOPS=23.7k, BW=92.5MiB/s (97.0MB/s)(27.1GiB/300032msec)
    slat (usec): min=7, max=823351, avg=239.08, stdev=4397.99
    clat (usec): min=15, max=19517k, avg=43052.14, stdev=367969.13
     lat (usec): min=103, max=19606k, avg=43291.96, stdev=370566.41
    clat percentiles (msec):
     |  1.00th=[   12],  5.00th=[   13], 10.00th=[   13], 20.00th=[   13],
     | 30.00th=[   14], 40.00th=[   14], 50.00th=[   14], 60.00th=[   14],
     | 70.00th=[   14], 80.00th=[   15], 90.00th=[   15], 95.00th=[   16],
     | 99.00th=[  802], 99.50th=[ 2165], 99.90th=[ 5403], 99.95th=[ 7148],
     | 99.99th=[13892]
   bw (  KiB/s): min=   64, max=327304, per=100.00%, avg=96317.31, stdev=14775.56, samples=4723
   iops        : min=   16, max=81826, avg=24079.01, stdev=3693.85, samples=4723
  write: IOPS=23.7k, BW=92.5MiB/s (97.0MB/s)(27.1GiB/300032msec); 0 zone resets
    slat (usec): min=68, max=371851, avg=77.50, stdev=175.04
    clat (usec): min=11, max=19498k, avg=43053.42, stdev=367593.70
     lat (usec): min=83, max=19499k, avg=43132.01, stdev=367595.79
    clat percentiles (msec):
     |  1.00th=[   12],  5.00th=[   13], 10.00th=[   13], 20.00th=[   13],
     | 30.00th=[   14], 40.00th=[   14], 50.00th=[   14], 60.00th=[   14],
     | 70.00th=[   14], 80.00th=[   15], 90.00th=[   15], 95.00th=[   16],
     | 99.00th=[  810], 99.50th=[ 2165], 99.90th=[ 5403], 99.95th=[ 7148],
     | 99.99th=[13758]
   bw (  KiB/s): min=   64, max=323700, per=100.00%, avg=95968.04, stdev=14771.04, samples=4741
   iops        : min=   16, max=80922, avg=23991.69, stdev=3692.72, samples=4741
  lat (usec)   : 20=0.01%, 50=0.01%, 100=0.01%, 250=0.01%, 500=0.01%
  lat (usec)   : 750=0.01%, 1000=0.01%
  lat (msec)   : 2=0.01%, 4=0.01%, 10=0.01%, 20=97.34%, 50=1.42%
  lat (msec)   : 100=0.06%, 250=0.06%, 500=0.04%, 750=0.04%, 1000=0.11%
  lat (msec)   : 2000=0.37%, >=2000=0.56%
  cpu          : usr=5.61%, sys=28.03%, ctx=72545, majf=0, minf=357
  IO depths    : 1=0.1%, 2=0.1%, 4=0.1%, 8=0.1%, 16=0.1%, 32=0.1%, >=64=100.0%
     submit    : 0=0.0%, 4=100.0%, 8=0.0%, 16=0.0%, 32=0.0%, 64=0.0%, >=64=0.0%
     complete  : 0=0.0%, 4=100.0%, 8=0.0%, 16=0.0%, 32=0.0%, 64=0.0%, >=64=0.1%
     issued rwts: total=7107782,7107080,0,0 short=0,0,0,0 dropped=0,0,0,0
     latency   : target=0, window=0, percentile=100.00%, depth=256

Run status group 0 (all jobs):
   READ: bw=92.5MiB/s (97.0MB/s), 92.5MiB/s-92.5MiB/s (97.0MB/s-97.0MB/s), io=27.1GiB (29.1GB), run=300032-300032msec
  WRITE: bw=92.5MiB/s (97.0MB/s), 92.5MiB/s-92.5MiB/s (97.0MB/s-97.0MB/s), io=27.1GiB (29.1GB), run=300032-300032msec
