test: (g=0): rw=randread, bs=(R) 4096B-4096B, (W) 4096B-4096B, (T) 4096B-4096B, ioengine=libaio, iodepth=256
...
fio-3.27
Starting 8 processes
rand-read: Laying out IO file (1 file / 1024MiB)
rand-read: Laying out IO file (1 file / 1024MiB)
rand-read: Laying out IO file (1 file / 1024MiB)
rand-read: Laying out IO file (1 file / 1024MiB)

test: (groupid=0, jobs=8): err= 0: pid=133277: Tue Jul 20 11:23:18 2021
  read: IOPS=574, BW=2298KiB/s (2353kB/s)(673MiB/300011msec)
    slat (usec): min=489, max=276421, avg=13903.26, stdev=11480.64
    clat (usec): min=16, max=4543.4k, avg=3531517.88, stdev=327951.73
     lat (msec): min=6, max=4561, avg=3545.42, stdev=328.45
    clat percentiles (msec):
     |  1.00th=[ 2836],  5.00th=[ 3171], 10.00th=[ 3272], 20.00th=[ 3339],
     | 30.00th=[ 3406], 40.00th=[ 3473], 50.00th=[ 3540], 60.00th=[ 3574],
     | 70.00th=[ 3641], 80.00th=[ 3742], 90.00th=[ 3876], 95.00th=[ 3977],
     | 99.00th=[ 4212], 99.50th=[ 4279], 99.90th=[ 4396], 99.95th=[ 4463],
     | 99.99th=[ 4530]
   bw (  KiB/s): min=  952, max= 3248, per=99.84%, avg=2294.37, stdev=40.38, samples=4741
   iops        : min=  238, max=  812, avg=573.59, stdev=10.09, samples=4741
  lat (usec)   : 20=0.01%, 50=0.01%
  lat (msec)   : 10=0.01%, 20=0.01%, 50=0.01%, 100=0.02%, 250=0.06%
  lat (msec)   : 500=0.09%, 750=0.08%, 1000=0.08%, 2000=0.32%, >=2000=99.32%
  cpu          : usr=0.20%, sys=1.21%, ctx=172389, majf=0, minf=2363
  IO depths    : 1=0.1%, 2=0.1%, 4=0.1%, 8=0.1%, 16=0.1%, 32=0.1%, >=64=99.7%
     submit    : 0=0.0%, 4=100.0%, 8=0.0%, 16=0.0%, 32=0.0%, 64=0.0%, >=64=0.0%
     complete  : 0=0.0%, 4=100.0%, 8=0.0%, 16=0.0%, 32=0.0%, 64=0.0%, >=64=0.1%
     issued rwts: total=172333,0,0,0 short=0,0,0,0 dropped=0,0,0,0
     latency   : target=0, window=0, percentile=100.00%, depth=256

Run status group 0 (all jobs):
   READ: bw=2298KiB/s (2353kB/s), 2298KiB/s-2298KiB/s (2353kB/s-2353kB/s), io=673MiB (706MB), run=300011-300011msec
