readwrite: (g=0): rw=rw, bs=(R) 4096B-4096B, (W) 4096B-4096B, (T) 4096B-4096B, ioengine=libaio, iodepth=256
...
fio-3.27
Starting 2 processes
readwrite: Laying out IO file (1 file / 1024MiB)

readwrite: (groupid=0, jobs=2): err= 0: pid=117423: Wed Jul 21 18:27:47 2021
  read: IOPS=12.3k, BW=48.1MiB/s (50.5MB/s)(14.1GiB/300001msec)
    slat (usec): min=7, max=126062, avg=65.76, stdev=671.09
    clat (usec): min=91, max=977634, avg=20707.17, stdev=43903.36
     lat (usec): min=104, max=977643, avg=20773.71, stdev=44172.16
    clat percentiles (msec):
     |  1.00th=[   12],  5.00th=[   13], 10.00th=[   13], 20.00th=[   13],
     | 30.00th=[   14], 40.00th=[   14], 50.00th=[   14], 60.00th=[   14],
     | 70.00th=[   14], 80.00th=[   14], 90.00th=[   15], 95.00th=[   27],
     | 99.00th=[  251], 99.50th=[  330], 99.90th=[  498], 99.95th=[  676],
     | 99.99th=[  919]
   bw (  KiB/s): min=  512, max=81888, per=100.00%, avg=49607.67, stdev=15754.46, samples=1190
   iops        : min=  128, max=20472, avg=12401.89, stdev=3938.61, samples=1190
  write: IOPS=12.3k, BW=48.1MiB/s (50.4MB/s)(14.1GiB/300001msec); 0 zone resets
    slat (usec): min=68, max=4795, avg=75.01, stdev=15.11
    clat (usec): min=11, max=977576, avg=20702.81, stdev=43765.01
     lat (usec): min=84, max=977648, avg=20778.92, stdev=43767.11
    clat percentiles (msec):
     |  1.00th=[   12],  5.00th=[   13], 10.00th=[   13], 20.00th=[   13],
     | 30.00th=[   14], 40.00th=[   14], 50.00th=[   14], 60.00th=[   14],
     | 70.00th=[   14], 80.00th=[   14], 90.00th=[   15], 95.00th=[   27],
     | 99.00th=[  251], 99.50th=[  326], 99.90th=[  493], 99.95th=[  667],
     | 99.99th=[  919]
   bw (  KiB/s): min=  624, max=81920, per=100.00%, avg=49585.87, stdev=15741.03, samples=1190
   iops        : min=  156, max=20480, avg=12396.43, stdev=3935.25, samples=1190
  lat (usec)   : 20=0.01%, 100=0.01%, 250=0.01%, 500=0.01%, 750=0.01%
  lat (usec)   : 1000=0.01%
  lat (msec)   : 2=0.01%, 4=0.01%, 10=0.01%, 20=94.78%, 50=1.97%
  lat (msec)   : 100=0.14%, 250=2.11%, 500=0.90%, 750=0.05%, 1000=0.05%
  cpu          : usr=11.88%, sys=59.71%, ctx=115371, majf=0, minf=88
  IO depths    : 1=0.1%, 2=0.1%, 4=0.1%, 8=0.1%, 16=0.1%, 32=0.1%, >=64=100.0%
     submit    : 0=0.0%, 4=100.0%, 8=0.0%, 16=0.0%, 32=0.0%, 64=0.0%, >=64=0.0%
     complete  : 0=0.0%, 4=100.0%, 8=0.0%, 16=0.0%, 32=0.0%, 64=0.0%, >=64=0.1%
     issued rwts: total=3695827,3694180,0,0 short=0,0,0,0 dropped=0,0,0,0
     latency   : target=0, window=0, percentile=100.00%, depth=256

Run status group 0 (all jobs):
   READ: bw=48.1MiB/s (50.5MB/s), 48.1MiB/s-48.1MiB/s (50.5MB/s-50.5MB/s), io=14.1GiB (15.1GB), run=300001-300001msec
  WRITE: bw=48.1MiB/s (50.4MB/s), 48.1MiB/s-48.1MiB/s (50.4MB/s-50.4MB/s), io=14.1GiB (15.1GB), run=300001-300001msec
