readwrite: (g=0): rw=rw, bs=(R) 4096B-4096B, (W) 4096B-4096B, (T) 4096B-4096B, ioengine=libaio, iodepth=256
fio-3.27
Starting 1 process
readwrite: Laying out IO file (1 file / 1024MiB)

readwrite: (groupid=0, jobs=1): err= 0: pid=251180: Wed Jul 21 17:22:45 2021
  read: IOPS=9007, BW=35.2MiB/s (36.9MB/s)(10.3GiB/300001msec)
    slat (usec): min=7, max=60768, avg=18.13, stdev=334.04
    clat (usec): min=91, max=940107, avg=14169.94, stdev=19442.68
     lat (usec): min=105, max=940118, avg=14188.85, stdev=19447.13
    clat percentiles (msec):
     |  1.00th=[   12],  5.00th=[   13], 10.00th=[   13], 20.00th=[   13],
     | 30.00th=[   13], 40.00th=[   13], 50.00th=[   14], 60.00th=[   14],
     | 70.00th=[   14], 80.00th=[   14], 90.00th=[   14], 95.00th=[   15],
     | 99.00th=[   35], 99.50th=[   35], 99.90th=[  109], 99.95th=[  300],
     | 99.99th=[  902]
   bw (  KiB/s): min=   16, max=42936, per=100.00%, avg=36361.31, stdev=5484.33, samples=594
   iops        : min=    4, max=10734, avg=9090.29, stdev=1371.09, samples=594
  write: IOPS=9000, BW=35.2MiB/s (36.9MB/s)(10.3GiB/300001msec); 0 zone resets
    slat (usec): min=68, max=4116, avg=71.25, stdev=12.27
    clat (usec): min=12, max=940060, avg=14154.42, stdev=19116.79
     lat (usec): min=83, max=940131, avg=14226.76, stdev=19116.88
    clat percentiles (msec):
     |  1.00th=[   12],  5.00th=[   13], 10.00th=[   13], 20.00th=[   13],
     | 30.00th=[   13], 40.00th=[   13], 50.00th=[   14], 60.00th=[   14],
     | 70.00th=[   14], 80.00th=[   14], 90.00th=[   14], 95.00th=[   15],
     | 99.00th=[   35], 99.50th=[   35], 99.90th=[  107], 99.95th=[  300],
     | 99.99th=[  902]
   bw (  KiB/s): min=    8, max=41400, per=100.00%, avg=36331.87, stdev=5434.66, samples=594
   iops        : min=    2, max=10350, avg=9082.92, stdev=1358.67, samples=594
  lat (usec)   : 20=0.01%, 100=0.01%, 250=0.01%, 500=0.01%, 750=0.01%
  lat (usec)   : 1000=0.01%
  lat (msec)   : 2=0.01%, 4=0.01%, 10=0.01%, 20=96.85%, 50=3.02%
  lat (msec)   : 100=0.02%, 250=0.04%, 500=0.01%, 750=0.01%, 1000=0.05%
  cpu          : usr=17.29%, sys=82.49%, ctx=709, majf=0, minf=43
  IO depths    : 1=0.1%, 2=0.1%, 4=0.1%, 8=0.1%, 16=0.1%, 32=0.1%, >=64=100.0%
     submit    : 0=0.0%, 4=100.0%, 8=0.0%, 16=0.0%, 32=0.0%, 64=0.0%, >=64=0.0%
     complete  : 0=0.0%, 4=100.0%, 8=0.0%, 16=0.0%, 32=0.0%, 64=0.0%, >=64=0.1%
     issued rwts: total=2702354,2700176,0,0 short=0,0,0,0 dropped=0,0,0,0
     latency   : target=0, window=0, percentile=100.00%, depth=256

Run status group 0 (all jobs):
   READ: bw=35.2MiB/s (36.9MB/s), 35.2MiB/s-35.2MiB/s (36.9MB/s-36.9MB/s), io=10.3GiB (11.1GB), run=300001-300001msec
  WRITE: bw=35.2MiB/s (36.9MB/s), 35.2MiB/s-35.2MiB/s (36.9MB/s-36.9MB/s), io=10.3GiB (11.1GB), run=300001-300001msec
