test: (g=0): rw=randread, bs=(R) 4096B-4096B, (W) 4096B-4096B, (T) 4096B-4096B, ioengine=libaio, iodepth=256
...
fio-3.27
Starting 4 processes
rand-read: Laying out IO file (1 file / 1024MiB)
rand-read: Laying out IO file (1 file / 1024MiB)

test: (groupid=0, jobs=4): err= 0: pid=125004: Mon Jul 19 18:40:32 2021
  read: IOPS=1848, BW=7395KiB/s (7572kB/s)(2167MiB/300014msec)
    slat (usec): min=413, max=129545, avg=2144.54, stdev=3234.51
    clat (usec): min=16, max=1701.2k, avg=550467.65, stdev=309362.84
     lat (msec): min=5, max=1702, avg=552.61, stdev=310.56
    clat percentiles (msec):
     |  1.00th=[  184],  5.00th=[  203], 10.00th=[  218], 20.00th=[  243],
     | 30.00th=[  275], 40.00th=[  414], 50.00th=[  502], 60.00th=[  625],
     | 70.00th=[  701], 80.00th=[  802], 90.00th=[  978], 95.00th=[ 1183],
     | 99.00th=[ 1368], 99.50th=[ 1418], 99.90th=[ 1502], 99.95th=[ 1536],
     | 99.99th=[ 1653]
   bw (  KiB/s): min= 1704, max=17808, per=100.00%, avg=7419.18, stdev=974.65, samples=2387
   iops        : min=  426, max= 4452, avg=1854.72, stdev=243.66, samples=2387
  lat (usec)   : 20=0.01%, 50=0.01%
  lat (msec)   : 10=0.01%, 20=0.01%, 50=0.01%, 100=0.01%, 250=23.16%
  lat (msec)   : 500=26.72%, 750=25.78%, 1000=14.79%, 2000=9.53%
  cpu          : usr=0.99%, sys=6.52%, ctx=554742, majf=0, minf=1178
  IO depths    : 1=0.1%, 2=0.1%, 4=0.1%, 8=0.1%, 16=0.1%, 32=0.1%, >=64=100.0%
     submit    : 0=0.0%, 4=100.0%, 8=0.0%, 16=0.0%, 32=0.0%, 64=0.0%, >=64=0.0%
     complete  : 0=0.0%, 4=100.0%, 8=0.0%, 16=0.0%, 32=0.0%, 64=0.0%, >=64=0.1%
     issued rwts: total=554636,0,0,0 short=0,0,0,0 dropped=0,0,0,0
     latency   : target=0, window=0, percentile=100.00%, depth=256

Run status group 0 (all jobs):
   READ: bw=7395KiB/s (7572kB/s), 7395KiB/s-7395KiB/s (7572kB/s-7572kB/s), io=2167MiB (2272MB), run=300014-300014msec
