test: (g=0): rw=randread, bs=(R) 4096B-4096B, (W) 4096B-4096B, (T) 4096B-4096B, ioengine=libaio, iodepth=256
...
fio-3.27
Starting 2 processes
rand-read: Laying out IO file (1 file / 1024MiB)

test: (groupid=0, jobs=2): err= 0: pid=126347: Tue Jul 20 10:11:16 2021
  read: IOPS=319, BW=1278KiB/s (1309kB/s)(374MiB/300012msec)
    slat (usec): min=447, max=73871, avg=6237.57, stdev=4187.64
    clat (usec): min=12, max=1896.9k, avg=1591463.92, stdev=100725.88
     lat (msec): min=9, max=1902, avg=1597.70, stdev=100.84
    clat percentiles (msec):
     |  1.00th=[ 1418],  5.00th=[ 1469], 10.00th=[ 1502], 20.00th=[ 1536],
     | 30.00th=[ 1552], 40.00th=[ 1569], 50.00th=[ 1586], 60.00th=[ 1620],
     | 70.00th=[ 1636], 80.00th=[ 1653], 90.00th=[ 1687], 95.00th=[ 1720],
     | 99.00th=[ 1770], 99.50th=[ 1804], 99.90th=[ 1854], 99.95th=[ 1871],
     | 99.99th=[ 1888]
   bw (  KiB/s): min=  712, max= 1584, per=99.98%, avg=1278.86, stdev=52.88, samples=1192
   iops        : min=  178, max=  396, avg=319.70, stdev=13.22, samples=1192
  lat (usec)   : 20=0.01%
  lat (msec)   : 10=0.01%, 20=0.01%, 50=0.01%, 100=0.02%, 250=0.06%
  lat (msec)   : 500=0.09%, 750=0.09%, 1000=0.07%, 2000=99.66%
  cpu          : usr=0.38%, sys=2.48%, ctx=95885, majf=0, minf=588
  IO depths    : 1=0.1%, 2=0.1%, 4=0.1%, 8=0.1%, 16=0.1%, 32=0.1%, >=64=99.9%
     submit    : 0=0.0%, 4=100.0%, 8=0.0%, 16=0.0%, 32=0.0%, 64=0.0%, >=64=0.0%
     complete  : 0=0.0%, 4=100.0%, 8=0.0%, 16=0.0%, 32=0.0%, 64=0.0%, >=64=0.1%
     issued rwts: total=95869,0,0,0 short=0,0,0,0 dropped=0,0,0,0
     latency   : target=0, window=0, percentile=100.00%, depth=256

Run status group 0 (all jobs):
   READ: bw=1278KiB/s (1309kB/s), 1278KiB/s-1278KiB/s (1309kB/s-1309kB/s), io=374MiB (393MB), run=300012-300012msec
