test: (g=0): rw=randread, bs=(R) 4096B-4096B, (W) 4096B-4096B, (T) 4096B-4096B, ioengine=libaio, iodepth=256
...
fio-3.27
Starting 4 processes
rand-read: Laying out IO file (1 file / 1024MiB)
rand-read: Laying out IO file (1 file / 1024MiB)

test: (groupid=0, jobs=4): err= 0: pid=130548: Tue Jul 20 10:17:11 2021
  read: IOPS=533, BW=2134KiB/s (2185kB/s)(625MiB/300008msec)
    slat (usec): min=455, max=86476, avg=7473.90, stdev=5038.91
    clat (usec): min=16, max=2267.7k, avg=1905861.41, stdev=125240.98
     lat (msec): min=4, max=2272, avg=1913.34, stdev=125.38
    clat percentiles (msec):
     |  1.00th=[ 1687],  5.00th=[ 1770], 10.00th=[ 1804], 20.00th=[ 1838],
     | 30.00th=[ 1871], 40.00th=[ 1888], 50.00th=[ 1905], 60.00th=[ 1938],
     | 70.00th=[ 1955], 80.00th=[ 1989], 90.00th=[ 2022], 95.00th=[ 2056],
     | 99.00th=[ 2123], 99.50th=[ 2165], 99.90th=[ 2198], 99.95th=[ 2232],
     | 99.99th=[ 2232]
   bw (  KiB/s): min=  672, max= 2664, per=99.86%, avg=2131.69, stdev=47.35, samples=2384
   iops        : min=  168, max=  666, avg=532.71, stdev=11.82, samples=2384
  lat (usec)   : 20=0.01%, 50=0.01%
  lat (msec)   : 10=0.01%, 20=0.01%, 50=0.01%, 100=0.02%, 250=0.05%
  lat (msec)   : 500=0.09%, 750=0.08%, 1000=0.08%, 2000=84.08%, >=2000=15.57%
  cpu          : usr=0.34%, sys=2.29%, ctx=160095, majf=0, minf=1180
  IO depths    : 1=0.1%, 2=0.1%, 4=0.1%, 8=0.1%, 16=0.1%, 32=0.1%, >=64=99.8%
     submit    : 0=0.0%, 4=100.0%, 8=0.0%, 16=0.0%, 32=0.0%, 64=0.0%, >=64=0.0%
     complete  : 0=0.0%, 4=100.0%, 8=0.0%, 16=0.0%, 32=0.0%, 64=0.0%, >=64=0.1%
     issued rwts: total=160057,0,0,0 short=0,0,0,0 dropped=0,0,0,0
     latency   : target=0, window=0, percentile=100.00%, depth=256

Run status group 0 (all jobs):
   READ: bw=2134KiB/s (2185kB/s), 2134KiB/s-2134KiB/s (2185kB/s-2185kB/s), io=625MiB (656MB), run=300008-300008msec
