test: (g=0): rw=randread, bs=(R) 4096B-4096B, (W) 4096B-4096B, (T) 4096B-4096B, ioengine=libaio, iodepth=256
...
fio-3.27
Starting 16 processes
rand-read: Laying out IO file (1 file / 1024MiB)
rand-read: Laying out IO file (1 file / 1024MiB)
rand-read: Laying out IO file (1 file / 1024MiB)
rand-read: Laying out IO file (1 file / 1024MiB)
rand-read: Laying out IO file (1 file / 1024MiB)
rand-read: Laying out IO file (1 file / 1024MiB)
rand-read: Laying out IO file (1 file / 1024MiB)
rand-read: Laying out IO file (1 file / 1024MiB)

test: (groupid=0, jobs=16): err= 0: pid=177298: Tue Jul 20 11:31:17 2021
  read: IOPS=561, BW=2245KiB/s (2299kB/s)(658MiB/300057msec)
    slat (usec): min=1040, max=301089, avg=28472.94, stdev=15083.17
    clat (usec): min=13, max=12990k, avg=7182054.17, stdev=1089357.91
     lat (msec): min=4, max=13020, avg=7210.53, stdev=1091.95
    clat percentiles (msec):
     |  1.00th=[ 2970],  5.00th=[ 6208], 10.00th=[ 6342], 20.00th=[ 6544],
     | 30.00th=[ 6745], 40.00th=[ 6946], 50.00th=[ 7148], 60.00th=[ 7282],
     | 70.00th=[ 7416], 80.00th=[ 7684], 90.00th=[ 8087], 95.00th=[ 8557],
     | 99.00th=[11208], 99.50th=[11610], 99.90th=[12550], 99.95th=[12684],
     | 99.99th=[12953]
   bw (  KiB/s): min=  840, max= 3072, per=99.85%, avg=2242.72, stdev=19.32, samples=9363
   iops        : min=  210, max=  768, avg=560.68, stdev= 4.83, samples=9363
  lat (usec)   : 20=0.01%, 50=0.01%
  lat (msec)   : 10=0.01%, 20=0.01%, 50=0.02%, 100=0.02%, 250=0.06%
  lat (msec)   : 500=0.09%, 750=0.08%, 1000=0.07%, 2000=0.33%, >=2000=99.32%
  cpu          : usr=0.10%, sys=0.62%, ctx=168568, majf=0, minf=4719
  IO depths    : 1=0.1%, 2=0.1%, 4=0.1%, 8=0.1%, 16=0.2%, 32=0.3%, >=64=99.4%
     submit    : 0=0.0%, 4=100.0%, 8=0.0%, 16=0.0%, 32=0.0%, 64=0.0%, >=64=0.0%
     complete  : 0=0.0%, 4=100.0%, 8=0.0%, 16=0.0%, 32=0.0%, 64=0.0%, >=64=0.1%
     issued rwts: total=168442,0,0,0 short=0,0,0,0 dropped=0,0,0,0
     latency   : target=0, window=0, percentile=100.00%, depth=256

Run status group 0 (all jobs):
   READ: bw=2245KiB/s (2299kB/s), 2245KiB/s-2245KiB/s (2299kB/s-2299kB/s), io=658MiB (690MB), run=300057-300057msec
