readwrite: (g=0): rw=rw, bs=(R) 4096B-4096B, (W) 4096B-4096B, (T) 4096B-4096B, ioengine=libaio, iodepth=256
...
fio-3.27
Starting 64 processes
readwrite: Laying out IO file (1 file / 1024MiB)
readwrite: Laying out IO file (1 file / 1024MiB)
readwrite: Laying out IO file (1 file / 1024MiB)
readwrite: Laying out IO file (1 file / 1024MiB)
readwrite: Laying out IO file (1 file / 1024MiB)
readwrite: Laying out IO file (1 file / 1024MiB)
readwrite: Laying out IO file (1 file / 1024MiB)
readwrite: Laying out IO file (1 file / 1024MiB)
readwrite: Laying out IO file (1 file / 1024MiB)
readwrite: Laying out IO file (1 file / 1024MiB)
readwrite: Laying out IO file (1 file / 1024MiB)
readwrite: Laying out IO file (1 file / 1024MiB)
readwrite: Laying out IO file (1 file / 1024MiB)
readwrite: Laying out IO file (1 file / 1024MiB)
readwrite: Laying out IO file (1 file / 1024MiB)
readwrite: Laying out IO file (1 file / 1024MiB)
readwrite: Laying out IO file (1 file / 1024MiB)
readwrite: Laying out IO file (1 file / 1024MiB)
readwrite: Laying out IO file (1 file / 1024MiB)
readwrite: Laying out IO file (1 file / 1024MiB)
readwrite: Laying out IO file (1 file / 1024MiB)
readwrite: Laying out IO file (1 file / 1024MiB)
readwrite: Laying out IO file (1 file / 1024MiB)
readwrite: Laying out IO file (1 file / 1024MiB)
readwrite: Laying out IO file (1 file / 1024MiB)
readwrite: Laying out IO file (1 file / 1024MiB)
readwrite: Laying out IO file (1 file / 1024MiB)
readwrite: Laying out IO file (1 file / 1024MiB)
readwrite: Laying out IO file (1 file / 1024MiB)
readwrite: Laying out IO file (1 file / 1024MiB)
readwrite: Laying out IO file (1 file / 1024MiB)
readwrite: Laying out IO file (1 file / 1024MiB)

readwrite: (groupid=0, jobs=64): err= 0: pid=51102: Wed Jul 21 19:15:59 2021
  read: IOPS=28.9k, BW=113MiB/s (118MB/s)(33.1GiB/300248msec)
    slat (usec): min=7, max=6502.4k, avg=2106.92, stdev=27623.71
    clat (usec): min=17, max=46853k, avg=285384.49, stdev=2347028.29
     lat (usec): min=104, max=47047k, avg=287492.18, stdev=2364048.03
    clat percentiles (msec):
     |  1.00th=[   13],  5.00th=[   13], 10.00th=[   14], 20.00th=[   14],
     | 30.00th=[   14], 40.00th=[   14], 50.00th=[   15], 60.00th=[   15],
     | 70.00th=[   15], 80.00th=[   16], 90.00th=[   16], 95.00th=[   20],
     | 99.00th=[14429], 99.50th=[17113], 99.90th=[17113], 99.95th=[17113],
     | 99.99th=[17113]
   bw (  KiB/s): min=  512, max=1123207, per=100.00%, avg=127480.47, stdev=6747.02, samples=33157
   iops        : min=  128, max=280799, avg=31869.84, stdev=1686.74, samples=33157
  write: IOPS=28.9k, BW=113MiB/s (118MB/s)(33.1GiB/300248msec); 0 zone resets
    slat (usec): min=68, max=4470.6k, avg=84.73, stdev=1930.72
    clat (usec): min=11, max=46998k, avg=278596.74, stdev=2318098.79
     lat (usec): min=83, max=46998k, avg=278682.58, stdev=2318102.43
    clat percentiles (msec):
     |  1.00th=[   13],  5.00th=[   13], 10.00th=[   14], 20.00th=[   14],
     | 30.00th=[   14], 40.00th=[   14], 50.00th=[   15], 60.00th=[   15],
     | 70.00th=[   15], 80.00th=[   16], 90.00th=[   16], 95.00th=[   20],
     | 99.00th=[14026], 99.50th=[17113], 99.90th=[17113], 99.95th=[17113],
     | 99.99th=[17113]
   bw (  KiB/s): min=  512, max=1125026, per=100.00%, avg=127232.74, stdev=6773.48, samples=33008
   iops        : min=  128, max=281252, avg=31807.94, stdev=1693.36, samples=33008
  lat (usec)   : 20=0.01%, 50=0.01%, 100=0.01%, 250=0.01%, 500=0.01%
  lat (usec)   : 750=0.01%, 1000=0.01%
  lat (msec)   : 2=0.01%, 4=0.01%, 10=0.01%, 20=96.60%, 50=1.31%
  lat (msec)   : 100=0.12%, 250=0.10%, 500=0.14%, 750=0.05%, 1000=0.06%
  lat (msec)   : 2000=0.08%, >=2000=1.53%
  cpu          : usr=0.87%, sys=4.53%, ctx=127675, majf=0, minf=2815
  IO depths    : 1=0.1%, 2=0.1%, 4=0.1%, 8=0.1%, 16=0.1%, 32=0.1%, >=64=100.0%
     submit    : 0=0.0%, 4=100.0%, 8=0.0%, 16=0.0%, 32=0.0%, 64=0.0%, >=64=0.0%
     complete  : 0=0.0%, 4=100.0%, 8=0.0%, 16=0.0%, 32=0.0%, 64=0.0%, >=64=0.1%
     issued rwts: total=8680136,8679142,0,0 short=0,0,0,0 dropped=0,0,0,0
     latency   : target=0, window=0, percentile=100.00%, depth=256

Run status group 0 (all jobs):
   READ: bw=113MiB/s (118MB/s), 113MiB/s-113MiB/s (118MB/s-118MB/s), io=33.1GiB (35.6GB), run=300248-300248msec
  WRITE: bw=113MiB/s (118MB/s), 113MiB/s-113MiB/s (118MB/s-118MB/s), io=33.1GiB (35.5GB), run=300248-300248msec
