readwrite: (g=0): rw=rw, bs=(R) 4096B-4096B, (W) 4096B-4096B, (T) 4096B-4096B, ioengine=libaio, iodepth=256
fio-3.27
Starting 1 process
readwrite: Laying out IO file (1 file / 1024MiB)

readwrite: (groupid=0, jobs=1): err= 0: pid=126309: Wed Jul 21 18:22:16 2021
  read: IOPS=7805, BW=30.5MiB/s (32.0MB/s)(9147MiB/300001msec)
    slat (usec): min=7, max=91901, avg=34.88, stdev=389.87
    clat (usec): min=89, max=908832, avg=16341.19, stdev=23836.00
     lat (usec): min=101, max=908842, avg=16376.88, stdev=23911.27
    clat percentiles (msec):
     |  1.00th=[   12],  5.00th=[   13], 10.00th=[   13], 20.00th=[   13],
     | 30.00th=[   13], 40.00th=[   13], 50.00th=[   14], 60.00th=[   14],
     | 70.00th=[   14], 80.00th=[   14], 90.00th=[   15], 95.00th=[   26],
     | 99.00th=[  113], 99.50th=[  132], 99.90th=[  184], 99.95th=[  264],
     | 99.99th=[  894]
   bw (  KiB/s): min= 1056, max=41939, per=100.00%, avg=31535.15, stdev=12348.98, samples=593
   iops        : min=  264, max=10484, avg=7883.70, stdev=3087.23, samples=593
  write: IOPS=7799, BW=30.5MiB/s (31.9MB/s)(9141MiB/300001msec); 0 zone resets
    slat (usec): min=68, max=3831, avg=71.65, stdev=12.18
    clat (usec): min=11, max=908796, avg=16343.34, stdev=23717.64
     lat (usec): min=82, max=908866, avg=16416.10, stdev=23719.05
    clat percentiles (msec):
     |  1.00th=[   12],  5.00th=[   13], 10.00th=[   13], 20.00th=[   13],
     | 30.00th=[   13], 40.00th=[   13], 50.00th=[   14], 60.00th=[   14],
     | 70.00th=[   14], 80.00th=[   14], 90.00th=[   15], 95.00th=[   27],
     | 99.00th=[  113], 99.50th=[  132], 99.90th=[  186], 99.95th=[  264],
     | 99.99th=[  894]
   bw (  KiB/s): min= 1056, max=41392, per=100.00%, avg=31514.45, stdev=12322.42, samples=593
   iops        : min=  264, max=10348, avg=7878.50, stdev=3080.59, samples=593
  lat (usec)   : 20=0.01%, 100=0.01%, 250=0.01%, 500=0.01%, 750=0.01%
  lat (usec)   : 1000=0.01%
  lat (msec)   : 2=0.01%, 4=0.01%, 10=0.01%, 20=94.78%, 50=2.93%
  lat (msec)   : 100=0.69%, 250=1.54%, 500=0.01%, 750=0.01%, 1000=0.04%
  cpu          : usr=15.15%, sys=73.43%, ctx=51070, majf=0, minf=43
  IO depths    : 1=0.1%, 2=0.1%, 4=0.1%, 8=0.1%, 16=0.1%, 32=0.1%, >=64=100.0%
     submit    : 0=0.0%, 4=100.0%, 8=0.0%, 16=0.0%, 32=0.0%, 64=0.0%, >=64=0.0%
     complete  : 0=0.0%, 4=100.0%, 8=0.0%, 16=0.0%, 32=0.0%, 64=0.0%, >=64=0.1%
     issued rwts: total=2341510,2339991,0,0 short=0,0,0,0 dropped=0,0,0,0
     latency   : target=0, window=0, percentile=100.00%, depth=256

Run status group 0 (all jobs):
   READ: bw=30.5MiB/s (32.0MB/s), 30.5MiB/s-30.5MiB/s (32.0MB/s-32.0MB/s), io=9147MiB (9591MB), run=300001-300001msec
  WRITE: bw=30.5MiB/s (31.9MB/s), 30.5MiB/s-30.5MiB/s (31.9MB/s-31.9MB/s), io=9141MiB (9585MB), run=300001-300001msec
