readwrite: (g=0): rw=rw, bs=(R) 4096B-4096B, (W) 4096B-4096B, (T) 4096B-4096B, ioengine=libaio, iodepth=256
fio-3.27
Starting 1 process
readwrite: Laying out IO file (1 file / 1024MiB)

readwrite: (groupid=0, jobs=1): err= 0: pid=73958: Wed Jul 21 19:21:48 2021
  read: IOPS=7962, BW=31.1MiB/s (32.6MB/s)(9331MiB/300001msec)
    slat (usec): min=7, max=64058, avg=32.31, stdev=374.97
    clat (usec): min=90, max=932531, avg=16019.13, stdev=23608.11
     lat (usec): min=102, max=932542, avg=16052.25, stdev=23668.28
    clat percentiles (msec):
     |  1.00th=[   12],  5.00th=[   13], 10.00th=[   13], 20.00th=[   13],
     | 30.00th=[   13], 40.00th=[   13], 50.00th=[   14], 60.00th=[   14],
     | 70.00th=[   14], 80.00th=[   14], 90.00th=[   14], 95.00th=[   20],
     | 99.00th=[  106], 99.50th=[  122], 99.90th=[  171], 99.95th=[  317],
     | 99.99th=[  911]
   bw (  KiB/s): min=  704, max=43280, per=100.00%, avg=32077.64, stdev=12000.53, samples=595
   iops        : min=  176, max=10820, avg=8019.39, stdev=3000.13, samples=595
  write: IOPS=7955, BW=31.1MiB/s (32.6MB/s)(9323MiB/300001msec); 0 zone resets
    slat (usec): min=68, max=3674, avg=71.39, stdev=12.22
    clat (usec): min=12, max=932465, avg=16025.67, stdev=23486.52
     lat (usec): min=82, max=932535, avg=16098.16, stdev=23487.87
    clat percentiles (msec):
     |  1.00th=[   12],  5.00th=[   13], 10.00th=[   13], 20.00th=[   13],
     | 30.00th=[   13], 40.00th=[   13], 50.00th=[   14], 60.00th=[   14],
     | 70.00th=[   14], 80.00th=[   14], 90.00th=[   14], 95.00th=[   21],
     | 99.00th=[  107], 99.50th=[  123], 99.90th=[  174], 99.95th=[  317],
     | 99.99th=[  911]
   bw (  KiB/s): min=  664, max=41384, per=100.00%, avg=32051.68, stdev=11965.23, samples=595
   iops        : min=  166, max=10346, avg=8012.90, stdev=2991.30, samples=595
  lat (usec)   : 20=0.01%, 100=0.01%, 250=0.01%, 500=0.01%, 750=0.01%
  lat (usec)   : 1000=0.01%
  lat (msec)   : 2=0.01%, 4=0.01%, 10=0.01%, 20=95.00%, 50=2.90%
  lat (msec)   : 100=0.81%, 250=1.23%, 500=0.01%, 1000=0.05%
  cpu          : usr=15.40%, sys=74.95%, ctx=47011, majf=0, minf=43
  IO depths    : 1=0.1%, 2=0.1%, 4=0.1%, 8=0.1%, 16=0.1%, 32=0.1%, >=64=100.0%
     submit    : 0=0.0%, 4=100.0%, 8=0.0%, 16=0.0%, 32=0.0%, 64=0.0%, >=64=0.0%
     complete  : 0=0.0%, 4=100.0%, 8=0.0%, 16=0.0%, 32=0.0%, 64=0.0%, >=64=0.1%
     issued rwts: total=2388611,2386622,0,0 short=0,0,0,0 dropped=0,0,0,0
     latency   : target=0, window=0, percentile=100.00%, depth=256

Run status group 0 (all jobs):
   READ: bw=31.1MiB/s (32.6MB/s), 31.1MiB/s-31.1MiB/s (32.6MB/s-32.6MB/s), io=9331MiB (9784MB), run=300001-300001msec
  WRITE: bw=31.1MiB/s (32.6MB/s), 31.1MiB/s-31.1MiB/s (32.6MB/s-32.6MB/s), io=9323MiB (9776MB), run=300001-300001msec
