test: (g=0): rw=randread, bs=(R) 4096B-4096B, (W) 4096B-4096B, (T) 4096B-4096B, ioengine=libaio, iodepth=256
...
fio-3.27
Starting 8 processes
rand-read: Laying out IO file (1 file / 1024MiB)
rand-read: Laying out IO file (1 file / 1024MiB)
rand-read: Laying out IO file (1 file / 1024MiB)
rand-read: Laying out IO file (1 file / 1024MiB)

test: (groupid=0, jobs=8): err= 0: pid=134883: Tue Jul 20 10:23:52 2021
  read: IOPS=784, BW=3140KiB/s (3215kB/s)(920MiB/300018msec)
    slat (usec): min=457, max=129996, avg=10168.33, stdev=7846.66
    clat (usec): min=14, max=3114.1k, avg=2588768.21, stdev=188187.07
     lat (msec): min=5, max=3118, avg=2598.94, stdev=188.35
    clat percentiles (msec):
     |  1.00th=[ 2265],  5.00th=[ 2400], 10.00th=[ 2433], 20.00th=[ 2500],
     | 30.00th=[ 2534], 40.00th=[ 2567], 50.00th=[ 2601], 60.00th=[ 2635],
     | 70.00th=[ 2668], 80.00th=[ 2702], 90.00th=[ 2769], 95.00th=[ 2836],
     | 99.00th=[ 2937], 99.50th=[ 2970], 99.90th=[ 3004], 99.95th=[ 3037],
     | 99.99th=[ 3071]
   bw (  KiB/s): min= 1536, max= 4203, per=99.92%, avg=3137.07, stdev=43.62, samples=4756
   iops        : min=  384, max= 1050, avg=784.27, stdev=10.90, samples=4756
  lat (usec)   : 20=0.01%, 50=0.01%
  lat (msec)   : 10=0.01%, 20=0.01%, 50=0.01%, 100=0.02%, 250=0.05%
  lat (msec)   : 500=0.08%, 750=0.08%, 1000=0.08%, 2000=0.33%, >=2000=99.35%
  cpu          : usr=0.26%, sys=1.69%, ctx=235558, majf=0, minf=2358
  IO depths    : 1=0.1%, 2=0.1%, 4=0.1%, 8=0.1%, 16=0.1%, 32=0.1%, >=64=99.8%
     submit    : 0=0.0%, 4=100.0%, 8=0.0%, 16=0.0%, 32=0.0%, 64=0.0%, >=64=0.0%
     complete  : 0=0.0%, 4=100.0%, 8=0.0%, 16=0.0%, 32=0.0%, 64=0.0%, >=64=0.1%
     issued rwts: total=235478,0,0,0 short=0,0,0,0 dropped=0,0,0,0
     latency   : target=0, window=0, percentile=100.00%, depth=256

Run status group 0 (all jobs):
   READ: bw=3140KiB/s (3215kB/s), 3140KiB/s-3140KiB/s (3215kB/s-3215kB/s), io=920MiB (965MB), run=300018-300018msec
