readwrite: (g=0): rw=rw, bs=(R) 4096B-4096B, (W) 4096B-4096B, (T) 4096B-4096B, ioengine=libaio, iodepth=256
fio-3.27
Starting 1 process
readwrite: Laying out IO file (1 file / 1024MiB)

readwrite: (groupid=0, jobs=1): err= 0: pid=69909: Wed Jul 21 18:22:16 2021
  read: IOPS=7946, BW=31.0MiB/s (32.5MB/s)(9312MiB/300001msec)
    slat (usec): min=7, max=79734, avg=32.46, stdev=387.12
    clat (msec): min=3, max=965, avg=16.05, stdev=23.85
     lat (msec): min=3, max=965, avg=16.08, stdev=23.91
    clat percentiles (msec):
     |  1.00th=[   12],  5.00th=[   13], 10.00th=[   13], 20.00th=[   13],
     | 30.00th=[   13], 40.00th=[   13], 50.00th=[   14], 60.00th=[   14],
     | 70.00th=[   14], 80.00th=[   14], 90.00th=[   14], 95.00th=[   20],
     | 99.00th=[  105], 99.50th=[  122], 99.90th=[  180], 99.95th=[  279],
     | 99.99th=[  919]
   bw (  KiB/s): min=   40, max=42688, per=100.00%, avg=32020.00, stdev=11971.87, samples=595
   iops        : min=   10, max=10672, avg=8004.99, stdev=2992.97, samples=595
  write: IOPS=7940, BW=31.0MiB/s (32.5MB/s)(9305MiB/300001msec); 0 zone resets
    slat (usec): min=67, max=4620, avg=71.50, stdev=12.74
    clat (usec): min=11, max=965526, avg=16056.67, stdev=23769.36
     lat (msec): min=3, max=965, avg=16.13, stdev=23.77
    clat percentiles (msec):
     |  1.00th=[   12],  5.00th=[   13], 10.00th=[   13], 20.00th=[   13],
     | 30.00th=[   13], 40.00th=[   13], 50.00th=[   14], 60.00th=[   14],
     | 70.00th=[   14], 80.00th=[   14], 90.00th=[   14], 95.00th=[   20],
     | 99.00th=[  105], 99.50th=[  122], 99.90th=[  182], 99.95th=[  279],
     | 99.99th=[  919]
   bw (  KiB/s): min=   32, max=41528, per=100.00%, avg=31995.71, stdev=11942.68, samples=595
   iops        : min=    8, max=10382, avg=7998.89, stdev=2985.65, samples=595
  lat (usec)   : 20=0.01%
  lat (msec)   : 4=0.01%, 10=0.01%, 20=95.01%, 50=2.89%, 100=0.90%
  lat (msec)   : 250=1.14%, 500=0.01%, 750=0.01%, 1000=0.04%
  cpu          : usr=15.63%, sys=74.61%, ctx=47037, majf=0, minf=42
  IO depths    : 1=0.1%, 2=0.1%, 4=0.1%, 8=0.1%, 16=0.1%, 32=0.1%, >=64=100.0%
     submit    : 0=0.0%, 4=100.0%, 8=0.0%, 16=0.0%, 32=0.0%, 64=0.0%, >=64=0.0%
     complete  : 0=0.0%, 4=100.0%, 8=0.0%, 16=0.0%, 32=0.0%, 64=0.0%, >=64=0.1%
     issued rwts: total=2383995,2382080,0,0 short=0,0,0,0 dropped=0,0,0,0
     latency   : target=0, window=0, percentile=100.00%, depth=256

Run status group 0 (all jobs):
   READ: bw=31.0MiB/s (32.5MB/s), 31.0MiB/s-31.0MiB/s (32.5MB/s-32.5MB/s), io=9312MiB (9765MB), run=300001-300001msec
  WRITE: bw=31.0MiB/s (32.5MB/s), 31.0MiB/s-31.0MiB/s (32.5MB/s-32.5MB/s), io=9305MiB (9757MB), run=300001-300001msec
