test: (g=0): rw=randread, bs=(R) 4096B-4096B, (W) 4096B-4096B, (T) 4096B-4096B, ioengine=libaio, iodepth=256
...
fio-3.27
Starting 8 processes
rand-read: Laying out IO file (1 file / 1024MiB)
rand-read: Laying out IO file (1 file / 1024MiB)
rand-read: Laying out IO file (1 file / 1024MiB)
rand-read: Laying out IO file (1 file / 1024MiB)

test: (groupid=0, jobs=8): err= 0: pid=147664: Mon Jul 19 19:39:40 2021
  read: IOPS=768, BW=3075KiB/s (3149kB/s)(901MiB/300016msec)
    slat (usec): min=450, max=133223, avg=10381.39, stdev=8411.86
    clat (usec): min=12, max=3741.7k, avg=2642228.77, stdev=303022.29
     lat (msec): min=11, max=3753, avg=2652.61, stdev=303.80
    clat percentiles (msec):
     |  1.00th=[ 1938],  5.00th=[ 2165], 10.00th=[ 2333], 20.00th=[ 2433],
     | 30.00th=[ 2500], 40.00th=[ 2567], 50.00th=[ 2635], 60.00th=[ 2702],
     | 70.00th=[ 2802], 80.00th=[ 2869], 90.00th=[ 3004], 95.00th=[ 3104],
     | 99.00th=[ 3339], 99.50th=[ 3406], 99.90th=[ 3507], 99.95th=[ 3574],
     | 99.99th=[ 3675]
   bw (  KiB/s): min= 1584, max= 4594, per=99.94%, avg=3073.38, stdev=55.56, samples=4753
   iops        : min=  396, max= 1148, avg=768.33, stdev=13.89, samples=4753
  lat (usec)   : 20=0.01%, 50=0.01%
  lat (msec)   : 20=0.01%, 50=0.01%, 100=0.01%, 250=0.05%, 500=0.08%
  lat (msec)   : 750=0.08%, 1000=0.07%, 2000=1.36%, >=2000=98.32%
  cpu          : usr=0.27%, sys=1.71%, ctx=230712, majf=0, minf=2359
  IO depths    : 1=0.1%, 2=0.1%, 4=0.1%, 8=0.1%, 16=0.1%, 32=0.1%, >=64=99.8%
     submit    : 0=0.0%, 4=100.0%, 8=0.0%, 16=0.0%, 32=0.0%, 64=0.0%, >=64=0.0%
     complete  : 0=0.0%, 4=100.0%, 8=0.0%, 16=0.0%, 32=0.0%, 64=0.0%, >=64=0.1%
     issued rwts: total=230636,0,0,0 short=0,0,0,0 dropped=0,0,0,0
     latency   : target=0, window=0, percentile=100.00%, depth=256

Run status group 0 (all jobs):
   READ: bw=3075KiB/s (3149kB/s), 3075KiB/s-3075KiB/s (3149kB/s-3149kB/s), io=901MiB (945MB), run=300016-300016msec
