test: (g=0): rw=randread, bs=(R) 4096B-4096B, (W) 4096B-4096B, (T) 4096B-4096B, ioengine=libaio, iodepth=256
...
fio-3.27
Starting 2 processes
rand-read: Laying out IO file (1 file / 1024MiB)

test: (groupid=0, jobs=2): err= 0: pid=163359: Tue Jul 20 11:10:51 2021
  read: IOPS=288, BW=1154KiB/s (1182kB/s)(338MiB/300015msec)
    slat (usec): min=443, max=74779, avg=6909.95, stdev=4620.10
    clat (usec): min=14, max=2048.7k, avg=1762192.33, stdev=112809.12
     lat (msec): min=9, max=2057, avg=1769.10, stdev=112.93
    clat percentiles (msec):
     |  1.00th=[ 1569],  5.00th=[ 1636], 10.00th=[ 1670], 20.00th=[ 1703],
     | 30.00th=[ 1720], 40.00th=[ 1737], 50.00th=[ 1770], 60.00th=[ 1787],
     | 70.00th=[ 1804], 80.00th=[ 1838], 90.00th=[ 1871], 95.00th=[ 1905],
     | 99.00th=[ 1972], 99.50th=[ 1989], 99.90th=[ 2005], 99.95th=[ 2022],
     | 99.99th=[ 2039]
   bw (  KiB/s): min=  504, max= 1432, per=99.89%, avg=1153.70, stdev=49.52, samples=1192
   iops        : min=  126, max=  358, avg=288.36, stdev=12.38, samples=1192
  lat (usec)   : 20=0.01%
  lat (msec)   : 10=0.01%, 20=0.01%, 50=0.01%, 100=0.02%, 250=0.06%
  lat (msec)   : 500=0.09%, 750=0.07%, 1000=0.09%, 2000=99.47%, >=2000=0.19%
  cpu          : usr=0.35%, sys=2.25%, ctx=86587, majf=0, minf=589
  IO depths    : 1=0.1%, 2=0.1%, 4=0.1%, 8=0.1%, 16=0.1%, 32=0.1%, >=64=99.9%
     submit    : 0=0.0%, 4=100.0%, 8=0.0%, 16=0.0%, 32=0.0%, 64=0.0%, >=64=0.0%
     complete  : 0=0.0%, 4=100.0%, 8=0.0%, 16=0.0%, 32=0.0%, 64=0.0%, >=64=0.1%
     issued rwts: total=86571,0,0,0 short=0,0,0,0 dropped=0,0,0,0
     latency   : target=0, window=0, percentile=100.00%, depth=256

Run status group 0 (all jobs):
   READ: bw=1154KiB/s (1182kB/s), 1154KiB/s-1154KiB/s (1182kB/s-1182kB/s), io=338MiB (355MB), run=300015-300015msec
