test: (g=0): rw=read, bs=(R) 4096B-4096B, (W) 4096B-4096B, (T) 4096B-4096B, ioengine=libaio, iodepth=256
...
fio-3.27
Starting 4 processes
seq-read: Laying out IO file (1 file / 1024MiB)
seq-read: Laying out IO file (1 file / 1024MiB)

test: (groupid=0, jobs=4): err= 0: pid=213646: Tue Jul 20 13:29:10 2021
  read: IOPS=11.3k, BW=44.0MiB/s (46.1MB/s)(12.9GiB/300042msec)
    slat (usec): min=10, max=1930.6k, avg=342.81, stdev=3397.06
    clat (usec): min=16, max=7667.7k, avg=90370.86, stdev=354991.02
     lat (msec): min=4, max=7726, avg=90.71, stdev=356.29
    clat percentiles (msec):
     |  1.00th=[    5],  5.00th=[    5], 10.00th=[    5], 20.00th=[    5],
     | 30.00th=[    5], 40.00th=[    5], 50.00th=[    6], 60.00th=[    6],
     | 70.00th=[    6], 80.00th=[   26], 90.00th=[  275], 95.00th=[  393],
     | 99.00th=[ 1485], 99.50th=[ 2668], 99.90th=[ 4866], 99.95th=[ 5604],
     | 99.99th=[ 6745]
   bw (  KiB/s): min=   56, max=657760, per=100.00%, avg=45617.10, stdev=34390.06, samples=2381
   iops        : min=   14, max=164440, avg=11404.29, stdev=8597.53, samples=2381
  lat (usec)   : 20=0.01%, 50=0.01%
  lat (msec)   : 10=72.13%, 20=7.75%, 50=4.79%, 100=0.12%, 250=3.17%
  lat (msec)   : 500=8.76%, 750=1.31%, 1000=0.46%, 2000=0.73%, >=2000=0.77%
  cpu          : usr=2.78%, sys=11.55%, ctx=507417, majf=0, minf=1182
  IO depths    : 1=0.1%, 2=0.1%, 4=0.1%, 8=0.1%, 16=0.1%, 32=0.1%, >=64=100.0%
     submit    : 0=0.0%, 4=100.0%, 8=0.0%, 16=0.0%, 32=0.0%, 64=0.0%, >=64=0.0%
     complete  : 0=0.0%, 4=100.0%, 8=0.0%, 16=0.0%, 32=0.0%, 64=0.0%, >=64=0.1%
     issued rwts: total=3379831,0,0,0 short=0,0,0,0 dropped=0,0,0,0
     latency   : target=0, window=0, percentile=100.00%, depth=256

Run status group 0 (all jobs):
   READ: bw=44.0MiB/s (46.1MB/s), 44.0MiB/s-44.0MiB/s (46.1MB/s-46.1MB/s), io=12.9GiB (13.8GB), run=300042-300042msec
