readwrite: (g=0): rw=rw, bs=(R) 4096B-4096B, (W) 4096B-4096B, (T) 4096B-4096B, ioengine=libaio, iodepth=256
...
fio-3.27
Starting 8 processes
readwrite: Laying out IO file (1 file / 1024MiB)
readwrite: Laying out IO file (1 file / 1024MiB)
readwrite: Laying out IO file (1 file / 1024MiB)
readwrite: Laying out IO file (1 file / 1024MiB)

readwrite: (groupid=0, jobs=8): err= 0: pid=2249: Wed Jul 21 16:53:46 2021
  read: IOPS=36.7k, BW=143MiB/s (150MB/s)(42.0GiB/300434msec)
    slat (usec): min=7, max=1004.1k, avg=104.34, stdev=1724.58
    clat (usec): min=15, max=7990.5k, avg=27759.03, stdev=114637.56
     lat (usec): min=64, max=7990.6k, avg=27864.15, stdev=115271.24
    clat percentiles (msec):
     |  1.00th=[   13],  5.00th=[   13], 10.00th=[   14], 20.00th=[   14],
     | 30.00th=[   14], 40.00th=[   14], 50.00th=[   14], 60.00th=[   15],
     | 70.00th=[   15], 80.00th=[   16], 90.00th=[   19], 95.00th=[   20],
     | 99.00th=[  498], 99.50th=[  768], 99.90th=[ 1502], 99.95th=[ 1955],
     | 99.99th=[ 3272]
   bw (  KiB/s): min=  120, max=321464, per=100.00%, avg=148301.14, stdev=13061.01, samples=4760
   iops        : min=   30, max=80365, avg=37075.01, stdev=3265.25, samples=4760
  write: IOPS=36.7k, BW=143MiB/s (150MB/s)(42.0GiB/300434msec); 0 zone resets
    slat (usec): min=68, max=1286.8k, avg=91.95, stdev=1424.15
    clat (usec): min=11, max=7988.5k, avg=27693.03, stdev=114566.46
     lat (usec): min=85, max=7988.6k, avg=27786.10, stdev=114707.74
    clat percentiles (msec):
     |  1.00th=[   13],  5.00th=[   13], 10.00th=[   14], 20.00th=[   14],
     | 30.00th=[   14], 40.00th=[   14], 50.00th=[   14], 60.00th=[   15],
     | 70.00th=[   15], 80.00th=[   16], 90.00th=[   19], 95.00th=[   20],
     | 99.00th=[  493], 99.50th=[  768], 99.90th=[ 1502], 99.95th=[ 1955],
     | 99.99th=[ 3272]
   bw (  KiB/s): min=  208, max=321016, per=100.00%, avg=148361.01, stdev=13058.34, samples=4757
   iops        : min=   52, max=80254, avg=37089.97, stdev=3264.58, samples=4757
  lat (usec)   : 20=0.01%, 50=0.01%, 100=0.01%, 250=0.01%, 500=0.01%
  lat (usec)   : 750=0.01%, 1000=0.01%
  lat (msec)   : 2=0.01%, 4=0.01%, 10=0.01%, 20=95.50%, 50=2.03%
  lat (msec)   : 100=0.16%, 250=0.45%, 500=0.87%, 750=0.47%, 1000=0.25%
  lat (msec)   : 2000=0.23%, >=2000=0.05%
  cpu          : usr=8.84%, sys=46.93%, ctx=209541, majf=0, minf=356
  IO depths    : 1=0.1%, 2=0.1%, 4=0.1%, 8=0.1%, 16=0.1%, 32=0.1%, >=64=100.0%
     submit    : 0=0.0%, 4=100.0%, 8=0.0%, 16=0.0%, 32=0.0%, 64=0.0%, >=64=0.0%
     complete  : 0=0.0%, 4=100.0%, 8=0.0%, 16=0.0%, 32=0.0%, 64=0.0%, >=64=0.1%
     issued rwts: total=11020263,11019527,0,0 short=0,0,0,0 dropped=0,0,0,0
     latency   : target=0, window=0, percentile=100.00%, depth=256

Run status group 0 (all jobs):
   READ: bw=143MiB/s (150MB/s), 143MiB/s-143MiB/s (150MB/s-150MB/s), io=42.0GiB (45.1GB), run=300434-300434msec
  WRITE: bw=143MiB/s (150MB/s), 143MiB/s-143MiB/s (150MB/s-150MB/s), io=42.0GiB (45.1GB), run=300434-300434msec
