test: (g=0): rw=randread, bs=(R) 4096B-4096B, (W) 4096B-4096B, (T) 4096B-4096B, ioengine=libaio, iodepth=256
...
fio-3.27
Starting 4 processes
rand-read: Laying out IO file (1 file / 1024MiB)
rand-read: Laying out IO file (1 file / 1024MiB)

test: (groupid=0, jobs=4): err= 0: pid=166874: Tue Jul 20 11:16:42 2021
  read: IOPS=447, BW=1789KiB/s (1832kB/s)(524MiB/300007msec)
    slat (usec): min=457, max=93815, avg=8921.64, stdev=6487.96
    clat (usec): min=14, max=2791.7k, avg=2272055.77, stdev=164397.96
     lat (msec): min=8, max=2799, avg=2280.98, stdev=164.60
    clat percentiles (msec):
     |  1.00th=[ 2005],  5.00th=[ 2089], 10.00th=[ 2140], 20.00th=[ 2198],
     | 30.00th=[ 2232], 40.00th=[ 2232], 50.00th=[ 2265], 60.00th=[ 2299],
     | 70.00th=[ 2333], 80.00th=[ 2366], 90.00th=[ 2433], 95.00th=[ 2467],
     | 99.00th=[ 2534], 99.50th=[ 2567], 99.90th=[ 2668], 99.95th=[ 2735],
     | 99.99th=[ 2769]
   bw (  KiB/s): min=  848, max= 2312, per=99.94%, avg=1788.22, stdev=44.08, samples=2380
   iops        : min=  212, max=  578, avg=447.05, stdev=11.02, samples=2380
  lat (usec)   : 20=0.01%, 50=0.01%
  lat (msec)   : 10=0.01%, 20=0.01%, 50=0.01%, 100=0.02%, 250=0.07%
  lat (msec)   : 500=0.10%, 750=0.08%, 1000=0.09%, 2000=0.64%, >=2000=98.99%
  cpu          : usr=0.27%, sys=1.76%, ctx=134214, majf=0, minf=1179
  IO depths    : 1=0.1%, 2=0.1%, 4=0.1%, 8=0.1%, 16=0.1%, 32=0.1%, >=64=99.8%
     submit    : 0=0.0%, 4=100.0%, 8=0.0%, 16=0.0%, 32=0.0%, 64=0.0%, >=64=0.0%
     complete  : 0=0.0%, 4=100.0%, 8=0.0%, 16=0.0%, 32=0.0%, 64=0.0%, >=64=0.1%
     issued rwts: total=134185,0,0,0 short=0,0,0,0 dropped=0,0,0,0
     latency   : target=0, window=0, percentile=100.00%, depth=256

Run status group 0 (all jobs):
   READ: bw=1789KiB/s (1832kB/s), 1789KiB/s-1789KiB/s (1832kB/s-1832kB/s), io=524MiB (550MB), run=300007-300007msec
