test: (g=0): rw=read, bs=(R) 4096B-4096B, (W) 4096B-4096B, (T) 4096B-4096B, ioengine=libaio, iodepth=256
...
fio-3.27
Starting 16 processes
seq-read: Laying out IO file (1 file / 1024MiB)
seq-read: Laying out IO file (1 file / 1024MiB)
seq-read: Laying out IO file (1 file / 1024MiB)
seq-read: Laying out IO file (1 file / 1024MiB)
seq-read: Laying out IO file (1 file / 1024MiB)
seq-read: Laying out IO file (1 file / 1024MiB)
seq-read: Laying out IO file (1 file / 1024MiB)
seq-read: Laying out IO file (1 file / 1024MiB)

test: (groupid=0, jobs=16): err= 0: pid=7917: Tue Jul 20 14:45:32 2021
  read: IOPS=35.2k, BW=138MiB/s (144MB/s)(40.3GiB/300021msec)
    slat (usec): min=10, max=324866, avg=442.33, stdev=3198.74
    clat (usec): min=11, max=18000k, avg=115682.65, stdev=570988.52
     lat (usec): min=64, max=18049k, avg=116125.90, stdev=573093.32
    clat percentiles (msec):
     |  1.00th=[    5],  5.00th=[    5], 10.00th=[    5], 20.00th=[    5],
     | 30.00th=[    5], 40.00th=[    6], 50.00th=[    6], 60.00th=[    6],
     | 70.00th=[    6], 80.00th=[    6], 90.00th=[   26], 95.00th=[  936],
     | 99.00th=[ 2635], 99.50th=[ 3306], 99.90th=[ 7550], 99.95th=[ 8926],
     | 99.99th=[14295]
   bw (  KiB/s): min=  408, max=2279800, per=100.00%, avg=142887.19, stdev=29767.58, samples=9545
   iops        : min=  102, max=569950, avg=35721.52, stdev=7441.89, samples=9545
  lat (usec)   : 20=0.01%, 50=0.01%, 100=0.01%, 250=0.01%, 500=0.01%
  lat (usec)   : 750=0.01%, 1000=0.01%
  lat (msec)   : 2=0.01%, 4=0.01%, 10=81.86%, 20=6.83%, 50=5.45%
  lat (msec)   : 100=0.05%, 250=0.01%, 500=0.01%, 750=0.07%, 1000=1.32%
  lat (msec)   : 2000=2.66%, >=2000=1.73%
  cpu          : usr=2.07%, sys=6.77%, ctx=602471, majf=0, minf=4730
  IO depths    : 1=0.1%, 2=0.1%, 4=0.1%, 8=0.1%, 16=0.1%, 32=0.1%, >=64=100.0%
     submit    : 0=0.0%, 4=100.0%, 8=0.0%, 16=0.0%, 32=0.0%, 64=0.0%, >=64=0.0%
     complete  : 0=0.0%, 4=100.0%, 8=0.0%, 16=0.0%, 32=0.0%, 64=0.0%, >=64=0.1%
     issued rwts: total=10570854,0,0,0 short=0,0,0,0 dropped=0,0,0,0
     latency   : target=0, window=0, percentile=100.00%, depth=256

Run status group 0 (all jobs):
   READ: bw=138MiB/s (144MB/s), 138MiB/s-138MiB/s (144MB/s-144MB/s), io=40.3GiB (43.3GB), run=300021-300021msec
