test: (g=0): rw=read, bs=(R) 4096B-4096B, (W) 4096B-4096B, (T) 4096B-4096B, ioengine=libaio, iodepth=256
fio-3.27
Starting 1 process
test: Laying out IO file (1 file / 1024MiB)

test: (groupid=0, jobs=1): err= 0: pid=213585: Fri Jul 16 03:00:25 2021
  read: IOPS=32.0k, BW=125MiB/s (131MB/s)(36.6GiB/300009msec)
    slat (usec): min=10, max=116905, avg=20.12, stdev=347.73
    clat (usec): min=24, max=1064.7k, avg=7959.32, stdev=32207.36
     lat (msec): min=4, max=1064, avg= 7.98, stdev=32.24
    clat percentiles (msec):
     |  1.00th=[    5],  5.00th=[    5], 10.00th=[    5], 20.00th=[    5],
     | 30.00th=[    5], 40.00th=[    5], 50.00th=[    5], 60.00th=[    5],
     | 70.00th=[    6], 80.00th=[    6], 90.00th=[   16], 95.00th=[   26],
     | 99.00th=[   27], 99.50th=[   27], 99.90th=[  634], 99.95th=[  911],
     | 99.99th=[  944]
   bw (  KiB/s): min=   16, max=165667, per=100.00%, avg=133667.07, stdev=53649.78, samples=574
   iops        : min=    4, max=41418, avg=33416.72, stdev=13412.44, samples=574
  lat (usec)   : 50=0.01%
  lat (msec)   : 10=89.31%, 20=4.59%, 50=5.92%, 100=0.02%, 250=0.01%
  lat (msec)   : 500=0.01%, 750=0.06%, 1000=0.09%, 2000=0.01%
  cpu          : usr=26.80%, sys=68.11%, ctx=7528, majf=0, minf=294
  IO depths    : 1=0.1%, 2=0.1%, 4=0.1%, 8=0.1%, 16=0.1%, 32=0.1%, >=64=100.0%
     submit    : 0=0.0%, 4=100.0%, 8=0.0%, 16=0.0%, 32=0.0%, 64=0.0%, >=64=0.0%
     complete  : 0=0.0%, 4=100.0%, 8=0.0%, 16=0.0%, 32=0.0%, 64=0.0%, >=64=0.1%
     issued rwts: total=9605121,0,0,0 short=0,0,0,0 dropped=0,0,0,0
     latency   : target=0, window=0, percentile=100.00%, depth=256

Run status group 0 (all jobs):
   READ: bw=125MiB/s (131MB/s), 125MiB/s-125MiB/s (131MB/s-131MB/s), io=36.6GiB (39.3GB), run=300009-300009msec
