test: (g=0): rw=read, bs=(R) 4096B-4096B, (W) 4096B-4096B, (T) 4096B-4096B, ioengine=libaio, iodepth=256
...
fio-3.27
Starting 32 processes
seq-read: Laying out IO file (1 file / 1024MiB)
seq-read: Laying out IO file (1 file / 1024MiB)
seq-read: Laying out IO file (1 file / 1024MiB)
seq-read: Laying out IO file (1 file / 1024MiB)
seq-read: Laying out IO file (1 file / 1024MiB)
seq-read: Laying out IO file (1 file / 1024MiB)
seq-read: Laying out IO file (1 file / 1024MiB)
seq-read: Laying out IO file (1 file / 1024MiB)
seq-read: Laying out IO file (1 file / 1024MiB)
seq-read: Laying out IO file (1 file / 1024MiB)
seq-read: Laying out IO file (1 file / 1024MiB)
seq-read: Laying out IO file (1 file / 1024MiB)
seq-read: Laying out IO file (1 file / 1024MiB)
seq-read: Laying out IO file (1 file / 1024MiB)
seq-read: Laying out IO file (1 file / 1024MiB)
seq-read: Laying out IO file (1 file / 1024MiB)

test: (groupid=0, jobs=32): err= 0: pid=242726: Tue Jul 20 13:55:31 2021
  read: IOPS=17.0k, BW=66.4MiB/s (69.7MB/s)(19.5GiB/300436msec)
    slat (usec): min=10, max=5690.0k, avg=1868.11, stdev=27947.81
    clat (usec): min=14, max=91450k, avg=425021.40, stdev=3601126.60
     lat (msec): min=4, max=91793, avg=426.89, stdev=3616.39
    clat percentiles (msec):
     |  1.00th=[    5],  5.00th=[    5], 10.00th=[    5], 20.00th=[    5],
     | 30.00th=[    5], 40.00th=[    6], 50.00th=[    6], 60.00th=[    6],
     | 70.00th=[    6], 80.00th=[   17], 90.00th=[   26], 95.00th=[ 1334],
     | 99.00th=[ 8792], 99.50th=[17113], 99.90th=[17113], 99.95th=[17113],
     | 99.99th=[17113]
   bw (  KiB/s): min=  256, max=3664139, per=100.00%, avg=97014.79, stdev=19291.41, samples=13703
   iops        : min=   64, max=916034, avg=24253.69, stdev=4822.85, samples=13703
  lat (usec)   : 20=0.01%, 50=0.01%
  lat (msec)   : 10=77.28%, 20=11.57%, 50=5.19%, 100=0.08%, 250=0.03%
  lat (msec)   : 500=0.04%, 750=0.06%, 1000=0.08%, 2000=3.08%, >=2000=2.59%
  cpu          : usr=0.51%, sys=1.76%, ctx=288603, majf=0, minf=9468
  IO depths    : 1=0.1%, 2=0.1%, 4=0.1%, 8=0.1%, 16=0.1%, 32=0.1%, >=64=100.0%
     submit    : 0=0.0%, 4=100.0%, 8=0.0%, 16=0.0%, 32=0.0%, 64=0.0%, >=64=0.0%
     complete  : 0=0.0%, 4=100.0%, 8=0.0%, 16=0.0%, 32=0.0%, 64=0.0%, >=64=0.1%
     issued rwts: total=5108830,0,0,0 short=0,0,0,0 dropped=0,0,0,0
     latency   : target=0, window=0, percentile=100.00%, depth=256

Run status group 0 (all jobs):
   READ: bw=66.4MiB/s (69.7MB/s), 66.4MiB/s-66.4MiB/s (69.7MB/s-69.7MB/s), io=19.5GiB (20.9GB), run=300436-300436msec
