test: (g=0): rw=randread, bs=(R) 4096B-4096B, (W) 4096B-4096B, (T) 4096B-4096B, ioengine=libaio, iodepth=256
...
fio-3.27
Starting 8 processes
rand-read: Laying out IO file (1 file / 1024MiB)
rand-read: Laying out IO file (1 file / 1024MiB)
rand-read: Laying out IO file (1 file / 1024MiB)
rand-read: Laying out IO file (1 file / 1024MiB)

test: (groupid=0, jobs=8): err= 0: pid=197674: Mon Jul 19 22:07:38 2021
  read: IOPS=650, BW=2601KiB/s (2664kB/s)(762MiB/300033msec)
    slat (usec): min=477, max=191246, avg=12276.37, stdev=9943.46
    clat (usec): min=14, max=3962.1k, avg=3121530.37, stdev=261840.97
     lat (msec): min=5, max=3967, avg=3133.81, stdev=262.17
    clat percentiles (msec):
     |  1.00th=[ 2635],  5.00th=[ 2836], 10.00th=[ 2903], 20.00th=[ 2970],
     | 30.00th=[ 3037], 40.00th=[ 3071], 50.00th=[ 3138], 60.00th=[ 3171],
     | 70.00th=[ 3205], 80.00th=[ 3272], 90.00th=[ 3373], 95.00th=[ 3473],
     | 99.00th=[ 3641], 99.50th=[ 3708], 99.90th=[ 3809], 99.95th=[ 3842],
     | 99.99th=[ 3910]
   bw (  KiB/s): min=  688, max= 3568, per=99.84%, avg=2597.87, stdev=42.37, samples=4749
   iops        : min=  172, max=  892, avg=649.47, stdev=10.59, samples=4749
  lat (usec)   : 20=0.01%, 50=0.01%
  lat (msec)   : 10=0.01%, 20=0.01%, 50=0.01%, 100=0.01%, 250=0.05%
  lat (msec)   : 500=0.09%, 750=0.08%, 1000=0.09%, 2000=0.34%, >=2000=99.32%
  cpu          : usr=0.23%, sys=1.42%, ctx=195176, majf=0, minf=2362
  IO depths    : 1=0.1%, 2=0.1%, 4=0.1%, 8=0.1%, 16=0.1%, 32=0.1%, >=64=99.7%
     submit    : 0=0.0%, 4=100.0%, 8=0.0%, 16=0.0%, 32=0.0%, 64=0.0%, >=64=0.0%
     complete  : 0=0.0%, 4=100.0%, 8=0.0%, 16=0.0%, 32=0.0%, 64=0.0%, >=64=0.1%
     issued rwts: total=195113,0,0,0 short=0,0,0,0 dropped=0,0,0,0
     latency   : target=0, window=0, percentile=100.00%, depth=256

Run status group 0 (all jobs):
   READ: bw=2601KiB/s (2664kB/s), 2601KiB/s-2601KiB/s (2664kB/s-2664kB/s), io=762MiB (799MB), run=300033-300033msec
