test: (g=0): rw=read, bs=(R) 4096B-4096B, (W) 4096B-4096B, (T) 4096B-4096B, ioengine=libaio, iodepth=256
...
fio-3.27
Starting 2 processes
seq-read: Laying out IO file (1 file / 1024MiB)

test: (groupid=0, jobs=2): err= 0: pid=43118: Tue Jul 20 15:27:31 2021
  read: IOPS=34.2k, BW=133MiB/s (140MB/s)(39.1GiB/300001msec)
    slat (usec): min=10, max=139895, avg=47.28, stdev=583.52
    clat (usec): min=10, max=2100.3k, avg=14921.50, stdev=70894.35
     lat (usec): min=22, max=2101.7k, avg=14969.59, stdev=71122.79
    clat percentiles (msec):
     |  1.00th=[    5],  5.00th=[    5], 10.00th=[    5], 20.00th=[    5],
     | 30.00th=[    5], 40.00th=[    5], 50.00th=[    5], 60.00th=[    5],
     | 70.00th=[    6], 80.00th=[    6], 90.00th=[   16], 95.00th=[   26],
     | 99.00th=[  426], 99.50th=[  592], 99.90th=[  936], 99.95th=[  978],
     | 99.99th=[ 1200]
   bw (  KiB/s): min=  280, max=330568, per=100.00%, avg=141270.62, stdev=38336.43, samples=1177
   iops        : min=   70, max=82642, avg=35317.68, stdev=9584.11, samples=1177
  lat (usec)   : 20=0.01%, 50=0.01%, 100=0.01%, 250=0.01%, 500=0.01%
  lat (usec)   : 750=0.01%, 1000=0.01%
  lat (msec)   : 2=0.01%, 4=0.01%, 10=87.45%, 20=5.17%, 50=5.81%
  lat (msec)   : 100=0.04%, 250=0.11%, 500=0.68%, 750=0.50%, 1000=0.21%
  lat (msec)   : 2000=0.04%, >=2000=0.01%
  cpu          : usr=14.62%, sys=39.53%, ctx=148638, majf=0, minf=589
  IO depths    : 1=0.1%, 2=0.1%, 4=0.1%, 8=0.1%, 16=0.1%, 32=0.1%, >=64=100.0%
     submit    : 0=0.0%, 4=100.0%, 8=0.0%, 16=0.0%, 32=0.0%, 64=0.0%, >=64=0.0%
     complete  : 0=0.0%, 4=100.0%, 8=0.0%, 16=0.0%, 32=0.0%, 64=0.0%, >=64=0.1%
     issued rwts: total=10250759,0,0,0 short=0,0,0,0 dropped=0,0,0,0
     latency   : target=0, window=0, percentile=100.00%, depth=256

Run status group 0 (all jobs):
   READ: bw=133MiB/s (140MB/s), 133MiB/s-133MiB/s (140MB/s-140MB/s), io=39.1GiB (42.0GB), run=300001-300001msec
