test: (g=0): rw=read, bs=(R) 4096B-4096B, (W) 4096B-4096B, (T) 4096B-4096B, ioengine=libaio, iodepth=256
...
fio-3.27
Starting 2 processes
seq-read: Laying out IO file (1 file / 1024MiB)

test: (groupid=0, jobs=2): err= 0: pid=225862: Tue Jul 20 15:27:30 2021
  read: IOPS=33.4k, BW=130MiB/s (137MB/s)(38.2GiB/300003msec)
    slat (usec): min=10, max=226781, avg=48.74, stdev=825.02
    clat (usec): min=11, max=5678.4k, avg=15267.57, stdev=117612.31
     lat (usec): min=65, max=5681.2k, avg=15317.08, stdev=117988.67
    clat percentiles (msec):
     |  1.00th=[    5],  5.00th=[    5], 10.00th=[    5], 20.00th=[    5],
     | 30.00th=[    5], 40.00th=[    5], 50.00th=[    5], 60.00th=[    5],
     | 70.00th=[    5], 80.00th=[    6], 90.00th=[   16], 95.00th=[   26],
     | 99.00th=[   35], 99.50th=[  844], 99.90th=[ 1552], 99.95th=[ 2056],
     | 99.99th=[ 4463]
   bw (  KiB/s): min=   16, max=330072, per=100.00%, avg=138912.81, stdev=38314.62, samples=1174
   iops        : min=    4, max=82518, avg=34728.23, stdev=9578.66, samples=1174
  lat (usec)   : 20=0.01%, 50=0.01%, 100=0.01%, 250=0.01%, 500=0.01%
  lat (usec)   : 750=0.01%, 1000=0.01%
  lat (msec)   : 2=0.01%, 4=0.01%, 10=87.61%, 20=5.71%, 50=5.84%
  lat (msec)   : 100=0.05%, 250=0.12%, 500=0.01%, 750=0.11%, 1000=0.23%
  lat (msec)   : 2000=0.28%, >=2000=0.05%
  cpu          : usr=13.92%, sys=37.87%, ctx=70877, majf=0, minf=591
  IO depths    : 1=0.1%, 2=0.1%, 4=0.1%, 8=0.1%, 16=0.1%, 32=0.1%, >=64=100.0%
     submit    : 0=0.0%, 4=100.0%, 8=0.0%, 16=0.0%, 32=0.0%, 64=0.0%, >=64=0.0%
     complete  : 0=0.0%, 4=100.0%, 8=0.0%, 16=0.0%, 32=0.0%, 64=0.0%, >=64=0.1%
     issued rwts: total=10019111,0,0,0 short=0,0,0,0 dropped=0,0,0,0
     latency   : target=0, window=0, percentile=100.00%, depth=256

Run status group 0 (all jobs):
   READ: bw=130MiB/s (137MB/s), 130MiB/s-130MiB/s (137MB/s-137MB/s), io=38.2GiB (41.0GB), run=300003-300003msec
