readwrite: (g=0): rw=rw, bs=(R) 4096B-4096B, (W) 4096B-4096B, (T) 4096B-4096B, ioengine=libaio, iodepth=256
...
fio-3.27
Starting 64 processes

readwrite: (groupid=0, jobs=64): err= 0: pid=151928: Wed Jul 21 21:21:18 2021
  read: IOPS=84.0k, BW=328MiB/s (344MB/s)(96.2GiB/300122msec)
    slat (usec): min=7, max=1828.3k, avg=649.96, stdev=6842.86
    clat (usec): min=12, max=21230k, avg=97401.04, stdev=547797.83
     lat (usec): min=113, max=21408k, avg=98051.82, stdev=551764.24
    clat percentiles (msec):
     |  1.00th=[   13],  5.00th=[   14], 10.00th=[   14], 20.00th=[   14],
     | 30.00th=[   14], 40.00th=[   15], 50.00th=[   15], 60.00th=[   15],
     | 70.00th=[   16], 80.00th=[   16], 90.00th=[   20], 95.00th=[   21],
     | 99.00th=[ 3373], 99.50th=[ 4245], 99.90th=[ 5805], 99.95th=[ 6611],
     | 99.99th=[ 9329]
   bw (  KiB/s): min=  536, max=2314877, per=100.00%, avg=341015.40, stdev=9667.26, samples=37869
   iops        : min=  134, max=578718, avg=85252.80, stdev=2416.79, samples=37869
  write: IOPS=84.0k, BW=328MiB/s (344MB/s)(96.1GiB/300122msec); 0 zone resets
    slat (usec): min=68, max=1045.8k, avg=89.75, stdev=1410.11
    clat (usec): min=11, max=21348k, avg=96645.10, stdev=546153.73
     lat (usec): min=92, max=21349k, avg=96735.99, stdev=546199.97
    clat percentiles (msec):
     |  1.00th=[   13],  5.00th=[   14], 10.00th=[   14], 20.00th=[   14],
     | 30.00th=[   14], 40.00th=[   15], 50.00th=[   15], 60.00th=[   15],
     | 70.00th=[   16], 80.00th=[   16], 90.00th=[   20], 95.00th=[   21],
     | 99.00th=[ 3339], 99.50th=[ 4245], 99.90th=[ 5805], 99.95th=[ 6611],
     | 99.99th=[ 9329]
   bw (  KiB/s): min=  528, max=2306457, per=100.00%, avg=340591.04, stdev=9669.96, samples=37869
   iops        : min=  132, max=576610, avg=85146.74, stdev=2417.46, samples=37869
  lat (usec)   : 20=0.01%, 50=0.01%, 250=0.01%, 500=0.01%, 750=0.01%
  lat (usec)   : 1000=0.01%
  lat (msec)   : 2=0.01%, 4=0.01%, 10=0.01%, 20=93.42%, 50=3.38%
  lat (msec)   : 100=0.11%, 250=0.17%, 500=0.18%, 750=0.10%, 1000=0.09%
  lat (msec)   : 2000=0.59%, >=2000=1.95%
  cpu          : usr=2.65%, sys=13.93%, ctx=655101, majf=0, minf=2810
  IO depths    : 1=0.1%, 2=0.1%, 4=0.1%, 8=0.1%, 16=0.1%, 32=0.1%, >=64=100.0%
     submit    : 0=0.0%, 4=100.0%, 8=0.0%, 16=0.0%, 32=0.0%, 64=0.0%, >=64=0.0%
     complete  : 0=0.0%, 4=100.0%, 8=0.0%, 16=0.0%, 32=0.0%, 64=0.0%, >=64=0.1%
     issued rwts: total=25206465,25203057,0,0 short=0,0,0,0 dropped=0,0,0,0
     latency   : target=0, window=0, percentile=100.00%, depth=256

Run status group 0 (all jobs):
   READ: bw=328MiB/s (344MB/s), 328MiB/s-328MiB/s (344MB/s-344MB/s), io=96.2GiB (103GB), run=300122-300122msec
  WRITE: bw=328MiB/s (344MB/s), 328MiB/s-328MiB/s (344MB/s-344MB/s), io=96.1GiB (103GB), run=300122-300122msec
