test: (g=0): rw=randread, bs=(R) 4096B-4096B, (W) 4096B-4096B, (T) 4096B-4096B, ioengine=libaio, iodepth=256
...
fio-3.27
Starting 2 processes
rand-read: Laying out IO file (1 file / 1024MiB)

test: (groupid=0, jobs=2): err= 0: pid=153047: Tue Jul 20 11:10:51 2021
  read: IOPS=283, BW=1136KiB/s (1163kB/s)(333MiB/300003msec)
    slat (usec): min=472, max=210351, avg=7022.18, stdev=4705.39
    clat (usec): min=19, max=2247.6k, avg=1790436.84, stdev=116939.13
     lat (msec): min=3, max=2255, avg=1797.46, stdev=117.10
    clat percentiles (msec):
     |  1.00th=[ 1586],  5.00th=[ 1653], 10.00th=[ 1687], 20.00th=[ 1737],
     | 30.00th=[ 1754], 40.00th=[ 1770], 50.00th=[ 1804], 60.00th=[ 1821],
     | 70.00th=[ 1838], 80.00th=[ 1854], 90.00th=[ 1888], 95.00th=[ 1921],
     | 99.00th=[ 2005], 99.50th=[ 2039], 99.90th=[ 2198], 99.95th=[ 2198],
     | 99.99th=[ 2232]
   bw (  KiB/s): min=  424, max= 1417, per=99.91%, avg=1135.64, stdev=47.93, samples=1192
   iops        : min=  106, max=  354, avg=283.87, stdev=11.98, samples=1192
  lat (usec)   : 20=0.01%, 50=0.01%
  lat (msec)   : 4=0.01%, 10=0.01%, 20=0.01%, 50=0.01%, 100=0.02%
  lat (msec)   : 250=0.05%, 500=0.10%, 750=0.09%, 1000=0.09%, 2000=98.46%
  lat (msec)   : >=2000=1.17%
  cpu          : usr=0.32%, sys=2.18%, ctx=85209, majf=0, minf=590
  IO depths    : 1=0.1%, 2=0.1%, 4=0.1%, 8=0.1%, 16=0.1%, 32=0.1%, >=64=99.9%
     submit    : 0=0.0%, 4=100.0%, 8=0.0%, 16=0.0%, 32=0.0%, 64=0.0%, >=64=0.0%
     complete  : 0=0.0%, 4=100.0%, 8=0.0%, 16=0.0%, 32=0.0%, 64=0.0%, >=64=0.1%
     issued rwts: total=85199,0,0,0 short=0,0,0,0 dropped=0,0,0,0
     latency   : target=0, window=0, percentile=100.00%, depth=256

Run status group 0 (all jobs):
   READ: bw=1136KiB/s (1163kB/s), 1136KiB/s-1136KiB/s (1163kB/s-1163kB/s), io=333MiB (349MB), run=300003-300003msec
