readwrite: (g=0): rw=rw, bs=(R) 4096B-4096B, (W) 4096B-4096B, (T) 4096B-4096B, ioengine=libaio, iodepth=256
...
fio-3.27
Starting 2 processes
readwrite: Laying out IO file (1 file / 1024MiB)

readwrite: (groupid=0, jobs=2): err= 0: pid=76998: Wed Jul 21 17:28:15 2021
  read: IOPS=16.6k, BW=64.9MiB/s (68.1MB/s)(19.0GiB/300001msec)
    slat (usec): min=7, max=64471, avg=24.57, stdev=325.79
    clat (usec): min=92, max=1129.3k, avg=15360.92, stdev=21819.55
     lat (usec): min=104, max=1129.3k, avg=15386.25, stdev=21869.14
    clat percentiles (msec):
     |  1.00th=[   12],  5.00th=[   13], 10.00th=[   13], 20.00th=[   13],
     | 30.00th=[   13], 40.00th=[   14], 50.00th=[   14], 60.00th=[   14],
     | 70.00th=[   14], 80.00th=[   14], 90.00th=[   15], 95.00th=[   18],
     | 99.00th=[   97], 99.50th=[  124], 99.90th=[  194], 99.95th=[  284],
     | 99.99th=[  869]
   bw (  KiB/s): min= 1472, max=83960, per=100.00%, avg=67128.65, stdev=9669.49, samples=1187
   iops        : min=  368, max=20990, avg=16782.17, stdev=2417.37, samples=1187
  write: IOPS=16.6k, BW=64.9MiB/s (68.0MB/s)(19.0GiB/300001msec); 0 zone resets
    slat (usec): min=68, max=22116, avg=74.40, stdev=19.55
    clat (usec): min=11, max=1129.3k, avg=15343.23, stdev=21560.54
     lat (usec): min=82, max=1129.3k, avg=15418.72, stdev=21561.08
    clat percentiles (msec):
     |  1.00th=[   12],  5.00th=[   13], 10.00th=[   13], 20.00th=[   13],
     | 30.00th=[   13], 40.00th=[   14], 50.00th=[   14], 60.00th=[   14],
     | 70.00th=[   14], 80.00th=[   14], 90.00th=[   15], 95.00th=[   18],
     | 99.00th=[   97], 99.50th=[  124], 99.90th=[  192], 99.95th=[  284],
     | 99.99th=[  869]
   bw (  KiB/s): min= 1424, max=82104, per=100.00%, avg=67085.40, stdev=9652.22, samples=1187
   iops        : min=  356, max=20526, avg=16771.35, stdev=2413.05, samples=1187
  lat (usec)   : 20=0.01%, 100=0.01%, 250=0.01%, 500=0.01%, 750=0.01%
  lat (usec)   : 1000=0.01%
  lat (msec)   : 2=0.01%, 4=0.01%, 10=0.01%, 20=96.65%, 50=2.18%
  lat (msec)   : 100=0.22%, 250=0.89%, 500=0.01%, 750=0.01%, 1000=0.04%
  lat (msec)   : 2000=0.01%
  cpu          : usr=15.77%, sys=77.62%, ctx=51663, majf=0, minf=87
  IO depths    : 1=0.1%, 2=0.1%, 4=0.1%, 8=0.1%, 16=0.1%, 32=0.1%, >=64=100.0%
     submit    : 0=0.0%, 4=100.0%, 8=0.0%, 16=0.0%, 32=0.0%, 64=0.0%, >=64=0.0%
     complete  : 0=0.0%, 4=100.0%, 8=0.0%, 16=0.0%, 32=0.0%, 64=0.0%, >=64=0.1%
     issued rwts: total=4985172,4981962,0,0 short=0,0,0,0 dropped=0,0,0,0
     latency   : target=0, window=0, percentile=100.00%, depth=256

Run status group 0 (all jobs):
   READ: bw=64.9MiB/s (68.1MB/s), 64.9MiB/s-64.9MiB/s (68.1MB/s-68.1MB/s), io=19.0GiB (20.4GB), run=300001-300001msec
  WRITE: bw=64.9MiB/s (68.0MB/s), 64.9MiB/s-64.9MiB/s (68.0MB/s-68.0MB/s), io=19.0GiB (20.4GB), run=300001-300001msec
