readwrite: (g=0): rw=rw, bs=(R) 4096B-4096B, (W) 4096B-4096B, (T) 4096B-4096B, ioengine=libaio, iodepth=256
...
fio-3.27
Starting 2 processes
readwrite: Laying out IO file (1 file / 1024MiB)

readwrite: (groupid=0, jobs=2): err= 0: pid=7776: Wed Jul 21 16:46:43 2021
  read: IOPS=9686, BW=37.8MiB/s (39.7MB/s)(11.1GiB/300001msec)
    slat (usec): min=7, max=440797, avg=110.18, stdev=2547.69
    clat (usec): min=11, max=9980.0k, avg=26556.34, stdev=263991.37
     lat (usec): min=102, max=10036k, avg=26667.23, stdev=265946.78
    clat percentiles (msec):
     |  1.00th=[   12],  5.00th=[   13], 10.00th=[   13], 20.00th=[   13],
     | 30.00th=[   13], 40.00th=[   14], 50.00th=[   14], 60.00th=[   14],
     | 70.00th=[   14], 80.00th=[   14], 90.00th=[   15], 95.00th=[   15],
     | 99.00th=[   35], 99.50th=[  136], 99.90th=[ 5134], 99.95th=[ 6812],
     | 99.99th=[ 8658]
   bw (  KiB/s): min=  904, max=83392, per=100.00%, avg=39141.55, stdev=7154.23, samples=1190
   iops        : min=  226, max=20848, avg=9785.34, stdev=1788.56, samples=1190
  write: IOPS=9680, BW=37.8MiB/s (39.7MB/s)(11.1GiB/300001msec); 0 zone resets
    slat (usec): min=68, max=112277, avg=75.56, stdev=77.15
    clat (usec): min=11, max=10035k, avg=26096.59, stdev=259132.78
     lat (usec): min=83, max=10036k, avg=26173.23, stdev=259134.26
    clat percentiles (msec):
     |  1.00th=[   12],  5.00th=[   13], 10.00th=[   13], 20.00th=[   13],
     | 30.00th=[   13], 40.00th=[   14], 50.00th=[   14], 60.00th=[   14],
     | 70.00th=[   14], 80.00th=[   14], 90.00th=[   15], 95.00th=[   15],
     | 99.00th=[   35], 99.50th=[  131], 99.90th=[ 5000], 99.95th=[ 6678],
     | 99.99th=[ 8658]
   bw (  KiB/s): min=  904, max=82586, per=100.00%, avg=39134.96, stdev=7167.20, samples=1186
   iops        : min=  226, max=20646, avg=9783.67, stdev=1791.80, samples=1186
  lat (usec)   : 20=0.01%, 100=0.01%, 250=0.01%, 500=0.01%, 750=0.01%
  lat (usec)   : 1000=0.01%
  lat (msec)   : 2=0.01%, 4=0.01%, 10=0.01%, 20=97.91%, 50=1.42%
  lat (msec)   : 100=0.08%, 250=0.25%, 500=0.05%, 750=0.02%, 1000=0.02%
  lat (msec)   : 2000=0.02%, >=2000=0.23%
  cpu          : usr=9.13%, sys=44.19%, ctx=14992, majf=0, minf=89
  IO depths    : 1=0.1%, 2=0.1%, 4=0.1%, 8=0.1%, 16=0.1%, 32=0.1%, >=64=100.0%
     submit    : 0=0.0%, 4=100.0%, 8=0.0%, 16=0.0%, 32=0.0%, 64=0.0%, >=64=0.0%
     complete  : 0=0.0%, 4=100.0%, 8=0.0%, 16=0.0%, 32=0.0%, 64=0.0%, >=64=0.1%
     issued rwts: total=2905812,2904063,0,0 short=0,0,0,0 dropped=0,0,0,0
     latency   : target=0, window=0, percentile=100.00%, depth=256

Run status group 0 (all jobs):
   READ: bw=37.8MiB/s (39.7MB/s), 37.8MiB/s-37.8MiB/s (39.7MB/s-39.7MB/s), io=11.1GiB (11.9GB), run=300001-300001msec
  WRITE: bw=37.8MiB/s (39.7MB/s), 37.8MiB/s-37.8MiB/s (39.7MB/s-39.7MB/s), io=11.1GiB (11.9GB), run=300001-300001msec
