test: (g=0): rw=read, bs=(R) 4096B-4096B, (W) 4096B-4096B, (T) 4096B-4096B, ioengine=libaio, iodepth=256
...
fio-3.27
Starting 32 processes

test: (groupid=0, jobs=32): err= 0: pid=255565: Fri Jul 16 04:05:16 2021
  read: IOPS=38.4k, BW=150MiB/s (157MB/s)(44.0GiB/300025msec)
    slat (usec): min=10, max=540000, avg=820.17, stdev=3901.38
    clat (usec): min=14, max=11781k, avg=211891.59, stdev=775215.04
     lat (msec): min=3, max=11815, avg=212.71, stdev=778.17
    clat percentiles (msec):
     |  1.00th=[    5],  5.00th=[    5], 10.00th=[    5], 20.00th=[    6],
     | 30.00th=[    6], 40.00th=[    6], 50.00th=[    6], 60.00th=[    6],
     | 70.00th=[    6], 80.00th=[   17], 90.00th=[   27], 95.00th=[ 1770],
     | 99.00th=[ 4010], 99.50th=[ 5067], 99.90th=[ 7282], 99.95th=[ 7819],
     | 99.99th=[ 9463]
   bw (  KiB/s): min= 1432, max=3243760, per=100.00%, avg=157602.96, stdev=18983.91, samples=19068
   iops        : min=  358, max=810940, avg=39400.44, stdev=4745.98, samples=19068
  lat (usec)   : 20=0.01%, 50=0.01%
  lat (msec)   : 4=0.01%, 10=79.26%, 20=7.00%, 50=5.27%, 100=0.07%
  lat (msec)   : 250=0.01%, 500=0.01%, 750=0.02%, 1000=0.08%, 2000=4.53%
  lat (msec)   : >=2000=3.76%
  cpu          : usr=1.20%, sys=4.32%, ctx=953219, majf=0, minf=9450
  IO depths    : 1=0.1%, 2=0.1%, 4=0.1%, 8=0.1%, 16=0.1%, 32=0.1%, >=64=100.0%
     submit    : 0=0.0%, 4=100.0%, 8=0.0%, 16=0.0%, 32=0.0%, 64=0.0%, >=64=0.0%
     complete  : 0=0.0%, 4=100.0%, 8=0.0%, 16=0.0%, 32=0.0%, 64=0.0%, >=64=0.1%
     issued rwts: total=11531781,0,0,0 short=0,0,0,0 dropped=0,0,0,0
     latency   : target=0, window=0, percentile=100.00%, depth=256

Run status group 0 (all jobs):
   READ: bw=150MiB/s (157MB/s), 150MiB/s-150MiB/s (157MB/s-157MB/s), io=44.0GiB (47.2GB), run=300025-300025msec
