readwrite: (g=0): rw=rw, bs=(R) 4096B-4096B, (W) 4096B-4096B, (T) 4096B-4096B, ioengine=libaio, iodepth=256
...
fio-3.27
Starting 64 processes

readwrite: (groupid=0, jobs=64): err= 0: pid=244038: Wed Jul 21 16:24:13 2021
  read: IOPS=77.5k, BW=303MiB/s (318MB/s)(89.2GiB/301726msec)
    slat (usec): min=7, max=12169k, avg=631.13, stdev=10901.27
    clat (usec): min=9, max=27328k, avg=104747.46, stdev=746432.01
     lat (usec): min=19, max=27453k, avg=105379.42, stdev=751457.18
    clat percentiles (msec):
     |  1.00th=[   13],  5.00th=[   14], 10.00th=[   14], 20.00th=[   15],
     | 30.00th=[   15], 40.00th=[   15], 50.00th=[   16], 60.00th=[   16],
     | 70.00th=[   17], 80.00th=[   20], 90.00th=[   21], 95.00th=[   25],
     | 99.00th=[ 2836], 99.50th=[ 4866], 99.90th=[11073], 99.95th=[15637],
     | 99.99th=[17113]
   bw (  KiB/s): min=  512, max=2150126, per=100.00%, avg=323430.02, stdev=9303.90, samples=36641
   iops        : min=  128, max=537531, avg=80856.88, stdev=2325.97, samples=36641
  write: IOPS=77.5k, BW=303MiB/s (318MB/s)(89.2GiB/301726msec); 0 zone resets
    slat (usec): min=68, max=11552k, avg=168.48, stdev=6554.23
    clat (usec): min=11, max=27373k, avg=103962.06, stdev=744959.56
     lat (usec): min=86, max=27374k, avg=104131.70, stdev=745344.57
    clat percentiles (msec):
     |  1.00th=[   13],  5.00th=[   14], 10.00th=[   14], 20.00th=[   15],
     | 30.00th=[   15], 40.00th=[   15], 50.00th=[   16], 60.00th=[   16],
     | 70.00th=[   17], 80.00th=[   20], 90.00th=[   21], 95.00th=[   24],
     | 99.00th=[ 2802], 99.50th=[ 4866], 99.90th=[11073], 99.95th=[15637],
     | 99.99th=[17113]
   bw (  KiB/s): min=  512, max=2143499, per=100.00%, avg=323246.78, stdev=9305.10, samples=36666
   iops        : min=  128, max=535874, avg=80811.04, stdev=2326.26, samples=36666
  lat (usec)   : 10=0.01%, 20=0.01%, 50=0.01%, 100=0.01%, 250=0.01%
  lat (usec)   : 500=0.01%, 750=0.01%, 1000=0.01%
  lat (msec)   : 2=0.01%, 4=0.01%, 10=0.01%, 20=88.26%, 50=7.48%
  lat (msec)   : 100=0.26%, 250=0.51%, 500=0.64%, 750=0.42%, 1000=0.32%
  lat (msec)   : 2000=0.80%, >=2000=1.32%
  cpu          : usr=2.46%, sys=13.71%, ctx=496989, majf=0, minf=2831
  IO depths    : 1=0.1%, 2=0.1%, 4=0.1%, 8=0.1%, 16=0.1%, 32=0.1%, >=64=100.0%
     submit    : 0=0.0%, 4=100.0%, 8=0.0%, 16=0.0%, 32=0.0%, 64=0.0%, >=64=0.0%
     complete  : 0=0.0%, 4=100.0%, 8=0.0%, 16=0.0%, 32=0.0%, 64=0.0%, >=64=0.1%
     issued rwts: total=23388690,23389690,0,0 short=0,0,0,0 dropped=0,0,0,0
     latency   : target=0, window=0, percentile=100.00%, depth=256

Run status group 0 (all jobs):
   READ: bw=303MiB/s (318MB/s), 303MiB/s-303MiB/s (318MB/s-318MB/s), io=89.2GiB (95.8GB), run=301726-301726msec
  WRITE: bw=303MiB/s (318MB/s), 303MiB/s-303MiB/s (318MB/s-318MB/s), io=89.2GiB (95.8GB), run=301726-301726msec
