test: (g=0): rw=read, bs=(R) 4096B-4096B, (W) 4096B-4096B, (T) 4096B-4096B, ioengine=libaio, iodepth=256
...
fio-3.27
Starting 32 processes
seq-read: Laying out IO file (1 file / 1024MiB)
seq-read: Laying out IO file (1 file / 1024MiB)
seq-read: Laying out IO file (1 file / 1024MiB)
seq-read: Laying out IO file (1 file / 1024MiB)
seq-read: Laying out IO file (1 file / 1024MiB)
seq-read: Laying out IO file (1 file / 1024MiB)
seq-read: Laying out IO file (1 file / 1024MiB)
seq-read: Laying out IO file (1 file / 1024MiB)
seq-read: Laying out IO file (1 file / 1024MiB)
seq-read: Laying out IO file (1 file / 1024MiB)
seq-read: Laying out IO file (1 file / 1024MiB)
seq-read: Laying out IO file (1 file / 1024MiB)
seq-read: Laying out IO file (1 file / 1024MiB)
seq-read: Laying out IO file (1 file / 1024MiB)
seq-read: Laying out IO file (1 file / 1024MiB)
seq-read: Laying out IO file (1 file / 1024MiB)

test: (groupid=0, jobs=32): err= 0: pid=256243: Fri Jul 16 03:23:12 2021
  read: IOPS=20.4k, BW=79.8MiB/s (83.7MB/s)(23.4GiB/300064msec)
    slat (usec): min=10, max=483852, avg=1551.38, stdev=5625.34
    clat (usec): min=13, max=32416k, avg=398354.24, stdev=996218.10
     lat (usec): min=795, max=32527k, avg=399906.97, stdev=999939.43
    clat percentiles (msec):
     |  1.00th=[    5],  5.00th=[    5], 10.00th=[    5], 20.00th=[    6],
     | 30.00th=[    6], 40.00th=[    6], 50.00th=[    6], 60.00th=[   17],
     | 70.00th=[   17], 80.00th=[  927], 90.00th=[ 1318], 95.00th=[ 1720],
     | 99.00th=[ 4933], 99.50th=[ 6477], 99.90th=[ 8926], 99.95th=[12953],
     | 99.99th=[17113]
   bw (  KiB/s): min=  856, max=3592712, per=100.00%, avg=82216.06, stdev=15609.60, samples=19089
   iops        : min=  214, max=898180, avg=20553.52, stdev=3902.40, samples=19089
  lat (usec)   : 20=0.01%, 50=0.01%, 1000=0.01%
  lat (msec)   : 2=0.01%, 4=0.01%, 10=58.81%, 20=12.68%, 50=3.93%
  lat (msec)   : 100=0.15%, 250=0.08%, 500=0.05%, 750=0.67%, 1000=5.97%
  lat (msec)   : 2000=14.15%, >=2000=3.51%
  cpu          : usr=0.81%, sys=3.95%, ctx=1484594, majf=0, minf=9460
  IO depths    : 1=0.1%, 2=0.1%, 4=0.1%, 8=0.1%, 16=0.1%, 32=0.1%, >=64=100.0%
     submit    : 0=0.0%, 4=100.0%, 8=0.0%, 16=0.0%, 32=0.0%, 64=0.0%, >=64=0.0%
     complete  : 0=0.0%, 4=100.0%, 8=0.0%, 16=0.0%, 32=0.0%, 64=0.0%, >=64=0.1%
     issued rwts: total=6133080,0,0,0 short=0,0,0,0 dropped=0,0,0,0
     latency   : target=0, window=0, percentile=100.00%, depth=256

Run status group 0 (all jobs):
   READ: bw=79.8MiB/s (83.7MB/s), 79.8MiB/s-79.8MiB/s (83.7MB/s-83.7MB/s), io=23.4GiB (25.1GB), run=300064-300064msec
