test: (g=0): rw=randread, bs=(R) 4096B-4096B, (W) 4096B-4096B, (T) 4096B-4096B, ioengine=libaio, iodepth=256
...
fio-3.27
Starting 64 processes
rand-read: Laying out IO file (1 file / 1024MiB)
rand-read: Laying out IO file (1 file / 1024MiB)
rand-read: Laying out IO file (1 file / 1024MiB)
rand-read: Laying out IO file (1 file / 1024MiB)
rand-read: Laying out IO file (1 file / 1024MiB)
rand-read: Laying out IO file (1 file / 1024MiB)
rand-read: Laying out IO file (1 file / 1024MiB)
rand-read: Laying out IO file (1 file / 1024MiB)
rand-read: Laying out IO file (1 file / 1024MiB)
rand-read: Laying out IO file (1 file / 1024MiB)
rand-read: Laying out IO file (1 file / 1024MiB)
rand-read: Laying out IO file (1 file / 1024MiB)
rand-read: Laying out IO file (1 file / 1024MiB)
rand-read: Laying out IO file (1 file / 1024MiB)
rand-read: Laying out IO file (1 file / 1024MiB)
rand-read: Laying out IO file (1 file / 1024MiB)
rand-read: Laying out IO file (1 file / 1024MiB)
rand-read: Laying out IO file (1 file / 1024MiB)
rand-read: Laying out IO file (1 file / 1024MiB)
rand-read: Laying out IO file (1 file / 1024MiB)
rand-read: Laying out IO file (1 file / 1024MiB)
rand-read: Laying out IO file (1 file / 1024MiB)
rand-read: Laying out IO file (1 file / 1024MiB)
rand-read: Laying out IO file (1 file / 1024MiB)
rand-read: Laying out IO file (1 file / 1024MiB)
rand-read: Laying out IO file (1 file / 1024MiB)
rand-read: Laying out IO file (1 file / 1024MiB)
rand-read: Laying out IO file (1 file / 1024MiB)
rand-read: Laying out IO file (1 file / 1024MiB)
rand-read: Laying out IO file (1 file / 1024MiB)
rand-read: Laying out IO file (1 file / 1024MiB)
rand-read: Laying out IO file (1 file / 1024MiB)

test: (groupid=0, jobs=64): err= 0: pid=180979: Tue Jul 20 11:58:35 2021
  read: IOPS=265, BW=1060KiB/s (1086kB/s)(311MiB/300203msec)
    slat (usec): min=611, max=22348k, avg=241277.71, stdev=283463.52
    clat (usec): min=18, max=110618k, avg=56757070.97, stdev=22441965.11
     lat (msec): min=110, max=110862, avg=56998.35, stdev=22486.08
    clat percentiles (msec):
     |  1.00th=[ 2039],  5.00th=[10671], 10.00th=[17113], 20.00th=[17113],
     | 30.00th=[17113], 40.00th=[17113], 50.00th=[17113], 60.00th=[17113],
     | 70.00th=[17113], 80.00th=[17113], 90.00th=[17113], 95.00th=[17113],
     | 99.00th=[17113], 99.50th=[17113], 99.90th=[17113], 99.95th=[17113],
     | 99.99th=[17113]
   bw (  KiB/s): min=  466, max= 1944, per=100.00%, avg=1074.90, stdev= 4.62, samples=29522
   iops        : min=   82, max=  486, avg=266.80, stdev= 1.17, samples=29522
  lat (usec)   : 20=0.01%, 50=0.07%
  lat (msec)   : 250=0.08%, 500=0.11%, 750=0.12%, 1000=0.11%, 2000=0.47%
  lat (msec)   : >=2000=99.02%
  cpu          : usr=0.01%, sys=0.09%, ctx=80064, majf=0, minf=18868
  IO depths    : 1=0.1%, 2=0.2%, 4=0.3%, 8=0.6%, 16=1.3%, 32=2.6%, >=64=94.9%
     submit    : 0=0.0%, 4=100.0%, 8=0.0%, 16=0.0%, 32=0.0%, 64=0.0%, >=64=0.0%
     complete  : 0=0.0%, 4=99.9%, 8=0.0%, 16=0.0%, 32=0.0%, 64=0.0%, >=64=0.1%
     issued rwts: total=79587,0,0,0 short=0,0,0,0 dropped=0,0,0,0
     latency   : target=0, window=0, percentile=100.00%, depth=256

Run status group 0 (all jobs):
   READ: bw=1060KiB/s (1086kB/s), 1060KiB/s-1060KiB/s (1086kB/s-1086kB/s), io=311MiB (326MB), run=300203-300203msec
