test: (g=0): rw=read, bs=(R) 4096B-4096B, (W) 4096B-4096B, (T) 4096B-4096B, ioengine=libaio, iodepth=256
...
fio-3.27
Starting 32 processes
seq-read: Laying out IO file (1 file / 1024MiB)
seq-read: Laying out IO file (1 file / 1024MiB)
seq-read: Laying out IO file (1 file / 1024MiB)
seq-read: Laying out IO file (1 file / 1024MiB)
seq-read: Laying out IO file (1 file / 1024MiB)
seq-read: Laying out IO file (1 file / 1024MiB)
seq-read: Laying out IO file (1 file / 1024MiB)
seq-read: Laying out IO file (1 file / 1024MiB)
seq-read: Laying out IO file (1 file / 1024MiB)
seq-read: Laying out IO file (1 file / 1024MiB)
seq-read: Laying out IO file (1 file / 1024MiB)
seq-read: Laying out IO file (1 file / 1024MiB)
seq-read: Laying out IO file (1 file / 1024MiB)
seq-read: Laying out IO file (1 file / 1024MiB)
seq-read: Laying out IO file (1 file / 1024MiB)
seq-read: Laying out IO file (1 file / 1024MiB)

test: (groupid=0, jobs=32): err= 0: pid=10828: Tue Jul 20 14:56:20 2021
  read: IOPS=33.3k, BW=130MiB/s (136MB/s)(38.2GiB/300701msec)
    slat (usec): min=10, max=795700, avg=946.91, stdev=5424.46
    clat (usec): min=12, max=17772k, avg=243712.39, stdev=1149109.04
     lat (usec): min=1278, max=17806k, avg=244660.23, stdev=1153473.45
    clat percentiles (msec):
     |  1.00th=[    5],  5.00th=[    5], 10.00th=[    5], 20.00th=[    5],
     | 30.00th=[    5], 40.00th=[    6], 50.00th=[    6], 60.00th=[    6],
     | 70.00th=[    6], 80.00th=[    6], 90.00th=[   26], 95.00th=[ 1854],
     | 99.00th=[ 5604], 99.50th=[ 8792], 99.90th=[12281], 99.95th=[13221],
     | 99.99th=[14697]
   bw (  KiB/s): min=  752, max=3720296, per=100.00%, avg=136497.43, stdev=19979.57, samples=19041
   iops        : min=  188, max=930076, avg=34124.36, stdev=4994.89, samples=19041
  lat (usec)   : 20=0.01%, 50=0.01%, 100=0.01%
  lat (msec)   : 2=0.01%, 4=0.01%, 10=80.45%, 20=8.23%, 50=5.35%
  lat (msec)   : 100=0.06%, 250=0.03%, 500=0.03%, 750=0.02%, 1000=0.05%
  lat (msec)   : 2000=1.29%, >=2000=4.48%
  cpu          : usr=1.00%, sys=3.34%, ctx=577111, majf=0, minf=9468
  IO depths    : 1=0.1%, 2=0.1%, 4=0.1%, 8=0.1%, 16=0.1%, 32=0.1%, >=64=100.0%
     submit    : 0=0.0%, 4=100.0%, 8=0.0%, 16=0.0%, 32=0.0%, 64=0.0%, >=64=0.0%
     complete  : 0=0.0%, 4=100.0%, 8=0.0%, 16=0.0%, 32=0.0%, 64=0.0%, >=64=0.1%
     issued rwts: total=10013721,0,0,0 short=0,0,0,0 dropped=0,0,0,0
     latency   : target=0, window=0, percentile=100.00%, depth=256

Run status group 0 (all jobs):
   READ: bw=130MiB/s (136MB/s), 130MiB/s-130MiB/s (136MB/s-136MB/s), io=38.2GiB (41.0GB), run=300701-300701msec
