test: (g=0): rw=randread, bs=(R) 4096B-4096B, (W) 4096B-4096B, (T) 4096B-4096B, ioengine=libaio, iodepth=256
...
fio-3.27
Starting 32 processes
rand-read: Laying out IO file (1 file / 1024MiB)
rand-read: Laying out IO file (1 file / 1024MiB)
rand-read: Laying out IO file (1 file / 1024MiB)
rand-read: Laying out IO file (1 file / 1024MiB)
rand-read: Laying out IO file (1 file / 1024MiB)
rand-read: Laying out IO file (1 file / 1024MiB)
rand-read: Laying out IO file (1 file / 1024MiB)
rand-read: Laying out IO file (1 file / 1024MiB)
rand-read: Laying out IO file (1 file / 1024MiB)
rand-read: Laying out IO file (1 file / 1024MiB)
rand-read: Laying out IO file (1 file / 1024MiB)
rand-read: Laying out IO file (1 file / 1024MiB)
rand-read: Laying out IO file (1 file / 1024MiB)
rand-read: Laying out IO file (1 file / 1024MiB)
rand-read: Laying out IO file (1 file / 1024MiB)
rand-read: Laying out IO file (1 file / 1024MiB)

test: (groupid=0, jobs=32): err= 0: pid=142014: Tue Jul 20 11:42:03 2021
  read: IOPS=428, BW=1716KiB/s (1757kB/s)(503MiB/300109msec)
    slat (msec): min=7, max=520, avg=74.55, stdev=25.09
    clat (usec): min=14, max=34169k, avg=18507130.21, stdev=4354053.48
     lat (msec): min=35, max=34283, avg=18581.69, stdev=4364.01
    clat percentiles (msec):
     |  1.00th=[ 3138],  5.00th=[15637], 10.00th=[16308], 20.00th=[16711],
     | 30.00th=[16979], 40.00th=[17113], 50.00th=[17113], 60.00th=[17113],
     | 70.00th=[17113], 80.00th=[17113], 90.00th=[17113], 95.00th=[17113],
     | 99.00th=[17113], 99.50th=[17113], 99.90th=[17113], 99.95th=[17113],
     | 99.99th=[17113]
   bw (  KiB/s): min=  744, max= 2264, per=99.02%, avg=1699.50, stdev= 7.13, samples=18120
   iops        : min=  186, max=  566, avg=424.88, stdev= 1.78, samples=18120
  lat (usec)   : 20=0.01%, 50=0.02%
  lat (msec)   : 50=0.01%, 100=0.02%, 250=0.05%, 500=0.08%, 750=0.08%
  lat (msec)   : 1000=0.07%, 2000=0.30%, >=2000=99.35%
  cpu          : usr=0.04%, sys=0.26%, ctx=128976, majf=0, minf=9445
  IO depths    : 1=0.1%, 2=0.1%, 4=0.1%, 8=0.2%, 16=0.4%, 32=0.8%, >=64=98.4%
     submit    : 0=0.0%, 4=100.0%, 8=0.0%, 16=0.0%, 32=0.0%, 64=0.0%, >=64=0.0%
     complete  : 0=0.0%, 4=100.0%, 8=0.0%, 16=0.0%, 32=0.0%, 64=0.0%, >=64=0.1%
     issued rwts: total=128734,0,0,0 short=0,0,0,0 dropped=0,0,0,0
     latency   : target=0, window=0, percentile=100.00%, depth=256

Run status group 0 (all jobs):
   READ: bw=1716KiB/s (1757kB/s), 1716KiB/s-1716KiB/s (1757kB/s-1757kB/s), io=503MiB (527MB), run=300109-300109msec
