readwrite: (g=0): rw=rw, bs=(R) 4096B-4096B, (W) 4096B-4096B, (T) 4096B-4096B, ioengine=libaio, iodepth=256
...
fio-3.27
Starting 32 processes
readwrite: Laying out IO file (1 file / 1024MiB)
readwrite: Laying out IO file (1 file / 1024MiB)
readwrite: Laying out IO file (1 file / 1024MiB)
readwrite: Laying out IO file (1 file / 1024MiB)
readwrite: Laying out IO file (1 file / 1024MiB)
readwrite: Laying out IO file (1 file / 1024MiB)
readwrite: Laying out IO file (1 file / 1024MiB)
readwrite: Laying out IO file (1 file / 1024MiB)
readwrite: Laying out IO file (1 file / 1024MiB)
readwrite: Laying out IO file (1 file / 1024MiB)
readwrite: Laying out IO file (1 file / 1024MiB)
readwrite: Laying out IO file (1 file / 1024MiB)
readwrite: Laying out IO file (1 file / 1024MiB)
readwrite: Laying out IO file (1 file / 1024MiB)
readwrite: Laying out IO file (1 file / 1024MiB)
readwrite: Laying out IO file (1 file / 1024MiB)

readwrite: (groupid=0, jobs=32): err= 0: pid=258125: Wed Jul 21 17:04:57 2021
  read: IOPS=40.7k, BW=159MiB/s (167MB/s)(46.6GiB/300058msec)
    slat (usec): min=7, max=1982.4k, avg=682.57, stdev=9305.16
    clat (usec): min=10, max=24383k, avg=100298.67, stdev=897829.86
     lat (usec): min=19, max=24557k, avg=100981.98, stdev=904355.20
    clat percentiles (msec):
     |  1.00th=[   13],  5.00th=[   13], 10.00th=[   13], 20.00th=[   14],
     | 30.00th=[   14], 40.00th=[   14], 50.00th=[   14], 60.00th=[   15],
     | 70.00th=[   15], 80.00th=[   15], 90.00th=[   16], 95.00th=[   19],
     | 99.00th=[ 3440], 99.50th=[ 7080], 99.90th=[13624], 99.95th=[16040],
     | 99.99th=[17113]
   bw (  KiB/s): min=  256, max=927794, per=100.00%, avg=167469.06, stdev=10103.05, samples=18262
   iops        : min=   64, max=231947, avg=41867.12, stdev=2525.75, samples=18262
  write: IOPS=40.7k, BW=159MiB/s (167MB/s)(46.6GiB/300058msec); 0 zone resets
    slat (usec): min=68, max=1256.6k, avg=82.25, stdev=1066.12
    clat (usec): min=11, max=24296k, avg=98497.40, stdev=886638.97
     lat (usec): min=82, max=24296k, avg=98580.77, stdev=886649.12
    clat percentiles (msec):
     |  1.00th=[   13],  5.00th=[   13], 10.00th=[   13], 20.00th=[   14],
     | 30.00th=[   14], 40.00th=[   14], 50.00th=[   14], 60.00th=[   15],
     | 70.00th=[   15], 80.00th=[   15], 90.00th=[   16], 95.00th=[   19],
     | 99.00th=[ 3272], 99.50th=[ 7013], 99.90th=[13489], 99.95th=[16040],
     | 99.99th=[17113]
   bw (  KiB/s): min=  256, max=922410, per=100.00%, avg=167615.36, stdev=10104.04, samples=18241
   iops        : min=   64, max=230601, avg=41903.69, stdev=2526.00, samples=18241
  lat (usec)   : 20=0.01%, 50=0.01%, 100=0.01%, 250=0.01%, 500=0.01%
  lat (usec)   : 750=0.01%, 1000=0.01%
  lat (msec)   : 2=0.01%, 4=0.01%, 10=0.01%, 20=97.44%, 50=1.12%
  lat (msec)   : 100=0.08%, 250=0.05%, 500=0.06%, 750=0.03%, 1000=0.04%
  lat (msec)   : 2000=0.07%, >=2000=1.10%
  cpu          : usr=2.42%, sys=12.34%, ctx=134558, majf=0, minf=1432
  IO depths    : 1=0.1%, 2=0.1%, 4=0.1%, 8=0.1%, 16=0.1%, 32=0.1%, >=64=100.0%
     submit    : 0=0.0%, 4=100.0%, 8=0.0%, 16=0.0%, 32=0.0%, 64=0.0%, >=64=0.0%
     complete  : 0=0.0%, 4=100.0%, 8=0.0%, 16=0.0%, 32=0.0%, 64=0.0%, >=64=0.1%
     issued rwts: total=12215343,12212095,0,0 short=0,0,0,0 dropped=0,0,0,0
     latency   : target=0, window=0, percentile=100.00%, depth=256

Run status group 0 (all jobs):
   READ: bw=159MiB/s (167MB/s), 159MiB/s-159MiB/s (167MB/s-167MB/s), io=46.6GiB (50.0GB), run=300058-300058msec
  WRITE: bw=159MiB/s (167MB/s), 159MiB/s-159MiB/s (167MB/s-167MB/s), io=46.6GiB (50.0GB), run=300058-300058msec
