readwrite: (g=0): rw=rw, bs=(R) 4096B-4096B, (W) 4096B-4096B, (T) 4096B-4096B, ioengine=libaio, iodepth=256
fio-3.27
Starting 1 process
readwrite: Laying out IO file (1 file / 1024MiB)

readwrite: (groupid=0, jobs=1): err= 0: pid=75789: Wed Jul 21 19:21:48 2021
  read: IOPS=7841, BW=30.6MiB/s (32.1MB/s)(9190MiB/300001msec)
    slat (usec): min=7, max=179487, avg=34.57, stdev=415.12
    clat (usec): min=10, max=925250, avg=16265.95, stdev=23635.72
     lat (usec): min=19, max=925261, avg=16301.33, stdev=23709.47
    clat percentiles (msec):
     |  1.00th=[   12],  5.00th=[   13], 10.00th=[   13], 20.00th=[   13],
     | 30.00th=[   13], 40.00th=[   13], 50.00th=[   14], 60.00th=[   14],
     | 70.00th=[   14], 80.00th=[   14], 90.00th=[   14], 95.00th=[   24],
     | 99.00th=[  112], 99.50th=[  132], 99.90th=[  190], 99.95th=[  279],
     | 99.99th=[  885]
   bw (  KiB/s): min=   40, max=42408, per=100.00%, avg=31747.53, stdev=12257.15, samples=592
   iops        : min=   10, max=10602, avg=7936.88, stdev=3064.29, samples=592
  write: IOPS=7836, BW=30.6MiB/s (32.1MB/s)(9184MiB/300001msec); 0 zone resets
    slat (usec): min=68, max=3851, avg=71.44, stdev=12.42
    clat (usec): min=46, max=925180, avg=16265.70, stdev=23453.51
     lat (usec): min=116, max=925251, avg=16338.25, stdev=23454.72
    clat percentiles (msec):
     |  1.00th=[   12],  5.00th=[   13], 10.00th=[   13], 20.00th=[   13],
     | 30.00th=[   13], 40.00th=[   13], 50.00th=[   14], 60.00th=[   14],
     | 70.00th=[   14], 80.00th=[   14], 90.00th=[   14], 95.00th=[   25],
     | 99.00th=[  112], 99.50th=[  132], 99.90th=[  190], 99.95th=[  279],
     | 99.99th=[  885]
   bw (  KiB/s): min=   32, max=41416, per=100.00%, avg=31730.08, stdev=12231.45, samples=592
   iops        : min=    8, max=10354, avg=7932.52, stdev=3057.86, samples=592
  lat (usec)   : 20=0.01%, 50=0.01%, 250=0.01%, 500=0.01%, 750=0.01%
  lat (usec)   : 1000=0.01%
  lat (msec)   : 2=0.01%, 4=0.01%, 10=0.01%, 20=94.81%, 50=2.91%
  lat (msec)   : 100=0.82%, 250=1.40%, 500=0.02%, 750=0.01%, 1000=0.04%
  cpu          : usr=15.24%, sys=73.38%, ctx=51093, majf=0, minf=44
  IO depths    : 1=0.1%, 2=0.1%, 4=0.1%, 8=0.1%, 16=0.1%, 32=0.1%, >=64=100.0%
     submit    : 0=0.0%, 4=100.0%, 8=0.0%, 16=0.0%, 32=0.0%, 64=0.0%, >=64=0.0%
     complete  : 0=0.0%, 4=100.0%, 8=0.0%, 16=0.0%, 32=0.0%, 64=0.0%, >=64=0.1%
     issued rwts: total=2352545,2351033,0,0 short=0,0,0,0 dropped=0,0,0,0
     latency   : target=0, window=0, percentile=100.00%, depth=256

Run status group 0 (all jobs):
   READ: bw=30.6MiB/s (32.1MB/s), 30.6MiB/s-30.6MiB/s (32.1MB/s-32.1MB/s), io=9190MiB (9636MB), run=300001-300001msec
  WRITE: bw=30.6MiB/s (32.1MB/s), 30.6MiB/s-30.6MiB/s (32.1MB/s-32.1MB/s), io=9184MiB (9630MB), run=300001-300001msec
