readwrite: (g=0): rw=rw, bs=(R) 4096B-4096B, (W) 4096B-4096B, (T) 4096B-4096B, ioengine=libaio, iodepth=256
fio-3.27
Starting 1 process
readwrite: Laying out IO file (1 file / 1024MiB)

readwrite: (groupid=0, jobs=1): err= 0: pid=18910: Wed Jul 21 18:22:16 2021
  read: IOPS=9030, BW=35.3MiB/s (37.0MB/s)(10.3GiB/300001msec)
    slat (usec): min=7, max=87125, avg=18.12, stdev=335.06
    clat (usec): min=10, max=909156, avg=14133.30, stdev=19231.84
     lat (usec): min=22, max=909166, avg=14152.21, stdev=19236.38
    clat percentiles (msec):
     |  1.00th=[   12],  5.00th=[   13], 10.00th=[   13], 20.00th=[   13],
     | 30.00th=[   13], 40.00th=[   13], 50.00th=[   13], 60.00th=[   14],
     | 70.00th=[   14], 80.00th=[   14], 90.00th=[   14], 95.00th=[   15],
     | 99.00th=[   35], 99.50th=[   35], 99.90th=[  112], 99.95th=[  284],
     | 99.99th=[  894]
   bw (  KiB/s): min=   16, max=42512, per=100.00%, avg=36565.49, stdev=4964.64, samples=592
   iops        : min=    4, max=10628, avg=9141.39, stdev=1241.17, samples=592
  write: IOPS=9022, BW=35.2MiB/s (37.0MB/s)(10.3GiB/300001msec); 0 zone resets
    slat (usec): min=67, max=4008, avg=71.02, stdev=11.55
    clat (usec): min=52, max=909116, avg=14121.32, stdev=18899.20
     lat (usec): min=123, max=909186, avg=14193.43, stdev=18899.28
    clat percentiles (msec):
     |  1.00th=[   12],  5.00th=[   13], 10.00th=[   13], 20.00th=[   13],
     | 30.00th=[   13], 40.00th=[   13], 50.00th=[   13], 60.00th=[   14],
     | 70.00th=[   14], 80.00th=[   14], 90.00th=[   14], 95.00th=[   15],
     | 99.00th=[   35], 99.50th=[   35], 99.90th=[  112], 99.95th=[  284],
     | 99.99th=[  894]
   bw (  KiB/s): min=   24, max=41296, per=100.00%, avg=36536.00, stdev=4905.65, samples=592
   iops        : min=    6, max=10324, avg=9134.00, stdev=1226.41, samples=592
  lat (usec)   : 20=0.01%, 50=0.01%, 100=0.01%, 250=0.01%, 500=0.01%
  lat (usec)   : 750=0.01%, 1000=0.01%
  lat (msec)   : 2=0.01%, 4=0.01%, 10=0.01%, 20=96.86%, 50=3.01%
  lat (msec)   : 100=0.03%, 250=0.05%, 500=0.01%, 750=0.01%, 1000=0.05%
  cpu          : usr=17.32%, sys=82.47%, ctx=736, majf=0, minf=44
  IO depths    : 1=0.1%, 2=0.1%, 4=0.1%, 8=0.1%, 16=0.1%, 32=0.1%, >=64=100.0%
     submit    : 0=0.0%, 4=100.0%, 8=0.0%, 16=0.0%, 32=0.0%, 64=0.0%, >=64=0.0%
     complete  : 0=0.0%, 4=100.0%, 8=0.0%, 16=0.0%, 32=0.0%, 64=0.0%, >=64=0.1%
     issued rwts: total=2709055,2706807,0,0 short=0,0,0,0 dropped=0,0,0,0
     latency   : target=0, window=0, percentile=100.00%, depth=256

Run status group 0 (all jobs):
   READ: bw=35.3MiB/s (37.0MB/s), 35.3MiB/s-35.3MiB/s (37.0MB/s-37.0MB/s), io=10.3GiB (11.1GB), run=300001-300001msec
  WRITE: bw=35.2MiB/s (37.0MB/s), 35.2MiB/s-35.2MiB/s (37.0MB/s-37.0MB/s), io=10.3GiB (11.1GB), run=300001-300001msec
