test: (g=0): rw=randread, bs=(R) 4096B-4096B, (W) 4096B-4096B, (T) 4096B-4096B, ioengine=libaio, iodepth=256
...
fio-3.27
Starting 16 processes
rand-read: Laying out IO file (1 file / 1024MiB)
rand-read: Laying out IO file (1 file / 1024MiB)
rand-read: Laying out IO file (1 file / 1024MiB)
rand-read: Laying out IO file (1 file / 1024MiB)
rand-read: Laying out IO file (1 file / 1024MiB)
rand-read: Laying out IO file (1 file / 1024MiB)
rand-read: Laying out IO file (1 file / 1024MiB)
rand-read: Laying out IO file (1 file / 1024MiB)

test: (groupid=0, jobs=16): err= 0: pid=209722: Mon Jul 19 22:15:36 2021
  read: IOPS=662, BW=2650KiB/s (2714kB/s)(777MiB/300079msec)
    slat (usec): min=626, max=264110, avg=24120.12, stdev=14029.50
    clat (usec): min=15, max=8676.4k, avg=6106305.00, stdev=673543.74
     lat (msec): min=11, max=8699, avg=6130.43, stdev=674.55
    clat percentiles (msec):
     |  1.00th=[ 3037],  5.00th=[ 5470], 10.00th=[ 5604], 20.00th=[ 5805],
     | 30.00th=[ 5940], 40.00th=[ 6007], 50.00th=[ 6141], 60.00th=[ 6208],
     | 70.00th=[ 6342], 80.00th=[ 6477], 90.00th=[ 6745], 95.00th=[ 7013],
     | 99.00th=[ 7483], 99.50th=[ 7684], 99.90th=[ 8154], 99.95th=[ 8288],
     | 99.99th=[ 8557]
   bw (  KiB/s): min= 1288, max= 3592, per=99.77%, avg=2644.46, stdev=21.27, samples=9415
   iops        : min=  322, max=  898, avg=661.12, stdev= 5.32, samples=9415
  lat (usec)   : 20=0.01%, 50=0.01%
  lat (msec)   : 20=0.01%, 50=0.01%, 100=0.02%, 250=0.05%, 500=0.08%
  lat (msec)   : 750=0.09%, 1000=0.08%, 2000=0.32%, >=2000=99.34%
  cpu          : usr=0.11%, sys=0.73%, ctx=198942, majf=0, minf=4717
  IO depths    : 1=0.1%, 2=0.1%, 4=0.1%, 8=0.1%, 16=0.1%, 32=0.3%, >=64=99.5%
     submit    : 0=0.0%, 4=100.0%, 8=0.0%, 16=0.0%, 32=0.0%, 64=0.0%, >=64=0.0%
     complete  : 0=0.0%, 4=100.0%, 8=0.0%, 16=0.0%, 32=0.0%, 64=0.0%, >=64=0.1%
     issued rwts: total=198819,0,0,0 short=0,0,0,0 dropped=0,0,0,0
     latency   : target=0, window=0, percentile=100.00%, depth=256

Run status group 0 (all jobs):
   READ: bw=2650KiB/s (2714kB/s), 2650KiB/s-2650KiB/s (2714kB/s-2714kB/s), io=777MiB (814MB), run=300079-300079msec
