readwrite: (g=0): rw=rw, bs=(R) 4096B-4096B, (W) 4096B-4096B, (T) 4096B-4096B, ioengine=libaio, iodepth=256
...
fio-3.27
Starting 2 processes
readwrite: Laying out IO file (1 file / 1024MiB)

readwrite: (groupid=0, jobs=2): err= 0: pid=256638: Wed Jul 21 16:46:43 2021
  read: IOPS=8573, BW=33.5MiB/s (35.1MB/s)(9.81GiB/300001msec)
    slat (usec): min=7, max=312969, avg=136.08, stdev=2426.76
    clat (usec): min=15, max=8680.2k, avg=29880.21, stdev=209810.01
     lat (usec): min=585, max=8762.4k, avg=30017.01, stdev=211336.09
    clat percentiles (msec):
     |  1.00th=[   12],  5.00th=[   13], 10.00th=[   13], 20.00th=[   13],
     | 30.00th=[   13], 40.00th=[   14], 50.00th=[   14], 60.00th=[   14],
     | 70.00th=[   14], 80.00th=[   14], 90.00th=[   15], 95.00th=[   16],
     | 99.00th=[  140], 99.50th=[ 1385], 99.90th=[ 3373], 99.95th=[ 4245],
     | 99.99th=[ 6208]
   bw (  KiB/s): min=   56, max=82816, per=100.00%, avg=34608.92, stdev=10980.35, samples=1192
   iops        : min=   14, max=20704, avg=8652.21, stdev=2745.09, samples=1192
  write: IOPS=8571, BW=33.5MiB/s (35.1MB/s)(9.81GiB/300001msec); 0 zone resets
    slat (usec): min=68, max=29284, avg=76.47, stdev=26.50
    clat (usec): min=766, max=8704.6k, avg=29580.76, stdev=207658.85
     lat (usec): min=861, max=8704.7k, avg=29658.31, stdev=207660.47
    clat percentiles (msec):
     |  1.00th=[   12],  5.00th=[   13], 10.00th=[   13], 20.00th=[   13],
     | 30.00th=[   13], 40.00th=[   14], 50.00th=[   14], 60.00th=[   14],
     | 70.00th=[   14], 80.00th=[   14], 90.00th=[   15], 95.00th=[   15],
     | 99.00th=[  138], 99.50th=[ 1385], 99.90th=[ 3306], 99.95th=[ 4212],
     | 99.99th=[ 6208]
   bw (  KiB/s): min=   32, max=81712, per=100.00%, avg=34550.85, stdev=11024.19, samples=1192
   iops        : min=    8, max=20428, avg=8637.70, stdev=2756.05, samples=1192
  lat (usec)   : 20=0.01%, 50=0.01%, 750=0.01%, 1000=0.01%
  lat (msec)   : 2=0.01%, 4=0.01%, 10=0.01%, 20=97.29%, 50=1.20%
  lat (msec)   : 100=0.14%, 250=0.62%, 500=0.05%, 750=0.05%, 1000=0.07%
  lat (msec)   : 2000=0.26%, >=2000=0.33%
  cpu          : usr=7.96%, sys=39.79%, ctx=35117, majf=0, minf=89
  IO depths    : 1=0.1%, 2=0.1%, 4=0.1%, 8=0.1%, 16=0.1%, 32=0.1%, >=64=100.0%
     submit    : 0=0.0%, 4=100.0%, 8=0.0%, 16=0.0%, 32=0.0%, 64=0.0%, >=64=0.0%
     complete  : 0=0.0%, 4=100.0%, 8=0.0%, 16=0.0%, 32=0.0%, 64=0.0%, >=64=0.1%
     issued rwts: total=2571937,2571329,0,0 short=0,0,0,0 dropped=0,0,0,0
     latency   : target=0, window=0, percentile=100.00%, depth=256

Run status group 0 (all jobs):
   READ: bw=33.5MiB/s (35.1MB/s), 33.5MiB/s-33.5MiB/s (35.1MB/s-35.1MB/s), io=9.81GiB (10.5GB), run=300001-300001msec
  WRITE: bw=33.5MiB/s (35.1MB/s), 33.5MiB/s-33.5MiB/s (35.1MB/s-35.1MB/s), io=9.81GiB (10.5GB), run=300001-300001msec
