readwrite: (g=0): rw=rw, bs=(R) 4096B-4096B, (W) 4096B-4096B, (T) 4096B-4096B, ioengine=libaio, iodepth=256
...
fio-3.27
Starting 2 processes
readwrite: Laying out IO file (1 file / 1024MiB)

readwrite: (groupid=0, jobs=2): err= 0: pid=5759: Wed Jul 21 18:27:47 2021
  read: IOPS=16.0k, BW=62.7MiB/s (65.7MB/s)(18.4GiB/300002msec)
    slat (usec): min=7, max=150630, avg=28.57, stdev=389.61
    clat (usec): min=11, max=1092.9k, avg=15914.17, stdev=25563.30
     lat (usec): min=222, max=1092.9k, avg=15943.50, stdev=25647.74
    clat percentiles (msec):
     |  1.00th=[   12],  5.00th=[   13], 10.00th=[   13], 20.00th=[   13],
     | 30.00th=[   13], 40.00th=[   14], 50.00th=[   14], 60.00th=[   14],
     | 70.00th=[   14], 80.00th=[   14], 90.00th=[   15], 95.00th=[   16],
     | 99.00th=[  118], 99.50th=[  153], 99.90th=[  296], 99.95th=[  527],
     | 99.99th=[  944]
   bw (  KiB/s): min=  976, max=83832, per=100.00%, avg=64841.76, stdev=10876.46, samples=1187
   iops        : min=  244, max=20956, avg=16210.43, stdev=2719.11, samples=1187
  write: IOPS=16.0k, BW=62.6MiB/s (65.7MB/s)(18.3GiB/300002msec); 0 zone resets
    slat (usec): min=68, max=97032, avg=74.60, stdev=46.68
    clat (usec): min=11, max=1092.7k, avg=15889.30, stdev=25302.82
     lat (usec): min=84, max=1092.8k, avg=15964.99, stdev=25303.70
    clat percentiles (msec):
     |  1.00th=[   12],  5.00th=[   13], 10.00th=[   13], 20.00th=[   13],
     | 30.00th=[   13], 40.00th=[   14], 50.00th=[   14], 60.00th=[   14],
     | 70.00th=[   14], 80.00th=[   14], 90.00th=[   15], 95.00th=[   16],
     | 99.00th=[  118], 99.50th=[  153], 99.90th=[  296], 99.95th=[  456],
     | 99.99th=[  944]
   bw (  KiB/s): min=   48, max=82120, per=100.00%, avg=64729.62, stdev=10906.31, samples=1188
   iops        : min=   12, max=20530, avg=16182.40, stdev=2726.58, samples=1188
  lat (usec)   : 20=0.01%, 100=0.01%, 250=0.01%, 500=0.01%, 750=0.01%
  lat (usec)   : 1000=0.01%
  lat (msec)   : 2=0.01%, 4=0.01%, 10=0.01%, 20=96.58%, 50=2.09%
  lat (msec)   : 100=0.11%, 250=1.08%, 500=0.09%, 750=0.01%, 1000=0.04%
  lat (msec)   : 2000=0.01%
  cpu          : usr=15.22%, sys=75.14%, ctx=57313, majf=0, minf=87
  IO depths    : 1=0.1%, 2=0.1%, 4=0.1%, 8=0.1%, 16=0.1%, 32=0.1%, >=64=100.0%
     submit    : 0=0.0%, 4=100.0%, 8=0.0%, 16=0.0%, 32=0.0%, 64=0.0%, >=64=0.0%
     complete  : 0=0.0%, 4=100.0%, 8=0.0%, 16=0.0%, 32=0.0%, 64=0.0%, >=64=0.1%
     issued rwts: total=4813214,4809491,0,0 short=0,0,0,0 dropped=0,0,0,0
     latency   : target=0, window=0, percentile=100.00%, depth=256

Run status group 0 (all jobs):
   READ: bw=62.7MiB/s (65.7MB/s), 62.7MiB/s-62.7MiB/s (65.7MB/s-65.7MB/s), io=18.4GiB (19.7GB), run=300002-300002msec
  WRITE: bw=62.6MiB/s (65.7MB/s), 62.6MiB/s-62.6MiB/s (65.7MB/s-65.7MB/s), io=18.3GiB (19.7GB), run=300002-300002msec
