test: (g=0): rw=read, bs=(R) 4096B-4096B, (W) 4096B-4096B, (T) 4096B-4096B, ioengine=libaio, iodepth=256
...
fio-3.27
Starting 4 processes
seq-read: Laying out IO file (1 file / 1024MiB)
seq-read: Laying out IO file (1 file / 1024MiB)

test: (groupid=0, jobs=4): err= 0: pid=237537: Tue Jul 20 15:33:22 2021
  read: IOPS=32.5k, BW=127MiB/s (133MB/s)(37.2GiB/300002msec)
    slat (usec): min=10, max=318613, avg=111.33, stdev=1137.03
    clat (usec): min=10, max=9552.4k, avg=31374.16, stdev=175084.92
     lat (usec): min=23, max=9554.0k, avg=31486.37, stdev=175688.62
    clat percentiles (msec):
     |  1.00th=[    5],  5.00th=[    5], 10.00th=[    5], 20.00th=[    5],
     | 30.00th=[    6], 40.00th=[    6], 50.00th=[    6], 60.00th=[    6],
     | 70.00th=[    6], 80.00th=[    6], 90.00th=[   17], 95.00th=[   27],
     | 99.00th=[  776], 99.50th=[ 1070], 99.90th=[ 1569], 99.95th=[ 1804],
     | 99.99th=[ 6812]
   bw (  KiB/s): min=  120, max=656104, per=100.00%, avg=133738.12, stdev=36809.72, samples=2375
   iops        : min=   30, max=164026, avg=33434.55, stdev=9202.43, samples=2375
  lat (usec)   : 20=0.01%, 50=0.01%, 100=0.01%, 250=0.01%, 500=0.01%
  lat (usec)   : 750=0.01%, 1000=0.01%
  lat (msec)   : 2=0.01%, 4=0.01%, 10=85.82%, 20=4.99%, 50=5.67%
  lat (msec)   : 100=0.07%, 250=0.02%, 500=1.34%, 750=1.04%, 1000=0.44%
  lat (msec)   : 2000=0.57%, >=2000=0.04%
  cpu          : usr=7.41%, sys=22.18%, ctx=327539, majf=0, minf=1182
  IO depths    : 1=0.1%, 2=0.1%, 4=0.1%, 8=0.1%, 16=0.1%, 32=0.1%, >=64=100.0%
     submit    : 0=0.0%, 4=100.0%, 8=0.0%, 16=0.0%, 32=0.0%, 64=0.0%, >=64=0.0%
     complete  : 0=0.0%, 4=100.0%, 8=0.0%, 16=0.0%, 32=0.0%, 64=0.0%, >=64=0.1%
     issued rwts: total=9748972,0,0,0 short=0,0,0,0 dropped=0,0,0,0
     latency   : target=0, window=0, percentile=100.00%, depth=256

Run status group 0 (all jobs):
   READ: bw=127MiB/s (133MB/s), 127MiB/s-127MiB/s (133MB/s-133MB/s), io=37.2GiB (39.9GB), run=300002-300002msec
