test: (g=0): rw=read, bs=(R) 4096B-4096B, (W) 4096B-4096B, (T) 4096B-4096B, ioengine=libaio, iodepth=256
fio-3.27
Starting 1 process
test: Laying out IO file (1 file / 1024MiB)

test: (groupid=0, jobs=1): err= 0: pid=235991: Fri Jul 16 03:00:25 2021
  read: IOPS=31.9k, BW=125MiB/s (131MB/s)(36.5GiB/300001msec)
    slat (usec): min=10, max=95273, avg=20.15, stdev=346.30
    clat (usec): min=10, max=1004.5k, avg=7987.30, stdev=32047.65
     lat (usec): min=22, max=1004.6k, avg=8008.23, stdev=32077.01
    clat percentiles (msec):
     |  1.00th=[    5],  5.00th=[    5], 10.00th=[    5], 20.00th=[    5],
     | 30.00th=[    5], 40.00th=[    5], 50.00th=[    6], 60.00th=[    6],
     | 70.00th=[    6], 80.00th=[    6], 90.00th=[   16], 95.00th=[   26],
     | 99.00th=[   27], 99.50th=[   27], 99.90th=[  625], 99.95th=[  911],
     | 99.99th=[  944]
   bw (  KiB/s): min=    8, max=165482, per=100.00%, avg=132743.62, stdev=53862.11, samples=576
   iops        : min=    2, max=41370, avg=33185.82, stdev=13465.51, samples=576
  lat (usec)   : 20=0.01%, 50=0.01%, 100=0.01%, 250=0.01%, 500=0.01%
  lat (usec)   : 750=0.01%, 1000=0.01%
  lat (msec)   : 2=0.01%, 4=0.01%, 10=89.27%, 20=4.63%, 50=5.91%
  lat (msec)   : 100=0.03%, 250=0.01%, 500=0.01%, 750=0.06%, 1000=0.09%
  lat (msec)   : 2000=0.01%
  cpu          : usr=26.44%, sys=68.51%, ctx=7515, majf=0, minf=294
  IO depths    : 1=0.1%, 2=0.1%, 4=0.1%, 8=0.1%, 16=0.1%, 32=0.1%, >=64=100.0%
     submit    : 0=0.0%, 4=100.0%, 8=0.0%, 16=0.0%, 32=0.0%, 64=0.0%, >=64=0.0%
     complete  : 0=0.0%, 4=100.0%, 8=0.0%, 16=0.0%, 32=0.0%, 64=0.0%, >=64=0.1%
     issued rwts: total=9572142,0,0,0 short=0,0,0,0 dropped=0,0,0,0
     latency   : target=0, window=0, percentile=100.00%, depth=256

Run status group 0 (all jobs):
   READ: bw=125MiB/s (131MB/s), 125MiB/s-125MiB/s (131MB/s-131MB/s), io=36.5GiB (39.2GB), run=300001-300001msec
