readwrite: (g=0): rw=rw, bs=(R) 4096B-4096B, (W) 4096B-4096B, (T) 4096B-4096B, ioengine=libaio, iodepth=256
...
fio-3.27
Starting 32 processes
readwrite: Laying out IO file (1 file / 1024MiB)
readwrite: Laying out IO file (1 file / 1024MiB)
readwrite: Laying out IO file (1 file / 1024MiB)
readwrite: Laying out IO file (1 file / 1024MiB)
readwrite: Laying out IO file (1 file / 1024MiB)
readwrite: Laying out IO file (1 file / 1024MiB)
readwrite: Laying out IO file (1 file / 1024MiB)
readwrite: Laying out IO file (1 file / 1024MiB)
readwrite: Laying out IO file (1 file / 1024MiB)
readwrite: Laying out IO file (1 file / 1024MiB)
readwrite: Laying out IO file (1 file / 1024MiB)
readwrite: Laying out IO file (1 file / 1024MiB)
readwrite: Laying out IO file (1 file / 1024MiB)
readwrite: Laying out IO file (1 file / 1024MiB)
readwrite: Laying out IO file (1 file / 1024MiB)
readwrite: Laying out IO file (1 file / 1024MiB)

readwrite: (groupid=0, jobs=32): err= 0: pid=18037: Wed Jul 21 17:04:57 2021
  read: IOPS=57.3k, BW=224MiB/s (235MB/s)(65.6GiB/300113msec)
    slat (usec): min=7, max=1677.6k, avg=452.91, stdev=6816.62
    clat (usec): min=10, max=21778k, avg=71383.49, stdev=644198.38
     lat (usec): min=21, max=21912k, avg=71837.15, stdev=648859.89
    clat percentiles (msec):
     |  1.00th=[   13],  5.00th=[   13], 10.00th=[   13], 20.00th=[   14],
     | 30.00th=[   14], 40.00th=[   14], 50.00th=[   14], 60.00th=[   15],
     | 70.00th=[   15], 80.00th=[   15], 90.00th=[   16], 95.00th=[   19],
     | 99.00th=[ 1183], 99.50th=[ 4799], 99.90th=[10268], 99.95th=[12147],
     | 99.99th=[15905]
   bw (  KiB/s): min=  272, max=1172920, per=100.00%, avg=234392.85, stdev=10751.47, samples=18623
   iops        : min=   68, max=293230, avg=58598.21, stdev=2687.87, samples=18623
  write: IOPS=57.3k, BW=224MiB/s (235MB/s)(65.6GiB/300113msec); 0 zone resets
    slat (usec): min=68, max=1373.5k, avg=84.70, stdev=1077.69
    clat (usec): min=11, max=21911k, avg=70313.76, stdev=637320.41
     lat (usec): min=83, max=21912k, avg=70399.58, stdev=637336.50
    clat percentiles (msec):
     |  1.00th=[   13],  5.00th=[   13], 10.00th=[   13], 20.00th=[   14],
     | 30.00th=[   14], 40.00th=[   14], 50.00th=[   14], 60.00th=[   15],
     | 70.00th=[   15], 80.00th=[   15], 90.00th=[   16], 95.00th=[   19],
     | 99.00th=[ 1036], 99.50th=[ 4732], 99.90th=[10134], 99.95th=[12013],
     | 99.99th=[15771]
   bw (  KiB/s): min=  256, max=1166768, per=100.00%, avg=234452.67, stdev=10749.75, samples=18629
   iops        : min=   64, max=291692, avg=58613.16, stdev=2687.44, samples=18629
  lat (usec)   : 20=0.01%, 50=0.01%, 100=0.01%, 250=0.01%, 500=0.01%
  lat (usec)   : 750=0.01%, 1000=0.01%
  lat (msec)   : 2=0.01%, 4=0.01%, 10=0.01%, 20=97.53%, 50=1.15%
  lat (msec)   : 100=0.08%, 250=0.06%, 500=0.07%, 750=0.04%, 1000=0.05%
  lat (msec)   : 2000=0.10%, >=2000=0.91%
  cpu          : usr=3.42%, sys=17.48%, ctx=169602, majf=0, minf=1425
  IO depths    : 1=0.1%, 2=0.1%, 4=0.1%, 8=0.1%, 16=0.1%, 32=0.1%, >=64=100.0%
     submit    : 0=0.0%, 4=100.0%, 8=0.0%, 16=0.0%, 32=0.0%, 64=0.0%, >=64=0.0%
     complete  : 0=0.0%, 4=100.0%, 8=0.0%, 16=0.0%, 32=0.0%, 64=0.0%, >=64=0.1%
     issued rwts: total=17184222,17190213,0,0 short=0,0,0,0 dropped=0,0,0,0
     latency   : target=0, window=0, percentile=100.00%, depth=256

Run status group 0 (all jobs):
   READ: bw=224MiB/s (235MB/s), 224MiB/s-224MiB/s (235MB/s-235MB/s), io=65.6GiB (70.4GB), run=300113-300113msec
  WRITE: bw=224MiB/s (235MB/s), 224MiB/s-224MiB/s (235MB/s-235MB/s), io=65.6GiB (70.4GB), run=300113-300113msec
