test: (g=0): rw=randread, bs=(R) 4096B-4096B, (W) 4096B-4096B, (T) 4096B-4096B, ioengine=libaio, iodepth=256
...
fio-3.27
Starting 16 processes
rand-read: Laying out IO file (1 file / 1024MiB)
rand-read: Laying out IO file (1 file / 1024MiB)
rand-read: Laying out IO file (1 file / 1024MiB)
rand-read: Laying out IO file (1 file / 1024MiB)
rand-read: Laying out IO file (1 file / 1024MiB)
rand-read: Laying out IO file (1 file / 1024MiB)
rand-read: Laying out IO file (1 file / 1024MiB)
rand-read: Laying out IO file (1 file / 1024MiB)

test: (groupid=0, jobs=16): err= 0: pid=194622: Mon Jul 19 22:15:36 2021
  read: IOPS=643, BW=2575KiB/s (2637kB/s)(755MiB/300030msec)
    slat (usec): min=512, max=260897, avg=24825.36, stdev=14176.67
    clat (usec): min=13, max=8728.0k, avg=6270806.11, stdev=897522.47
     lat (msec): min=2, max=8755, avg=6295.63, stdev=899.71
    clat percentiles (msec):
     |  1.00th=[ 2467],  5.00th=[ 5336], 10.00th=[ 5470], 20.00th=[ 5671],
     | 30.00th=[ 5873], 40.00th=[ 6074], 50.00th=[ 6208], 60.00th=[ 6342],
     | 70.00th=[ 6678], 80.00th=[ 7013], 90.00th=[ 7215], 95.00th=[ 7550],
     | 99.00th=[ 8221], 99.50th=[ 8356], 99.90th=[ 8557], 99.95th=[ 8557],
     | 99.99th=[ 8658]
   bw (  KiB/s): min=  912, max= 3512, per=99.72%, avg=2568.28, stdev=20.88, samples=9391
   iops        : min=  228, max=  878, avg=642.07, stdev= 5.22, samples=9391
  lat (usec)   : 20=0.01%, 50=0.01%
  lat (msec)   : 4=0.01%, 10=0.01%, 20=0.01%, 50=0.03%, 100=0.05%
  lat (msec)   : 250=0.12%, 500=0.11%, 750=0.09%, 1000=0.08%, 2000=0.33%
  lat (msec)   : >=2000=99.16%
  cpu          : usr=0.11%, sys=0.69%, ctx=193300, majf=0, minf=4723
  IO depths    : 1=0.1%, 2=0.1%, 4=0.1%, 8=0.1%, 16=0.1%, 32=0.3%, >=64=99.5%
     submit    : 0=0.0%, 4=100.0%, 8=0.0%, 16=0.0%, 32=0.0%, 64=0.0%, >=64=0.0%
     complete  : 0=0.0%, 4=100.0%, 8=0.0%, 16=0.0%, 32=0.0%, 64=0.0%, >=64=0.1%
     issued rwts: total=193167,0,0,0 short=0,0,0,0 dropped=0,0,0,0
     latency   : target=0, window=0, percentile=100.00%, depth=256

Run status group 0 (all jobs):
   READ: bw=2575KiB/s (2637kB/s), 2575KiB/s-2575KiB/s (2637kB/s-2637kB/s), io=755MiB (791MB), run=300030-300030msec
