test: (g=0): rw=read, bs=(R) 4096B-4096B, (W) 4096B-4096B, (T) 4096B-4096B, ioengine=libaio, iodepth=256
...
fio-3.27
Starting 4 processes
seq-read: Laying out IO file (1 file / 1024MiB)
seq-read: Laying out IO file (1 file / 1024MiB)

test: (groupid=0, jobs=4): err= 0: pid=231968: Fri Jul 16 03:09:46 2021
  read: IOPS=32.3k, BW=126MiB/s (132MB/s)(37.0GiB/300471msec)
    slat (usec): min=10, max=740424, avg=112.39, stdev=1621.72
    clat (usec): min=16, max=27246k, avg=31548.57, stdev=247742.22
     lat (usec): min=1719, max=27288k, avg=31661.78, stdev=248604.85
    clat percentiles (msec):
     |  1.00th=[    5],  5.00th=[    5], 10.00th=[    5], 20.00th=[    5],
     | 30.00th=[    5], 40.00th=[    5], 50.00th=[    5], 60.00th=[    6],
     | 70.00th=[    6], 80.00th=[    6], 90.00th=[   17], 95.00th=[   27],
     | 99.00th=[  625], 99.50th=[ 1011], 99.90th=[ 2123], 99.95th=[ 3977],
     | 99.99th=[ 9597]
   bw (  KiB/s): min=   88, max=553008, per=100.00%, avg=134857.99, stdev=31726.96, samples=2368
   iops        : min=   22, max=138252, avg=33714.44, stdev=7931.74, samples=2368
  lat (usec)   : 20=0.01%, 50=0.01%
  lat (msec)   : 2=0.01%, 4=0.01%, 10=84.26%, 20=6.66%, 50=5.59%
  lat (msec)   : 100=0.09%, 250=0.09%, 500=1.82%, 750=0.69%, 1000=0.28%
  lat (msec)   : 2000=0.40%, >=2000=0.11%
  cpu          : usr=7.10%, sys=21.22%, ctx=319975, majf=0, minf=1182
  IO depths    : 1=0.1%, 2=0.1%, 4=0.1%, 8=0.1%, 16=0.1%, 32=0.1%, >=64=100.0%
     submit    : 0=0.0%, 4=100.0%, 8=0.0%, 16=0.0%, 32=0.0%, 64=0.0%, >=64=0.0%
     complete  : 0=0.0%, 4=100.0%, 8=0.0%, 16=0.0%, 32=0.0%, 64=0.0%, >=64=0.1%
     issued rwts: total=9692526,0,0,0 short=0,0,0,0 dropped=0,0,0,0
     latency   : target=0, window=0, percentile=100.00%, depth=256

Run status group 0 (all jobs):
   READ: bw=126MiB/s (132MB/s), 126MiB/s-126MiB/s (132MB/s-132MB/s), io=37.0GiB (39.7GB), run=300471-300471msec
