readwrite: (g=0): rw=rw, bs=(R) 4096B-4096B, (W) 4096B-4096B, (T) 4096B-4096B, ioengine=libaio, iodepth=256
...
fio-3.27
Starting 2 processes
readwrite: Laying out IO file (1 file / 1024MiB)

readwrite: (groupid=0, jobs=2): err= 0: pid=37969: Wed Jul 21 18:27:47 2021
  read: IOPS=16.5k, BW=64.3MiB/s (67.4MB/s)(18.8GiB/300001msec)
    slat (usec): min=7, max=113514, avg=25.77, stdev=363.74
    clat (usec): min=170, max=1144.2k, avg=15514.70, stdev=23178.78
     lat (usec): min=184, max=1144.2k, avg=15541.22, stdev=23240.34
    clat percentiles (msec):
     |  1.00th=[   12],  5.00th=[   13], 10.00th=[   13], 20.00th=[   13],
     | 30.00th=[   13], 40.00th=[   14], 50.00th=[   14], 60.00th=[   14],
     | 70.00th=[   14], 80.00th=[   14], 90.00th=[   15], 95.00th=[   16],
     | 99.00th=[  106], 99.50th=[  138], 99.90th=[  215], 99.95th=[  439],
     | 99.99th=[  911]
   bw (  KiB/s): min= 1160, max=83392, per=100.00%, avg=66603.39, stdev=10014.04, samples=1184
   iops        : min=  290, max=20848, avg=16650.69, stdev=2503.50, samples=1184
  write: IOPS=16.4k, BW=64.2MiB/s (67.3MB/s)(18.8GiB/300001msec); 0 zone resets
    slat (usec): min=68, max=13887, avg=74.44, stdev=16.14
    clat (usec): min=11, max=1144.2k, avg=15496.84, stdev=22925.99
     lat (usec): min=82, max=1144.3k, avg=15572.36, stdev=22926.68
    clat percentiles (msec):
     |  1.00th=[   12],  5.00th=[   13], 10.00th=[   13], 20.00th=[   13],
     | 30.00th=[   13], 40.00th=[   14], 50.00th=[   14], 60.00th=[   14],
     | 70.00th=[   14], 80.00th=[   14], 90.00th=[   15], 95.00th=[   16],
     | 99.00th=[  106], 99.50th=[  138], 99.90th=[  215], 99.95th=[  372],
     | 99.99th=[  919]
   bw (  KiB/s): min= 1152, max=82050, per=100.00%, avg=66493.29, stdev=10047.71, samples=1185
   iops        : min=  286, max=20512, avg=16623.15, stdev=2511.92, samples=1185
  lat (usec)   : 20=0.01%, 100=0.01%, 250=0.01%, 500=0.01%, 750=0.01%
  lat (usec)   : 1000=0.01%
  lat (msec)   : 2=0.01%, 4=0.01%, 10=0.01%, 20=96.72%, 50=2.08%
  lat (msec)   : 100=0.13%, 250=1.00%, 500=0.02%, 750=0.01%, 1000=0.04%
  lat (msec)   : 2000=0.01%
  cpu          : usr=15.78%, sys=76.54%, ctx=51683, majf=0, minf=88
  IO depths    : 1=0.1%, 2=0.1%, 4=0.1%, 8=0.1%, 16=0.1%, 32=0.1%, >=64=100.0%
     submit    : 0=0.0%, 4=100.0%, 8=0.0%, 16=0.0%, 32=0.0%, 64=0.0%, >=64=0.0%
     complete  : 0=0.0%, 4=100.0%, 8=0.0%, 16=0.0%, 32=0.0%, 64=0.0%, >=64=0.1%
     issued rwts: total=4935871,4932154,0,0 short=0,0,0,0 dropped=0,0,0,0
     latency   : target=0, window=0, percentile=100.00%, depth=256

Run status group 0 (all jobs):
   READ: bw=64.3MiB/s (67.4MB/s), 64.3MiB/s-64.3MiB/s (67.4MB/s-67.4MB/s), io=18.8GiB (20.2GB), run=300001-300001msec
  WRITE: bw=64.2MiB/s (67.3MB/s), 64.2MiB/s-64.2MiB/s (67.3MB/s-67.3MB/s), io=18.8GiB (20.2GB), run=300001-300001msec
