test: (g=0): rw=randread, bs=(R) 4096B-4096B, (W) 4096B-4096B, (T) 4096B-4096B, ioengine=libaio, iodepth=256
...
fio-3.27
Starting 4 processes
rand-read: Laying out IO file (1 file / 1024MiB)
rand-read: Laying out IO file (1 file / 1024MiB)

test: (groupid=0, jobs=4): err= 0: pid=171100: Tue Jul 20 11:16:42 2021
  read: IOPS=439, BW=1758KiB/s (1800kB/s)(515MiB/300026msec)
    slat (usec): min=462, max=96367, avg=9080.89, stdev=6635.03
    clat (usec): min=16, max=2792.5k, avg=2312355.77, stdev=161208.89
     lat (msec): min=3, max=2802, avg=2321.44, stdev=161.35
    clat percentiles (msec):
     |  1.00th=[ 2056],  5.00th=[ 2140], 10.00th=[ 2165], 20.00th=[ 2232],
     | 30.00th=[ 2265], 40.00th=[ 2299], 50.00th=[ 2299], 60.00th=[ 2333],
     | 70.00th=[ 2366], 80.00th=[ 2400], 90.00th=[ 2467], 95.00th=[ 2500],
     | 99.00th=[ 2601], 99.50th=[ 2668], 99.90th=[ 2735], 99.95th=[ 2735],
     | 99.99th=[ 2769]
   bw (  KiB/s): min=  568, max= 2304, per=99.91%, avg=1756.20, stdev=45.04, samples=2380
   iops        : min=  142, max=  576, avg=439.04, stdev=11.25, samples=2380
  lat (usec)   : 20=0.01%, 50=0.01%
  lat (msec)   : 4=0.01%, 10=0.01%, 20=0.01%, 50=0.01%, 100=0.02%
  lat (msec)   : 250=0.05%, 500=0.09%, 750=0.08%, 1000=0.07%, 2000=0.39%
  lat (msec)   : >=2000=99.29%
  cpu          : usr=0.27%, sys=1.79%, ctx=131865, majf=0, minf=1181
  IO depths    : 1=0.1%, 2=0.1%, 4=0.1%, 8=0.1%, 16=0.1%, 32=0.1%, >=64=99.8%
     submit    : 0=0.0%, 4=100.0%, 8=0.0%, 16=0.0%, 32=0.0%, 64=0.0%, >=64=0.0%
     complete  : 0=0.0%, 4=100.0%, 8=0.0%, 16=0.0%, 32=0.0%, 64=0.0%, >=64=0.1%
     issued rwts: total=131824,0,0,0 short=0,0,0,0 dropped=0,0,0,0
     latency   : target=0, window=0, percentile=100.00%, depth=256

Run status group 0 (all jobs):
   READ: bw=1758KiB/s (1800kB/s), 1758KiB/s-1758KiB/s (1800kB/s-1800kB/s), io=515MiB (540MB), run=300026-300026msec
