test: (g=0): rw=randread, bs=(R) 4096B-4096B, (W) 4096B-4096B, (T) 4096B-4096B, ioengine=libaio, iodepth=256
...
fio-3.27
Starting 16 processes
rand-read: Laying out IO file (1 file / 1024MiB)
rand-read: Laying out IO file (1 file / 1024MiB)
rand-read: Laying out IO file (1 file / 1024MiB)
rand-read: Laying out IO file (1 file / 1024MiB)
rand-read: Laying out IO file (1 file / 1024MiB)
rand-read: Laying out IO file (1 file / 1024MiB)
rand-read: Laying out IO file (1 file / 1024MiB)
rand-read: Laying out IO file (1 file / 1024MiB)

test: (groupid=0, jobs=16): err= 0: pid=175823: Tue Jul 20 11:31:17 2021
  read: IOPS=542, BW=2169KiB/s (2221kB/s)(636MiB/300052msec)
    slat (usec): min=892, max=313506, avg=29473.72, stdev=15182.94
    clat (usec): min=15, max=10944k, avg=7427393.05, stdev=990911.26
     lat (msec): min=4, max=10982, avg=7456.87, stdev=992.77
    clat percentiles (msec):
     |  1.00th=[ 2534],  5.00th=[ 6745], 10.00th=[ 6879], 20.00th=[ 7080],
     | 30.00th=[ 7148], 40.00th=[ 7215], 50.00th=[ 7349], 60.00th=[ 7416],
     | 70.00th=[ 7550], 80.00th=[ 7819], 90.00th=[ 8423], 95.00th=[ 8926],
     | 99.00th=[10000], 99.50th=[10268], 99.90th=[10671], 99.95th=[10805],
     | 99.99th=[10805]
   bw (  KiB/s): min=  888, max= 3008, per=99.85%, avg=2166.60, stdev=19.26, samples=9350
   iops        : min=  222, max=  752, avg=541.65, stdev= 4.81, samples=9350
  lat (usec)   : 20=0.01%, 50=0.01%
  lat (msec)   : 10=0.01%, 20=0.01%, 50=0.02%, 100=0.05%, 250=0.10%
  lat (msec)   : 500=0.13%, 750=0.09%, 1000=0.08%, 2000=0.33%, >=2000=99.18%
  cpu          : usr=0.10%, sys=0.60%, ctx=162851, majf=0, minf=4722
  IO depths    : 1=0.1%, 2=0.1%, 4=0.1%, 8=0.1%, 16=0.2%, 32=0.3%, >=64=99.4%
     submit    : 0=0.0%, 4=100.0%, 8=0.0%, 16=0.0%, 32=0.0%, 64=0.0%, >=64=0.0%
     complete  : 0=0.0%, 4=100.0%, 8=0.0%, 16=0.0%, 32=0.0%, 64=0.0%, >=64=0.1%
     issued rwts: total=162724,0,0,0 short=0,0,0,0 dropped=0,0,0,0
     latency   : target=0, window=0, percentile=100.00%, depth=256

Run status group 0 (all jobs):
   READ: bw=2169KiB/s (2221kB/s), 2169KiB/s-2169KiB/s (2221kB/s-2221kB/s), io=636MiB (667MB), run=300052-300052msec
