readwrite: (g=0): rw=rw, bs=(R) 4096B-4096B, (W) 4096B-4096B, (T) 4096B-4096B, ioengine=libaio, iodepth=256
...
fio-3.27
Starting 4 processes
readwrite: Laying out IO file (1 file / 1024MiB)
readwrite: Laying out IO file (1 file / 1024MiB)

readwrite: (groupid=0, jobs=4): err= 0: pid=36432: Wed Jul 21 18:33:38 2021
  read: IOPS=18.4k, BW=72.0MiB/s (75.5MB/s)(21.1GiB/300014msec)
    slat (usec): min=7, max=386978, avg=118.65, stdev=1581.75
    clat (usec): min=10, max=3819.9k, avg=27718.13, stdev=107165.26
     lat (usec): min=22, max=3843.0k, avg=27837.56, stdev=107924.01
    clat percentiles (msec):
     |  1.00th=[   12],  5.00th=[   13], 10.00th=[   13], 20.00th=[   13],
     | 30.00th=[   14], 40.00th=[   14], 50.00th=[   14], 60.00th=[   14],
     | 70.00th=[   14], 80.00th=[   15], 90.00th=[   15], 95.00th=[   20],
     | 99.00th=[  498], 99.50th=[  768], 99.90th=[ 1502], 99.95th=[ 1921],
     | 99.99th=[ 2567]
   bw (  KiB/s): min=  168, max=163869, per=100.00%, avg=74398.57, stdev=13440.72, samples=2385
   iops        : min=   42, max=40966, avg=18599.33, stdev=3360.17, samples=2385
  write: IOPS=18.4k, BW=72.0MiB/s (75.5MB/s)(21.1GiB/300014msec); 0 zone resets
    slat (usec): min=68, max=67217, avg=76.66, stdev=42.76
    clat (usec): min=31, max=3836.9k, avg=27639.28, stdev=106630.16
     lat (usec): min=120, max=3837.0k, avg=27717.04, stdev=106633.03
    clat percentiles (msec):
     |  1.00th=[   12],  5.00th=[   13], 10.00th=[   13], 20.00th=[   13],
     | 30.00th=[   14], 40.00th=[   14], 50.00th=[   14], 60.00th=[   14],
     | 70.00th=[   14], 80.00th=[   15], 90.00th=[   15], 95.00th=[   20],
     | 99.00th=[  493], 99.50th=[  760], 99.90th=[ 1485], 99.95th=[ 1905],
     | 99.99th=[ 2567]
   bw (  KiB/s): min=  192, max=162673, per=100.00%, avg=74369.42, stdev=13435.31, samples=2385
   iops        : min=   48, max=40668, avg=18592.07, stdev=3358.82, samples=2385
  lat (usec)   : 20=0.01%, 50=0.01%, 100=0.01%, 250=0.01%, 500=0.01%
  lat (usec)   : 750=0.01%, 1000=0.01%
  lat (msec)   : 2=0.01%, 4=0.01%, 10=0.01%, 20=95.36%, 50=2.02%
  lat (msec)   : 100=0.08%, 250=0.36%, 500=1.19%, 750=0.47%, 1000=0.26%
  lat (msec)   : 2000=0.22%, >=2000=0.04%
  cpu          : usr=8.97%, sys=44.93%, ctx=133769, majf=0, minf=178
  IO depths    : 1=0.1%, 2=0.1%, 4=0.1%, 8=0.1%, 16=0.1%, 32=0.1%, >=64=100.0%
     submit    : 0=0.0%, 4=100.0%, 8=0.0%, 16=0.0%, 32=0.0%, 64=0.0%, >=64=0.0%
     complete  : 0=0.0%, 4=100.0%, 8=0.0%, 16=0.0%, 32=0.0%, 64=0.0%, >=64=0.1%
     issued rwts: total=5529321,5527135,0,0 short=0,0,0,0 dropped=0,0,0,0
     latency   : target=0, window=0, percentile=100.00%, depth=256

Run status group 0 (all jobs):
   READ: bw=72.0MiB/s (75.5MB/s), 72.0MiB/s-72.0MiB/s (75.5MB/s-75.5MB/s), io=21.1GiB (22.6GB), run=300014-300014msec
  WRITE: bw=72.0MiB/s (75.5MB/s), 72.0MiB/s-72.0MiB/s (75.5MB/s-75.5MB/s), io=21.1GiB (22.6GB), run=300014-300014msec
