readwrite: (g=0): rw=rw, bs=(R) 4096B-4096B, (W) 4096B-4096B, (T) 4096B-4096B, ioengine=libaio, iodepth=256
...
fio-3.27
Starting 64 processes
readwrite: Laying out IO file (1 file / 1024MiB)
readwrite: Laying out IO file (1 file / 1024MiB)
readwrite: Laying out IO file (1 file / 1024MiB)
readwrite: Laying out IO file (1 file / 1024MiB)
readwrite: Laying out IO file (1 file / 1024MiB)
readwrite: Laying out IO file (1 file / 1024MiB)
readwrite: Laying out IO file (1 file / 1024MiB)
readwrite: Laying out IO file (1 file / 1024MiB)
readwrite: Laying out IO file (1 file / 1024MiB)
readwrite: Laying out IO file (1 file / 1024MiB)
readwrite: Laying out IO file (1 file / 1024MiB)
readwrite: Laying out IO file (1 file / 1024MiB)
readwrite: Laying out IO file (1 file / 1024MiB)
readwrite: Laying out IO file (1 file / 1024MiB)
readwrite: Laying out IO file (1 file / 1024MiB)
readwrite: Laying out IO file (1 file / 1024MiB)
readwrite: Laying out IO file (1 file / 1024MiB)
readwrite: Laying out IO file (1 file / 1024MiB)
readwrite: Laying out IO file (1 file / 1024MiB)
readwrite: Laying out IO file (1 file / 1024MiB)
readwrite: Laying out IO file (1 file / 1024MiB)
readwrite: Laying out IO file (1 file / 1024MiB)
readwrite: Laying out IO file (1 file / 1024MiB)
readwrite: Laying out IO file (1 file / 1024MiB)
readwrite: Laying out IO file (1 file / 1024MiB)
readwrite: Laying out IO file (1 file / 1024MiB)
readwrite: Laying out IO file (1 file / 1024MiB)
readwrite: Laying out IO file (1 file / 1024MiB)
readwrite: Laying out IO file (1 file / 1024MiB)
readwrite: Laying out IO file (1 file / 1024MiB)
readwrite: Laying out IO file (1 file / 1024MiB)
readwrite: Laying out IO file (1 file / 1024MiB)

readwrite: (groupid=0, jobs=64): err= 0: pid=55771: Wed Jul 21 19:15:59 2021
  read: IOPS=19.8k, BW=77.3MiB/s (81.1MB/s)(22.7GiB/300265msec)
    slat (usec): min=7, max=6713.2k, avg=3124.87, stdev=38029.06
    clat (usec): min=15, max=48617k, avg=419191.16, stdev=3023550.77
     lat (usec): min=194, max=48808k, avg=422316.82, stdev=3045271.38
    clat percentiles (msec):
     |  1.00th=[   13],  5.00th=[   13], 10.00th=[   14], 20.00th=[   14],
     | 30.00th=[   14], 40.00th=[   15], 50.00th=[   15], 60.00th=[   15],
     | 70.00th=[   16], 80.00th=[   16], 90.00th=[   17], 95.00th=[   20],
     | 99.00th=[17113], 99.50th=[17113], 99.90th=[17113], 99.95th=[17113],
     | 99.99th=[17113]
   bw (  KiB/s): min=  510, max=1074478, per=100.00%, avg=91372.99, stdev=5719.85, samples=31869
   iops        : min=  126, max=268614, avg=22842.97, stdev=1429.95, samples=31869
  write: IOPS=19.8k, BW=77.3MiB/s (81.0MB/s)(22.7GiB/300265msec); 0 zone resets
    slat (usec): min=68, max=1068.8k, avg=85.92, stdev=725.11
    clat (usec): min=12, max=48712k, avg=404584.83, stdev=2963095.89
     lat (usec): min=89, max=48712k, avg=404671.86, stdev=2963099.00
    clat percentiles (msec):
     |  1.00th=[   13],  5.00th=[   13], 10.00th=[   14], 20.00th=[   14],
     | 30.00th=[   14], 40.00th=[   15], 50.00th=[   15], 60.00th=[   15],
     | 70.00th=[   16], 80.00th=[   16], 90.00th=[   17], 95.00th=[   20],
     | 99.00th=[17113], 99.50th=[17113], 99.90th=[17113], 99.95th=[17113],
     | 99.99th=[17113]
   bw (  KiB/s): min=  508, max=1075063, per=100.00%, avg=91967.08, stdev=5710.59, samples=31723
   iops        : min=  124, max=268762, avg=22991.51, stdev=1427.64, samples=31723
  lat (usec)   : 20=0.01%, 50=0.01%, 100=0.01%, 250=0.01%, 500=0.01%
  lat (usec)   : 750=0.01%, 1000=0.01%
  lat (msec)   : 2=0.01%, 4=0.01%, 10=0.01%, 20=96.36%, 50=0.90%
  lat (msec)   : 100=0.19%, 250=0.14%, 500=0.12%, 750=0.09%, 1000=0.06%
  lat (msec)   : 2000=0.08%, >=2000=2.05%
  cpu          : usr=0.60%, sys=3.17%, ctx=110017, majf=0, minf=2805
  IO depths    : 1=0.1%, 2=0.1%, 4=0.1%, 8=0.1%, 16=0.1%, 32=0.1%, >=64=100.0%
     submit    : 0=0.0%, 4=100.0%, 8=0.0%, 16=0.0%, 32=0.0%, 64=0.0%, >=64=0.0%
     complete  : 0=0.0%, 4=100.0%, 8=0.0%, 16=0.0%, 32=0.0%, 64=0.0%, >=64=0.1%
     issued rwts: total=5943395,5939373,0,0 short=0,0,0,0 dropped=0,0,0,0
     latency   : target=0, window=0, percentile=100.00%, depth=256

Run status group 0 (all jobs):
   READ: bw=77.3MiB/s (81.1MB/s), 77.3MiB/s-77.3MiB/s (81.1MB/s-81.1MB/s), io=22.7GiB (24.3GB), run=300265-300265msec
  WRITE: bw=77.3MiB/s (81.0MB/s), 77.3MiB/s-77.3MiB/s (81.0MB/s-81.0MB/s), io=22.7GiB (24.3GB), run=300265-300265msec
