test: (g=0): rw=read, bs=(R) 4096B-4096B, (W) 4096B-4096B, (T) 4096B-4096B, ioengine=libaio, iodepth=256
...
fio-3.27
Starting 16 processes
seq-read: Laying out IO file (1 file / 1024MiB)
seq-read: Laying out IO file (1 file / 1024MiB)
seq-read: Laying out IO file (1 file / 1024MiB)
seq-read: Laying out IO file (1 file / 1024MiB)
seq-read: Laying out IO file (1 file / 1024MiB)
seq-read: Laying out IO file (1 file / 1024MiB)
seq-read: Laying out IO file (1 file / 1024MiB)
seq-read: Laying out IO file (1 file / 1024MiB)

test: (groupid=0, jobs=16): err= 0: pid=215709: Tue Jul 20 14:45:32 2021
  read: IOPS=35.4k, BW=138MiB/s (145MB/s)(40.5GiB/300039msec)
    slat (usec): min=10, max=410329, avg=440.48, stdev=3414.85
    clat (usec): min=10, max=20298k, avg=115198.54, stdev=630406.63
     lat (usec): min=22, max=20388k, avg=115639.91, stdev=632736.91
    clat percentiles (msec):
     |  1.00th=[    5],  5.00th=[    5], 10.00th=[    5], 20.00th=[    5],
     | 30.00th=[    6], 40.00th=[    6], 50.00th=[    6], 60.00th=[    6],
     | 70.00th=[    6], 80.00th=[    6], 90.00th=[   26], 95.00th=[   54],
     | 99.00th=[ 2903], 99.50th=[ 3910], 99.90th=[ 8288], 99.95th=[ 9866],
     | 99.99th=[16174]
   bw (  KiB/s): min=  416, max=2350816, per=100.00%, avg=144130.86, stdev=25893.19, samples=9546
   iops        : min=  104, max=587702, avg=36032.72, stdev=6473.30, samples=9546
  lat (usec)   : 20=0.01%, 50=0.01%, 100=0.01%, 250=0.01%, 500=0.01%
  lat (usec)   : 750=0.01%, 1000=0.01%
  lat (msec)   : 2=0.01%, 4=0.01%, 10=83.00%, 20=6.47%, 50=5.51%
  lat (msec)   : 100=0.06%, 250=0.01%, 500=0.01%, 750=0.02%, 1000=1.33%
  lat (msec)   : 2000=1.38%, >=2000=2.22%
  cpu          : usr=2.05%, sys=6.57%, ctx=514767, majf=0, minf=4732
  IO depths    : 1=0.1%, 2=0.1%, 4=0.1%, 8=0.1%, 16=0.1%, 32=0.1%, >=64=100.0%
     submit    : 0=0.0%, 4=100.0%, 8=0.0%, 16=0.0%, 32=0.0%, 64=0.0%, >=64=0.0%
     complete  : 0=0.0%, 4=100.0%, 8=0.0%, 16=0.0%, 32=0.0%, 64=0.0%, >=64=0.1%
     issued rwts: total=10614611,0,0,0 short=0,0,0,0 dropped=0,0,0,0
     latency   : target=0, window=0, percentile=100.00%, depth=256

Run status group 0 (all jobs):
   READ: bw=138MiB/s (145MB/s), 138MiB/s-138MiB/s (145MB/s-145MB/s), io=40.5GiB (43.5GB), run=300039-300039msec
