test: (g=0): rw=randread, bs=(R) 4096B-4096B, (W) 4096B-4096B, (T) 4096B-4096B, ioengine=libaio, iodepth=256
...
fio-3.27
Starting 4 processes
rand-read: Laying out IO file (1 file / 1024MiB)
rand-read: Laying out IO file (1 file / 1024MiB)

test: (groupid=0, jobs=4): err= 0: pid=130971: Tue Jul 20 10:17:11 2021
  read: IOPS=535, BW=2143KiB/s (2195kB/s)(628MiB/300010msec)
    slat (usec): min=455, max=367463, avg=7439.57, stdev=5179.14
    clat (usec): min=15, max=2641.8k, avg=1897622.62, stdev=124613.85
     lat (msec): min=5, max=2654, avg=1905.07, stdev=124.74
    clat percentiles (msec):
     |  1.00th=[ 1703],  5.00th=[ 1770], 10.00th=[ 1787], 20.00th=[ 1821],
     | 30.00th=[ 1854], 40.00th=[ 1871], 50.00th=[ 1905], 60.00th=[ 1921],
     | 70.00th=[ 1955], 80.00th=[ 1972], 90.00th=[ 2022], 95.00th=[ 2056],
     | 99.00th=[ 2123], 99.50th=[ 2140], 99.90th=[ 2467], 99.95th=[ 2534],
     | 99.99th=[ 2635]
   bw (  KiB/s): min=  928, max= 2673, per=99.98%, avg=2143.33, stdev=47.15, samples=2383
   iops        : min=  232, max=  668, avg=535.80, stdev=11.78, samples=2383
  lat (usec)   : 20=0.01%, 50=0.01%
  lat (msec)   : 10=0.01%, 20=0.01%, 50=0.01%, 100=0.02%, 250=0.05%
  lat (msec)   : 500=0.08%, 750=0.09%, 1000=0.08%, 2000=86.58%, >=2000=13.09%
  cpu          : usr=0.39%, sys=2.37%, ctx=160809, majf=0, minf=1179
  IO depths    : 1=0.1%, 2=0.1%, 4=0.1%, 8=0.1%, 16=0.1%, 32=0.1%, >=64=99.8%
     submit    : 0=0.0%, 4=100.0%, 8=0.0%, 16=0.0%, 32=0.0%, 64=0.0%, >=64=0.0%
     complete  : 0=0.0%, 4=100.0%, 8=0.0%, 16=0.0%, 32=0.0%, 64=0.0%, >=64=0.1%
     issued rwts: total=160765,0,0,0 short=0,0,0,0 dropped=0,0,0,0
     latency   : target=0, window=0, percentile=100.00%, depth=256

Run status group 0 (all jobs):
   READ: bw=2143KiB/s (2195kB/s), 2143KiB/s-2143KiB/s (2195kB/s-2195kB/s), io=628MiB (658MB), run=300010-300010msec
