readwrite: (g=0): rw=rw, bs=(R) 4096B-4096B, (W) 4096B-4096B, (T) 4096B-4096B, ioengine=libaio, iodepth=256
...
fio-3.27
Starting 64 processes
readwrite: Laying out IO file (1 file / 1024MiB)
readwrite: Laying out IO file (1 file / 1024MiB)
readwrite: Laying out IO file (1 file / 1024MiB)
readwrite: Laying out IO file (1 file / 1024MiB)
readwrite: Laying out IO file (1 file / 1024MiB)
readwrite: Laying out IO file (1 file / 1024MiB)
readwrite: Laying out IO file (1 file / 1024MiB)
readwrite: Laying out IO file (1 file / 1024MiB)
readwrite: Laying out IO file (1 file / 1024MiB)
readwrite: Laying out IO file (1 file / 1024MiB)
readwrite: Laying out IO file (1 file / 1024MiB)
readwrite: Laying out IO file (1 file / 1024MiB)
readwrite: Laying out IO file (1 file / 1024MiB)
readwrite: Laying out IO file (1 file / 1024MiB)
readwrite: Laying out IO file (1 file / 1024MiB)
readwrite: Laying out IO file (1 file / 1024MiB)
readwrite: Laying out IO file (1 file / 1024MiB)
readwrite: Laying out IO file (1 file / 1024MiB)
readwrite: Laying out IO file (1 file / 1024MiB)
readwrite: Laying out IO file (1 file / 1024MiB)
readwrite: Laying out IO file (1 file / 1024MiB)
readwrite: Laying out IO file (1 file / 1024MiB)
readwrite: Laying out IO file (1 file / 1024MiB)
readwrite: Laying out IO file (1 file / 1024MiB)
readwrite: Laying out IO file (1 file / 1024MiB)
readwrite: Laying out IO file (1 file / 1024MiB)
readwrite: Laying out IO file (1 file / 1024MiB)
readwrite: Laying out IO file (1 file / 1024MiB)
readwrite: Laying out IO file (1 file / 1024MiB)
readwrite: Laying out IO file (1 file / 1024MiB)
readwrite: Laying out IO file (1 file / 1024MiB)
readwrite: Laying out IO file (1 file / 1024MiB)

readwrite: (groupid=0, jobs=64): err= 0: pid=122925: Wed Jul 21 18:16:31 2021
  read: IOPS=28.7k, BW=112MiB/s (117MB/s)(32.8GiB/300090msec)
    slat (usec): min=7, max=5669.6k, avg=2124.35, stdev=25611.49
    clat (usec): min=14, max=40200k, avg=286853.48, stdev=2103990.07
     lat (usec): min=115, max=40467k, avg=288978.61, stdev=2119180.88
    clat percentiles (msec):
     |  1.00th=[   13],  5.00th=[   13], 10.00th=[   14], 20.00th=[   14],
     | 30.00th=[   14], 40.00th=[   14], 50.00th=[   15], 60.00th=[   15],
     | 70.00th=[   15], 80.00th=[   16], 90.00th=[   17], 95.00th=[   20],
     | 99.00th=[13355], 99.50th=[17113], 99.90th=[17113], 99.95th=[17113],
     | 99.99th=[17113]
   bw (  KiB/s): min=  507, max=1156611, per=100.00%, avg=125673.42, stdev=6273.56, samples=33655
   iops        : min=  123, max=289151, avg=31417.66, stdev=1568.35, samples=33656
  write: IOPS=28.6k, BW=112MiB/s (117MB/s)(32.8GiB/300090msec); 0 zone resets
    slat (usec): min=68, max=1105.3k, avg=87.39, stdev=1029.30
    clat (usec): min=12, max=40009k, avg=278035.21, stdev=2067679.62
     lat (usec): min=84, max=40009k, avg=278123.71, stdev=2067705.07
    clat percentiles (msec):
     |  1.00th=[   13],  5.00th=[   13], 10.00th=[   14], 20.00th=[   14],
     | 30.00th=[   14], 40.00th=[   14], 50.00th=[   15], 60.00th=[   15],
     | 70.00th=[   15], 80.00th=[   16], 90.00th=[   17], 95.00th=[   20],
     | 99.00th=[12953], 99.50th=[17113], 99.90th=[17113], 99.95th=[17113],
     | 99.99th=[17113]
   bw (  KiB/s): min=  507, max=1155684, per=100.00%, avg=125919.90, stdev=6277.23, samples=33521
   iops        : min=  123, max=288919, avg=31479.55, stdev=1569.29, samples=33521
  lat (usec)   : 20=0.01%, 50=0.01%, 100=0.01%, 250=0.01%, 500=0.01%
  lat (usec)   : 750=0.01%, 1000=0.01%
  lat (msec)   : 2=0.01%, 4=0.01%, 10=0.01%, 20=96.20%, 50=1.29%
  lat (msec)   : 100=0.15%, 250=0.12%, 500=0.09%, 750=0.06%, 1000=0.07%
  lat (msec)   : 2000=0.09%, >=2000=1.93%
  cpu          : usr=0.86%, sys=4.51%, ctx=150646, majf=0, minf=2837
  IO depths    : 1=0.1%, 2=0.1%, 4=0.1%, 8=0.1%, 16=0.1%, 32=0.1%, >=64=100.0%
     submit    : 0=0.0%, 4=100.0%, 8=0.0%, 16=0.0%, 32=0.0%, 64=0.0%, >=64=0.0%
     complete  : 0=0.0%, 4=100.0%, 8=0.0%, 16=0.0%, 32=0.0%, 64=0.0%, >=64=0.1%
     issued rwts: total=8600670,8595278,0,0 short=0,0,0,0 dropped=0,0,0,0
     latency   : target=0, window=0, percentile=100.00%, depth=256

Run status group 0 (all jobs):
   READ: bw=112MiB/s (117MB/s), 112MiB/s-112MiB/s (117MB/s-117MB/s), io=32.8GiB (35.2GB), run=300090-300090msec
  WRITE: bw=112MiB/s (117MB/s), 112MiB/s-112MiB/s (117MB/s-117MB/s), io=32.8GiB (35.2GB), run=300090-300090msec
