readwrite: (g=0): rw=rw, bs=(R) 4096B-4096B, (W) 4096B-4096B, (T) 4096B-4096B, ioengine=libaio, iodepth=256
...
fio-3.27
Starting 32 processes
readwrite: Laying out IO file (1 file / 1024MiB)
readwrite: Laying out IO file (1 file / 1024MiB)
readwrite: Laying out IO file (1 file / 1024MiB)
readwrite: Laying out IO file (1 file / 1024MiB)
readwrite: Laying out IO file (1 file / 1024MiB)
readwrite: Laying out IO file (1 file / 1024MiB)
readwrite: Laying out IO file (1 file / 1024MiB)
readwrite: Laying out IO file (1 file / 1024MiB)
readwrite: Laying out IO file (1 file / 1024MiB)
readwrite: Laying out IO file (1 file / 1024MiB)
readwrite: Laying out IO file (1 file / 1024MiB)
readwrite: Laying out IO file (1 file / 1024MiB)
readwrite: Laying out IO file (1 file / 1024MiB)
readwrite: Laying out IO file (1 file / 1024MiB)
readwrite: Laying out IO file (1 file / 1024MiB)
readwrite: Laying out IO file (1 file / 1024MiB)

readwrite: (groupid=0, jobs=32): err= 0: pid=40484: Wed Jul 21 17:59:58 2021
  read: IOPS=34.0k, BW=133MiB/s (139MB/s)(39.0GiB/300147msec)
    slat (usec): min=7, max=1971.4k, avg=837.21, stdev=10799.89
    clat (usec): min=12, max=28375k, avg=120736.74, stdev=1111335.52
     lat (usec): min=113, max=28547k, avg=121574.69, stdev=1119506.10
    clat percentiles (msec):
     |  1.00th=[   13],  5.00th=[   13], 10.00th=[   13], 20.00th=[   14],
     | 30.00th=[   14], 40.00th=[   14], 50.00th=[   14], 60.00th=[   15],
     | 70.00th=[   15], 80.00th=[   15], 90.00th=[   16], 95.00th=[   19],
     | 99.00th=[ 3742], 99.50th=[ 8557], 99.90th=[17113], 99.95th=[17113],
     | 99.99th=[17113]
   bw (  KiB/s): min= 1312, max=829145, per=100.00%, avg=139802.25, stdev=8540.46, samples=18446
   iops        : min=  328, max=207284, avg=34950.21, stdev=2135.09, samples=18446
  write: IOPS=34.1k, BW=133MiB/s (139MB/s)(39.0GiB/300147msec); 0 zone resets
    slat (usec): min=68, max=504798, avg=81.61, stdev=308.64
    clat (usec): min=11, max=28469k, avg=118730.65, stdev=1102332.07
     lat (usec): min=90, max=28470k, avg=118813.37, stdev=1102334.73
    clat percentiles (msec):
     |  1.00th=[   13],  5.00th=[   13], 10.00th=[   13], 20.00th=[   14],
     | 30.00th=[   14], 40.00th=[   14], 50.00th=[   14], 60.00th=[   15],
     | 70.00th=[   15], 80.00th=[   15], 90.00th=[   16], 95.00th=[   19],
     | 99.00th=[ 3540], 99.50th=[ 8423], 99.90th=[17113], 99.95th=[17113],
     | 99.99th=[17113]
   bw (  KiB/s): min= 1096, max=824347, per=100.00%, avg=139855.75, stdev=8565.87, samples=18377
   iops        : min=  274, max=206084, avg=34963.59, stdev=2141.45, samples=18377
  lat (usec)   : 20=0.01%, 50=0.01%, 100=0.01%, 250=0.01%, 500=0.01%
  lat (usec)   : 750=0.01%, 1000=0.01%
  lat (msec)   : 2=0.01%, 4=0.01%, 10=0.01%, 20=97.58%, 50=0.86%
  lat (msec)   : 100=0.09%, 250=0.05%, 500=0.06%, 750=0.04%, 1000=0.05%
  lat (msec)   : 2000=0.10%, >=2000=1.17%
  cpu          : usr=2.03%, sys=10.37%, ctx=122412, majf=0, minf=1418
  IO depths    : 1=0.1%, 2=0.1%, 4=0.1%, 8=0.1%, 16=0.1%, 32=0.1%, >=64=100.0%
     submit    : 0=0.0%, 4=100.0%, 8=0.0%, 16=0.0%, 32=0.0%, 64=0.0%, >=64=0.0%
     complete  : 0=0.0%, 4=100.0%, 8=0.0%, 16=0.0%, 32=0.0%, 64=0.0%, >=64=0.1%
     issued rwts: total=10214937,10220402,0,0 short=0,0,0,0 dropped=0,0,0,0
     latency   : target=0, window=0, percentile=100.00%, depth=256

Run status group 0 (all jobs):
   READ: bw=133MiB/s (139MB/s), 133MiB/s-133MiB/s (139MB/s-139MB/s), io=39.0GiB (41.8GB), run=300147-300147msec
  WRITE: bw=133MiB/s (139MB/s), 133MiB/s-133MiB/s (139MB/s-139MB/s), io=39.0GiB (41.9GB), run=300147-300147msec
