readwrite: (g=0): rw=rw, bs=(R) 4096B-4096B, (W) 4096B-4096B, (T) 4096B-4096B, ioengine=libaio, iodepth=256
...
fio-3.27
Starting 32 processes
readwrite: Laying out IO file (1 file / 1024MiB)
readwrite: Laying out IO file (1 file / 1024MiB)
readwrite: Laying out IO file (1 file / 1024MiB)
readwrite: Laying out IO file (1 file / 1024MiB)
readwrite: Laying out IO file (1 file / 1024MiB)
readwrite: Laying out IO file (1 file / 1024MiB)
readwrite: Laying out IO file (1 file / 1024MiB)
readwrite: Laying out IO file (1 file / 1024MiB)
readwrite: Laying out IO file (1 file / 1024MiB)
readwrite: Laying out IO file (1 file / 1024MiB)
readwrite: Laying out IO file (1 file / 1024MiB)
readwrite: Laying out IO file (1 file / 1024MiB)
readwrite: Laying out IO file (1 file / 1024MiB)
readwrite: Laying out IO file (1 file / 1024MiB)
readwrite: Laying out IO file (1 file / 1024MiB)
readwrite: Laying out IO file (1 file / 1024MiB)

readwrite: (groupid=0, jobs=32): err= 0: pid=175063: Wed Jul 21 19:59:27 2021
  read: IOPS=23.1k, BW=90.4MiB/s (94.8MB/s)(26.5GiB/300103msec)
    slat (usec): min=7, max=2782.1k, avg=1279.62, stdev=16868.99
    clat (usec): min=10, max=49476k, avg=178707.51, stdev=1676339.46
     lat (usec): min=22, max=49603k, avg=179987.87, stdev=1688244.99
    clat percentiles (msec):
     |  1.00th=[   12],  5.00th=[   13], 10.00th=[   13], 20.00th=[   14],
     | 30.00th=[   14], 40.00th=[   14], 50.00th=[   14], 60.00th=[   15],
     | 70.00th=[   15], 80.00th=[   15], 90.00th=[   16], 95.00th=[   19],
     | 99.00th=[ 6745], 99.50th=[14429], 99.90th=[17113], 99.95th=[17113],
     | 99.99th=[17113]
   bw (  KiB/s): min=  256, max=662113, per=100.00%, avg=99100.99, stdev=8365.09, samples=17398
   iops        : min=   64, max=165529, avg=24775.01, stdev=2091.26, samples=17398
  write: IOPS=23.1k, BW=90.4MiB/s (94.8MB/s)(26.5GiB/300103msec); 0 zone resets
    slat (usec): min=68, max=441230, avg=81.76, stdev=399.98
    clat (usec): min=33, max=49395k, avg=173316.29, stdev=1649113.18
     lat (usec): min=120, max=49395k, avg=173399.15, stdev=1649116.26
    clat percentiles (msec):
     |  1.00th=[   12],  5.00th=[   13], 10.00th=[   13], 20.00th=[   14],
     | 30.00th=[   14], 40.00th=[   14], 50.00th=[   14], 60.00th=[   15],
     | 70.00th=[   15], 80.00th=[   15], 90.00th=[   16], 95.00th=[   19],
     | 99.00th=[ 5940], 99.50th=[14026], 99.90th=[17113], 99.95th=[17113],
     | 99.99th=[17113]
   bw (  KiB/s): min=  256, max=661768, per=100.00%, avg=99467.24, stdev=8396.14, samples=17266
   iops        : min=   64, max=165440, avg=24866.56, stdev=2099.02, samples=17266
  lat (usec)   : 20=0.01%, 50=0.01%, 100=0.01%, 250=0.01%, 500=0.01%
  lat (usec)   : 750=0.01%, 1000=0.01%
  lat (msec)   : 2=0.01%, 4=0.01%, 10=0.01%, 20=97.16%, 50=1.25%
  lat (msec)   : 100=0.15%, 250=0.06%, 500=0.06%, 750=0.04%, 1000=0.05%
  lat (msec)   : 2000=0.08%, >=2000=1.16%
  cpu          : usr=1.36%, sys=7.06%, ctx=74885, majf=0, minf=1416
  IO depths    : 1=0.1%, 2=0.1%, 4=0.1%, 8=0.1%, 16=0.1%, 32=0.1%, >=64=100.0%
     submit    : 0=0.0%, 4=100.0%, 8=0.0%, 16=0.0%, 32=0.0%, 64=0.0%, >=64=0.0%
     complete  : 0=0.0%, 4=100.0%, 8=0.0%, 16=0.0%, 32=0.0%, 64=0.0%, >=64=0.1%
     issued rwts: total=6946759,6946610,0,0 short=0,0,0,0 dropped=0,0,0,0
     latency   : target=0, window=0, percentile=100.00%, depth=256

Run status group 0 (all jobs):
   READ: bw=90.4MiB/s (94.8MB/s), 90.4MiB/s-90.4MiB/s (94.8MB/s-94.8MB/s), io=26.5GiB (28.5GB), run=300103-300103msec
  WRITE: bw=90.4MiB/s (94.8MB/s), 90.4MiB/s-90.4MiB/s (94.8MB/s-94.8MB/s), io=26.5GiB (28.5GB), run=300103-300103msec
