test: (g=0): rw=read, bs=(R) 4096B-4096B, (W) 4096B-4096B, (T) 4096B-4096B, ioengine=libaio, iodepth=256
...
fio-3.27
Starting 2 processes
seq-read: Laying out IO file (1 file / 1024MiB)

test: (groupid=0, jobs=2): err= 0: pid=227547: Tue Jul 20 13:23:19 2021
  read: IOPS=4362, BW=17.0MiB/s (17.9MB/s)(5113MiB/300049msec)
    slat (usec): min=10, max=590230, avg=446.37, stdev=3626.07
    clat (usec): min=13, max=9576.4k, avg=116761.22, stdev=406903.65
     lat (msec): min=4, max=9579, avg=117.21, stdev=408.40
    clat percentiles (msec):
     |  1.00th=[    5],  5.00th=[    5], 10.00th=[    5], 20.00th=[    5],
     | 30.00th=[    5], 40.00th=[    5], 50.00th=[    5], 60.00th=[    6],
     | 70.00th=[   10], 80.00th=[  174], 90.00th=[  338], 95.00th=[  430],
     | 99.00th=[ 2072], 99.50th=[ 3071], 99.90th=[ 5067], 99.95th=[ 6141],
     | 99.99th=[ 8792]
   bw (  KiB/s): min=   16, max=328880, per=100.00%, avg=17534.48, stdev=31308.02, samples=1194
   iops        : min=    4, max=82220, avg=4383.60, stdev=7827.02, samples=1194
  lat (usec)   : 20=0.01%
  lat (msec)   : 10=70.02%, 20=5.19%, 50=4.59%, 100=0.03%, 250=3.56%
  lat (msec)   : 500=12.77%, 750=1.37%, 1000=0.76%, 2000=0.68%, >=2000=1.03%
  cpu          : usr=2.23%, sys=9.47%, ctx=262722, majf=0, minf=590
  IO depths    : 1=0.1%, 2=0.1%, 4=0.1%, 8=0.1%, 16=0.1%, 32=0.1%, >=64=100.0%
     submit    : 0=0.0%, 4=100.0%, 8=0.0%, 16=0.0%, 32=0.0%, 64=0.0%, >=64=0.0%
     complete  : 0=0.0%, 4=100.0%, 8=0.0%, 16=0.0%, 32=0.0%, 64=0.0%, >=64=0.1%
     issued rwts: total=1309051,0,0,0 short=0,0,0,0 dropped=0,0,0,0
     latency   : target=0, window=0, percentile=100.00%, depth=256

Run status group 0 (all jobs):
   READ: bw=17.0MiB/s (17.9MB/s), 17.0MiB/s-17.0MiB/s (17.9MB/s-17.9MB/s), io=5113MiB (5362MB), run=300049-300049msec
