readwrite: (g=0): rw=rw, bs=(R) 4096B-4096B, (W) 4096B-4096B, (T) 4096B-4096B, ioengine=libaio, iodepth=256
...
fio-3.27
Starting 8 processes
readwrite: Laying out IO file (1 file / 1024MiB)
readwrite: Laying out IO file (1 file / 1024MiB)
readwrite: Laying out IO file (1 file / 1024MiB)
readwrite: Laying out IO file (1 file / 1024MiB)

readwrite: (groupid=0, jobs=8): err= 0: pid=35757: Wed Jul 21 16:53:46 2021
  read: IOPS=36.3k, BW=142MiB/s (149MB/s)(41.6GiB/300006msec)
    slat (usec): min=7, max=756547, avg=110.59, stdev=1787.57
    clat (usec): min=12, max=6480.2k, avg=28082.76, stdev=107712.54
     lat (usec): min=100, max=6481.0k, avg=28194.14, stdev=108359.86
    clat percentiles (msec):
     |  1.00th=[   13],  5.00th=[   13], 10.00th=[   13], 20.00th=[   14],
     | 30.00th=[   14], 40.00th=[   14], 50.00th=[   14], 60.00th=[   15],
     | 70.00th=[   15], 80.00th=[   16], 90.00th=[   20], 95.00th=[   21],
     | 99.00th=[  493], 99.50th=[  735], 99.90th=[ 1368], 99.95th=[ 1770],
     | 99.99th=[ 2970]
   bw (  KiB/s): min=  376, max=319960, per=100.00%, avg=146792.21, stdev=13581.30, samples=4757
   iops        : min=   94, max=79990, avg=36698.06, stdev=3395.33, samples=4757
  write: IOPS=36.3k, BW=142MiB/s (149MB/s)(41.6GiB/300006msec); 0 zone resets
    slat (usec): min=68, max=1288.6k, avg=87.78, stdev=1190.22
    clat (usec): min=11, max=6477.7k, avg=27972.09, stdev=107339.15
     lat (usec): min=82, max=6477.8k, avg=28060.99, stdev=107427.80
    clat percentiles (msec):
     |  1.00th=[   13],  5.00th=[   13], 10.00th=[   13], 20.00th=[   14],
     | 30.00th=[   14], 40.00th=[   14], 50.00th=[   14], 60.00th=[   15],
     | 70.00th=[   15], 80.00th=[   16], 90.00th=[   20], 95.00th=[   21],
     | 99.00th=[  493], 99.50th=[  726], 99.90th=[ 1368], 99.95th=[ 1787],
     | 99.99th=[ 2970]
   bw (  KiB/s): min=  408, max=320368, per=100.00%, avg=146877.58, stdev=13576.71, samples=4755
   iops        : min=  102, max=80092, avg=36719.40, stdev=3394.18, samples=4755
  lat (usec)   : 20=0.01%, 50=0.01%, 100=0.01%, 250=0.01%, 500=0.01%
  lat (usec)   : 750=0.01%, 1000=0.01%
  lat (msec)   : 2=0.01%, 4=0.01%, 10=0.01%, 20=94.81%, 50=2.35%
  lat (msec)   : 100=0.20%, 250=0.61%, 500=1.05%, 750=0.50%, 1000=0.24%
  lat (msec)   : 2000=0.20%, >=2000=0.03%
  cpu          : usr=8.91%, sys=46.74%, ctx=233675, majf=0, minf=361
  IO depths    : 1=0.1%, 2=0.1%, 4=0.1%, 8=0.1%, 16=0.1%, 32=0.1%, >=64=100.0%
     submit    : 0=0.0%, 4=100.0%, 8=0.0%, 16=0.0%, 32=0.0%, 64=0.0%, >=64=0.0%
     complete  : 0=0.0%, 4=100.0%, 8=0.0%, 16=0.0%, 32=0.0%, 64=0.0%, >=64=0.1%
     issued rwts: total=10904206,10904390,0,0 short=0,0,0,0 dropped=0,0,0,0
     latency   : target=0, window=0, percentile=100.00%, depth=256

Run status group 0 (all jobs):
   READ: bw=142MiB/s (149MB/s), 142MiB/s-142MiB/s (149MB/s-149MB/s), io=41.6GiB (44.7GB), run=300006-300006msec
  WRITE: bw=142MiB/s (149MB/s), 142MiB/s-142MiB/s (149MB/s-149MB/s), io=41.6GiB (44.7GB), run=300006-300006msec
