readwrite: (g=0): rw=rw, bs=(R) 4096B-4096B, (W) 4096B-4096B, (T) 4096B-4096B, ioengine=libaio, iodepth=256
...
fio-3.27
Starting 4 processes
readwrite: Laying out IO file (1 file / 1024MiB)
readwrite: Laying out IO file (1 file / 1024MiB)

readwrite: (groupid=0, jobs=4): err= 0: pid=220473: Wed Jul 21 18:33:38 2021
  read: IOPS=21.4k, BW=83.6MiB/s (87.7MB/s)(24.5GiB/300003msec)
    slat (usec): min=7, max=282485, avg=90.57, stdev=1420.04
    clat (usec): min=11, max=3314.6k, avg=23841.26, stdev=92324.05
     lat (usec): min=64, max=3321.4k, avg=23932.61, stdev=92967.24
    clat percentiles (msec):
     |  1.00th=[   12],  5.00th=[   13], 10.00th=[   13], 20.00th=[   13],
     | 30.00th=[   13], 40.00th=[   14], 50.00th=[   14], 60.00th=[   14],
     | 70.00th=[   14], 80.00th=[   14], 90.00th=[   15], 95.00th=[   19],
     | 99.00th=[  401], 99.50th=[  651], 99.90th=[ 1351], 99.95th=[ 1653],
     | 99.99th=[ 2467]
   bw (  KiB/s): min=  328, max=165443, per=100.00%, avg=86239.47, stdev=14614.49, samples=2383
   iops        : min=   82, max=41360, avg=21559.46, stdev=3653.61, samples=2383
  write: IOPS=21.4k, BW=83.6MiB/s (87.6MB/s)(24.5GiB/300003msec); 0 zone resets
    slat (usec): min=68, max=112405, avg=74.87, stdev=48.20
    clat (usec): min=11, max=3306.0k, avg=23824.85, stdev=92223.95
     lat (usec): min=82, max=3306.1k, avg=23900.82, stdev=92225.99
    clat percentiles (msec):
     |  1.00th=[   12],  5.00th=[   13], 10.00th=[   13], 20.00th=[   13],
     | 30.00th=[   13], 40.00th=[   14], 50.00th=[   14], 60.00th=[   14],
     | 70.00th=[   14], 80.00th=[   14], 90.00th=[   15], 95.00th=[   19],
     | 99.00th=[  405], 99.50th=[  659], 99.90th=[ 1351], 99.95th=[ 1653],
     | 99.99th=[ 2500]
   bw (  KiB/s): min=  200, max=163498, per=100.00%, avg=86252.02, stdev=14581.65, samples=2381
   iops        : min=   50, max=40874, avg=21562.56, stdev=3645.40, samples=2381
  lat (usec)   : 20=0.01%, 100=0.01%, 250=0.01%, 500=0.01%, 750=0.01%
  lat (usec)   : 1000=0.01%
  lat (msec)   : 2=0.01%, 4=0.01%, 10=0.01%, 20=96.00%, 50=2.14%
  lat (msec)   : 100=0.07%, 250=0.23%, 500=0.82%, 750=0.33%, 1000=0.19%
  lat (msec)   : 2000=0.19%, >=2000=0.03%
  cpu          : usr=10.30%, sys=50.85%, ctx=107991, majf=0, minf=177
  IO depths    : 1=0.1%, 2=0.1%, 4=0.1%, 8=0.1%, 16=0.1%, 32=0.1%, >=64=100.0%
     submit    : 0=0.0%, 4=100.0%, 8=0.0%, 16=0.0%, 32=0.0%, 64=0.0%, >=64=0.0%
     complete  : 0=0.0%, 4=100.0%, 8=0.0%, 16=0.0%, 32=0.0%, 64=0.0%, >=64=0.1%
     issued rwts: total=6423323,6417156,0,0 short=0,0,0,0 dropped=0,0,0,0
     latency   : target=0, window=0, percentile=100.00%, depth=256

Run status group 0 (all jobs):
   READ: bw=83.6MiB/s (87.7MB/s), 83.6MiB/s-83.6MiB/s (87.7MB/s-87.7MB/s), io=24.5GiB (26.3GB), run=300003-300003msec
  WRITE: bw=83.6MiB/s (87.6MB/s), 83.6MiB/s-83.6MiB/s (87.6MB/s-87.6MB/s), io=24.5GiB (26.3GB), run=300003-300003msec
