readwrite: (g=0): rw=rw, bs=(R) 4096B-4096B, (W) 4096B-4096B, (T) 4096B-4096B, ioengine=libaio, iodepth=256
...
fio-3.27
Starting 32 processes

readwrite: (groupid=0, jobs=32): err= 0: pid=163905: Wed Jul 21 16:27:22 2021
  read: IOPS=47.0k, BW=184MiB/s (192MB/s)(53.9GiB/300496msec)
    slat (usec): min=7, max=9602.5k, avg=458.67, stdev=9122.11
    clat (usec): min=11, max=23214k, avg=86632.72, stdev=580862.21
     lat (usec): min=65, max=23342k, avg=87092.24, stdev=584179.13
    clat percentiles (msec):
     |  1.00th=[   13],  5.00th=[   14], 10.00th=[   14], 20.00th=[   14],
     | 30.00th=[   14], 40.00th=[   15], 50.00th=[   15], 60.00th=[   16],
     | 70.00th=[   19], 80.00th=[   20], 90.00th=[   21], 95.00th=[   36],
     | 99.00th=[ 2299], 99.50th=[ 4245], 99.90th=[ 8423], 99.95th=[10268],
     | 99.99th=[15100]
   bw (  KiB/s): min=  256, max=1146162, per=100.00%, avg=195722.45, stdev=10304.69, samples=18354
   iops        : min=   64, max=286539, avg=48930.01, stdev=2576.16, samples=18354
  write: IOPS=47.0k, BW=184MiB/s (192MB/s)(53.9GiB/300496msec); 0 zone resets
    slat (usec): min=68, max=4622.3k, avg=200.78, stdev=6649.16
    clat (usec): min=11, max=23330k, avg=86092.48, stdev=579493.52
     lat (usec): min=85, max=23330k, avg=86294.40, stdev=580208.09
    clat percentiles (msec):
     |  1.00th=[   13],  5.00th=[   14], 10.00th=[   14], 20.00th=[   14],
     | 30.00th=[   14], 40.00th=[   15], 50.00th=[   15], 60.00th=[   16],
     | 70.00th=[   19], 80.00th=[   20], 90.00th=[   21], 95.00th=[   35],
     | 99.00th=[ 2265], 99.50th=[ 4212], 99.90th=[ 8423], 99.95th=[10268],
     | 99.99th=[14966]
   bw (  KiB/s): min=  256, max=1141956, per=100.00%, avg=195468.55, stdev=10301.38, samples=18385
   iops        : min=   64, max=285487, avg=48866.49, stdev=2575.33, samples=18385
  lat (usec)   : 20=0.01%, 50=0.01%, 100=0.01%, 250=0.01%, 500=0.01%
  lat (usec)   : 750=0.01%, 1000=0.01%
  lat (msec)   : 2=0.01%, 4=0.01%, 10=0.01%, 20=89.49%, 50=5.76%
  lat (msec)   : 100=0.37%, 250=0.90%, 500=1.04%, 750=0.49%, 1000=0.28%
  lat (msec)   : 2000=0.57%, >=2000=1.10%
  cpu          : usr=2.96%, sys=16.36%, ctx=214934, majf=0, minf=1429
  IO depths    : 1=0.1%, 2=0.1%, 4=0.1%, 8=0.1%, 16=0.1%, 32=0.1%, >=64=100.0%
     submit    : 0=0.0%, 4=100.0%, 8=0.0%, 16=0.0%, 32=0.0%, 64=0.0%, >=64=0.0%
     complete  : 0=0.0%, 4=100.0%, 8=0.0%, 16=0.0%, 32=0.0%, 64=0.0%, >=64=0.1%
     issued rwts: total=14119138,14119169,0,0 short=0,0,0,0 dropped=0,0,0,0
     latency   : target=0, window=0, percentile=100.00%, depth=256

Run status group 0 (all jobs):
   READ: bw=184MiB/s (192MB/s), 184MiB/s-184MiB/s (192MB/s-192MB/s), io=53.9GiB (57.8GB), run=300496-300496msec
  WRITE: bw=184MiB/s (192MB/s), 184MiB/s-184MiB/s (192MB/s-192MB/s), io=53.9GiB (57.8GB), run=300496-300496msec
