test: (g=0): rw=randread, bs=(R) 4096B-4096B, (W) 4096B-4096B, (T) 4096B-4096B, ioengine=libaio, iodepth=256
...
fio-3.27
Starting 16 processes
rand-read: Laying out IO file (1 file / 1024MiB)
rand-read: Laying out IO file (1 file / 1024MiB)
rand-read: Laying out IO file (1 file / 1024MiB)
rand-read: Laying out IO file (1 file / 1024MiB)
rand-read: Laying out IO file (1 file / 1024MiB)
rand-read: Laying out IO file (1 file / 1024MiB)
rand-read: Laying out IO file (1 file / 1024MiB)
rand-read: Laying out IO file (1 file / 1024MiB)

test: (groupid=0, jobs=16): err= 0: pid=176055: Tue Jul 20 11:31:17 2021
  read: IOPS=539, BW=2156KiB/s (2208kB/s)(632MiB/300035msec)
    slat (msec): min=2, max=413, avg=29.66, stdev=15.17
    clat (usec): min=14, max=10881k, avg=7473982.42, stdev=921774.23
     lat (msec): min=4, max=10924, avg=7503.64, stdev=923.17
    clat percentiles (msec):
     |  1.00th=[ 2970],  5.00th=[ 6812], 10.00th=[ 6946], 20.00th=[ 7080],
     | 30.00th=[ 7215], 40.00th=[ 7282], 50.00th=[ 7416], 60.00th=[ 7483],
     | 70.00th=[ 7617], 80.00th=[ 7886], 90.00th=[ 8356], 95.00th=[ 8926],
     | 99.00th=[ 9731], 99.50th=[ 9866], 99.90th=[10402], 99.95th=[10671],
     | 99.99th=[10805]
   bw (  KiB/s): min=  896, max= 2912, per=99.90%, avg=2154.76, stdev=18.83, samples=9347
   iops        : min=  224, max=  728, avg=538.69, stdev= 4.71, samples=9347
  lat (usec)   : 20=0.01%, 50=0.01%
  lat (msec)   : 10=0.01%, 20=0.01%, 50=0.02%, 100=0.03%, 250=0.07%
  lat (msec)   : 500=0.08%, 750=0.08%, 1000=0.08%, 2000=0.33%, >=2000=99.30%
  cpu          : usr=0.09%, sys=0.61%, ctx=161859, majf=0, minf=4720
  IO depths    : 1=0.1%, 2=0.1%, 4=0.1%, 8=0.1%, 16=0.2%, 32=0.3%, >=64=99.4%
     submit    : 0=0.0%, 4=100.0%, 8=0.0%, 16=0.0%, 32=0.0%, 64=0.0%, >=64=0.0%
     complete  : 0=0.0%, 4=100.0%, 8=0.0%, 16=0.0%, 32=0.0%, 64=0.0%, >=64=0.1%
     issued rwts: total=161727,0,0,0 short=0,0,0,0 dropped=0,0,0,0
     latency   : target=0, window=0, percentile=100.00%, depth=256

Run status group 0 (all jobs):
   READ: bw=2156KiB/s (2208kB/s), 2156KiB/s-2156KiB/s (2208kB/s-2208kB/s), io=632MiB (662MB), run=300035-300035msec
