readwrite: (g=0): rw=rw, bs=(R) 4096B-4096B, (W) 4096B-4096B, (T) 4096B-4096B, ioengine=libaio, iodepth=256
...
fio-3.27
Starting 16 processes
readwrite: Laying out IO file (1 file / 1024MiB)
readwrite: Laying out IO file (1 file / 1024MiB)
readwrite: Laying out IO file (1 file / 1024MiB)
readwrite: Laying out IO file (1 file / 1024MiB)
readwrite: Laying out IO file (1 file / 1024MiB)
readwrite: Laying out IO file (1 file / 1024MiB)
readwrite: Laying out IO file (1 file / 1024MiB)
readwrite: Laying out IO file (1 file / 1024MiB)

readwrite: (groupid=0, jobs=16): err= 0: pid=85644: Wed Jul 21 19:48:41 2021
  read: IOPS=19.6k, BW=76.4MiB/s (80.1MB/s)(22.4GiB/300047msec)
    slat (usec): min=7, max=1630.3k, avg=718.43, stdev=10544.00
    clat (usec): min=10, max=41752k, avg=104866.51, stdev=1094651.45
     lat (usec): min=19, max=41905k, avg=105585.69, stdev=1102597.02
    clat percentiles (msec):
     |  1.00th=[   12],  5.00th=[   13], 10.00th=[   13], 20.00th=[   14],
     | 30.00th=[   14], 40.00th=[   14], 50.00th=[   14], 60.00th=[   14],
     | 70.00th=[   15], 80.00th=[   15], 90.00th=[   15], 95.00th=[   19],
     | 99.00th=[ 1989], 99.50th=[ 6611], 99.90th=[17113], 99.95th=[17113],
     | 99.99th=[17113]
   bw (  KiB/s): min=  128, max=485144, per=100.00%, avg=80920.80, stdev=10752.29, samples=9020
   iops        : min=   32, max=121286, avg=20230.21, stdev=2688.07, samples=9020
  write: IOPS=19.5k, BW=76.4MiB/s (80.1MB/s)(22.4GiB/300047msec); 0 zone resets
    slat (usec): min=68, max=978256, avg=78.97, stdev=438.91
    clat (usec): min=11, max=41779k, avg=102918.52, stdev=1082083.77
     lat (usec): min=82, max=41779k, avg=102998.60, stdev=1082086.25
    clat percentiles (msec):
     |  1.00th=[   12],  5.00th=[   13], 10.00th=[   13], 20.00th=[   14],
     | 30.00th=[   14], 40.00th=[   14], 50.00th=[   14], 60.00th=[   14],
     | 70.00th=[   15], 80.00th=[   15], 90.00th=[   15], 95.00th=[   19],
     | 99.00th=[ 1653], 99.50th=[ 6477], 99.90th=[17113], 99.95th=[17113],
     | 99.99th=[17113]
   bw (  KiB/s): min=  128, max=481904, per=100.00%, avg=80811.83, stdev=10775.17, samples=8984
   iops        : min=   32, max=120476, avg=20202.95, stdev=2693.79, samples=8984
  lat (usec)   : 20=0.01%, 50=0.01%, 100=0.01%, 250=0.01%, 500=0.01%
  lat (usec)   : 750=0.01%, 1000=0.01%
  lat (msec)   : 2=0.01%, 4=0.01%, 10=0.01%, 20=97.51%, 50=1.16%
  lat (msec)   : 100=0.09%, 250=0.05%, 500=0.05%, 750=0.03%, 1000=0.05%
  lat (msec)   : 2000=0.06%, >=2000=0.99%
  cpu          : usr=2.32%, sys=11.65%, ctx=57746, majf=0, minf=717
  IO depths    : 1=0.1%, 2=0.1%, 4=0.1%, 8=0.1%, 16=0.1%, 32=0.1%, >=64=100.0%
     submit    : 0=0.0%, 4=100.0%, 8=0.0%, 16=0.0%, 32=0.0%, 64=0.0%, >=64=0.0%
     complete  : 0=0.0%, 4=100.0%, 8=0.0%, 16=0.0%, 32=0.0%, 64=0.0%, >=64=0.1%
     issued rwts: total=5866983,5864877,0,0 short=0,0,0,0 dropped=0,0,0,0
     latency   : target=0, window=0, percentile=100.00%, depth=256

Run status group 0 (all jobs):
   READ: bw=76.4MiB/s (80.1MB/s), 76.4MiB/s-76.4MiB/s (80.1MB/s-80.1MB/s), io=22.4GiB (24.0GB), run=300047-300047msec
  WRITE: bw=76.4MiB/s (80.1MB/s), 76.4MiB/s-76.4MiB/s (80.1MB/s-80.1MB/s), io=22.4GiB (24.0GB), run=300047-300047msec
