test: (g=0): rw=read, bs=(R) 4096B-4096B, (W) 4096B-4096B, (T) 4096B-4096B, ioengine=libaio, iodepth=256
fio-3.27
Starting 1 process
test: Laying out IO file (1 file / 1024MiB)

test: (groupid=0, jobs=1): err= 0: pid=203342: Tue Jul 20 14:19:01 2021
  read: IOPS=32.2k, BW=126MiB/s (132MB/s)(36.8GiB/300016msec)
    slat (usec): min=10, max=193263, avg=19.96, stdev=413.86
    clat (usec): min=26, max=1944.8k, avg=7924.92, stdev=33688.99
     lat (msec): min=4, max=1985, avg= 7.95, stdev=33.71
    clat percentiles (msec):
     |  1.00th=[    5],  5.00th=[    5], 10.00th=[    5], 20.00th=[    5],
     | 30.00th=[    5], 40.00th=[    5], 50.00th=[    5], 60.00th=[    5],
     | 70.00th=[    6], 80.00th=[    6], 90.00th=[   16], 95.00th=[   26],
     | 99.00th=[   27], 99.50th=[   27], 99.90th=[  894], 99.95th=[  969],
     | 99.99th=[ 1150]
   bw (  KiB/s): min=    8, max=166344, per=100.00%, avg=134084.63, stdev=53106.01, samples=575
   iops        : min=    2, max=41586, avg=33521.16, stdev=13276.50, samples=575
  lat (usec)   : 50=0.01%
  lat (msec)   : 10=89.08%, 20=4.82%, 50=5.88%, 100=0.05%, 250=0.06%
  lat (msec)   : 500=0.01%, 750=0.01%, 1000=0.05%, 2000=0.05%
  cpu          : usr=26.80%, sys=68.91%, ctx=7484, majf=0, minf=295
  IO depths    : 1=0.1%, 2=0.1%, 4=0.1%, 8=0.1%, 16=0.1%, 32=0.1%, >=64=100.0%
     submit    : 0=0.0%, 4=100.0%, 8=0.0%, 16=0.0%, 32=0.0%, 64=0.0%, >=64=0.0%
     complete  : 0=0.0%, 4=100.0%, 8=0.0%, 16=0.0%, 32=0.0%, 64=0.0%, >=64=0.1%
     issued rwts: total=9651201,0,0,0 short=0,0,0,0 dropped=0,0,0,0
     latency   : target=0, window=0, percentile=100.00%, depth=256

Run status group 0 (all jobs):
   READ: bw=126MiB/s (132MB/s), 126MiB/s-126MiB/s (132MB/s-132MB/s), io=36.8GiB (39.5GB), run=300016-300016msec
