test: (g=0): rw=randread, bs=(R) 4096B-4096B, (W) 4096B-4096B, (T) 4096B-4096B, ioengine=libaio, iodepth=256
...
fio-3.27
Starting 32 processes
rand-read: Laying out IO file (1 file / 1024MiB)
rand-read: Laying out IO file (1 file / 1024MiB)
rand-read: Laying out IO file (1 file / 1024MiB)
rand-read: Laying out IO file (1 file / 1024MiB)
rand-read: Laying out IO file (1 file / 1024MiB)
rand-read: Laying out IO file (1 file / 1024MiB)
rand-read: Laying out IO file (1 file / 1024MiB)
rand-read: Laying out IO file (1 file / 1024MiB)
rand-read: Laying out IO file (1 file / 1024MiB)
rand-read: Laying out IO file (1 file / 1024MiB)
rand-read: Laying out IO file (1 file / 1024MiB)
rand-read: Laying out IO file (1 file / 1024MiB)
rand-read: Laying out IO file (1 file / 1024MiB)
rand-read: Laying out IO file (1 file / 1024MiB)
rand-read: Laying out IO file (1 file / 1024MiB)
rand-read: Laying out IO file (1 file / 1024MiB)

test: (groupid=0, jobs=32): err= 0: pid=132888: Mon Jul 19 19:24:50 2021
  read: IOPS=1872, BW=7491KiB/s (7670kB/s)(2195MiB/300025msec)
    slat (usec): min=482, max=261401, avg=17061.87, stdev=13896.45
    clat (usec): min=14, max=6726.2k, avg=4320551.88, stdev=696787.64
     lat (msec): min=3, max=6783, avg=4337.62, stdev=698.87
    clat percentiles (msec):
     |  1.00th=[ 2333],  5.00th=[ 3574], 10.00th=[ 3675], 20.00th=[ 3809],
     | 30.00th=[ 3910], 40.00th=[ 4044], 50.00th=[ 4212], 60.00th=[ 4463],
     | 70.00th=[ 4665], 80.00th=[ 4933], 90.00th=[ 5269], 95.00th=[ 5470],
     | 99.00th=[ 5805], 99.50th=[ 5940], 99.90th=[ 6208], 99.95th=[ 6342],
     | 99.99th=[ 6611]
   bw (  KiB/s): min= 2608, max=11848, per=100.00%, avg=7495.31, stdev=45.08, samples=18861
   iops        : min=  652, max= 2962, avg=1873.83, stdev=11.27, samples=18861
  lat (usec)   : 20=0.01%, 50=0.01%
  lat (msec)   : 4=0.01%, 10=0.01%, 20=0.01%, 50=0.02%, 100=0.03%
  lat (msec)   : 250=0.08%, 500=0.13%, 750=0.11%, 1000=0.10%, 2000=0.39%
  lat (msec)   : >=2000=99.12%
  cpu          : usr=0.17%, sys=1.05%, ctx=562147, majf=0, minf=9443
  IO depths    : 1=0.1%, 2=0.1%, 4=0.1%, 8=0.1%, 16=0.1%, 32=0.2%, >=64=99.6%
     submit    : 0=0.0%, 4=100.0%, 8=0.0%, 16=0.0%, 32=0.0%, 64=0.0%, >=64=0.0%
     complete  : 0=0.0%, 4=100.0%, 8=0.0%, 16=0.0%, 32=0.0%, 64=0.0%, >=64=0.1%
     issued rwts: total=561844,0,0,0 short=0,0,0,0 dropped=0,0,0,0
     latency   : target=0, window=0, percentile=100.00%, depth=256

Run status group 0 (all jobs):
   READ: bw=7491KiB/s (7670kB/s), 7491KiB/s-7491KiB/s (7670kB/s-7670kB/s), io=2195MiB (2301MB), run=300025-300025msec
