test: (g=0): rw=randread, bs=(R) 4096B-4096B, (W) 4096B-4096B, (T) 4096B-4096B, ioengine=libaio, iodepth=256
...
fio-3.27
Starting 16 processes
rand-read: Laying out IO file (1 file / 1024MiB)
rand-read: Laying out IO file (1 file / 1024MiB)
rand-read: Laying out IO file (1 file / 1024MiB)
rand-read: Laying out IO file (1 file / 1024MiB)
rand-read: Laying out IO file (1 file / 1024MiB)
rand-read: Laying out IO file (1 file / 1024MiB)
rand-read: Laying out IO file (1 file / 1024MiB)
rand-read: Laying out IO file (1 file / 1024MiB)

test: (groupid=0, jobs=16): err= 0: pid=149720: Mon Jul 19 19:45:04 2021
  read: IOPS=1011, BW=4046KiB/s (4143kB/s)(1185MiB/300035msec)
    slat (usec): min=506, max=233709, avg=15795.00, stdev=13013.20
    clat (usec): min=16, max=5895.6k, avg=4013989.13, stdev=472894.33
     lat (msec): min=3, max=5917, avg=4029.79, stdev=473.93
    clat percentiles (msec):
     |  1.00th=[ 2769],  5.00th=[ 3272], 10.00th=[ 3641], 20.00th=[ 3775],
     | 30.00th=[ 3876], 40.00th=[ 3943], 50.00th=[ 4010], 60.00th=[ 4111],
     | 70.00th=[ 4178], 80.00th=[ 4279], 90.00th=[ 4463], 95.00th=[ 4665],
     | 99.00th=[ 5201], 99.50th=[ 5336], 99.90th=[ 5537], 99.95th=[ 5604],
     | 99.99th=[ 5738]
   bw (  KiB/s): min= 1712, max= 6504, per=99.62%, avg=4030.80, stdev=41.06, samples=9494
   iops        : min=  428, max= 1626, avg=1007.70, stdev=10.27, samples=9494
  lat (usec)   : 20=0.01%, 50=0.01%
  lat (msec)   : 4=0.01%, 10=0.01%, 20=0.01%, 50=0.01%, 100=0.02%
  lat (msec)   : 250=0.05%, 500=0.09%, 750=0.08%, 1000=0.08%, 2000=0.31%
  lat (msec)   : >=2000=99.35%
  cpu          : usr=0.17%, sys=1.08%, ctx=303605, majf=0, minf=4722
  IO depths    : 1=0.1%, 2=0.1%, 4=0.1%, 8=0.1%, 16=0.1%, 32=0.2%, >=64=99.7%
     submit    : 0=0.0%, 4=100.0%, 8=0.0%, 16=0.0%, 32=0.0%, 64=0.0%, >=64=0.0%
     complete  : 0=0.0%, 4=100.0%, 8=0.0%, 16=0.0%, 32=0.0%, 64=0.0%, >=64=0.1%
     issued rwts: total=303448,0,0,0 short=0,0,0,0 dropped=0,0,0,0
     latency   : target=0, window=0, percentile=100.00%, depth=256

Run status group 0 (all jobs):
   READ: bw=4046KiB/s (4143kB/s), 4046KiB/s-4046KiB/s (4143kB/s-4143kB/s), io=1185MiB (1243MB), run=300035-300035msec
