test: (g=0): rw=read, bs=(R) 4096B-4096B, (W) 4096B-4096B, (T) 4096B-4096B, ioengine=libaio, iodepth=256
...
fio-3.27
Starting 64 processes

test: (groupid=0, jobs=64): err= 0: pid=2676: Fri Jul 16 03:31:35 2021
  read: IOPS=40.8k, BW=159MiB/s (167MB/s)(46.7GiB/300108msec)
    slat (usec): min=10, max=1408.0k, avg=1556.19, stdev=6768.91
    clat (usec): min=14, max=21303k, avg=399115.41, stdev=1323997.88
     lat (msec): min=4, max=21404, avg=400.67, stdev=1329.06
    clat percentiles (msec):
     |  1.00th=[    5],  5.00th=[    5], 10.00th=[    6], 20.00th=[    6],
     | 30.00th=[    6], 40.00th=[    6], 50.00th=[    6], 60.00th=[    6],
     | 70.00th=[    6], 80.00th=[   22], 90.00th=[ 1385], 95.00th=[ 2500],
     | 99.00th=[ 6141], 99.50th=[ 9731], 99.90th=[14429], 99.95th=[16040],
     | 99.99th=[17113]
   bw (  KiB/s): min= 1296, max=5267578, per=100.00%, avg=166164.52, stdev=14775.18, samples=38118
   iops        : min=  324, max=1316894, avg=41540.00, stdev=3693.79, samples=38118
  lat (usec)   : 20=0.01%, 50=0.01%
  lat (msec)   : 10=70.34%, 20=9.64%, 50=4.71%, 100=0.08%, 250=0.02%
  lat (msec)   : 500=0.03%, 750=0.35%, 1000=2.27%, 2000=5.95%, >=2000=6.62%
  cpu          : usr=0.74%, sys=3.06%, ctx=1840105, majf=0, minf=18915
  IO depths    : 1=0.1%, 2=0.1%, 4=0.1%, 8=0.1%, 16=0.1%, 32=0.1%, >=64=100.0%
     submit    : 0=0.0%, 4=100.0%, 8=0.0%, 16=0.0%, 32=0.0%, 64=0.0%, >=64=0.0%
     complete  : 0=0.0%, 4=100.0%, 8=0.0%, 16=0.0%, 32=0.0%, 64=0.0%, >=64=0.1%
     issued rwts: total=12233133,0,0,0 short=0,0,0,0 dropped=0,0,0,0
     latency   : target=0, window=0, percentile=100.00%, depth=256

Run status group 0 (all jobs):
   READ: bw=159MiB/s (167MB/s), 159MiB/s-159MiB/s (167MB/s-167MB/s), io=46.7GiB (50.1GB), run=300108-300108msec
