test: (g=0): rw=randread, bs=(R) 4096B-4096B, (W) 4096B-4096B, (T) 4096B-4096B, ioengine=libaio, iodepth=256
...
fio-3.27
Starting 16 processes
rand-read: Laying out IO file (1 file / 1024MiB)
rand-read: Laying out IO file (1 file / 1024MiB)
rand-read: Laying out IO file (1 file / 1024MiB)
rand-read: Laying out IO file (1 file / 1024MiB)
rand-read: Laying out IO file (1 file / 1024MiB)
rand-read: Laying out IO file (1 file / 1024MiB)
rand-read: Laying out IO file (1 file / 1024MiB)
rand-read: Laying out IO file (1 file / 1024MiB)

test: (groupid=0, jobs=16): err= 0: pid=210010: Mon Jul 19 22:15:36 2021
  read: IOPS=688, BW=2754KiB/s (2820kB/s)(807MiB/300050msec)
    slat (usec): min=552, max=230007, avg=23212.11, stdev=14055.57
    clat (usec): min=14, max=7848.2k, avg=5880110.78, stdev=692605.25
     lat (msec): min=11, max=7882, avg=5903.33, stdev=693.91
    clat percentiles (msec):
     |  1.00th=[ 2970],  5.00th=[ 5067], 10.00th=[ 5201], 20.00th=[ 5470],
     | 30.00th=[ 5671], 40.00th=[ 5805], 50.00th=[ 5940], 60.00th=[ 6074],
     | 70.00th=[ 6208], 80.00th=[ 6342], 90.00th=[ 6544], 95.00th=[ 6812],
     | 99.00th=[ 7215], 99.50th=[ 7349], 99.90th=[ 7617], 99.95th=[ 7684],
     | 99.99th=[ 7752]
   bw (  KiB/s): min= 1328, max= 3800, per=99.68%, avg=2745.60, stdev=22.52, samples=9426
   iops        : min=  332, max=  950, avg=686.40, stdev= 5.63, samples=9426
  lat (usec)   : 20=0.01%, 50=0.01%
  lat (msec)   : 20=0.01%, 50=0.01%, 100=0.01%, 250=0.05%, 500=0.08%
  lat (msec)   : 750=0.09%, 1000=0.08%, 2000=0.33%, >=2000=99.34%
  cpu          : usr=0.12%, sys=0.77%, ctx=206710, majf=0, minf=4717
  IO depths    : 1=0.1%, 2=0.1%, 4=0.1%, 8=0.1%, 16=0.1%, 32=0.2%, >=64=99.5%
     submit    : 0=0.0%, 4=100.0%, 8=0.0%, 16=0.0%, 32=0.0%, 64=0.0%, >=64=0.0%
     complete  : 0=0.0%, 4=100.0%, 8=0.0%, 16=0.0%, 32=0.0%, 64=0.0%, >=64=0.1%
     issued rwts: total=206575,0,0,0 short=0,0,0,0 dropped=0,0,0,0
     latency   : target=0, window=0, percentile=100.00%, depth=256

Run status group 0 (all jobs):
   READ: bw=2754KiB/s (2820kB/s), 2754KiB/s-2754KiB/s (2820kB/s-2820kB/s), io=807MiB (846MB), run=300050-300050msec
