test: (g=0): rw=read, bs=(R) 4096B-4096B, (W) 4096B-4096B, (T) 4096B-4096B, ioengine=libaio, iodepth=256
...
fio-3.27
Starting 32 processes
seq-read: Laying out IO file (1 file / 1024MiB)
seq-read: Laying out IO file (1 file / 1024MiB)
seq-read: Laying out IO file (1 file / 1024MiB)
seq-read: Laying out IO file (1 file / 1024MiB)
seq-read: Laying out IO file (1 file / 1024MiB)
seq-read: Laying out IO file (1 file / 1024MiB)
seq-read: Laying out IO file (1 file / 1024MiB)
seq-read: Laying out IO file (1 file / 1024MiB)
seq-read: Laying out IO file (1 file / 1024MiB)
seq-read: Laying out IO file (1 file / 1024MiB)
seq-read: Laying out IO file (1 file / 1024MiB)
seq-read: Laying out IO file (1 file / 1024MiB)
seq-read: Laying out IO file (1 file / 1024MiB)
seq-read: Laying out IO file (1 file / 1024MiB)
seq-read: Laying out IO file (1 file / 1024MiB)
seq-read: Laying out IO file (1 file / 1024MiB)

test: (groupid=0, jobs=32): err= 0: pid=52647: Tue Jul 20 15:59:12 2021
  read: IOPS=27.6k, BW=108MiB/s (113MB/s)(31.6GiB/300046msec)
    slat (usec): min=10, max=1475.6k, avg=1148.51, stdev=7980.10
    clat (usec): min=16, max=37871k, avg=294922.91, stdev=1772900.82
     lat (msec): min=2, max=37941, avg=296.07, stdev=1779.61
    clat percentiles (msec):
     |  1.00th=[    5],  5.00th=[    5], 10.00th=[    5], 20.00th=[    5],
     | 30.00th=[    5], 40.00th=[    5], 50.00th=[    6], 60.00th=[    6],
     | 70.00th=[    6], 80.00th=[   16], 90.00th=[   26], 95.00th=[   41],
     | 99.00th=[ 9731], 99.50th=[15368], 99.90th=[17113], 99.95th=[17113],
     | 99.99th=[17113]
   bw (  KiB/s): min=  536, max=4944960, per=100.00%, avg=111853.88, stdev=21231.47, samples=19004
   iops        : min=  134, max=1236242, avg=27963.47, stdev=5307.87, samples=19004
  lat (usec)   : 20=0.01%, 50=0.01%
  lat (msec)   : 4=0.01%, 10=79.02%, 20=10.78%, 50=5.36%, 100=0.07%
  lat (msec)   : 250=0.02%, 500=0.01%, 750=0.01%, 1000=0.02%, 2000=0.20%
  lat (msec)   : >=2000=4.52%
  cpu          : usr=0.82%, sys=2.70%, ctx=380981, majf=0, minf=9473
  IO depths    : 1=0.1%, 2=0.1%, 4=0.1%, 8=0.1%, 16=0.1%, 32=0.1%, >=64=100.0%
     submit    : 0=0.0%, 4=100.0%, 8=0.0%, 16=0.0%, 32=0.0%, 64=0.0%, >=64=0.0%
     complete  : 0=0.0%, 4=100.0%, 8=0.0%, 16=0.0%, 32=0.0%, 64=0.0%, >=64=0.1%
     issued rwts: total=8275424,0,0,0 short=0,0,0,0 dropped=0,0,0,0
     latency   : target=0, window=0, percentile=100.00%, depth=256

Run status group 0 (all jobs):
   READ: bw=108MiB/s (113MB/s), 108MiB/s-108MiB/s (113MB/s-113MB/s), io=31.6GiB (33.9GB), run=300046-300046msec
