readwrite: (g=0): rw=rw, bs=(R) 4096B-4096B, (W) 4096B-4096B, (T) 4096B-4096B, ioengine=libaio, iodepth=256
...
fio-3.27
Starting 4 processes
readwrite: Laying out IO file (1 file / 1024MiB)
readwrite: Laying out IO file (1 file / 1024MiB)

readwrite: (groupid=0, jobs=4): err= 0: pid=64654: Wed Jul 21 19:33:36 2021
  read: IOPS=20.7k, BW=80.9MiB/s (84.8MB/s)(23.7GiB/300001msec)
    slat (usec): min=7, max=356699, avg=96.88, stdev=1667.61
    clat (usec): min=12, max=7944.2k, avg=24675.13, stdev=121271.15
     lat (usec): min=107, max=7979.8k, avg=24772.79, stdev=122117.11
    clat percentiles (msec):
     |  1.00th=[   12],  5.00th=[   13], 10.00th=[   13], 20.00th=[   13],
     | 30.00th=[   13], 40.00th=[   14], 50.00th=[   14], 60.00th=[   14],
     | 70.00th=[   14], 80.00th=[   14], 90.00th=[   15], 95.00th=[   19],
     | 99.00th=[  355], 99.50th=[  542], 99.90th=[ 1703], 99.95th=[ 2567],
     | 99.99th=[ 4463]
   bw (  KiB/s): min=   72, max=164616, per=100.00%, avg=83514.53, stdev=13736.65, samples=2382
   iops        : min=   18, max=41154, avg=20878.44, stdev=3434.17, samples=2382
  write: IOPS=20.7k, BW=80.8MiB/s (84.7MB/s)(23.7GiB/300001msec); 0 zone resets
    slat (usec): min=67, max=199400, avg=74.64, stdev=81.88
    clat (usec): min=12, max=7938.2k, avg=24604.54, stdev=120310.25
     lat (usec): min=85, max=7938.3k, avg=24680.28, stdev=120312.11
    clat percentiles (msec):
     |  1.00th=[   12],  5.00th=[   13], 10.00th=[   13], 20.00th=[   13],
     | 30.00th=[   13], 40.00th=[   14], 50.00th=[   14], 60.00th=[   14],
     | 70.00th=[   14], 80.00th=[   14], 90.00th=[   15], 95.00th=[   19],
     | 99.00th=[  355], 99.50th=[  535], 99.90th=[ 1687], 99.95th=[ 2534],
     | 99.99th=[ 4530]
   bw (  KiB/s): min=   64, max=164178, per=100.00%, avg=83391.40, stdev=13730.47, samples=2383
   iops        : min=   16, max=41044, avg=20847.67, stdev=3432.62, samples=2383
  lat (usec)   : 20=0.01%, 100=0.01%, 250=0.01%, 500=0.01%, 750=0.01%
  lat (usec)   : 1000=0.01%
  lat (msec)   : 2=0.01%, 4=0.01%, 10=0.01%, 20=95.77%, 50=2.29%
  lat (msec)   : 100=0.06%, 250=0.30%, 500=1.01%, 750=0.24%, 1000=0.11%
  lat (msec)   : 2000=0.14%, >=2000=0.08%
  cpu          : usr=10.13%, sys=49.48%, ctx=109438, majf=0, minf=180
  IO depths    : 1=0.1%, 2=0.1%, 4=0.1%, 8=0.1%, 16=0.1%, 32=0.1%, >=64=100.0%
     submit    : 0=0.0%, 4=100.0%, 8=0.0%, 16=0.0%, 32=0.0%, 64=0.0%, >=64=0.0%
     complete  : 0=0.0%, 4=100.0%, 8=0.0%, 16=0.0%, 32=0.0%, 64=0.0%, >=64=0.1%
     issued rwts: total=6212139,6206995,0,0 short=0,0,0,0 dropped=0,0,0,0
     latency   : target=0, window=0, percentile=100.00%, depth=256

Run status group 0 (all jobs):
   READ: bw=80.9MiB/s (84.8MB/s), 80.9MiB/s-80.9MiB/s (84.8MB/s-84.8MB/s), io=23.7GiB (25.4GB), run=300001-300001msec
  WRITE: bw=80.8MiB/s (84.7MB/s), 80.8MiB/s-80.8MiB/s (84.7MB/s-84.7MB/s), io=23.7GiB (25.4GB), run=300001-300001msec
