test: (g=0): rw=randread, bs=(R) 4096B-4096B, (W) 4096B-4096B, (T) 4096B-4096B, ioengine=libaio, iodepth=256
...
fio-3.27
Starting 8 processes
rand-read: Laying out IO file (1 file / 1024MiB)
rand-read: Laying out IO file (1 file / 1024MiB)
rand-read: Laying out IO file (1 file / 1024MiB)
rand-read: Laying out IO file (1 file / 1024MiB)

test: (groupid=0, jobs=8): err= 0: pid=171040: Tue Jul 20 11:23:18 2021
  read: IOPS=574, BW=2299KiB/s (2355kB/s)(674MiB/300035msec)
    slat (usec): min=497, max=217053, avg=13891.85, stdev=11449.35
    clat (usec): min=15, max=4736.3k, avg=3531464.12, stdev=327807.34
     lat (msec): min=6, max=4745, avg=3545.36, stdev=328.31
    clat percentiles (msec):
     |  1.00th=[ 2869],  5.00th=[ 3171], 10.00th=[ 3272], 20.00th=[ 3339],
     | 30.00th=[ 3406], 40.00th=[ 3473], 50.00th=[ 3540], 60.00th=[ 3574],
     | 70.00th=[ 3641], 80.00th=[ 3742], 90.00th=[ 3876], 95.00th=[ 3977],
     | 99.00th=[ 4245], 99.50th=[ 4396], 99.90th=[ 4530], 99.95th=[ 4530],
     | 99.99th=[ 4665]
   bw (  KiB/s): min= 1176, max= 3224, per=99.77%, avg=2294.82, stdev=40.16, samples=4747
   iops        : min=  294, max=  806, avg=573.71, stdev=10.04, samples=4747
  lat (usec)   : 20=0.01%, 50=0.01%
  lat (msec)   : 10=0.01%, 20=0.01%, 50=0.01%, 100=0.02%, 250=0.05%
  lat (msec)   : 500=0.10%, 750=0.08%, 1000=0.09%, 2000=0.35%, >=2000=99.30%
  cpu          : usr=0.19%, sys=1.25%, ctx=172537, majf=0, minf=2360
  IO depths    : 1=0.1%, 2=0.1%, 4=0.1%, 8=0.1%, 16=0.1%, 32=0.1%, >=64=99.7%
     submit    : 0=0.0%, 4=100.0%, 8=0.0%, 16=0.0%, 32=0.0%, 64=0.0%, >=64=0.0%
     complete  : 0=0.0%, 4=100.0%, 8=0.0%, 16=0.0%, 32=0.0%, 64=0.0%, >=64=0.1%
     issued rwts: total=172472,0,0,0 short=0,0,0,0 dropped=0,0,0,0
     latency   : target=0, window=0, percentile=100.00%, depth=256

Run status group 0 (all jobs):
   READ: bw=2299KiB/s (2355kB/s), 2299KiB/s-2299KiB/s (2355kB/s-2355kB/s), io=674MiB (706MB), run=300035-300035msec
