test: (g=0): rw=read, bs=(R) 4096B-4096B, (W) 4096B-4096B, (T) 4096B-4096B, ioengine=libaio, iodepth=256
...
fio-3.27
Starting 64 processes

test: (groupid=0, jobs=64): err= 0: pid=246400: Fri Jul 16 03:45:46 2021
  read: IOPS=59.9k, BW=234MiB/s (245MB/s)(68.5GiB/300018msec)
    slat (usec): min=10, max=147178, avg=1052.91, stdev=2000.70
    clat (usec): min=9, max=2017.4k, avg=272095.24, stdev=419306.18
     lat (usec): min=21, max=2021.7k, avg=273149.75, stdev=420935.90
    clat percentiles (msec):
     |  1.00th=[    6],  5.00th=[    6], 10.00th=[    6], 20.00th=[    6],
     | 30.00th=[    6], 40.00th=[    6], 50.00th=[    6], 60.00th=[   18],
     | 70.00th=[  634], 80.00th=[  684], 90.00th=[  760], 95.00th=[ 1267],
     | 99.00th=[ 1536], 99.50th=[ 1586], 99.90th=[ 1737], 99.95th=[ 1804],
     | 99.99th=[ 1888]
   bw (  KiB/s): min=32032, max=4641584, per=100.00%, avg=245208.43, stdev=13056.80, samples=38197
   iops        : min= 8008, max=1160396, avg=61295.10, stdev=3264.21, samples=38197
  lat (usec)   : 10=0.01%, 20=0.01%, 50=0.01%, 100=0.01%, 250=0.01%
  lat (usec)   : 500=0.01%, 750=0.01%, 1000=0.01%
  lat (msec)   : 2=0.01%, 4=0.01%, 10=58.02%, 20=5.94%, 50=4.01%
  lat (msec)   : 100=0.05%, 250=0.05%, 500=0.08%, 750=21.46%, 1000=4.53%
  lat (msec)   : 2000=5.87%, >=2000=0.01%
  cpu          : usr=1.40%, sys=6.85%, ctx=5724507, majf=0, minf=18890
  IO depths    : 1=0.1%, 2=0.1%, 4=0.1%, 8=0.1%, 16=0.1%, 32=0.1%, >=64=100.0%
     submit    : 0=0.0%, 4=100.0%, 8=0.0%, 16=0.0%, 32=0.0%, 64=0.0%, >=64=0.0%
     complete  : 0=0.0%, 4=100.0%, 8=0.0%, 16=0.0%, 32=0.0%, 64=0.0%, >=64=0.1%
     issued rwts: total=17964436,0,0,0 short=0,0,0,0 dropped=0,0,0,0
     latency   : target=0, window=0, percentile=100.00%, depth=256

Run status group 0 (all jobs):
   READ: bw=234MiB/s (245MB/s), 234MiB/s-234MiB/s (245MB/s-245MB/s), io=68.5GiB (73.6GB), run=300018-300018msec
