test: (g=0): rw=read, bs=(R) 4096B-4096B, (W) 4096B-4096B, (T) 4096B-4096B, ioengine=libaio, iodepth=256
fio-3.27
Starting 1 process
test: Laying out IO file (1 file / 1024MiB)

test: (groupid=0, jobs=1): err= 0: pid=226134: Fri Jul 16 03:00:25 2021
  read: IOPS=31.8k, BW=124MiB/s (130MB/s)(36.4GiB/300001msec)
    slat (usec): min=10, max=121403, avg=20.26, stdev=349.56
    clat (usec): min=11, max=1021.0k, avg=8012.17, stdev=32777.77
     lat (usec): min=22, max=1021.0k, avg=8033.23, stdev=32810.25
    clat percentiles (msec):
     |  1.00th=[    5],  5.00th=[    5], 10.00th=[    5], 20.00th=[    5],
     | 30.00th=[    5], 40.00th=[    5], 50.00th=[    5], 60.00th=[    6],
     | 70.00th=[    6], 80.00th=[    6], 90.00th=[   16], 95.00th=[   26],
     | 99.00th=[   27], 99.50th=[   27], 99.90th=[  693], 99.95th=[  919],
     | 99.99th=[  944]
   bw (  KiB/s): min=    8, max=165848, per=100.00%, avg=132578.37, stdev=54661.74, samples=575
   iops        : min=    2, max=41462, avg=33144.54, stdev=13665.43, samples=575
  lat (usec)   : 20=0.01%, 50=0.01%, 100=0.01%, 250=0.01%, 500=0.01%
  lat (usec)   : 750=0.01%, 1000=0.01%
  lat (msec)   : 2=0.01%, 4=0.01%, 10=89.24%, 20=4.67%, 50=5.90%
  lat (msec)   : 100=0.02%, 250=0.01%, 500=0.01%, 750=0.06%, 1000=0.09%
  lat (msec)   : 2000=0.01%
  cpu          : usr=26.50%, sys=68.18%, ctx=7595, majf=0, minf=294
  IO depths    : 1=0.1%, 2=0.1%, 4=0.1%, 8=0.1%, 16=0.1%, 32=0.1%, >=64=100.0%
     submit    : 0=0.0%, 4=100.0%, 8=0.0%, 16=0.0%, 32=0.0%, 64=0.0%, >=64=0.0%
     complete  : 0=0.0%, 4=100.0%, 8=0.0%, 16=0.0%, 32=0.0%, 64=0.0%, >=64=0.1%
     issued rwts: total=9542694,0,0,0 short=0,0,0,0 dropped=0,0,0,0
     latency   : target=0, window=0, percentile=100.00%, depth=256

Run status group 0 (all jobs):
   READ: bw=124MiB/s (130MB/s), 124MiB/s-124MiB/s (130MB/s-130MB/s), io=36.4GiB (39.1GB), run=300001-300001msec
