test: (g=0): rw=read, bs=(R) 4096B-4096B, (W) 4096B-4096B, (T) 4096B-4096B, ioengine=libaio, iodepth=256
...
fio-3.27
Starting 2 processes
seq-read: Laying out IO file (1 file / 1024MiB)

test: (groupid=0, jobs=2): err= 0: pid=223073: Tue Jul 20 14:24:35 2021
  read: IOPS=33.4k, BW=130MiB/s (137MB/s)(38.2GiB/300010msec)
    slat (usec): min=10, max=374332, avg=48.76, stdev=1238.22
    clat (usec): min=12, max=7734.3k, avg=15271.72, stdev=151593.79
     lat (usec): min=65, max=7743.4k, avg=15321.25, stdev=152129.94
    clat percentiles (msec):
     |  1.00th=[    5],  5.00th=[    5], 10.00th=[    5], 20.00th=[    5],
     | 30.00th=[    5], 40.00th=[    5], 50.00th=[    5], 60.00th=[    5],
     | 70.00th=[    5], 80.00th=[    6], 90.00th=[   16], 95.00th=[   26],
     | 99.00th=[   27], 99.50th=[  409], 99.90th=[ 2802], 99.95th=[ 3910],
     | 99.99th=[ 5604]
   bw (  KiB/s): min=   32, max=334352, per=100.00%, avg=138887.73, stdev=40685.04, samples=1174
   iops        : min=    8, max=83588, avg=34721.92, stdev=10171.26, samples=1174
  lat (usec)   : 20=0.01%, 100=0.01%, 250=0.01%, 500=0.01%, 750=0.01%
  lat (usec)   : 1000=0.01%
  lat (msec)   : 2=0.01%, 4=0.01%, 10=88.69%, 20=4.68%, 50=5.87%
  lat (msec)   : 100=0.02%, 250=0.11%, 500=0.19%, 750=0.10%, 1000=0.15%
  lat (msec)   : 2000=0.06%, >=2000=0.13%
  cpu          : usr=13.83%, sys=36.94%, ctx=65119, majf=0, minf=590
  IO depths    : 1=0.1%, 2=0.1%, 4=0.1%, 8=0.1%, 16=0.1%, 32=0.1%, >=64=100.0%
     submit    : 0=0.0%, 4=100.0%, 8=0.0%, 16=0.0%, 32=0.0%, 64=0.0%, >=64=0.0%
     complete  : 0=0.0%, 4=100.0%, 8=0.0%, 16=0.0%, 32=0.0%, 64=0.0%, >=64=0.1%
     issued rwts: total=10015780,0,0,0 short=0,0,0,0 dropped=0,0,0,0
     latency   : target=0, window=0, percentile=100.00%, depth=256

Run status group 0 (all jobs):
   READ: bw=130MiB/s (137MB/s), 130MiB/s-130MiB/s (137MB/s-137MB/s), io=38.2GiB (41.0GB), run=300010-300010msec
