readwrite: (g=0): rw=rw, bs=(R) 4096B-4096B, (W) 4096B-4096B, (T) 4096B-4096B, ioengine=libaio, iodepth=256
fio-3.27
Starting 1 process
readwrite: Laying out IO file (1 file / 1024MiB)

readwrite: (groupid=0, jobs=1): err= 0: pid=16007: Wed Jul 21 18:22:15 2021
  read: IOPS=9047, BW=35.3MiB/s (37.1MB/s)(10.4GiB/300001msec)
    slat (usec): min=7, max=55142, avg=18.11, stdev=328.25
    clat (usec): min=91, max=922636, avg=14105.91, stdev=18927.77
     lat (usec): min=103, max=922645, avg=14124.80, stdev=18932.14
    clat percentiles (msec):
     |  1.00th=[   12],  5.00th=[   12], 10.00th=[   13], 20.00th=[   13],
     | 30.00th=[   13], 40.00th=[   13], 50.00th=[   13], 60.00th=[   14],
     | 70.00th=[   14], 80.00th=[   14], 90.00th=[   14], 95.00th=[   16],
     | 99.00th=[   34], 99.50th=[   35], 99.90th=[  100], 99.95th=[  296],
     | 99.99th=[  869]
   bw (  KiB/s): min=   64, max=42280, per=100.00%, avg=36574.51, stdev=5084.15, samples=593
   iops        : min=   16, max=10570, avg=9143.55, stdev=1271.05, samples=593
  write: IOPS=9039, BW=35.3MiB/s (37.0MB/s)(10.3GiB/300001msec); 0 zone resets
    slat (usec): min=68, max=2364, avg=70.97, stdev=10.10
    clat (usec): min=12, max=922599, avg=14094.68, stdev=18620.55
     lat (usec): min=83, max=922670, avg=14166.74, stdev=18620.63
    clat percentiles (msec):
     |  1.00th=[   12],  5.00th=[   13], 10.00th=[   13], 20.00th=[   13],
     | 30.00th=[   13], 40.00th=[   13], 50.00th=[   13], 60.00th=[   14],
     | 70.00th=[   14], 80.00th=[   14], 90.00th=[   14], 95.00th=[   16],
     | 99.00th=[   34], 99.50th=[   35], 99.90th=[   91], 99.95th=[  296],
     | 99.99th=[  869]
   bw (  KiB/s): min=    8, max=41552, per=100.00%, avg=36482.02, stdev=5241.36, samples=594
   iops        : min=    2, max=10388, avg=9120.42, stdev=1310.35, samples=594
  lat (usec)   : 20=0.01%, 100=0.01%, 250=0.01%, 500=0.01%, 750=0.01%
  lat (usec)   : 1000=0.01%
  lat (msec)   : 2=0.01%, 4=0.01%, 10=0.01%, 20=96.84%, 50=3.03%
  lat (msec)   : 100=0.03%, 250=0.04%, 500=0.01%, 750=0.01%, 1000=0.04%
  cpu          : usr=17.15%, sys=82.62%, ctx=745, majf=0, minf=43
  IO depths    : 1=0.1%, 2=0.1%, 4=0.1%, 8=0.1%, 16=0.1%, 32=0.1%, >=64=100.0%
     submit    : 0=0.0%, 4=100.0%, 8=0.0%, 16=0.0%, 32=0.0%, 64=0.0%, >=64=0.0%
     complete  : 0=0.0%, 4=100.0%, 8=0.0%, 16=0.0%, 32=0.0%, 64=0.0%, >=64=0.1%
     issued rwts: total=2714236,2711914,0,0 short=0,0,0,0 dropped=0,0,0,0
     latency   : target=0, window=0, percentile=100.00%, depth=256

Run status group 0 (all jobs):
   READ: bw=35.3MiB/s (37.1MB/s), 35.3MiB/s-35.3MiB/s (37.1MB/s-37.1MB/s), io=10.4GiB (11.1GB), run=300001-300001msec
  WRITE: bw=35.3MiB/s (37.0MB/s), 35.3MiB/s-35.3MiB/s (37.0MB/s-37.0MB/s), io=10.3GiB (11.1GB), run=300001-300001msec
