readwrite: (g=0): rw=rw, bs=(R) 4096B-4096B, (W) 4096B-4096B, (T) 4096B-4096B, ioengine=libaio, iodepth=256
...
fio-3.27
Starting 2 processes
readwrite: Laying out IO file (1 file / 1024MiB)

readwrite: (groupid=0, jobs=2): err= 0: pid=144520: Wed Jul 21 19:27:19 2021
  read: IOPS=16.0k, BW=62.6MiB/s (65.6MB/s)(18.4GiB/300226msec)
    slat (usec): min=7, max=177495, avg=28.83, stdev=416.62
    clat (usec): min=27, max=1093.8k, avg=15919.98, stdev=25613.84
     lat (usec): min=103, max=1093.8k, avg=15949.56, stdev=25703.73
    clat percentiles (msec):
     |  1.00th=[   12],  5.00th=[   13], 10.00th=[   13], 20.00th=[   13],
     | 30.00th=[   13], 40.00th=[   14], 50.00th=[   14], 60.00th=[   14],
     | 70.00th=[   14], 80.00th=[   14], 90.00th=[   15], 95.00th=[   19],
     | 99.00th=[  118], 99.50th=[  155], 99.90th=[  305], 99.95th=[  751],
     | 99.99th=[  885]
   bw (  KiB/s): min=  520, max=82952, per=100.00%, avg=64758.04, stdev=11282.79, samples=1188
   iops        : min=  130, max=20738, avg=16189.34, stdev=2820.68, samples=1188
  write: IOPS=16.0k, BW=62.6MiB/s (65.6MB/s)(18.3GiB/300226msec); 0 zone resets
    slat (usec): min=68, max=5421, avg=74.47, stdev=14.35
    clat (usec): min=11, max=1093.7k, avg=15907.40, stdev=25384.80
     lat (usec): min=83, max=1093.7k, avg=15982.96, stdev=25385.67
    clat percentiles (msec):
     |  1.00th=[   12],  5.00th=[   13], 10.00th=[   13], 20.00th=[   13],
     | 30.00th=[   13], 40.00th=[   14], 50.00th=[   14], 60.00th=[   14],
     | 70.00th=[   14], 80.00th=[   14], 90.00th=[   15], 95.00th=[   19],
     | 99.00th=[  117], 99.50th=[  155], 99.90th=[  300], 99.95th=[  542],
     | 99.99th=[  885]
   bw (  KiB/s): min=  472, max=81968, per=100.00%, avg=64721.76, stdev=11263.02, samples=1188
   iops        : min=  118, max=20492, avg=16180.20, stdev=2815.72, samples=1188
  lat (usec)   : 20=0.01%, 50=0.01%, 100=0.01%, 250=0.01%, 500=0.01%
  lat (usec)   : 750=0.01%, 1000=0.01%
  lat (msec)   : 2=0.01%, 4=0.01%, 10=0.01%, 20=96.59%, 50=2.11%
  lat (msec)   : 100=0.10%, 250=1.05%, 500=0.09%, 750=0.01%, 1000=0.05%
  lat (msec)   : 2000=0.01%
  cpu          : usr=15.11%, sys=75.27%, ctx=55408, majf=0, minf=85
  IO depths    : 1=0.1%, 2=0.1%, 4=0.1%, 8=0.1%, 16=0.1%, 32=0.1%, >=64=100.0%
     submit    : 0=0.0%, 4=100.0%, 8=0.0%, 16=0.0%, 32=0.0%, 64=0.0%, >=64=0.0%
     complete  : 0=0.0%, 4=100.0%, 8=0.0%, 16=0.0%, 32=0.0%, 64=0.0%, >=64=0.1%
     issued rwts: total=4810984,4808178,0,0 short=0,0,0,0 dropped=0,0,0,0
     latency   : target=0, window=0, percentile=100.00%, depth=256

Run status group 0 (all jobs):
   READ: bw=62.6MiB/s (65.6MB/s), 62.6MiB/s-62.6MiB/s (65.6MB/s-65.6MB/s), io=18.4GiB (19.7GB), run=300226-300226msec
  WRITE: bw=62.6MiB/s (65.6MB/s), 62.6MiB/s-62.6MiB/s (65.6MB/s-65.6MB/s), io=18.3GiB (19.7GB), run=300226-300226msec
