test: (g=0): rw=read, bs=(R) 4096B-4096B, (W) 4096B-4096B, (T) 4096B-4096B, ioengine=libaio, iodepth=256
...
fio-3.27
Starting 32 processes
seq-read: Laying out IO file (1 file / 1024MiB)
seq-read: Laying out IO file (1 file / 1024MiB)
seq-read: Laying out IO file (1 file / 1024MiB)
seq-read: Laying out IO file (1 file / 1024MiB)
seq-read: Laying out IO file (1 file / 1024MiB)
seq-read: Laying out IO file (1 file / 1024MiB)
seq-read: Laying out IO file (1 file / 1024MiB)
seq-read: Laying out IO file (1 file / 1024MiB)
seq-read: Laying out IO file (1 file / 1024MiB)
seq-read: Laying out IO file (1 file / 1024MiB)
seq-read: Laying out IO file (1 file / 1024MiB)
seq-read: Laying out IO file (1 file / 1024MiB)
seq-read: Laying out IO file (1 file / 1024MiB)
seq-read: Laying out IO file (1 file / 1024MiB)
seq-read: Laying out IO file (1 file / 1024MiB)
seq-read: Laying out IO file (1 file / 1024MiB)

test: (groupid=0, jobs=32): err= 0: pid=22101: Tue Jul 20 14:56:18 2021
  read: IOPS=34.6k, BW=135MiB/s (142MB/s)(39.6GiB/300039msec)
    slat (usec): min=10, max=491492, avg=913.48, stdev=5502.41
    clat (usec): min=10, max=24559k, avg=235639.33, stdev=1184317.15
     lat (usec): min=22, max=24667k, avg=236553.75, stdev=1188817.57
    clat percentiles (msec):
     |  1.00th=[    5],  5.00th=[    5], 10.00th=[    5], 20.00th=[    5],
     | 30.00th=[    6], 40.00th=[    6], 50.00th=[    6], 60.00th=[    6],
     | 70.00th=[    6], 80.00th=[    6], 90.00th=[   26], 95.00th=[ 1787],
     | 99.00th=[ 6141], 99.50th=[ 8792], 99.90th=[13489], 99.95th=[14697],
     | 99.99th=[17113]
   bw (  KiB/s): min=  696, max=4086464, per=100.00%, avg=140120.76, stdev=21302.19, samples=19090
   iops        : min=  174, max=1021616, avg=35030.19, stdev=5325.55, samples=19090
  lat (usec)   : 20=0.01%, 50=0.01%, 100=0.01%, 250=0.01%, 500=0.01%
  lat (usec)   : 750=0.01%, 1000=0.01%
  lat (msec)   : 2=0.01%, 4=0.01%, 10=80.57%, 20=8.40%, 50=5.38%
  lat (msec)   : 100=0.06%, 250=0.01%, 500=0.01%, 750=0.01%, 1000=0.04%
  lat (msec)   : 2000=1.39%, >=2000=4.13%
  cpu          : usr=1.03%, sys=3.45%, ctx=564862, majf=0, minf=9467
  IO depths    : 1=0.1%, 2=0.1%, 4=0.1%, 8=0.1%, 16=0.1%, 32=0.1%, >=64=100.0%
     submit    : 0=0.0%, 4=100.0%, 8=0.0%, 16=0.0%, 32=0.0%, 64=0.0%, >=64=0.0%
     complete  : 0=0.0%, 4=100.0%, 8=0.0%, 16=0.0%, 32=0.0%, 64=0.0%, >=64=0.1%
     issued rwts: total=10374739,0,0,0 short=0,0,0,0 dropped=0,0,0,0
     latency   : target=0, window=0, percentile=100.00%, depth=256

Run status group 0 (all jobs):
   READ: bw=135MiB/s (142MB/s), 135MiB/s-135MiB/s (142MB/s-142MB/s), io=39.6GiB (42.5GB), run=300039-300039msec
