readwrite: (g=0): rw=rw, bs=(R) 4096B-4096B, (W) 4096B-4096B, (T) 4096B-4096B, ioengine=libaio, iodepth=256
...
fio-3.27
Starting 4 processes
readwrite: Laying out IO file (1 file / 1024MiB)
readwrite: Laying out IO file (1 file / 1024MiB)

readwrite: (groupid=0, jobs=4): err= 0: pid=129296: Wed Jul 21 18:33:38 2021
  read: IOPS=21.3k, BW=83.0MiB/s (87.1MB/s)(24.3GiB/300002msec)
    slat (usec): min=7, max=206750, avg=90.97, stdev=1404.52
    clat (usec): min=11, max=5137.3k, avg=24079.71, stdev=95840.98
     lat (usec): min=24, max=5157.0k, avg=24171.44, stdev=96501.37
    clat percentiles (msec):
     |  1.00th=[   12],  5.00th=[   13], 10.00th=[   13], 20.00th=[   13],
     | 30.00th=[   14], 40.00th=[   14], 50.00th=[   14], 60.00th=[   14],
     | 70.00th=[   14], 80.00th=[   15], 90.00th=[   15], 95.00th=[   19],
     | 99.00th=[  409], 99.50th=[  667], 99.90th=[ 1368], 99.95th=[ 1653],
     | 99.99th=[ 2635]
   bw (  KiB/s): min=  312, max=164000, per=100.00%, avg=85592.95, stdev=10809.36, samples=2384
   iops        : min=   78, max=41000, avg=21398.06, stdev=2702.35, samples=2384
  write: IOPS=21.2k, BW=82.9MiB/s (87.0MB/s)(24.3GiB/300002msec); 0 zone resets
    slat (usec): min=68, max=102700, avg=75.74, stdev=57.69
    clat (usec): min=11, max=5142.8k, avg=23935.79, stdev=94448.90
     lat (usec): min=82, max=5142.9k, avg=24012.62, stdev=94451.13
    clat percentiles (msec):
     |  1.00th=[   12],  5.00th=[   13], 10.00th=[   13], 20.00th=[   13],
     | 30.00th=[   14], 40.00th=[   14], 50.00th=[   14], 60.00th=[   14],
     | 70.00th=[   14], 80.00th=[   15], 90.00th=[   15], 95.00th=[   19],
     | 99.00th=[  405], 99.50th=[  659], 99.90th=[ 1368], 99.95th=[ 1653],
     | 99.99th=[ 2467]
   bw (  KiB/s): min=   80, max=163360, per=100.00%, avg=85445.74, stdev=10825.96, samples=2385
   iops        : min=   20, max=40840, avg=21361.21, stdev=2706.50, samples=2385
  lat (usec)   : 20=0.01%, 50=0.01%, 100=0.01%, 250=0.01%, 500=0.01%
  lat (usec)   : 750=0.01%, 1000=0.01%
  lat (msec)   : 2=0.01%, 4=0.01%, 10=0.01%, 20=95.92%, 50=2.24%
  lat (msec)   : 100=0.09%, 250=0.22%, 500=0.76%, 750=0.35%, 1000=0.17%
  lat (msec)   : 2000=0.22%, >=2000=0.02%
  cpu          : usr=10.26%, sys=50.90%, ctx=104711, majf=0, minf=181
  IO depths    : 1=0.1%, 2=0.1%, 4=0.1%, 8=0.1%, 16=0.1%, 32=0.1%, >=64=100.0%
     submit    : 0=0.0%, 4=100.0%, 8=0.0%, 16=0.0%, 32=0.0%, 64=0.0%, >=64=0.0%
     complete  : 0=0.0%, 4=100.0%, 8=0.0%, 16=0.0%, 32=0.0%, 64=0.0%, >=64=0.1%
     issued rwts: total=6376499,6369935,0,0 short=0,0,0,0 dropped=0,0,0,0
     latency   : target=0, window=0, percentile=100.00%, depth=256

Run status group 0 (all jobs):
   READ: bw=83.0MiB/s (87.1MB/s), 83.0MiB/s-83.0MiB/s (87.1MB/s-87.1MB/s), io=24.3GiB (26.1GB), run=300002-300002msec
  WRITE: bw=82.9MiB/s (87.0MB/s), 82.9MiB/s-82.9MiB/s (87.0MB/s-87.0MB/s), io=24.3GiB (26.1GB), run=300002-300002msec
