test: (g=0): rw=randread, bs=(R) 4096B-4096B, (W) 4096B-4096B, (T) 4096B-4096B, ioengine=libaio, iodepth=256
...
fio-3.27
Starting 8 processes
rand-read: Laying out IO file (1 file / 1024MiB)
rand-read: Laying out IO file (1 file / 1024MiB)
rand-read: Laying out IO file (1 file / 1024MiB)
rand-read: Laying out IO file (1 file / 1024MiB)

test: (groupid=0, jobs=8): err= 0: pid=126439: Mon Jul 19 18:46:16 2021
  read: IOPS=1266, BW=5065KiB/s (5186kB/s)(1484MiB/300011msec)
    slat (usec): min=428, max=148593, avg=6293.68, stdev=4858.64
    clat (usec): min=13, max=2107.4k, avg=1606587.65, stdev=167450.57
     lat (msec): min=5, max=2118, avg=1612.88, stdev=167.93
    clat percentiles (msec):
     |  1.00th=[ 1183],  5.00th=[ 1318], 10.00th=[ 1401], 20.00th=[ 1485],
     | 30.00th=[ 1552], 40.00th=[ 1586], 50.00th=[ 1620], 60.00th=[ 1653],
     | 70.00th=[ 1703], 80.00th=[ 1737], 90.00th=[ 1787], 95.00th=[ 1838],
     | 99.00th=[ 1921], 99.50th=[ 1955], 99.90th=[ 2022], 99.95th=[ 2039],
     | 99.99th=[ 2072]
   bw (  KiB/s): min= 2336, max= 6818, per=99.99%, avg=5064.23, stdev=64.85, samples=4769
   iops        : min=  584, max= 1704, avg=1265.73, stdev=16.20, samples=4769
  lat (usec)   : 20=0.01%, 50=0.01%, 100=0.01%
  lat (msec)   : 10=0.01%, 20=0.01%, 50=0.01%, 100=0.02%, 250=0.06%
  lat (msec)   : 500=0.09%, 750=0.09%, 1000=0.09%, 2000=99.48%, >=2000=0.16%
  cpu          : usr=0.45%, sys=2.74%, ctx=379984, majf=0, minf=2357
  IO depths    : 1=0.1%, 2=0.1%, 4=0.1%, 8=0.1%, 16=0.1%, 32=0.1%, >=64=99.9%
     submit    : 0=0.0%, 4=100.0%, 8=0.0%, 16=0.0%, 32=0.0%, 64=0.0%, >=64=0.0%
     complete  : 0=0.0%, 4=100.0%, 8=0.0%, 16=0.0%, 32=0.0%, 64=0.0%, >=64=0.1%
     issued rwts: total=379859,0,0,0 short=0,0,0,0 dropped=0,0,0,0
     latency   : target=0, window=0, percentile=100.00%, depth=256

Run status group 0 (all jobs):
   READ: bw=5065KiB/s (5186kB/s), 5065KiB/s-5065KiB/s (5186kB/s-5186kB/s), io=1484MiB (1556MB), run=300011-300011msec
