test: (g=0): rw=randread, bs=(R) 4096B-4096B, (W) 4096B-4096B, (T) 4096B-4096B, ioengine=libaio, iodepth=256
...
fio-3.27
Starting 8 processes
rand-read: Laying out IO file (1 file / 1024MiB)
rand-read: Laying out IO file (1 file / 1024MiB)
rand-read: Laying out IO file (1 file / 1024MiB)
rand-read: Laying out IO file (1 file / 1024MiB)

test: (groupid=0, jobs=8): err= 0: pid=162757: Tue Jul 20 11:23:18 2021
  read: IOPS=573, BW=2296KiB/s (2351kB/s)(673MiB/300017msec)
    slat (usec): min=493, max=224368, avg=13915.32, stdev=11522.05
    clat (usec): min=14, max=4557.2k, avg=3533956.95, stdev=327084.30
     lat (msec): min=4, max=4560, avg=3547.88, stdev=327.55
    clat percentiles (msec):
     |  1.00th=[ 2869],  5.00th=[ 3171], 10.00th=[ 3272], 20.00th=[ 3339],
     | 30.00th=[ 3406], 40.00th=[ 3473], 50.00th=[ 3540], 60.00th=[ 3608],
     | 70.00th=[ 3641], 80.00th=[ 3742], 90.00th=[ 3876], 95.00th=[ 3977],
     | 99.00th=[ 4212], 99.50th=[ 4279], 99.90th=[ 4396], 99.95th=[ 4396],
     | 99.99th=[ 4463]
   bw (  KiB/s): min=  984, max= 3280, per=99.93%, avg=2294.46, stdev=40.20, samples=4740
   iops        : min=  246, max=  820, avg=573.62, stdev=10.05, samples=4740
  lat (usec)   : 20=0.01%, 50=0.01%
  lat (msec)   : 10=0.01%, 20=0.01%, 50=0.01%, 100=0.02%, 250=0.05%
  lat (msec)   : 500=0.08%, 750=0.08%, 1000=0.08%, 2000=0.34%, >=2000=99.32%
  cpu          : usr=0.19%, sys=1.22%, ctx=172253, majf=0, minf=2363
  IO depths    : 1=0.1%, 2=0.1%, 4=0.1%, 8=0.1%, 16=0.1%, 32=0.1%, >=64=99.7%
     submit    : 0=0.0%, 4=100.0%, 8=0.0%, 16=0.0%, 32=0.0%, 64=0.0%, >=64=0.0%
     complete  : 0=0.0%, 4=100.0%, 8=0.0%, 16=0.0%, 32=0.0%, 64=0.0%, >=64=0.1%
     issued rwts: total=172183,0,0,0 short=0,0,0,0 dropped=0,0,0,0
     latency   : target=0, window=0, percentile=100.00%, depth=256

Run status group 0 (all jobs):
   READ: bw=2296KiB/s (2351kB/s), 2296KiB/s-2296KiB/s (2351kB/s-2351kB/s), io=673MiB (705MB), run=300017-300017msec
