test: (g=0): rw=randread, bs=(R) 4096B-4096B, (W) 4096B-4096B, (T) 4096B-4096B, ioengine=libaio, iodepth=256
fio-3.27
Starting 1 process
test: Laying out IO file (1 file / 1024MiB)

test: (groupid=0, jobs=1): err= 0: pid=155092: Mon Jul 19 19:27:38 2021
  read: IOPS=78, BW=316KiB/s (323kB/s)(92.6MiB/300017msec)
    slat (usec): min=475, max=157634, avg=12643.05, stdev=12356.89
    clat (usec): min=12, max=5718.7k, avg=3206913.65, stdev=1561541.68
     lat (msec): min=31, max=5737, avg=3219.56, stdev=1567.48
    clat percentiles (msec):
     |  1.00th=[ 1267],  5.00th=[ 1385], 10.00th=[ 1435], 20.00th=[ 1502],
     | 30.00th=[ 1552], 40.00th=[ 1720], 50.00th=[ 3943], 60.00th=[ 4144],
     | 70.00th=[ 4329], 80.00th=[ 4799], 90.00th=[ 5201], 95.00th=[ 5403],
     | 99.00th=[ 5604], 99.50th=[ 5604], 99.90th=[ 5671], 99.95th=[ 5671],
     | 99.99th=[ 5738]
   bw (  KiB/s): min=    8, max=  856, per=100.00%, avg=316.56, stdev=189.03, samples=592
   iops        : min=    2, max=  214, avg=79.13, stdev=47.24, samples=592
  lat (usec)   : 20=0.01%
  lat (msec)   : 50=0.01%, 100=0.01%, 250=0.02%, 500=0.05%, 750=0.04%
  lat (msec)   : 1000=0.03%, 2000=43.01%, >=2000=56.82%
  cpu          : usr=0.17%, sys=1.16%, ctx=23699, majf=0, minf=294
  IO depths    : 1=0.1%, 2=0.1%, 4=0.1%, 8=0.1%, 16=0.1%, 32=0.1%, >=64=99.7%
     submit    : 0=0.0%, 4=100.0%, 8=0.0%, 16=0.0%, 32=0.0%, 64=0.0%, >=64=0.0%
     complete  : 0=0.0%, 4=100.0%, 8=0.0%, 16=0.0%, 32=0.0%, 64=0.0%, >=64=0.1%
     issued rwts: total=23694,0,0,0 short=0,0,0,0 dropped=0,0,0,0
     latency   : target=0, window=0, percentile=100.00%, depth=256

Run status group 0 (all jobs):
   READ: bw=316KiB/s (323kB/s), 316KiB/s-316KiB/s (323kB/s-323kB/s), io=92.6MiB (97.1MB), run=300017-300017msec
