test: (g=0): rw=read, bs=(R) 4096B-4096B, (W) 4096B-4096B, (T) 4096B-4096B, ioengine=libaio, iodepth=256
...
fio-3.27
Starting 2 processes

test: (groupid=0, jobs=2): err= 0: pid=233006: Fri Jul 16 02:25:11 2021
  read: IOPS=38.9k, BW=152MiB/s (159MB/s)(44.5GiB/300001msec)
    slat (usec): min=10, max=72576, avg=40.08, stdev=363.74
    clat (usec): min=11, max=968075, avg=13120.50, stdev=39943.49
     lat (usec): min=23, max=968127, avg=13161.41, stdev=40025.03
    clat percentiles (msec):
     |  1.00th=[    5],  5.00th=[    5], 10.00th=[    5], 20.00th=[    5],
     | 30.00th=[    5], 40.00th=[    5], 50.00th=[    6], 60.00th=[    6],
     | 70.00th=[    6], 80.00th=[    6], 90.00th=[   17], 95.00th=[   27],
     | 99.00th=[  165], 99.50th=[  178], 99.90th=[  257], 99.95th=[  902],
     | 99.99th=[  936]
   bw (  KiB/s): min=  160, max=330576, per=100.00%, avg=161269.86, stdev=47499.44, samples=1169
   iops        : min=   40, max=82644, avg=40317.45, stdev=11874.87, samples=1169
  lat (usec)   : 20=0.01%, 50=0.01%, 100=0.01%, 250=0.01%, 500=0.01%
  lat (usec)   : 750=0.01%, 1000=0.01%
  lat (msec)   : 2=0.01%, 4=0.01%, 10=86.00%, 20=4.56%, 50=5.71%
  lat (msec)   : 100=0.01%, 250=3.62%, 500=0.01%, 1000=0.09%
  cpu          : usr=16.64%, sys=48.42%, ctx=424877, majf=0, minf=589
  IO depths    : 1=0.1%, 2=0.1%, 4=0.1%, 8=0.1%, 16=0.1%, 32=0.1%, >=64=100.0%
     submit    : 0=0.0%, 4=100.0%, 8=0.0%, 16=0.0%, 32=0.0%, 64=0.0%, >=64=0.0%
     complete  : 0=0.0%, 4=100.0%, 8=0.0%, 16=0.0%, 32=0.0%, 64=0.0%, >=64=0.1%
     issued rwts: total=11658388,0,0,0 short=0,0,0,0 dropped=0,0,0,0
     latency   : target=0, window=0, percentile=100.00%, depth=256

Run status group 0 (all jobs):
   READ: bw=152MiB/s (159MB/s), 152MiB/s-152MiB/s (159MB/s-159MB/s), io=44.5GiB (47.8GB), run=300001-300001msec
