test: (g=0): rw=read, bs=(R) 4096B-4096B, (W) 4096B-4096B, (T) 4096B-4096B, ioengine=libaio, iodepth=256
...
fio-3.27
Starting 2 processes
seq-read: Laying out IO file (1 file / 1024MiB)

test: (groupid=0, jobs=2): err= 0: pid=206530: Tue Jul 20 15:27:30 2021
  read: IOPS=33.9k, BW=132MiB/s (139MB/s)(38.8GiB/300001msec)
    slat (usec): min=10, max=175778, avg=47.82, stdev=963.95
    clat (usec): min=10, max=5806.5k, avg=15051.24, stdev=142736.07
     lat (usec): min=22, max=5810.0k, avg=15099.83, stdev=143174.76
    clat percentiles (msec):
     |  1.00th=[    5],  5.00th=[    5], 10.00th=[    5], 20.00th=[    5],
     | 30.00th=[    5], 40.00th=[    5], 50.00th=[    5], 60.00th=[    5],
     | 70.00th=[    6], 80.00th=[    6], 90.00th=[   16], 95.00th=[   26],
     | 99.00th=[   27], 99.50th=[  253], 99.90th=[ 2165], 99.95th=[ 3641],
     | 99.99th=[ 5201]
   bw (  KiB/s): min=   56, max=329440, per=100.00%, avg=140305.62, stdev=38202.93, samples=1176
   iops        : min=   14, max=82360, avg=35076.29, stdev=9550.73, samples=1176
  lat (usec)   : 20=0.01%, 50=0.01%, 100=0.01%, 250=0.01%, 500=0.01%
  lat (usec)   : 750=0.01%, 1000=0.01%
  lat (msec)   : 2=0.01%, 4=0.01%, 10=88.35%, 20=5.13%, 50=5.86%
  lat (msec)   : 100=0.04%, 250=0.12%, 500=0.01%, 750=0.05%, 1000=0.15%
  lat (msec)   : 2000=0.19%, >=2000=0.10%
  cpu          : usr=14.08%, sys=37.78%, ctx=53907, majf=0, minf=590
  IO depths    : 1=0.1%, 2=0.1%, 4=0.1%, 8=0.1%, 16=0.1%, 32=0.1%, >=64=100.0%
     submit    : 0=0.0%, 4=100.0%, 8=0.0%, 16=0.0%, 32=0.0%, 64=0.0%, >=64=0.0%
     complete  : 0=0.0%, 4=100.0%, 8=0.0%, 16=0.0%, 32=0.0%, 64=0.0%, >=64=0.1%
     issued rwts: total=10163334,0,0,0 short=0,0,0,0 dropped=0,0,0,0
     latency   : target=0, window=0, percentile=100.00%, depth=256

Run status group 0 (all jobs):
   READ: bw=132MiB/s (139MB/s), 132MiB/s-132MiB/s (139MB/s-139MB/s), io=38.8GiB (41.6GB), run=300001-300001msec
