test: (g=0): rw=read, bs=(R) 4096B-4096B, (W) 4096B-4096B, (T) 4096B-4096B, ioengine=libaio, iodepth=256
...
fio-3.27
Starting 16 processes
seq-read: Laying out IO file (1 file / 1024MiB)
seq-read: Laying out IO file (1 file / 1024MiB)
seq-read: Laying out IO file (1 file / 1024MiB)
seq-read: Laying out IO file (1 file / 1024MiB)
seq-read: Laying out IO file (1 file / 1024MiB)
seq-read: Laying out IO file (1 file / 1024MiB)
seq-read: Laying out IO file (1 file / 1024MiB)
seq-read: Laying out IO file (1 file / 1024MiB)

test: (groupid=0, jobs=16): err= 0: pid=223370: Fri Jul 16 03:17:51 2021
  read: IOPS=38.8k, BW=151MiB/s (159MB/s)(44.4GiB/300009msec)
    slat (usec): min=10, max=418873, avg=400.19, stdev=2093.34
    clat (usec): min=10, max=24144k, avg=105150.02, stdev=352387.31
     lat (usec): min=22, max=24216k, avg=105551.24, stdev=353685.18
    clat percentiles (msec):
     |  1.00th=[    5],  5.00th=[    5], 10.00th=[    5], 20.00th=[    6],
     | 30.00th=[    6], 40.00th=[    6], 50.00th=[    6], 60.00th=[    6],
     | 70.00th=[    6], 80.00th=[   17], 90.00th=[  617], 95.00th=[  735],
     | 99.00th=[ 1099], 99.50th=[ 1703], 99.90th=[ 4178], 99.95th=[ 5067],
     | 99.99th=[ 8288]
   bw (  KiB/s): min=  840, max=1792280, per=100.00%, avg=159381.82, stdev=23140.95, samples=9539
   iops        : min=  210, max=448070, avg=39844.58, stdev=5785.24, samples=9539
  lat (usec)   : 20=0.01%, 50=0.01%, 100=0.01%, 250=0.01%, 500=0.01%
  lat (usec)   : 750=0.01%, 1000=0.01%
  lat (msec)   : 2=0.01%, 4=0.01%, 10=77.20%, 20=5.97%, 50=5.12%
  lat (msec)   : 100=0.08%, 250=0.03%, 500=0.18%, 750=7.14%, 1000=3.01%
  lat (msec)   : 2000=0.89%, >=2000=0.38%
  cpu          : usr=2.50%, sys=9.47%, ctx=1340791, majf=0, minf=4729
  IO depths    : 1=0.1%, 2=0.1%, 4=0.1%, 8=0.1%, 16=0.1%, 32=0.1%, >=64=100.0%
     submit    : 0=0.0%, 4=100.0%, 8=0.0%, 16=0.0%, 32=0.0%, 64=0.0%, >=64=0.0%
     complete  : 0=0.0%, 4=100.0%, 8=0.0%, 16=0.0%, 32=0.0%, 64=0.0%, >=64=0.1%
     issued rwts: total=11626475,0,0,0 short=0,0,0,0 dropped=0,0,0,0
     latency   : target=0, window=0, percentile=100.00%, depth=256

Run status group 0 (all jobs):
   READ: bw=151MiB/s (159MB/s), 151MiB/s-151MiB/s (159MB/s-159MB/s), io=44.4GiB (47.6GB), run=300009-300009msec
