test: (g=0): rw=read, bs=(R) 4096B-4096B, (W) 4096B-4096B, (T) 4096B-4096B, ioengine=libaio, iodepth=256
...
fio-3.27
Starting 4 processes

test: (groupid=0, jobs=4): err= 0: pid=247838: Fri Jul 16 04:00:06 2021
  read: IOPS=37.0k, BW=144MiB/s (151MB/s)(42.3GiB/300004msec)
    slat (usec): min=10, max=100072, avg=96.63, stdev=779.31
    clat (usec): min=10, max=6515.8k, avg=27583.27, stdev=110827.52
     lat (usec): min=22, max=6524.0k, avg=27680.78, stdev=111217.10
    clat percentiles (msec):
     |  1.00th=[    5],  5.00th=[    5], 10.00th=[    5], 20.00th=[    5],
     | 30.00th=[    5], 40.00th=[    5], 50.00th=[    5], 60.00th=[    6],
     | 70.00th=[    6], 80.00th=[    6], 90.00th=[   26], 95.00th=[   27],
     | 99.00th=[  531], 99.50th=[  617], 99.90th=[  936], 99.95th=[ 1133],
     | 99.99th=[ 3239]
   bw (  KiB/s): min=  272, max=657416, per=100.00%, avg=153724.44, stdev=34568.07, samples=2367
   iops        : min=   68, max=164354, avg=38431.13, stdev=8642.02, samples=2367
  lat (usec)   : 20=0.01%, 50=0.01%, 100=0.01%, 250=0.01%, 500=0.01%
  lat (usec)   : 750=0.01%, 1000=0.01%
  lat (msec)   : 2=0.01%, 4=0.01%, 10=85.20%, 20=4.61%, 50=5.64%
  lat (msec)   : 100=0.03%, 250=0.10%, 500=3.14%, 750=1.03%, 1000=0.19%
  lat (msec)   : 2000=0.05%, >=2000=0.02%
  cpu          : usr=8.27%, sys=25.02%, ctx=492480, majf=0, minf=1182
  IO depths    : 1=0.1%, 2=0.1%, 4=0.1%, 8=0.1%, 16=0.1%, 32=0.1%, >=64=100.0%
     submit    : 0=0.0%, 4=100.0%, 8=0.0%, 16=0.0%, 32=0.0%, 64=0.0%, >=64=0.0%
     complete  : 0=0.0%, 4=100.0%, 8=0.0%, 16=0.0%, 32=0.0%, 64=0.0%, >=64=0.1%
     issued rwts: total=11088000,0,0,0 short=0,0,0,0 dropped=0,0,0,0
     latency   : target=0, window=0, percentile=100.00%, depth=256

Run status group 0 (all jobs):
   READ: bw=144MiB/s (151MB/s), 144MiB/s-144MiB/s (151MB/s-151MB/s), io=42.3GiB (45.4GB), run=300004-300004msec
