test: (g=0): rw=read, bs=(R) 4096B-4096B, (W) 4096B-4096B, (T) 4096B-4096B, ioengine=libaio, iodepth=256
...
fio-3.27
Starting 32 processes
seq-read: Laying out IO file (1 file / 1024MiB)
seq-read: Laying out IO file (1 file / 1024MiB)
seq-read: Laying out IO file (1 file / 1024MiB)
seq-read: Laying out IO file (1 file / 1024MiB)
seq-read: Laying out IO file (1 file / 1024MiB)
seq-read: Laying out IO file (1 file / 1024MiB)
seq-read: Laying out IO file (1 file / 1024MiB)
seq-read: Laying out IO file (1 file / 1024MiB)
seq-read: Laying out IO file (1 file / 1024MiB)
seq-read: Laying out IO file (1 file / 1024MiB)
seq-read: Laying out IO file (1 file / 1024MiB)
seq-read: Laying out IO file (1 file / 1024MiB)
seq-read: Laying out IO file (1 file / 1024MiB)
seq-read: Laying out IO file (1 file / 1024MiB)
seq-read: Laying out IO file (1 file / 1024MiB)
seq-read: Laying out IO file (1 file / 1024MiB)

test: (groupid=0, jobs=32): err= 0: pid=227526: Tue Jul 20 13:55:34 2021
  read: IOPS=16.2k, BW=63.4MiB/s (66.4MB/s)(18.6GiB/300712msec)
    slat (usec): min=10, max=4323.6k, avg=1956.97, stdev=26298.27
    clat (usec): min=15, max=90643k, avg=442877.50, stdev=3642101.87
     lat (msec): min=4, max=91066, avg=444.84, stdev=3657.83
    clat percentiles (msec):
     |  1.00th=[    5],  5.00th=[    5], 10.00th=[    5], 20.00th=[    5],
     | 30.00th=[    6], 40.00th=[    6], 50.00th=[    6], 60.00th=[    6],
     | 70.00th=[    6], 80.00th=[   17], 90.00th=[   27], 95.00th=[ 1351],
     | 99.00th=[ 8926], 99.50th=[17113], 99.90th=[17113], 99.95th=[17113],
     | 99.99th=[17113]
   bw (  KiB/s): min=  256, max=3355558, per=100.00%, avg=91491.97, stdev=18097.42, samples=13882
   iops        : min=   64, max=838883, avg=22872.71, stdev=4524.34, samples=13882
  lat (usec)   : 20=0.01%, 50=0.01%
  lat (msec)   : 10=74.24%, 20=14.41%, 50=5.03%, 100=0.11%, 250=0.03%
  lat (msec)   : 500=0.04%, 750=0.04%, 1000=0.09%, 2000=3.22%, >=2000=2.78%
  cpu          : usr=0.49%, sys=1.78%, ctx=290384, majf=0, minf=9470
  IO depths    : 1=0.1%, 2=0.1%, 4=0.1%, 8=0.1%, 16=0.1%, 32=0.1%, >=64=100.0%
     submit    : 0=0.0%, 4=100.0%, 8=0.0%, 16=0.0%, 32=0.0%, 64=0.0%, >=64=0.0%
     complete  : 0=0.0%, 4=100.0%, 8=0.0%, 16=0.0%, 32=0.0%, 64=0.0%, >=64=0.1%
     issued rwts: total=4877910,0,0,0 short=0,0,0,0 dropped=0,0,0,0
     latency   : target=0, window=0, percentile=100.00%, depth=256

Run status group 0 (all jobs):
   READ: bw=63.4MiB/s (66.4MB/s), 63.4MiB/s-63.4MiB/s (66.4MB/s-66.4MB/s), io=18.6GiB (20.0GB), run=300712-300712msec
