readwrite: (g=0): rw=rw, bs=(R) 4096B-4096B, (W) 4096B-4096B, (T) 4096B-4096B, ioengine=libaio, iodepth=256
...
fio-3.27
Starting 32 processes
readwrite: Laying out IO file (1 file / 1024MiB)
readwrite: Laying out IO file (1 file / 1024MiB)
readwrite: Laying out IO file (1 file / 1024MiB)
readwrite: Laying out IO file (1 file / 1024MiB)
readwrite: Laying out IO file (1 file / 1024MiB)
readwrite: Laying out IO file (1 file / 1024MiB)
readwrite: Laying out IO file (1 file / 1024MiB)
readwrite: Laying out IO file (1 file / 1024MiB)
readwrite: Laying out IO file (1 file / 1024MiB)
readwrite: Laying out IO file (1 file / 1024MiB)
readwrite: Laying out IO file (1 file / 1024MiB)
readwrite: Laying out IO file (1 file / 1024MiB)
readwrite: Laying out IO file (1 file / 1024MiB)
readwrite: Laying out IO file (1 file / 1024MiB)
readwrite: Laying out IO file (1 file / 1024MiB)
readwrite: Laying out IO file (1 file / 1024MiB)

readwrite: (groupid=0, jobs=32): err= 0: pid=42802: Wed Jul 21 18:59:27 2021
  read: IOPS=29.8k, BW=117MiB/s (122MB/s)(34.2GiB/300390msec)
    slat (usec): min=7, max=2650.8k, avg=969.63, stdev=13742.27
    clat (usec): min=18, max=39155k, avg=138247.47, stdev=1327381.05
     lat (usec): min=109, max=39227k, avg=139217.83, stdev=1336892.93
    clat percentiles (msec):
     |  1.00th=[   12],  5.00th=[   13], 10.00th=[   13], 20.00th=[   14],
     | 30.00th=[   14], 40.00th=[   14], 50.00th=[   14], 60.00th=[   15],
     | 70.00th=[   15], 80.00th=[   15], 90.00th=[   16], 95.00th=[   18],
     | 99.00th=[ 3977], 99.50th=[10537], 99.90th=[17113], 99.95th=[17113],
     | 99.99th=[17113]
   bw (  KiB/s): min=  256, max=789739, per=100.00%, avg=125151.36, stdev=9033.80, samples=17811
   iops        : min=   64, max=197434, avg=31287.49, stdev=2258.43, samples=17811
  write: IOPS=29.8k, BW=117MiB/s (122MB/s)(34.2GiB/300390msec); 0 zone resets
    slat (usec): min=68, max=952539, avg=81.18, stdev=420.18
    clat (usec): min=11, max=39046k, avg=134816.47, stdev=1305165.04
     lat (usec): min=88, max=39046k, avg=134898.75, stdev=1305167.62
    clat percentiles (msec):
     |  1.00th=[   12],  5.00th=[   13], 10.00th=[   13], 20.00th=[   14],
     | 30.00th=[   14], 40.00th=[   14], 50.00th=[   14], 60.00th=[   15],
     | 70.00th=[   15], 80.00th=[   15], 90.00th=[   16], 95.00th=[   17],
     | 99.00th=[ 3641], 99.50th=[10268], 99.90th=[17113], 99.95th=[17113],
     | 99.99th=[17113]
   bw (  KiB/s): min=  256, max=788943, per=100.00%, avg=125497.51, stdev=9049.54, samples=17760
   iops        : min=   64, max=197234, avg=31374.00, stdev=2262.36, samples=17760
  lat (usec)   : 20=0.01%, 50=0.01%, 100=0.01%, 250=0.01%, 500=0.01%
  lat (usec)   : 750=0.01%, 1000=0.01%
  lat (msec)   : 2=0.01%, 4=0.01%, 10=0.01%, 20=97.71%, 50=0.85%
  lat (msec)   : 100=0.09%, 250=0.05%, 500=0.06%, 750=0.04%, 1000=0.06%
  lat (msec)   : 2000=0.06%, >=2000=1.09%
  cpu          : usr=1.79%, sys=8.99%, ctx=95201, majf=0, minf=1422
  IO depths    : 1=0.1%, 2=0.1%, 4=0.1%, 8=0.1%, 16=0.1%, 32=0.1%, >=64=100.0%
     submit    : 0=0.0%, 4=100.0%, 8=0.0%, 16=0.0%, 32=0.0%, 64=0.0%, >=64=0.0%
     complete  : 0=0.0%, 4=100.0%, 8=0.0%, 16=0.0%, 32=0.0%, 64=0.0%, >=64=0.1%
     issued rwts: total=8961857,8966028,0,0 short=0,0,0,0 dropped=0,0,0,0
     latency   : target=0, window=0, percentile=100.00%, depth=256

Run status group 0 (all jobs):
   READ: bw=117MiB/s (122MB/s), 117MiB/s-117MiB/s (122MB/s-122MB/s), io=34.2GiB (36.7GB), run=300390-300390msec
  WRITE: bw=117MiB/s (122MB/s), 117MiB/s-117MiB/s (122MB/s-122MB/s), io=34.2GiB (36.7GB), run=300390-300390msec
