test: (g=0): rw=read, bs=(R) 4096B-4096B, (W) 4096B-4096B, (T) 4096B-4096B, ioengine=libaio, iodepth=256
...
fio-3.27
Starting 4 processes
seq-read: Laying out IO file (1 file / 1024MiB)
seq-read: Laying out IO file (1 file / 1024MiB)

test: (groupid=0, jobs=4): err= 0: pid=17070: Tue Jul 20 15:33:21 2021
  read: IOPS=32.8k, BW=128MiB/s (134MB/s)(37.6GiB/300021msec)
    slat (usec): min=10, max=186438, avg=110.24, stdev=1175.94
    clat (usec): min=18, max=10208k, avg=31050.46, stdev=187008.97
     lat (usec): min=721, max=10233k, avg=31161.56, stdev=187657.51
    clat percentiles (msec):
     |  1.00th=[    5],  5.00th=[    5], 10.00th=[    5], 20.00th=[    6],
     | 30.00th=[    6], 40.00th=[    6], 50.00th=[    6], 60.00th=[    6],
     | 70.00th=[    6], 80.00th=[    6], 90.00th=[   17], 95.00th=[   27],
     | 99.00th=[  844], 99.50th=[ 1150], 99.90th=[ 1838], 99.95th=[ 3306],
     | 99.99th=[ 6141]
   bw (  KiB/s): min=  144, max=643368, per=100.00%, avg=135488.96, stdev=34096.97, samples=2374
   iops        : min=   36, max=160842, avg=33872.16, stdev=8524.24, samples=2374
  lat (usec)   : 20=0.01%, 50=0.01%, 1000=0.01%
  lat (msec)   : 2=0.01%, 4=0.01%, 10=86.13%, 20=5.10%, 50=5.70%
  lat (msec)   : 100=0.05%, 250=0.01%, 500=1.09%, 750=0.78%, 1000=0.44%
  lat (msec)   : 2000=0.62%, >=2000=0.08%
  cpu          : usr=7.23%, sys=21.20%, ctx=289850, majf=0, minf=1183
  IO depths    : 1=0.1%, 2=0.1%, 4=0.1%, 8=0.1%, 16=0.1%, 32=0.1%, >=64=100.0%
     submit    : 0=0.0%, 4=100.0%, 8=0.0%, 16=0.0%, 32=0.0%, 64=0.0%, >=64=0.0%
     complete  : 0=0.0%, 4=100.0%, 8=0.0%, 16=0.0%, 32=0.0%, 64=0.0%, >=64=0.1%
     issued rwts: total=9850362,0,0,0 short=0,0,0,0 dropped=0,0,0,0
     latency   : target=0, window=0, percentile=100.00%, depth=256

Run status group 0 (all jobs):
   READ: bw=128MiB/s (134MB/s), 128MiB/s-128MiB/s (134MB/s-134MB/s), io=37.6GiB (40.3GB), run=300021-300021msec
