readwrite: (g=0): rw=rw, bs=(R) 4096B-4096B, (W) 4096B-4096B, (T) 4096B-4096B, ioengine=libaio, iodepth=256
...
fio-3.27
Starting 8 processes
readwrite: Laying out IO file (1 file / 1024MiB)
readwrite: Laying out IO file (1 file / 1024MiB)
readwrite: Laying out IO file (1 file / 1024MiB)
readwrite: Laying out IO file (1 file / 1024MiB)

readwrite: (groupid=0, jobs=8): err= 0: pid=132804: Wed Jul 21 19:40:18 2021
  read: IOPS=21.5k, BW=83.8MiB/s (87.9MB/s)(24.6GiB/300016msec)
    slat (usec): min=7, max=790809, avg=274.33, stdev=4983.89
    clat (usec): min=12, max=20224k, avg=47633.95, stdev=426205.09
     lat (usec): min=283, max=20281k, avg=47909.02, stdev=429175.49
    clat percentiles (msec):
     |  1.00th=[   12],  5.00th=[   13], 10.00th=[   13], 20.00th=[   13],
     | 30.00th=[   14], 40.00th=[   14], 50.00th=[   14], 60.00th=[   14],
     | 70.00th=[   14], 80.00th=[   15], 90.00th=[   15], 95.00th=[   19],
     | 99.00th=[  902], 99.50th=[ 2333], 99.90th=[ 6409], 99.95th=[ 8926],
     | 99.99th=[14832]
   bw (  KiB/s): min=   64, max=320626, per=100.00%, avg=87191.56, stdev=12985.20, samples=4698
   iops        : min=   16, max=80156, avg=21797.73, stdev=3246.28, samples=4698
  write: IOPS=21.5k, BW=83.8MiB/s (87.9MB/s)(24.6GiB/300016msec); 0 zone resets
    slat (usec): min=68, max=331118, avg=77.22, stdev=217.13
    clat (usec): min=11, max=20165k, avg=47400.36, stdev=424154.08
     lat (usec): min=91, max=20165k, avg=47478.68, stdev=424156.27
    clat percentiles (msec):
     |  1.00th=[   12],  5.00th=[   13], 10.00th=[   13], 20.00th=[   13],
     | 30.00th=[   14], 40.00th=[   14], 50.00th=[   14], 60.00th=[   14],
     | 70.00th=[   14], 80.00th=[   15], 90.00th=[   15], 95.00th=[   19],
     | 99.00th=[  877], 99.50th=[ 2333], 99.90th=[ 6409], 99.95th=[ 8926],
     | 99.99th=[14832]
   bw (  KiB/s): min=   64, max=318689, per=100.00%, avg=87180.97, stdev=12948.66, samples=4716
   iops        : min=   16, max=79672, avg=21795.07, stdev=3237.14, samples=4716
  lat (usec)   : 20=0.01%, 50=0.01%, 250=0.01%, 500=0.01%, 750=0.01%
  lat (usec)   : 1000=0.01%
  lat (msec)   : 2=0.01%, 4=0.01%, 10=0.01%, 20=97.14%, 50=1.57%
  lat (msec)   : 100=0.07%, 250=0.06%, 500=0.04%, 750=0.05%, 1000=0.10%
  lat (msec)   : 2000=0.37%, >=2000=0.59%
  cpu          : usr=5.13%, sys=25.57%, ctx=67263, majf=0, minf=353
  IO depths    : 1=0.1%, 2=0.1%, 4=0.1%, 8=0.1%, 16=0.1%, 32=0.1%, >=64=100.0%
     submit    : 0=0.0%, 4=100.0%, 8=0.0%, 16=0.0%, 32=0.0%, 64=0.0%, >=64=0.0%
     complete  : 0=0.0%, 4=100.0%, 8=0.0%, 16=0.0%, 32=0.0%, 64=0.0%, >=64=0.1%
     issued rwts: total=6438607,6437860,0,0 short=0,0,0,0 dropped=0,0,0,0
     latency   : target=0, window=0, percentile=100.00%, depth=256

Run status group 0 (all jobs):
   READ: bw=83.8MiB/s (87.9MB/s), 83.8MiB/s-83.8MiB/s (87.9MB/s-87.9MB/s), io=24.6GiB (26.4GB), run=300016-300016msec
  WRITE: bw=83.8MiB/s (87.9MB/s), 83.8MiB/s-83.8MiB/s (87.9MB/s-87.9MB/s), io=24.6GiB (26.4GB), run=300016-300016msec
