test: (g=0): rw=read, bs=(R) 4096B-4096B, (W) 4096B-4096B, (T) 4096B-4096B, ioengine=libaio, iodepth=256
...
fio-3.27
Starting 4 processes
seq-read: Laying out IO file (1 file / 1024MiB)
seq-read: Laying out IO file (1 file / 1024MiB)

test: (groupid=0, jobs=4): err= 0: pid=210988: Tue Jul 20 13:29:10 2021
  read: IOPS=32.8k, BW=128MiB/s (134MB/s)(37.5GiB/300069msec)
    slat (usec): min=10, max=1777.3k, avg=110.41, stdev=1954.07
    clat (usec): min=10, max=13154k, avg=31070.63, stdev=218715.97
     lat (usec): min=22, max=13285k, avg=31181.87, stdev=219517.19
    clat percentiles (msec):
     |  1.00th=[    5],  5.00th=[    5], 10.00th=[    5], 20.00th=[    5],
     | 30.00th=[    5], 40.00th=[    5], 50.00th=[    6], 60.00th=[    6],
     | 70.00th=[    6], 80.00th=[    6], 90.00th=[   17], 95.00th=[   27],
     | 99.00th=[  567], 99.50th=[  953], 99.90th=[ 3171], 99.95th=[ 4329],
     | 99.99th=[ 9060]
   bw (  KiB/s): min=   56, max=557848, per=100.00%, avg=134766.07, stdev=51622.66, samples=2359
   iops        : min=   14, max=139462, avg=33691.53, stdev=12905.66, samples=2359
  lat (usec)   : 20=0.01%, 50=0.01%, 100=0.01%, 250=0.01%, 500=0.01%
  lat (usec)   : 750=0.01%, 1000=0.01%
  lat (msec)   : 2=0.01%, 4=0.01%, 10=84.11%, 20=6.23%, 50=5.55%
  lat (msec)   : 100=0.09%, 250=0.81%, 500=1.99%, 750=0.53%, 1000=0.22%
  lat (msec)   : 2000=0.30%, >=2000=0.15%
  cpu          : usr=7.27%, sys=22.54%, ctx=382629, majf=0, minf=1183
  IO depths    : 1=0.1%, 2=0.1%, 4=0.1%, 8=0.1%, 16=0.1%, 32=0.1%, >=64=100.0%
     submit    : 0=0.0%, 4=100.0%, 8=0.0%, 16=0.0%, 32=0.0%, 64=0.0%, >=64=0.0%
     complete  : 0=0.0%, 4=100.0%, 8=0.0%, 16=0.0%, 32=0.0%, 64=0.0%, >=64=0.1%
     issued rwts: total=9836066,0,0,0 short=0,0,0,0 dropped=0,0,0,0
     latency   : target=0, window=0, percentile=100.00%, depth=256

Run status group 0 (all jobs):
   READ: bw=128MiB/s (134MB/s), 128MiB/s-128MiB/s (134MB/s-134MB/s), io=37.5GiB (40.3GB), run=300069-300069msec
