test: (g=0): rw=read, bs=(R) 4096B-4096B, (W) 4096B-4096B, (T) 4096B-4096B, ioengine=libaio, iodepth=256
...
fio-3.27
Starting 4 processes
seq-read: Laying out IO file (1 file / 1024MiB)
seq-read: Laying out IO file (1 file / 1024MiB)

test: (groupid=0, jobs=4): err= 0: pid=214927: Tue Jul 20 15:33:21 2021
  read: IOPS=33.5k, BW=131MiB/s (137MB/s)(38.3GiB/300030msec)
    slat (usec): min=10, max=288312, avg=107.83, stdev=1132.86
    clat (usec): min=11, max=7965.1k, avg=30438.95, stdev=177293.48
     lat (usec): min=1233, max=7966.5k, avg=30547.63, stdev=177889.19
    clat percentiles (msec):
     |  1.00th=[    5],  5.00th=[    5], 10.00th=[    5], 20.00th=[    5],
     | 30.00th=[    6], 40.00th=[    6], 50.00th=[    6], 60.00th=[    6],
     | 70.00th=[    6], 80.00th=[    6], 90.00th=[   17], 95.00th=[   27],
     | 99.00th=[  584], 99.50th=[  927], 99.90th=[ 2467], 99.95th=[ 3406],
     | 99.99th=[ 5805]
   bw (  KiB/s): min=  192, max=540152, per=100.00%, avg=138658.22, stdev=32434.96, samples=2373
   iops        : min=   48, max=135038, avg=34664.55, stdev=8108.74, samples=2373
  lat (usec)   : 20=0.01%, 50=0.01%
  lat (msec)   : 2=0.01%, 4=0.01%, 10=85.65%, 20=5.03%, 50=5.66%
  lat (msec)   : 100=0.05%, 250=0.03%, 500=2.10%, 750=0.81%, 1000=0.27%
  lat (msec)   : 2000=0.25%, >=2000=0.15%
  cpu          : usr=7.47%, sys=22.17%, ctx=352861, majf=0, minf=1182
  IO depths    : 1=0.1%, 2=0.1%, 4=0.1%, 8=0.1%, 16=0.1%, 32=0.1%, >=64=100.0%
     submit    : 0=0.0%, 4=100.0%, 8=0.0%, 16=0.0%, 32=0.0%, 64=0.0%, >=64=0.0%
     complete  : 0=0.0%, 4=100.0%, 8=0.0%, 16=0.0%, 32=0.0%, 64=0.0%, >=64=0.1%
     issued rwts: total=10048490,0,0,0 short=0,0,0,0 dropped=0,0,0,0
     latency   : target=0, window=0, percentile=100.00%, depth=256

Run status group 0 (all jobs):
   READ: bw=131MiB/s (137MB/s), 131MiB/s-131MiB/s (137MB/s-137MB/s), io=38.3GiB (41.2GB), run=300030-300030msec
