test: (g=0): rw=read, bs=(R) 4096B-4096B, (W) 4096B-4096B, (T) 4096B-4096B, ioengine=libaio, iodepth=256
...
fio-3.27
Starting 4 processes
seq-read: Laying out IO file (1 file / 1024MiB)
seq-read: Laying out IO file (1 file / 1024MiB)

test: (groupid=0, jobs=4): err= 0: pid=18971: Tue Jul 20 15:33:21 2021
  read: IOPS=34.2k, BW=133MiB/s (140MB/s)(39.1GiB/300014msec)
    slat (usec): min=10, max=220616, avg=105.74, stdev=1360.29
    clat (usec): min=12, max=9495.8k, avg=29846.25, stdev=216239.57
     lat (usec): min=1388, max=9499.4k, avg=29952.83, stdev=216966.60
    clat percentiles (msec):
     |  1.00th=[    5],  5.00th=[    5], 10.00th=[    5], 20.00th=[    5],
     | 30.00th=[    5], 40.00th=[    5], 50.00th=[    6], 60.00th=[    6],
     | 70.00th=[    6], 80.00th=[    6], 90.00th=[   17], 95.00th=[   26],
     | 99.00th=[  617], 99.50th=[ 1234], 99.90th=[ 2970], 99.95th=[ 4665],
     | 99.99th=[ 6544]
   bw (  KiB/s): min=  136, max=536664, per=100.00%, avg=141807.67, stdev=29942.85, samples=2372
   iops        : min=   34, max=134166, avg=35451.85, stdev=7485.72, samples=2372
  lat (usec)   : 20=0.01%, 50=0.01%
  lat (msec)   : 2=0.01%, 4=0.01%, 10=86.83%, 20=4.87%, 50=5.76%
  lat (msec)   : 100=0.03%, 250=0.03%, 500=1.22%, 750=0.36%, 1000=0.25%
  lat (msec)   : 2000=0.39%, >=2000=0.27%
  cpu          : usr=7.40%, sys=20.94%, ctx=249766, majf=0, minf=1182
  IO depths    : 1=0.1%, 2=0.1%, 4=0.1%, 8=0.1%, 16=0.1%, 32=0.1%, >=64=100.0%
     submit    : 0=0.0%, 4=100.0%, 8=0.0%, 16=0.0%, 32=0.0%, 64=0.0%, >=64=0.0%
     complete  : 0=0.0%, 4=100.0%, 8=0.0%, 16=0.0%, 32=0.0%, 64=0.0%, >=64=0.1%
     issued rwts: total=10248570,0,0,0 short=0,0,0,0 dropped=0,0,0,0
     latency   : target=0, window=0, percentile=100.00%, depth=256

Run status group 0 (all jobs):
   READ: bw=133MiB/s (140MB/s), 133MiB/s-133MiB/s (140MB/s-140MB/s), io=39.1GiB (42.0GB), run=300014-300014msec
