readwrite: (g=0): rw=rw, bs=(R) 4096B-4096B, (W) 4096B-4096B, (T) 4096B-4096B, ioengine=libaio, iodepth=256
...
fio-3.27
Starting 8 processes
readwrite: Laying out IO file (1 file / 1024MiB)
readwrite: Laying out IO file (1 file / 1024MiB)
readwrite: Laying out IO file (1 file / 1024MiB)
readwrite: Laying out IO file (1 file / 1024MiB)

readwrite: (groupid=0, jobs=8): err= 0: pid=100913: Wed Jul 21 19:40:19 2021
  read: IOPS=23.2k, BW=90.6MiB/s (95.0MB/s)(26.6GiB/300004msec)
    slat (usec): min=7, max=821542, avg=246.40, stdev=4321.50
    clat (usec): min=10, max=18847k, avg=44122.92, stdev=360758.79
     lat (usec): min=21, max=18930k, avg=44370.06, stdev=363290.22
    clat percentiles (msec):
     |  1.00th=[   12],  5.00th=[   13], 10.00th=[   13], 20.00th=[   13],
     | 30.00th=[   14], 40.00th=[   14], 50.00th=[   14], 60.00th=[   14],
     | 70.00th=[   14], 80.00th=[   15], 90.00th=[   15], 95.00th=[   19],
     | 99.00th=[ 1053], 99.50th=[ 2106], 99.90th=[ 5403], 99.95th=[ 7282],
     | 99.99th=[12147]
   bw (  KiB/s): min=   64, max=318328, per=100.00%, avg=94089.74, stdev=14645.37, samples=4738
   iops        : min=   16, max=79582, avg=23522.44, stdev=3661.34, samples=4738
  write: IOPS=23.2k, BW=90.6MiB/s (95.0MB/s)(26.6GiB/300004msec); 0 zone resets
    slat (usec): min=68, max=98757, avg=77.12, stdev=47.95
    clat (usec): min=11, max=18847k, avg=43756.09, stdev=357075.64
     lat (usec): min=91, max=18847k, avg=43834.31, stdev=357077.86
    clat percentiles (msec):
     |  1.00th=[   12],  5.00th=[   13], 10.00th=[   13], 20.00th=[   13],
     | 30.00th=[   14], 40.00th=[   14], 50.00th=[   14], 60.00th=[   14],
     | 70.00th=[   14], 80.00th=[   15], 90.00th=[   15], 95.00th=[   19],
     | 99.00th=[ 1036], 99.50th=[ 2089], 99.90th=[ 5336], 99.95th=[ 7215],
     | 99.99th=[12147]
   bw (  KiB/s): min=   64, max=313376, per=100.00%, avg=93823.06, stdev=14674.19, samples=4734
   iops        : min=   16, max=78344, avg=23455.77, stdev=3668.55, samples=4734
  lat (usec)   : 20=0.01%, 50=0.01%, 100=0.01%, 250=0.01%, 500=0.01%
  lat (usec)   : 750=0.01%, 1000=0.01%
  lat (msec)   : 2=0.01%, 4=0.01%, 10=0.01%, 20=97.26%, 50=1.40%
  lat (msec)   : 100=0.06%, 250=0.03%, 500=0.05%, 750=0.06%, 1000=0.12%
  lat (msec)   : 2000=0.49%, >=2000=0.53%
  cpu          : usr=5.59%, sys=27.56%, ctx=80130, majf=0, minf=364
  IO depths    : 1=0.1%, 2=0.1%, 4=0.1%, 8=0.1%, 16=0.1%, 32=0.1%, >=64=100.0%
     submit    : 0=0.0%, 4=100.0%, 8=0.0%, 16=0.0%, 32=0.0%, 64=0.0%, >=64=0.0%
     complete  : 0=0.0%, 4=100.0%, 8=0.0%, 16=0.0%, 32=0.0%, 64=0.0%, >=64=0.1%
     issued rwts: total=6960626,6960922,0,0 short=0,0,0,0 dropped=0,0,0,0
     latency   : target=0, window=0, percentile=100.00%, depth=256

Run status group 0 (all jobs):
   READ: bw=90.6MiB/s (95.0MB/s), 90.6MiB/s-90.6MiB/s (95.0MB/s-95.0MB/s), io=26.6GiB (28.5GB), run=300004-300004msec
  WRITE: bw=90.6MiB/s (95.0MB/s), 90.6MiB/s-90.6MiB/s (95.0MB/s-95.0MB/s), io=26.6GiB (28.5GB), run=300004-300004msec
