readwrite: (g=0): rw=rw, bs=(R) 4096B-4096B, (W) 4096B-4096B, (T) 4096B-4096B, ioengine=libaio, iodepth=256
...
fio-3.27
Starting 8 processes
readwrite: Laying out IO file (1 file / 1024MiB)
readwrite: Laying out IO file (1 file / 1024MiB)
readwrite: Laying out IO file (1 file / 1024MiB)
readwrite: Laying out IO file (1 file / 1024MiB)

readwrite: (groupid=0, jobs=8): err= 0: pid=13774: Wed Jul 21 18:40:17 2021
  read: IOPS=30.1k, BW=118MiB/s (123MB/s)(34.5GiB/300054msec)
    slat (usec): min=7, max=615624, avg=165.95, stdev=3330.23
    clat (usec): min=14, max=19209k, avg=33911.21, stdev=263210.46
     lat (usec): min=109, max=19238k, avg=34077.89, stdev=265092.37
    clat percentiles (msec):
     |  1.00th=[   12],  5.00th=[   13], 10.00th=[   13], 20.00th=[   14],
     | 30.00th=[   14], 40.00th=[   14], 50.00th=[   14], 60.00th=[   14],
     | 70.00th=[   15], 80.00th=[   15], 90.00th=[   15], 95.00th=[   17],
     | 99.00th=[  161], 99.50th=[ 1536], 99.90th=[ 3742], 99.95th=[ 5269],
     | 99.99th=[ 8926]
   bw (  KiB/s): min=   64, max=325522, per=100.00%, avg=122012.58, stdev=15445.64, samples=4748
   iops        : min=   16, max=81380, avg=30502.78, stdev=3861.37, samples=4748
  write: IOPS=30.1k, BW=118MiB/s (123MB/s)(34.5GiB/300054msec); 0 zone resets
    slat (usec): min=68, max=431292, avg=78.47, stdev=162.77
    clat (usec): min=11, max=19238k, avg=33806.77, stdev=263247.33
     lat (usec): min=85, max=19238k, avg=33886.35, stdev=263249.15
    clat percentiles (msec):
     |  1.00th=[   12],  5.00th=[   13], 10.00th=[   13], 20.00th=[   14],
     | 30.00th=[   14], 40.00th=[   14], 50.00th=[   14], 60.00th=[   14],
     | 70.00th=[   15], 80.00th=[   15], 90.00th=[   15], 95.00th=[   17],
     | 99.00th=[  138], 99.50th=[ 1536], 99.90th=[ 3742], 99.95th=[ 5269],
     | 99.99th=[ 8926]
   bw (  KiB/s): min=   72, max=324024, per=100.00%, avg=121785.91, stdev=15457.90, samples=4749
   iops        : min=   18, max=81006, avg=30446.17, stdev=3864.44, samples=4749
  lat (usec)   : 20=0.01%, 50=0.01%, 100=0.01%, 250=0.01%, 500=0.01%
  lat (usec)   : 750=0.01%, 1000=0.01%
  lat (msec)   : 2=0.01%, 4=0.01%, 10=0.01%, 20=97.60%, 50=1.30%
  lat (msec)   : 100=0.08%, 250=0.05%, 500=0.05%, 750=0.05%, 1000=0.12%
  lat (msec)   : 2000=0.40%, >=2000=0.35%
  cpu          : usr=7.17%, sys=35.78%, ctx=81713, majf=0, minf=355
  IO depths    : 1=0.1%, 2=0.1%, 4=0.1%, 8=0.1%, 16=0.1%, 32=0.1%, >=64=100.0%
     submit    : 0=0.0%, 4=100.0%, 8=0.0%, 16=0.0%, 32=0.0%, 64=0.0%, >=64=0.0%
     complete  : 0=0.0%, 4=100.0%, 8=0.0%, 16=0.0%, 32=0.0%, 64=0.0%, >=64=0.1%
     issued rwts: total=9038725,9036977,0,0 short=0,0,0,0 dropped=0,0,0,0
     latency   : target=0, window=0, percentile=100.00%, depth=256

Run status group 0 (all jobs):
   READ: bw=118MiB/s (123MB/s), 118MiB/s-118MiB/s (123MB/s-123MB/s), io=34.5GiB (37.0GB), run=300054-300054msec
  WRITE: bw=118MiB/s (123MB/s), 118MiB/s-118MiB/s (123MB/s-123MB/s), io=34.5GiB (37.0GB), run=300054-300054msec
