readwrite: (g=0): rw=rw, bs=(R) 4096B-4096B, (W) 4096B-4096B, (T) 4096B-4096B, ioengine=libaio, iodepth=256
...
fio-3.27
Starting 64 processes
readwrite: Laying out IO file (1 file / 1024MiB)
readwrite: Laying out IO file (1 file / 1024MiB)
readwrite: Laying out IO file (1 file / 1024MiB)
readwrite: Laying out IO file (1 file / 1024MiB)
readwrite: Laying out IO file (1 file / 1024MiB)
readwrite: Laying out IO file (1 file / 1024MiB)
readwrite: Laying out IO file (1 file / 1024MiB)
readwrite: Laying out IO file (1 file / 1024MiB)
readwrite: Laying out IO file (1 file / 1024MiB)
readwrite: Laying out IO file (1 file / 1024MiB)
readwrite: Laying out IO file (1 file / 1024MiB)
readwrite: Laying out IO file (1 file / 1024MiB)
readwrite: Laying out IO file (1 file / 1024MiB)
readwrite: Laying out IO file (1 file / 1024MiB)
readwrite: Laying out IO file (1 file / 1024MiB)
readwrite: Laying out IO file (1 file / 1024MiB)
readwrite: Laying out IO file (1 file / 1024MiB)
readwrite: Laying out IO file (1 file / 1024MiB)
readwrite: Laying out IO file (1 file / 1024MiB)
readwrite: Laying out IO file (1 file / 1024MiB)
readwrite: Laying out IO file (1 file / 1024MiB)
readwrite: Laying out IO file (1 file / 1024MiB)
readwrite: Laying out IO file (1 file / 1024MiB)
readwrite: Laying out IO file (1 file / 1024MiB)
readwrite: Laying out IO file (1 file / 1024MiB)
readwrite: Laying out IO file (1 file / 1024MiB)
readwrite: Laying out IO file (1 file / 1024MiB)
readwrite: Laying out IO file (1 file / 1024MiB)
readwrite: Laying out IO file (1 file / 1024MiB)
readwrite: Laying out IO file (1 file / 1024MiB)
readwrite: Laying out IO file (1 file / 1024MiB)
readwrite: Laying out IO file (1 file / 1024MiB)

readwrite: (groupid=0, jobs=64): err= 0: pid=246145: Wed Jul 21 19:16:00 2021
  read: IOPS=19.3k, BW=75.3MiB/s (79.0MB/s)(22.1GiB/300142msec)
    slat (usec): min=7, max=4621.2k, avg=3213.33, stdev=34998.33
    clat (usec): min=10, max=38967k, avg=426354.50, stdev=2866722.49
     lat (usec): min=21, max=39151k, avg=429568.63, stdev=2887319.34
    clat percentiles (msec):
     |  1.00th=[   13],  5.00th=[   13], 10.00th=[   14], 20.00th=[   14],
     | 30.00th=[   14], 40.00th=[   14], 50.00th=[   15], 60.00th=[   15],
     | 70.00th=[   15], 80.00th=[   16], 90.00th=[   17], 95.00th=[   20],
     | 99.00th=[17113], 99.50th=[17113], 99.90th=[17113], 99.95th=[17113],
     | 99.99th=[17113]
   bw (  KiB/s): min=  512, max=1100254, per=100.00%, avg=87362.56, stdev=5815.29, samples=32159
   iops        : min=  128, max=275057, avg=21840.22, stdev=1453.80, samples=32159
  write: IOPS=19.3k, BW=75.3MiB/s (78.9MB/s)(22.1GiB/300142msec); 0 zone resets
    slat (usec): min=68, max=708052, avg=83.79, stdev=521.17
    clat (usec): min=12, max=38817k, avg=411124.26, stdev=2809694.44
     lat (usec): min=91, max=38817k, avg=411209.16, stdev=2809697.91
    clat percentiles (msec):
     |  1.00th=[   13],  5.00th=[   13], 10.00th=[   14], 20.00th=[   14],
     | 30.00th=[   14], 40.00th=[   14], 50.00th=[   15], 60.00th=[   15],
     | 70.00th=[   15], 80.00th=[   16], 90.00th=[   17], 95.00th=[   20],
     | 99.00th=[17113], 99.50th=[17113], 99.90th=[17113], 99.95th=[17113],
     | 99.99th=[17113]
   bw (  KiB/s): min=  512, max=1099015, per=100.00%, avg=87641.58, stdev=5825.68, samples=31955
   iops        : min=  128, max=274748, avg=21910.02, stdev=1456.40, samples=31955
  lat (usec)   : 20=0.01%, 50=0.01%, 100=0.01%, 250=0.01%, 500=0.01%
  lat (usec)   : 750=0.01%, 1000=0.01%
  lat (msec)   : 2=0.01%, 4=0.01%, 10=0.01%, 20=95.86%, 50=1.30%
  lat (msec)   : 100=0.12%, 250=0.09%, 500=0.08%, 750=0.08%, 1000=0.06%
  lat (msec)   : 2000=0.10%, >=2000=2.31%
  cpu          : usr=0.58%, sys=3.05%, ctx=114845, majf=0, minf=2808
  IO depths    : 1=0.1%, 2=0.1%, 4=0.1%, 8=0.1%, 16=0.1%, 32=0.1%, >=64=100.0%
     submit    : 0=0.0%, 4=100.0%, 8=0.0%, 16=0.0%, 32=0.0%, 64=0.0%, >=64=0.0%
     complete  : 0=0.0%, 4=100.0%, 8=0.0%, 16=0.0%, 32=0.0%, 64=0.0%, >=64=0.1%
     issued rwts: total=5787997,5783909,0,0 short=0,0,0,0 dropped=0,0,0,0
     latency   : target=0, window=0, percentile=100.00%, depth=256

Run status group 0 (all jobs):
   READ: bw=75.3MiB/s (79.0MB/s), 75.3MiB/s-75.3MiB/s (79.0MB/s-79.0MB/s), io=22.1GiB (23.7GB), run=300142-300142msec
  WRITE: bw=75.3MiB/s (78.9MB/s), 75.3MiB/s-75.3MiB/s (78.9MB/s-78.9MB/s), io=22.1GiB (23.7GB), run=300142-300142msec
