test: (g=0): rw=randread, bs=(R) 4096B-4096B, (W) 4096B-4096B, (T) 4096B-4096B, ioengine=libaio, iodepth=256
fio-3.27
Starting 1 process
test: Laying out IO file (1 file / 1024MiB)

test: (groupid=0, jobs=1): err= 0: pid=149148: Tue Jul 20 11:05:16 2021
  read: IOPS=166, BW=666KiB/s (682kB/s)(195MiB/300008msec)
    slat (usec): min=465, max=69069, avg=5989.09, stdev=4455.27
    clat (usec): min=27, max=1870.3k, avg=1527803.98, stdev=99532.28
     lat (msec): min=10, max=1880, avg=1533.80, stdev=99.65
    clat percentiles (msec):
     |  1.00th=[ 1351],  5.00th=[ 1401], 10.00th=[ 1435], 20.00th=[ 1469],
     | 30.00th=[ 1485], 40.00th=[ 1502], 50.00th=[ 1536], 60.00th=[ 1552],
     | 70.00th=[ 1569], 80.00th=[ 1586], 90.00th=[ 1620], 95.00th=[ 1653],
     | 99.00th=[ 1754], 99.50th=[ 1770], 99.90th=[ 1838], 99.95th=[ 1854],
     | 99.99th=[ 1871]
   bw (  KiB/s): min=  408, max=  848, per=100.00%, avg=666.12, stdev=60.34, samples=596
   iops        : min=  102, max=  212, avg=166.49, stdev=15.10, samples=596
  lat (usec)   : 50=0.01%
  lat (msec)   : 20=0.01%, 50=0.01%, 100=0.01%, 250=0.04%, 500=0.09%
  lat (msec)   : 750=0.08%, 1000=0.08%, 2000=99.69%
  cpu          : usr=0.35%, sys=2.51%, ctx=49943, majf=0, minf=293
  IO depths    : 1=0.1%, 2=0.1%, 4=0.1%, 8=0.1%, 16=0.1%, 32=0.1%, >=64=99.9%
     submit    : 0=0.0%, 4=100.0%, 8=0.0%, 16=0.0%, 32=0.0%, 64=0.0%, >=64=0.0%
     complete  : 0=0.0%, 4=100.0%, 8=0.0%, 16=0.0%, 32=0.0%, 64=0.0%, >=64=0.1%
     issued rwts: total=49933,0,0,0 short=0,0,0,0 dropped=0,0,0,0
     latency   : target=0, window=0, percentile=100.00%, depth=256

Run status group 0 (all jobs):
   READ: bw=666KiB/s (682kB/s), 666KiB/s-666KiB/s (682kB/s-682kB/s), io=195MiB (205MB), run=300008-300008msec
