readwrite: (g=0): rw=rw, bs=(R) 4096B-4096B, (W) 4096B-4096B, (T) 4096B-4096B, ioengine=libaio, iodepth=256
...
fio-3.27
Starting 8 processes
readwrite: Laying out IO file (1 file / 1024MiB)
readwrite: Laying out IO file (1 file / 1024MiB)
readwrite: Laying out IO file (1 file / 1024MiB)
readwrite: Laying out IO file (1 file / 1024MiB)

readwrite: (groupid=0, jobs=8): err= 0: pid=72153: Wed Jul 21 19:40:18 2021
  read: IOPS=24.4k, BW=95.4MiB/s (100MB/s)(28.0GiB/300004msec)
    slat (usec): min=7, max=987338, avg=227.60, stdev=4245.69
    clat (usec): min=12, max=19932k, avg=41841.68, stdev=355148.72
     lat (usec): min=107, max=20024k, avg=42070.01, stdev=357665.69
    clat percentiles (msec):
     |  1.00th=[   12],  5.00th=[   13], 10.00th=[   13], 20.00th=[   14],
     | 30.00th=[   14], 40.00th=[   14], 50.00th=[   14], 60.00th=[   14],
     | 70.00th=[   15], 80.00th=[   15], 90.00th=[   15], 95.00th=[   16],
     | 99.00th=[  527], 99.50th=[ 2165], 99.90th=[ 5336], 99.95th=[ 7013],
     | 99.99th=[11879]
   bw (  KiB/s): min=   64, max=324392, per=100.00%, avg=98923.35, stdev=15038.66, samples=4736
   iops        : min=   16, max=81098, avg=24730.79, stdev=3759.66, samples=4736
  write: IOPS=24.4k, BW=95.5MiB/s (100MB/s)(28.0GiB/300004msec); 0 zone resets
    slat (usec): min=68, max=312353, avg=78.90, stdev=181.40
    clat (usec): min=11, max=19930k, avg=41637.12, stdev=353216.46
     lat (usec): min=82, max=19930k, avg=41717.13, stdev=353218.66
    clat percentiles (msec):
     |  1.00th=[   12],  5.00th=[   13], 10.00th=[   13], 20.00th=[   14],
     | 30.00th=[   14], 40.00th=[   14], 50.00th=[   14], 60.00th=[   14],
     | 70.00th=[   15], 80.00th=[   15], 90.00th=[   15], 95.00th=[   16],
     | 99.00th=[  439], 99.50th=[ 2165], 99.90th=[ 5336], 99.95th=[ 7013],
     | 99.99th=[11745]
   bw (  KiB/s): min=   64, max=320328, per=100.00%, avg=98607.72, stdev=15038.21, samples=4750
   iops        : min=   16, max=80082, avg=24651.86, stdev=3759.54, samples=4750
  lat (usec)   : 20=0.01%, 50=0.01%, 100=0.01%, 250=0.01%, 500=0.01%
  lat (usec)   : 750=0.01%, 1000=0.01%
  lat (msec)   : 2=0.01%, 4=0.01%, 10=0.01%, 20=97.80%, 50=1.04%
  lat (msec)   : 100=0.07%, 250=0.04%, 500=0.04%, 750=0.04%, 1000=0.09%
  lat (msec)   : 2000=0.31%, >=2000=0.56%
  cpu          : usr=5.80%, sys=28.96%, ctx=69614, majf=0, minf=364
  IO depths    : 1=0.1%, 2=0.1%, 4=0.1%, 8=0.1%, 16=0.1%, 32=0.1%, >=64=100.0%
     submit    : 0=0.0%, 4=100.0%, 8=0.0%, 16=0.0%, 32=0.0%, 64=0.0%, >=64=0.0%
     complete  : 0=0.0%, 4=100.0%, 8=0.0%, 16=0.0%, 32=0.0%, 64=0.0%, >=64=0.1%
     issued rwts: total=7329844,7330772,0,0 short=0,0,0,0 dropped=0,0,0,0
     latency   : target=0, window=0, percentile=100.00%, depth=256

Run status group 0 (all jobs):
   READ: bw=95.4MiB/s (100MB/s), 95.4MiB/s-95.4MiB/s (100MB/s-100MB/s), io=28.0GiB (30.0GB), run=300004-300004msec
  WRITE: bw=95.5MiB/s (100MB/s), 95.5MiB/s-95.5MiB/s (100MB/s-100MB/s), io=28.0GiB (30.0GB), run=300004-300004msec
