test: (g=0): rw=read, bs=(R) 4096B-4096B, (W) 4096B-4096B, (T) 4096B-4096B, ioengine=libaio, iodepth=256
...
fio-3.27
Starting 16 processes
seq-read: Laying out IO file (1 file / 1024MiB)
seq-read: Laying out IO file (1 file / 1024MiB)
seq-read: Laying out IO file (1 file / 1024MiB)
seq-read: Laying out IO file (1 file / 1024MiB)
seq-read: Laying out IO file (1 file / 1024MiB)
seq-read: Laying out IO file (1 file / 1024MiB)
seq-read: Laying out IO file (1 file / 1024MiB)
seq-read: Laying out IO file (1 file / 1024MiB)

test: (groupid=0, jobs=16): err= 0: pid=235683: Tue Jul 20 13:44:18 2021
  read: IOPS=9017, BW=35.2MiB/s (36.9MB/s)(10.5GiB/304239msec)
    slat (usec): min=10, max=7548.0k, avg=1745.19, stdev=18652.81
    clat (usec): min=17, max=29758k, avg=446544.51, stdev=2392974.59
     lat (msec): min=4, max=29954, avg=448.29, stdev=2401.93
    clat percentiles (msec):
     |  1.00th=[    5],  5.00th=[    5], 10.00th=[    5], 20.00th=[    5],
     | 30.00th=[    5], 40.00th=[    5], 50.00th=[    5], 60.00th=[    6],
     | 70.00th=[   16], 80.00th=[   17], 90.00th=[   26], 95.00th=[ 1200],
     | 99.00th=[14563], 99.50th=[17113], 99.90th=[17113], 99.95th=[17113],
     | 99.99th=[17113]
   bw (  KiB/s): min=  128, max=2050768, per=100.00%, avg=37116.68, stdev=15454.55, samples=9427
   iops        : min=   32, max=512692, avg=9279.17, stdev=3863.64, samples=9427
  lat (usec)   : 20=0.01%, 50=0.01%
  lat (msec)   : 10=66.51%, 20=22.37%, 50=4.28%, 100=0.37%, 250=0.30%
  lat (msec)   : 500=0.13%, 750=0.22%, 1000=0.45%, 2000=1.32%, >=2000=4.05%
  cpu          : usr=0.54%, sys=2.07%, ctx=162919, majf=0, minf=4737
  IO depths    : 1=0.1%, 2=0.1%, 4=0.1%, 8=0.1%, 16=0.1%, 32=0.1%, >=64=100.0%
     submit    : 0=0.0%, 4=100.0%, 8=0.0%, 16=0.0%, 32=0.0%, 64=0.0%, >=64=0.0%
     complete  : 0=0.0%, 4=100.0%, 8=0.0%, 16=0.0%, 32=0.0%, 64=0.0%, >=64=0.1%
     issued rwts: total=2743539,0,0,0 short=0,0,0,0 dropped=0,0,0,0
     latency   : target=0, window=0, percentile=100.00%, depth=256

Run status group 0 (all jobs):
   READ: bw=35.2MiB/s (36.9MB/s), 35.2MiB/s-35.2MiB/s (36.9MB/s-36.9MB/s), io=10.5GiB (11.2GB), run=304239-304239msec
