test: (g=0): rw=randread, bs=(R) 4096B-4096B, (W) 4096B-4096B, (T) 4096B-4096B, ioengine=libaio, iodepth=256
...
fio-3.27
Starting 4 processes
rand-read: Laying out IO file (1 file / 1024MiB)
rand-read: Laying out IO file (1 file / 1024MiB)

test: (groupid=0, jobs=4): err= 0: pid=184429: Mon Jul 19 22:00:57 2021
  read: IOPS=480, BW=1924KiB/s (1970kB/s)(564MiB/300024msec)
    slat (usec): min=463, max=103229, avg=8294.51, stdev=5994.42
    clat (usec): min=12, max=2583.7k, avg=2113757.83, stdev=147090.87
     lat (msec): min=6, max=2591, avg=2122.06, stdev=147.26
    clat percentiles (msec):
     |  1.00th=[ 1871],  5.00th=[ 1955], 10.00th=[ 1989], 20.00th=[ 2022],
     | 30.00th=[ 2056], 40.00th=[ 2089], 50.00th=[ 2106], 60.00th=[ 2140],
     | 70.00th=[ 2165], 80.00th=[ 2198], 90.00th=[ 2265], 95.00th=[ 2299],
     | 99.00th=[ 2400], 99.50th=[ 2400], 99.90th=[ 2500], 99.95th=[ 2534],
     | 99.99th=[ 2567]
   bw (  KiB/s): min= 1024, max= 2480, per=99.97%, avg=1923.45, stdev=46.50, samples=2381
   iops        : min=  256, max=  620, avg=480.86, stdev=11.62, samples=2381
  lat (usec)   : 20=0.01%
  lat (msec)   : 10=0.01%, 20=0.01%, 50=0.01%, 100=0.01%, 250=0.05%
  lat (msec)   : 500=0.08%, 750=0.07%, 1000=0.09%, 2000=12.76%, >=2000=86.93%
  cpu          : usr=0.31%, sys=1.97%, ctx=144323, majf=0, minf=1180
  IO depths    : 1=0.1%, 2=0.1%, 4=0.1%, 8=0.1%, 16=0.1%, 32=0.1%, >=64=99.8%
     submit    : 0=0.0%, 4=100.0%, 8=0.0%, 16=0.0%, 32=0.0%, 64=0.0%, >=64=0.0%
     complete  : 0=0.0%, 4=100.0%, 8=0.0%, 16=0.0%, 32=0.0%, 64=0.0%, >=64=0.1%
     issued rwts: total=144284,0,0,0 short=0,0,0,0 dropped=0,0,0,0
     latency   : target=0, window=0, percentile=100.00%, depth=256

Run status group 0 (all jobs):
   READ: bw=1924KiB/s (1970kB/s), 1924KiB/s-1924KiB/s (1970kB/s-1970kB/s), io=564MiB (591MB), run=300024-300024msec
