test: (g=0): rw=randread, bs=(R) 4096B-4096B, (W) 4096B-4096B, (T) 4096B-4096B, ioengine=libaio, iodepth=256
fio-3.27
Starting 1 process
test: Laying out IO file (1 file / 1024MiB)

test: (groupid=0, jobs=1): err= 0: pid=120581: Tue Jul 20 10:05:39 2021
  read: IOPS=193, BW=775KiB/s (794kB/s)(227MiB/300005msec)
    slat (usec): min=446, max=69128, avg=5142.05, stdev=3923.22
    clat (usec): min=13, max=1561.6k, avg=1312994.16, stdev=83888.20
     lat (msec): min=9, max=1568, avg=1318.14, stdev=84.00
    clat percentiles (msec):
     |  1.00th=[ 1167],  5.00th=[ 1200], 10.00th=[ 1234], 20.00th=[ 1267],
     | 30.00th=[ 1284], 40.00th=[ 1301], 50.00th=[ 1318], 60.00th=[ 1334],
     | 70.00th=[ 1351], 80.00th=[ 1368], 90.00th=[ 1401], 95.00th=[ 1435],
     | 99.00th=[ 1485], 99.50th=[ 1502], 99.90th=[ 1519], 99.95th=[ 1519],
     | 99.99th=[ 1552]
   bw (  KiB/s): min=  288, max=  944, per=99.85%, avg=774.48, stdev=63.54, samples=597
   iops        : min=   72, max=  236, avg=193.57, stdev=15.89, samples=597
  lat (usec)   : 20=0.01%
  lat (msec)   : 10=0.01%, 20=0.01%, 50=0.01%, 100=0.02%, 250=0.05%
  lat (msec)   : 500=0.09%, 750=0.07%, 1000=0.07%, 2000=99.68%
  cpu          : usr=0.43%, sys=2.75%, ctx=58144, majf=0, minf=293
  IO depths    : 1=0.1%, 2=0.1%, 4=0.1%, 8=0.1%, 16=0.1%, 32=0.1%, >=64=99.9%
     submit    : 0=0.0%, 4=100.0%, 8=0.0%, 16=0.0%, 32=0.0%, 64=0.0%, >=64=0.0%
     complete  : 0=0.0%, 4=100.0%, 8=0.0%, 16=0.0%, 32=0.0%, 64=0.0%, >=64=0.1%
     issued rwts: total=58136,0,0,0 short=0,0,0,0 dropped=0,0,0,0
     latency   : target=0, window=0, percentile=100.00%, depth=256

Run status group 0 (all jobs):
   READ: bw=775KiB/s (794kB/s), 775KiB/s-775KiB/s (794kB/s-794kB/s), io=227MiB (238MB), run=300005-300005msec
