test: (g=0): rw=read, bs=(R) 4096B-4096B, (W) 4096B-4096B, (T) 4096B-4096B, ioengine=libaio, iodepth=256
...
fio-3.27
Starting 32 processes
seq-read: Laying out IO file (1 file / 1024MiB)
seq-read: Laying out IO file (1 file / 1024MiB)
seq-read: Laying out IO file (1 file / 1024MiB)
seq-read: Laying out IO file (1 file / 1024MiB)
seq-read: Laying out IO file (1 file / 1024MiB)
seq-read: Laying out IO file (1 file / 1024MiB)
seq-read: Laying out IO file (1 file / 1024MiB)
seq-read: Laying out IO file (1 file / 1024MiB)
seq-read: Laying out IO file (1 file / 1024MiB)
seq-read: Laying out IO file (1 file / 1024MiB)
seq-read: Laying out IO file (1 file / 1024MiB)
seq-read: Laying out IO file (1 file / 1024MiB)
seq-read: Laying out IO file (1 file / 1024MiB)
seq-read: Laying out IO file (1 file / 1024MiB)
seq-read: Laying out IO file (1 file / 1024MiB)
seq-read: Laying out IO file (1 file / 1024MiB)

test: (groupid=0, jobs=32): err= 0: pid=14264: Tue Jul 20 14:56:18 2021
  read: IOPS=38.5k, BW=150MiB/s (158MB/s)(44.1GiB/300211msec)
    slat (usec): min=10, max=540815, avg=819.65, stdev=5183.86
    clat (usec): min=13, max=18654k, avg=211768.38, stdev=1117509.43
     lat (msec): min=4, max=18684, avg=212.59, stdev=1121.76
    clat percentiles (msec):
     |  1.00th=[    5],  5.00th=[    5], 10.00th=[    5], 20.00th=[    5],
     | 30.00th=[    6], 40.00th=[    6], 50.00th=[    6], 60.00th=[    6],
     | 70.00th=[    6], 80.00th=[    6], 90.00th=[   26], 95.00th=[   40],
     | 99.00th=[ 5604], 99.50th=[ 8792], 99.90th=[12818], 99.95th=[13892],
     | 99.99th=[15771]
   bw (  KiB/s): min=  752, max=4499602, per=100.00%, avg=156306.49, stdev=23210.35, samples=19105
   iops        : min=  188, max=1124898, avg=39076.55, stdev=5802.58, samples=19105
  lat (usec)   : 20=0.01%, 50=0.01%
  lat (msec)   : 10=82.22%, 20=7.39%, 50=5.47%, 100=0.06%, 250=0.01%
  lat (msec)   : 500=0.01%, 750=0.02%, 1000=0.07%, 2000=1.14%, >=2000=3.61%
  cpu          : usr=1.14%, sys=3.62%, ctx=545664, majf=0, minf=9467
  IO depths    : 1=0.1%, 2=0.1%, 4=0.1%, 8=0.1%, 16=0.1%, 32=0.1%, >=64=100.0%
     submit    : 0=0.0%, 4=100.0%, 8=0.0%, 16=0.0%, 32=0.0%, 64=0.0%, >=64=0.0%
     complete  : 0=0.0%, 4=100.0%, 8=0.0%, 16=0.0%, 32=0.0%, 64=0.0%, >=64=0.1%
     issued rwts: total=11548655,0,0,0 short=0,0,0,0 dropped=0,0,0,0
     latency   : target=0, window=0, percentile=100.00%, depth=256

Run status group 0 (all jobs):
   READ: bw=150MiB/s (158MB/s), 150MiB/s-150MiB/s (158MB/s-158MB/s), io=44.1GiB (47.3GB), run=300211-300211msec
