readwrite: (g=0): rw=rw, bs=(R) 4096B-4096B, (W) 4096B-4096B, (T) 4096B-4096B, ioengine=libaio, iodepth=256
...
fio-3.27
Starting 4 processes
readwrite: Laying out IO file (1 file / 1024MiB)
readwrite: Laying out IO file (1 file / 1024MiB)

readwrite: (groupid=0, jobs=4): err= 0: pid=31263: Wed Jul 21 18:33:38 2021
  read: IOPS=23.2k, BW=90.7MiB/s (95.1MB/s)(26.6GiB/300010msec)
    slat (usec): min=7, max=249547, avg=74.91, stdev=1314.69
    clat (usec): min=16, max=4130.0k, avg=21986.37, stdev=89269.25
     lat (usec): min=103, max=4135.0k, avg=22062.05, stdev=89892.13
    clat percentiles (msec):
     |  1.00th=[   12],  5.00th=[   13], 10.00th=[   13], 20.00th=[   13],
     | 30.00th=[   14], 40.00th=[   14], 50.00th=[   14], 60.00th=[   14],
     | 70.00th=[   14], 80.00th=[   15], 90.00th=[   15], 95.00th=[   19],
     | 99.00th=[  309], 99.50th=[  567], 99.90th=[ 1401], 99.95th=[ 1821],
     | 99.99th=[ 2735]
   bw (  KiB/s): min=  136, max=164224, per=100.00%, avg=93946.58, stdev=12174.95, samples=2375
   iops        : min=   34, max=41054, avg=23486.66, stdev=3043.74, samples=2375
  write: IOPS=23.2k, BW=90.6MiB/s (95.0MB/s)(26.6GiB/300010msec); 0 zone resets
    slat (usec): min=68, max=84067, avg=75.77, stdev=42.59
    clat (usec): min=11, max=4134.0k, avg=21966.34, stdev=89311.29
     lat (usec): min=83, max=4134.0k, avg=22043.21, stdev=89312.89
    clat percentiles (msec):
     |  1.00th=[   12],  5.00th=[   13], 10.00th=[   13], 20.00th=[   13],
     | 30.00th=[   14], 40.00th=[   14], 50.00th=[   14], 60.00th=[   14],
     | 70.00th=[   14], 80.00th=[   15], 90.00th=[   15], 95.00th=[   18],
     | 99.00th=[  309], 99.50th=[  567], 99.90th=[ 1368], 99.95th=[ 1821],
     | 99.99th=[ 2735]
   bw (  KiB/s): min=   80, max=162536, per=100.00%, avg=93798.93, stdev=12179.01, samples=2377
   iops        : min=   20, max=40634, avg=23449.73, stdev=3044.75, samples=2377
  lat (usec)   : 20=0.01%, 50=0.01%, 100=0.01%, 250=0.01%, 500=0.01%
  lat (usec)   : 750=0.01%, 1000=0.01%
  lat (msec)   : 2=0.01%, 4=0.01%, 10=0.01%, 20=96.25%, 50=2.35%
  lat (msec)   : 100=0.08%, 250=0.16%, 500=0.57%, 750=0.25%, 1000=0.16%
  lat (msec)   : 2000=0.16%, >=2000=0.03%
  cpu          : usr=11.22%, sys=55.27%, ctx=85483, majf=0, minf=176
  IO depths    : 1=0.1%, 2=0.1%, 4=0.1%, 8=0.1%, 16=0.1%, 32=0.1%, >=64=100.0%
     submit    : 0=0.0%, 4=100.0%, 8=0.0%, 16=0.0%, 32=0.0%, 64=0.0%, >=64=0.0%
     complete  : 0=0.0%, 4=100.0%, 8=0.0%, 16=0.0%, 32=0.0%, 64=0.0%, >=64=0.1%
     issued rwts: total=6964944,6960771,0,0 short=0,0,0,0 dropped=0,0,0,0
     latency   : target=0, window=0, percentile=100.00%, depth=256

Run status group 0 (all jobs):
   READ: bw=90.7MiB/s (95.1MB/s), 90.7MiB/s-90.7MiB/s (95.1MB/s-95.1MB/s), io=26.6GiB (28.5GB), run=300010-300010msec
  WRITE: bw=90.6MiB/s (95.0MB/s), 90.6MiB/s-90.6MiB/s (95.0MB/s-95.0MB/s), io=26.6GiB (28.5GB), run=300010-300010msec
