readwrite: (g=0): rw=rw, bs=(R) 4096B-4096B, (W) 4096B-4096B, (T) 4096B-4096B, ioengine=libaio, iodepth=256
...
fio-3.27
Starting 32 processes
readwrite: Laying out IO file (1 file / 1024MiB)
readwrite: Laying out IO file (1 file / 1024MiB)
readwrite: Laying out IO file (1 file / 1024MiB)
readwrite: Laying out IO file (1 file / 1024MiB)
readwrite: Laying out IO file (1 file / 1024MiB)
readwrite: Laying out IO file (1 file / 1024MiB)
readwrite: Laying out IO file (1 file / 1024MiB)
readwrite: Laying out IO file (1 file / 1024MiB)
readwrite: Laying out IO file (1 file / 1024MiB)
readwrite: Laying out IO file (1 file / 1024MiB)
readwrite: Laying out IO file (1 file / 1024MiB)
readwrite: Laying out IO file (1 file / 1024MiB)
readwrite: Laying out IO file (1 file / 1024MiB)
readwrite: Laying out IO file (1 file / 1024MiB)
readwrite: Laying out IO file (1 file / 1024MiB)
readwrite: Laying out IO file (1 file / 1024MiB)

readwrite: (groupid=0, jobs=32): err= 0: pid=121855: Wed Jul 21 19:59:28 2021
  read: IOPS=20.6k, BW=80.3MiB/s (84.3MB/s)(23.5GiB/300052msec)
    slat (usec): min=7, max=2728.4k, avg=1454.48, stdev=18015.44
    clat (usec): min=10, max=46454k, avg=198681.86, stdev=1761696.92
     lat (usec): min=21, max=46608k, avg=200137.10, stdev=1774350.77
    clat percentiles (msec):
     |  1.00th=[   12],  5.00th=[   13], 10.00th=[   13], 20.00th=[   14],
     | 30.00th=[   14], 40.00th=[   14], 50.00th=[   14], 60.00th=[   14],
     | 70.00th=[   15], 80.00th=[   15], 90.00th=[   16], 95.00th=[   19],
     | 99.00th=[ 8926], 99.50th=[15234], 99.90th=[17113], 99.95th=[17113],
     | 99.99th=[17113]
   bw (  KiB/s): min=  256, max=643871, per=100.00%, avg=89240.89, stdev=7802.96, samples=16916
   iops        : min=   64, max=160967, avg=22310.14, stdev=1950.73, samples=16916
  write: IOPS=20.6k, BW=80.3MiB/s (84.2MB/s)(23.5GiB/300052msec); 0 zone resets
    slat (usec): min=68, max=388256, avg=80.23, stdev=260.22
    clat (usec): min=11, max=46449k, avg=193937.32, stdev=1739811.41
     lat (usec): min=89, max=46449k, avg=194018.65, stdev=1739814.46
    clat percentiles (msec):
     |  1.00th=[   12],  5.00th=[   13], 10.00th=[   13], 20.00th=[   14],
     | 30.00th=[   14], 40.00th=[   14], 50.00th=[   14], 60.00th=[   14],
     | 70.00th=[   15], 80.00th=[   15], 90.00th=[   16], 95.00th=[   19],
     | 99.00th=[ 8557], 99.50th=[14966], 99.90th=[17113], 99.95th=[17113],
     | 99.99th=[17113]
   bw (  KiB/s): min=  256, max=642674, per=100.00%, avg=89472.74, stdev=7806.54, samples=16866
   iops        : min=   64, max=160667, avg=22368.07, stdev=1951.63, samples=16866
  lat (usec)   : 20=0.01%, 50=0.01%, 100=0.01%, 250=0.01%, 500=0.01%
  lat (usec)   : 750=0.01%, 1000=0.01%
  lat (msec)   : 2=0.01%, 4=0.01%, 10=0.01%, 20=97.01%, 50=1.24%
  lat (msec)   : 100=0.12%, 250=0.06%, 500=0.06%, 750=0.05%, 1000=0.05%
  lat (msec)   : 2000=0.08%, >=2000=1.33%
  cpu          : usr=1.22%, sys=6.26%, ctx=76163, majf=0, minf=1429
  IO depths    : 1=0.1%, 2=0.1%, 4=0.1%, 8=0.1%, 16=0.1%, 32=0.1%, >=64=100.0%
     submit    : 0=0.0%, 4=100.0%, 8=0.0%, 16=0.0%, 32=0.0%, 64=0.0%, >=64=0.0%
     complete  : 0=0.0%, 4=100.0%, 8=0.0%, 16=0.0%, 32=0.0%, 64=0.0%, >=64=0.1%
     issued rwts: total=6171988,6171581,0,0 short=0,0,0,0 dropped=0,0,0,0
     latency   : target=0, window=0, percentile=100.00%, depth=256

Run status group 0 (all jobs):
   READ: bw=80.3MiB/s (84.3MB/s), 80.3MiB/s-80.3MiB/s (84.3MB/s-84.3MB/s), io=23.5GiB (25.3GB), run=300052-300052msec
  WRITE: bw=80.3MiB/s (84.2MB/s), 80.3MiB/s-80.3MiB/s (84.2MB/s-84.2MB/s), io=23.5GiB (25.3GB), run=300052-300052msec
