test: (g=0): rw=read, bs=(R) 4096B-4096B, (W) 4096B-4096B, (T) 4096B-4096B, ioengine=libaio, iodepth=256
...
fio-3.27
Starting 2 processes
seq-read: Laying out IO file (1 file / 1024MiB)

test: (groupid=0, jobs=2): err= 0: pid=218703: Tue Jul 20 14:24:35 2021
  read: IOPS=32.4k, BW=127MiB/s (133MB/s)(37.1GiB/300014msec)
    slat (usec): min=10, max=253624, avg=50.46, stdev=747.68
    clat (usec): min=25, max=5558.6k, avg=15718.53, stdev=107387.89
     lat (msec): min=4, max=5572, avg=15.77, stdev=107.74
    clat percentiles (msec):
     |  1.00th=[    5],  5.00th=[    5], 10.00th=[    5], 20.00th=[    5],
     | 30.00th=[    5], 40.00th=[    5], 50.00th=[    5], 60.00th=[    5],
     | 70.00th=[    6], 80.00th=[    6], 90.00th=[   16], 95.00th=[   26],
     | 99.00th=[  167], 99.50th=[  693], 99.90th=[ 1737], 99.95th=[ 2165],
     | 99.99th=[ 2735]
   bw (  KiB/s): min=   64, max=330072, per=100.00%, avg=135315.70, stdev=38341.32, samples=1173
   iops        : min=   16, max=82518, avg=33828.76, stdev=9585.32, samples=1173
  lat (usec)   : 50=0.01%
  lat (msec)   : 10=87.77%, 20=5.31%, 50=5.80%, 100=0.07%, 250=0.13%
  lat (msec)   : 500=0.17%, 750=0.30%, 1000=0.15%, 2000=0.23%, >=2000=0.07%
  cpu          : usr=13.67%, sys=36.95%, ctx=92584, majf=0, minf=590
  IO depths    : 1=0.1%, 2=0.1%, 4=0.1%, 8=0.1%, 16=0.1%, 32=0.1%, >=64=100.0%
     submit    : 0=0.0%, 4=100.0%, 8=0.0%, 16=0.0%, 32=0.0%, 64=0.0%, >=64=0.0%
     complete  : 0=0.0%, 4=100.0%, 8=0.0%, 16=0.0%, 32=0.0%, 64=0.0%, >=64=0.1%
     issued rwts: total=9732172,0,0,0 short=0,0,0,0 dropped=0,0,0,0
     latency   : target=0, window=0, percentile=100.00%, depth=256

Run status group 0 (all jobs):
   READ: bw=127MiB/s (133MB/s), 127MiB/s-127MiB/s (133MB/s-133MB/s), io=37.1GiB (39.9GB), run=300014-300014msec
