test: (g=0): rw=read, bs=(R) 4096B-4096B, (W) 4096B-4096B, (T) 4096B-4096B, ioengine=libaio, iodepth=256
...
fio-3.27
Starting 16 processes

test: (groupid=0, jobs=16): err= 0: pid=260226: Fri Jul 16 04:05:16 2021
  read: IOPS=32.6k, BW=127MiB/s (134MB/s)(37.3GiB/300007msec)
    slat (usec): min=10, max=320786, avg=478.89, stdev=3061.23
    clat (usec): min=10, max=14953k, avg=124754.25, stdev=607352.01
     lat (usec): min=21, max=14988k, avg=125234.02, stdev=609673.35
    clat percentiles (msec):
     |  1.00th=[    5],  5.00th=[    5], 10.00th=[    5], 20.00th=[    5],
     | 30.00th=[    5], 40.00th=[    5], 50.00th=[    5], 60.00th=[    5],
     | 70.00th=[    6], 80.00th=[    6], 90.00th=[   26], 95.00th=[   54],
     | 99.00th=[ 2903], 99.50th=[ 4396], 99.90th=[ 6879], 99.95th=[ 7886],
     | 99.99th=[10000]
   bw (  KiB/s): min=  680, max=1815448, per=100.00%, avg=134259.27, stdev=21868.88, samples=9526
   iops        : min=  170, max=453862, avg=33564.79, stdev=5467.22, samples=9526
  lat (usec)   : 20=0.01%, 50=0.01%, 100=0.01%, 250=0.01%, 500=0.01%
  lat (usec)   : 750=0.01%, 1000=0.01%
  lat (msec)   : 2=0.01%, 4=0.01%, 10=83.16%, 20=6.30%, 50=5.51%
  lat (msec)   : 100=0.05%, 250=0.01%, 500=0.01%, 750=0.01%, 1000=0.09%
  lat (msec)   : 2000=3.05%, >=2000=1.82%
  cpu          : usr=1.87%, sys=5.82%, ctx=476684, majf=0, minf=4727
  IO depths    : 1=0.1%, 2=0.1%, 4=0.1%, 8=0.1%, 16=0.1%, 32=0.1%, >=64=100.0%
     submit    : 0=0.0%, 4=100.0%, 8=0.0%, 16=0.0%, 32=0.0%, 64=0.0%, >=64=0.0%
     complete  : 0=0.0%, 4=100.0%, 8=0.0%, 16=0.0%, 32=0.0%, 64=0.0%, >=64=0.1%
     issued rwts: total=9790763,0,0,0 short=0,0,0,0 dropped=0,0,0,0
     latency   : target=0, window=0, percentile=100.00%, depth=256

Run status group 0 (all jobs):
   READ: bw=127MiB/s (134MB/s), 127MiB/s-127MiB/s (134MB/s-134MB/s), io=37.3GiB (40.1GB), run=300007-300007msec
