test: (g=0): rw=read, bs=(R) 4096B-4096B, (W) 4096B-4096B, (T) 4096B-4096B, ioengine=libaio, iodepth=256
...
fio-3.27
Starting 8 processes
seq-read: Laying out IO file (1 file / 1024MiB)
seq-read: Laying out IO file (1 file / 1024MiB)
seq-read: Laying out IO file (1 file / 1024MiB)
seq-read: Laying out IO file (1 file / 1024MiB)

test: (groupid=0, jobs=8): err= 0: pid=36426: Tue Jul 20 15:40:03 2021
  read: IOPS=25.1k, BW=98.2MiB/s (103MB/s)(28.8GiB/300232msec)
    slat (usec): min=10, max=478901, avg=305.29, stdev=3529.02
    clat (usec): min=15, max=34999k, avg=81026.83, stdev=772311.19
     lat (usec): min=838, max=35143k, avg=81333.12, stdev=775187.54
    clat percentiles (msec):
     |  1.00th=[    5],  5.00th=[    5], 10.00th=[    5], 20.00th=[    6],
     | 30.00th=[    6], 40.00th=[    6], 50.00th=[    6], 60.00th=[    6],
     | 70.00th=[   12], 80.00th=[   17], 90.00th=[   28], 95.00th=[  567],
     | 99.00th=[ 1284], 99.50th=[ 1552], 99.90th=[ 8288], 99.95th=[17113],
     | 99.99th=[17113]
   bw (  KiB/s): min=  176, max=1109688, per=100.00%, avg=103807.15, stdev=24082.18, samples=4765
   iops        : min=   44, max=277422, avg=25951.17, stdev=6020.54, samples=4765
  lat (usec)   : 20=0.01%, 50=0.01%, 1000=0.01%
  lat (msec)   : 2=0.01%, 4=0.01%, 10=69.58%, 20=19.63%, 50=4.82%
  lat (msec)   : 100=0.23%, 250=0.07%, 500=0.06%, 750=2.91%, 1000=0.84%
  lat (msec)   : 2000=1.65%, >=2000=0.21%
  cpu          : usr=3.12%, sys=11.84%, ctx=419889, majf=0, minf=2369
  IO depths    : 1=0.1%, 2=0.1%, 4=0.1%, 8=0.1%, 16=0.1%, 32=0.1%, >=64=100.0%
     submit    : 0=0.0%, 4=100.0%, 8=0.0%, 16=0.0%, 32=0.0%, 64=0.0%, >=64=0.0%
     complete  : 0=0.0%, 4=100.0%, 8=0.0%, 16=0.0%, 32=0.0%, 64=0.0%, >=64=0.1%
     issued rwts: total=7549061,0,0,0 short=0,0,0,0 dropped=0,0,0,0
     latency   : target=0, window=0, percentile=100.00%, depth=256

Run status group 0 (all jobs):
   READ: bw=98.2MiB/s (103MB/s), 98.2MiB/s-98.2MiB/s (103MB/s-103MB/s), io=28.8GiB (30.9GB), run=300232-300232msec
