test: (g=0): rw=read, bs=(R) 4096B-4096B, (W) 4096B-4096B, (T) 4096B-4096B, ioengine=libaio, iodepth=256
fio-3.27
Starting 1 process

test: (groupid=0, jobs=1): err= 0: pid=252299: Fri Jul 16 03:59:46 2021
  read: IOPS=33.2k, BW=130MiB/s (136MB/s)(38.0GiB/300001msec)
    slat (usec): min=10, max=101235, avg=19.02, stdev=340.52
    clat (usec): min=11, max=1006.4k, avg=7680.97, stdev=28707.48
     lat (usec): min=64, max=1006.5k, avg=7700.78, stdev=28713.22
    clat percentiles (msec):
     |  1.00th=[    5],  5.00th=[    5], 10.00th=[    5], 20.00th=[    5],
     | 30.00th=[    5], 40.00th=[    5], 50.00th=[    5], 60.00th=[    6],
     | 70.00th=[    6], 80.00th=[    6], 90.00th=[   16], 95.00th=[   26],
     | 99.00th=[   27], 99.50th=[   27], 99.90th=[  190], 99.95th=[  911],
     | 99.99th=[  944]
   bw (  KiB/s): min=   16, max=165208, per=100.00%, avg=138023.45, stdev=48643.57, samples=577
   iops        : min=    4, max=41302, avg=34505.85, stdev=12160.90, samples=577
  lat (usec)   : 20=0.01%, 100=0.01%, 250=0.01%, 500=0.01%, 750=0.01%
  lat (usec)   : 1000=0.01%
  lat (msec)   : 2=0.01%, 4=0.01%, 10=89.22%, 20=4.69%, 50=5.91%
  lat (msec)   : 100=0.02%, 250=0.06%, 1000=0.09%, 2000=0.01%
  cpu          : usr=27.45%, sys=70.96%, ctx=7491, majf=0, minf=294
  IO depths    : 1=0.1%, 2=0.1%, 4=0.1%, 8=0.1%, 16=0.1%, 32=0.1%, >=64=100.0%
     submit    : 0=0.0%, 4=100.0%, 8=0.0%, 16=0.0%, 32=0.0%, 64=0.0%, >=64=0.0%
     complete  : 0=0.0%, 4=100.0%, 8=0.0%, 16=0.0%, 32=0.0%, 64=0.0%, >=64=0.1%
     issued rwts: total=9959720,0,0,0 short=0,0,0,0 dropped=0,0,0,0
     latency   : target=0, window=0, percentile=100.00%, depth=256

Run status group 0 (all jobs):
   READ: bw=130MiB/s (136MB/s), 130MiB/s-130MiB/s (136MB/s-136MB/s), io=38.0GiB (40.8GB), run=300001-300001msec
