readwrite: (g=0): rw=rw, bs=(R) 4096B-4096B, (W) 4096B-4096B, (T) 4096B-4096B, ioengine=libaio, iodepth=256
...
fio-3.27
Starting 32 processes
readwrite: Laying out IO file (1 file / 1024MiB)
readwrite: Laying out IO file (1 file / 1024MiB)
readwrite: Laying out IO file (1 file / 1024MiB)
readwrite: Laying out IO file (1 file / 1024MiB)
readwrite: Laying out IO file (1 file / 1024MiB)
readwrite: Laying out IO file (1 file / 1024MiB)
readwrite: Laying out IO file (1 file / 1024MiB)
readwrite: Laying out IO file (1 file / 1024MiB)
readwrite: Laying out IO file (1 file / 1024MiB)
readwrite: Laying out IO file (1 file / 1024MiB)
readwrite: Laying out IO file (1 file / 1024MiB)
readwrite: Laying out IO file (1 file / 1024MiB)
readwrite: Laying out IO file (1 file / 1024MiB)
readwrite: Laying out IO file (1 file / 1024MiB)
readwrite: Laying out IO file (1 file / 1024MiB)
readwrite: Laying out IO file (1 file / 1024MiB)

readwrite: (groupid=0, jobs=32): err= 0: pid=84143: Wed Jul 21 19:59:27 2021
  read: IOPS=22.1k, BW=86.2MiB/s (90.4MB/s)(25.3GiB/300097msec)
    slat (usec): min=7, max=2564.5k, avg=1347.49, stdev=17463.54
    clat (usec): min=10, max=44518k, avg=187288.80, stdev=1702429.84
     lat (usec): min=21, max=44670k, avg=188637.03, stdev=1714560.26
    clat percentiles (msec):
     |  1.00th=[   12],  5.00th=[   13], 10.00th=[   13], 20.00th=[   14],
     | 30.00th=[   14], 40.00th=[   14], 50.00th=[   14], 60.00th=[   15],
     | 70.00th=[   15], 80.00th=[   15], 90.00th=[   16], 95.00th=[   19],
     | 99.00th=[ 8020], 99.50th=[14697], 99.90th=[17113], 99.95th=[17113],
     | 99.99th=[17113]
   bw (  KiB/s): min=  256, max=684835, per=100.00%, avg=95515.64, stdev=8272.02, samples=17407
   iops        : min=   64, max=171208, avg=23878.66, stdev=2067.99, samples=17407
  write: IOPS=22.1k, BW=86.2MiB/s (90.4MB/s)(25.3GiB/300097msec); 0 zone resets
    slat (usec): min=68, max=842613, avg=81.30, stdev=553.92
    clat (usec): min=30, max=44518k, avg=182202.77, stdev=1679747.84
     lat (usec): min=109, max=44518k, avg=182285.17, stdev=1679750.67
    clat percentiles (msec):
     |  1.00th=[   12],  5.00th=[   13], 10.00th=[   13], 20.00th=[   14],
     | 30.00th=[   14], 40.00th=[   14], 50.00th=[   14], 60.00th=[   15],
     | 70.00th=[   15], 80.00th=[   15], 90.00th=[   16], 95.00th=[   19],
     | 99.00th=[ 7550], 99.50th=[14295], 99.90th=[17113], 99.95th=[17113],
     | 99.99th=[17113]
   bw (  KiB/s): min=  256, max=683303, per=100.00%, avg=95250.05, stdev=8307.48, samples=17306
   iops        : min=   64, max=170825, avg=23812.26, stdev=2076.85, samples=17306
  lat (usec)   : 20=0.01%, 50=0.01%, 250=0.01%, 500=0.01%, 750=0.01%
  lat (usec)   : 1000=0.01%
  lat (msec)   : 2=0.01%, 4=0.01%, 10=0.01%, 20=97.43%, 50=0.92%
  lat (msec)   : 100=0.09%, 250=0.06%, 500=0.06%, 750=0.05%, 1000=0.06%
  lat (msec)   : 2000=0.07%, >=2000=1.24%
  cpu          : usr=1.30%, sys=6.70%, ctx=77300, majf=0, minf=1417
  IO depths    : 1=0.1%, 2=0.1%, 4=0.1%, 8=0.1%, 16=0.1%, 32=0.1%, >=64=100.0%
     submit    : 0=0.0%, 4=100.0%, 8=0.0%, 16=0.0%, 32=0.0%, 64=0.0%, >=64=0.0%
     complete  : 0=0.0%, 4=100.0%, 8=0.0%, 16=0.0%, 32=0.0%, 64=0.0%, >=64=0.1%
     issued rwts: total=6623338,6623112,0,0 short=0,0,0,0 dropped=0,0,0,0
     latency   : target=0, window=0, percentile=100.00%, depth=256

Run status group 0 (all jobs):
   READ: bw=86.2MiB/s (90.4MB/s), 86.2MiB/s-86.2MiB/s (90.4MB/s-90.4MB/s), io=25.3GiB (27.1GB), run=300097-300097msec
  WRITE: bw=86.2MiB/s (90.4MB/s), 86.2MiB/s-86.2MiB/s (90.4MB/s-90.4MB/s), io=25.3GiB (27.1GB), run=300097-300097msec
