test: (g=0): rw=randread, bs=(R) 4096B-4096B, (W) 4096B-4096B, (T) 4096B-4096B, ioengine=libaio, iodepth=256
...
fio-3.27
Starting 4 processes
rand-read: Laying out IO file (1 file / 1024MiB)
rand-read: Laying out IO file (1 file / 1024MiB)

test: (groupid=0, jobs=4): err= 0: pid=201065: Mon Jul 19 22:00:57 2021
  read: IOPS=478, BW=1912KiB/s (1958kB/s)(560MiB/300011msec)
    slat (usec): min=467, max=100270, avg=8343.45, stdev=5954.79
    clat (usec): min=15, max=2554.6k, avg=2125968.51, stdev=144546.17
     lat (msec): min=4, max=2569, avg=2134.31, stdev=144.70
    clat percentiles (msec):
     |  1.00th=[ 1871],  5.00th=[ 1972], 10.00th=[ 2005], 20.00th=[ 2056],
     | 30.00th=[ 2089], 40.00th=[ 2106], 50.00th=[ 2140], 60.00th=[ 2165],
     | 70.00th=[ 2198], 80.00th=[ 2232], 90.00th=[ 2265], 95.00th=[ 2299],
     | 99.00th=[ 2366], 99.50th=[ 2400], 99.90th=[ 2500], 99.95th=[ 2500],
     | 99.99th=[ 2534]
   bw (  KiB/s): min= 1296, max= 2496, per=100.00%, avg=1913.22, stdev=45.14, samples=2380
   iops        : min=  324, max=  624, avg=478.30, stdev=11.28, samples=2380
  lat (usec)   : 20=0.01%, 50=0.01%
  lat (msec)   : 10=0.01%, 20=0.01%, 50=0.01%, 100=0.01%, 250=0.05%
  lat (msec)   : 500=0.09%, 750=0.08%, 1000=0.08%, 2000=9.09%, >=2000=90.56%
  cpu          : usr=0.30%, sys=1.96%, ctx=143486, majf=0, minf=1181
  IO depths    : 1=0.1%, 2=0.1%, 4=0.1%, 8=0.1%, 16=0.1%, 32=0.1%, >=64=99.8%
     submit    : 0=0.0%, 4=100.0%, 8=0.0%, 16=0.0%, 32=0.0%, 64=0.0%, >=64=0.0%
     complete  : 0=0.0%, 4=100.0%, 8=0.0%, 16=0.0%, 32=0.0%, 64=0.0%, >=64=0.1%
     issued rwts: total=143438,0,0,0 short=0,0,0,0 dropped=0,0,0,0
     latency   : target=0, window=0, percentile=100.00%, depth=256

Run status group 0 (all jobs):
   READ: bw=1912KiB/s (1958kB/s), 1912KiB/s-1912KiB/s (1958kB/s-1958kB/s), io=560MiB (588MB), run=300011-300011msec
