test: (g=0): rw=randread, bs=(R) 4096B-4096B, (W) 4096B-4096B, (T) 4096B-4096B, ioengine=libaio, iodepth=256
...
fio-3.27
Starting 2 processes
rand-read: Laying out IO file (1 file / 1024MiB)

test: (groupid=0, jobs=2): err= 0: pid=152602: Mon Jul 19 19:33:08 2021
  read: IOPS=176, BW=704KiB/s (721kB/s)(206MiB/300005msec)
    slat (usec): min=452, max=126057, avg=11340.20, stdev=10739.70
    clat (usec): min=12, max=5981.0k, avg=2873617.05, stdev=1487646.24
     lat (msec): min=9, max=6010, avg=2884.96, stdev=1493.40
    clat percentiles (msec):
     |  1.00th=[ 1469],  5.00th=[ 1620], 10.00th=[ 1703], 20.00th=[ 1804],
     | 30.00th=[ 1888], 40.00th=[ 1938], 50.00th=[ 1989], 60.00th=[ 2056],
     | 70.00th=[ 4530], 80.00th=[ 4933], 90.00th=[ 5201], 95.00th=[ 5336],
     | 99.00th=[ 5604], 99.50th=[ 5671], 99.90th=[ 5873], 99.95th=[ 5940],
     | 99.99th=[ 5940]
   bw (  KiB/s): min=  136, max= 1432, per=100.00%, avg=708.27, stdev=174.51, samples=1179
   iops        : min=   34, max=  358, avg=177.03, stdev=43.60, samples=1179
  lat (usec)   : 20=0.01%
  lat (msec)   : 10=0.01%, 20=0.01%, 50=0.02%, 100=0.02%, 250=0.09%
  lat (msec)   : 500=0.13%, 750=0.16%, 1000=0.12%, 2000=50.56%, >=2000=48.89%
  cpu          : usr=0.22%, sys=1.38%, ctx=52828, majf=0, minf=589
  IO depths    : 1=0.1%, 2=0.1%, 4=0.1%, 8=0.1%, 16=0.1%, 32=0.1%, >=64=99.8%
     submit    : 0=0.0%, 4=100.0%, 8=0.0%, 16=0.0%, 32=0.0%, 64=0.0%, >=64=0.0%
     complete  : 0=0.0%, 4=100.0%, 8=0.0%, 16=0.0%, 32=0.0%, 64=0.0%, >=64=0.1%
     issued rwts: total=52810,0,0,0 short=0,0,0,0 dropped=0,0,0,0
     latency   : target=0, window=0, percentile=100.00%, depth=256

Run status group 0 (all jobs):
   READ: bw=704KiB/s (721kB/s), 704KiB/s-704KiB/s (721kB/s-721kB/s), io=206MiB (216MB), run=300005-300005msec
