readwrite: (g=0): rw=rw, bs=(R) 4096B-4096B, (W) 4096B-4096B, (T) 4096B-4096B, ioengine=libaio, iodepth=256
...
fio-3.27
Starting 8 processes
readwrite: Laying out IO file (1 file / 1024MiB)
readwrite: Laying out IO file (1 file / 1024MiB)
readwrite: Laying out IO file (1 file / 1024MiB)
readwrite: Laying out IO file (1 file / 1024MiB)

readwrite: (groupid=0, jobs=8): err= 0: pid=171545: Wed Jul 21 16:53:46 2021
  read: IOPS=28.9k, BW=113MiB/s (119MB/s)(33.1GiB/300017msec)
    slat (usec): min=7, max=1218.2k, avg=167.23, stdev=2498.72
    clat (usec): min=11, max=7535.0k, avg=35195.62, stdev=140155.28
     lat (usec): min=21, max=7536.4k, avg=35363.66, stdev=141047.41
    clat percentiles (msec):
     |  1.00th=[   13],  5.00th=[   13], 10.00th=[   13], 20.00th=[   14],
     | 30.00th=[   14], 40.00th=[   14], 50.00th=[   14], 60.00th=[   15],
     | 70.00th=[   15], 80.00th=[   15], 90.00th=[   19], 95.00th=[   23],
     | 99.00th=[  701], 99.50th=[  986], 99.90th=[ 1670], 99.95th=[ 2089],
     | 99.99th=[ 3507]
   bw (  KiB/s): min=  240, max=307528, per=100.00%, avg=116737.42, stdev=13815.54, samples=4760
   iops        : min=   60, max=76882, avg=29184.36, stdev=3453.89, samples=4760
  write: IOPS=28.9k, BW=113MiB/s (119MB/s)(33.1GiB/300017msec); 0 zone resets
    slat (usec): min=68, max=826881, avg=87.47, stdev=1269.18
    clat (usec): min=11, max=7533.2k, avg=35168.28, stdev=140109.03
     lat (usec): min=95, max=7533.4k, avg=35256.87, stdev=140195.46
    clat percentiles (msec):
     |  1.00th=[   13],  5.00th=[   13], 10.00th=[   13], 20.00th=[   14],
     | 30.00th=[   14], 40.00th=[   14], 50.00th=[   14], 60.00th=[   15],
     | 70.00th=[   15], 80.00th=[   15], 90.00th=[   19], 95.00th=[   23],
     | 99.00th=[  701], 99.50th=[  986], 99.90th=[ 1670], 99.95th=[ 2089],
     | 99.99th=[ 3540]
   bw (  KiB/s): min=  256, max=306048, per=100.00%, avg=116851.51, stdev=13802.82, samples=4757
   iops        : min=   64, max=76512, avg=29212.87, stdev=3450.70, samples=4757
  lat (usec)   : 20=0.01%, 50=0.01%, 250=0.01%, 500=0.01%, 750=0.01%
  lat (usec)   : 1000=0.01%
  lat (msec)   : 2=0.01%, 4=0.01%, 10=0.01%, 20=94.27%, 50=2.11%
  lat (msec)   : 100=0.11%, 250=0.52%, 500=1.37%, 750=0.73%, 1000=0.40%
  lat (msec)   : 2000=0.43%, >=2000=0.06%
  cpu          : usr=7.11%, sys=36.94%, ctx=264352, majf=0, minf=357
  IO depths    : 1=0.1%, 2=0.1%, 4=0.1%, 8=0.1%, 16=0.1%, 32=0.1%, >=64=100.0%
     submit    : 0=0.0%, 4=100.0%, 8=0.0%, 16=0.0%, 32=0.0%, 64=0.0%, >=64=0.0%
     complete  : 0=0.0%, 4=100.0%, 8=0.0%, 16=0.0%, 32=0.0%, 64=0.0%, >=64=0.1%
     issued rwts: total=8682976,8683196,0,0 short=0,0,0,0 dropped=0,0,0,0
     latency   : target=0, window=0, percentile=100.00%, depth=256

Run status group 0 (all jobs):
   READ: bw=113MiB/s (119MB/s), 113MiB/s-113MiB/s (119MB/s-119MB/s), io=33.1GiB (35.6GB), run=300017-300017msec
  WRITE: bw=113MiB/s (119MB/s), 113MiB/s-113MiB/s (119MB/s-119MB/s), io=33.1GiB (35.6GB), run=300017-300017msec
