test: (g=0): rw=read, bs=(R) 4096B-4096B, (W) 4096B-4096B, (T) 4096B-4096B, ioengine=libaio, iodepth=256
fio-3.27
Starting 1 process
test: Laying out IO file (1 file / 1024MiB)

test: (groupid=0, jobs=1): err= 0: pid=259359: Tue Jul 20 14:19:00 2021
  read: IOPS=32.5k, BW=127MiB/s (133MB/s)(37.2GiB/300001msec)
    slat (usec): min=10, max=162419, avg=19.63, stdev=380.17
    clat (usec): min=10, max=1149.7k, avg=7851.37, stdev=31346.49
     lat (usec): min=21, max=1149.8k, avg=7871.78, stdev=31356.87
    clat percentiles (msec):
     |  1.00th=[    5],  5.00th=[    5], 10.00th=[    5], 20.00th=[    5],
     | 30.00th=[    5], 40.00th=[    5], 50.00th=[    5], 60.00th=[    5],
     | 70.00th=[    6], 80.00th=[    6], 90.00th=[   16], 95.00th=[   26],
     | 99.00th=[   27], 99.50th=[   27], 99.90th=[  447], 99.95th=[  936],
     | 99.99th=[ 1083]
   bw (  KiB/s): min=    8, max=165824, per=100.00%, avg=135828.23, stdev=50969.41, samples=573
   iops        : min=    2, max=41458, avg=33957.06, stdev=12742.35, samples=573
  lat (usec)   : 20=0.01%, 50=0.01%, 100=0.01%, 250=0.01%, 500=0.01%
  lat (usec)   : 750=0.01%, 1000=0.01%
  lat (msec)   : 2=0.01%, 4=0.01%, 10=89.09%, 20=4.80%, 50=5.89%
  lat (msec)   : 100=0.04%, 250=0.05%, 500=0.02%, 750=0.01%, 1000=0.06%
  lat (msec)   : 2000=0.03%
  cpu          : usr=27.02%, sys=69.78%, ctx=7557, majf=0, minf=294
  IO depths    : 1=0.1%, 2=0.1%, 4=0.1%, 8=0.1%, 16=0.1%, 32=0.1%, >=64=100.0%
     submit    : 0=0.0%, 4=100.0%, 8=0.0%, 16=0.0%, 32=0.0%, 64=0.0%, >=64=0.0%
     complete  : 0=0.0%, 4=100.0%, 8=0.0%, 16=0.0%, 32=0.0%, 64=0.0%, >=64=0.1%
     issued rwts: total=9741134,0,0,0 short=0,0,0,0 dropped=0,0,0,0
     latency   : target=0, window=0, percentile=100.00%, depth=256

Run status group 0 (all jobs):
   READ: bw=127MiB/s (133MB/s), 127MiB/s-127MiB/s (133MB/s-133MB/s), io=37.2GiB (39.9GB), run=300001-300001msec
