test: (g=0): rw=randread, bs=(R) 4096B-4096B, (W) 4096B-4096B, (T) 4096B-4096B, ioengine=libaio, iodepth=256
fio-3.27
Starting 1 process
test: Laying out IO file (1 file / 1024MiB)

test: (groupid=0, jobs=1): err= 0: pid=146537: Tue Jul 20 11:05:15 2021
  read: IOPS=170, BW=683KiB/s (699kB/s)(200MiB/300010msec)
    slat (usec): min=464, max=76440, avg=5836.04, stdev=4292.05
    clat (usec): min=13, max=1766.9k, avg=1489284.55, stdev=94322.11
     lat (msec): min=12, max=1772, avg=1495.12, stdev=94.43
    clat percentiles (msec):
     |  1.00th=[ 1318],  5.00th=[ 1385], 10.00th=[ 1401], 20.00th=[ 1435],
     | 30.00th=[ 1452], 40.00th=[ 1469], 50.00th=[ 1485], 60.00th=[ 1502],
     | 70.00th=[ 1519], 80.00th=[ 1552], 90.00th=[ 1603], 95.00th=[ 1620],
     | 99.00th=[ 1687], 99.50th=[ 1703], 99.90th=[ 1737], 99.95th=[ 1754],
     | 99.99th=[ 1770]
   bw (  KiB/s): min=  496, max=  872, per=99.99%, avg=683.64, stdev=55.83, samples=596
   iops        : min=  124, max=  218, avg=170.91, stdev=13.96, samples=596
  lat (usec)   : 20=0.01%
  lat (msec)   : 20=0.01%, 50=0.01%, 100=0.02%, 250=0.05%, 500=0.07%
  lat (msec)   : 750=0.07%, 1000=0.08%, 2000=99.69%
  cpu          : usr=0.41%, sys=2.54%, ctx=51239, majf=0, minf=293
  IO depths    : 1=0.1%, 2=0.1%, 4=0.1%, 8=0.1%, 16=0.1%, 32=0.1%, >=64=99.9%
     submit    : 0=0.0%, 4=100.0%, 8=0.0%, 16=0.0%, 32=0.0%, 64=0.0%, >=64=0.0%
     complete  : 0=0.0%, 4=100.0%, 8=0.0%, 16=0.0%, 32=0.0%, 64=0.0%, >=64=0.1%
     issued rwts: total=51233,0,0,0 short=0,0,0,0 dropped=0,0,0,0
     latency   : target=0, window=0, percentile=100.00%, depth=256

Run status group 0 (all jobs):
   READ: bw=683KiB/s (699kB/s), 683KiB/s-683KiB/s (699kB/s-699kB/s), io=200MiB (210MB), run=300010-300010msec
