readwrite: (g=0): rw=rw, bs=(R) 4096B-4096B, (W) 4096B-4096B, (T) 4096B-4096B, ioengine=libaio, iodepth=256
...
fio-3.27
Starting 32 processes
readwrite: Laying out IO file (1 file / 1024MiB)
readwrite: Laying out IO file (1 file / 1024MiB)
readwrite: Laying out IO file (1 file / 1024MiB)
readwrite: Laying out IO file (1 file / 1024MiB)
readwrite: Laying out IO file (1 file / 1024MiB)
readwrite: Laying out IO file (1 file / 1024MiB)

readwrite: (groupid=0, jobs=32): err= 0: pid=237988: Wed Jul 21 16:39:57 2021
  read: IOPS=82.5k, BW=322MiB/s (338MB/s)(94.6GiB/300663msec)
    slat (usec): min=7, max=3777.5k, avg=280.86, stdev=3815.20
    clat (usec): min=12, max=11979k, avg=49344.81, stdev=265986.73
     lat (usec): min=111, max=12126k, avg=49626.45, stdev=267879.63
    clat percentiles (msec):
     |  1.00th=[   13],  5.00th=[   13], 10.00th=[   14], 20.00th=[   14],
     | 30.00th=[   14], 40.00th=[   14], 50.00th=[   15], 60.00th=[   15],
     | 70.00th=[   15], 80.00th=[   16], 90.00th=[   17], 95.00th=[   20],
     | 99.00th=[ 1250], 99.50th=[ 1787], 99.90th=[ 3775], 99.95th=[ 4665],
     | 99.99th=[ 6477]
   bw (  KiB/s): min=  408, max=1236011, per=100.00%, avg=335204.84, stdev=11272.70, samples=18998
   iops        : min=  102, max=309000, avg=83799.71, stdev=2818.15, samples=18998
  write: IOPS=82.5k, BW=322MiB/s (338MB/s)(94.6GiB/300663msec); 0 zone resets
    slat (usec): min=68, max=1445.2k, avg=84.03, stdev=624.02
    clat (usec): min=11, max=11966k, avg=49074.67, stdev=265270.52
     lat (usec): min=92, max=11966k, avg=49159.84, stdev=265277.74
    clat percentiles (msec):
     |  1.00th=[   13],  5.00th=[   13], 10.00th=[   14], 20.00th=[   14],
     | 30.00th=[   14], 40.00th=[   14], 50.00th=[   15], 60.00th=[   15],
     | 70.00th=[   15], 80.00th=[   16], 90.00th=[   17], 95.00th=[   20],
     | 99.00th=[ 1234], 99.50th=[ 1770], 99.90th=[ 3775], 99.95th=[ 4665],
     | 99.99th=[ 6544]
   bw (  KiB/s): min=  352, max=1227159, per=100.00%, avg=335302.15, stdev=11264.53, samples=19007
   iops        : min=   88, max=306785, avg=83824.08, stdev=2816.11, samples=19007
  lat (usec)   : 20=0.01%, 50=0.01%, 250=0.01%, 500=0.01%, 750=0.01%
  lat (usec)   : 1000=0.01%
  lat (msec)   : 2=0.01%, 4=0.01%, 10=0.01%, 20=95.59%, 50=1.58%
  lat (msec)   : 100=0.08%, 250=0.10%, 500=0.30%, 750=0.48%, 1000=0.48%
  lat (msec)   : 2000=1.00%, >=2000=0.39%
  cpu          : usr=5.12%, sys=26.57%, ctx=630637, majf=0, minf=1418
  IO depths    : 1=0.1%, 2=0.1%, 4=0.1%, 8=0.1%, 16=0.1%, 32=0.1%, >=64=100.0%
     submit    : 0=0.0%, 4=100.0%, 8=0.0%, 16=0.0%, 32=0.0%, 64=0.0%, >=64=0.0%
     complete  : 0=0.0%, 4=100.0%, 8=0.0%, 16=0.0%, 32=0.0%, 64=0.0%, >=64=0.1%
     issued rwts: total=24802803,24808824,0,0 short=0,0,0,0 dropped=0,0,0,0
     latency   : target=0, window=0, percentile=100.00%, depth=256

Run status group 0 (all jobs):
   READ: bw=322MiB/s (338MB/s), 322MiB/s-322MiB/s (338MB/s-338MB/s), io=94.6GiB (102GB), run=300663-300663msec
  WRITE: bw=322MiB/s (338MB/s), 322MiB/s-322MiB/s (338MB/s-338MB/s), io=94.6GiB (102GB), run=300663-300663msec
