readwrite: (g=0): rw=rw, bs=(R) 4096B-4096B, (W) 4096B-4096B, (T) 4096B-4096B, ioengine=libaio, iodepth=256
...
fio-3.27
Starting 16 processes
readwrite: Laying out IO file (1 file / 1024MiB)
readwrite: Laying out IO file (1 file / 1024MiB)
readwrite: Laying out IO file (1 file / 1024MiB)
readwrite: Laying out IO file (1 file / 1024MiB)
readwrite: Laying out IO file (1 file / 1024MiB)
readwrite: Laying out IO file (1 file / 1024MiB)
readwrite: Laying out IO file (1 file / 1024MiB)
readwrite: Laying out IO file (1 file / 1024MiB)

readwrite: (groupid=0, jobs=16): err= 0: pid=84564: Wed Jul 21 19:48:41 2021
  read: IOPS=33.1k, BW=129MiB/s (136MB/s)(37.9GiB/300055msec)
    slat (usec): min=7, max=1633.3k, avg=381.49, stdev=7797.70
    clat (usec): min=11, max=43542k, avg=61981.91, stdev=783626.89
     lat (usec): min=26, max=43716k, avg=62364.11, stdev=789229.87
    clat percentiles (msec):
     |  1.00th=[   12],  5.00th=[   13], 10.00th=[   13], 20.00th=[   14],
     | 30.00th=[   14], 40.00th=[   14], 50.00th=[   14], 60.00th=[   15],
     | 70.00th=[   15], 80.00th=[   15], 90.00th=[   16], 95.00th=[   17],
     | 99.00th=[   37], 99.50th=[ 2299], 99.90th=[13758], 99.95th=[17113],
     | 99.99th=[17113]
   bw (  KiB/s): min=  128, max=413248, per=100.00%, avg=136495.42, stdev=10943.93, samples=9048
   iops        : min=   32, max=103312, avg=34123.86, stdev=2735.98, samples=9048
  write: IOPS=33.1k, BW=129MiB/s (136MB/s)(37.9GiB/300055msec); 0 zone resets
    slat (usec): min=68, max=333663, avg=80.60, stdev=223.04
    clat (usec): min=12, max=43634k, avg=60877.05, stdev=772610.03
     lat (usec): min=93, max=43634k, avg=60958.76, stdev=772611.84
    clat percentiles (msec):
     |  1.00th=[   12],  5.00th=[   13], 10.00th=[   13], 20.00th=[   14],
     | 30.00th=[   14], 40.00th=[   14], 50.00th=[   14], 60.00th=[   15],
     | 70.00th=[   15], 80.00th=[   15], 90.00th=[   16], 95.00th=[   16],
     | 99.00th=[   37], 99.50th=[ 2005], 99.90th=[13489], 99.95th=[17113],
     | 99.99th=[17113]
   bw (  KiB/s): min=  128, max=409616, per=100.00%, avg=136733.58, stdev=10959.46, samples=9024
   iops        : min=   32, max=102404, avg=34183.39, stdev=2739.86, samples=9024
  lat (usec)   : 20=0.01%, 50=0.01%, 250=0.01%, 500=0.01%, 750=0.01%
  lat (usec)   : 1000=0.01%
  lat (msec)   : 2=0.01%, 4=0.01%, 10=0.01%, 20=98.12%, 50=1.11%
  lat (msec)   : 100=0.07%, 250=0.04%, 500=0.04%, 750=0.02%, 1000=0.04%
  lat (msec)   : 2000=0.05%, >=2000=0.50%
  cpu          : usr=3.90%, sys=19.88%, ctx=50631, majf=0, minf=716
  IO depths    : 1=0.1%, 2=0.1%, 4=0.1%, 8=0.1%, 16=0.1%, 32=0.1%, >=64=100.0%
     submit    : 0=0.0%, 4=100.0%, 8=0.0%, 16=0.0%, 32=0.0%, 64=0.0%, >=64=0.0%
     complete  : 0=0.0%, 4=100.0%, 8=0.0%, 16=0.0%, 32=0.0%, 64=0.0%, >=64=0.1%
     issued rwts: total=9931852,9931683,0,0 short=0,0,0,0 dropped=0,0,0,0
     latency   : target=0, window=0, percentile=100.00%, depth=256

Run status group 0 (all jobs):
   READ: bw=129MiB/s (136MB/s), 129MiB/s-129MiB/s (136MB/s-136MB/s), io=37.9GiB (40.7GB), run=300055-300055msec
  WRITE: bw=129MiB/s (136MB/s), 129MiB/s-129MiB/s (136MB/s-136MB/s), io=37.9GiB (40.7GB), run=300055-300055msec
