test: (g=0): rw=randread, bs=(R) 4096B-4096B, (W) 4096B-4096B, (T) 4096B-4096B, ioengine=libaio, iodepth=256
...
fio-3.27
Starting 4 processes
rand-read: Laying out IO file (1 file / 1024MiB)
rand-read: Laying out IO file (1 file / 1024MiB)

test: (groupid=0, jobs=4): err= 0: pid=125375: Tue Jul 20 10:17:11 2021
  read: IOPS=537, BW=2152KiB/s (2204kB/s)(630MiB/300012msec)
    slat (usec): min=452, max=168364, avg=7412.71, stdev=5010.10
    clat (usec): min=12, max=2310.0k, avg=1890368.00, stdev=120805.34
     lat (msec): min=4, max=2314, avg=1897.78, stdev=120.93
    clat percentiles (msec):
     |  1.00th=[ 1703],  5.00th=[ 1754], 10.00th=[ 1787], 20.00th=[ 1821],
     | 30.00th=[ 1854], 40.00th=[ 1871], 50.00th=[ 1888], 60.00th=[ 1921],
     | 70.00th=[ 1938], 80.00th=[ 1972], 90.00th=[ 2005], 95.00th=[ 2039],
     | 99.00th=[ 2106], 99.50th=[ 2140], 99.90th=[ 2198], 99.95th=[ 2232],
     | 99.99th=[ 2265]
   bw (  KiB/s): min= 1040, max= 2672, per=99.86%, avg=2149.99, stdev=45.43, samples=2384
   iops        : min=  260, max=  668, avg=537.37, stdev=11.35, samples=2384
  lat (usec)   : 20=0.01%
  lat (msec)   : 10=0.01%, 20=0.01%, 50=0.01%, 100=0.02%, 250=0.05%
  lat (msec)   : 500=0.08%, 750=0.09%, 1000=0.08%, 2000=89.02%, >=2000=10.64%
  cpu          : usr=0.34%, sys=2.16%, ctx=161450, majf=0, minf=1180
  IO depths    : 1=0.1%, 2=0.1%, 4=0.1%, 8=0.1%, 16=0.1%, 32=0.1%, >=64=99.8%
     submit    : 0=0.0%, 4=100.0%, 8=0.0%, 16=0.0%, 32=0.0%, 64=0.0%, >=64=0.0%
     complete  : 0=0.0%, 4=100.0%, 8=0.0%, 16=0.0%, 32=0.0%, 64=0.0%, >=64=0.1%
     issued rwts: total=161403,0,0,0 short=0,0,0,0 dropped=0,0,0,0
     latency   : target=0, window=0, percentile=100.00%, depth=256

Run status group 0 (all jobs):
   READ: bw=2152KiB/s (2204kB/s), 2152KiB/s-2152KiB/s (2204kB/s-2204kB/s), io=630MiB (661MB), run=300012-300012msec
