test: (g=0): rw=read, bs=(R) 4096B-4096B, (W) 4096B-4096B, (T) 4096B-4096B, ioengine=libaio, iodepth=256
...
fio-3.27
Starting 2 processes
seq-read: Laying out IO file (1 file / 1024MiB)

test: (groupid=0, jobs=2): err= 0: pid=207611: Tue Jul 20 13:23:19 2021
  read: IOPS=33.3k, BW=130MiB/s (136MB/s)(38.1GiB/300001msec)
    slat (usec): min=10, max=260525, avg=48.89, stdev=752.37
    clat (usec): min=10, max=3341.8k, avg=15324.15, stdev=84969.05
     lat (usec): min=22, max=3346.1k, avg=15373.83, stdev=85244.58
    clat percentiles (msec):
     |  1.00th=[    5],  5.00th=[    5], 10.00th=[    5], 20.00th=[    5],
     | 30.00th=[    5], 40.00th=[    5], 50.00th=[    5], 60.00th=[    6],
     | 70.00th=[    6], 80.00th=[    6], 90.00th=[   16], 95.00th=[   26],
     | 99.00th=[  359], 99.50th=[  575], 99.90th=[ 1250], 99.95th=[ 1569],
     | 99.99th=[ 2165]
   bw (  KiB/s): min=   88, max=329688, per=100.00%, avg=137709.14, stdev=41373.07, samples=1175
   iops        : min=   22, max=82422, avg=34427.25, stdev=10343.28, samples=1175
  lat (usec)   : 20=0.01%, 50=0.01%, 100=0.01%, 250=0.01%, 500=0.01%
  lat (usec)   : 750=0.01%, 1000=0.01%
  lat (msec)   : 2=0.01%, 4=0.01%, 10=87.94%, 20=4.73%, 50=5.81%
  lat (msec)   : 100=0.04%, 250=0.11%, 500=0.76%, 750=0.22%, 1000=0.19%
  lat (msec)   : 2000=0.16%, >=2000=0.01%
  cpu          : usr=14.09%, sys=38.18%, ctx=138710, majf=0, minf=590
  IO depths    : 1=0.1%, 2=0.1%, 4=0.1%, 8=0.1%, 16=0.1%, 32=0.1%, >=64=100.0%
     submit    : 0=0.0%, 4=100.0%, 8=0.0%, 16=0.0%, 32=0.0%, 64=0.0%, >=64=0.0%
     complete  : 0=0.0%, 4=100.0%, 8=0.0%, 16=0.0%, 32=0.0%, 64=0.0%, >=64=0.1%
     issued rwts: total=9976750,0,0,0 short=0,0,0,0 dropped=0,0,0,0
     latency   : target=0, window=0, percentile=100.00%, depth=256

Run status group 0 (all jobs):
   READ: bw=130MiB/s (136MB/s), 130MiB/s-130MiB/s (136MB/s-136MB/s), io=38.1GiB (40.9GB), run=300001-300001msec
