test: (g=0): rw=read, bs=(R) 4096B-4096B, (W) 4096B-4096B, (T) 4096B-4096B, ioengine=libaio, iodepth=256
...
fio-3.27
Starting 16 processes
seq-read: Laying out IO file (1 file / 1024MiB)
seq-read: Laying out IO file (1 file / 1024MiB)
seq-read: Laying out IO file (1 file / 1024MiB)
seq-read: Laying out IO file (1 file / 1024MiB)
seq-read: Laying out IO file (1 file / 1024MiB)
seq-read: Laying out IO file (1 file / 1024MiB)
seq-read: Laying out IO file (1 file / 1024MiB)
seq-read: Laying out IO file (1 file / 1024MiB)

test: (groupid=0, jobs=16): err= 0: pid=42331: Tue Jul 20 15:48:26 2021
  read: IOPS=34.3k, BW=134MiB/s (141MB/s)(39.3GiB/300030msec)
    slat (usec): min=10, max=474803, avg=454.49, stdev=3981.51
    clat (usec): min=12, max=32166k, avg=118687.26, stdev=829940.56
     lat (usec): min=68, max=32275k, avg=119142.64, stdev=833056.03
    clat percentiles (msec):
     |  1.00th=[    5],  5.00th=[    5], 10.00th=[    5], 20.00th=[    5],
     | 30.00th=[    6], 40.00th=[    6], 50.00th=[    6], 60.00th=[    6],
     | 70.00th=[    6], 80.00th=[    6], 90.00th=[   26], 95.00th=[   39],
     | 99.00th=[ 2198], 99.50th=[ 3910], 99.90th=[12684], 99.95th=[17113],
     | 99.99th=[17113]
   bw (  KiB/s): min=  328, max=2391984, per=100.00%, avg=139278.16, stdev=29326.95, samples=9531
   iops        : min=   82, max=597996, avg=34819.30, stdev=7331.73, samples=9531
  lat (usec)   : 20=0.01%, 50=0.01%, 100=0.01%, 250=0.01%, 500=0.01%
  lat (usec)   : 750=0.01%, 1000=0.01%
  lat (msec)   : 2=0.01%, 4=0.01%, 10=82.90%, 20=6.68%, 50=5.50%
  lat (msec)   : 100=0.06%, 250=0.01%, 500=0.01%, 750=0.01%, 1000=0.18%
  lat (msec)   : 2000=3.53%, >=2000=1.12%
  cpu          : usr=1.99%, sys=6.36%, ctx=488518, majf=0, minf=4733
  IO depths    : 1=0.1%, 2=0.1%, 4=0.1%, 8=0.1%, 16=0.1%, 32=0.1%, >=64=100.0%
     submit    : 0=0.0%, 4=100.0%, 8=0.0%, 16=0.0%, 32=0.0%, 64=0.0%, >=64=0.0%
     complete  : 0=0.0%, 4=100.0%, 8=0.0%, 16=0.0%, 32=0.0%, 64=0.0%, >=64=0.1%
     issued rwts: total=10295024,0,0,0 short=0,0,0,0 dropped=0,0,0,0
     latency   : target=0, window=0, percentile=100.00%, depth=256

Run status group 0 (all jobs):
   READ: bw=134MiB/s (141MB/s), 134MiB/s-134MiB/s (141MB/s-141MB/s), io=39.3GiB (42.2GB), run=300030-300030msec
