readwrite: (g=0): rw=rw, bs=(R) 4096B-4096B, (W) 4096B-4096B, (T) 4096B-4096B, ioengine=libaio, iodepth=256
...
fio-3.27
Starting 32 processes
readwrite: Laying out IO file (1 file / 1024MiB)
readwrite: Laying out IO file (1 file / 1024MiB)
readwrite: Laying out IO file (1 file / 1024MiB)
readwrite: Laying out IO file (1 file / 1024MiB)
readwrite: Laying out IO file (1 file / 1024MiB)
readwrite: Laying out IO file (1 file / 1024MiB)
readwrite: Laying out IO file (1 file / 1024MiB)
readwrite: Laying out IO file (1 file / 1024MiB)
readwrite: Laying out IO file (1 file / 1024MiB)
readwrite: Laying out IO file (1 file / 1024MiB)
readwrite: Laying out IO file (1 file / 1024MiB)
readwrite: Laying out IO file (1 file / 1024MiB)
readwrite: Laying out IO file (1 file / 1024MiB)
readwrite: Laying out IO file (1 file / 1024MiB)
readwrite: Laying out IO file (1 file / 1024MiB)
readwrite: Laying out IO file (1 file / 1024MiB)

readwrite: (groupid=0, jobs=32): err= 0: pid=25503: Wed Jul 21 17:59:57 2021
  read: IOPS=42.7k, BW=167MiB/s (175MB/s)(48.9GiB/300312msec)
    slat (usec): min=7, max=2129.9k, avg=645.36, stdev=9753.37
    clat (usec): min=14, max=34484k, avg=96050.25, stdev=992775.24
     lat (usec): min=106, max=34683k, avg=96696.36, stdev=1000104.92
    clat percentiles (msec):
     |  1.00th=[   13],  5.00th=[   13], 10.00th=[   14], 20.00th=[   14],
     | 30.00th=[   14], 40.00th=[   14], 50.00th=[   15], 60.00th=[   15],
     | 70.00th=[   15], 80.00th=[   15], 90.00th=[   16], 95.00th=[   19],
     | 99.00th=[  575], 99.50th=[ 6745], 99.90th=[16711], 99.95th=[17113],
     | 99.99th=[17113]
   bw (  KiB/s): min=  256, max=872266, per=100.00%, avg=175841.63, stdev=9898.48, samples=18330
   iops        : min=   64, max=218066, avg=43960.25, stdev=2474.61, samples=18330
  write: IOPS=42.7k, BW=167MiB/s (175MB/s)(48.9GiB/300312msec); 0 zone resets
    slat (usec): min=68, max=262614, avg=82.07, stdev=161.25
    clat (usec): min=11, max=34484k, avg=94813.54, stdev=985204.55
     lat (usec): min=89, max=34484k, avg=94896.72, stdev=985206.69
    clat percentiles (msec):
     |  1.00th=[   13],  5.00th=[   13], 10.00th=[   14], 20.00th=[   14],
     | 30.00th=[   14], 40.00th=[   14], 50.00th=[   15], 60.00th=[   15],
     | 70.00th=[   15], 80.00th=[   15], 90.00th=[   16], 95.00th=[   18],
     | 99.00th=[  456], 99.50th=[ 6678], 99.90th=[16711], 99.95th=[17113],
     | 99.99th=[17113]
   bw (  KiB/s): min=  256, max=869554, per=100.00%, avg=176529.22, stdev=9880.25, samples=18303
   iops        : min=   64, max=217389, avg=44132.14, stdev=2470.05, samples=18303
  lat (usec)   : 20=0.01%, 50=0.01%, 100=0.01%, 250=0.01%, 500=0.01%
  lat (usec)   : 750=0.01%, 1000=0.01%
  lat (msec)   : 2=0.01%, 4=0.01%, 10=0.01%, 20=97.46%, 50=1.27%
  lat (msec)   : 100=0.08%, 250=0.11%, 500=0.08%, 750=0.02%, 1000=0.05%
  lat (msec)   : 2000=0.06%, >=2000=0.87%
  cpu          : usr=2.56%, sys=13.14%, ctx=126968, majf=0, minf=1416
  IO depths    : 1=0.1%, 2=0.1%, 4=0.1%, 8=0.1%, 16=0.1%, 32=0.1%, >=64=100.0%
     submit    : 0=0.0%, 4=100.0%, 8=0.0%, 16=0.0%, 32=0.0%, 64=0.0%, >=64=0.0%
     complete  : 0=0.0%, 4=100.0%, 8=0.0%, 16=0.0%, 32=0.0%, 64=0.0%, >=64=0.1%
     issued rwts: total=12826389,12826143,0,0 short=0,0,0,0 dropped=0,0,0,0
     latency   : target=0, window=0, percentile=100.00%, depth=256

Run status group 0 (all jobs):
   READ: bw=167MiB/s (175MB/s), 167MiB/s-167MiB/s (175MB/s-175MB/s), io=48.9GiB (52.5GB), run=300312-300312msec
  WRITE: bw=167MiB/s (175MB/s), 167MiB/s-167MiB/s (175MB/s-175MB/s), io=48.9GiB (52.5GB), run=300312-300312msec
