test: (g=0): rw=read, bs=(R) 4096B-4096B, (W) 4096B-4096B, (T) 4096B-4096B, ioengine=libaio, iodepth=256
...
fio-3.27
Starting 16 processes
seq-read: Laying out IO file (1 file / 1024MiB)
seq-read: Laying out IO file (1 file / 1024MiB)
seq-read: Laying out IO file (1 file / 1024MiB)
seq-read: Laying out IO file (1 file / 1024MiB)
seq-read: Laying out IO file (1 file / 1024MiB)
seq-read: Laying out IO file (1 file / 1024MiB)
seq-read: Laying out IO file (1 file / 1024MiB)
seq-read: Laying out IO file (1 file / 1024MiB)

test: (groupid=0, jobs=16): err= 0: pid=4334: Tue Jul 20 14:45:33 2021
  read: IOPS=20.7k, BW=80.8MiB/s (84.7MB/s)(23.7GiB/300014msec)
    slat (usec): min=10, max=403283, avg=761.38, stdev=4537.77
    clat (usec): min=10, max=20895k, avg=196940.41, stdev=841083.84
     lat (usec): min=23, max=20947k, avg=197702.78, stdev=844223.63
    clat percentiles (msec):
     |  1.00th=[    5],  5.00th=[    5], 10.00th=[    5], 20.00th=[    5],
     | 30.00th=[    5], 40.00th=[    6], 50.00th=[    6], 60.00th=[    6],
     | 70.00th=[    6], 80.00th=[   17], 90.00th=[   27], 95.00th=[ 1200],
     | 99.00th=[ 4044], 99.50th=[ 5403], 99.90th=[ 9731], 99.95th=[11610],
     | 99.99th=[16711]
   bw (  KiB/s): min=  336, max=2041815, per=100.00%, avg=83095.41, stdev=24539.42, samples=9554
   iops        : min=   84, max=510452, avg=20773.49, stdev=6134.84, samples=9554
  lat (usec)   : 20=0.01%, 50=0.01%, 100=0.01%, 250=0.01%, 500=0.01%
  lat (usec)   : 750=0.01%, 1000=0.01%
  lat (msec)   : 2=0.01%, 4=0.01%, 10=77.07%, 20=9.16%, 50=5.14%
  lat (msec)   : 100=0.07%, 250=0.03%, 500=0.02%, 750=0.03%, 1000=1.97%
  lat (msec)   : 2000=2.96%, >=2000=3.53%
  cpu          : usr=1.27%, sys=4.68%, ctx=521925, majf=0, minf=4730
  IO depths    : 1=0.1%, 2=0.1%, 4=0.1%, 8=0.1%, 16=0.1%, 32=0.1%, >=64=100.0%
     submit    : 0=0.0%, 4=100.0%, 8=0.0%, 16=0.0%, 32=0.0%, 64=0.0%, >=64=0.0%
     complete  : 0=0.0%, 4=100.0%, 8=0.0%, 16=0.0%, 32=0.0%, 64=0.0%, >=64=0.1%
     issued rwts: total=6205728,0,0,0 short=0,0,0,0 dropped=0,0,0,0
     latency   : target=0, window=0, percentile=100.00%, depth=256

Run status group 0 (all jobs):
   READ: bw=80.8MiB/s (84.7MB/s), 80.8MiB/s-80.8MiB/s (84.7MB/s-84.7MB/s), io=23.7GiB (25.4GB), run=300014-300014msec
