readwrite: (g=0): rw=rw, bs=(R) 4096B-4096B, (W) 4096B-4096B, (T) 4096B-4096B, ioengine=libaio, iodepth=256
...
fio-3.27
Starting 4 processes
readwrite: Laying out IO file (1 file / 1024MiB)
readwrite: Laying out IO file (1 file / 1024MiB)

readwrite: (groupid=0, jobs=4): err= 0: pid=85823: Wed Jul 21 19:33:36 2021
  read: IOPS=18.6k, BW=72.7MiB/s (76.2MB/s)(21.3GiB/300001msec)
    slat (usec): min=7, max=414050, avg=118.18, stdev=1992.93
    clat (usec): min=13, max=12405k, avg=27433.93, stdev=146134.12
     lat (usec): min=106, max=12407k, avg=27552.89, stdev=147140.08
    clat percentiles (msec):
     |  1.00th=[   12],  5.00th=[   13], 10.00th=[   13], 20.00th=[   13],
     | 30.00th=[   13], 40.00th=[   14], 50.00th=[   14], 60.00th=[   14],
     | 70.00th=[   14], 80.00th=[   14], 90.00th=[   15], 95.00th=[   19],
     | 99.00th=[  481], 99.50th=[  776], 99.90th=[ 1838], 99.95th=[ 2802],
     | 99.99th=[ 5403]
   bw (  KiB/s): min=  232, max=165660, per=100.00%, avg=75092.15, stdev=13162.45, samples=2381
   iops        : min=   58, max=41414, avg=18772.75, stdev=3290.61, samples=2381
  write: IOPS=18.6k, BW=72.7MiB/s (76.2MB/s)(21.3GiB/300001msec); 0 zone resets
    slat (usec): min=68, max=331154, avg=75.29, stdev=142.15
    clat (usec): min=11, max=12334k, avg=27384.89, stdev=145667.59
     lat (usec): min=82, max=12334k, avg=27461.27, stdev=145669.42
    clat percentiles (msec):
     |  1.00th=[   12],  5.00th=[   13], 10.00th=[   13], 20.00th=[   13],
     | 30.00th=[   13], 40.00th=[   14], 50.00th=[   14], 60.00th=[   14],
     | 70.00th=[   14], 80.00th=[   14], 90.00th=[   15], 95.00th=[   19],
     | 99.00th=[  477], 99.50th=[  776], 99.90th=[ 1804], 99.95th=[ 2769],
     | 99.99th=[ 5403]
   bw (  KiB/s): min=  216, max=163354, per=100.00%, avg=75065.36, stdev=13157.29, samples=2380
   iops        : min=   54, max=40838, avg=18766.00, stdev=3289.30, samples=2380
  lat (usec)   : 20=0.01%, 50=0.01%, 100=0.01%, 250=0.01%, 500=0.01%
  lat (usec)   : 750=0.01%, 1000=0.01%
  lat (msec)   : 2=0.01%, 4=0.01%, 10=0.01%, 20=96.00%, 50=1.95%
  lat (msec)   : 100=0.08%, 250=0.17%, 500=0.85%, 750=0.41%, 1000=0.24%
  lat (msec)   : 2000=0.21%, >=2000=0.09%
  cpu          : usr=8.96%, sys=44.38%, ctx=103417, majf=0, minf=181
  IO depths    : 1=0.1%, 2=0.1%, 4=0.1%, 8=0.1%, 16=0.1%, 32=0.1%, >=64=100.0%
     submit    : 0=0.0%, 4=100.0%, 8=0.0%, 16=0.0%, 32=0.0%, 64=0.0%, >=64=0.0%
     complete  : 0=0.0%, 4=100.0%, 8=0.0%, 16=0.0%, 32=0.0%, 64=0.0%, >=64=0.1%
     issued rwts: total=5583328,5581158,0,0 short=0,0,0,0 dropped=0,0,0,0
     latency   : target=0, window=0, percentile=100.00%, depth=256

Run status group 0 (all jobs):
   READ: bw=72.7MiB/s (76.2MB/s), 72.7MiB/s-72.7MiB/s (76.2MB/s-76.2MB/s), io=21.3GiB (22.9GB), run=300001-300001msec
  WRITE: bw=72.7MiB/s (76.2MB/s), 72.7MiB/s-72.7MiB/s (76.2MB/s-76.2MB/s), io=21.3GiB (22.9GB), run=300001-300001msec
