readwrite: (g=0): rw=rw, bs=(R) 4096B-4096B, (W) 4096B-4096B, (T) 4096B-4096B, ioengine=libaio, iodepth=256
...
fio-3.27
Starting 64 processes
readwrite: Laying out IO file (1 file / 1024MiB)
readwrite: Laying out IO file (1 file / 1024MiB)
readwrite: Laying out IO file (1 file / 1024MiB)
readwrite: Laying out IO file (1 file / 1024MiB)
readwrite: Laying out IO file (1 file / 1024MiB)
readwrite: Laying out IO file (1 file / 1024MiB)
readwrite: Laying out IO file (1 file / 1024MiB)
readwrite: Laying out IO file (1 file / 1024MiB)
readwrite: Laying out IO file (1 file / 1024MiB)
readwrite: Laying out IO file (1 file / 1024MiB)
readwrite: Laying out IO file (1 file / 1024MiB)
readwrite: Laying out IO file (1 file / 1024MiB)
readwrite: Laying out IO file (1 file / 1024MiB)
readwrite: Laying out IO file (1 file / 1024MiB)
readwrite: Laying out IO file (1 file / 1024MiB)
readwrite: Laying out IO file (1 file / 1024MiB)
readwrite: Laying out IO file (1 file / 1024MiB)
readwrite: Laying out IO file (1 file / 1024MiB)
readwrite: Laying out IO file (1 file / 1024MiB)
readwrite: Laying out IO file (1 file / 1024MiB)
readwrite: Laying out IO file (1 file / 1024MiB)
readwrite: Laying out IO file (1 file / 1024MiB)
readwrite: Laying out IO file (1 file / 1024MiB)
readwrite: Laying out IO file (1 file / 1024MiB)
readwrite: Laying out IO file (1 file / 1024MiB)
readwrite: Laying out IO file (1 file / 1024MiB)
readwrite: Laying out IO file (1 file / 1024MiB)
readwrite: Laying out IO file (1 file / 1024MiB)
readwrite: Laying out IO file (1 file / 1024MiB)
readwrite: Laying out IO file (1 file / 1024MiB)
readwrite: Laying out IO file (1 file / 1024MiB)
readwrite: Laying out IO file (1 file / 1024MiB)

readwrite: (groupid=0, jobs=64): err= 0: pid=121250: Wed Jul 21 18:16:31 2021
  read: IOPS=33.3k, BW=130MiB/s (137MB/s)(38.2GiB/300075msec)
    slat (usec): min=7, max=4699.2k, avg=1812.79, stdev=23787.20
    clat (usec): min=10, max=31168k, avg=245807.15, stdev=1941630.11
     lat (usec): min=20, max=31395k, avg=247620.71, stdev=1955695.61
    clat percentiles (msec):
     |  1.00th=[   13],  5.00th=[   13], 10.00th=[   14], 20.00th=[   14],
     | 30.00th=[   14], 40.00th=[   15], 50.00th=[   15], 60.00th=[   15],
     | 70.00th=[   15], 80.00th=[   16], 90.00th=[   16], 95.00th=[   20],
     | 99.00th=[12013], 99.50th=[17113], 99.90th=[17113], 99.95th=[17113],
     | 99.99th=[17113]
   bw (  KiB/s): min=  511, max=1203615, per=100.00%, avg=147629.44, stdev=7155.06, samples=33451
   iops        : min=  127, max=300896, avg=36906.76, stdev=1788.74, samples=33451
  write: IOPS=33.4k, BW=130MiB/s (137MB/s)(38.2GiB/300075msec); 0 zone resets
    slat (usec): min=68, max=1607.0k, avg=85.03, stdev=758.33
    clat (usec): min=12, max=31395k, avg=238542.11, stdev=1911516.71
     lat (usec): min=93, max=31395k, avg=238628.26, stdev=1911519.79
    clat percentiles (msec):
     |  1.00th=[   13],  5.00th=[   13], 10.00th=[   14], 20.00th=[   14],
     | 30.00th=[   14], 40.00th=[   15], 50.00th=[   15], 60.00th=[   15],
     | 70.00th=[   15], 80.00th=[   16], 90.00th=[   16], 95.00th=[   20],
     | 99.00th=[11610], 99.50th=[17113], 99.90th=[17113], 99.95th=[17113],
     | 99.99th=[17113]
   bw (  KiB/s): min=  512, max=1202261, per=100.00%, avg=147807.46, stdev=7169.46, samples=33298
   iops        : min=  128, max=300560, avg=36951.32, stdev=1792.35, samples=33298
  lat (usec)   : 20=0.01%, 50=0.01%, 100=0.01%, 250=0.01%, 500=0.01%
  lat (usec)   : 750=0.01%, 1000=0.01%
  lat (msec)   : 2=0.01%, 4=0.01%, 10=0.01%, 20=96.41%, 50=1.46%
  lat (msec)   : 100=0.09%, 250=0.09%, 500=0.11%, 750=0.06%, 1000=0.06%
  lat (msec)   : 2000=0.09%, >=2000=1.62%
  cpu          : usr=1.00%, sys=5.27%, ctx=153861, majf=0, minf=2855
  IO depths    : 1=0.1%, 2=0.1%, 4=0.1%, 8=0.1%, 16=0.1%, 32=0.1%, >=64=100.0%
     submit    : 0=0.0%, 4=100.0%, 8=0.0%, 16=0.0%, 32=0.0%, 64=0.0%, >=64=0.0%
     complete  : 0=0.0%, 4=100.0%, 8=0.0%, 16=0.0%, 32=0.0%, 64=0.0%, >=64=0.1%
     issued rwts: total=10007549,10009218,0,0 short=0,0,0,0 dropped=0,0,0,0
     latency   : target=0, window=0, percentile=100.00%, depth=256

Run status group 0 (all jobs):
   READ: bw=130MiB/s (137MB/s), 130MiB/s-130MiB/s (137MB/s-137MB/s), io=38.2GiB (41.0GB), run=300075-300075msec
  WRITE: bw=130MiB/s (137MB/s), 130MiB/s-130MiB/s (137MB/s-137MB/s), io=38.2GiB (41.0GB), run=300075-300075msec
