readwrite: (g=0): rw=rw, bs=(R) 4096B-4096B, (W) 4096B-4096B, (T) 4096B-4096B, ioengine=libaio, iodepth=256
...
fio-3.27
Starting 8 processes
readwrite: Laying out IO file (1 file / 1024MiB)
readwrite: Laying out IO file (1 file / 1024MiB)
readwrite: Laying out IO file (1 file / 1024MiB)
readwrite: Laying out IO file (1 file / 1024MiB)

readwrite: (groupid=0, jobs=8): err= 0: pid=65364: Wed Jul 21 19:40:18 2021
  read: IOPS=24.4k, BW=95.3MiB/s (100.0MB/s)(27.9GiB/300023msec)
    slat (usec): min=7, max=1060.5k, avg=228.22, stdev=4299.99
    clat (usec): min=13, max=18678k, avg=41831.93, stdev=356691.37
     lat (usec): min=109, max=18703k, avg=42060.88, stdev=359216.10
    clat percentiles (msec):
     |  1.00th=[   12],  5.00th=[   13], 10.00th=[   13], 20.00th=[   14],
     | 30.00th=[   14], 40.00th=[   14], 50.00th=[   14], 60.00th=[   14],
     | 70.00th=[   15], 80.00th=[   15], 90.00th=[   15], 95.00th=[   18],
     | 99.00th=[  584], 99.50th=[ 2089], 99.90th=[ 5201], 99.95th=[ 7148],
     | 99.99th=[12281]
   bw (  KiB/s): min=   64, max=326839, per=100.00%, avg=98687.18, stdev=14210.44, samples=4722
   iops        : min=   16, max=81709, avg=24671.59, stdev=3552.59, samples=4722
  write: IOPS=24.4k, BW=95.4MiB/s (100.0MB/s)(27.9GiB/300023msec); 0 zone resets
    slat (usec): min=68, max=154925, avg=78.55, stdev=103.03
    clat (usec): min=11, max=18657k, avg=41728.45, stdev=355735.76
     lat (usec): min=91, max=18657k, avg=41808.09, stdev=355737.75
    clat percentiles (msec):
     |  1.00th=[   12],  5.00th=[   13], 10.00th=[   13], 20.00th=[   14],
     | 30.00th=[   14], 40.00th=[   14], 50.00th=[   14], 60.00th=[   14],
     | 70.00th=[   15], 80.00th=[   15], 90.00th=[   15], 95.00th=[   18],
     | 99.00th=[  558], 99.50th=[ 2089], 99.90th=[ 5201], 99.95th=[ 7148],
     | 99.99th=[12147]
   bw (  KiB/s): min=   64, max=323552, per=100.00%, avg=98870.46, stdev=14178.66, samples=4732
   iops        : min=   16, max=80888, avg=24717.41, stdev=3544.64, samples=4732
  lat (usec)   : 20=0.01%, 50=0.01%, 100=0.01%, 250=0.01%, 500=0.01%
  lat (usec)   : 750=0.01%, 1000=0.01%
  lat (msec)   : 2=0.01%, 4=0.01%, 10=0.01%, 20=97.46%, 50=1.37%
  lat (msec)   : 100=0.06%, 250=0.04%, 500=0.05%, 750=0.04%, 1000=0.10%
  lat (msec)   : 2000=0.34%, >=2000=0.53%
  cpu          : usr=5.80%, sys=29.11%, ctx=70777, majf=0, minf=360
  IO depths    : 1=0.1%, 2=0.1%, 4=0.1%, 8=0.1%, 16=0.1%, 32=0.1%, >=64=100.0%
     submit    : 0=0.0%, 4=100.0%, 8=0.0%, 16=0.0%, 32=0.0%, 64=0.0%, >=64=0.0%
     complete  : 0=0.0%, 4=100.0%, 8=0.0%, 16=0.0%, 32=0.0%, 64=0.0%, >=64=0.1%
     issued rwts: total=7321974,7324216,0,0 short=0,0,0,0 dropped=0,0,0,0
     latency   : target=0, window=0, percentile=100.00%, depth=256

Run status group 0 (all jobs):
   READ: bw=95.3MiB/s (100.0MB/s), 95.3MiB/s-95.3MiB/s (100.0MB/s-100.0MB/s), io=27.9GiB (30.0GB), run=300023-300023msec
  WRITE: bw=95.4MiB/s (100.0MB/s), 95.4MiB/s-95.4MiB/s (100.0MB/s-100.0MB/s), io=27.9GiB (30.0GB), run=300023-300023msec
