readwrite: (g=0): rw=rw, bs=(R) 4096B-4096B, (W) 4096B-4096B, (T) 4096B-4096B, ioengine=libaio, iodepth=256
...
fio-3.27
Starting 16 processes
readwrite: Laying out IO file (1 file / 1024MiB)
readwrite: Laying out IO file (1 file / 1024MiB)
readwrite: Laying out IO file (1 file / 1024MiB)
readwrite: Laying out IO file (1 file / 1024MiB)
readwrite: Laying out IO file (1 file / 1024MiB)
readwrite: Laying out IO file (1 file / 1024MiB)
readwrite: Laying out IO file (1 file / 1024MiB)
readwrite: Laying out IO file (1 file / 1024MiB)

readwrite: (groupid=0, jobs=16): err= 0: pid=95242: Wed Jul 21 17:49:11 2021
  read: IOPS=40.5k, BW=158MiB/s (166MB/s)(46.3GiB/300028msec)
    slat (usec): min=7, max=980348, avg=294.83, stdev=5343.14
    clat (usec): min=12, max=23347k, avg=50675.88, stdev=500791.36
     lat (usec): min=109, max=23540k, avg=50971.44, stdev=504421.25
    clat percentiles (msec):
     |  1.00th=[   12],  5.00th=[   13], 10.00th=[   13], 20.00th=[   14],
     | 30.00th=[   14], 40.00th=[   14], 50.00th=[   14], 60.00th=[   14],
     | 70.00th=[   15], 80.00th=[   15], 90.00th=[   15], 95.00th=[   17],
     | 99.00th=[   51], 99.50th=[ 2802], 99.90th=[ 8658], 99.95th=[10671],
     | 99.99th=[15368]
   bw (  KiB/s): min=  128, max=593873, per=100.00%, avg=164205.64, stdev=13953.19, samples=9391
   iops        : min=   32, max=148468, avg=41051.06, stdev=3488.27, samples=9391
  write: IOPS=40.5k, BW=158MiB/s (166MB/s)(46.3GiB/300028msec); 0 zone resets
    slat (usec): min=68, max=342002, avg=79.42, stdev=132.21
    clat (usec): min=11, max=23540k, avg=50076.42, stdev=496545.80
     lat (usec): min=90, max=23540k, avg=50156.94, stdev=496547.72
    clat percentiles (msec):
     |  1.00th=[   12],  5.00th=[   13], 10.00th=[   13], 20.00th=[   14],
     | 30.00th=[   14], 40.00th=[   14], 50.00th=[   14], 60.00th=[   14],
     | 70.00th=[   15], 80.00th=[   15], 90.00th=[   15], 95.00th=[   17],
     | 99.00th=[   47], 99.50th=[ 2735], 99.90th=[ 8557], 99.95th=[10671],
     | 99.99th=[15368]
   bw (  KiB/s): min=  128, max=586273, per=100.00%, avg=164197.14, stdev=13947.91, samples=9405
   iops        : min=   32, max=146565, avg=41048.94, stdev=3486.95, samples=9405
  lat (usec)   : 20=0.01%, 50=0.01%, 100=0.01%, 250=0.01%, 500=0.01%
  lat (usec)   : 750=0.01%, 1000=0.01%
  lat (msec)   : 2=0.01%, 4=0.01%, 10=0.01%, 20=97.89%, 50=1.11%
  lat (msec)   : 100=0.07%, 250=0.05%, 500=0.05%, 750=0.03%, 1000=0.05%
  lat (msec)   : 2000=0.14%, >=2000=0.61%
  cpu          : usr=4.80%, sys=24.21%, ctx=93925, majf=0, minf=723
  IO depths    : 1=0.1%, 2=0.1%, 4=0.1%, 8=0.1%, 16=0.1%, 32=0.1%, >=64=100.0%
     submit    : 0=0.0%, 4=100.0%, 8=0.0%, 16=0.0%, 32=0.0%, 64=0.0%, >=64=0.0%
     complete  : 0=0.0%, 4=100.0%, 8=0.0%, 16=0.0%, 32=0.0%, 64=0.0%, >=64=0.1%
     issued rwts: total=12139392,12142087,0,0 short=0,0,0,0 dropped=0,0,0,0
     latency   : target=0, window=0, percentile=100.00%, depth=256

Run status group 0 (all jobs):
   READ: bw=158MiB/s (166MB/s), 158MiB/s-158MiB/s (166MB/s-166MB/s), io=46.3GiB (49.7GB), run=300028-300028msec
  WRITE: bw=158MiB/s (166MB/s), 158MiB/s-158MiB/s (166MB/s-166MB/s), io=46.3GiB (49.7GB), run=300028-300028msec
