test: (g=0): rw=randread, bs=(R) 4096B-4096B, (W) 4096B-4096B, (T) 4096B-4096B, ioengine=libaio, iodepth=256
fio-3.27
Starting 1 process
test: Laying out IO file (1 file / 1024MiB)

test: (groupid=0, jobs=1): err= 0: pid=202267: Mon Jul 19 21:49:35 2021
  read: IOPS=172, BW=691KiB/s (708kB/s)(202MiB/300021msec)
    slat (usec): min=463, max=77444, avg=5770.00, stdev=4383.66
    clat (usec): min=26, max=1871.2k, avg=1472513.03, stdev=96183.17
     lat (msec): min=60, max=1877, avg=1478.29, stdev=96.27
    clat percentiles (msec):
     |  1.00th=[ 1284],  5.00th=[ 1351], 10.00th=[ 1385], 20.00th=[ 1418],
     | 30.00th=[ 1435], 40.00th=[ 1452], 50.00th=[ 1469], 60.00th=[ 1485],
     | 70.00th=[ 1502], 80.00th=[ 1536], 90.00th=[ 1569], 95.00th=[ 1620],
     | 99.00th=[ 1703], 99.50th=[ 1720], 99.90th=[ 1804], 99.95th=[ 1838],
     | 99.99th=[ 1854]
   bw (  KiB/s): min=   88, max=  872, per=99.86%, avg=690.43, stdev=64.53, samples=597
   iops        : min=   22, max=  218, avg=172.61, stdev=16.13, samples=597
  lat (usec)   : 50=0.01%
  lat (msec)   : 100=0.01%, 250=0.05%, 500=0.07%, 750=0.08%, 1000=0.07%
  lat (msec)   : 2000=99.71%
  cpu          : usr=0.36%, sys=2.54%, ctx=51838, majf=0, minf=292
  IO depths    : 1=0.1%, 2=0.1%, 4=0.1%, 8=0.1%, 16=0.1%, 32=0.1%, >=64=99.9%
     submit    : 0=0.0%, 4=100.0%, 8=0.0%, 16=0.0%, 32=0.0%, 64=0.0%, >=64=0.0%
     complete  : 0=0.0%, 4=100.0%, 8=0.0%, 16=0.0%, 32=0.0%, 64=0.0%, >=64=0.1%
     issued rwts: total=51824,0,0,0 short=0,0,0,0 dropped=0,0,0,0
     latency   : target=0, window=0, percentile=100.00%, depth=256

Run status group 0 (all jobs):
   READ: bw=691KiB/s (708kB/s), 691KiB/s-691KiB/s (708kB/s-708kB/s), io=202MiB (212MB), run=300021-300021msec
