test: (g=0): rw=randread, bs=(R) 4096B-4096B, (W) 4096B-4096B, (T) 4096B-4096B, ioengine=libaio, iodepth=256
...
fio-3.27
Starting 16 processes
rand-read: Laying out IO file (1 file / 1024MiB)
rand-read: Laying out IO file (1 file / 1024MiB)
rand-read: Laying out IO file (1 file / 1024MiB)
rand-read: Laying out IO file (1 file / 1024MiB)
rand-read: Laying out IO file (1 file / 1024MiB)
rand-read: Laying out IO file (1 file / 1024MiB)
rand-read: Laying out IO file (1 file / 1024MiB)
rand-read: Laying out IO file (1 file / 1024MiB)

test: (groupid=0, jobs=16): err= 0: pid=222048: Mon Jul 19 22:15:36 2021
  read: IOPS=624, BW=2500KiB/s (2560kB/s)(733MiB/300048msec)
    slat (usec): min=1859, max=257705, avg=25572.98, stdev=14143.70
    clat (usec): min=15, max=8387.7k, avg=6461322.09, stdev=789252.49
     lat (msec): min=6, max=8410, avg=6486.90, stdev=790.71
    clat percentiles (msec):
     |  1.00th=[ 2970],  5.00th=[ 5470], 10.00th=[ 5805], 20.00th=[ 6074],
     | 30.00th=[ 6208], 40.00th=[ 6342], 50.00th=[ 6477], 60.00th=[ 6611],
     | 70.00th=[ 6879], 80.00th=[ 7013], 90.00th=[ 7282], 95.00th=[ 7483],
     | 99.00th=[ 7819], 99.50th=[ 7953], 99.90th=[ 8087], 99.95th=[ 8154],
     | 99.99th=[ 8288]
   bw (  KiB/s): min=  904, max= 3400, per=99.88%, avg=2497.00, stdev=19.66, samples=9390
   iops        : min=  226, max=  850, avg=624.25, stdev= 4.92, samples=9390
  lat (usec)   : 20=0.01%, 50=0.01%
  lat (msec)   : 10=0.01%, 20=0.01%, 50=0.01%, 100=0.02%, 250=0.06%
  lat (msec)   : 500=0.08%, 750=0.08%, 1000=0.09%, 2000=0.33%, >=2000=99.31%
  cpu          : usr=0.11%, sys=0.71%, ctx=187625, majf=0, minf=4718
  IO depths    : 1=0.1%, 2=0.1%, 4=0.1%, 8=0.1%, 16=0.1%, 32=0.3%, >=64=99.5%
     submit    : 0=0.0%, 4=100.0%, 8=0.0%, 16=0.0%, 32=0.0%, 64=0.0%, >=64=0.0%
     complete  : 0=0.0%, 4=100.0%, 8=0.0%, 16=0.0%, 32=0.0%, 64=0.0%, >=64=0.1%
     issued rwts: total=187523,0,0,0 short=0,0,0,0 dropped=0,0,0,0
     latency   : target=0, window=0, percentile=100.00%, depth=256

Run status group 0 (all jobs):
   READ: bw=2500KiB/s (2560kB/s), 2500KiB/s-2500KiB/s (2560kB/s-2560kB/s), io=733MiB (768MB), run=300048-300048msec
