test: (g=0): rw=randread, bs=(R) 4096B-4096B, (W) 4096B-4096B, (T) 4096B-4096B, ioengine=libaio, iodepth=256
...
fio-3.27
Starting 4 processes
rand-read: Laying out IO file (1 file / 1024MiB)
rand-read: Laying out IO file (1 file / 1024MiB)

test: (groupid=0, jobs=4): err= 0: pid=169475: Mon Jul 19 19:36:59 2021
  read: IOPS=450, BW=1800KiB/s (1843kB/s)(527MiB/300017msec)
    slat (usec): min=458, max=168623, avg=8865.99, stdev=7035.98
    clat (usec): min=18, max=3153.7k, avg=2259101.45, stdev=330146.36
     lat (msec): min=4, max=3168, avg=2267.97, stdev=331.19
    clat percentiles (msec):
     |  1.00th=[ 1670],  5.00th=[ 1770], 10.00th=[ 1838], 20.00th=[ 1921],
     | 30.00th=[ 2039], 40.00th=[ 2198], 50.00th=[ 2299], 60.00th=[ 2400],
     | 70.00th=[ 2467], 80.00th=[ 2534], 90.00th=[ 2635], 95.00th=[ 2769],
     | 99.00th=[ 2937], 99.50th=[ 2970], 99.90th=[ 3037], 99.95th=[ 3071],
     | 99.99th=[ 3104]
   bw (  KiB/s): min=  456, max= 2712, per=99.77%, avg=1796.63, stdev=76.18, samples=2384
   iops        : min=  114, max=  678, avg=449.16, stdev=19.05, samples=2384
  lat (usec)   : 20=0.01%, 50=0.01%
  lat (msec)   : 10=0.01%, 20=0.01%, 50=0.01%, 100=0.01%, 250=0.05%
  lat (msec)   : 500=0.07%, 750=0.08%, 1000=0.07%, 2000=27.06%, >=2000=72.64%
  cpu          : usr=0.28%, sys=1.78%, ctx=135054, majf=0, minf=1180
  IO depths    : 1=0.1%, 2=0.1%, 4=0.1%, 8=0.1%, 16=0.1%, 32=0.1%, >=64=99.8%
     submit    : 0=0.0%, 4=100.0%, 8=0.0%, 16=0.0%, 32=0.0%, 64=0.0%, >=64=0.0%
     complete  : 0=0.0%, 4=100.0%, 8=0.0%, 16=0.0%, 32=0.0%, 64=0.0%, >=64=0.1%
     issued rwts: total=135021,0,0,0 short=0,0,0,0 dropped=0,0,0,0
     latency   : target=0, window=0, percentile=100.00%, depth=256

Run status group 0 (all jobs):
   READ: bw=1800KiB/s (1843kB/s), 1800KiB/s-1800KiB/s (1843kB/s-1843kB/s), io=527MiB (553MB), run=300017-300017msec
