test: (g=0): rw=randread, bs=(R) 4096B-4096B, (W) 4096B-4096B, (T) 4096B-4096B, ioengine=libaio, iodepth=256
...
fio-3.27
Starting 2 processes
rand-read: Laying out IO file (1 file / 1024MiB)

test: (groupid=0, jobs=2): err= 0: pid=191008: Mon Jul 19 21:55:06 2021
  read: IOPS=301, BW=1207KiB/s (1236kB/s)(354MiB/300022msec)
    slat (usec): min=458, max=78949, avg=6609.04, stdev=4394.72
    clat (usec): min=11, max=1967.6k, avg=1685762.21, stdev=102106.50
     lat (msec): min=10, max=1980, avg=1692.37, stdev=102.20
    clat percentiles (msec):
     |  1.00th=[ 1519],  5.00th=[ 1569], 10.00th=[ 1603], 20.00th=[ 1636],
     | 30.00th=[ 1653], 40.00th=[ 1670], 50.00th=[ 1687], 60.00th=[ 1703],
     | 70.00th=[ 1720], 80.00th=[ 1754], 90.00th=[ 1787], 95.00th=[ 1821],
     | 99.00th=[ 1871], 99.50th=[ 1888], 99.90th=[ 1921], 99.95th=[ 1938],
     | 99.99th=[ 1955]
   bw (  KiB/s): min=  728, max= 1488, per=99.95%, avg=1206.62, stdev=47.79, samples=1192
   iops        : min=  182, max=  372, avg=301.65, stdev=11.95, samples=1192
  lat (usec)   : 20=0.01%
  lat (msec)   : 20=0.01%, 50=0.01%, 100=0.02%, 250=0.05%, 500=0.07%
  lat (msec)   : 750=0.08%, 1000=0.08%, 2000=99.68%
  cpu          : usr=0.37%, sys=2.32%, ctx=90530, majf=0, minf=589
  IO depths    : 1=0.1%, 2=0.1%, 4=0.1%, 8=0.1%, 16=0.1%, 32=0.1%, >=64=99.9%
     submit    : 0=0.0%, 4=100.0%, 8=0.0%, 16=0.0%, 32=0.0%, 64=0.0%, >=64=0.0%
     complete  : 0=0.0%, 4=100.0%, 8=0.0%, 16=0.0%, 32=0.0%, 64=0.0%, >=64=0.1%
     issued rwts: total=90505,0,0,0 short=0,0,0,0 dropped=0,0,0,0
     latency   : target=0, window=0, percentile=100.00%, depth=256

Run status group 0 (all jobs):
   READ: bw=1207KiB/s (1236kB/s), 1207KiB/s-1207KiB/s (1236kB/s-1236kB/s), io=354MiB (371MB), run=300022-300022msec
