readwrite: (g=0): rw=rw, bs=(R) 4096B-4096B, (W) 4096B-4096B, (T) 4096B-4096B, ioengine=libaio, iodepth=256
...
fio-3.27
Starting 32 processes
readwrite: Laying out IO file (1 file / 1024MiB)
readwrite: Laying out IO file (1 file / 1024MiB)
readwrite: Laying out IO file (1 file / 1024MiB)
readwrite: Laying out IO file (1 file / 1024MiB)
readwrite: Laying out IO file (1 file / 1024MiB)
readwrite: Laying out IO file (1 file / 1024MiB)
readwrite: Laying out IO file (1 file / 1024MiB)
readwrite: Laying out IO file (1 file / 1024MiB)
readwrite: Laying out IO file (1 file / 1024MiB)
readwrite: Laying out IO file (1 file / 1024MiB)
readwrite: Laying out IO file (1 file / 1024MiB)
readwrite: Laying out IO file (1 file / 1024MiB)
readwrite: Laying out IO file (1 file / 1024MiB)
readwrite: Laying out IO file (1 file / 1024MiB)
readwrite: Laying out IO file (1 file / 1024MiB)
readwrite: Laying out IO file (1 file / 1024MiB)

readwrite: (groupid=0, jobs=32): err= 0: pid=46625: Wed Jul 21 18:59:27 2021
  read: IOPS=18.3k, BW=71.4MiB/s (74.9MB/s)(20.9GiB/300178msec)
    slat (usec): min=7, max=2730.3k, avg=1648.33, stdev=18103.38
    clat (usec): min=15, max=38615k, avg=224673.54, stdev=1734303.02
     lat (usec): min=105, max=38681k, avg=226322.63, stdev=1746886.02
    clat percentiles (msec):
     |  1.00th=[   12],  5.00th=[   13], 10.00th=[   13], 20.00th=[   14],
     | 30.00th=[   14], 40.00th=[   14], 50.00th=[   14], 60.00th=[   15],
     | 70.00th=[   15], 80.00th=[   15], 90.00th=[   16], 95.00th=[   19],
     | 99.00th=[ 9463], 99.50th=[14832], 99.90th=[17113], 99.95th=[17113],
     | 99.99th=[17113]
   bw (  KiB/s): min=  256, max=730738, per=100.00%, avg=78838.39, stdev=7425.64, samples=17430
   iops        : min=   64, max=182684, avg=19709.55, stdev=1856.40, samples=17430
  write: IOPS=18.3k, BW=71.4MiB/s (74.8MB/s)(20.9GiB/300178msec); 0 zone resets
    slat (usec): min=68, max=349316, avg=81.05, stdev=286.21
    clat (usec): min=11, max=38615k, avg=219407.44, stdev=1712041.76
     lat (usec): min=88, max=38615k, avg=219489.60, stdev=1712045.00
    clat percentiles (msec):
     |  1.00th=[   12],  5.00th=[   13], 10.00th=[   13], 20.00th=[   14],
     | 30.00th=[   14], 40.00th=[   14], 50.00th=[   14], 60.00th=[   15],
     | 70.00th=[   15], 80.00th=[   15], 90.00th=[   16], 95.00th=[   19],
     | 99.00th=[ 9329], 99.50th=[14697], 99.90th=[17113], 99.95th=[17113],
     | 99.99th=[17113]
   bw (  KiB/s): min=  256, max=726616, per=100.00%, avg=78440.47, stdev=7449.01, samples=17391
   iops        : min=   64, max=181654, avg=19610.05, stdev=1862.24, samples=17391
  lat (usec)   : 20=0.01%, 50=0.01%, 100=0.01%, 250=0.01%, 500=0.01%
  lat (usec)   : 750=0.01%, 1000=0.01%
  lat (msec)   : 2=0.01%, 4=0.01%, 10=0.01%, 20=96.74%, 50=1.02%
  lat (msec)   : 100=0.09%, 250=0.05%, 500=0.09%, 750=0.05%, 1000=0.06%
  lat (msec)   : 2000=0.09%, >=2000=1.82%
  cpu          : usr=1.09%, sys=5.62%, ctx=92647, majf=0, minf=1414
  IO depths    : 1=0.1%, 2=0.1%, 4=0.1%, 8=0.1%, 16=0.1%, 32=0.1%, >=64=100.0%
     submit    : 0=0.0%, 4=100.0%, 8=0.0%, 16=0.0%, 32=0.0%, 64=0.0%, >=64=0.0%
     complete  : 0=0.0%, 4=100.0%, 8=0.0%, 16=0.0%, 32=0.0%, 64=0.0%, >=64=0.1%
     issued rwts: total=5485806,5484931,0,0 short=0,0,0,0 dropped=0,0,0,0
     latency   : target=0, window=0, percentile=100.00%, depth=256

Run status group 0 (all jobs):
   READ: bw=71.4MiB/s (74.9MB/s), 71.4MiB/s-71.4MiB/s (74.9MB/s-74.9MB/s), io=20.9GiB (22.5GB), run=300178-300178msec
  WRITE: bw=71.4MiB/s (74.8MB/s), 71.4MiB/s-71.4MiB/s (74.8MB/s-74.8MB/s), io=20.9GiB (22.5GB), run=300178-300178msec
