test: (g=0): rw=randread, bs=(R) 4096B-4096B, (W) 4096B-4096B, (T) 4096B-4096B, ioengine=libaio, iodepth=256
...
fio-3.27
Starting 4 processes
rand-read: Laying out IO file (1 file / 1024MiB)
rand-read: Laying out IO file (1 file / 1024MiB)

test: (groupid=0, jobs=4): err= 0: pid=122776: Tue Jul 20 10:17:11 2021
  read: IOPS=536, BW=2146KiB/s (2197kB/s)(629MiB/300026msec)
    slat (usec): min=444, max=670213, avg=7433.20, stdev=5344.67
    clat (usec): min=14, max=3000.8k, avg=1895391.26, stdev=126082.26
     lat (msec): min=4, max=3006, avg=1902.83, stdev=126.21
    clat percentiles (msec):
     |  1.00th=[ 1703],  5.00th=[ 1770], 10.00th=[ 1787], 20.00th=[ 1821],
     | 30.00th=[ 1854], 40.00th=[ 1871], 50.00th=[ 1905], 60.00th=[ 1921],
     | 70.00th=[ 1938], 80.00th=[ 1972], 90.00th=[ 2005], 95.00th=[ 2039],
     | 99.00th=[ 2106], 99.50th=[ 2140], 99.90th=[ 2869], 99.95th=[ 2937],
     | 99.99th=[ 2970]
   bw (  KiB/s): min=  712, max= 2680, per=99.91%, avg=2144.74, stdev=48.19, samples=2384
   iops        : min=  178, max=  670, avg=536.10, stdev=12.04, samples=2384
  lat (usec)   : 20=0.01%, 50=0.01%
  lat (msec)   : 10=0.01%, 20=0.01%, 50=0.01%, 100=0.02%, 250=0.05%
  lat (msec)   : 500=0.08%, 750=0.08%, 1000=0.08%, 2000=88.05%, >=2000=11.62%
  cpu          : usr=0.33%, sys=2.17%, ctx=161004, majf=0, minf=1179
  IO depths    : 1=0.1%, 2=0.1%, 4=0.1%, 8=0.1%, 16=0.1%, 32=0.1%, >=64=99.8%
     submit    : 0=0.0%, 4=100.0%, 8=0.0%, 16=0.0%, 32=0.0%, 64=0.0%, >=64=0.0%
     complete  : 0=0.0%, 4=100.0%, 8=0.0%, 16=0.0%, 32=0.0%, 64=0.0%, >=64=0.1%
     issued rwts: total=160961,0,0,0 short=0,0,0,0 dropped=0,0,0,0
     latency   : target=0, window=0, percentile=100.00%, depth=256

Run status group 0 (all jobs):
   READ: bw=2146KiB/s (2197kB/s), 2146KiB/s-2146KiB/s (2197kB/s-2197kB/s), io=629MiB (659MB), run=300026-300026msec
