test: (g=0): rw=randread, bs=(R) 4096B-4096B, (W) 4096B-4096B, (T) 4096B-4096B, ioengine=libaio, iodepth=256
...
fio-3.27
Starting 2 processes
rand-read: Laying out IO file (1 file / 1024MiB)

test: (groupid=0, jobs=2): err= 0: pid=205015: Mon Jul 19 21:55:06 2021
  read: IOPS=301, BW=1206KiB/s (1235kB/s)(353MiB/300014msec)
    slat (usec): min=462, max=115285, avg=6611.36, stdev=4456.20
    clat (usec): min=25, max=2317.9k, avg=1686632.44, stdev=108237.28
     lat (msec): min=10, max=2322, avg=1693.25, stdev=108.36
    clat percentiles (msec):
     |  1.00th=[ 1502],  5.00th=[ 1552], 10.00th=[ 1586], 20.00th=[ 1620],
     | 30.00th=[ 1653], 40.00th=[ 1670], 50.00th=[ 1687], 60.00th=[ 1703],
     | 70.00th=[ 1737], 80.00th=[ 1754], 90.00th=[ 1787], 95.00th=[ 1821],
     | 99.00th=[ 1888], 99.50th=[ 1938], 99.90th=[ 2198], 99.95th=[ 2265],
     | 99.99th=[ 2299]
   bw (  KiB/s): min=  768, max= 1464, per=99.98%, avg=1206.27, stdev=48.31, samples=1192
   iops        : min=  192, max=  366, avg=301.57, stdev=12.08, samples=1192
  lat (usec)   : 50=0.01%
  lat (msec)   : 20=0.01%, 50=0.01%, 100=0.01%, 250=0.06%, 500=0.08%
  lat (msec)   : 750=0.09%, 1000=0.08%, 2000=99.36%, >=2000=0.30%
  cpu          : usr=0.36%, sys=2.26%, ctx=90492, majf=0, minf=589
  IO depths    : 1=0.1%, 2=0.1%, 4=0.1%, 8=0.1%, 16=0.1%, 32=0.1%, >=64=99.9%
     submit    : 0=0.0%, 4=100.0%, 8=0.0%, 16=0.0%, 32=0.0%, 64=0.0%, >=64=0.0%
     complete  : 0=0.0%, 4=100.0%, 8=0.0%, 16=0.0%, 32=0.0%, 64=0.0%, >=64=0.1%
     issued rwts: total=90470,0,0,0 short=0,0,0,0 dropped=0,0,0,0
     latency   : target=0, window=0, percentile=100.00%, depth=256

Run status group 0 (all jobs):
   READ: bw=1206KiB/s (1235kB/s), 1206KiB/s-1206KiB/s (1235kB/s-1235kB/s), io=353MiB (371MB), run=300014-300014msec
