readwrite: (g=0): rw=rw, bs=(R) 4096B-4096B, (W) 4096B-4096B, (T) 4096B-4096B, ioengine=libaio, iodepth=256
...
fio-3.27
Starting 64 processes
readwrite: Laying out IO file (1 file / 1024MiB)
readwrite: Laying out IO file (1 file / 1024MiB)
readwrite: Laying out IO file (1 file / 1024MiB)
readwrite: Laying out IO file (1 file / 1024MiB)
readwrite: Laying out IO file (1 file / 1024MiB)
readwrite: Laying out IO file (1 file / 1024MiB)
readwrite: Laying out IO file (1 file / 1024MiB)
readwrite: Laying out IO file (1 file / 1024MiB)
readwrite: Laying out IO file (1 file / 1024MiB)
readwrite: Laying out IO file (1 file / 1024MiB)
readwrite: Laying out IO file (1 file / 1024MiB)
readwrite: Laying out IO file (1 file / 1024MiB)
readwrite: Laying out IO file (1 file / 1024MiB)
readwrite: Laying out IO file (1 file / 1024MiB)
readwrite: Laying out IO file (1 file / 1024MiB)
readwrite: Laying out IO file (1 file / 1024MiB)
readwrite: Laying out IO file (1 file / 1024MiB)
readwrite: Laying out IO file (1 file / 1024MiB)
readwrite: Laying out IO file (1 file / 1024MiB)
readwrite: Laying out IO file (1 file / 1024MiB)
readwrite: Laying out IO file (1 file / 1024MiB)
readwrite: Laying out IO file (1 file / 1024MiB)
readwrite: Laying out IO file (1 file / 1024MiB)
readwrite: Laying out IO file (1 file / 1024MiB)
readwrite: Laying out IO file (1 file / 1024MiB)
readwrite: Laying out IO file (1 file / 1024MiB)
readwrite: Laying out IO file (1 file / 1024MiB)
readwrite: Laying out IO file (1 file / 1024MiB)
readwrite: Laying out IO file (1 file / 1024MiB)
readwrite: Laying out IO file (1 file / 1024MiB)
readwrite: Laying out IO file (1 file / 1024MiB)
readwrite: Laying out IO file (1 file / 1024MiB)

readwrite: (groupid=0, jobs=64): err= 0: pid=86920: Wed Jul 21 18:16:30 2021
  read: IOPS=22.6k, BW=88.3MiB/s (92.6MB/s)(25.9GiB/300081msec)
    slat (usec): min=7, max=5258.6k, avg=2725.15, stdev=29507.28
    clat (usec): min=10, max=30469k, avg=363314.35, stdev=2357990.91
     lat (usec): min=19, max=30718k, avg=366040.29, stdev=2375049.47
    clat percentiles (msec):
     |  1.00th=[   13],  5.00th=[   13], 10.00th=[   14], 20.00th=[   14],
     | 30.00th=[   14], 40.00th=[   14], 50.00th=[   15], 60.00th=[   15],
     | 70.00th=[   15], 80.00th=[   16], 90.00th=[   17], 95.00th=[   20],
     | 99.00th=[15637], 99.50th=[17113], 99.90th=[17113], 99.95th=[17113],
     | 99.99th=[17113]
   bw (  KiB/s): min=  450, max=1180752, per=100.00%, avg=99127.08, stdev=6033.19, samples=33490
   iops        : min=   66, max=295185, avg=24778.19, stdev=1508.28, samples=33490
  write: IOPS=22.6k, BW=88.3MiB/s (92.6MB/s)(25.9GiB/300081msec); 0 zone resets
    slat (usec): min=68, max=1007.3k, avg=84.21, stdev=638.52
    clat (usec): min=83, max=30469k, avg=352413.03, stdev=2319138.07
     lat (usec): min=185, max=30469k, avg=352498.37, stdev=2319141.70
    clat percentiles (msec):
     |  1.00th=[   13],  5.00th=[   13], 10.00th=[   14], 20.00th=[   14],
     | 30.00th=[   14], 40.00th=[   14], 50.00th=[   15], 60.00th=[   15],
     | 70.00th=[   15], 80.00th=[   16], 90.00th=[   17], 95.00th=[   20],
     | 99.00th=[15503], 99.50th=[17113], 99.90th=[17113], 99.95th=[17113],
     | 99.99th=[17113]
   bw (  KiB/s): min=  451, max=1179100, per=100.00%, avg=99017.54, stdev=6048.83, samples=33379
   iops        : min=   67, max=294769, avg=24750.86, stdev=1512.20, samples=33379
  lat (usec)   : 20=0.01%, 50=0.01%, 100=0.01%, 250=0.01%, 500=0.01%
  lat (usec)   : 750=0.01%, 1000=0.01%
  lat (msec)   : 2=0.01%, 4=0.01%, 10=0.01%, 20=95.58%, 50=1.34%
  lat (msec)   : 100=0.11%, 250=0.11%, 500=0.13%, 750=0.07%, 1000=0.06%
  lat (msec)   : 2000=0.12%, >=2000=2.47%
  cpu          : usr=0.69%, sys=3.59%, ctx=152228, majf=0, minf=2826
  IO depths    : 1=0.1%, 2=0.1%, 4=0.1%, 8=0.1%, 16=0.1%, 32=0.1%, >=64=100.0%
     submit    : 0=0.0%, 4=100.0%, 8=0.0%, 16=0.0%, 32=0.0%, 64=0.0%, >=64=0.0%
     complete  : 0=0.0%, 4=100.0%, 8=0.0%, 16=0.0%, 32=0.0%, 64=0.0%, >=64=0.1%
     issued rwts: total=6784825,6780849,0,0 short=0,0,0,0 dropped=0,0,0,0
     latency   : target=0, window=0, percentile=100.00%, depth=256

Run status group 0 (all jobs):
   READ: bw=88.3MiB/s (92.6MB/s), 88.3MiB/s-88.3MiB/s (92.6MB/s-92.6MB/s), io=25.9GiB (27.8GB), run=300081-300081msec
  WRITE: bw=88.3MiB/s (92.6MB/s), 88.3MiB/s-88.3MiB/s (92.6MB/s-92.6MB/s), io=25.9GiB (27.8GB), run=300081-300081msec
