test: (g=0): rw=read, bs=(R) 4096B-4096B, (W) 4096B-4096B, (T) 4096B-4096B, ioengine=libaio, iodepth=256
fio-3.27
Starting 1 process
test: Laying out IO file (1 file / 1024MiB)

test: (groupid=0, jobs=1): err= 0: pid=226278: Fri Jul 16 03:00:25 2021
  read: IOPS=31.9k, BW=124MiB/s (131MB/s)(36.5GiB/300001msec)
    slat (usec): min=10, max=100729, avg=20.23, stdev=348.16
    clat (usec): min=10, max=987464, avg=7997.41, stdev=32747.00
     lat (usec): min=22, max=987518, avg=8018.44, stdev=32778.53
    clat percentiles (msec):
     |  1.00th=[    5],  5.00th=[    5], 10.00th=[    5], 20.00th=[    5],
     | 30.00th=[    5], 40.00th=[    5], 50.00th=[    5], 60.00th=[    6],
     | 70.00th=[    6], 80.00th=[    6], 90.00th=[   16], 95.00th=[   26],
     | 99.00th=[   27], 99.50th=[   27], 99.90th=[  667], 99.95th=[  927],
     | 99.99th=[  953]
   bw (  KiB/s): min=    8, max=164784, per=100.00%, avg=132133.47, stdev=55157.30, samples=579
   iops        : min=    2, max=41196, avg=33033.29, stdev=13789.35, samples=579
  lat (usec)   : 20=0.01%, 50=0.01%, 100=0.01%, 250=0.01%, 500=0.01%
  lat (usec)   : 750=0.01%, 1000=0.01%
  lat (msec)   : 2=0.01%, 4=0.01%, 10=89.27%, 20=4.63%, 50=5.92%
  lat (msec)   : 100=0.02%, 250=0.01%, 500=0.01%, 750=0.06%, 1000=0.10%
  cpu          : usr=26.65%, sys=68.02%, ctx=7701, majf=0, minf=294
  IO depths    : 1=0.1%, 2=0.1%, 4=0.1%, 8=0.1%, 16=0.1%, 32=0.1%, >=64=100.0%
     submit    : 0=0.0%, 4=100.0%, 8=0.0%, 16=0.0%, 32=0.0%, 64=0.0%, >=64=0.0%
     complete  : 0=0.0%, 4=100.0%, 8=0.0%, 16=0.0%, 32=0.0%, 64=0.0%, >=64=0.1%
     issued rwts: total=9558396,0,0,0 short=0,0,0,0 dropped=0,0,0,0
     latency   : target=0, window=0, percentile=100.00%, depth=256

Run status group 0 (all jobs):
   READ: bw=124MiB/s (131MB/s), 124MiB/s-124MiB/s (131MB/s-131MB/s), io=36.5GiB (39.2GB), run=300001-300001msec
