test: (g=0): rw=read, bs=(R) 4096B-4096B, (W) 4096B-4096B, (T) 4096B-4096B, ioengine=libaio, iodepth=256
...
fio-3.27
Starting 2 processes
seq-read: Laying out IO file (1 file / 1024MiB)

test: (groupid=0, jobs=2): err= 0: pid=241216: Tue Jul 20 15:27:31 2021
  read: IOPS=33.5k, BW=131MiB/s (137MB/s)(38.4GiB/300002msec)
    slat (usec): min=10, max=219696, avg=48.44, stdev=618.49
    clat (usec): min=10, max=6137.2k, avg=15199.70, stdev=78093.74
     lat (usec): min=22, max=6138.0k, avg=15248.91, stdev=78337.76
    clat percentiles (msec):
     |  1.00th=[    5],  5.00th=[    5], 10.00th=[    5], 20.00th=[    5],
     | 30.00th=[    5], 40.00th=[    5], 50.00th=[    5], 60.00th=[    5],
     | 70.00th=[    5], 80.00th=[    6], 90.00th=[   16], 95.00th=[   26],
     | 99.00th=[  430], 99.50th=[  592], 99.90th=[  944], 99.95th=[  986],
     | 99.99th=[ 1485]
   bw (  KiB/s): min=  104, max=331048, per=100.00%, avg=138727.76, stdev=41164.69, samples=1177
   iops        : min=   26, max=82762, avg=34681.92, stdev=10291.18, samples=1177
  lat (usec)   : 20=0.01%, 50=0.01%, 100=0.01%, 250=0.01%, 500=0.01%
  lat (usec)   : 750=0.01%, 1000=0.01%
  lat (msec)   : 2=0.01%, 4=0.01%, 10=87.83%, 20=4.74%, 50=5.81%
  lat (msec)   : 100=0.04%, 250=0.11%, 500=0.71%, 750=0.49%, 1000=0.22%
  lat (msec)   : 2000=0.03%, >=2000=0.01%
  cpu          : usr=14.16%, sys=38.91%, ctx=150079, majf=0, minf=590
  IO depths    : 1=0.1%, 2=0.1%, 4=0.1%, 8=0.1%, 16=0.1%, 32=0.1%, >=64=100.0%
     submit    : 0=0.0%, 4=100.0%, 8=0.0%, 16=0.0%, 32=0.0%, 64=0.0%, >=64=0.0%
     complete  : 0=0.0%, 4=100.0%, 8=0.0%, 16=0.0%, 32=0.0%, 64=0.0%, >=64=0.1%
     issued rwts: total=10063718,0,0,0 short=0,0,0,0 dropped=0,0,0,0
     latency   : target=0, window=0, percentile=100.00%, depth=256

Run status group 0 (all jobs):
   READ: bw=131MiB/s (137MB/s), 131MiB/s-131MiB/s (137MB/s-137MB/s), io=38.4GiB (41.2GB), run=300002-300002msec
