test: (g=0): rw=randread, bs=(R) 4096B-4096B, (W) 4096B-4096B, (T) 4096B-4096B, ioengine=libaio, iodepth=256
...
fio-3.27
Starting 2 processes
rand-read: Laying out IO file (1 file / 1024MiB)

test: (groupid=0, jobs=2): err= 0: pid=135538: Tue Jul 20 10:11:16 2021
  read: IOPS=321, BW=1285KiB/s (1316kB/s)(376MiB/300006msec)
    slat (usec): min=467, max=80372, avg=6204.40, stdev=4240.46
    clat (usec): min=12, max=1898.3k, avg=1583613.72, stdev=99788.29
     lat (msec): min=2, max=1903, avg=1589.82, stdev=99.90
    clat percentiles (msec):
     |  1.00th=[ 1418],  5.00th=[ 1469], 10.00th=[ 1502], 20.00th=[ 1519],
     | 30.00th=[ 1552], 40.00th=[ 1569], 50.00th=[ 1586], 60.00th=[ 1603],
     | 70.00th=[ 1620], 80.00th=[ 1653], 90.00th=[ 1687], 95.00th=[ 1720],
     | 99.00th=[ 1770], 99.50th=[ 1787], 99.90th=[ 1854], 99.95th=[ 1871],
     | 99.99th=[ 1888]
   bw (  KiB/s): min=  504, max= 1584, per=99.93%, avg=1284.32, stdev=53.80, samples=1193
   iops        : min=  126, max=  396, avg=321.08, stdev=13.45, samples=1193
  lat (usec)   : 20=0.01%, 50=0.01%
  lat (msec)   : 4=0.01%, 10=0.01%, 20=0.01%, 50=0.01%, 100=0.01%
  lat (msec)   : 250=0.05%, 500=0.08%, 750=0.09%, 1000=0.08%, 2000=99.66%
  cpu          : usr=0.41%, sys=2.59%, ctx=96389, majf=0, minf=589
  IO depths    : 1=0.1%, 2=0.1%, 4=0.1%, 8=0.1%, 16=0.1%, 32=0.1%, >=64=99.9%
     submit    : 0=0.0%, 4=100.0%, 8=0.0%, 16=0.0%, 32=0.0%, 64=0.0%, >=64=0.0%
     complete  : 0=0.0%, 4=100.0%, 8=0.0%, 16=0.0%, 32=0.0%, 64=0.0%, >=64=0.1%
     issued rwts: total=96365,0,0,0 short=0,0,0,0 dropped=0,0,0,0
     latency   : target=0, window=0, percentile=100.00%, depth=256

Run status group 0 (all jobs):
   READ: bw=1285KiB/s (1316kB/s), 1285KiB/s-1285KiB/s (1316kB/s-1316kB/s), io=376MiB (395MB), run=300006-300006msec
