test: (g=0): rw=randread, bs=(R) 4096B-4096B, (W) 4096B-4096B, (T) 4096B-4096B, ioengine=libaio, iodepth=256
...
fio-3.27
Starting 4 processes
rand-read: Laying out IO file (1 file / 1024MiB)
rand-read: Laying out IO file (1 file / 1024MiB)

test: (groupid=0, jobs=4): err= 0: pid=184087: Tue Jul 20 11:16:42 2021
  read: IOPS=445, BW=1783KiB/s (1826kB/s)(522MiB/300015msec)
    slat (usec): min=459, max=87562, avg=8949.52, stdev=6551.22
    clat (usec): min=15, max=2761.9k, avg=2279069.42, stdev=161748.67
     lat (msec): min=7, max=2777, avg=2288.02, stdev=161.92
    clat percentiles (msec):
     |  1.00th=[ 2022],  5.00th=[ 2106], 10.00th=[ 2165], 20.00th=[ 2198],
     | 30.00th=[ 2232], 40.00th=[ 2265], 50.00th=[ 2265], 60.00th=[ 2299],
     | 70.00th=[ 2333], 80.00th=[ 2366], 90.00th=[ 2433], 95.00th=[ 2500],
     | 99.00th=[ 2567], 99.50th=[ 2601], 99.90th=[ 2668], 99.95th=[ 2702],
     | 99.99th=[ 2735]
   bw (  KiB/s): min=  744, max= 2266, per=99.87%, avg=1781.71, stdev=44.95, samples=2380
   iops        : min=  186, max=  566, avg=445.42, stdev=11.23, samples=2380
  lat (usec)   : 20=0.01%, 50=0.01%
  lat (msec)   : 10=0.01%, 20=0.01%, 50=0.02%, 100=0.02%, 250=0.06%
  lat (msec)   : 500=0.08%, 750=0.08%, 1000=0.07%, 2000=0.41%, >=2000=99.24%
  cpu          : usr=0.28%, sys=1.84%, ctx=133799, majf=0, minf=1180
  IO depths    : 1=0.1%, 2=0.1%, 4=0.1%, 8=0.1%, 16=0.1%, 32=0.1%, >=64=99.8%
     submit    : 0=0.0%, 4=100.0%, 8=0.0%, 16=0.0%, 32=0.0%, 64=0.0%, >=64=0.0%
     complete  : 0=0.0%, 4=100.0%, 8=0.0%, 16=0.0%, 32=0.0%, 64=0.0%, >=64=0.1%
     issued rwts: total=133751,0,0,0 short=0,0,0,0 dropped=0,0,0,0
     latency   : target=0, window=0, percentile=100.00%, depth=256

Run status group 0 (all jobs):
   READ: bw=1783KiB/s (1826kB/s), 1783KiB/s-1783KiB/s (1826kB/s-1826kB/s), io=522MiB (548MB), run=300015-300015msec
