test: (g=0): rw=randread, bs=(R) 4096B-4096B, (W) 4096B-4096B, (T) 4096B-4096B, ioengine=libaio, iodepth=256
...
fio-3.27
Starting 8 processes
rand-read: Laying out IO file (1 file / 1024MiB)
rand-read: Laying out IO file (1 file / 1024MiB)
rand-read: Laying out IO file (1 file / 1024MiB)
rand-read: Laying out IO file (1 file / 1024MiB)

test: (groupid=0, jobs=8): err= 0: pid=178203: Tue Jul 20 11:23:19 2021
  read: IOPS=576, BW=2305KiB/s (2360kB/s)(675MiB/300017msec)
    slat (usec): min=471, max=201344, avg=13856.47, stdev=11414.15
    clat (usec): min=17, max=4746.7k, avg=3519497.79, stdev=342333.18
     lat (msec): min=2, max=4769, avg=3533.36, stdev=342.92
    clat percentiles (msec):
     |  1.00th=[ 2668],  5.00th=[ 3171], 10.00th=[ 3239], 20.00th=[ 3339],
     | 30.00th=[ 3406], 40.00th=[ 3473], 50.00th=[ 3507], 60.00th=[ 3574],
     | 70.00th=[ 3641], 80.00th=[ 3708], 90.00th=[ 3842], 95.00th=[ 3977],
     | 99.00th=[ 4279], 99.50th=[ 4396], 99.90th=[ 4597], 99.95th=[ 4597],
     | 99.99th=[ 4665]
   bw (  KiB/s): min=  976, max= 3280, per=99.88%, avg=2302.38, stdev=40.01, samples=4737
   iops        : min=  244, max=  820, avg=575.60, stdev=10.00, samples=4737
  lat (usec)   : 20=0.01%, 50=0.01%
  lat (msec)   : 4=0.01%, 10=0.01%, 20=0.01%, 50=0.02%, 100=0.03%
  lat (msec)   : 250=0.08%, 500=0.11%, 750=0.09%, 1000=0.09%, 2000=0.33%
  lat (msec)   : >=2000=99.24%
  cpu          : usr=0.22%, sys=1.36%, ctx=172948, majf=0, minf=2362
  IO depths    : 1=0.1%, 2=0.1%, 4=0.1%, 8=0.1%, 16=0.1%, 32=0.1%, >=64=99.7%
     submit    : 0=0.0%, 4=100.0%, 8=0.0%, 16=0.0%, 32=0.0%, 64=0.0%, >=64=0.0%
     complete  : 0=0.0%, 4=100.0%, 8=0.0%, 16=0.0%, 32=0.0%, 64=0.0%, >=64=0.1%
     issued rwts: total=172875,0,0,0 short=0,0,0,0 dropped=0,0,0,0
     latency   : target=0, window=0, percentile=100.00%, depth=256

Run status group 0 (all jobs):
   READ: bw=2305KiB/s (2360kB/s), 2305KiB/s-2305KiB/s (2360kB/s-2360kB/s), io=675MiB (708MB), run=300017-300017msec
