readwrite: (g=0): rw=rw, bs=(R) 4096B-4096B, (W) 4096B-4096B, (T) 4096B-4096B, ioengine=libaio, iodepth=256
...
fio-3.27
Starting 64 processes
readwrite: Laying out IO file (1 file / 1024MiB)
readwrite: Laying out IO file (1 file / 1024MiB)
readwrite: Laying out IO file (1 file / 1024MiB)
readwrite: Laying out IO file (1 file / 1024MiB)
readwrite: Laying out IO file (1 file / 1024MiB)
readwrite: Laying out IO file (1 file / 1024MiB)
readwrite: Laying out IO file (1 file / 1024MiB)
readwrite: Laying out IO file (1 file / 1024MiB)
readwrite: Laying out IO file (1 file / 1024MiB)
readwrite: Laying out IO file (1 file / 1024MiB)
readwrite: Laying out IO file (1 file / 1024MiB)
readwrite: Laying out IO file (1 file / 1024MiB)
readwrite: Laying out IO file (1 file / 1024MiB)
readwrite: Laying out IO file (1 file / 1024MiB)
readwrite: Laying out IO file (1 file / 1024MiB)
readwrite: Laying out IO file (1 file / 1024MiB)
readwrite: Laying out IO file (1 file / 1024MiB)
readwrite: Laying out IO file (1 file / 1024MiB)
readwrite: Laying out IO file (1 file / 1024MiB)
readwrite: Laying out IO file (1 file / 1024MiB)
readwrite: Laying out IO file (1 file / 1024MiB)
readwrite: Laying out IO file (1 file / 1024MiB)
readwrite: Laying out IO file (1 file / 1024MiB)
readwrite: Laying out IO file (1 file / 1024MiB)
readwrite: Laying out IO file (1 file / 1024MiB)
readwrite: Laying out IO file (1 file / 1024MiB)
readwrite: Laying out IO file (1 file / 1024MiB)
readwrite: Laying out IO file (1 file / 1024MiB)
readwrite: Laying out IO file (1 file / 1024MiB)
readwrite: Laying out IO file (1 file / 1024MiB)
readwrite: Laying out IO file (1 file / 1024MiB)
readwrite: Laying out IO file (1 file / 1024MiB)

readwrite: (groupid=0, jobs=64): err= 0: pid=117625: Wed Jul 21 20:16:00 2021
  read: IOPS=15.4k, BW=60.1MiB/s (63.0MB/s)(17.6GiB/300206msec)
    slat (usec): min=7, max=9060.5k, avg=4055.55, stdev=43542.57
    clat (usec): min=16, max=59564k, avg=532955.43, stdev=3777504.16
     lat (usec): min=150, max=59781k, avg=537011.75, stdev=3804811.43
    clat percentiles (msec):
     |  1.00th=[   13],  5.00th=[   13], 10.00th=[   14], 20.00th=[   14],
     | 30.00th=[   14], 40.00th=[   14], 50.00th=[   15], 60.00th=[   15],
     | 70.00th=[   15], 80.00th=[   16], 90.00th=[   16], 95.00th=[   20],
     | 99.00th=[17113], 99.50th=[17113], 99.90th=[17113], 99.95th=[17113],
     | 99.99th=[17113]
   bw (  KiB/s): min=  501, max=820190, per=100.00%, avg=72057.13, stdev=5242.36, samples=29390
   iops        : min=  117, max=205046, avg=18014.13, stdev=1310.58, samples=29390
  write: IOPS=15.4k, BW=60.0MiB/s (62.9MB/s)(17.6GiB/300206msec); 0 zone resets
    slat (usec): min=68, max=1488.5k, avg=84.41, stdev=751.88
    clat (usec): min=11, max=59639k, avg=509033.53, stdev=3680540.16
     lat (usec): min=93, max=59640k, avg=509119.04, stdev=3680543.60
    clat percentiles (msec):
     |  1.00th=[   13],  5.00th=[   13], 10.00th=[   14], 20.00th=[   14],
     | 30.00th=[   14], 40.00th=[   14], 50.00th=[   15], 60.00th=[   15],
     | 70.00th=[   15], 80.00th=[   16], 90.00th=[   16], 95.00th=[   20],
     | 99.00th=[17113], 99.50th=[17113], 99.90th=[17113], 99.95th=[17113],
     | 99.99th=[17113]
   bw (  KiB/s): min=  504, max=821695, per=100.00%, avg=72766.96, stdev=5258.16, samples=28999
   iops        : min=  120, max=205422, avg=18191.57, stdev=1314.53, samples=28999
  lat (usec)   : 20=0.01%, 50=0.01%, 100=0.01%, 250=0.01%, 500=0.01%
  lat (usec)   : 750=0.01%, 1000=0.01%
  lat (msec)   : 2=0.01%, 4=0.01%, 10=0.01%, 20=96.26%, 50=1.08%
  lat (msec)   : 100=0.08%, 250=0.08%, 500=0.07%, 750=0.06%, 1000=0.08%
  lat (msec)   : 2000=0.08%, >=2000=2.20%
  cpu          : usr=0.46%, sys=2.43%, ctx=84691, majf=0, minf=2794
  IO depths    : 1=0.1%, 2=0.1%, 4=0.1%, 8=0.1%, 16=0.1%, 32=0.1%, >=64=100.0%
     submit    : 0=0.0%, 4=100.0%, 8=0.0%, 16=0.0%, 32=0.0%, 64=0.0%, >=64=0.0%
     complete  : 0=0.0%, 4=100.0%, 8=0.0%, 16=0.0%, 32=0.0%, 64=0.0%, >=64=0.1%
     issued rwts: total=4615707,4612974,0,0 short=0,0,0,0 dropped=0,0,0,0
     latency   : target=0, window=0, percentile=100.00%, depth=256

Run status group 0 (all jobs):
   READ: bw=60.1MiB/s (63.0MB/s), 60.1MiB/s-60.1MiB/s (63.0MB/s-63.0MB/s), io=17.6GiB (18.9GB), run=300206-300206msec
  WRITE: bw=60.0MiB/s (62.9MB/s), 60.0MiB/s-60.0MiB/s (62.9MB/s-62.9MB/s), io=17.6GiB (18.9GB), run=300206-300206msec
