test: (g=0): rw=randread, bs=(R) 4096B-4096B, (W) 4096B-4096B, (T) 4096B-4096B, ioengine=libaio, iodepth=256
...
fio-3.27
Starting 4 processes
rand-read: Laying out IO file (1 file / 1024MiB)
rand-read: Laying out IO file (1 file / 1024MiB)

test: (groupid=0, jobs=4): err= 0: pid=156839: Tue Jul 20 11:16:42 2021
  read: IOPS=441, BW=1766KiB/s (1808kB/s)(517MiB/300004msec)
    slat (usec): min=449, max=98163, avg=9038.33, stdev=6690.39
    clat (usec): min=15, max=2774.0k, avg=2301875.40, stdev=166233.10
     lat (msec): min=2, max=2784, avg=2310.92, stdev=166.42
    clat percentiles (msec):
     |  1.00th=[ 2005],  5.00th=[ 2123], 10.00th=[ 2165], 20.00th=[ 2198],
     | 30.00th=[ 2232], 40.00th=[ 2265], 50.00th=[ 2299], 60.00th=[ 2333],
     | 70.00th=[ 2366], 80.00th=[ 2400], 90.00th=[ 2467], 95.00th=[ 2500],
     | 99.00th=[ 2601], 99.50th=[ 2635], 99.90th=[ 2702], 99.95th=[ 2702],
     | 99.99th=[ 2735]
   bw (  KiB/s): min=  760, max= 2296, per=99.90%, avg=1764.71, stdev=45.81, samples=2380
   iops        : min=  190, max=  574, avg=441.17, stdev=11.45, samples=2380
  lat (usec)   : 20=0.01%, 50=0.01%
  lat (msec)   : 4=0.01%, 10=0.01%, 20=0.01%, 50=0.01%, 100=0.02%
  lat (msec)   : 250=0.05%, 500=0.09%, 750=0.08%, 1000=0.08%, 2000=0.60%
  lat (msec)   : >=2000=99.07%
  cpu          : usr=0.27%, sys=1.84%, ctx=132477, majf=0, minf=1180
  IO depths    : 1=0.1%, 2=0.1%, 4=0.1%, 8=0.1%, 16=0.1%, 32=0.1%, >=64=99.8%
     submit    : 0=0.0%, 4=100.0%, 8=0.0%, 16=0.0%, 32=0.0%, 64=0.0%, >=64=0.0%
     complete  : 0=0.0%, 4=100.0%, 8=0.0%, 16=0.0%, 32=0.0%, 64=0.0%, >=64=0.1%
     issued rwts: total=132434,0,0,0 short=0,0,0,0 dropped=0,0,0,0
     latency   : target=0, window=0, percentile=100.00%, depth=256

Run status group 0 (all jobs):
   READ: bw=1766KiB/s (1808kB/s), 1766KiB/s-1766KiB/s (1808kB/s-1808kB/s), io=517MiB (542MB), run=300004-300004msec
