test: (g=0): rw=read, bs=(R) 4096B-4096B, (W) 4096B-4096B, (T) 4096B-4096B, ioengine=libaio, iodepth=256
...
fio-3.27
Starting 8 processes
seq-read: Laying out IO file (1 file / 1024MiB)
seq-read: Laying out IO file (1 file / 1024MiB)
seq-read: Laying out IO file (1 file / 1024MiB)
seq-read: Laying out IO file (1 file / 1024MiB)

test: (groupid=0, jobs=8): err= 0: pid=226623: Tue Jul 20 13:35:51 2021
  read: IOPS=21.6k, BW=84.4MiB/s (88.5MB/s)(24.7GiB/300181msec)
    slat (usec): min=10, max=4518.1k, avg=357.64, stdev=4412.17
    clat (usec): min=14, max=16140k, avg=94119.25, stdev=413927.78
     lat (usec): min=954, max=16192k, avg=94477.93, stdev=415432.63
    clat percentiles (msec):
     |  1.00th=[    5],  5.00th=[    5], 10.00th=[    5], 20.00th=[    5],
     | 30.00th=[    6], 40.00th=[    6], 50.00th=[    6], 60.00th=[    6],
     | 70.00th=[    6], 80.00th=[   17], 90.00th=[  372], 95.00th=[  418],
     | 99.00th=[ 1250], 99.50th=[ 2635], 99.90th=[ 6342], 99.95th=[ 7684],
     | 99.99th=[11073]
   bw (  KiB/s): min=  104, max=1191543, per=100.00%, avg=87696.56, stdev=34324.01, samples=4729
   iops        : min=   26, max=297885, avg=21923.89, stdev=8581.00, samples=4729
  lat (usec)   : 20=0.01%, 50=0.01%, 1000=0.01%
  lat (msec)   : 2=0.01%, 4=0.01%, 10=75.44%, 20=5.58%, 50=4.98%
  lat (msec)   : 100=0.06%, 250=0.08%, 500=11.60%, 750=0.74%, 1000=0.28%
  lat (msec)   : 2000=0.56%, >=2000=0.68%
  cpu          : usr=2.81%, sys=10.96%, ctx=897066, majf=0, minf=2366
  IO depths    : 1=0.1%, 2=0.1%, 4=0.1%, 8=0.1%, 16=0.1%, 32=0.1%, >=64=100.0%
     submit    : 0=0.0%, 4=100.0%, 8=0.0%, 16=0.0%, 32=0.0%, 64=0.0%, >=64=0.0%
     complete  : 0=0.0%, 4=100.0%, 8=0.0%, 16=0.0%, 32=0.0%, 64=0.0%, >=64=0.1%
     issued rwts: total=6483433,0,0,0 short=0,0,0,0 dropped=0,0,0,0
     latency   : target=0, window=0, percentile=100.00%, depth=256

Run status group 0 (all jobs):
   READ: bw=84.4MiB/s (88.5MB/s), 84.4MiB/s-84.4MiB/s (88.5MB/s-88.5MB/s), io=24.7GiB (26.6GB), run=300181-300181msec
