test: (g=0): rw=read, bs=(R) 4096B-4096B, (W) 4096B-4096B, (T) 4096B-4096B, ioengine=libaio, iodepth=256
fio-3.27
Starting 1 process
test: Laying out IO file (1 file / 1024MiB)

test: (groupid=0, jobs=1): err= 0: pid=223161: Tue Jul 20 13:17:49 2021
  read: IOPS=32.8k, BW=128MiB/s (134MB/s)(37.6GiB/300001msec)
    slat (usec): min=10, max=2519.8k, avg=19.33, stdev=871.60
    clat (usec): min=11, max=2536.0k, avg=7770.72, stdev=31596.35
     lat (usec): min=23, max=2536.0k, avg=7790.84, stdev=31612.41
    clat percentiles (msec):
     |  1.00th=[    5],  5.00th=[    5], 10.00th=[    5], 20.00th=[    5],
     | 30.00th=[    5], 40.00th=[    5], 50.00th=[    5], 60.00th=[    5],
     | 70.00th=[    6], 80.00th=[    6], 90.00th=[   16], 95.00th=[   26],
     | 99.00th=[   27], 99.50th=[   27], 99.90th=[  296], 99.95th=[  911],
     | 99.99th=[  953]
   bw (  KiB/s): min=    8, max=165320, per=100.00%, avg=137478.84, stdev=49020.41, samples=572
   iops        : min=    2, max=41330, avg=34369.65, stdev=12255.11, samples=572
  lat (usec)   : 20=0.01%, 50=0.01%, 100=0.01%, 250=0.01%, 500=0.01%
  lat (usec)   : 750=0.01%, 1000=0.01%
  lat (msec)   : 2=0.01%, 4=0.01%, 10=89.19%, 20=4.71%, 50=5.91%
  lat (msec)   : 100=0.03%, 250=0.06%, 500=0.01%, 1000=0.10%, >=2000=0.01%
  cpu          : usr=27.41%, sys=70.10%, ctx=7438, majf=0, minf=295
  IO depths    : 1=0.1%, 2=0.1%, 4=0.1%, 8=0.1%, 16=0.1%, 32=0.1%, >=64=100.0%
     submit    : 0=0.0%, 4=100.0%, 8=0.0%, 16=0.0%, 32=0.0%, 64=0.0%, >=64=0.0%
     complete  : 0=0.0%, 4=100.0%, 8=0.0%, 16=0.0%, 32=0.0%, 64=0.0%, >=64=0.1%
     issued rwts: total=9844609,0,0,0 short=0,0,0,0 dropped=0,0,0,0
     latency   : target=0, window=0, percentile=100.00%, depth=256

Run status group 0 (all jobs):
   READ: bw=128MiB/s (134MB/s), 128MiB/s-128MiB/s (134MB/s-134MB/s), io=37.6GiB (40.3GB), run=300001-300001msec
