readwrite: (g=0): rw=rw, bs=(R) 4096B-4096B, (W) 4096B-4096B, (T) 4096B-4096B, ioengine=libaio, iodepth=256
...
fio-3.27
Starting 2 processes
readwrite: Laying out IO file (1 file / 1024MiB)

readwrite: (groupid=0, jobs=2): err= 0: pid=84220: Wed Jul 21 17:28:15 2021
  read: IOPS=16.6k, BW=64.7MiB/s (67.8MB/s)(19.0GiB/300001msec)
    slat (usec): min=7, max=122991, avg=25.04, stdev=346.27
    clat (usec): min=10, max=1121.8k, avg=15411.25, stdev=22595.76
     lat (usec): min=23, max=1121.8k, avg=15437.04, stdev=22652.20
    clat percentiles (msec):
     |  1.00th=[   12],  5.00th=[   13], 10.00th=[   13], 20.00th=[   13],
     | 30.00th=[   13], 40.00th=[   14], 50.00th=[   14], 60.00th=[   14],
     | 70.00th=[   14], 80.00th=[   14], 90.00th=[   15], 95.00th=[   16],
     | 99.00th=[  101], 99.50th=[  136], 99.90th=[  211], 99.95th=[  292],
     | 99.99th=[  919]
   bw (  KiB/s): min=  200, max=83528, per=100.00%, avg=66789.89, stdev=10017.05, samples=1189
   iops        : min=   50, max=20882, avg=16697.49, stdev=2504.27, samples=1189
  write: IOPS=16.5k, BW=64.6MiB/s (67.8MB/s)(18.9GiB/300001msec); 0 zone resets
    slat (usec): min=68, max=6467, avg=74.33, stdev=14.87
    clat (usec): min=11, max=1121.8k, avg=15398.38, stdev=22358.49
     lat (usec): min=81, max=1121.9k, avg=15473.80, stdev=22359.12
    clat percentiles (msec):
     |  1.00th=[   12],  5.00th=[   13], 10.00th=[   13], 20.00th=[   13],
     | 30.00th=[   13], 40.00th=[   14], 50.00th=[   14], 60.00th=[   14],
     | 70.00th=[   14], 80.00th=[   14], 90.00th=[   15], 95.00th=[   16],
     | 99.00th=[  101], 99.50th=[  136], 99.90th=[  209], 99.95th=[  292],
     | 99.99th=[  919]
   bw (  KiB/s): min=  152, max=82312, per=100.00%, avg=66738.85, stdev=9997.57, samples=1189
   iops        : min=   38, max=20578, avg=16684.70, stdev=2499.39, samples=1189
  lat (usec)   : 20=0.01%, 50=0.01%, 100=0.01%, 250=0.01%, 500=0.01%
  lat (usec)   : 750=0.01%, 1000=0.01%
  lat (msec)   : 2=0.01%, 4=0.01%, 10=0.01%, 20=96.81%, 50=2.02%
  lat (msec)   : 100=0.16%, 250=0.93%, 500=0.02%, 750=0.01%, 1000=0.04%
  lat (msec)   : 2000=0.01%
  cpu          : usr=15.72%, sys=77.05%, ctx=51774, majf=0, minf=89
  IO depths    : 1=0.1%, 2=0.1%, 4=0.1%, 8=0.1%, 16=0.1%, 32=0.1%, >=64=100.0%
     submit    : 0=0.0%, 4=100.0%, 8=0.0%, 16=0.0%, 32=0.0%, 64=0.0%, >=64=0.0%
     complete  : 0=0.0%, 4=100.0%, 8=0.0%, 16=0.0%, 32=0.0%, 64=0.0%, >=64=0.1%
     issued rwts: total=4968736,4964830,0,0 short=0,0,0,0 dropped=0,0,0,0
     latency   : target=0, window=0, percentile=100.00%, depth=256

Run status group 0 (all jobs):
   READ: bw=64.7MiB/s (67.8MB/s), 64.7MiB/s-64.7MiB/s (67.8MB/s-67.8MB/s), io=19.0GiB (20.4GB), run=300001-300001msec
  WRITE: bw=64.6MiB/s (67.8MB/s), 64.6MiB/s-64.6MiB/s (67.8MB/s-67.8MB/s), io=18.9GiB (20.3GB), run=300001-300001msec
