test: (g=0): rw=read, bs=(R) 4096B-4096B, (W) 4096B-4096B, (T) 4096B-4096B, ioengine=libaio, iodepth=256
...
fio-3.27
Starting 4 processes
seq-read: Laying out IO file (1 file / 1024MiB)

test: (groupid=0, jobs=4): err= 0: pid=218076: Fri Jul 16 02:29:46 2021
  read: IOPS=46.3k, BW=181MiB/s (190MB/s)(53.0GiB/300001msec)
    slat (usec): min=10, max=408788, avg=74.30, stdev=452.99
    clat (usec): min=11, max=1047.7k, avg=22005.75, stdev=55209.89
     lat (usec): min=23, max=1047.8k, avg=22080.93, stdev=55366.31
    clat percentiles (msec):
     |  1.00th=[    5],  5.00th=[    5], 10.00th=[    5], 20.00th=[    5],
     | 30.00th=[    6], 40.00th=[    6], 50.00th=[    6], 60.00th=[    6],
     | 70.00th=[    6], 80.00th=[    6], 90.00th=[   27], 95.00th=[  165],
     | 99.00th=[  201], 99.50th=[  218], 99.90th=[  309], 99.95th=[  953],
     | 99.99th=[  986]
   bw (  KiB/s): min= 1240, max=657408, per=100.00%, avg=190063.85, stdev=54257.98, samples=2364
   iops        : min=  310, max=164352, avg=47515.98, stdev=13564.50, samples=2364
  lat (usec)   : 20=0.01%, 50=0.01%, 100=0.01%, 250=0.01%, 500=0.01%
  lat (usec)   : 750=0.01%, 1000=0.01%
  lat (msec)   : 2=0.01%, 4=0.01%, 10=81.29%, 20=4.68%, 50=5.40%
  lat (msec)   : 100=0.01%, 250=8.44%, 500=0.08%, 750=0.01%, 1000=0.09%
  lat (msec)   : 2000=0.01%
  cpu          : usr=10.55%, sys=35.77%, ctx=1187211, majf=0, minf=1179
  IO depths    : 1=0.1%, 2=0.1%, 4=0.1%, 8=0.1%, 16=0.1%, 32=0.1%, >=64=100.0%
     submit    : 0=0.0%, 4=100.0%, 8=0.0%, 16=0.0%, 32=0.0%, 64=0.0%, >=64=0.0%
     complete  : 0=0.0%, 4=100.0%, 8=0.0%, 16=0.0%, 32=0.0%, 64=0.0%, >=64=0.1%
     issued rwts: total=13902702,0,0,0 short=0,0,0,0 dropped=0,0,0,0
     latency   : target=0, window=0, percentile=100.00%, depth=256

Run status group 0 (all jobs):
   READ: bw=181MiB/s (190MB/s), 181MiB/s-181MiB/s (190MB/s-190MB/s), io=53.0GiB (56.9GB), run=300001-300001msec
