test: (g=0): rw=read, bs=(R) 4096B-4096B, (W) 4096B-4096B, (T) 4096B-4096B, ioengine=libaio, iodepth=256
...
fio-3.27
Starting 8 processes
seq-read: Laying out IO file (1 file / 1024MiB)
seq-read: Laying out IO file (1 file / 1024MiB)
seq-read: Laying out IO file (1 file / 1024MiB)
seq-read: Laying out IO file (1 file / 1024MiB)

test: (groupid=0, jobs=8): err= 0: pid=52879: Tue Jul 20 15:40:03 2021
  read: IOPS=25.3k, BW=98.6MiB/s (103MB/s)(28.9GiB/300254msec)
    slat (usec): min=10, max=417203, avg=304.87, stdev=4078.96
    clat (usec): min=11, max=35134k, avg=80698.18, stdev=926467.92
     lat (usec): min=1697, max=35263k, avg=81003.95, stdev=929982.70
    clat percentiles (msec):
     |  1.00th=[    5],  5.00th=[    5], 10.00th=[    5], 20.00th=[    5],
     | 30.00th=[    5], 40.00th=[    5], 50.00th=[    6], 60.00th=[    6],
     | 70.00th=[   16], 80.00th=[   17], 90.00th=[   17], 95.00th=[   42],
     | 99.00th=[ 1368], 99.50th=[ 1636], 99.90th=[13892], 99.95th=[17113],
     | 99.99th=[17113]
   bw (  KiB/s): min=  160, max=1192912, per=100.00%, avg=104192.50, stdev=23730.55, samples=4769
   iops        : min=   40, max=298228, avg=26047.91, stdev=5932.63, samples=4769
  lat (usec)   : 20=0.01%, 50=0.01%
  lat (msec)   : 2=0.01%, 4=0.01%, 10=67.93%, 20=23.00%, 50=4.67%
  lat (msec)   : 100=0.24%, 250=0.09%, 500=0.06%, 750=1.52%, 1000=0.60%
  lat (msec)   : 2000=1.62%, >=2000=0.28%
  cpu          : usr=2.91%, sys=11.12%, ctx=301277, majf=0, minf=2368
  IO depths    : 1=0.1%, 2=0.1%, 4=0.1%, 8=0.1%, 16=0.1%, 32=0.1%, >=64=100.0%
     submit    : 0=0.0%, 4=100.0%, 8=0.0%, 16=0.0%, 32=0.0%, 64=0.0%, >=64=0.0%
     complete  : 0=0.0%, 4=100.0%, 8=0.0%, 16=0.0%, 32=0.0%, 64=0.0%, >=64=0.1%
     issued rwts: total=7581808,0,0,0 short=0,0,0,0 dropped=0,0,0,0
     latency   : target=0, window=0, percentile=100.00%, depth=256

Run status group 0 (all jobs):
   READ: bw=98.6MiB/s (103MB/s), 98.6MiB/s-98.6MiB/s (103MB/s-103MB/s), io=28.9GiB (31.1GB), run=300254-300254msec
