test: (g=0): rw=read, bs=(R) 4096B-4096B, (W) 4096B-4096B, (T) 4096B-4096B, ioengine=libaio, iodepth=256
...
fio-3.27
Starting 16 processes
seq-read: Laying out IO file (1 file / 1024MiB)
seq-read: Laying out IO file (1 file / 1024MiB)
seq-read: Laying out IO file (1 file / 1024MiB)
seq-read: Laying out IO file (1 file / 1024MiB)
seq-read: Laying out IO file (1 file / 1024MiB)
seq-read: Laying out IO file (1 file / 1024MiB)
seq-read: Laying out IO file (1 file / 1024MiB)
seq-read: Laying out IO file (1 file / 1024MiB)

test: (groupid=0, jobs=16): err= 0: pid=3044: Tue Jul 20 14:45:33 2021
  read: IOPS=35.8k, BW=140MiB/s (147MB/s)(41.0GiB/300024msec)
    slat (usec): min=10, max=266446, avg=435.15, stdev=3186.37
    clat (usec): min=10, max=18160k, avg=113814.04, stdev=577721.45
     lat (usec): min=22, max=18208k, avg=114250.10, stdev=579861.50
    clat percentiles (msec):
     |  1.00th=[    5],  5.00th=[    5], 10.00th=[    5], 20.00th=[    5],
     | 30.00th=[    5], 40.00th=[    5], 50.00th=[    6], 60.00th=[    6],
     | 70.00th=[    6], 80.00th=[    6], 90.00th=[   26], 95.00th=[  902],
     | 99.00th=[ 2635], 99.50th=[ 3574], 99.90th=[ 7617], 99.95th=[ 9060],
     | 99.99th=[15637]
   bw (  KiB/s): min=  472, max=2204768, per=100.00%, avg=146879.41, stdev=23589.96, samples=9546
   iops        : min=  118, max=551192, avg=36719.32, stdev=5897.50, samples=9546
  lat (usec)   : 20=0.01%, 50=0.01%, 100=0.01%, 250=0.01%, 500=0.01%
  lat (usec)   : 750=0.01%, 1000=0.01%
  lat (msec)   : 2=0.01%, 4=0.01%, 10=82.19%, 20=6.31%, 50=5.45%
  lat (msec)   : 100=0.05%, 250=0.01%, 500=0.01%, 750=0.17%, 1000=2.08%
  lat (msec)   : 2000=2.10%, >=2000=1.62%
  cpu          : usr=2.10%, sys=6.89%, ctx=632509, majf=0, minf=4731
  IO depths    : 1=0.1%, 2=0.1%, 4=0.1%, 8=0.1%, 16=0.1%, 32=0.1%, >=64=100.0%
     submit    : 0=0.0%, 4=100.0%, 8=0.0%, 16=0.0%, 32=0.0%, 64=0.0%, >=64=0.0%
     complete  : 0=0.0%, 4=100.0%, 8=0.0%, 16=0.0%, 32=0.0%, 64=0.0%, >=64=0.1%
     issued rwts: total=10740799,0,0,0 short=0,0,0,0 dropped=0,0,0,0
     latency   : target=0, window=0, percentile=100.00%, depth=256

Run status group 0 (all jobs):
   READ: bw=140MiB/s (147MB/s), 140MiB/s-140MiB/s (147MB/s-147MB/s), io=41.0GiB (44.0GB), run=300024-300024msec
