readwrite: (g=0): rw=rw, bs=(R) 4096B-4096B, (W) 4096B-4096B, (T) 4096B-4096B, ioengine=libaio, iodepth=256
...
fio-3.27
Starting 4 processes
readwrite: Laying out IO file (1 file / 1024MiB)
readwrite: Laying out IO file (1 file / 1024MiB)

readwrite: (groupid=0, jobs=4): err= 0: pid=51052: Wed Jul 21 18:33:38 2021
  read: IOPS=19.6k, BW=76.6MiB/s (80.3MB/s)(22.4GiB/300036msec)
    slat (usec): min=7, max=311062, avg=106.78, stdev=1616.65
    clat (usec): min=13, max=6052.6k, avg=26020.59, stdev=107888.41
     lat (usec): min=103, max=6057.4k, avg=26128.14, stdev=108649.69
    clat percentiles (msec):
     |  1.00th=[   12],  5.00th=[   13], 10.00th=[   13], 20.00th=[   13],
     | 30.00th=[   14], 40.00th=[   14], 50.00th=[   14], 60.00th=[   14],
     | 70.00th=[   14], 80.00th=[   14], 90.00th=[   15], 95.00th=[   19],
     | 99.00th=[  460], 99.50th=[  751], 99.90th=[ 1536], 99.95th=[ 1854],
     | 99.99th=[ 2802]
   bw (  KiB/s): min=  256, max=166952, per=100.00%, avg=79086.81, stdev=15265.72, samples=2383
   iops        : min=   64, max=41738, avg=19771.71, stdev=3816.43, samples=2383
  write: IOPS=19.6k, BW=76.5MiB/s (80.3MB/s)(22.4GiB/300036msec); 0 zone resets
    slat (usec): min=68, max=166050, avg=75.73, stdev=83.49
    clat (usec): min=11, max=6052.6k, avg=26017.47, stdev=107941.42
     lat (usec): min=82, max=6052.7k, avg=26094.30, stdev=107943.55
    clat percentiles (msec):
     |  1.00th=[   12],  5.00th=[   13], 10.00th=[   13], 20.00th=[   13],
     | 30.00th=[   14], 40.00th=[   14], 50.00th=[   14], 60.00th=[   14],
     | 70.00th=[   14], 80.00th=[   14], 90.00th=[   15], 95.00th=[   19],
     | 99.00th=[  460], 99.50th=[  751], 99.90th=[ 1536], 99.95th=[ 1871],
     | 99.99th=[ 2869]
   bw (  KiB/s): min=  248, max=164064, per=100.00%, avg=79029.78, stdev=15253.27, samples=2383
   iops        : min=   62, max=41016, avg=19757.44, stdev=3813.32, samples=2383
  lat (usec)   : 20=0.01%, 100=0.01%, 250=0.01%, 500=0.01%, 750=0.01%
  lat (usec)   : 1000=0.01%
  lat (msec)   : 2=0.01%, 4=0.01%, 10=0.01%, 20=95.86%, 50=2.02%
  lat (msec)   : 100=0.09%, 250=0.21%, 500=0.92%, 750=0.39%, 1000=0.23%
  lat (msec)   : 2000=0.24%, >=2000=0.04%
  cpu          : usr=9.49%, sys=46.99%, ctx=112765, majf=0, minf=173
  IO depths    : 1=0.1%, 2=0.1%, 4=0.1%, 8=0.1%, 16=0.1%, 32=0.1%, >=64=100.0%
     submit    : 0=0.0%, 4=100.0%, 8=0.0%, 16=0.0%, 32=0.0%, 64=0.0%, >=64=0.0%
     complete  : 0=0.0%, 4=100.0%, 8=0.0%, 16=0.0%, 32=0.0%, 64=0.0%, >=64=0.1%
     issued rwts: total=5882989,5879025,0,0 short=0,0,0,0 dropped=0,0,0,0
     latency   : target=0, window=0, percentile=100.00%, depth=256

Run status group 0 (all jobs):
   READ: bw=76.6MiB/s (80.3MB/s), 76.6MiB/s-76.6MiB/s (80.3MB/s-80.3MB/s), io=22.4GiB (24.1GB), run=300036-300036msec
  WRITE: bw=76.5MiB/s (80.3MB/s), 76.5MiB/s-76.5MiB/s (80.3MB/s-80.3MB/s), io=22.4GiB (24.1GB), run=300036-300036msec
