test: (g=0): rw=read, bs=(R) 4096B-4096B, (W) 4096B-4096B, (T) 4096B-4096B, ioengine=libaio, iodepth=256
...
fio-3.27
Starting 4 processes
seq-read: Laying out IO file (1 file / 1024MiB)
seq-read: Laying out IO file (1 file / 1024MiB)

test: (groupid=0, jobs=4): err= 0: pid=204395: Tue Jul 20 13:29:10 2021
  read: IOPS=34.9k, BW=136MiB/s (143MB/s)(39.9GiB/300087msec)
    slat (usec): min=10, max=1093.3k, avg=103.00, stdev=1242.02
    clat (usec): min=10, max=5548.2k, avg=29226.32, stdev=126289.63
     lat (usec): min=22, max=5597.0k, avg=29330.20, stdev=126724.24
    clat percentiles (msec):
     |  1.00th=[    5],  5.00th=[    5], 10.00th=[    5], 20.00th=[    5],
     | 30.00th=[    5], 40.00th=[    5], 50.00th=[    6], 60.00th=[    6],
     | 70.00th=[    6], 80.00th=[    6], 90.00th=[   26], 95.00th=[  213],
     | 99.00th=[  542], 99.50th=[  735], 99.90th=[ 1536], 99.95th=[ 2022],
     | 99.99th=[ 3608]
   bw (  KiB/s): min=   32, max=656944, per=100.00%, avg=144541.97, stdev=34200.45, samples=2367
   iops        : min=    8, max=164236, avg=36135.28, stdev=8550.12, samples=2367
  lat (usec)   : 20=0.01%, 50=0.01%, 100=0.01%, 250=0.01%, 500=0.01%
  lat (usec)   : 750=0.01%, 1000=0.01%
  lat (msec)   : 2=0.01%, 4=0.01%, 10=84.04%, 20=5.16%, 50=5.55%
  lat (msec)   : 100=0.07%, 250=0.79%, 500=3.22%, 750=0.71%, 1000=0.23%
  lat (msec)   : 2000=0.19%, >=2000=0.05%
  cpu          : usr=7.91%, sys=24.94%, ctx=533049, majf=0, minf=1182
  IO depths    : 1=0.1%, 2=0.1%, 4=0.1%, 8=0.1%, 16=0.1%, 32=0.1%, >=64=100.0%
     submit    : 0=0.0%, 4=100.0%, 8=0.0%, 16=0.0%, 32=0.0%, 64=0.0%, >=64=0.0%
     complete  : 0=0.0%, 4=100.0%, 8=0.0%, 16=0.0%, 32=0.0%, 64=0.0%, >=64=0.1%
     issued rwts: total=10461529,0,0,0 short=0,0,0,0 dropped=0,0,0,0
     latency   : target=0, window=0, percentile=100.00%, depth=256

Run status group 0 (all jobs):
   READ: bw=136MiB/s (143MB/s), 136MiB/s-136MiB/s (143MB/s-143MB/s), io=39.9GiB (42.8GB), run=300087-300087msec
