test: (g=0): rw=randread, bs=(R) 4096B-4096B, (W) 4096B-4096B, (T) 4096B-4096B, ioengine=libaio, iodepth=256
...
fio-3.27
Starting 32 processes
rand-read: Laying out IO file (1 file / 1024MiB)
rand-read: Laying out IO file (1 file / 1024MiB)
rand-read: Laying out IO file (1 file / 1024MiB)
rand-read: Laying out IO file (1 file / 1024MiB)
rand-read: Laying out IO file (1 file / 1024MiB)
rand-read: Laying out IO file (1 file / 1024MiB)
rand-read: Laying out IO file (1 file / 1024MiB)
rand-read: Laying out IO file (1 file / 1024MiB)
rand-read: Laying out IO file (1 file / 1024MiB)
rand-read: Laying out IO file (1 file / 1024MiB)
rand-read: Laying out IO file (1 file / 1024MiB)
rand-read: Laying out IO file (1 file / 1024MiB)
rand-read: Laying out IO file (1 file / 1024MiB)
rand-read: Laying out IO file (1 file / 1024MiB)
rand-read: Laying out IO file (1 file / 1024MiB)
rand-read: Laying out IO file (1 file / 1024MiB)

test: (groupid=0, jobs=32): err= 0: pid=218871: Mon Jul 19 22:26:17 2021
  read: IOPS=621, BW=2488KiB/s (2548kB/s)(729MiB/300074msec)
    slat (msec): min=3, max=390, avg=51.41, stdev=15.71
    clat (usec): min=15, max=15975k, avg=12857048.42, stdev=1768977.44
     lat (msec): min=24, max=16046, avg=12908.47, stdev=1770.36
    clat percentiles (msec):
     |  1.00th=[ 3004],  5.00th=[11610], 10.00th=[11879], 20.00th=[12147],
     | 30.00th=[12550], 40.00th=[12953], 50.00th=[13221], 60.00th=[13355],
     | 70.00th=[13624], 80.00th=[13892], 90.00th=[14160], 95.00th=[14429],
     | 99.00th=[15100], 99.50th=[15503], 99.90th=[15771], 99.95th=[15771],
     | 99.99th=[15905]
   bw (  KiB/s): min= 1048, max= 3096, per=99.68%, avg=2480.61, stdev= 8.31, samples=18388
   iops        : min=  262, max=  774, avg=620.15, stdev= 2.08, samples=18388
  lat (usec)   : 20=0.01%, 50=0.01%
  lat (msec)   : 50=0.01%, 100=0.02%, 250=0.06%, 500=0.08%, 750=0.08%
  lat (msec)   : 1000=0.08%, 2000=0.32%, >=2000=99.33%
  cpu          : usr=0.06%, sys=0.37%, ctx=186857, majf=0, minf=9444
  IO depths    : 1=0.1%, 2=0.1%, 4=0.1%, 8=0.1%, 16=0.3%, 32=0.5%, >=64=98.9%
     submit    : 0=0.0%, 4=100.0%, 8=0.0%, 16=0.0%, 32=0.0%, 64=0.0%, >=64=0.0%
     complete  : 0=0.0%, 4=100.0%, 8=0.0%, 16=0.0%, 32=0.0%, 64=0.0%, >=64=0.1%
     issued rwts: total=186639,0,0,0 short=0,0,0,0 dropped=0,0,0,0
     latency   : target=0, window=0, percentile=100.00%, depth=256

Run status group 0 (all jobs):
   READ: bw=2488KiB/s (2548kB/s), 2488KiB/s-2488KiB/s (2548kB/s-2548kB/s), io=729MiB (764MB), run=300074-300074msec
