test: (g=0): rw=read, bs=(R) 4096B-4096B, (W) 4096B-4096B, (T) 4096B-4096B, ioengine=libaio, iodepth=256
...
fio-3.27
Starting 16 processes
seq-read: Laying out IO file (1 file / 1024MiB)
seq-read: Laying out IO file (1 file / 1024MiB)
seq-read: Laying out IO file (1 file / 1024MiB)
seq-read: Laying out IO file (1 file / 1024MiB)
seq-read: Laying out IO file (1 file / 1024MiB)
seq-read: Laying out IO file (1 file / 1024MiB)
seq-read: Laying out IO file (1 file / 1024MiB)
seq-read: Laying out IO file (1 file / 1024MiB)

test: (groupid=0, jobs=16): err= 0: pid=254927: Tue Jul 20 14:45:33 2021
  read: IOPS=33.4k, BW=130MiB/s (137MB/s)(38.2GiB/300046msec)
    slat (usec): min=10, max=574487, avg=467.15, stdev=3659.25
    clat (usec): min=10, max=19362k, avg=122013.31, stdev=632254.64
     lat (usec): min=23, max=19423k, avg=122481.38, stdev=634585.36
    clat percentiles (msec):
     |  1.00th=[    5],  5.00th=[    5], 10.00th=[    5], 20.00th=[    6],
     | 30.00th=[    6], 40.00th=[    6], 50.00th=[    6], 60.00th=[    6],
     | 70.00th=[    6], 80.00th=[    6], 90.00th=[   26], 95.00th=[  919],
     | 99.00th=[ 3071], 99.50th=[ 4077], 99.90th=[ 8154], 99.95th=[ 9597],
     | 99.99th=[15368]
   bw (  KiB/s): min=  368, max=2196224, per=100.00%, avg=136975.71, stdev=24125.59, samples=9543
   iops        : min=   92, max=549056, avg=34243.88, stdev=6031.39, samples=9543
  lat (usec)   : 20=0.01%, 50=0.01%, 100=0.01%, 250=0.01%, 500=0.01%
  lat (usec)   : 750=0.01%, 1000=0.01%
  lat (msec)   : 2=0.01%, 4=0.01%, 10=81.43%, 20=7.50%, 50=5.41%
  lat (msec)   : 100=0.08%, 250=0.04%, 500=0.02%, 750=0.02%, 1000=1.35%
  lat (msec)   : 2000=2.12%, >=2000=2.03%
  cpu          : usr=1.96%, sys=6.47%, ctx=544314, majf=0, minf=4730
  IO depths    : 1=0.1%, 2=0.1%, 4=0.1%, 8=0.1%, 16=0.1%, 32=0.1%, >=64=100.0%
     submit    : 0=0.0%, 4=100.0%, 8=0.0%, 16=0.0%, 32=0.0%, 64=0.0%, >=64=0.0%
     complete  : 0=0.0%, 4=100.0%, 8=0.0%, 16=0.0%, 32=0.0%, 64=0.0%, >=64=0.1%
     issued rwts: total=10021411,0,0,0 short=0,0,0,0 dropped=0,0,0,0
     latency   : target=0, window=0, percentile=100.00%, depth=256

Run status group 0 (all jobs):
   READ: bw=130MiB/s (137MB/s), 130MiB/s-130MiB/s (137MB/s-137MB/s), io=38.2GiB (41.0GB), run=300046-300046msec
