test: (g=0): rw=randread, bs=(R) 4096B-4096B, (W) 4096B-4096B, (T) 4096B-4096B, ioengine=libaio, iodepth=256
...
fio-3.27
Starting 32 processes
rand-read: Laying out IO file (1 file / 1024MiB)
rand-read: Laying out IO file (1 file / 1024MiB)
rand-read: Laying out IO file (1 file / 1024MiB)
rand-read: Laying out IO file (1 file / 1024MiB)
rand-read: Laying out IO file (1 file / 1024MiB)
rand-read: Laying out IO file (1 file / 1024MiB)
rand-read: Laying out IO file (1 file / 1024MiB)
rand-read: Laying out IO file (1 file / 1024MiB)
rand-read: Laying out IO file (1 file / 1024MiB)
rand-read: Laying out IO file (1 file / 1024MiB)
rand-read: Laying out IO file (1 file / 1024MiB)
rand-read: Laying out IO file (1 file / 1024MiB)
rand-read: Laying out IO file (1 file / 1024MiB)
rand-read: Laying out IO file (1 file / 1024MiB)
rand-read: Laying out IO file (1 file / 1024MiB)
rand-read: Laying out IO file (1 file / 1024MiB)

test: (groupid=0, jobs=32): err= 0: pid=181200: Tue Jul 20 11:42:03 2021
  read: IOPS=449, BW=1798KiB/s (1841kB/s)(527MiB/300170msec)
    slat (msec): min=2, max=433, avg=71.14, stdev=27.57
    clat (usec): min=17, max=35115k, avg=17745752.04, stdev=5199874.22
     lat (msec): min=32, max=35229, avg=17816.90, stdev=5214.99
    clat percentiles (msec):
     |  1.00th=[ 3138],  5.00th=[13892], 10.00th=[14429], 20.00th=[14832],
     | 30.00th=[15100], 40.00th=[15771], 50.00th=[16442], 60.00th=[16711],
     | 70.00th=[17113], 80.00th=[17113], 90.00th=[17113], 95.00th=[17113],
     | 99.00th=[17113], 99.50th=[17113], 99.90th=[17113], 99.95th=[17113],
     | 99.99th=[17113]
   bw (  KiB/s): min=  776, max= 2464, per=98.56%, avg=1772.50, stdev= 7.56, samples=18258
   iops        : min=  194, max=  616, avg=443.12, stdev= 1.89, samples=18258
  lat (usec)   : 20=0.01%, 50=0.02%
  lat (msec)   : 50=0.01%, 100=0.02%, 250=0.05%, 500=0.08%, 750=0.08%
  lat (msec)   : 1000=0.08%, 2000=0.31%, >=2000=99.35%
  cpu          : usr=0.04%, sys=0.27%, ctx=135123, majf=0, minf=9442
  IO depths    : 1=0.1%, 2=0.1%, 4=0.1%, 8=0.2%, 16=0.4%, 32=0.8%, >=64=98.5%
     submit    : 0=0.0%, 4=100.0%, 8=0.0%, 16=0.0%, 32=0.0%, 64=0.0%, >=64=0.0%
     complete  : 0=0.0%, 4=100.0%, 8=0.0%, 16=0.0%, 32=0.0%, 64=0.0%, >=64=0.1%
     issued rwts: total=134913,0,0,0 short=0,0,0,0 dropped=0,0,0,0
     latency   : target=0, window=0, percentile=100.00%, depth=256

Run status group 0 (all jobs):
   READ: bw=1798KiB/s (1841kB/s), 1798KiB/s-1798KiB/s (1841kB/s-1841kB/s), io=527MiB (553MB), run=300170-300170msec
