test: (g=0): rw=read, bs=(R) 4096B-4096B, (W) 4096B-4096B, (T) 4096B-4096B, ioengine=libaio, iodepth=256
fio-3.27
Starting 1 process
test: Laying out IO file (1 file / 1024MiB)

test: (groupid=0, jobs=1): err= 0: pid=194679: Tue Jul 20 13:17:49 2021
  read: IOPS=33.2k, BW=130MiB/s (136MB/s)(37.9GiB/300001msec)
    slat (usec): min=10, max=642504, avg=19.07, stdev=392.55
    clat (usec): min=10, max=981832, avg=7690.78, stdev=28626.51
     lat (usec): min=22, max=981886, avg=7710.64, stdev=28633.82
    clat percentiles (msec):
     |  1.00th=[    5],  5.00th=[    5], 10.00th=[    5], 20.00th=[    5],
     | 30.00th=[    5], 40.00th=[    5], 50.00th=[    5], 60.00th=[    5],
     | 70.00th=[    6], 80.00th=[    6], 90.00th=[   16], 95.00th=[   26],
     | 99.00th=[   27], 99.50th=[   27], 99.90th=[  300], 99.95th=[  894],
     | 99.99th=[  927]
   bw (  KiB/s): min=   16, max=168368, per=100.00%, avg=138463.26, stdev=48377.25, samples=574
   iops        : min=    4, max=42092, avg=34615.79, stdev=12094.32, samples=574
  lat (usec)   : 20=0.01%, 50=0.01%, 100=0.01%, 250=0.01%, 500=0.01%
  lat (usec)   : 750=0.01%, 1000=0.01%
  lat (msec)   : 2=0.01%, 4=0.01%, 10=89.23%, 20=4.67%, 50=5.92%
  lat (msec)   : 100=0.02%, 250=0.06%, 500=0.01%, 750=0.01%, 1000=0.09%
  cpu          : usr=27.49%, sys=70.69%, ctx=7565, majf=0, minf=294
  IO depths    : 1=0.1%, 2=0.1%, 4=0.1%, 8=0.1%, 16=0.1%, 32=0.1%, >=64=100.0%
     submit    : 0=0.0%, 4=100.0%, 8=0.0%, 16=0.0%, 32=0.0%, 64=0.0%, >=64=0.0%
     complete  : 0=0.0%, 4=100.0%, 8=0.0%, 16=0.0%, 32=0.0%, 64=0.0%, >=64=0.1%
     issued rwts: total=9945672,0,0,0 short=0,0,0,0 dropped=0,0,0,0
     latency   : target=0, window=0, percentile=100.00%, depth=256

Run status group 0 (all jobs):
   READ: bw=130MiB/s (136MB/s), 130MiB/s-130MiB/s (136MB/s-136MB/s), io=37.9GiB (40.7GB), run=300001-300001msec
