readwrite: (g=0): rw=rw, bs=(R) 4096B-4096B, (W) 4096B-4096B, (T) 4096B-4096B, ioengine=libaio, iodepth=256
...
fio-3.27
Starting 64 processes

readwrite: (groupid=0, jobs=64): err= 0: pid=2158: Wed Jul 21 16:28:42 2021
  read: IOPS=97.2k, BW=380MiB/s (398MB/s)(111GiB/300732msec)
    slat (usec): min=7, max=9250.2k, avg=504.59, stdev=7480.92
    clat (usec): min=10, max=22206k, avg=83318.42, stdev=492071.15
     lat (usec): min=20, max=22219k, avg=83823.87, stdev=495242.68
    clat percentiles (msec):
     |  1.00th=[   13],  5.00th=[   14], 10.00th=[   14], 20.00th=[   15],
     | 30.00th=[   15], 40.00th=[   15], 50.00th=[   16], 60.00th=[   16],
     | 70.00th=[   17], 80.00th=[   19], 90.00th=[   21], 95.00th=[   24],
     | 99.00th=[ 2198], 99.50th=[ 3473], 99.90th=[ 6611], 99.95th=[ 8221],
     | 99.99th=[13221]
   bw (  KiB/s): min=  568, max=2266779, per=100.00%, avg=405956.22, stdev=9909.98, samples=36908
   iops        : min=  142, max=566693, avg=101488.23, stdev=2477.48, samples=36908
  write: IOPS=97.2k, BW=380MiB/s (398MB/s)(112GiB/300732msec); 0 zone resets
    slat (usec): min=68, max=9158.0k, avg=130.07, stdev=4795.89
    clat (usec): min=11, max=22209k, avg=82542.32, stdev=485837.82
     lat (usec): min=94, max=22337k, avg=82673.57, stdev=486178.12
    clat percentiles (msec):
     |  1.00th=[   13],  5.00th=[   14], 10.00th=[   14], 20.00th=[   15],
     | 30.00th=[   15], 40.00th=[   15], 50.00th=[   16], 60.00th=[   16],
     | 70.00th=[   17], 80.00th=[   19], 90.00th=[   21], 95.00th=[   24],
     | 99.00th=[ 2165], 99.50th=[ 3440], 99.90th=[ 6477], 99.95th=[ 8087],
     | 99.99th=[12818]
   bw (  KiB/s): min=  544, max=2266587, per=100.00%, avg=406388.55, stdev=9904.78, samples=36917
   iops        : min=  136, max=566646, avg=101596.26, stdev=2476.18, samples=36917
  lat (usec)   : 20=0.01%, 50=0.01%, 100=0.01%, 250=0.01%, 500=0.01%
  lat (usec)   : 750=0.01%, 1000=0.01%
  lat (msec)   : 2=0.01%, 4=0.01%, 10=0.01%, 20=88.62%, 50=7.21%
  lat (msec)   : 100=0.20%, 250=0.37%, 500=0.54%, 750=0.47%, 1000=0.42%
  lat (msec)   : 2000=1.06%, >=2000=1.11%
  cpu          : usr=3.15%, sys=17.13%, ctx=801934, majf=0, minf=2850
  IO depths    : 1=0.1%, 2=0.1%, 4=0.1%, 8=0.1%, 16=0.1%, 32=0.1%, >=64=100.0%
     submit    : 0=0.0%, 4=100.0%, 8=0.0%, 16=0.0%, 32=0.0%, 64=0.0%, >=64=0.0%
     complete  : 0=0.0%, 4=100.0%, 8=0.0%, 16=0.0%, 32=0.0%, 64=0.0%, >=64=0.1%
     issued rwts: total=29223417,29231323,0,0 short=0,0,0,0 dropped=0,0,0,0
     latency   : target=0, window=0, percentile=100.00%, depth=256

Run status group 0 (all jobs):
   READ: bw=380MiB/s (398MB/s), 380MiB/s-380MiB/s (398MB/s-398MB/s), io=111GiB (120GB), run=300732-300732msec
  WRITE: bw=380MiB/s (398MB/s), 380MiB/s-380MiB/s (398MB/s-398MB/s), io=112GiB (120GB), run=300732-300732msec
