test: (g=0): rw=randread, bs=(R) 4096B-4096B, (W) 4096B-4096B, (T) 4096B-4096B, ioengine=libaio, iodepth=256
fio-3.27
Starting 1 process
test: Laying out IO file (1 file / 1024MiB)

test: (groupid=0, jobs=1): err= 0: pid=115784: Tue Jul 20 10:05:39 2021
  read: IOPS=190, BW=764KiB/s (782kB/s)(224MiB/300004msec)
    slat (usec): min=459, max=72453, avg=5217.94, stdev=4014.12
    clat (usec): min=12, max=1671.9k, avg=1332562.62, stdev=91934.30
     lat (msec): min=9, max=1676, avg=1337.78, stdev=92.09
    clat percentiles (msec):
     |  1.00th=[ 1167],  5.00th=[ 1217], 10.00th=[ 1250], 20.00th=[ 1267],
     | 30.00th=[ 1301], 40.00th=[ 1318], 50.00th=[ 1334], 60.00th=[ 1351],
     | 70.00th=[ 1368], 80.00th=[ 1401], 90.00th=[ 1435], 95.00th=[ 1469],
     | 99.00th=[ 1536], 99.50th=[ 1552], 99.90th=[ 1636], 99.95th=[ 1653],
     | 99.99th=[ 1670]
   bw (  KiB/s): min=  568, max=  952, per=99.88%, avg=763.66, stdev=61.79, samples=597
   iops        : min=  142, max=  238, avg=190.90, stdev=15.45, samples=597
  lat (usec)   : 20=0.01%
  lat (msec)   : 10=0.01%, 20=0.01%, 50=0.01%, 100=0.01%, 250=0.06%
  lat (msec)   : 500=0.09%, 750=0.09%, 1000=0.09%, 2000=99.64%
  cpu          : usr=0.39%, sys=2.68%, ctx=57313, majf=0, minf=293
  IO depths    : 1=0.1%, 2=0.1%, 4=0.1%, 8=0.1%, 16=0.1%, 32=0.1%, >=64=99.9%
     submit    : 0=0.0%, 4=100.0%, 8=0.0%, 16=0.0%, 32=0.0%, 64=0.0%, >=64=0.0%
     complete  : 0=0.0%, 4=100.0%, 8=0.0%, 16=0.0%, 32=0.0%, 64=0.0%, >=64=0.1%
     issued rwts: total=57297,0,0,0 short=0,0,0,0 dropped=0,0,0,0
     latency   : target=0, window=0, percentile=100.00%, depth=256

Run status group 0 (all jobs):
   READ: bw=764KiB/s (782kB/s), 764KiB/s-764KiB/s (782kB/s-782kB/s), io=224MiB (235MB), run=300004-300004msec
