readwrite: (g=0): rw=rw, bs=(R) 4096B-4096B, (W) 4096B-4096B, (T) 4096B-4096B, ioengine=libaio, iodepth=256
...
fio-3.27
Starting 2 processes
readwrite: Laying out IO file (1 file / 1024MiB)

readwrite: (groupid=0, jobs=2): err= 0: pid=100349: Wed Jul 21 18:27:47 2021
  read: IOPS=12.3k, BW=47.9MiB/s (50.2MB/s)(14.0GiB/300001msec)
    slat (usec): min=7, max=114934, avg=66.51, stdev=692.54
    clat (usec): min=10, max=941258, avg=20803.32, stdev=45369.85
     lat (usec): min=21, max=941269, avg=20870.62, stdev=45653.64
    clat percentiles (msec):
     |  1.00th=[   12],  5.00th=[   13], 10.00th=[   13], 20.00th=[   13],
     | 30.00th=[   14], 40.00th=[   14], 50.00th=[   14], 60.00th=[   14],
     | 70.00th=[   14], 80.00th=[   14], 90.00th=[   15], 95.00th=[   24],
     | 99.00th=[  266], 99.50th=[  338], 99.90th=[  550], 99.95th=[  760],
     | 99.99th=[  919]
   bw (  KiB/s): min=  432, max=83360, per=100.00%, avg=49400.63, stdev=15833.57, samples=1190
   iops        : min=  108, max=20840, avg=12350.16, stdev=3958.39, samples=1190
  write: IOPS=12.3k, BW=47.9MiB/s (50.2MB/s)(14.0GiB/300001msec); 0 zone resets
    slat (usec): min=68, max=5618, avg=75.00, stdev=15.34
    clat (usec): min=12, max=941184, avg=20810.34, stdev=45301.71
     lat (usec): min=84, max=941255, avg=20886.43, stdev=45303.87
    clat percentiles (msec):
     |  1.00th=[   12],  5.00th=[   13], 10.00th=[   13], 20.00th=[   13],
     | 30.00th=[   14], 40.00th=[   14], 50.00th=[   14], 60.00th=[   14],
     | 70.00th=[   14], 80.00th=[   14], 90.00th=[   15], 95.00th=[   23],
     | 99.00th=[  266], 99.50th=[  338], 99.90th=[  542], 99.95th=[  760],
     | 99.99th=[  919]
   bw (  KiB/s): min=  464, max=81760, per=100.00%, avg=49379.56, stdev=15817.16, samples=1190
   iops        : min=  116, max=20440, avg=12344.89, stdev=3954.29, samples=1190
  lat (usec)   : 20=0.01%, 50=0.01%, 100=0.01%, 250=0.01%, 500=0.01%
  lat (usec)   : 750=0.01%, 1000=0.01%
  lat (msec)   : 2=0.01%, 4=0.01%, 10=0.01%, 20=94.85%, 50=1.97%
  lat (msec)   : 100=0.11%, 250=1.95%, 500=1.00%, 750=0.07%, 1000=0.05%
  cpu          : usr=11.96%, sys=59.10%, ctx=112349, majf=0, minf=87
  IO depths    : 1=0.1%, 2=0.1%, 4=0.1%, 8=0.1%, 16=0.1%, 32=0.1%, >=64=100.0%
     submit    : 0=0.0%, 4=100.0%, 8=0.0%, 16=0.0%, 32=0.0%, 64=0.0%, >=64=0.0%
     complete  : 0=0.0%, 4=100.0%, 8=0.0%, 16=0.0%, 32=0.0%, 64=0.0%, >=64=0.1%
     issued rwts: total=3677715,3676163,0,0 short=0,0,0,0 dropped=0,0,0,0
     latency   : target=0, window=0, percentile=100.00%, depth=256

Run status group 0 (all jobs):
   READ: bw=47.9MiB/s (50.2MB/s), 47.9MiB/s-47.9MiB/s (50.2MB/s-50.2MB/s), io=14.0GiB (15.1GB), run=300001-300001msec
  WRITE: bw=47.9MiB/s (50.2MB/s), 47.9MiB/s-47.9MiB/s (50.2MB/s-50.2MB/s), io=14.0GiB (15.1GB), run=300001-300001msec
