test: (g=0): rw=randread, bs=(R) 4096B-4096B, (W) 4096B-4096B, (T) 4096B-4096B, ioengine=libaio, iodepth=256
...
fio-3.27
Starting 32 processes
rand-read: Laying out IO file (1 file / 1024MiB)
rand-read: Laying out IO file (1 file / 1024MiB)
rand-read: Laying out IO file (1 file / 1024MiB)
rand-read: Laying out IO file (1 file / 1024MiB)
rand-read: Laying out IO file (1 file / 1024MiB)
rand-read: Laying out IO file (1 file / 1024MiB)
rand-read: Laying out IO file (1 file / 1024MiB)
rand-read: Laying out IO file (1 file / 1024MiB)
rand-read: Laying out IO file (1 file / 1024MiB)
rand-read: Laying out IO file (1 file / 1024MiB)
rand-read: Laying out IO file (1 file / 1024MiB)
rand-read: Laying out IO file (1 file / 1024MiB)
rand-read: Laying out IO file (1 file / 1024MiB)
rand-read: Laying out IO file (1 file / 1024MiB)
rand-read: Laying out IO file (1 file / 1024MiB)
rand-read: Laying out IO file (1 file / 1024MiB)

test: (groupid=0, jobs=32): err= 0: pid=146007: Tue Jul 20 10:43:02 2021
  read: IOPS=910, BW=3640KiB/s (3728kB/s)(1067MiB/300036msec)
    slat (usec): min=699, max=300932, avg=35131.34, stdev=15207.86
    clat (usec): min=13, max=11917k, avg=8831874.16, stdev=1582678.27
     lat (msec): min=2, max=11958, avg=8867.01, stdev=1586.88
    clat percentiles (msec):
     |  1.00th=[ 2106],  5.00th=[ 7215], 10.00th=[ 7416], 20.00th=[ 7684],
     | 30.00th=[ 7886], 40.00th=[ 8087], 50.00th=[ 8490], 60.00th=[ 9731],
     | 70.00th=[10000], 80.00th=[10268], 90.00th=[10537], 95.00th=[10805],
     | 99.00th=[11208], 99.50th=[11342], 99.90th=[11610], 99.95th=[11745],
     | 99.99th=[11879]
   bw (  KiB/s): min= 1664, max= 5544, per=99.71%, avg=3630.26, stdev=13.54, samples=18606
   iops        : min=  416, max= 1386, avg=907.57, stdev= 3.39, samples=18606
  lat (usec)   : 20=0.01%, 50=0.01%
  lat (msec)   : 4=0.01%, 10=0.01%, 20=0.01%, 50=0.03%, 100=0.05%
  lat (msec)   : 250=0.14%, 500=0.16%, 750=0.12%, 1000=0.10%, 2000=0.33%
  lat (msec)   : >=2000=99.03%
  cpu          : usr=0.08%, sys=0.53%, ctx=273296, majf=0, minf=9446
  IO depths    : 1=0.1%, 2=0.1%, 4=0.1%, 8=0.1%, 16=0.2%, 32=0.4%, >=64=99.3%
     submit    : 0=0.0%, 4=100.0%, 8=0.0%, 16=0.0%, 32=0.0%, 64=0.0%, >=64=0.0%
     complete  : 0=0.0%, 4=100.0%, 8=0.0%, 16=0.0%, 32=0.0%, 64=0.0%, >=64=0.1%
     issued rwts: total=273062,0,0,0 short=0,0,0,0 dropped=0,0,0,0
     latency   : target=0, window=0, percentile=100.00%, depth=256

Run status group 0 (all jobs):
   READ: bw=3640KiB/s (3728kB/s), 3640KiB/s-3640KiB/s (3728kB/s-3728kB/s), io=1067MiB (1118MB), run=300036-300036msec
