readwrite: (g=0): rw=rw, bs=(R) 4096B-4096B, (W) 4096B-4096B, (T) 4096B-4096B, ioengine=libaio, iodepth=256
...
fio-3.27
Starting 32 processes
readwrite: Laying out IO file (1 file / 1024MiB)
readwrite: Laying out IO file (1 file / 1024MiB)
readwrite: Laying out IO file (1 file / 1024MiB)
readwrite: Laying out IO file (1 file / 1024MiB)
readwrite: Laying out IO file (1 file / 1024MiB)
readwrite: Laying out IO file (1 file / 1024MiB)
readwrite: Laying out IO file (1 file / 1024MiB)
readwrite: Laying out IO file (1 file / 1024MiB)
readwrite: Laying out IO file (1 file / 1024MiB)
readwrite: Laying out IO file (1 file / 1024MiB)
readwrite: Laying out IO file (1 file / 1024MiB)
readwrite: Laying out IO file (1 file / 1024MiB)
readwrite: Laying out IO file (1 file / 1024MiB)
readwrite: Laying out IO file (1 file / 1024MiB)
readwrite: Laying out IO file (1 file / 1024MiB)
readwrite: Laying out IO file (1 file / 1024MiB)

readwrite: (groupid=0, jobs=32): err= 0: pid=10239: Wed Jul 21 17:59:57 2021
  read: IOPS=35.0k, BW=137MiB/s (143MB/s)(40.0GiB/300262msec)
    slat (usec): min=7, max=3348.6k, avg=812.33, stdev=11957.51
    clat (usec): min=10, max=36061k, avg=117344.21, stdev=1179168.12
     lat (usec): min=19, max=36361k, avg=118157.28, stdev=1187821.04
    clat percentiles (msec):
     |  1.00th=[   13],  5.00th=[   13], 10.00th=[   13], 20.00th=[   14],
     | 30.00th=[   14], 40.00th=[   14], 50.00th=[   14], 60.00th=[   15],
     | 70.00th=[   15], 80.00th=[   15], 90.00th=[   16], 95.00th=[   18],
     | 99.00th=[ 1737], 99.50th=[ 8926], 99.90th=[17113], 99.95th=[17113],
     | 99.99th=[17113]
   bw (  KiB/s): min=  256, max=772984, per=100.00%, avg=144433.00, stdev=8792.85, samples=18065
   iops        : min=   64, max=193241, avg=36108.14, stdev=2198.20, samples=18065
  write: IOPS=35.0k, BW=137MiB/s (143MB/s)(40.0GiB/300262msec); 0 zone resets
    slat (usec): min=68, max=372083, avg=81.45, stdev=211.57
    clat (usec): min=11, max=36105k, avg=115889.33, stdev=1168441.55
     lat (usec): min=88, max=36106k, avg=115971.90, stdev=1168444.08
    clat percentiles (msec):
     |  1.00th=[   13],  5.00th=[   13], 10.00th=[   13], 20.00th=[   14],
     | 30.00th=[   14], 40.00th=[   14], 50.00th=[   14], 60.00th=[   15],
     | 70.00th=[   15], 80.00th=[   15], 90.00th=[   16], 95.00th=[   17],
     | 99.00th=[ 1485], 99.50th=[ 8792], 99.90th=[17113], 99.95th=[17113],
     | 99.99th=[17113]
   bw (  KiB/s): min=  264, max=769654, per=100.00%, avg=144778.02, stdev=8774.69, samples=18089
   iops        : min=   66, max=192412, avg=36194.39, stdev=2193.66, samples=18089
  lat (usec)   : 20=0.01%, 50=0.01%, 100=0.01%, 250=0.01%, 500=0.01%
  lat (usec)   : 750=0.01%, 1000=0.01%
  lat (msec)   : 2=0.01%, 4=0.01%, 10=0.01%, 20=97.67%, 50=0.96%
  lat (msec)   : 100=0.09%, 250=0.09%, 500=0.07%, 750=0.03%, 1000=0.05%
  lat (msec)   : 2000=0.06%, >=2000=0.98%
  cpu          : usr=2.09%, sys=10.62%, ctx=109312, majf=0, minf=1420
  IO depths    : 1=0.1%, 2=0.1%, 4=0.1%, 8=0.1%, 16=0.1%, 32=0.1%, >=64=100.0%
     submit    : 0=0.0%, 4=100.0%, 8=0.0%, 16=0.0%, 32=0.0%, 64=0.0%, >=64=0.0%
     complete  : 0=0.0%, 4=100.0%, 8=0.0%, 16=0.0%, 32=0.0%, 64=0.0%, >=64=0.1%
     issued rwts: total=10495589,10495972,0,0 short=0,0,0,0 dropped=0,0,0,0
     latency   : target=0, window=0, percentile=100.00%, depth=256

Run status group 0 (all jobs):
   READ: bw=137MiB/s (143MB/s), 137MiB/s-137MiB/s (143MB/s-143MB/s), io=40.0GiB (43.0GB), run=300262-300262msec
  WRITE: bw=137MiB/s (143MB/s), 137MiB/s-137MiB/s (143MB/s-143MB/s), io=40.0GiB (43.0GB), run=300262-300262msec
