readwrite: (g=0): rw=rw, bs=(R) 4096B-4096B, (W) 4096B-4096B, (T) 4096B-4096B, ioengine=libaio, iodepth=256
fio-3.27
Starting 1 process
readwrite: Laying out IO file (1 file / 1024MiB)

readwrite: (groupid=0, jobs=1): err= 0: pid=83099: Wed Jul 21 19:21:48 2021
  read: IOPS=7811, BW=30.5MiB/s (32.0MB/s)(9154MiB/300001msec)
    slat (usec): min=7, max=101839, avg=34.91, stdev=392.70
    clat (usec): min=89, max=922103, avg=16329.09, stdev=24022.82
     lat (usec): min=100, max=922112, avg=16364.83, stdev=24097.87
    clat percentiles (msec):
     |  1.00th=[   12],  5.00th=[   13], 10.00th=[   13], 20.00th=[   13],
     | 30.00th=[   13], 40.00th=[   13], 50.00th=[   14], 60.00th=[   14],
     | 70.00th=[   14], 80.00th=[   14], 90.00th=[   14], 95.00th=[   25],
     | 99.00th=[  115], 99.50th=[  134], 99.90th=[  178], 99.95th=[  268],
     | 99.99th=[  919]
   bw (  KiB/s): min=   16, max=41512, per=100.00%, avg=31416.04, stdev=12633.77, samples=596
   iops        : min=    4, max=10378, avg=7853.98, stdev=3158.43, samples=596
  write: IOPS=7806, BW=30.5MiB/s (32.0MB/s)(9149MiB/300001msec); 0 zone resets
    slat (usec): min=68, max=4017, avg=71.60, stdev=12.68
    clat (usec): min=11, max=922046, avg=16328.70, stdev=23875.29
     lat (usec): min=82, max=922118, avg=16401.39, stdev=23876.87
    clat percentiles (msec):
     |  1.00th=[   12],  5.00th=[   13], 10.00th=[   13], 20.00th=[   13],
     | 30.00th=[   13], 40.00th=[   13], 50.00th=[   14], 60.00th=[   14],
     | 70.00th=[   14], 80.00th=[   14], 90.00th=[   14], 95.00th=[   25],
     | 99.00th=[  115], 99.50th=[  133], 99.90th=[  178], 99.95th=[  268],
     | 99.99th=[  894]
   bw (  KiB/s): min=   32, max=41312, per=100.00%, avg=31395.90, stdev=12606.20, samples=596
   iops        : min=    8, max=10328, avg=7848.93, stdev=3151.53, samples=596
  lat (usec)   : 20=0.01%, 100=0.01%, 250=0.01%, 500=0.01%, 750=0.01%
  lat (usec)   : 1000=0.01%
  lat (msec)   : 2=0.01%, 4=0.01%, 10=0.01%, 20=94.81%, 50=2.91%
  lat (msec)   : 100=0.59%, 250=1.64%, 500=0.01%, 750=0.01%, 1000=0.04%
  cpu          : usr=15.27%, sys=73.34%, ctx=51071, majf=0, minf=43
  IO depths    : 1=0.1%, 2=0.1%, 4=0.1%, 8=0.1%, 16=0.1%, 32=0.1%, >=64=100.0%
     submit    : 0=0.0%, 4=100.0%, 8=0.0%, 16=0.0%, 32=0.0%, 64=0.0%, >=64=0.0%
     complete  : 0=0.0%, 4=100.0%, 8=0.0%, 16=0.0%, 32=0.0%, 64=0.0%, >=64=0.1%
     issued rwts: total=2343523,2342067,0,0 short=0,0,0,0 dropped=0,0,0,0
     latency   : target=0, window=0, percentile=100.00%, depth=256

Run status group 0 (all jobs):
   READ: bw=30.5MiB/s (32.0MB/s), 30.5MiB/s-30.5MiB/s (32.0MB/s-32.0MB/s), io=9154MiB (9599MB), run=300001-300001msec
  WRITE: bw=30.5MiB/s (32.0MB/s), 30.5MiB/s-30.5MiB/s (32.0MB/s-32.0MB/s), io=9149MiB (9593MB), run=300001-300001msec
