test: (g=0): rw=read, bs=(R) 4096B-4096B, (W) 4096B-4096B, (T) 4096B-4096B, ioengine=libaio, iodepth=256
fio-3.27
Starting 1 process
test: Laying out IO file (1 file / 1024MiB)

test: (groupid=0, jobs=1): err= 0: pid=193667: Tue Jul 20 14:19:01 2021
  read: IOPS=30.8k, BW=120MiB/s (126MB/s)(35.2GiB/300001msec)
    slat (usec): min=10, max=1220.2k, avg=21.28, stdev=700.07
    clat (usec): min=26, max=1732.5k, avg=8286.59, stdev=35035.36
     lat (usec): min=864, max=1732.9k, avg=8308.66, stdev=35063.13
    clat percentiles (msec):
     |  1.00th=[    5],  5.00th=[    5], 10.00th=[    5], 20.00th=[    5],
     | 30.00th=[    5], 40.00th=[    5], 50.00th=[    6], 60.00th=[    6],
     | 70.00th=[    6], 80.00th=[    6], 90.00th=[   16], 95.00th=[   26],
     | 99.00th=[   27], 99.50th=[   27], 99.90th=[  902], 99.95th=[  978],
     | 99.99th=[ 1200]
   bw (  KiB/s): min=    8, max=165456, per=100.00%, avg=128665.61, stdev=57146.80, samples=574
   iops        : min=    2, max=41364, avg=32166.32, stdev=14286.69, samples=574
  lat (usec)   : 50=0.01%, 1000=0.01%
  lat (msec)   : 2=0.01%, 4=0.01%, 10=88.72%, 20=5.10%, 50=5.87%
  lat (msec)   : 100=0.06%, 250=0.05%, 500=0.09%, 750=0.01%, 1000=0.07%
  lat (msec)   : 2000=0.04%
  cpu          : usr=25.76%, sys=66.91%, ctx=14690, majf=0, minf=294
  IO depths    : 1=0.1%, 2=0.1%, 4=0.1%, 8=0.1%, 16=0.1%, 32=0.1%, >=64=100.0%
     submit    : 0=0.0%, 4=100.0%, 8=0.0%, 16=0.0%, 32=0.0%, 64=0.0%, >=64=0.0%
     complete  : 0=0.0%, 4=100.0%, 8=0.0%, 16=0.0%, 32=0.0%, 64=0.0%, >=64=0.1%
     issued rwts: total=9227325,0,0,0 short=0,0,0,0 dropped=0,0,0,0
     latency   : target=0, window=0, percentile=100.00%, depth=256

Run status group 0 (all jobs):
   READ: bw=120MiB/s (126MB/s), 120MiB/s-120MiB/s (126MB/s-126MB/s), io=35.2GiB (37.8GB), run=300001-300001msec
