readwrite: (g=0): rw=rw, bs=(R) 4096B-4096B, (W) 4096B-4096B, (T) 4096B-4096B, ioengine=libaio, iodepth=256
...
fio-3.27
Starting 16 processes
readwrite: Laying out IO file (1 file / 1024MiB)
readwrite: Laying out IO file (1 file / 1024MiB)
readwrite: Laying out IO file (1 file / 1024MiB)
readwrite: Laying out IO file (1 file / 1024MiB)
readwrite: Laying out IO file (1 file / 1024MiB)
readwrite: Laying out IO file (1 file / 1024MiB)
readwrite: Laying out IO file (1 file / 1024MiB)
readwrite: Laying out IO file (1 file / 1024MiB)

readwrite: (groupid=0, jobs=16): err= 0: pid=64610: Wed Jul 21 18:48:41 2021
  read: IOPS=29.2k, BW=114MiB/s (120MB/s)(33.4GiB/300052msec)
    slat (usec): min=7, max=1065.8k, avg=448.62, stdev=7902.20
    clat (usec): min=13, max=29251k, avg=70166.50, stdev=809451.67
     lat (usec): min=82, max=29375k, avg=70615.86, stdev=815334.62
    clat percentiles (msec):
     |  1.00th=[   12],  5.00th=[   13], 10.00th=[   13], 20.00th=[   13],
     | 30.00th=[   14], 40.00th=[   14], 50.00th=[   14], 60.00th=[   14],
     | 70.00th=[   14], 80.00th=[   15], 90.00th=[   15], 95.00th=[   16],
     | 99.00th=[   43], 99.50th=[ 3842], 99.90th=[14026], 99.95th=[17113],
     | 99.99th=[17113]
   bw (  KiB/s): min=  128, max=451344, per=100.00%, avg=121017.37, stdev=11298.91, samples=9155
   iops        : min=   32, max=112836, avg=30254.35, stdev=2824.73, samples=9155
  write: IOPS=29.2k, BW=114MiB/s (120MB/s)(33.4GiB/300052msec); 0 zone resets
    slat (usec): min=68, max=335602, avg=78.05, stdev=178.09
    clat (usec): min=12, max=29330k, avg=69259.12, stdev=804813.82
     lat (usec): min=94, max=29331k, avg=69338.26, stdev=804815.81
    clat percentiles (msec):
     |  1.00th=[   12],  5.00th=[   13], 10.00th=[   13], 20.00th=[   13],
     | 30.00th=[   14], 40.00th=[   14], 50.00th=[   14], 60.00th=[   14],
     | 70.00th=[   14], 80.00th=[   15], 90.00th=[   15], 95.00th=[   16],
     | 99.00th=[   39], 99.50th=[ 3742], 99.90th=[13758], 99.95th=[17113],
     | 99.99th=[17113]
   bw (  KiB/s): min=  128, max=449088, per=100.00%, avg=120859.75, stdev=11311.90, samples=9148
   iops        : min=   32, max=112272, avg=30214.94, stdev=2827.97, samples=9148
  lat (usec)   : 20=0.01%, 50=0.01%, 100=0.01%, 250=0.01%, 500=0.01%
  lat (usec)   : 750=0.01%, 1000=0.01%
  lat (msec)   : 2=0.01%, 4=0.01%, 10=0.01%, 20=98.03%, 50=1.01%
  lat (msec)   : 100=0.06%, 250=0.04%, 500=0.04%, 750=0.02%, 1000=0.05%
  lat (msec)   : 2000=0.10%, >=2000=0.65%
  cpu          : usr=3.42%, sys=17.27%, ctx=62600, majf=0, minf=712
  IO depths    : 1=0.1%, 2=0.1%, 4=0.1%, 8=0.1%, 16=0.1%, 32=0.1%, >=64=100.0%
     submit    : 0=0.0%, 4=100.0%, 8=0.0%, 16=0.0%, 32=0.0%, 64=0.0%, >=64=0.0%
     complete  : 0=0.0%, 4=100.0%, 8=0.0%, 16=0.0%, 32=0.0%, 64=0.0%, >=64=0.1%
     issued rwts: total=8762651,8760807,0,0 short=0,0,0,0 dropped=0,0,0,0
     latency   : target=0, window=0, percentile=100.00%, depth=256

Run status group 0 (all jobs):
   READ: bw=114MiB/s (120MB/s), 114MiB/s-114MiB/s (120MB/s-120MB/s), io=33.4GiB (35.9GB), run=300052-300052msec
  WRITE: bw=114MiB/s (120MB/s), 114MiB/s-114MiB/s (120MB/s-120MB/s), io=33.4GiB (35.9GB), run=300052-300052msec
