test: (g=0): rw=randread, bs=(R) 4096B-4096B, (W) 4096B-4096B, (T) 4096B-4096B, ioengine=libaio, iodepth=256
...
fio-3.27
Starting 4 processes
rand-read: Laying out IO file (1 file / 1024MiB)
rand-read: Laying out IO file (1 file / 1024MiB)

test: (groupid=0, jobs=4): err= 0: pid=204830: Mon Jul 19 22:00:57 2021
  read: IOPS=479, BW=1919KiB/s (1965kB/s)(562MiB/300013msec)
    slat (usec): min=465, max=155618, avg=8314.98, stdev=5983.26
    clat (usec): min=14, max=2551.9k, avg=2118711.19, stdev=141229.79
     lat (msec): min=4, max=2585, avg=2127.03, stdev=141.36
    clat percentiles (msec):
     |  1.00th=[ 1888],  5.00th=[ 1972], 10.00th=[ 2005], 20.00th=[ 2039],
     | 30.00th=[ 2072], 40.00th=[ 2089], 50.00th=[ 2123], 60.00th=[ 2140],
     | 70.00th=[ 2165], 80.00th=[ 2198], 90.00th=[ 2265], 95.00th=[ 2299],
     | 99.00th=[ 2366], 99.50th=[ 2400], 99.90th=[ 2467], 99.95th=[ 2500],
     | 99.99th=[ 2534]
   bw (  KiB/s): min=  896, max= 2394, per=99.95%, avg=1918.09, stdev=45.03, samples=2381
   iops        : min=  224, max=  598, avg=479.45, stdev=11.24, samples=2381
  lat (usec)   : 20=0.01%, 50=0.01%
  lat (msec)   : 10=0.01%, 20=0.01%, 50=0.01%, 100=0.02%, 250=0.05%
  lat (msec)   : 500=0.07%, 750=0.08%, 1000=0.08%, 2000=9.46%, >=2000=90.22%
  cpu          : usr=0.30%, sys=2.00%, ctx=143969, majf=0, minf=1180
  IO depths    : 1=0.1%, 2=0.1%, 4=0.1%, 8=0.1%, 16=0.1%, 32=0.1%, >=64=99.8%
     submit    : 0=0.0%, 4=100.0%, 8=0.0%, 16=0.0%, 32=0.0%, 64=0.0%, >=64=0.0%
     complete  : 0=0.0%, 4=100.0%, 8=0.0%, 16=0.0%, 32=0.0%, 64=0.0%, >=64=0.1%
     issued rwts: total=143925,0,0,0 short=0,0,0,0 dropped=0,0,0,0
     latency   : target=0, window=0, percentile=100.00%, depth=256

Run status group 0 (all jobs):
   READ: bw=1919KiB/s (1965kB/s), 1919KiB/s-1919KiB/s (1965kB/s-1965kB/s), io=562MiB (590MB), run=300013-300013msec
