test: (g=0): rw=randread, bs=(R) 4096B-4096B, (W) 4096B-4096B, (T) 4096B-4096B, ioengine=libaio, iodepth=256
...
fio-3.27
Starting 16 processes
rand-read: Laying out IO file (1 file / 1024MiB)
rand-read: Laying out IO file (1 file / 1024MiB)
rand-read: Laying out IO file (1 file / 1024MiB)
rand-read: Laying out IO file (1 file / 1024MiB)
rand-read: Laying out IO file (1 file / 1024MiB)
rand-read: Laying out IO file (1 file / 1024MiB)
rand-read: Laying out IO file (1 file / 1024MiB)
rand-read: Laying out IO file (1 file / 1024MiB)

test: (groupid=0, jobs=16): err= 0: pid=139737: Tue Jul 20 10:32:16 2021
  read: IOPS=908, BW=3633KiB/s (3720kB/s)(1065MiB/300028msec)
    slat (usec): min=519, max=252413, avg=17589.40, stdev=13325.03
    clat (usec): min=12, max=5946.2k, avg=4463341.85, stdev=548183.04
     lat (msec): min=7, max=5960, avg=4480.93, stdev=549.45
    clat percentiles (msec):
     |  1.00th=[ 2970],  5.00th=[ 3775], 10.00th=[ 3876], 20.00th=[ 4044],
     | 30.00th=[ 4178], 40.00th=[ 4329], 50.00th=[ 4530], 60.00th=[ 4665],
     | 70.00th=[ 4799], 80.00th=[ 4933], 90.00th=[ 5067], 95.00th=[ 5201],
     | 99.00th=[ 5403], 99.50th=[ 5537], 99.90th=[ 5738], 99.95th=[ 5805],
     | 99.99th=[ 5873]
   bw (  KiB/s): min= 1560, max= 5160, per=99.80%, avg=3626.38, stdev=32.68, samples=9461
   iops        : min=  390, max= 1290, avg=906.59, stdev= 8.17, samples=9461
  lat (usec)   : 20=0.01%, 50=0.01%
  lat (msec)   : 10=0.01%, 20=0.01%, 50=0.01%, 100=0.01%, 250=0.05%
  lat (msec)   : 500=0.09%, 750=0.09%, 1000=0.08%, 2000=0.33%, >=2000=99.33%
  cpu          : usr=0.16%, sys=0.99%, ctx=272666, majf=0, minf=4721
  IO depths    : 1=0.1%, 2=0.1%, 4=0.1%, 8=0.1%, 16=0.1%, 32=0.2%, >=64=99.6%
     submit    : 0=0.0%, 4=100.0%, 8=0.0%, 16=0.0%, 32=0.0%, 64=0.0%, >=64=0.0%
     complete  : 0=0.0%, 4=100.0%, 8=0.0%, 16=0.0%, 32=0.0%, 64=0.0%, >=64=0.1%
     issued rwts: total=272522,0,0,0 short=0,0,0,0 dropped=0,0,0,0
     latency   : target=0, window=0, percentile=100.00%, depth=256

Run status group 0 (all jobs):
   READ: bw=3633KiB/s (3720kB/s), 3633KiB/s-3633KiB/s (3720kB/s-3720kB/s), io=1065MiB (1116MB), run=300028-300028msec
