readwrite: (g=0): rw=rw, bs=(R) 4096B-4096B, (W) 4096B-4096B, (T) 4096B-4096B, ioengine=libaio, iodepth=256
...
fio-3.27
Starting 8 processes
readwrite: Laying out IO file (1 file / 1024MiB)
readwrite: Laying out IO file (1 file / 1024MiB)
readwrite: Laying out IO file (1 file / 1024MiB)
readwrite: Laying out IO file (1 file / 1024MiB)

readwrite: (groupid=0, jobs=8): err= 0: pid=127232: Wed Jul 21 18:40:17 2021
  read: IOPS=28.4k, BW=111MiB/s (116MB/s)(32.5GiB/300066msec)
    slat (usec): min=7, max=609449, avg=183.10, stdev=3406.12
    clat (usec): min=13, max=14622k, avg=35959.96, stdev=259378.65
     lat (usec): min=201, max=14681k, avg=36143.82, stdev=261230.57
    clat percentiles (msec):
     |  1.00th=[   12],  5.00th=[   13], 10.00th=[   13], 20.00th=[   13],
     | 30.00th=[   14], 40.00th=[   14], 50.00th=[   14], 60.00th=[   14],
     | 70.00th=[   14], 80.00th=[   15], 90.00th=[   15], 95.00th=[   19],
     | 99.00th=[  793], 99.50th=[ 1670], 99.90th=[ 3775], 99.95th=[ 4866],
     | 99.99th=[ 8792]
   bw (  KiB/s): min=   96, max=312619, per=100.00%, avg=114678.03, stdev=13787.66, samples=4753
   iops        : min=   24, max=78154, avg=28669.29, stdev=3446.90, samples=4753
  write: IOPS=28.4k, BW=111MiB/s (116MB/s)(32.5GiB/300066msec); 0 zone resets
    slat (usec): min=68, max=144544, avg=77.32, stdev=56.75
    clat (usec): min=11, max=14676k, avg=35929.44, stdev=260086.77
     lat (usec): min=83, max=14676k, avg=36007.87, stdev=260088.77
    clat percentiles (msec):
     |  1.00th=[   12],  5.00th=[   13], 10.00th=[   13], 20.00th=[   13],
     | 30.00th=[   14], 40.00th=[   14], 50.00th=[   14], 60.00th=[   14],
     | 70.00th=[   14], 80.00th=[   15], 90.00th=[   15], 95.00th=[   19],
     | 99.00th=[  802], 99.50th=[ 1670], 99.90th=[ 3775], 99.95th=[ 4933],
     | 99.99th=[ 9060]
   bw (  KiB/s): min=  104, max=308498, per=100.00%, avg=114671.95, stdev=13788.08, samples=4751
   iops        : min=   26, max=77124, avg=28667.78, stdev=3447.00, samples=4751
  lat (usec)   : 20=0.01%, 50=0.01%, 100=0.01%, 250=0.01%, 500=0.01%
  lat (usec)   : 750=0.01%, 1000=0.01%
  lat (msec)   : 2=0.01%, 4=0.01%, 10=0.01%, 20=97.23%, 50=1.52%
  lat (msec)   : 100=0.07%, 250=0.05%, 500=0.04%, 750=0.06%, 1000=0.14%
  lat (msec)   : 2000=0.51%, >=2000=0.37%
  cpu          : usr=6.74%, sys=33.96%, ctx=90205, majf=0, minf=354
  IO depths    : 1=0.1%, 2=0.1%, 4=0.1%, 8=0.1%, 16=0.1%, 32=0.1%, >=64=100.0%
     submit    : 0=0.0%, 4=100.0%, 8=0.0%, 16=0.0%, 32=0.0%, 64=0.0%, >=64=0.0%
     complete  : 0=0.0%, 4=100.0%, 8=0.0%, 16=0.0%, 32=0.0%, 64=0.0%, >=64=0.1%
     issued rwts: total=8513901,8513426,0,0 short=0,0,0,0 dropped=0,0,0,0
     latency   : target=0, window=0, percentile=100.00%, depth=256

Run status group 0 (all jobs):
   READ: bw=111MiB/s (116MB/s), 111MiB/s-111MiB/s (116MB/s-116MB/s), io=32.5GiB (34.9GB), run=300066-300066msec
  WRITE: bw=111MiB/s (116MB/s), 111MiB/s-111MiB/s (116MB/s-116MB/s), io=32.5GiB (34.9GB), run=300066-300066msec
