test: (g=0): rw=read, bs=(R) 4096B-4096B, (W) 4096B-4096B, (T) 4096B-4096B, ioengine=libaio, iodepth=256
fio-3.27
Starting 1 process
test: Laying out IO file (1 file / 1024MiB)

test: (groupid=0, jobs=1): err= 0: pid=203221: Tue Jul 20 15:21:46 2021
  read: IOPS=33.2k, BW=130MiB/s (136MB/s)(38.0GiB/300001msec)
    slat (usec): min=10, max=81384, avg=19.03, stdev=338.81
    clat (usec): min=12, max=982562, avg=7685.33, stdev=28786.55
     lat (usec): min=66, max=982615, avg=7705.15, stdev=28792.96
    clat percentiles (msec):
     |  1.00th=[    5],  5.00th=[    5], 10.00th=[    5], 20.00th=[    5],
     | 30.00th=[    5], 40.00th=[    5], 50.00th=[    5], 60.00th=[    5],
     | 70.00th=[    6], 80.00th=[    6], 90.00th=[   16], 95.00th=[   26],
     | 99.00th=[   27], 99.50th=[   27], 99.90th=[  236], 99.95th=[  911],
     | 99.99th=[  936]
   bw (  KiB/s): min=    8, max=165440, per=100.00%, avg=138183.81, stdev=48620.70, samples=576
   iops        : min=    2, max=41360, avg=34545.98, stdev=12155.17, samples=576
  lat (usec)   : 20=0.01%, 100=0.01%, 250=0.01%, 500=0.01%, 750=0.01%
  lat (usec)   : 1000=0.01%
  lat (msec)   : 2=0.01%, 4=0.01%, 10=89.31%, 20=4.60%, 50=5.92%
  lat (msec)   : 100=0.01%, 250=0.06%, 500=0.01%, 1000=0.09%
  cpu          : usr=27.56%, sys=70.71%, ctx=7499, majf=0, minf=294
  IO depths    : 1=0.1%, 2=0.1%, 4=0.1%, 8=0.1%, 16=0.1%, 32=0.1%, >=64=100.0%
     submit    : 0=0.0%, 4=100.0%, 8=0.0%, 16=0.0%, 32=0.0%, 64=0.0%, >=64=0.0%
     complete  : 0=0.0%, 4=100.0%, 8=0.0%, 16=0.0%, 32=0.0%, 64=0.0%, >=64=0.1%
     issued rwts: total=9954290,0,0,0 short=0,0,0,0 dropped=0,0,0,0
     latency   : target=0, window=0, percentile=100.00%, depth=256

Run status group 0 (all jobs):
   READ: bw=130MiB/s (136MB/s), 130MiB/s-130MiB/s (136MB/s-136MB/s), io=38.0GiB (40.8GB), run=300001-300001msec
