readwrite: (g=0): rw=rw, bs=(R) 4096B-4096B, (W) 4096B-4096B, (T) 4096B-4096B, ioengine=libaio, iodepth=256
...
fio-3.27
Starting 8 processes
readwrite: Laying out IO file (1 file / 1024MiB)
readwrite: Laying out IO file (1 file / 1024MiB)
readwrite: Laying out IO file (1 file / 1024MiB)
readwrite: Laying out IO file (1 file / 1024MiB)

readwrite: (groupid=0, jobs=8): err= 0: pid=248638: Wed Jul 21 16:53:46 2021
  read: IOPS=32.5k, BW=127MiB/s (133MB/s)(37.2GiB/300015msec)
    slat (usec): min=7, max=989510, avg=131.16, stdev=2090.38
    clat (usec): min=14, max=5545.8k, avg=31330.94, stdev=124004.52
     lat (usec): min=115, max=5559.7k, avg=31462.91, stdev=124745.99
    clat percentiles (msec):
     |  1.00th=[   13],  5.00th=[   13], 10.00th=[   13], 20.00th=[   14],
     | 30.00th=[   14], 40.00th=[   14], 50.00th=[   14], 60.00th=[   15],
     | 70.00th=[   15], 80.00th=[   15], 90.00th=[   19], 95.00th=[   21],
     | 99.00th=[  592], 99.50th=[  869], 99.90th=[ 1620], 99.95th=[ 2056],
     | 99.99th=[ 3071]
   bw (  KiB/s): min=  184, max=307782, per=100.00%, avg=131264.24, stdev=13277.85, samples=4762
   iops        : min=   46, max=76945, avg=32815.46, stdev=3319.45, samples=4762
  write: IOPS=32.5k, BW=127MiB/s (133MB/s)(37.2GiB/300015msec); 0 zone resets
    slat (usec): min=68, max=906146, avg=92.54, stdev=1499.28
    clat (usec): min=12, max=5543.4k, avg=31269.58, stdev=123842.29
     lat (usec): min=85, max=5546.0k, avg=31363.25, stdev=123964.75
    clat percentiles (msec):
     |  1.00th=[   13],  5.00th=[   13], 10.00th=[   13], 20.00th=[   14],
     | 30.00th=[   14], 40.00th=[   14], 50.00th=[   14], 60.00th=[   15],
     | 70.00th=[   15], 80.00th=[   15], 90.00th=[   19], 95.00th=[   21],
     | 99.00th=[  592], 99.50th=[  869], 99.90th=[ 1620], 99.95th=[ 2056],
     | 99.99th=[ 3071]
   bw (  KiB/s): min=  184, max=308104, per=100.00%, avg=131238.10, stdev=13278.57, samples=4762
   iops        : min=   46, max=77026, avg=32808.97, stdev=3319.64, samples=4762
  lat (usec)   : 20=0.01%, 50=0.01%, 100=0.01%, 250=0.01%, 500=0.01%
  lat (usec)   : 750=0.01%, 1000=0.01%
  lat (msec)   : 2=0.01%, 4=0.01%, 10=0.01%, 20=94.15%, 50=2.88%
  lat (msec)   : 100=0.11%, 250=0.33%, 500=1.20%, 750=0.65%, 1000=0.30%
  lat (msec)   : 2000=0.31%, >=2000=0.06%
  cpu          : usr=8.02%, sys=41.73%, ctx=249100, majf=0, minf=360
  IO depths    : 1=0.1%, 2=0.1%, 4=0.1%, 8=0.1%, 16=0.1%, 32=0.1%, >=64=100.0%
     submit    : 0=0.0%, 4=100.0%, 8=0.0%, 16=0.0%, 32=0.0%, 64=0.0%, >=64=0.0%
     complete  : 0=0.0%, 4=100.0%, 8=0.0%, 16=0.0%, 32=0.0%, 64=0.0%, >=64=0.1%
     issued rwts: total=9763499,9762898,0,0 short=0,0,0,0 dropped=0,0,0,0
     latency   : target=0, window=0, percentile=100.00%, depth=256

Run status group 0 (all jobs):
   READ: bw=127MiB/s (133MB/s), 127MiB/s-127MiB/s (133MB/s-133MB/s), io=37.2GiB (40.0GB), run=300015-300015msec
  WRITE: bw=127MiB/s (133MB/s), 127MiB/s-127MiB/s (133MB/s-133MB/s), io=37.2GiB (40.0GB), run=300015-300015msec
