readwrite: (g=0): rw=rw, bs=(R) 4096B-4096B, (W) 4096B-4096B, (T) 4096B-4096B, ioengine=libaio, iodepth=256
...
fio-3.27
Starting 16 processes

readwrite: (groupid=0, jobs=16): err= 0: pid=14200: Wed Jul 21 16:23:49 2021
  read: IOPS=34.5k, BW=135MiB/s (141MB/s)(39.7GiB/301225msec)
    slat (usec): min=7, max=7380.3k, avg=255.46, stdev=6857.16
    clat (usec): min=14, max=18287k, avg=58938.21, stdev=395972.75
     lat (usec): min=197, max=18674k, avg=59194.48, stdev=398216.51
    clat percentiles (msec):
     |  1.00th=[   13],  5.00th=[   13], 10.00th=[   14], 20.00th=[   14],
     | 30.00th=[   14], 40.00th=[   15], 50.00th=[   15], 60.00th=[   15],
     | 70.00th=[   16], 80.00th=[   20], 90.00th=[   20], 95.00th=[   35],
     | 99.00th=[ 1167], 99.50th=[ 2123], 99.90th=[ 6074], 99.95th=[ 7953],
     | 99.99th=[13624]
   bw (  KiB/s): min=  128, max=607680, per=100.00%, avg=142363.04, stdev=11928.91, samples=9312
   iops        : min=   32, max=151918, avg=35590.63, stdev=2982.23, samples=9312
  write: IOPS=34.5k, BW=135MiB/s (141MB/s)(39.7GiB/301225msec); 0 zone resets
    slat (usec): min=68, max=4037.7k, avg=186.22, stdev=5743.14
    clat (usec): min=11, max=18252k, avg=58790.41, stdev=398265.98
     lat (usec): min=91, max=18252k, avg=58977.77, stdev=398790.22
    clat percentiles (msec):
     |  1.00th=[   13],  5.00th=[   13], 10.00th=[   14], 20.00th=[   14],
     | 30.00th=[   14], 40.00th=[   15], 50.00th=[   15], 60.00th=[   15],
     | 70.00th=[   16], 80.00th=[   20], 90.00th=[   20], 95.00th=[   34],
     | 99.00th=[ 1150], 99.50th=[ 2123], 99.90th=[ 6141], 99.95th=[ 8020],
     | 99.99th=[13758]
   bw (  KiB/s): min=  128, max=609406, per=100.00%, avg=142777.60, stdev=11942.27, samples=9286
   iops        : min=   32, max=152351, avg=35694.28, stdev=2985.56, samples=9286
  lat (usec)   : 20=0.01%, 50=0.01%, 250=0.01%, 500=0.01%, 750=0.01%
  lat (usec)   : 1000=0.01%
  lat (msec)   : 2=0.01%, 4=0.01%, 10=0.01%, 20=91.09%, 50=4.31%
  lat (msec)   : 100=0.51%, 250=0.99%, 500=1.11%, 750=0.50%, 1000=0.33%
  lat (msec)   : 2000=0.62%, >=2000=0.53%
  cpu          : usr=4.25%, sys=23.34%, ctx=131909, majf=0, minf=702
  IO depths    : 1=0.1%, 2=0.1%, 4=0.1%, 8=0.1%, 16=0.1%, 32=0.1%, >=64=100.0%
     submit    : 0=0.0%, 4=100.0%, 8=0.0%, 16=0.0%, 32=0.0%, 64=0.0%, >=64=0.0%
     complete  : 0=0.0%, 4=100.0%, 8=0.0%, 16=0.0%, 32=0.0%, 64=0.0%, >=64=0.1%
     issued rwts: total=10397174,10398716,0,0 short=0,0,0,0 dropped=0,0,0,0
     latency   : target=0, window=0, percentile=100.00%, depth=256

Run status group 0 (all jobs):
   READ: bw=135MiB/s (141MB/s), 135MiB/s-135MiB/s (141MB/s-141MB/s), io=39.7GiB (42.6GB), run=301225-301225msec
  WRITE: bw=135MiB/s (141MB/s), 135MiB/s-135MiB/s (141MB/s-141MB/s), io=39.7GiB (42.6GB), run=301225-301225msec
