test: (g=0): rw=read, bs=(R) 4096B-4096B, (W) 4096B-4096B, (T) 4096B-4096B, ioengine=libaio, iodepth=256
...
fio-3.27
Starting 4 processes
seq-read: Laying out IO file (1 file / 1024MiB)
seq-read: Laying out IO file (1 file / 1024MiB)

test: (groupid=0, jobs=4): err= 0: pid=33454: Tue Jul 20 15:33:21 2021
  read: IOPS=35.0k, BW=137MiB/s (143MB/s)(40.0GiB/300002msec)
    slat (usec): min=10, max=143762, avg=102.76, stdev=879.51
    clat (usec): min=11, max=8007.7k, avg=29148.24, stdev=126335.87
     lat (usec): min=63, max=8011.3k, avg=29251.85, stdev=126769.01
    clat percentiles (msec):
     |  1.00th=[    5],  5.00th=[    5], 10.00th=[    5], 20.00th=[    5],
     | 30.00th=[    5], 40.00th=[    6], 50.00th=[    6], 60.00th=[    6],
     | 70.00th=[    6], 80.00th=[    6], 90.00th=[   26], 95.00th=[   27],
     | 99.00th=[  550], 99.50th=[  667], 99.90th=[ 1003], 99.95th=[ 1099],
     | 99.99th=[ 4933]
   bw (  KiB/s): min=  200, max=557304, per=100.00%, avg=145819.40, stdev=31314.78, samples=2368
   iops        : min=   50, max=139326, avg=36454.61, stdev=7828.70, samples=2368
  lat (usec)   : 20=0.01%, 100=0.01%, 250=0.01%, 500=0.01%, 750=0.01%
  lat (usec)   : 1000=0.01%
  lat (msec)   : 2=0.01%, 4=0.01%, 10=84.85%, 20=4.95%, 50=5.60%
  lat (msec)   : 100=0.06%, 250=0.01%, 500=3.13%, 750=1.04%, 1000=0.27%
  lat (msec)   : 2000=0.08%, >=2000=0.02%
  cpu          : usr=7.87%, sys=23.84%, ctx=468870, majf=0, minf=1181
  IO depths    : 1=0.1%, 2=0.1%, 4=0.1%, 8=0.1%, 16=0.1%, 32=0.1%, >=64=100.0%
     submit    : 0=0.0%, 4=100.0%, 8=0.0%, 16=0.0%, 32=0.0%, 64=0.0%, >=64=0.0%
     complete  : 0=0.0%, 4=100.0%, 8=0.0%, 16=0.0%, 32=0.0%, 64=0.0%, >=64=0.1%
     issued rwts: total=10494288,0,0,0 short=0,0,0,0 dropped=0,0,0,0
     latency   : target=0, window=0, percentile=100.00%, depth=256

Run status group 0 (all jobs):
   READ: bw=137MiB/s (143MB/s), 137MiB/s-137MiB/s (143MB/s-143MB/s), io=40.0GiB (43.0GB), run=300002-300002msec
