readwrite: (g=0): rw=rw, bs=(R) 4096B-4096B, (W) 4096B-4096B, (T) 4096B-4096B, ioengine=libaio, iodepth=256
fio-3.27
Starting 1 process
readwrite: Laying out IO file (1 file / 1024MiB)

readwrite: (groupid=0, jobs=1): err= 0: pid=67445: Wed Jul 21 18:22:16 2021
  read: IOPS=9018, BW=35.2MiB/s (36.9MB/s)(10.3GiB/300001msec)
    slat (usec): min=7, max=86478, avg=18.18, stdev=339.30
    clat (usec): min=10, max=915385, avg=14152.73, stdev=19444.40
     lat (usec): min=22, max=915396, avg=14171.69, stdev=19449.30
    clat percentiles (msec):
     |  1.00th=[   12],  5.00th=[   13], 10.00th=[   13], 20.00th=[   13],
     | 30.00th=[   13], 40.00th=[   13], 50.00th=[   13], 60.00th=[   14],
     | 70.00th=[   14], 80.00th=[   14], 90.00th=[   14], 95.00th=[   15],
     | 99.00th=[   35], 99.50th=[   35], 99.90th=[  106], 99.95th=[  313],
     | 99.99th=[  911]
   bw (  KiB/s): min=  232, max=42616, per=100.00%, avg=36460.74, stdev=5228.33, samples=593
   iops        : min=   58, max=10654, avg=9115.19, stdev=1307.08, samples=593
  write: IOPS=9011, BW=35.2MiB/s (36.9MB/s)(10.3GiB/300001msec); 0 zone resets
    slat (usec): min=68, max=3956, avg=71.09, stdev=11.77
    clat (usec): min=73, max=915336, avg=14138.20, stdev=19096.13
     lat (usec): min=143, max=915407, avg=14210.39, stdev=19096.22
    clat percentiles (msec):
     |  1.00th=[   12],  5.00th=[   13], 10.00th=[   13], 20.00th=[   13],
     | 30.00th=[   13], 40.00th=[   13], 50.00th=[   13], 60.00th=[   14],
     | 70.00th=[   14], 80.00th=[   14], 90.00th=[   14], 95.00th=[   15],
     | 99.00th=[   35], 99.50th=[   35], 99.90th=[  106], 99.95th=[  313],
     | 99.99th=[  911]
   bw (  KiB/s): min=  208, max=41560, per=100.00%, avg=36431.50, stdev=5167.22, samples=593
   iops        : min=   52, max=10390, avg=9107.88, stdev=1291.81, samples=593
  lat (usec)   : 20=0.01%, 50=0.01%, 100=0.01%, 250=0.01%, 500=0.01%
  lat (usec)   : 750=0.01%, 1000=0.01%
  lat (msec)   : 2=0.01%, 4=0.01%, 10=0.01%, 20=96.88%, 50=2.98%
  lat (msec)   : 100=0.03%, 250=0.04%, 500=0.01%, 750=0.01%, 1000=0.04%
  cpu          : usr=17.13%, sys=82.59%, ctx=716, majf=0, minf=44
  IO depths    : 1=0.1%, 2=0.1%, 4=0.1%, 8=0.1%, 16=0.1%, 32=0.1%, >=64=100.0%
     submit    : 0=0.0%, 4=100.0%, 8=0.0%, 16=0.0%, 32=0.0%, 64=0.0%, >=64=0.0%
     complete  : 0=0.0%, 4=100.0%, 8=0.0%, 16=0.0%, 32=0.0%, 64=0.0%, >=64=0.1%
     issued rwts: total=2705566,2703401,0,0 short=0,0,0,0 dropped=0,0,0,0
     latency   : target=0, window=0, percentile=100.00%, depth=256

Run status group 0 (all jobs):
   READ: bw=35.2MiB/s (36.9MB/s), 35.2MiB/s-35.2MiB/s (36.9MB/s-36.9MB/s), io=10.3GiB (11.1GB), run=300001-300001msec
  WRITE: bw=35.2MiB/s (36.9MB/s), 35.2MiB/s-35.2MiB/s (36.9MB/s-36.9MB/s), io=10.3GiB (11.1GB), run=300001-300001msec
