readwrite: (g=0): rw=rw, bs=(R) 4096B-4096B, (W) 4096B-4096B, (T) 4096B-4096B, ioengine=libaio, iodepth=256
...
fio-3.27
Starting 8 processes
readwrite: Laying out IO file (1 file / 1024MiB)
readwrite: Laying out IO file (1 file / 1024MiB)
readwrite: Laying out IO file (1 file / 1024MiB)
readwrite: Laying out IO file (1 file / 1024MiB)

readwrite: (groupid=0, jobs=8): err= 0: pid=29265: Wed Jul 21 17:40:48 2021
  read: IOPS=30.2k, BW=118MiB/s (124MB/s)(34.6GiB/300082msec)
    slat (usec): min=7, max=455504, avg=164.80, stdev=2541.07
    clat (usec): min=12, max=13379k, avg=33844.66, stdev=184732.04
     lat (usec): min=146, max=13473k, avg=34010.21, stdev=186050.03
    clat percentiles (msec):
     |  1.00th=[   12],  5.00th=[   13], 10.00th=[   13], 20.00th=[   14],
     | 30.00th=[   14], 40.00th=[   14], 50.00th=[   14], 60.00th=[   14],
     | 70.00th=[   15], 80.00th=[   15], 90.00th=[   15], 95.00th=[   19],
     | 99.00th=[  885], 99.50th=[ 1318], 99.90th=[ 2366], 99.95th=[ 2937],
     | 99.99th=[ 5470]
   bw (  KiB/s): min=  168, max=318258, per=100.00%, avg=122071.51, stdev=13460.19, samples=4764
   iops        : min=   42, max=79564, avg=30517.56, stdev=3365.04, samples=4764
  write: IOPS=30.2k, BW=118MiB/s (124MB/s)(34.6GiB/300082msec); 0 zone resets
    slat (usec): min=68, max=149272, avg=78.51, stdev=73.73
    clat (usec): min=11, max=13348k, avg=33641.60, stdev=182207.31
     lat (usec): min=84, max=13348k, avg=33721.21, stdev=182209.57
    clat percentiles (msec):
     |  1.00th=[   12],  5.00th=[   13], 10.00th=[   13], 20.00th=[   14],
     | 30.00th=[   14], 40.00th=[   14], 50.00th=[   14], 60.00th=[   14],
     | 70.00th=[   15], 80.00th=[   15], 90.00th=[   15], 95.00th=[   19],
     | 99.00th=[  877], 99.50th=[ 1301], 99.90th=[ 2333], 99.95th=[ 2903],
     | 99.99th=[ 5269]
   bw (  KiB/s): min=  168, max=318088, per=100.00%, avg=122027.99, stdev=13461.76, samples=4765
   iops        : min=   42, max=79522, avg=30506.65, stdev=3365.42, samples=4765
  lat (usec)   : 20=0.01%, 50=0.01%, 100=0.01%, 250=0.01%, 500=0.01%
  lat (usec)   : 750=0.01%, 1000=0.01%
  lat (msec)   : 2=0.01%, 4=0.01%, 10=0.01%, 20=96.79%, 50=1.40%
  lat (msec)   : 100=0.07%, 250=0.06%, 500=0.16%, 750=0.31%, 1000=0.38%
  lat (msec)   : 2000=0.66%, >=2000=0.16%
  cpu          : usr=7.24%, sys=36.59%, ctx=147652, majf=0, minf=354
  IO depths    : 1=0.1%, 2=0.1%, 4=0.1%, 8=0.1%, 16=0.1%, 32=0.1%, >=64=100.0%
     submit    : 0=0.0%, 4=100.0%, 8=0.0%, 16=0.0%, 32=0.0%, 64=0.0%, >=64=0.0%
     complete  : 0=0.0%, 4=100.0%, 8=0.0%, 16=0.0%, 32=0.0%, 64=0.0%, >=64=0.1%
     issued rwts: total=9069850,9068461,0,0 short=0,0,0,0 dropped=0,0,0,0
     latency   : target=0, window=0, percentile=100.00%, depth=256

Run status group 0 (all jobs):
   READ: bw=118MiB/s (124MB/s), 118MiB/s-118MiB/s (124MB/s-124MB/s), io=34.6GiB (37.1GB), run=300082-300082msec
  WRITE: bw=118MiB/s (124MB/s), 118MiB/s-118MiB/s (124MB/s-124MB/s), io=34.6GiB (37.1GB), run=300082-300082msec
