test: (g=0): rw=randread, bs=(R) 4096B-4096B, (W) 4096B-4096B, (T) 4096B-4096B, ioengine=libaio, iodepth=256
...
fio-3.27
Starting 16 processes
rand-read: Laying out IO file (1 file / 1024MiB)
rand-read: Laying out IO file (1 file / 1024MiB)
rand-read: Laying out IO file (1 file / 1024MiB)
rand-read: Laying out IO file (1 file / 1024MiB)
rand-read: Laying out IO file (1 file / 1024MiB)
rand-read: Laying out IO file (1 file / 1024MiB)
rand-read: Laying out IO file (1 file / 1024MiB)
rand-read: Laying out IO file (1 file / 1024MiB)

test: (groupid=0, jobs=16): err= 0: pid=214814: Mon Jul 19 22:15:36 2021
  read: IOPS=631, BW=2528KiB/s (2588kB/s)(741MiB/300074msec)
    slat (msec): min=2, max=279, avg=25.29, stdev=14.28
    clat (usec): min=15, max=8212.1k, avg=6388917.32, stdev=834616.78
     lat (msec): min=5, max=8242, avg=6414.21, stdev=836.38
    clat percentiles (msec):
     |  1.00th=[ 2903],  5.00th=[ 5336], 10.00th=[ 5470], 20.00th=[ 5805],
     | 30.00th=[ 6074], 40.00th=[ 6275], 50.00th=[ 6477], 60.00th=[ 6678],
     | 70.00th=[ 6879], 80.00th=[ 7013], 90.00th=[ 7282], 95.00th=[ 7416],
     | 99.00th=[ 7752], 99.50th=[ 7819], 99.90th=[ 8020], 99.95th=[ 8020],
     | 99.99th=[ 8154]
   bw (  KiB/s): min= 1200, max= 3440, per=99.90%, avg=2525.24, stdev=20.24, samples=9388
   iops        : min=  300, max=  860, avg=631.31, stdev= 5.06, samples=9388
  lat (usec)   : 20=0.01%, 50=0.01%
  lat (msec)   : 10=0.01%, 20=0.01%, 50=0.02%, 100=0.02%, 250=0.06%
  lat (msec)   : 500=0.08%, 750=0.10%, 1000=0.09%, 2000=0.32%, >=2000=99.30%
  cpu          : usr=0.12%, sys=0.69%, ctx=189736, majf=0, minf=4721
  IO depths    : 1=0.1%, 2=0.1%, 4=0.1%, 8=0.1%, 16=0.1%, 32=0.3%, >=64=99.5%
     submit    : 0=0.0%, 4=100.0%, 8=0.0%, 16=0.0%, 32=0.0%, 64=0.0%, >=64=0.0%
     complete  : 0=0.0%, 4=100.0%, 8=0.0%, 16=0.0%, 32=0.0%, 64=0.0%, >=64=0.1%
     issued rwts: total=189615,0,0,0 short=0,0,0,0 dropped=0,0,0,0
     latency   : target=0, window=0, percentile=100.00%, depth=256

Run status group 0 (all jobs):
   READ: bw=2528KiB/s (2588kB/s), 2528KiB/s-2528KiB/s (2588kB/s-2588kB/s), io=741MiB (777MB), run=300074-300074msec
