test: (g=0): rw=read, bs=(R) 4096B-4096B, (W) 4096B-4096B, (T) 4096B-4096B, ioengine=libaio, iodepth=256
...
fio-3.27
Starting 4 processes
seq-read: Laying out IO file (1 file / 1024MiB)
seq-read: Laying out IO file (1 file / 1024MiB)

test: (groupid=0, jobs=4): err= 0: pid=212230: Tue Jul 20 13:29:10 2021
  read: IOPS=33.4k, BW=130MiB/s (137MB/s)(38.2GiB/300023msec)
    slat (usec): min=10, max=2073.6k, avg=107.95, stdev=1536.43
    clat (usec): min=10, max=7457.4k, avg=30497.65, stdev=137516.97
     lat (usec): min=22, max=7472.6k, avg=30606.49, stdev=137993.58
    clat percentiles (msec):
     |  1.00th=[    5],  5.00th=[    5], 10.00th=[    5], 20.00th=[    6],
     | 30.00th=[    6], 40.00th=[    6], 50.00th=[    6], 60.00th=[    6],
     | 70.00th=[    6], 80.00th=[    6], 90.00th=[   26], 95.00th=[  209],
     | 99.00th=[  592], 99.50th=[  835], 99.90th=[ 1536], 99.95th=[ 2106],
     | 99.99th=[ 4010]
   bw (  KiB/s): min=   64, max=655944, per=100.00%, avg=140283.10, stdev=37945.38, samples=2355
   iops        : min=   16, max=163986, avg=35070.77, stdev=9486.35, samples=2355
  lat (usec)   : 20=0.01%, 50=0.01%, 100=0.01%, 250=0.01%, 500=0.01%
  lat (usec)   : 750=0.01%, 1000=0.01%
  lat (msec)   : 2=0.01%, 4=0.01%, 10=84.03%, 20=5.17%, 50=5.56%
  lat (msec)   : 100=0.06%, 250=0.92%, 500=2.91%, 750=0.76%, 1000=0.28%
  lat (msec)   : 2000=0.27%, >=2000=0.06%
  cpu          : usr=7.69%, sys=24.21%, ctx=508962, majf=0, minf=1183
  IO depths    : 1=0.1%, 2=0.1%, 4=0.1%, 8=0.1%, 16=0.1%, 32=0.1%, >=64=100.0%
     submit    : 0=0.0%, 4=100.0%, 8=0.0%, 16=0.0%, 32=0.0%, 64=0.0%, >=64=0.0%
     complete  : 0=0.0%, 4=100.0%, 8=0.0%, 16=0.0%, 32=0.0%, 64=0.0%, >=64=0.1%
     issued rwts: total=10018895,0,0,0 short=0,0,0,0 dropped=0,0,0,0
     latency   : target=0, window=0, percentile=100.00%, depth=256

Run status group 0 (all jobs):
   READ: bw=130MiB/s (137MB/s), 130MiB/s-130MiB/s (137MB/s-137MB/s), io=38.2GiB (41.0GB), run=300023-300023msec
