test: (g=0): rw=read, bs=(R) 4096B-4096B, (W) 4096B-4096B, (T) 4096B-4096B, ioengine=libaio, iodepth=256
...
fio-3.27
Starting 4 processes
seq-read: Laying out IO file (1 file / 1024MiB)
seq-read: Laying out IO file (1 file / 1024MiB)

test: (groupid=0, jobs=4): err= 0: pid=245237: Tue Jul 20 15:33:21 2021
  read: IOPS=33.7k, BW=132MiB/s (138MB/s)(38.5GiB/300002msec)
    slat (usec): min=10, max=152721, avg=107.24, stdev=1238.38
    clat (usec): min=11, max=9509.9k, avg=30262.53, stdev=191389.80
     lat (usec): min=64, max=9521.0k, avg=30370.60, stdev=192044.43
    clat percentiles (msec):
     |  1.00th=[    5],  5.00th=[    5], 10.00th=[    5], 20.00th=[    5],
     | 30.00th=[    5], 40.00th=[    5], 50.00th=[    6], 60.00th=[    6],
     | 70.00th=[    6], 80.00th=[    6], 90.00th=[   17], 95.00th=[   27],
     | 99.00th=[  567], 99.50th=[  860], 99.90th=[ 2702], 99.95th=[ 3540],
     | 99.99th=[ 6409]
   bw (  KiB/s): min=  152, max=632064, per=100.00%, avg=140596.94, stdev=32366.19, samples=2368
   iops        : min=   38, max=158016, avg=35149.26, stdev=8091.55, samples=2368
  lat (usec)   : 20=0.01%, 50=0.01%, 100=0.01%, 250=0.01%, 500=0.01%
  lat (usec)   : 750=0.01%, 1000=0.01%
  lat (msec)   : 2=0.01%, 4=0.01%, 10=85.63%, 20=5.19%, 50=5.66%
  lat (msec)   : 100=0.07%, 250=0.04%, 500=2.05%, 750=0.78%, 1000=0.24%
  lat (msec)   : 2000=0.15%, >=2000=0.21%
  cpu          : usr=7.43%, sys=22.15%, ctx=340883, majf=0, minf=1182
  IO depths    : 1=0.1%, 2=0.1%, 4=0.1%, 8=0.1%, 16=0.1%, 32=0.1%, >=64=100.0%
     submit    : 0=0.0%, 4=100.0%, 8=0.0%, 16=0.0%, 32=0.0%, 64=0.0%, >=64=0.0%
     complete  : 0=0.0%, 4=100.0%, 8=0.0%, 16=0.0%, 32=0.0%, 64=0.0%, >=64=0.1%
     issued rwts: total=10104985,0,0,0 short=0,0,0,0 dropped=0,0,0,0
     latency   : target=0, window=0, percentile=100.00%, depth=256

Run status group 0 (all jobs):
   READ: bw=132MiB/s (138MB/s), 132MiB/s-132MiB/s (138MB/s-138MB/s), io=38.5GiB (41.4GB), run=300002-300002msec
