test: (g=0): rw=read, bs=(R) 4096B-4096B, (W) 4096B-4096B, (T) 4096B-4096B, ioengine=libaio, iodepth=256
...
fio-3.27
Starting 32 processes
seq-read: Laying out IO file (1 file / 1024MiB)
seq-read: Laying out IO file (1 file / 1024MiB)
seq-read: Laying out IO file (1 file / 1024MiB)
seq-read: Laying out IO file (1 file / 1024MiB)
seq-read: Laying out IO file (1 file / 1024MiB)
seq-read: Laying out IO file (1 file / 1024MiB)
seq-read: Laying out IO file (1 file / 1024MiB)
seq-read: Laying out IO file (1 file / 1024MiB)
seq-read: Laying out IO file (1 file / 1024MiB)
seq-read: Laying out IO file (1 file / 1024MiB)
seq-read: Laying out IO file (1 file / 1024MiB)
seq-read: Laying out IO file (1 file / 1024MiB)
seq-read: Laying out IO file (1 file / 1024MiB)
seq-read: Laying out IO file (1 file / 1024MiB)
seq-read: Laying out IO file (1 file / 1024MiB)
seq-read: Laying out IO file (1 file / 1024MiB)

test: (groupid=0, jobs=32): err= 0: pid=223906: Tue Jul 20 14:56:18 2021
  read: IOPS=33.0k, BW=129MiB/s (135MB/s)(37.8GiB/300045msec)
    slat (usec): min=10, max=525955, avg=956.53, stdev=5624.54
    clat (usec): min=12, max=19803k, avg=246592.50, stdev=1200049.56
     lat (usec): min=64, max=19909k, avg=247549.94, stdev=1204607.27
    clat percentiles (msec):
     |  1.00th=[    5],  5.00th=[    5], 10.00th=[    5], 20.00th=[    5],
     | 30.00th=[    5], 40.00th=[    5], 50.00th=[    6], 60.00th=[    6],
     | 70.00th=[    6], 80.00th=[    6], 90.00th=[   26], 95.00th=[ 1854],
     | 99.00th=[ 6074], 99.50th=[ 9597], 99.90th=[13355], 99.95th=[14295],
     | 99.99th=[16174]
   bw (  KiB/s): min=  696, max=3602394, per=100.00%, avg=133929.78, stdev=21332.82, samples=19102
   iops        : min=  174, max=900596, avg=33482.34, stdev=5333.19, samples=19102
  lat (usec)   : 20=0.01%, 50=0.01%, 100=0.01%, 250=0.01%, 500=0.01%
  lat (usec)   : 750=0.01%, 1000=0.01%
  lat (msec)   : 2=0.01%, 4=0.01%, 10=80.61%, 20=8.15%, 50=5.37%
  lat (msec)   : 100=0.07%, 250=0.01%, 500=0.01%, 750=0.01%, 1000=0.08%
  lat (msec)   : 2000=1.18%, >=2000=4.52%
  cpu          : usr=0.98%, sys=3.28%, ctx=560763, majf=0, minf=9468
  IO depths    : 1=0.1%, 2=0.1%, 4=0.1%, 8=0.1%, 16=0.1%, 32=0.1%, >=64=100.0%
     submit    : 0=0.0%, 4=100.0%, 8=0.0%, 16=0.0%, 32=0.0%, 64=0.0%, >=64=0.0%
     complete  : 0=0.0%, 4=100.0%, 8=0.0%, 16=0.0%, 32=0.0%, 64=0.0%, >=64=0.1%
     issued rwts: total=9915807,0,0,0 short=0,0,0,0 dropped=0,0,0,0
     latency   : target=0, window=0, percentile=100.00%, depth=256

Run status group 0 (all jobs):
   READ: bw=129MiB/s (135MB/s), 129MiB/s-129MiB/s (135MB/s-135MB/s), io=37.8GiB (40.6GB), run=300045-300045msec
