test: (g=0): rw=read, bs=(R) 4096B-4096B, (W) 4096B-4096B, (T) 4096B-4096B, ioengine=libaio, iodepth=256
...
fio-3.27
Starting 8 processes
seq-read: Laying out IO file (1 file / 1024MiB)
seq-read: Laying out IO file (1 file / 1024MiB)
seq-read: Laying out IO file (1 file / 1024MiB)
seq-read: Laying out IO file (1 file / 1024MiB)

test: (groupid=0, jobs=8): err= 0: pid=33877: Tue Jul 20 15:40:03 2021
  read: IOPS=37.2k, BW=145MiB/s (152MB/s)(42.6GiB/300526msec)
    slat (usec): min=10, max=256144, avg=202.89, stdev=1689.90
    clat (usec): min=12, max=16119k, avg=54716.89, stdev=274716.97
     lat (usec): min=655, max=16188k, avg=54920.68, stdev=275654.06
    clat percentiles (msec):
     |  1.00th=[    5],  5.00th=[    5], 10.00th=[    5], 20.00th=[    5],
     | 30.00th=[    6], 40.00th=[    6], 50.00th=[    6], 60.00th=[    6],
     | 70.00th=[    6], 80.00th=[    6], 90.00th=[   26], 95.00th=[  550],
     | 99.00th=[ 1099], 99.50th=[ 1351], 99.90th=[ 1938], 99.95th=[ 3775],
     | 99.99th=[ 9597]
   bw (  KiB/s): min=  232, max=1235088, per=100.00%, avg=151391.19, stdev=39845.09, samples=4763
   iops        : min=   58, max=308772, avg=37847.29, stdev=9961.28, samples=4763
  lat (usec)   : 20=0.01%, 50=0.01%, 750=0.01%, 1000=0.01%
  lat (msec)   : 2=0.01%, 4=0.01%, 10=83.08%, 20=5.90%, 50=5.52%
  lat (msec)   : 100=0.05%, 250=0.01%, 500=0.05%, 750=3.26%, 1000=0.83%
  lat (msec)   : 2000=1.22%, >=2000=0.09%
  cpu          : usr=4.34%, sys=13.89%, ctx=600488, majf=0, minf=2366
  IO depths    : 1=0.1%, 2=0.1%, 4=0.1%, 8=0.1%, 16=0.1%, 32=0.1%, >=64=100.0%
     submit    : 0=0.0%, 4=100.0%, 8=0.0%, 16=0.0%, 32=0.0%, 64=0.0%, >=64=0.0%
     complete  : 0=0.0%, 4=100.0%, 8=0.0%, 16=0.0%, 32=0.0%, 64=0.0%, >=64=0.1%
     issued rwts: total=11177342,0,0,0 short=0,0,0,0 dropped=0,0,0,0
     latency   : target=0, window=0, percentile=100.00%, depth=256

Run status group 0 (all jobs):
   READ: bw=145MiB/s (152MB/s), 145MiB/s-145MiB/s (152MB/s-152MB/s), io=42.6GiB (45.8GB), run=300526-300526msec
