test: (g=0): rw=randread, bs=(R) 4096B-4096B, (W) 4096B-4096B, (T) 4096B-4096B, ioengine=libaio, iodepth=256
fio-3.27
Starting 1 process
test: Laying out IO file (1 file / 1024MiB)

test: (groupid=0, jobs=1): err= 0: pid=123934: Tue Jul 20 10:05:39 2021
  read: IOPS=192, BW=772KiB/s (790kB/s)(226MiB/300002msec)
    slat (usec): min=449, max=70361, avg=5164.67, stdev=3943.96
    clat (usec): min=14, max=1581.7k, avg=1319015.17, stdev=82678.51
     lat (msec): min=5, max=1589, avg=1324.18, stdev=82.79
    clat percentiles (msec):
     |  1.00th=[ 1167],  5.00th=[ 1217], 10.00th=[ 1234], 20.00th=[ 1267],
     | 30.00th=[ 1284], 40.00th=[ 1301], 50.00th=[ 1318], 60.00th=[ 1334],
     | 70.00th=[ 1351], 80.00th=[ 1385], 90.00th=[ 1401], 95.00th=[ 1435],
     | 99.00th=[ 1485], 99.50th=[ 1502], 99.90th=[ 1552], 99.95th=[ 1569],
     | 99.99th=[ 1569]
   bw (  KiB/s): min=  376, max=  961, per=99.92%, avg=771.39, stdev=64.91, samples=597
   iops        : min=   94, max=  240, avg=192.84, stdev=16.22, samples=597
  lat (usec)   : 20=0.01%
  lat (msec)   : 10=0.01%, 20=0.01%, 50=0.01%, 100=0.02%, 250=0.05%
  lat (msec)   : 500=0.08%, 750=0.08%, 1000=0.11%, 2000=99.64%
  cpu          : usr=0.39%, sys=2.82%, ctx=57893, majf=0, minf=294
  IO depths    : 1=0.1%, 2=0.1%, 4=0.1%, 8=0.1%, 16=0.1%, 32=0.1%, >=64=99.9%
     submit    : 0=0.0%, 4=100.0%, 8=0.0%, 16=0.0%, 32=0.0%, 64=0.0%, >=64=0.0%
     complete  : 0=0.0%, 4=100.0%, 8=0.0%, 16=0.0%, 32=0.0%, 64=0.0%, >=64=0.1%
     issued rwts: total=57874,0,0,0 short=0,0,0,0 dropped=0,0,0,0
     latency   : target=0, window=0, percentile=100.00%, depth=256

Run status group 0 (all jobs):
   READ: bw=772KiB/s (790kB/s), 772KiB/s-772KiB/s (790kB/s-790kB/s), io=226MiB (237MB), run=300002-300002msec
