test: (g=0): rw=randread, bs=(R) 4096B-4096B, (W) 4096B-4096B, (T) 4096B-4096B, ioengine=libaio, iodepth=256
...
fio-3.27
Starting 32 processes
rand-read: Laying out IO file (1 file / 1024MiB)
rand-read: Laying out IO file (1 file / 1024MiB)
rand-read: Laying out IO file (1 file / 1024MiB)
rand-read: Laying out IO file (1 file / 1024MiB)
rand-read: Laying out IO file (1 file / 1024MiB)
rand-read: Laying out IO file (1 file / 1024MiB)
rand-read: Laying out IO file (1 file / 1024MiB)
rand-read: Laying out IO file (1 file / 1024MiB)
rand-read: Laying out IO file (1 file / 1024MiB)
rand-read: Laying out IO file (1 file / 1024MiB)
rand-read: Laying out IO file (1 file / 1024MiB)
rand-read: Laying out IO file (1 file / 1024MiB)
rand-read: Laying out IO file (1 file / 1024MiB)
rand-read: Laying out IO file (1 file / 1024MiB)
rand-read: Laying out IO file (1 file / 1024MiB)
rand-read: Laying out IO file (1 file / 1024MiB)

test: (groupid=0, jobs=32): err= 0: pid=215015: Mon Jul 19 22:26:18 2021
  read: IOPS=636, BW=2544KiB/s (2605kB/s)(745MiB/300039msec)
    slat (usec): min=667, max=281465, avg=50278.48, stdev=15770.85
    clat (usec): min=15, max=15067k, avg=12554265.76, stdev=1848605.93
     lat (msec): min=4, max=15123, avg=12604.55, stdev=1850.91
    clat percentiles (msec):
     |  1.00th=[ 2106],  5.00th=[11476], 10.00th=[11745], 20.00th=[11879],
     | 30.00th=[12147], 40.00th=[12281], 50.00th=[12684], 60.00th=[13221],
     | 70.00th=[13489], 80.00th=[13758], 90.00th=[14026], 95.00th=[14160],
     | 99.00th=[14429], 99.50th=[14563], 99.90th=[14832], 99.95th=[14832],
     | 99.99th=[14966]
   bw (  KiB/s): min= 1104, max= 3848, per=99.68%, avg=2536.69, stdev= 8.74, samples=18366
   iops        : min=  276, max=  962, avg=634.17, stdev= 2.18, samples=18366
  lat (usec)   : 20=0.01%, 50=0.01%
  lat (msec)   : 10=0.01%, 20=0.01%, 50=0.04%, 100=0.05%, 250=0.16%
  lat (msec)   : 500=0.17%, 750=0.11%, 1000=0.08%, 2000=0.31%, >=2000=99.03%
  cpu          : usr=0.06%, sys=0.37%, ctx=191062, majf=0, minf=9452
  IO depths    : 1=0.1%, 2=0.1%, 4=0.1%, 8=0.1%, 16=0.3%, 32=0.5%, >=64=98.9%
     submit    : 0=0.0%, 4=100.0%, 8=0.0%, 16=0.0%, 32=0.0%, 64=0.0%, >=64=0.0%
     complete  : 0=0.0%, 4=100.0%, 8=0.0%, 16=0.0%, 32=0.0%, 64=0.0%, >=64=0.1%
     issued rwts: total=190842,0,0,0 short=0,0,0,0 dropped=0,0,0,0
     latency   : target=0, window=0, percentile=100.00%, depth=256

Run status group 0 (all jobs):
   READ: bw=2544KiB/s (2605kB/s), 2544KiB/s-2544KiB/s (2605kB/s-2605kB/s), io=745MiB (782MB), run=300039-300039msec
