test: (g=0): rw=randread, bs=(R) 4096B-4096B, (W) 4096B-4096B, (T) 4096B-4096B, ioengine=libaio, iodepth=256
...
fio-3.27
Starting 16 processes
rand-read: Laying out IO file (1 file / 1024MiB)
rand-read: Laying out IO file (1 file / 1024MiB)
rand-read: Laying out IO file (1 file / 1024MiB)
rand-read: Laying out IO file (1 file / 1024MiB)
rand-read: Laying out IO file (1 file / 1024MiB)
rand-read: Laying out IO file (1 file / 1024MiB)
rand-read: Laying out IO file (1 file / 1024MiB)
rand-read: Laying out IO file (1 file / 1024MiB)

test: (groupid=0, jobs=16): err= 0: pid=144695: Mon Jul 19 19:45:04 2021
  read: IOPS=1013, BW=4055KiB/s (4152kB/s)(1188MiB/300023msec)
    slat (usec): min=496, max=223102, avg=15757.63, stdev=12932.01
    clat (usec): min=14, max=5534.0k, avg=4004049.42, stdev=453650.44
     lat (msec): min=3, max=5573, avg=4019.81, stdev=454.57
    clat percentiles (msec):
     |  1.00th=[ 2836],  5.00th=[ 3272], 10.00th=[ 3608], 20.00th=[ 3775],
     | 30.00th=[ 3876], 40.00th=[ 3943], 50.00th=[ 4010], 60.00th=[ 4111],
     | 70.00th=[ 4178], 80.00th=[ 4279], 90.00th=[ 4463], 95.00th=[ 4665],
     | 99.00th=[ 5000], 99.50th=[ 5134], 99.90th=[ 5336], 99.95th=[ 5336],
     | 99.99th=[ 5470]
   bw (  KiB/s): min= 1784, max= 6568, per=99.63%, avg=4040.14, stdev=41.39, samples=9491
   iops        : min=  446, max= 1642, avg=1010.03, stdev=10.35, samples=9491
  lat (usec)   : 20=0.01%, 50=0.01%, 100=0.01%
  lat (msec)   : 4=0.01%, 10=0.01%, 20=0.01%, 50=0.02%, 100=0.02%
  lat (msec)   : 250=0.06%, 500=0.09%, 750=0.07%, 1000=0.07%, 2000=0.32%
  lat (msec)   : >=2000=99.34%
  cpu          : usr=0.18%, sys=1.09%, ctx=304292, majf=0, minf=4723
  IO depths    : 1=0.1%, 2=0.1%, 4=0.1%, 8=0.1%, 16=0.1%, 32=0.2%, >=64=99.7%
     submit    : 0=0.0%, 4=100.0%, 8=0.0%, 16=0.0%, 32=0.0%, 64=0.0%, >=64=0.0%
     complete  : 0=0.0%, 4=100.0%, 8=0.0%, 16=0.0%, 32=0.0%, 64=0.0%, >=64=0.1%
     issued rwts: total=304156,0,0,0 short=0,0,0,0 dropped=0,0,0,0
     latency   : target=0, window=0, percentile=100.00%, depth=256

Run status group 0 (all jobs):
   READ: bw=4055KiB/s (4152kB/s), 4055KiB/s-4055KiB/s (4152kB/s-4152kB/s), io=1188MiB (1246MB), run=300023-300023msec
