test: (g=0): rw=randread, bs=(R) 4096B-4096B, (W) 4096B-4096B, (T) 4096B-4096B, ioengine=libaio, iodepth=256
...
fio-3.27
Starting 8 processes
rand-read: Laying out IO file (1 file / 1024MiB)
rand-read: Laying out IO file (1 file / 1024MiB)
rand-read: Laying out IO file (1 file / 1024MiB)
rand-read: Laying out IO file (1 file / 1024MiB)

test: (groupid=0, jobs=8): err= 0: pid=226447: Mon Jul 19 22:07:38 2021
  read: IOPS=653, BW=2612KiB/s (2675kB/s)(765MiB/300014msec)
    slat (usec): min=469, max=177675, avg=12226.27, stdev=9858.66
    clat (usec): min=15, max=3968.7k, avg=3108937.49, stdev=257875.06
     lat (msec): min=4, max=3979, avg=3121.17, stdev=258.18
    clat percentiles (msec):
     |  1.00th=[ 2635],  5.00th=[ 2836], 10.00th=[ 2903], 20.00th=[ 2970],
     | 30.00th=[ 3037], 40.00th=[ 3071], 50.00th=[ 3104], 60.00th=[ 3171],
     | 70.00th=[ 3205], 80.00th=[ 3272], 90.00th=[ 3339], 95.00th=[ 3440],
     | 99.00th=[ 3608], 99.50th=[ 3641], 99.90th=[ 3842], 99.95th=[ 3910],
     | 99.99th=[ 3943]
   bw (  KiB/s): min=  528, max= 3712, per=99.84%, avg=2608.48, stdev=43.20, samples=4751
   iops        : min=  132, max=  928, avg=652.12, stdev=10.80, samples=4751
  lat (usec)   : 20=0.01%, 50=0.01%
  lat (msec)   : 10=0.01%, 20=0.01%, 50=0.01%, 100=0.02%, 250=0.05%
  lat (msec)   : 500=0.08%, 750=0.08%, 1000=0.09%, 2000=0.34%, >=2000=99.32%
  cpu          : usr=0.22%, sys=1.41%, ctx=195986, majf=0, minf=2360
  IO depths    : 1=0.1%, 2=0.1%, 4=0.1%, 8=0.1%, 16=0.1%, 32=0.1%, >=64=99.7%
     submit    : 0=0.0%, 4=100.0%, 8=0.0%, 16=0.0%, 32=0.0%, 64=0.0%, >=64=0.0%
     complete  : 0=0.0%, 4=100.0%, 8=0.0%, 16=0.0%, 32=0.0%, 64=0.0%, >=64=0.1%
     issued rwts: total=195918,0,0,0 short=0,0,0,0 dropped=0,0,0,0
     latency   : target=0, window=0, percentile=100.00%, depth=256

Run status group 0 (all jobs):
   READ: bw=2612KiB/s (2675kB/s), 2612KiB/s-2612KiB/s (2675kB/s-2675kB/s), io=765MiB (802MB), run=300014-300014msec
