test: (g=0): rw=randread, bs=(R) 4096B-4096B, (W) 4096B-4096B, (T) 4096B-4096B, ioengine=libaio, iodepth=256
...
fio-3.27
Starting 16 processes
rand-read: Laying out IO file (1 file / 1024MiB)
rand-read: Laying out IO file (1 file / 1024MiB)
rand-read: Laying out IO file (1 file / 1024MiB)
rand-read: Laying out IO file (1 file / 1024MiB)
rand-read: Laying out IO file (1 file / 1024MiB)
rand-read: Laying out IO file (1 file / 1024MiB)
rand-read: Laying out IO file (1 file / 1024MiB)
rand-read: Laying out IO file (1 file / 1024MiB)

test: (groupid=0, jobs=16): err= 0: pid=131695: Tue Jul 20 10:32:16 2021
  read: IOPS=924, BW=3699KiB/s (3788kB/s)(1084MiB/300026msec)
    slat (usec): min=517, max=292020, avg=17274.64, stdev=13430.99
    clat (usec): min=14, max=6163.3k, avg=4383725.68, stdev=545509.99
     lat (msec): min=7, max=6178, avg=4401.00, stdev=546.82
    clat percentiles (msec):
     |  1.00th=[ 2970],  5.00th=[ 3775], 10.00th=[ 3910], 20.00th=[ 4044],
     | 30.00th=[ 4144], 40.00th=[ 4245], 50.00th=[ 4329], 60.00th=[ 4396],
     | 70.00th=[ 4530], 80.00th=[ 4799], 90.00th=[ 5067], 95.00th=[ 5336],
     | 99.00th=[ 5671], 99.50th=[ 5738], 99.90th=[ 5940], 99.95th=[ 5940],
     | 99.99th=[ 6141]
   bw (  KiB/s): min= 1552, max= 5288, per=99.83%, avg=3693.80, stdev=33.29, samples=9462
   iops        : min=  388, max= 1322, avg=923.45, stdev= 8.32, samples=9462
  lat (usec)   : 20=0.01%, 50=0.01%
  lat (msec)   : 10=0.01%, 20=0.01%, 50=0.01%, 100=0.02%, 250=0.05%
  lat (msec)   : 500=0.09%, 750=0.09%, 1000=0.08%, 2000=0.34%, >=2000=99.33%
  cpu          : usr=0.16%, sys=1.01%, ctx=277616, majf=0, minf=4719
  IO depths    : 1=0.1%, 2=0.1%, 4=0.1%, 8=0.1%, 16=0.1%, 32=0.2%, >=64=99.6%
     submit    : 0=0.0%, 4=100.0%, 8=0.0%, 16=0.0%, 32=0.0%, 64=0.0%, >=64=0.0%
     complete  : 0=0.0%, 4=100.0%, 8=0.0%, 16=0.0%, 32=0.0%, 64=0.0%, >=64=0.1%
     issued rwts: total=277475,0,0,0 short=0,0,0,0 dropped=0,0,0,0
     latency   : target=0, window=0, percentile=100.00%, depth=256

Run status group 0 (all jobs):
   READ: bw=3699KiB/s (3788kB/s), 3699KiB/s-3699KiB/s (3788kB/s-3788kB/s), io=1084MiB (1137MB), run=300026-300026msec
