test: (g=0): rw=read, bs=(R) 4096B-4096B, (W) 4096B-4096B, (T) 4096B-4096B, ioengine=libaio, iodepth=256
...
fio-3.27
Starting 4 processes
seq-read: Laying out IO file (1 file / 1024MiB)
seq-read: Laying out IO file (1 file / 1024MiB)

test: (groupid=0, jobs=4): err= 0: pid=231155: Fri Jul 16 03:09:46 2021
  read: IOPS=33.7k, BW=132MiB/s (138MB/s)(38.6GiB/300002msec)
    slat (usec): min=10, max=1007.5k, avg=107.37, stdev=1799.11
    clat (usec): min=10, max=20784k, avg=30223.20, stdev=294201.33
     lat (usec): min=22, max=20867k, avg=30331.38, stdev=295290.88
    clat percentiles (msec):
     |  1.00th=[    5],  5.00th=[    5], 10.00th=[    5], 20.00th=[    5],
     | 30.00th=[    5], 40.00th=[    5], 50.00th=[    5], 60.00th=[    6],
     | 70.00th=[    6], 80.00th=[    6], 90.00th=[   17], 95.00th=[   27],
     | 99.00th=[  625], 99.50th=[  969], 99.90th=[ 2903], 99.95th=[ 5873],
     | 99.99th=[14697]
   bw (  KiB/s): min=   72, max=436896, per=100.00%, avg=138767.13, stdev=44381.07, samples=2369
   iops        : min=   18, max=109224, avg=34691.78, stdev=11095.27, samples=2369
  lat (usec)   : 20=0.01%, 50=0.01%, 100=0.01%, 250=0.01%, 500=0.01%
  lat (usec)   : 750=0.01%, 1000=0.01%
  lat (msec)   : 2=0.01%, 4=0.01%, 10=86.63%, 20=5.07%, 50=5.74%
  lat (msec)   : 100=0.04%, 250=0.03%, 500=0.98%, 750=0.73%, 1000=0.30%
  lat (msec)   : 2000=0.32%, >=2000=0.15%
  cpu          : usr=7.29%, sys=20.73%, ctx=245766, majf=0, minf=1183
  IO depths    : 1=0.1%, 2=0.1%, 4=0.1%, 8=0.1%, 16=0.1%, 32=0.1%, >=64=100.0%
     submit    : 0=0.0%, 4=100.0%, 8=0.0%, 16=0.0%, 32=0.0%, 64=0.0%, >=64=0.0%
     complete  : 0=0.0%, 4=100.0%, 8=0.0%, 16=0.0%, 32=0.0%, 64=0.0%, >=64=0.1%
     issued rwts: total=10111150,0,0,0 short=0,0,0,0 dropped=0,0,0,0
     latency   : target=0, window=0, percentile=100.00%, depth=256

Run status group 0 (all jobs):
   READ: bw=132MiB/s (138MB/s), 132MiB/s-132MiB/s (138MB/s-138MB/s), io=38.6GiB (41.4GB), run=300002-300002msec
