readwrite: (g=0): rw=rw, bs=(R) 4096B-4096B, (W) 4096B-4096B, (T) 4096B-4096B, ioengine=libaio, iodepth=256
...
fio-3.27
Starting 8 processes
readwrite: Laying out IO file (1 file / 1024MiB)
readwrite: Laying out IO file (1 file / 1024MiB)
readwrite: Laying out IO file (1 file / 1024MiB)
readwrite: Laying out IO file (1 file / 1024MiB)

readwrite: (groupid=0, jobs=8): err= 0: pid=44278: Wed Jul 21 18:40:18 2021
  read: IOPS=21.9k, BW=85.4MiB/s (89.5MB/s)(25.0GiB/300006msec)
    slat (usec): min=7, max=550336, avg=266.85, stdev=4251.56
    clat (usec): min=13, max=18410k, avg=46721.59, stdev=337465.26
     lat (usec): min=102, max=18436k, avg=46989.20, stdev=339868.39
    clat percentiles (msec):
     |  1.00th=[   12],  5.00th=[   13], 10.00th=[   13], 20.00th=[   13],
     | 30.00th=[   14], 40.00th=[   14], 50.00th=[   14], 60.00th=[   14],
     | 70.00th=[   14], 80.00th=[   15], 90.00th=[   15], 95.00th=[   19],
     | 99.00th=[ 1334], 99.50th=[ 2106], 99.90th=[ 4933], 99.95th=[ 6477],
     | 99.99th=[10268]
   bw (  KiB/s): min=   64, max=328596, per=100.00%, avg=88323.17, stdev=15064.26, samples=4747
   iops        : min=   16, max=82149, avg=22080.59, stdev=3766.04, samples=4747
  write: IOPS=21.9k, BW=85.4MiB/s (89.6MB/s)(25.0GiB/300006msec); 0 zone resets
    slat (usec): min=68, max=177904, avg=77.89, stdev=75.36
    clat (usec): min=11, max=18410k, avg=46549.42, stdev=336538.99
     lat (usec): min=83, max=18410k, avg=46628.42, stdev=336541.21
    clat percentiles (msec):
     |  1.00th=[   12],  5.00th=[   13], 10.00th=[   13], 20.00th=[   13],
     | 30.00th=[   14], 40.00th=[   14], 50.00th=[   14], 60.00th=[   14],
     | 70.00th=[   14], 80.00th=[   15], 90.00th=[   15], 95.00th=[   19],
     | 99.00th=[ 1334], 99.50th=[ 2089], 99.90th=[ 4866], 99.95th=[ 6544],
     | 99.99th=[10268]
   bw (  KiB/s): min=   64, max=325793, per=100.00%, avg=88266.37, stdev=15066.43, samples=4750
   iops        : min=   16, max=81448, avg=22066.34, stdev=3766.57, samples=4750
  lat (usec)   : 20=0.01%, 50=0.01%, 100=0.01%, 250=0.01%, 500=0.01%
  lat (usec)   : 750=0.01%, 1000=0.01%
  lat (msec)   : 2=0.01%, 4=0.01%, 10=0.01%, 20=96.89%, 50=1.41%
  lat (msec)   : 100=0.06%, 250=0.07%, 500=0.06%, 750=0.08%, 1000=0.16%
  lat (msec)   : 2000=0.72%, >=2000=0.55%
  cpu          : usr=5.22%, sys=26.18%, ctx=97570, majf=0, minf=357
  IO depths    : 1=0.1%, 2=0.1%, 4=0.1%, 8=0.1%, 16=0.1%, 32=0.1%, >=64=100.0%
     submit    : 0=0.0%, 4=100.0%, 8=0.0%, 16=0.0%, 32=0.0%, 64=0.0%, >=64=0.0%
     complete  : 0=0.0%, 4=100.0%, 8=0.0%, 16=0.0%, 32=0.0%, 64=0.0%, >=64=0.1%
     issued rwts: total=6558541,6559080,0,0 short=0,0,0,0 dropped=0,0,0,0
     latency   : target=0, window=0, percentile=100.00%, depth=256

Run status group 0 (all jobs):
   READ: bw=85.4MiB/s (89.5MB/s), 85.4MiB/s-85.4MiB/s (89.5MB/s-89.5MB/s), io=25.0GiB (26.9GB), run=300006-300006msec
  WRITE: bw=85.4MiB/s (89.6MB/s), 85.4MiB/s-85.4MiB/s (89.6MB/s-89.6MB/s), io=25.0GiB (26.9GB), run=300006-300006msec
