test: (g=0): rw=randread, bs=(R) 4096B-4096B, (W) 4096B-4096B, (T) 4096B-4096B, ioengine=libaio, iodepth=256
fio-3.27
Starting 1 process
test: Laying out IO file (1 file / 1024MiB)

test: (groupid=0, jobs=1): err= 0: pid=164674: Tue Jul 20 11:05:15 2021
  read: IOPS=166, BW=667KiB/s (683kB/s)(195MiB/300005msec)
    slat (usec): min=469, max=302246, avg=5980.80, stdev=4488.32
    clat (usec): min=13, max=1923.9k, avg=1525871.92, stdev=102588.39
     lat (msec): min=8, max=1927, avg=1531.85, stdev=102.73
    clat percentiles (msec):
     |  1.00th=[ 1351],  5.00th=[ 1401], 10.00th=[ 1418], 20.00th=[ 1452],
     | 30.00th=[ 1485], 40.00th=[ 1502], 50.00th=[ 1536], 60.00th=[ 1552],
     | 70.00th=[ 1569], 80.00th=[ 1603], 90.00th=[ 1636], 95.00th=[ 1653],
     | 99.00th=[ 1737], 99.50th=[ 1821], 99.90th=[ 1871], 99.95th=[ 1905],
     | 99.99th=[ 1921]
   bw (  KiB/s): min=  216, max=  825, per=100.00%, avg=667.22, stdev=59.69, samples=596
   iops        : min=   54, max=  206, avg=166.79, stdev=14.92, samples=596
  lat (usec)   : 20=0.01%
  lat (msec)   : 10=0.01%, 20=0.01%, 50=0.01%, 100=0.02%, 250=0.05%
  lat (msec)   : 500=0.07%, 750=0.08%, 1000=0.08%, 2000=99.68%
  cpu          : usr=0.35%, sys=2.31%, ctx=50012, majf=0, minf=294
  IO depths    : 1=0.1%, 2=0.1%, 4=0.1%, 8=0.1%, 16=0.1%, 32=0.1%, >=64=99.9%
     submit    : 0=0.0%, 4=100.0%, 8=0.0%, 16=0.0%, 32=0.0%, 64=0.0%, >=64=0.0%
     complete  : 0=0.0%, 4=100.0%, 8=0.0%, 16=0.0%, 32=0.0%, 64=0.0%, >=64=0.1%
     issued rwts: total=50009,0,0,0 short=0,0,0,0 dropped=0,0,0,0
     latency   : target=0, window=0, percentile=100.00%, depth=256

Run status group 0 (all jobs):
   READ: bw=667KiB/s (683kB/s), 667KiB/s-667KiB/s (683kB/s-683kB/s), io=195MiB (205MB), run=300005-300005msec
