readwrite: (g=0): rw=rw, bs=(R) 4096B-4096B, (W) 4096B-4096B, (T) 4096B-4096B, ioengine=libaio, iodepth=256
...
fio-3.27
Starting 8 processes
readwrite: Laying out IO file (1 file / 1024MiB)
readwrite: Laying out IO file (1 file / 1024MiB)
readwrite: Laying out IO file (1 file / 1024MiB)
readwrite: Laying out IO file (1 file / 1024MiB)

readwrite: (groupid=0, jobs=8): err= 0: pid=46088: Wed Jul 21 18:40:18 2021
  read: IOPS=28.0k, BW=109MiB/s (115MB/s)(32.1GiB/300017msec)
    slat (usec): min=7, max=919729, avg=186.72, stdev=3566.81
    clat (usec): min=13, max=15175k, avg=36474.49, stdev=286135.31
     lat (usec): min=105, max=15224k, avg=36661.96, stdev=288191.57
    clat percentiles (msec):
     |  1.00th=[   12],  5.00th=[   13], 10.00th=[   13], 20.00th=[   13],
     | 30.00th=[   14], 40.00th=[   14], 50.00th=[   14], 60.00th=[   14],
     | 70.00th=[   14], 80.00th=[   15], 90.00th=[   15], 95.00th=[   18],
     | 99.00th=[  768], 99.50th=[ 1569], 99.90th=[ 3910], 99.95th=[ 5671],
     | 99.99th=[10939]
   bw (  KiB/s): min=   64, max=322901, per=100.00%, avg=113448.67, stdev=13698.96, samples=4731
   iops        : min=   16, max=80725, avg=28362.08, stdev=3424.74, samples=4731
  write: IOPS=28.0k, BW=109MiB/s (115MB/s)(32.0GiB/300017msec); 0 zone resets
    slat (usec): min=68, max=241529, avg=77.61, stdev=134.62
    clat (usec): min=11, max=15182k, avg=36349.74, stdev=286878.77
     lat (usec): min=85, max=15182k, avg=36428.45, stdev=286880.78
    clat percentiles (msec):
     |  1.00th=[   12],  5.00th=[   13], 10.00th=[   13], 20.00th=[   13],
     | 30.00th=[   14], 40.00th=[   14], 50.00th=[   14], 60.00th=[   14],
     | 70.00th=[   14], 80.00th=[   15], 90.00th=[   15], 95.00th=[   17],
     | 99.00th=[  760], 99.50th=[ 1552], 99.90th=[ 3943], 99.95th=[ 5738],
     | 99.99th=[11073]
   bw (  KiB/s): min=   64, max=317656, per=100.00%, avg=113260.27, stdev=13690.72, samples=4743
   iops        : min=   16, max=79414, avg=28314.99, stdev=3422.68, samples=4743
  lat (usec)   : 20=0.01%, 50=0.01%, 100=0.01%, 250=0.01%, 500=0.01%
  lat (usec)   : 750=0.01%, 1000=0.01%
  lat (msec)   : 2=0.01%, 4=0.01%, 10=0.01%, 20=97.13%, 50=1.59%
  lat (msec)   : 100=0.07%, 250=0.06%, 500=0.06%, 750=0.08%, 1000=0.17%
  lat (msec)   : 2000=0.50%, >=2000=0.34%
  cpu          : usr=6.70%, sys=33.39%, ctx=90204, majf=0, minf=355
  IO depths    : 1=0.1%, 2=0.1%, 4=0.1%, 8=0.1%, 16=0.1%, 32=0.1%, >=64=100.0%
     submit    : 0=0.0%, 4=100.0%, 8=0.0%, 16=0.0%, 32=0.0%, 64=0.0%, >=64=0.0%
     complete  : 0=0.0%, 4=100.0%, 8=0.0%, 16=0.0%, 32=0.0%, 64=0.0%, >=64=0.1%
     issued rwts: total=8404078,8401266,0,0 short=0,0,0,0 dropped=0,0,0,0
     latency   : target=0, window=0, percentile=100.00%, depth=256

Run status group 0 (all jobs):
   READ: bw=109MiB/s (115MB/s), 109MiB/s-109MiB/s (115MB/s-115MB/s), io=32.1GiB (34.4GB), run=300017-300017msec
  WRITE: bw=109MiB/s (115MB/s), 109MiB/s-109MiB/s (115MB/s-115MB/s), io=32.0GiB (34.4GB), run=300017-300017msec
