readwrite: (g=0): rw=rw, bs=(R) 4096B-4096B, (W) 4096B-4096B, (T) 4096B-4096B, ioengine=libaio, iodepth=256
...
fio-3.27
Starting 8 processes

readwrite: (groupid=0, jobs=8): err= 0: pid=130666: Wed Jul 21 16:27:01 2021
  read: IOPS=11.9k, BW=46.4MiB/s (48.6MB/s)(13.7GiB/303145msec)
    slat (usec): min=7, max=1601.5k, avg=359.47, stdev=9292.06
    clat (usec): min=12, max=21061k, avg=85444.61, stdev=554564.71
     lat (usec): min=151, max=21122k, avg=85804.97, stdev=557000.85
    clat percentiles (msec):
     |  1.00th=[   13],  5.00th=[   13], 10.00th=[   14], 20.00th=[   14],
     | 30.00th=[   14], 40.00th=[   15], 50.00th=[   15], 60.00th=[   19],
     | 70.00th=[   19], 80.00th=[   20], 90.00th=[   21], 95.00th=[  188],
     | 99.00th=[ 1653], 99.50th=[ 3473], 99.90th=[ 8557], 99.95th=[10402],
     | 99.99th=[15905]
   bw (  KiB/s): min=   64, max=294144, per=100.00%, avg=50551.49, stdev=10862.35, samples=4518
   iops        : min=   16, max=73538, avg=12637.86, stdev=2715.59, samples=4518
  write: IOPS=11.9k, BW=46.4MiB/s (48.7MB/s)(13.7GiB/303145msec); 0 zone resets
    slat (usec): min=68, max=7886.1k, avg=288.13, stdev=9703.52
    clat (usec): min=11, max=20795k, avg=84597.10, stdev=549125.94
     lat (usec): min=88, max=20795k, avg=84886.35, stdev=550501.29
    clat percentiles (msec):
     |  1.00th=[   13],  5.00th=[   13], 10.00th=[   14], 20.00th=[   14],
     | 30.00th=[   14], 40.00th=[   15], 50.00th=[   15], 60.00th=[   19],
     | 70.00th=[   19], 80.00th=[   20], 90.00th=[   21], 95.00th=[  186],
     | 99.00th=[ 1620], 99.50th=[ 3440], 99.90th=[ 8557], 99.95th=[10268],
     | 99.99th=[15637]
   bw (  KiB/s): min=   64, max=294728, per=100.00%, avg=50442.77, stdev=10870.17, samples=4525
   iops        : min=   16, max=73682, avg=12610.67, stdev=2717.54, samples=4525
  lat (usec)   : 20=0.01%, 50=0.01%, 100=0.01%, 250=0.01%, 500=0.01%
  lat (usec)   : 750=0.01%, 1000=0.01%
  lat (msec)   : 2=0.01%, 4=0.01%, 10=0.01%, 20=89.43%, 50=4.46%
  lat (msec)   : 100=0.44%, 250=1.20%, 500=1.53%, 750=0.86%, 1000=0.50%
  lat (msec)   : 2000=0.73%, >=2000=0.85%
  cpu          : usr=3.01%, sys=17.15%, ctx=39433, majf=0, minf=356
  IO depths    : 1=0.1%, 2=0.1%, 4=0.1%, 8=0.1%, 16=0.1%, 32=0.1%, >=64=100.0%
     submit    : 0=0.0%, 4=100.0%, 8=0.0%, 16=0.0%, 32=0.0%, 64=0.0%, >=64=0.0%
     complete  : 0=0.0%, 4=100.0%, 8=0.0%, 16=0.0%, 32=0.0%, 64=0.0%, >=64=0.1%
     issued rwts: total=3600475,3600879,0,0 short=0,0,0,0 dropped=0,0,0,0
     latency   : target=0, window=0, percentile=100.00%, depth=256

Run status group 0 (all jobs):
   READ: bw=46.4MiB/s (48.6MB/s), 46.4MiB/s-46.4MiB/s (48.6MB/s-48.6MB/s), io=13.7GiB (14.7GB), run=303145-303145msec
  WRITE: bw=46.4MiB/s (48.7MB/s), 46.4MiB/s-46.4MiB/s (48.7MB/s-48.7MB/s), io=13.7GiB (14.7GB), run=303145-303145msec
