test: (g=0): rw=read, bs=(R) 4096B-4096B, (W) 4096B-4096B, (T) 4096B-4096B, ioengine=libaio, iodepth=256
...
fio-3.27
Starting 8 processes
seq-read: Laying out IO file (1 file / 1024MiB)
seq-read: Laying out IO file (1 file / 1024MiB)
seq-read: Laying out IO file (1 file / 1024MiB)
seq-read: Laying out IO file (1 file / 1024MiB)

test: (groupid=0, jobs=8): err= 0: pid=215511: Tue Jul 20 13:35:52 2021
  read: IOPS=33.8k, BW=132MiB/s (139MB/s)(38.7GiB/300001msec)
    slat (usec): min=10, max=1810.8k, avg=224.63, stdev=2875.90
    clat (usec): min=10, max=18658k, avg=60146.00, stdev=342496.56
     lat (usec): min=22, max=18703k, avg=60371.52, stdev=343734.86
    clat percentiles (msec):
     |  1.00th=[    5],  5.00th=[    5], 10.00th=[    5], 20.00th=[    5],
     | 30.00th=[    5], 40.00th=[    5], 50.00th=[    6], 60.00th=[    6],
     | 70.00th=[    6], 80.00th=[    6], 90.00th=[   27], 95.00th=[  401],
     | 99.00th=[  760], 99.50th=[ 1469], 99.90th=[ 5067], 99.95th=[ 7013],
     | 99.99th=[12147]
   bw (  KiB/s): min=   64, max=1204704, per=100.00%, avg=138963.04, stdev=33667.74, samples=4729
   iops        : min=   16, max=301176, avg=34740.47, stdev=8416.92, samples=4729
  lat (usec)   : 20=0.01%, 50=0.01%, 100=0.01%, 250=0.01%, 500=0.01%
  lat (usec)   : 750=0.01%, 1000=0.01%
  lat (msec)   : 2=0.01%, 4=0.01%, 10=81.17%, 20=5.30%, 50=5.37%
  lat (msec)   : 100=0.05%, 250=0.10%, 500=6.14%, 750=0.86%, 1000=0.25%
  lat (msec)   : 2000=0.38%, >=2000=0.38%
  cpu          : usr=4.05%, sys=13.60%, ctx=812647, majf=0, minf=2368
  IO depths    : 1=0.1%, 2=0.1%, 4=0.1%, 8=0.1%, 16=0.1%, 32=0.1%, >=64=100.0%
     submit    : 0=0.0%, 4=100.0%, 8=0.0%, 16=0.0%, 32=0.0%, 64=0.0%, >=64=0.0%
     complete  : 0=0.0%, 4=100.0%, 8=0.0%, 16=0.0%, 32=0.0%, 64=0.0%, >=64=0.1%
     issued rwts: total=10145337,0,0,0 short=0,0,0,0 dropped=0,0,0,0
     latency   : target=0, window=0, percentile=100.00%, depth=256

Run status group 0 (all jobs):
   READ: bw=132MiB/s (139MB/s), 132MiB/s-132MiB/s (139MB/s-139MB/s), io=38.7GiB (41.6GB), run=300001-300001msec
