test: (g=0): rw=read, bs=(R) 4096B-4096B, (W) 4096B-4096B, (T) 4096B-4096B, ioengine=libaio, iodepth=256
...
fio-3.27
Starting 16 processes
seq-read: Laying out IO file (1 file / 1024MiB)
seq-read: Laying out IO file (1 file / 1024MiB)
seq-read: Laying out IO file (1 file / 1024MiB)
seq-read: Laying out IO file (1 file / 1024MiB)
seq-read: Laying out IO file (1 file / 1024MiB)
seq-read: Laying out IO file (1 file / 1024MiB)
seq-read: Laying out IO file (1 file / 1024MiB)
seq-read: Laying out IO file (1 file / 1024MiB)

test: (groupid=0, jobs=16): err= 0: pid=43130: Tue Jul 20 15:48:26 2021
  read: IOPS=32.8k, BW=128MiB/s (134MB/s)(37.6GiB/300019msec)
    slat (usec): min=10, max=323418, avg=475.62, stdev=4577.69
    clat (usec): min=10, max=33660k, avg=124135.04, stdev=1010758.67
     lat (usec): min=22, max=33775k, avg=124611.54, stdev=1014583.09
    clat percentiles (msec):
     |  1.00th=[    5],  5.00th=[    5], 10.00th=[    5], 20.00th=[    6],
     | 30.00th=[    6], 40.00th=[    6], 50.00th=[    6], 60.00th=[    6],
     | 70.00th=[    6], 80.00th=[    6], 90.00th=[   26], 95.00th=[   36],
     | 99.00th=[ 1787], 99.50th=[ 4111], 99.90th=[16442], 99.95th=[17113],
     | 99.99th=[17113]
   bw (  KiB/s): min=  320, max=2208264, per=100.00%, avg=135002.55, stdev=25875.81, samples=9538
   iops        : min=   80, max=552066, avg=33750.66, stdev=6468.96, samples=9538
  lat (usec)   : 20=0.01%, 50=0.01%, 100=0.01%, 250=0.01%, 500=0.01%
  lat (usec)   : 750=0.01%, 1000=0.01%
  lat (msec)   : 2=0.01%, 4=0.01%, 10=82.92%, 20=6.79%, 50=5.53%
  lat (msec)   : 100=0.05%, 250=0.01%, 500=0.01%, 750=0.01%, 1000=0.22%
  lat (msec)   : 2000=3.65%, >=2000=0.82%
  cpu          : usr=1.89%, sys=6.06%, ctx=452570, majf=0, minf=4734
  IO depths    : 1=0.1%, 2=0.1%, 4=0.1%, 8=0.1%, 16=0.1%, 32=0.1%, >=64=100.0%
     submit    : 0=0.0%, 4=100.0%, 8=0.0%, 16=0.0%, 32=0.0%, 64=0.0%, >=64=0.0%
     complete  : 0=0.0%, 4=100.0%, 8=0.0%, 16=0.0%, 32=0.0%, 64=0.0%, >=64=0.1%
     issued rwts: total=9847832,0,0,0 short=0,0,0,0 dropped=0,0,0,0
     latency   : target=0, window=0, percentile=100.00%, depth=256

Run status group 0 (all jobs):
   READ: bw=128MiB/s (134MB/s), 128MiB/s-128MiB/s (134MB/s-134MB/s), io=37.6GiB (40.3GB), run=300019-300019msec
