test: (g=0): rw=randread, bs=(R) 4096B-4096B, (W) 4096B-4096B, (T) 4096B-4096B, ioengine=libaio, iodepth=256
...
fio-3.27
Starting 8 processes
rand-read: Laying out IO file (1 file / 1024MiB)
rand-read: Laying out IO file (1 file / 1024MiB)
rand-read: Laying out IO file (1 file / 1024MiB)
rand-read: Laying out IO file (1 file / 1024MiB)

test: (groupid=0, jobs=8): err= 0: pid=209934: Mon Jul 19 22:07:38 2021
  read: IOPS=650, BW=2601KiB/s (2663kB/s)(762MiB/300043msec)
    slat (usec): min=493, max=156118, avg=12277.13, stdev=9922.98
    clat (usec): min=14, max=3829.7k, avg=3121763.61, stdev=259223.39
     lat (msec): min=2, max=3853, avg=3134.04, stdev=259.55
    clat percentiles (msec):
     |  1.00th=[ 2635],  5.00th=[ 2836], 10.00th=[ 2903], 20.00th=[ 2970],
     | 30.00th=[ 3037], 40.00th=[ 3071], 50.00th=[ 3138], 60.00th=[ 3171],
     | 70.00th=[ 3205], 80.00th=[ 3272], 90.00th=[ 3373], 95.00th=[ 3440],
     | 99.00th=[ 3608], 99.50th=[ 3675], 99.90th=[ 3742], 99.95th=[ 3775],
     | 99.99th=[ 3809]
   bw (  KiB/s): min= 1128, max= 3552, per=99.92%, avg=2599.47, stdev=41.42, samples=4747
   iops        : min=  282, max=  888, avg=649.87, stdev=10.36, samples=4747
  lat (usec)   : 20=0.01%, 50=0.01%
  lat (msec)   : 4=0.01%, 10=0.01%, 20=0.01%, 50=0.01%, 100=0.02%
  lat (msec)   : 250=0.05%, 500=0.09%, 750=0.09%, 1000=0.09%, 2000=0.34%
  lat (msec)   : >=2000=99.30%
  cpu          : usr=0.23%, sys=1.42%, ctx=195161, majf=0, minf=2362
  IO depths    : 1=0.1%, 2=0.1%, 4=0.1%, 8=0.1%, 16=0.1%, 32=0.1%, >=64=99.7%
     submit    : 0=0.0%, 4=100.0%, 8=0.0%, 16=0.0%, 32=0.0%, 64=0.0%, >=64=0.0%
     complete  : 0=0.0%, 4=100.0%, 8=0.0%, 16=0.0%, 32=0.0%, 64=0.0%, >=64=0.1%
     issued rwts: total=195100,0,0,0 short=0,0,0,0 dropped=0,0,0,0
     latency   : target=0, window=0, percentile=100.00%, depth=256

Run status group 0 (all jobs):
   READ: bw=2601KiB/s (2663kB/s), 2601KiB/s-2601KiB/s (2663kB/s-2663kB/s), io=762MiB (799MB), run=300043-300043msec
