test: (g=0): rw=read, bs=(R) 4096B-4096B, (W) 4096B-4096B, (T) 4096B-4096B, ioengine=libaio, iodepth=256
fio-3.27
Starting 1 process

test: (groupid=0, jobs=1): err= 0: pid=225853: Fri Jul 16 03:20:34 2021
  read: IOPS=28.5k, BW=111MiB/s (117MB/s)(32.6GiB/300001msec)
    slat (usec): min=10, max=238218, avg=23.86, stdev=520.62
    clat (usec): min=10, max=4273.4k, avg=8937.44, stdev=56866.63
     lat (usec): min=22, max=4282.4k, avg=8962.10, stdev=57025.25
    clat percentiles (msec):
     |  1.00th=[    5],  5.00th=[    5], 10.00th=[    5], 20.00th=[    6],
     | 30.00th=[    6], 40.00th=[    6], 50.00th=[    6], 60.00th=[    6],
     | 70.00th=[    6], 80.00th=[    6], 90.00th=[   16], 95.00th=[   26],
     | 99.00th=[   27], 99.50th=[   27], 99.90th=[  953], 99.95th=[ 1217],
     | 99.99th=[ 2366]
   bw (  KiB/s): min=    8, max=165528, per=100.00%, avg=118153.78, stdev=64626.79, samples=578
   iops        : min=    2, max=41382, avg=29538.44, stdev=16156.70, samples=578
  lat (usec)   : 20=0.01%, 50=0.01%, 100=0.01%, 250=0.01%, 500=0.01%
  lat (usec)   : 750=0.01%, 1000=0.01%
  lat (msec)   : 2=0.01%, 4=0.01%, 10=88.97%, 20=4.91%, 50=5.88%
  lat (msec)   : 100=0.05%, 250=0.01%, 500=0.01%, 750=0.01%, 1000=0.09%
  lat (msec)   : 2000=0.06%, >=2000=0.02%
  cpu          : usr=23.99%, sys=61.61%, ctx=7543, majf=0, minf=295
  IO depths    : 1=0.1%, 2=0.1%, 4=0.1%, 8=0.1%, 16=0.1%, 32=0.1%, >=64=100.0%
     submit    : 0=0.0%, 4=100.0%, 8=0.0%, 16=0.0%, 32=0.0%, 64=0.0%, >=64=0.0%
     complete  : 0=0.0%, 4=100.0%, 8=0.0%, 16=0.0%, 32=0.0%, 64=0.0%, >=64=0.1%
     issued rwts: total=8547449,0,0,0 short=0,0,0,0 dropped=0,0,0,0
     latency   : target=0, window=0, percentile=100.00%, depth=256

Run status group 0 (all jobs):
   READ: bw=111MiB/s (117MB/s), 111MiB/s-111MiB/s (117MB/s-117MB/s), io=32.6GiB (35.0GB), run=300001-300001msec
