readwrite: (g=0): rw=rw, bs=(R) 4096B-4096B, (W) 4096B-4096B, (T) 4096B-4096B, ioengine=libaio, iodepth=256
...
fio-3.27
Starting 32 processes
readwrite: Laying out IO file (1 file / 1024MiB)
readwrite: Laying out IO file (1 file / 1024MiB)
readwrite: Laying out IO file (1 file / 1024MiB)
readwrite: Laying out IO file (1 file / 1024MiB)
readwrite: Laying out IO file (1 file / 1024MiB)
readwrite: Laying out IO file (1 file / 1024MiB)
readwrite: Laying out IO file (1 file / 1024MiB)
readwrite: Laying out IO file (1 file / 1024MiB)
readwrite: Laying out IO file (1 file / 1024MiB)
readwrite: Laying out IO file (1 file / 1024MiB)
readwrite: Laying out IO file (1 file / 1024MiB)
readwrite: Laying out IO file (1 file / 1024MiB)
readwrite: Laying out IO file (1 file / 1024MiB)
readwrite: Laying out IO file (1 file / 1024MiB)
readwrite: Laying out IO file (1 file / 1024MiB)
readwrite: Laying out IO file (1 file / 1024MiB)

readwrite: (groupid=0, jobs=32): err= 0: pid=114927: Wed Jul 21 18:59:27 2021
  read: IOPS=24.7k, BW=96.6MiB/s (101MB/s)(28.3GiB/300298msec)
    slat (usec): min=7, max=2618.8k, avg=1192.26, stdev=15271.54
    clat (usec): min=11, max=40069k, avg=166509.81, stdev=1474400.60
     lat (usec): min=64, max=40334k, avg=167702.82, stdev=1485007.00
    clat percentiles (msec):
     |  1.00th=[   12],  5.00th=[   13], 10.00th=[   13], 20.00th=[   14],
     | 30.00th=[   14], 40.00th=[   14], 50.00th=[   14], 60.00th=[   14],
     | 70.00th=[   15], 80.00th=[   15], 90.00th=[   16], 95.00th=[   19],
     | 99.00th=[ 6678], 99.50th=[12281], 99.90th=[17113], 99.95th=[17113],
     | 99.99th=[17113]
   bw (  KiB/s): min=  256, max=766244, per=100.00%, avg=104609.15, stdev=8553.79, samples=17774
   iops        : min=   64, max=191558, avg=26152.08, stdev=2138.43, samples=17774
  write: IOPS=24.7k, BW=96.6MiB/s (101MB/s)(28.3GiB/300298msec); 0 zone resets
    slat (usec): min=68, max=717917, avg=79.94, stdev=349.03
    clat (usec): min=11, max=39731k, avg=163063.60, stdev=1456500.70
     lat (usec): min=88, max=39731k, avg=163144.65, stdev=1456503.60
    clat percentiles (msec):
     |  1.00th=[   12],  5.00th=[   13], 10.00th=[   13], 20.00th=[   14],
     | 30.00th=[   14], 40.00th=[   14], 50.00th=[   14], 60.00th=[   14],
     | 70.00th=[   15], 80.00th=[   15], 90.00th=[   16], 95.00th=[   19],
     | 99.00th=[ 6477], 99.50th=[12147], 99.90th=[17113], 99.95th=[17113],
     | 99.99th=[17113]
   bw (  KiB/s): min=  256, max=762461, per=100.00%, avg=104413.79, stdev=8571.53, samples=17751
   iops        : min=   64, max=190612, avg=26103.23, stdev=2142.86, samples=17751
  lat (usec)   : 20=0.01%, 50=0.01%, 100=0.01%, 250=0.01%, 500=0.01%
  lat (usec)   : 750=0.01%, 1000=0.01%
  lat (msec)   : 2=0.01%, 4=0.01%, 10=0.01%, 20=97.08%, 50=1.18%
  lat (msec)   : 100=0.11%, 250=0.08%, 500=0.06%, 750=0.04%, 1000=0.06%
  lat (msec)   : 2000=0.07%, >=2000=1.32%
  cpu          : usr=1.47%, sys=7.48%, ctx=96069, majf=0, minf=1415
  IO depths    : 1=0.1%, 2=0.1%, 4=0.1%, 8=0.1%, 16=0.1%, 32=0.1%, >=64=100.0%
     submit    : 0=0.0%, 4=100.0%, 8=0.0%, 16=0.0%, 32=0.0%, 64=0.0%, >=64=0.0%
     complete  : 0=0.0%, 4=100.0%, 8=0.0%, 16=0.0%, 32=0.0%, 64=0.0%, >=64=0.1%
     issued rwts: total=7427169,7427469,0,0 short=0,0,0,0 dropped=0,0,0,0
     latency   : target=0, window=0, percentile=100.00%, depth=256

Run status group 0 (all jobs):
   READ: bw=96.6MiB/s (101MB/s), 96.6MiB/s-96.6MiB/s (101MB/s-101MB/s), io=28.3GiB (30.4GB), run=300298-300298msec
  WRITE: bw=96.6MiB/s (101MB/s), 96.6MiB/s-96.6MiB/s (101MB/s-101MB/s), io=28.3GiB (30.4GB), run=300298-300298msec
