readwrite: (g=0): rw=rw, bs=(R) 4096B-4096B, (W) 4096B-4096B, (T) 4096B-4096B, ioengine=libaio, iodepth=256
...
fio-3.27
Starting 8 processes
readwrite: Laying out IO file (1 file / 1024MiB)
readwrite: Laying out IO file (1 file / 1024MiB)
readwrite: Laying out IO file (1 file / 1024MiB)
readwrite: Laying out IO file (1 file / 1024MiB)

readwrite: (groupid=0, jobs=8): err= 0: pid=90413: Wed Jul 21 17:40:48 2021
  read: IOPS=29.7k, BW=116MiB/s (122MB/s)(34.0GiB/300025msec)
    slat (usec): min=7, max=701421, avg=169.63, stdev=2911.02
    clat (usec): min=16, max=15311k, avg=34396.25, stdev=208524.38
     lat (usec): min=109, max=15428k, avg=34566.62, stdev=209996.11
    clat percentiles (msec):
     |  1.00th=[   12],  5.00th=[   13], 10.00th=[   13], 20.00th=[   14],
     | 30.00th=[   14], 40.00th=[   14], 50.00th=[   14], 60.00th=[   14],
     | 70.00th=[   14], 80.00th=[   15], 90.00th=[   15], 95.00th=[   19],
     | 99.00th=[  852], 99.50th=[ 1351], 99.90th=[ 2836], 99.95th=[ 3775],
     | 99.99th=[ 6409]
   bw (  KiB/s): min=   80, max=324664, per=100.00%, avg=120096.07, stdev=14884.28, samples=4759
   iops        : min=   20, max=81166, avg=30023.89, stdev=3721.07, samples=4759
  write: IOPS=29.7k, BW=116MiB/s (122MB/s)(34.0GiB/300025msec); 0 zone resets
    slat (usec): min=68, max=132400, avg=77.92, stdev=73.33
    clat (usec): min=11, max=15352k, avg=34215.19, stdev=207754.18
     lat (usec): min=82, max=15352k, avg=34294.22, stdev=207756.27
    clat percentiles (msec):
     |  1.00th=[   12],  5.00th=[   13], 10.00th=[   13], 20.00th=[   14],
     | 30.00th=[   14], 40.00th=[   14], 50.00th=[   14], 60.00th=[   14],
     | 70.00th=[   14], 80.00th=[   15], 90.00th=[   15], 95.00th=[   19],
     | 99.00th=[  852], 99.50th=[ 1334], 99.90th=[ 2836], 99.95th=[ 3742],
     | 99.99th=[ 6275]
   bw (  KiB/s): min=   88, max=321776, per=100.00%, avg=119918.93, stdev=14881.56, samples=4762
   iops        : min=   22, max=80444, avg=29979.61, stdev=3720.39, samples=4762
  lat (usec)   : 20=0.01%, 50=0.01%, 100=0.01%, 250=0.01%, 500=0.01%
  lat (usec)   : 750=0.01%, 1000=0.01%
  lat (msec)   : 2=0.01%, 4=0.01%, 10=0.01%, 20=96.62%, 50=1.67%
  lat (msec)   : 100=0.07%, 250=0.08%, 500=0.16%, 750=0.27%, 1000=0.31%
  lat (msec)   : 2000=0.60%, >=2000=0.22%
  cpu          : usr=7.12%, sys=35.91%, ctx=135891, majf=0, minf=356
  IO depths    : 1=0.1%, 2=0.1%, 4=0.1%, 8=0.1%, 16=0.1%, 32=0.1%, >=64=100.0%
     submit    : 0=0.0%, 4=100.0%, 8=0.0%, 16=0.0%, 32=0.0%, 64=0.0%, >=64=0.0%
     complete  : 0=0.0%, 4=100.0%, 8=0.0%, 16=0.0%, 32=0.0%, 64=0.0%, >=64=0.1%
     issued rwts: total=8921937,8917443,0,0 short=0,0,0,0 dropped=0,0,0,0
     latency   : target=0, window=0, percentile=100.00%, depth=256

Run status group 0 (all jobs):
   READ: bw=116MiB/s (122MB/s), 116MiB/s-116MiB/s (122MB/s-122MB/s), io=34.0GiB (36.5GB), run=300025-300025msec
  WRITE: bw=116MiB/s (122MB/s), 116MiB/s-116MiB/s (122MB/s-122MB/s), io=34.0GiB (36.5GB), run=300025-300025msec
