test: (g=0): rw=randread, bs=(R) 4096B-4096B, (W) 4096B-4096B, (T) 4096B-4096B, ioengine=libaio, iodepth=256
...
fio-3.27
Starting 8 processes
rand-read: Laying out IO file (1 file / 1024MiB)
rand-read: Laying out IO file (1 file / 1024MiB)
rand-read: Laying out IO file (1 file / 1024MiB)
rand-read: Laying out IO file (1 file / 1024MiB)

test: (groupid=0, jobs=8): err= 0: pid=147266: Mon Jul 19 19:06:30 2021
  read: IOPS=714, BW=2857KiB/s (2926kB/s)(837MiB/300034msec)
    slat (usec): min=469, max=549839, avg=11176.56, stdev=9165.60
    clat (usec): min=14, max=4326.0k, avg=2842763.72, stdev=418102.31
     lat (msec): min=8, max=4336, avg=2853.94, stdev=419.35
    clat percentiles (msec):
     |  1.00th=[ 2165],  5.00th=[ 2333], 10.00th=[ 2400], 20.00th=[ 2500],
     | 30.00th=[ 2601], 40.00th=[ 2702], 50.00th=[ 2802], 60.00th=[ 2903],
     | 70.00th=[ 3004], 80.00th=[ 3138], 90.00th=[ 3373], 95.00th=[ 3675],
     | 99.00th=[ 3977], 99.50th=[ 4044], 99.90th=[ 4144], 99.95th=[ 4212],
     | 99.99th=[ 4279]
   bw (  KiB/s): min=  632, max= 4344, per=99.86%, avg=2853.88, stdev=62.00, samples=4754
   iops        : min=  158, max= 1086, avg=713.47, stdev=15.50, samples=4754
  lat (usec)   : 20=0.01%, 50=0.01%
  lat (msec)   : 10=0.01%, 20=0.01%, 50=0.01%, 100=0.01%, 250=0.04%
  lat (msec)   : 500=0.06%, 750=0.07%, 1000=0.06%, 2000=0.25%, >=2000=99.50%
  cpu          : usr=0.23%, sys=1.48%, ctx=214382, majf=0, minf=2358
  IO depths    : 1=0.1%, 2=0.1%, 4=0.1%, 8=0.1%, 16=0.1%, 32=0.1%, >=64=99.8%
     submit    : 0=0.0%, 4=100.0%, 8=0.0%, 16=0.0%, 32=0.0%, 64=0.0%, >=64=0.0%
     complete  : 0=0.0%, 4=100.0%, 8=0.0%, 16=0.0%, 32=0.0%, 64=0.0%, >=64=0.1%
     issued rwts: total=214299,0,0,0 short=0,0,0,0 dropped=0,0,0,0
     latency   : target=0, window=0, percentile=100.00%, depth=256

Run status group 0 (all jobs):
   READ: bw=2857KiB/s (2926kB/s), 2857KiB/s-2857KiB/s (2926kB/s-2926kB/s), io=837MiB (878MB), run=300034-300034msec
