test: (g=0): rw=randread, bs=(R) 4096B-4096B, (W) 4096B-4096B, (T) 4096B-4096B, ioengine=libaio, iodepth=256
...
fio-3.27
Starting 8 processes
rand-read: Laying out IO file (1 file / 1024MiB)
rand-read: Laying out IO file (1 file / 1024MiB)
rand-read: Laying out IO file (1 file / 1024MiB)
rand-read: Laying out IO file (1 file / 1024MiB)

test: (groupid=0, jobs=8): err= 0: pid=162905: Tue Jul 20 11:23:18 2021
  read: IOPS=571, BW=2286KiB/s (2341kB/s)(670MiB/300066msec)
    slat (usec): min=488, max=176406, avg=13972.95, stdev=11483.27
    clat (usec): min=12, max=4674.3k, avg=3551251.43, stdev=320893.81
     lat (msec): min=3, max=4688, avg=3565.23, stdev=321.32
    clat percentiles (msec):
     |  1.00th=[ 2903],  5.00th=[ 3205], 10.00th=[ 3272], 20.00th=[ 3373],
     | 30.00th=[ 3440], 40.00th=[ 3507], 50.00th=[ 3540], 60.00th=[ 3608],
     | 70.00th=[ 3675], 80.00th=[ 3742], 90.00th=[ 3876], 95.00th=[ 4010],
     | 99.00th=[ 4212], 99.50th=[ 4329], 99.90th=[ 4530], 99.95th=[ 4530],
     | 99.99th=[ 4597]
   bw (  KiB/s): min= 1168, max= 3264, per=99.93%, avg=2284.28, stdev=39.57, samples=4742
   iops        : min=  292, max=  816, avg=571.07, stdev= 9.89, samples=4742
  lat (usec)   : 20=0.01%, 50=0.01%
  lat (msec)   : 4=0.01%, 20=0.01%, 50=0.01%, 100=0.01%, 250=0.05%
  lat (msec)   : 500=0.09%, 750=0.09%, 1000=0.08%, 2000=0.31%, >=2000=99.36%
  cpu          : usr=0.21%, sys=1.27%, ctx=171527, majf=0, minf=2359
  IO depths    : 1=0.1%, 2=0.1%, 4=0.1%, 8=0.1%, 16=0.1%, 32=0.1%, >=64=99.7%
     submit    : 0=0.0%, 4=100.0%, 8=0.0%, 16=0.0%, 32=0.0%, 64=0.0%, >=64=0.0%
     complete  : 0=0.0%, 4=100.0%, 8=0.0%, 16=0.0%, 32=0.0%, 64=0.0%, >=64=0.1%
     issued rwts: total=171462,0,0,0 short=0,0,0,0 dropped=0,0,0,0
     latency   : target=0, window=0, percentile=100.00%, depth=256

Run status group 0 (all jobs):
   READ: bw=2286KiB/s (2341kB/s), 2286KiB/s-2286KiB/s (2341kB/s-2341kB/s), io=670MiB (702MB), run=300066-300066msec
