test: (g=0): rw=read, bs=(R) 4096B-4096B, (W) 4096B-4096B, (T) 4096B-4096B, ioengine=libaio, iodepth=256
...
fio-3.27
Starting 2 processes
seq-read: Laying out IO file (1 file / 1024MiB)

test: (groupid=0, jobs=2): err= 0: pid=35312: Tue Jul 20 15:27:30 2021
  read: IOPS=33.9k, BW=132MiB/s (139MB/s)(38.8GiB/300012msec)
    slat (usec): min=10, max=241621, avg=47.86, stdev=971.29
    clat (usec): min=10, max=5858.8k, avg=15054.33, stdev=144178.40
     lat (usec): min=22, max=5864.2k, avg=15102.95, stdev=144623.97
    clat percentiles (msec):
     |  1.00th=[    5],  5.00th=[    5], 10.00th=[    5], 20.00th=[    5],
     | 30.00th=[    5], 40.00th=[    5], 50.00th=[    5], 60.00th=[    5],
     | 70.00th=[    6], 80.00th=[    6], 90.00th=[   16], 95.00th=[   26],
     | 99.00th=[   27], 99.50th=[  199], 99.90th=[ 2123], 99.95th=[ 3675],
     | 99.99th=[ 5269]
   bw (  KiB/s): min=   24, max=329120, per=100.00%, avg=141236.88, stdev=37343.45, samples=1172
   iops        : min=    6, max=82280, avg=35309.23, stdev=9335.86, samples=1172
  lat (usec)   : 20=0.01%, 50=0.01%, 100=0.01%, 250=0.01%, 500=0.01%
  lat (usec)   : 750=0.01%, 1000=0.01%
  lat (msec)   : 2=0.01%, 4=0.01%, 10=88.44%, 20=5.06%, 50=5.88%
  lat (msec)   : 100=0.03%, 250=0.12%, 500=0.01%, 750=0.04%, 1000=0.13%
  lat (msec)   : 2000=0.20%, >=2000=0.10%
  cpu          : usr=14.17%, sys=37.63%, ctx=52236, majf=0, minf=590
  IO depths    : 1=0.1%, 2=0.1%, 4=0.1%, 8=0.1%, 16=0.1%, 32=0.1%, >=64=100.0%
     submit    : 0=0.0%, 4=100.0%, 8=0.0%, 16=0.0%, 32=0.0%, 64=0.0%, >=64=0.0%
     complete  : 0=0.0%, 4=100.0%, 8=0.0%, 16=0.0%, 32=0.0%, 64=0.0%, >=64=0.1%
     issued rwts: total=10158951,0,0,0 short=0,0,0,0 dropped=0,0,0,0
     latency   : target=0, window=0, percentile=100.00%, depth=256

Run status group 0 (all jobs):
   READ: bw=132MiB/s (139MB/s), 132MiB/s-132MiB/s (139MB/s-139MB/s), io=38.8GiB (41.6GB), run=300012-300012msec
