readwrite: (g=0): rw=rw, bs=(R) 4096B-4096B, (W) 4096B-4096B, (T) 4096B-4096B, ioengine=libaio, iodepth=256
fio-3.27
Starting 1 process
readwrite: Laying out IO file (1 file / 1024MiB)

readwrite: (groupid=0, jobs=1): err= 0: pid=60174: Wed Jul 21 19:21:48 2021
  read: IOPS=7809, BW=30.5MiB/s (32.0MB/s)(9152MiB/300001msec)
    slat (usec): min=7, max=115896, avg=34.71, stdev=409.73
    clat (usec): min=168, max=917985, avg=16332.67, stdev=24016.88
     lat (usec): min=178, max=917996, avg=16368.20, stdev=24093.83
    clat percentiles (msec):
     |  1.00th=[   12],  5.00th=[   13], 10.00th=[   13], 20.00th=[   13],
     | 30.00th=[   13], 40.00th=[   13], 50.00th=[   14], 60.00th=[   14],
     | 70.00th=[   14], 80.00th=[   14], 90.00th=[   15], 95.00th=[   22],
     | 99.00th=[  120], 99.50th=[  138], 99.90th=[  186], 99.95th=[  300],
     | 99.99th=[  894]
   bw (  KiB/s): min=    8, max=41624, per=100.00%, avg=31403.24, stdev=12469.12, samples=596
   iops        : min=    2, max=10406, avg=7850.78, stdev=3117.27, samples=596
  write: IOPS=7804, BW=30.5MiB/s (32.0MB/s)(9146MiB/300001msec); 0 zone resets
    slat (usec): min=68, max=4140, avg=71.75, stdev=13.70
    clat (usec): min=11, max=917905, avg=16334.17, stdev=23833.57
     lat (usec): min=82, max=917976, avg=16407.02, stdev=23835.22
    clat percentiles (msec):
     |  1.00th=[   12],  5.00th=[   13], 10.00th=[   13], 20.00th=[   13],
     | 30.00th=[   13], 40.00th=[   13], 50.00th=[   14], 60.00th=[   14],
     | 70.00th=[   14], 80.00th=[   14], 90.00th=[   15], 95.00th=[   22],
     | 99.00th=[  120], 99.50th=[  138], 99.90th=[  188], 99.95th=[  300],
     | 99.99th=[  894]
   bw (  KiB/s): min=    8, max=41368, per=100.00%, avg=31382.69, stdev=12438.45, samples=596
   iops        : min=    2, max=10342, avg=7845.62, stdev=3109.59, samples=596
  lat (usec)   : 20=0.01%, 100=0.01%, 250=0.01%, 500=0.01%, 750=0.01%
  lat (usec)   : 1000=0.01%
  lat (msec)   : 2=0.01%, 4=0.01%, 10=0.01%, 20=94.94%, 50=2.92%
  lat (msec)   : 100=0.47%, 250=1.59%, 500=0.02%, 750=0.01%, 1000=0.04%
  cpu          : usr=15.43%, sys=73.53%, ctx=47044, majf=0, minf=43
  IO depths    : 1=0.1%, 2=0.1%, 4=0.1%, 8=0.1%, 16=0.1%, 32=0.1%, >=64=100.0%
     submit    : 0=0.0%, 4=100.0%, 8=0.0%, 16=0.0%, 32=0.0%, 64=0.0%, >=64=0.0%
     complete  : 0=0.0%, 4=100.0%, 8=0.0%, 16=0.0%, 32=0.0%, 64=0.0%, >=64=0.1%
     issued rwts: total=2342804,2341314,0,0 short=0,0,0,0 dropped=0,0,0,0
     latency   : target=0, window=0, percentile=100.00%, depth=256

Run status group 0 (all jobs):
   READ: bw=30.5MiB/s (32.0MB/s), 30.5MiB/s-30.5MiB/s (32.0MB/s-32.0MB/s), io=9152MiB (9596MB), run=300001-300001msec
  WRITE: bw=30.5MiB/s (32.0MB/s), 30.5MiB/s-30.5MiB/s (32.0MB/s-32.0MB/s), io=9146MiB (9590MB), run=300001-300001msec
