test: (g=0): rw=randread, bs=(R) 4096B-4096B, (W) 4096B-4096B, (T) 4096B-4096B, ioengine=libaio, iodepth=256
...
fio-3.27
Starting 4 processes
rand-read: Laying out IO file (1 file / 1024MiB)
rand-read: Laying out IO file (1 file / 1024MiB)

test: (groupid=0, jobs=4): err= 0: pid=153242: Tue Jul 20 11:16:42 2021
  read: IOPS=446, BW=1784KiB/s (1827kB/s)(523MiB/300004msec)
    slat (usec): min=466, max=87954, avg=8946.71, stdev=6578.60
    clat (usec): min=17, max=2696.9k, avg=2278409.33, stdev=163345.81
     lat (usec): min=904, max=2700.9k, avg=2287358.58, stdev=163524.97
    clat percentiles (msec):
     |  1.00th=[ 1989],  5.00th=[ 2106], 10.00th=[ 2140], 20.00th=[ 2198],
     | 30.00th=[ 2232], 40.00th=[ 2265], 50.00th=[ 2299], 60.00th=[ 2299],
     | 70.00th=[ 2333], 80.00th=[ 2366], 90.00th=[ 2433], 95.00th=[ 2467],
     | 99.00th=[ 2567], 99.50th=[ 2567], 99.90th=[ 2635], 99.95th=[ 2635],
     | 99.99th=[ 2668]
   bw (  KiB/s): min= 1008, max= 2346, per=99.93%, avg=1783.30, stdev=45.19, samples=2380
   iops        : min=  252, max=  586, avg=445.82, stdev=11.29, samples=2380
  lat (usec)   : 20=0.01%, 50=0.01%, 1000=0.01%
  lat (msec)   : 4=0.01%, 10=0.01%, 20=0.01%, 50=0.01%, 100=0.02%
  lat (msec)   : 250=0.05%, 500=0.08%, 750=0.09%, 1000=0.09%, 2000=0.67%
  lat (msec)   : >=2000=98.97%
  cpu          : usr=0.26%, sys=1.70%, ctx=133853, majf=0, minf=1183
  IO depths    : 1=0.1%, 2=0.1%, 4=0.1%, 8=0.1%, 16=0.1%, 32=0.1%, >=64=99.8%
     submit    : 0=0.0%, 4=100.0%, 8=0.0%, 16=0.0%, 32=0.0%, 64=0.0%, >=64=0.0%
     complete  : 0=0.0%, 4=100.0%, 8=0.0%, 16=0.0%, 32=0.0%, 64=0.0%, >=64=0.1%
     issued rwts: total=133816,0,0,0 short=0,0,0,0 dropped=0,0,0,0
     latency   : target=0, window=0, percentile=100.00%, depth=256

Run status group 0 (all jobs):
   READ: bw=1784KiB/s (1827kB/s), 1784KiB/s-1784KiB/s (1827kB/s-1827kB/s), io=523MiB (548MB), run=300004-300004msec
