test: (g=0): rw=read, bs=(R) 4096B-4096B, (W) 4096B-4096B, (T) 4096B-4096B, ioengine=libaio, iodepth=256
fio-3.27
Starting 1 process
test: Laying out IO file (1 file / 1024MiB)

test: (groupid=0, jobs=1): err= 0: pid=230634: Fri Jul 16 03:00:25 2021
  read: IOPS=32.1k, BW=125MiB/s (131MB/s)(36.7GiB/300001msec)
    slat (usec): min=10, max=105009, avg=20.04, stdev=343.12
    clat (usec): min=10, max=991943, avg=7941.97, stdev=31860.28
     lat (usec): min=22, max=991996, avg=7962.80, stdev=31889.18
    clat percentiles (msec):
     |  1.00th=[    5],  5.00th=[    5], 10.00th=[    5], 20.00th=[    5],
     | 30.00th=[    5], 40.00th=[    5], 50.00th=[    5], 60.00th=[    5],
     | 70.00th=[    6], 80.00th=[    6], 90.00th=[   16], 95.00th=[   26],
     | 99.00th=[   27], 99.50th=[   27], 99.90th=[  642], 99.95th=[  911],
     | 99.99th=[  936]
   bw (  KiB/s): min=   16, max=167592, per=100.00%, avg=133956.16, stdev=53480.12, samples=574
   iops        : min=    4, max=41898, avg=33488.99, stdev=13370.04, samples=574
  lat (usec)   : 20=0.01%, 50=0.01%, 100=0.01%, 250=0.01%
  lat (msec)   : 10=89.32%, 20=4.58%, 50=5.92%, 100=0.02%, 250=0.01%
  lat (msec)   : 500=0.01%, 750=0.06%, 1000=0.10%
  cpu          : usr=26.57%, sys=68.49%, ctx=7500, majf=0, minf=294
  IO depths    : 1=0.1%, 2=0.1%, 4=0.1%, 8=0.1%, 16=0.1%, 32=0.1%, >=64=100.0%
     submit    : 0=0.0%, 4=100.0%, 8=0.0%, 16=0.0%, 32=0.0%, 64=0.0%, >=64=0.0%
     complete  : 0=0.0%, 4=100.0%, 8=0.0%, 16=0.0%, 32=0.0%, 64=0.0%, >=64=0.1%
     issued rwts: total=9625610,0,0,0 short=0,0,0,0 dropped=0,0,0,0
     latency   : target=0, window=0, percentile=100.00%, depth=256

Run status group 0 (all jobs):
   READ: bw=125MiB/s (131MB/s), 125MiB/s-125MiB/s (131MB/s-131MB/s), io=36.7GiB (39.4GB), run=300001-300001msec
