readwrite: (g=0): rw=rw, bs=(R) 4096B-4096B, (W) 4096B-4096B, (T) 4096B-4096B, ioengine=libaio, iodepth=256
...
fio-3.27
Starting 8 processes
readwrite: Laying out IO file (1 file / 1024MiB)
readwrite: Laying out IO file (1 file / 1024MiB)
readwrite: Laying out IO file (1 file / 1024MiB)
readwrite: Laying out IO file (1 file / 1024MiB)

readwrite: (groupid=0, jobs=8): err= 0: pid=120637: Wed Jul 21 18:40:18 2021
  read: IOPS=26.4k, BW=103MiB/s (108MB/s)(30.2GiB/300011msec)
    slat (usec): min=7, max=928021, avg=203.81, stdev=3616.61
    clat (usec): min=12, max=19968k, avg=38751.34, stdev=284399.87
     lat (usec): min=113, max=19979k, avg=38955.90, stdev=286431.89
    clat percentiles (msec):
     |  1.00th=[   12],  5.00th=[   13], 10.00th=[   13], 20.00th=[   14],
     | 30.00th=[   14], 40.00th=[   14], 50.00th=[   14], 60.00th=[   14],
     | 70.00th=[   15], 80.00th=[   15], 90.00th=[   16], 95.00th=[   19],
     | 99.00th=[  978], 99.50th=[ 1770], 99.90th=[ 3708], 99.95th=[ 5000],
     | 99.99th=[ 9597]
   bw (  KiB/s): min=   96, max=319368, per=100.00%, avg=106584.82, stdev=13933.16, samples=4745
   iops        : min=   24, max=79842, avg=26646.05, stdev=3483.28, samples=4745
  write: IOPS=26.3k, BW=103MiB/s (108MB/s)(30.1GiB/300011msec); 0 zone resets
    slat (usec): min=68, max=198001, avg=78.43, stdev=102.52
    clat (usec): min=11, max=19948k, avg=38632.12, stdev=283916.83
     lat (usec): min=84, max=19948k, avg=38711.66, stdev=283918.92
    clat percentiles (msec):
     |  1.00th=[   12],  5.00th=[   13], 10.00th=[   13], 20.00th=[   14],
     | 30.00th=[   14], 40.00th=[   14], 50.00th=[   14], 60.00th=[   14],
     | 70.00th=[   15], 80.00th=[   15], 90.00th=[   16], 95.00th=[   19],
     | 99.00th=[  969], 99.50th=[ 1754], 99.90th=[ 3675], 99.95th=[ 5000],
     | 99.99th=[ 9731]
   bw (  KiB/s): min=   64, max=315456, per=100.00%, avg=106672.04, stdev=13936.84, samples=4739
   iops        : min=   16, max=78864, avg=26667.85, stdev=3484.20, samples=4739
  lat (usec)   : 20=0.01%, 50=0.01%, 100=0.01%, 250=0.01%, 500=0.01%
  lat (usec)   : 750=0.01%, 1000=0.01%
  lat (msec)   : 2=0.01%, 4=0.01%, 10=0.01%, 20=96.79%, 50=1.76%
  lat (msec)   : 100=0.08%, 250=0.06%, 500=0.06%, 750=0.09%, 1000=0.18%
  lat (msec)   : 2000=0.59%, >=2000=0.39%
  cpu          : usr=6.32%, sys=31.82%, ctx=98064, majf=0, minf=359
  IO depths    : 1=0.1%, 2=0.1%, 4=0.1%, 8=0.1%, 16=0.1%, 32=0.1%, >=64=100.0%
     submit    : 0=0.0%, 4=100.0%, 8=0.0%, 16=0.0%, 32=0.0%, 64=0.0%, >=64=0.0%
     complete  : 0=0.0%, 4=100.0%, 8=0.0%, 16=0.0%, 32=0.0%, 64=0.0%, >=64=0.1%
     issued rwts: total=7905949,7903421,0,0 short=0,0,0,0 dropped=0,0,0,0
     latency   : target=0, window=0, percentile=100.00%, depth=256

Run status group 0 (all jobs):
   READ: bw=103MiB/s (108MB/s), 103MiB/s-103MiB/s (108MB/s-108MB/s), io=30.2GiB (32.4GB), run=300011-300011msec
  WRITE: bw=103MiB/s (108MB/s), 103MiB/s-103MiB/s (108MB/s-108MB/s), io=30.1GiB (32.4GB), run=300011-300011msec
