readwrite: (g=0): rw=rw, bs=(R) 4096B-4096B, (W) 4096B-4096B, (T) 4096B-4096B, ioengine=libaio, iodepth=256
...
fio-3.27
Starting 8 processes
readwrite: Laying out IO file (1 file / 1024MiB)
readwrite: Laying out IO file (1 file / 1024MiB)
readwrite: Laying out IO file (1 file / 1024MiB)
readwrite: Laying out IO file (1 file / 1024MiB)

readwrite: (groupid=0, jobs=8): err= 0: pid=50144: Wed Jul 21 18:40:18 2021
  read: IOPS=20.1k, BW=78.4MiB/s (82.2MB/s)(23.0GiB/300414msec)
    slat (usec): min=7, max=601486, avg=299.70, stdev=4440.68
    clat (usec): min=13, max=19090k, avg=50956.17, stdev=353423.26
     lat (usec): min=110, max=19156k, avg=51256.63, stdev=355940.84
    clat percentiles (msec):
     |  1.00th=[   12],  5.00th=[   13], 10.00th=[   13], 20.00th=[   13],
     | 30.00th=[   14], 40.00th=[   14], 50.00th=[   14], 60.00th=[   14],
     | 70.00th=[   14], 80.00th=[   15], 90.00th=[   15], 95.00th=[   19],
     | 99.00th=[ 1418], 99.50th=[ 2198], 99.90th=[ 4933], 99.95th=[ 6544],
     | 99.99th=[11073]
   bw (  KiB/s): min=   72, max=318048, per=100.00%, avg=81017.27, stdev=12535.19, samples=4756
   iops        : min=   18, max=79512, avg=20254.21, stdev=3133.79, samples=4756
  write: IOPS=20.1k, BW=78.3MiB/s (82.2MB/s)(23.0GiB/300414msec); 0 zone resets
    slat (usec): min=68, max=265785, avg=77.48, stdev=127.56
    clat (usec): min=12, max=19118k, avg=50624.95, stdev=352072.51
     lat (usec): min=92, max=19118k, avg=50703.53, stdev=352074.93
    clat percentiles (msec):
     |  1.00th=[   12],  5.00th=[   13], 10.00th=[   13], 20.00th=[   13],
     | 30.00th=[   14], 40.00th=[   14], 50.00th=[   14], 60.00th=[   14],
     | 70.00th=[   14], 80.00th=[   15], 90.00th=[   15], 95.00th=[   19],
     | 99.00th=[ 1401], 99.50th=[ 2198], 99.90th=[ 4933], 99.95th=[ 6544],
     | 99.99th=[11073]
   bw (  KiB/s): min=   64, max=314728, per=100.00%, avg=81167.70, stdev=12529.45, samples=4748
   iops        : min=   16, max=78682, avg=20291.79, stdev=3132.35, samples=4748
  lat (usec)   : 20=0.01%, 50=0.01%, 100=0.01%, 250=0.01%, 500=0.01%
  lat (usec)   : 750=0.01%, 1000=0.01%
  lat (msec)   : 2=0.01%, 4=0.01%, 10=0.01%, 20=96.44%, 50=1.57%
  lat (msec)   : 100=0.07%, 250=0.06%, 500=0.06%, 750=0.10%, 1000=0.23%
  lat (msec)   : 2000=0.88%, >=2000=0.58%
  cpu          : usr=4.80%, sys=24.15%, ctx=107672, majf=0, minf=355
  IO depths    : 1=0.1%, 2=0.1%, 4=0.1%, 8=0.1%, 16=0.1%, 32=0.1%, >=64=100.0%
     submit    : 0=0.0%, 4=100.0%, 8=0.0%, 16=0.0%, 32=0.0%, 64=0.0%, >=64=0.0%
     complete  : 0=0.0%, 4=100.0%, 8=0.0%, 16=0.0%, 32=0.0%, 64=0.0%, >=64=0.1%
     issued rwts: total=6026108,6025447,0,0 short=0,0,0,0 dropped=0,0,0,0
     latency   : target=0, window=0, percentile=100.00%, depth=256

Run status group 0 (all jobs):
   READ: bw=78.4MiB/s (82.2MB/s), 78.4MiB/s-78.4MiB/s (82.2MB/s-82.2MB/s), io=23.0GiB (24.7GB), run=300414-300414msec
  WRITE: bw=78.3MiB/s (82.2MB/s), 78.3MiB/s-78.3MiB/s (82.2MB/s-82.2MB/s), io=23.0GiB (24.7GB), run=300414-300414msec
