test: (g=0): rw=read, bs=(R) 4096B-4096B, (W) 4096B-4096B, (T) 4096B-4096B, ioengine=libaio, iodepth=256
...
fio-3.27
Starting 16 processes
seq-read: Laying out IO file (1 file / 1024MiB)
seq-read: Laying out IO file (1 file / 1024MiB)
seq-read: Laying out IO file (1 file / 1024MiB)
seq-read: Laying out IO file (1 file / 1024MiB)
seq-read: Laying out IO file (1 file / 1024MiB)
seq-read: Laying out IO file (1 file / 1024MiB)
seq-read: Laying out IO file (1 file / 1024MiB)
seq-read: Laying out IO file (1 file / 1024MiB)

test: (groupid=0, jobs=16): err= 0: pid=30076: Tue Jul 20 15:48:26 2021
  read: IOPS=12.1k, BW=47.4MiB/s (49.7MB/s)(13.9GiB/300017msec)
    slat (usec): min=10, max=625240, avg=1306.32, stdev=7921.47
    clat (usec): min=12, max=34025k, avg=335600.54, stdev=1768911.11
     lat (usec): min=489, max=34159k, avg=336907.92, stdev=1775628.97
    clat percentiles (msec):
     |  1.00th=[    5],  5.00th=[    5], 10.00th=[    5], 20.00th=[    5],
     | 30.00th=[    5], 40.00th=[    6], 50.00th=[    6], 60.00th=[    6],
     | 70.00th=[    9], 80.00th=[   17], 90.00th=[ 1167], 95.00th=[ 1519],
     | 99.00th=[ 5067], 99.50th=[13087], 99.90th=[17113], 99.95th=[17113],
     | 99.99th=[17113]
   bw (  KiB/s): min=  296, max=2314989, per=100.00%, avg=48753.34, stdev=18723.13, samples=9548
   iops        : min=   74, max=578745, avg=12187.93, stdev=4680.77, samples=9548
  lat (usec)   : 20=0.01%, 50=0.01%, 750=0.01%
  lat (msec)   : 2=0.01%, 4=0.01%, 10=70.21%, 20=12.18%, 50=4.80%
  lat (msec)   : 100=0.10%, 250=0.05%, 500=0.03%, 750=0.02%, 1000=0.33%
  lat (msec)   : 2000=9.81%, >=2000=2.47%
  cpu          : usr=0.81%, sys=3.25%, ctx=457450, majf=0, minf=4734
  IO depths    : 1=0.1%, 2=0.1%, 4=0.1%, 8=0.1%, 16=0.1%, 32=0.1%, >=64=100.0%
     submit    : 0=0.0%, 4=100.0%, 8=0.0%, 16=0.0%, 32=0.0%, 64=0.0%, >=64=0.0%
     complete  : 0=0.0%, 4=100.0%, 8=0.0%, 16=0.0%, 32=0.0%, 64=0.0%, >=64=0.1%
     issued rwts: total=3640453,0,0,0 short=0,0,0,0 dropped=0,0,0,0
     latency   : target=0, window=0, percentile=100.00%, depth=256

Run status group 0 (all jobs):
   READ: bw=47.4MiB/s (49.7MB/s), 47.4MiB/s-47.4MiB/s (49.7MB/s-49.7MB/s), io=13.9GiB (14.9GB), run=300017-300017msec
