readwrite: (g=0): rw=rw, bs=(R) 4096B-4096B, (W) 4096B-4096B, (T) 4096B-4096B, ioengine=libaio, iodepth=256
...
fio-3.27
Starting 64 processes
readwrite: Laying out IO file (1 file / 1024MiB)
readwrite: Laying out IO file (1 file / 1024MiB)
readwrite: Laying out IO file (1 file / 1024MiB)
readwrite: Laying out IO file (1 file / 1024MiB)
readwrite: Laying out IO file (1 file / 1024MiB)
readwrite: Laying out IO file (1 file / 1024MiB)
readwrite: Laying out IO file (1 file / 1024MiB)
readwrite: Laying out IO file (1 file / 1024MiB)
readwrite: Laying out IO file (1 file / 1024MiB)
readwrite: Laying out IO file (1 file / 1024MiB)
readwrite: Laying out IO file (1 file / 1024MiB)
readwrite: Laying out IO file (1 file / 1024MiB)
readwrite: Laying out IO file (1 file / 1024MiB)
readwrite: Laying out IO file (1 file / 1024MiB)
readwrite: Laying out IO file (1 file / 1024MiB)
readwrite: Laying out IO file (1 file / 1024MiB)
readwrite: Laying out IO file (1 file / 1024MiB)
readwrite: Laying out IO file (1 file / 1024MiB)
readwrite: Laying out IO file (1 file / 1024MiB)
readwrite: Laying out IO file (1 file / 1024MiB)
readwrite: Laying out IO file (1 file / 1024MiB)
readwrite: Laying out IO file (1 file / 1024MiB)
readwrite: Laying out IO file (1 file / 1024MiB)
readwrite: Laying out IO file (1 file / 1024MiB)
readwrite: Laying out IO file (1 file / 1024MiB)
readwrite: Laying out IO file (1 file / 1024MiB)
readwrite: Laying out IO file (1 file / 1024MiB)
readwrite: Laying out IO file (1 file / 1024MiB)
readwrite: Laying out IO file (1 file / 1024MiB)
readwrite: Laying out IO file (1 file / 1024MiB)
readwrite: Laying out IO file (1 file / 1024MiB)
readwrite: Laying out IO file (1 file / 1024MiB)

readwrite: (groupid=0, jobs=64): err= 0: pid=81690: Wed Jul 21 20:16:00 2021
  read: IOPS=16.1k, BW=62.8MiB/s (65.8MB/s)(18.4GiB/300309msec)
    slat (usec): min=7, max=9122.4k, avg=3839.28, stdev=40682.39
    clat (usec): min=17, max=74024k, avg=512226.84, stdev=3671246.00
     lat (usec): min=111, max=74225k, avg=516066.90, stdev=3697613.52
    clat percentiles (msec):
     |  1.00th=[   13],  5.00th=[   13], 10.00th=[   14], 20.00th=[   14],
     | 30.00th=[   14], 40.00th=[   15], 50.00th=[   15], 60.00th=[   15],
     | 70.00th=[   16], 80.00th=[   16], 90.00th=[   19], 95.00th=[   34],
     | 99.00th=[17113], 99.50th=[17113], 99.90th=[17113], 99.95th=[17113],
     | 99.99th=[17113]
   bw (  KiB/s): min=  481, max=821376, per=100.00%, avg=73312.56, stdev=4883.68, samples=30128
   iops        : min=   97, max=205338, avg=18327.22, stdev=1220.90, samples=30128
  write: IOPS=16.1k, BW=62.7MiB/s (65.8MB/s)(18.4GiB/300309msec); 0 zone resets
    slat (usec): min=68, max=1507.5k, avg=119.89, stdev=2882.81
    clat (usec): min=11, max=74214k, avg=489281.93, stdev=3572480.13
     lat (usec): min=95, max=74214k, avg=489402.95, stdev=3572592.41
    clat percentiles (msec):
     |  1.00th=[   13],  5.00th=[   13], 10.00th=[   14], 20.00th=[   14],
     | 30.00th=[   14], 40.00th=[   15], 50.00th=[   15], 60.00th=[   15],
     | 70.00th=[   16], 80.00th=[   16], 90.00th=[   19], 95.00th=[   31],
     | 99.00th=[17113], 99.50th=[17113], 99.90th=[17113], 99.95th=[17113],
     | 99.99th=[17113]
   bw (  KiB/s): min=  480, max=826427, per=100.00%, avg=74213.05, stdev=4896.25, samples=29665
   iops        : min=   96, max=206600, avg=18552.39, stdev=1224.04, samples=29665
  lat (usec)   : 20=0.01%, 50=0.01%, 250=0.01%, 500=0.01%, 750=0.01%
  lat (usec)   : 1000=0.01%
  lat (msec)   : 2=0.01%, 4=0.01%, 10=0.01%, 20=93.66%, 50=1.81%
  lat (msec)   : 100=0.74%, 250=0.90%, 500=0.39%, 750=0.14%, 1000=0.07%
  lat (msec)   : 2000=0.11%, >=2000=2.18%
  cpu          : usr=0.49%, sys=2.57%, ctx=90922, majf=0, minf=2798
  IO depths    : 1=0.1%, 2=0.1%, 4=0.1%, 8=0.1%, 16=0.1%, 32=0.1%, >=64=100.0%
     submit    : 0=0.0%, 4=100.0%, 8=0.0%, 16=0.0%, 32=0.0%, 64=0.0%, >=64=0.0%
     complete  : 0=0.0%, 4=100.0%, 8=0.0%, 16=0.0%, 32=0.0%, 64=0.0%, >=64=0.1%
     issued rwts: total=4826009,4821409,0,0 short=0,0,0,0 dropped=0,0,0,0
     latency   : target=0, window=0, percentile=100.00%, depth=256

Run status group 0 (all jobs):
   READ: bw=62.8MiB/s (65.8MB/s), 62.8MiB/s-62.8MiB/s (65.8MB/s-65.8MB/s), io=18.4GiB (19.8GB), run=300309-300309msec
  WRITE: bw=62.7MiB/s (65.8MB/s), 62.7MiB/s-62.7MiB/s (65.8MB/s-65.8MB/s), io=18.4GiB (19.7GB), run=300309-300309msec
