readwrite: (g=0): rw=rw, bs=(R) 4096B-4096B, (W) 4096B-4096B, (T) 4096B-4096B, ioengine=libaio, iodepth=256
...
fio-3.27
Starting 4 processes
readwrite: Laying out IO file (1 file / 1024MiB)
readwrite: Laying out IO file (1 file / 1024MiB)

readwrite: (groupid=0, jobs=4): err= 0: pid=241871: Wed Jul 21 19:33:36 2021
  read: IOPS=17.7k, BW=69.2MiB/s (72.6MB/s)(20.3GiB/300001msec)
    slat (usec): min=7, max=354338, avg=127.13, stdev=1975.00
    clat (usec): min=10, max=5588.0k, avg=28869.13, stdev=137277.33
     lat (usec): min=22, max=5605.6k, avg=28997.03, stdev=138253.66
    clat percentiles (msec):
     |  1.00th=[   12],  5.00th=[   13], 10.00th=[   13], 20.00th=[   13],
     | 30.00th=[   14], 40.00th=[   14], 50.00th=[   14], 60.00th=[   14],
     | 70.00th=[   14], 80.00th=[   15], 90.00th=[   15], 95.00th=[   20],
     | 99.00th=[  422], 99.50th=[  684], 99.90th=[ 2333], 99.95th=[ 2836],
     | 99.99th=[ 3910]
   bw (  KiB/s): min=   88, max=165328, per=100.00%, avg=71502.62, stdev=12814.38, samples=2382
   iops        : min=   22, max=41332, avg=17875.50, stdev=3203.59, samples=2382
  write: IOPS=17.7k, BW=69.2MiB/s (72.5MB/s)(20.3GiB/300001msec); 0 zone resets
    slat (usec): min=68, max=151892, avg=77.21, stdev=77.76
    clat (usec): min=12, max=5605.5k, avg=28718.68, stdev=136441.14
     lat (usec): min=83, max=5605.6k, avg=28796.98, stdev=136443.08
    clat percentiles (msec):
     |  1.00th=[   12],  5.00th=[   13], 10.00th=[   13], 20.00th=[   13],
     | 30.00th=[   14], 40.00th=[   14], 50.00th=[   14], 60.00th=[   14],
     | 70.00th=[   14], 80.00th=[   15], 90.00th=[   15], 95.00th=[   20],
     | 99.00th=[  422], 99.50th=[  676], 99.90th=[ 2333], 99.95th=[ 2802],
     | 99.99th=[ 3977]
   bw (  KiB/s): min=   80, max=163008, per=100.00%, avg=71456.60, stdev=12797.29, samples=2382
   iops        : min=   20, max=40752, avg=17864.01, stdev=3199.32, samples=2382
  lat (usec)   : 20=0.01%, 50=0.01%, 100=0.01%, 250=0.01%, 500=0.01%
  lat (usec)   : 750=0.01%, 1000=0.01%
  lat (msec)   : 2=0.01%, 4=0.01%, 10=0.01%, 20=95.37%, 50=2.01%
  lat (msec)   : 100=0.08%, 250=0.36%, 500=1.45%, 750=0.27%, 1000=0.14%
  lat (msec)   : 2000=0.18%, >=2000=0.14%
  cpu          : usr=8.54%, sys=43.07%, ctx=128662, majf=0, minf=179
  IO depths    : 1=0.1%, 2=0.1%, 4=0.1%, 8=0.1%, 16=0.1%, 32=0.1%, >=64=100.0%
     submit    : 0=0.0%, 4=100.0%, 8=0.0%, 16=0.0%, 32=0.0%, 64=0.0%, >=64=0.0%
     complete  : 0=0.0%, 4=100.0%, 8=0.0%, 16=0.0%, 32=0.0%, 64=0.0%, >=64=0.1%
     issued rwts: total=5315556,5311569,0,0 short=0,0,0,0 dropped=0,0,0,0
     latency   : target=0, window=0, percentile=100.00%, depth=256

Run status group 0 (all jobs):
   READ: bw=69.2MiB/s (72.6MB/s), 69.2MiB/s-69.2MiB/s (72.6MB/s-72.6MB/s), io=20.3GiB (21.8GB), run=300001-300001msec
  WRITE: bw=69.2MiB/s (72.5MB/s), 69.2MiB/s-69.2MiB/s (72.5MB/s-72.5MB/s), io=20.3GiB (21.8GB), run=300001-300001msec
