readwrite: (g=0): rw=rw, bs=(R) 4096B-4096B, (W) 4096B-4096B, (T) 4096B-4096B, ioengine=libaio, iodepth=256
...
fio-3.27
Starting 8 processes
readwrite: Laying out IO file (1 file / 1024MiB)
readwrite: Laying out IO file (1 file / 1024MiB)
readwrite: Laying out IO file (1 file / 1024MiB)
readwrite: Laying out IO file (1 file / 1024MiB)

readwrite: (groupid=0, jobs=8): err= 0: pid=50384: Wed Jul 21 18:40:18 2021
  read: IOPS=21.5k, BW=84.1MiB/s (88.2MB/s)(24.6GiB/300064msec)
    slat (usec): min=7, max=599858, avg=272.05, stdev=4169.11
    clat (usec): min=15, max=19441k, avg=47285.87, stdev=334484.89
     lat (usec): min=149, max=19485k, avg=47558.67, stdev=336938.96
    clat percentiles (msec):
     |  1.00th=[   12],  5.00th=[   13], 10.00th=[   13], 20.00th=[   14],
     | 30.00th=[   14], 40.00th=[   14], 50.00th=[   14], 60.00th=[   14],
     | 70.00th=[   15], 80.00th=[   15], 90.00th=[   15], 95.00th=[   19],
     | 99.00th=[ 1351], 99.50th=[ 2106], 99.90th=[ 4665], 99.95th=[ 6611],
     | 99.99th=[10000]
   bw (  KiB/s): min=   64, max=326128, per=100.00%, avg=87075.77, stdev=14459.06, samples=4756
   iops        : min=   16, max=81532, avg=21768.95, stdev=3614.77, samples=4756
  write: IOPS=21.5k, BW=84.1MiB/s (88.2MB/s)(24.6GiB/300064msec); 0 zone resets
    slat (usec): min=68, max=268394, avg=78.47, stdev=133.70
    clat (usec): min=11, max=19437k, avg=47470.10, stdev=338694.06
     lat (usec): min=133, max=19437k, avg=47549.69, stdev=338696.56
    clat percentiles (msec):
     |  1.00th=[   12],  5.00th=[   13], 10.00th=[   13], 20.00th=[   14],
     | 30.00th=[   14], 40.00th=[   14], 50.00th=[   14], 60.00th=[   14],
     | 70.00th=[   15], 80.00th=[   15], 90.00th=[   15], 95.00th=[   19],
     | 99.00th=[ 1351], 99.50th=[ 2106], 99.90th=[ 4799], 99.95th=[ 6812],
     | 99.99th=[10000]
   bw (  KiB/s): min=   64, max=323112, per=100.00%, avg=86891.74, stdev=14472.16, samples=4760
   iops        : min=   16, max=80778, avg=21722.93, stdev=3618.04, samples=4760
  lat (usec)   : 20=0.01%, 50=0.01%, 100=0.01%, 250=0.01%, 500=0.01%
  lat (usec)   : 750=0.01%, 1000=0.01%
  lat (msec)   : 2=0.01%, 4=0.01%, 10=0.01%, 20=96.98%, 50=1.23%
  lat (msec)   : 100=0.06%, 250=0.07%, 500=0.05%, 750=0.09%, 1000=0.20%
  lat (msec)   : 2000=0.76%, >=2000=0.55%
  cpu          : usr=5.13%, sys=25.90%, ctx=102886, majf=0, minf=354
  IO depths    : 1=0.1%, 2=0.1%, 4=0.1%, 8=0.1%, 16=0.1%, 32=0.1%, >=64=100.0%
     submit    : 0=0.0%, 4=100.0%, 8=0.0%, 16=0.0%, 32=0.0%, 64=0.0%, >=64=0.0%
     complete  : 0=0.0%, 4=100.0%, 8=0.0%, 16=0.0%, 32=0.0%, 64=0.0%, >=64=0.1%
     issued rwts: total=6458178,6459724,0,0 short=0,0,0,0 dropped=0,0,0,0
     latency   : target=0, window=0, percentile=100.00%, depth=256

Run status group 0 (all jobs):
   READ: bw=84.1MiB/s (88.2MB/s), 84.1MiB/s-84.1MiB/s (88.2MB/s-88.2MB/s), io=24.6GiB (26.5GB), run=300064-300064msec
  WRITE: bw=84.1MiB/s (88.2MB/s), 84.1MiB/s-84.1MiB/s (88.2MB/s-88.2MB/s), io=24.6GiB (26.5GB), run=300064-300064msec
