readwrite: (g=0): rw=rw, bs=(R) 4096B-4096B, (W) 4096B-4096B, (T) 4096B-4096B, ioengine=libaio, iodepth=256
...
fio-3.27
Starting 2 processes
readwrite: Laying out IO file (1 file / 1024MiB)

readwrite: (groupid=0, jobs=2): err= 0: pid=64564: Wed Jul 21 17:28:15 2021
  read: IOPS=16.1k, BW=62.7MiB/s (65.8MB/s)(18.4GiB/300001msec)
    slat (usec): min=7, max=130886, avg=28.40, stdev=365.95
    clat (usec): min=12, max=1079.2k, avg=15894.05, stdev=24373.35
     lat (usec): min=263, max=1079.2k, avg=15923.21, stdev=24445.71
    clat percentiles (msec):
     |  1.00th=[   12],  5.00th=[   13], 10.00th=[   13], 20.00th=[   13],
     | 30.00th=[   13], 40.00th=[   14], 50.00th=[   14], 60.00th=[   14],
     | 70.00th=[   14], 80.00th=[   14], 90.00th=[   15], 95.00th=[   19],
     | 99.00th=[  115], 99.50th=[  148], 99.90th=[  239], 99.95th=[  347],
     | 99.99th=[  911]
   bw (  KiB/s): min=  664, max=83376, per=100.00%, avg=64923.26, stdev=10645.27, samples=1187
   iops        : min=  166, max=20844, avg=16230.79, stdev=2661.32, samples=1187
  write: IOPS=16.1k, BW=62.7MiB/s (65.7MB/s)(18.4GiB/300001msec); 0 zone resets
    slat (usec): min=68, max=4753, avg=74.54, stdev=14.39
    clat (usec): min=11, max=1079.2k, avg=15873.24, stdev=24130.21
     lat (usec): min=82, max=1079.3k, avg=15948.86, stdev=24131.01
    clat percentiles (msec):
     |  1.00th=[   12],  5.00th=[   13], 10.00th=[   13], 20.00th=[   13],
     | 30.00th=[   13], 40.00th=[   14], 50.00th=[   14], 60.00th=[   14],
     | 70.00th=[   14], 80.00th=[   14], 90.00th=[   15], 95.00th=[   19],
     | 99.00th=[  114], 99.50th=[  148], 99.90th=[  236], 99.95th=[  334],
     | 99.99th=[  902]
   bw (  KiB/s): min=  584, max=82040, per=100.00%, avg=64872.30, stdev=10625.29, samples=1187
   iops        : min=  146, max=20510, avg=16218.02, stdev=2656.32, samples=1187
  lat (usec)   : 20=0.01%, 100=0.01%, 250=0.01%, 500=0.01%, 750=0.01%
  lat (usec)   : 1000=0.01%
  lat (msec)   : 2=0.01%, 4=0.01%, 10=0.01%, 20=96.46%, 50=2.15%
  lat (msec)   : 100=0.15%, 250=1.15%, 500=0.04%, 750=0.01%, 1000=0.04%
  lat (msec)   : 2000=0.01%
  cpu          : usr=15.21%, sys=75.72%, ctx=60774, majf=0, minf=87
  IO depths    : 1=0.1%, 2=0.1%, 4=0.1%, 8=0.1%, 16=0.1%, 32=0.1%, >=64=100.0%
     submit    : 0=0.0%, 4=100.0%, 8=0.0%, 16=0.0%, 32=0.0%, 64=0.0%, >=64=0.0%
     complete  : 0=0.0%, 4=100.0%, 8=0.0%, 16=0.0%, 32=0.0%, 64=0.0%, >=64=0.1%
     issued rwts: total=4818995,4815151,0,0 short=0,0,0,0 dropped=0,0,0,0
     latency   : target=0, window=0, percentile=100.00%, depth=256

Run status group 0 (all jobs):
   READ: bw=62.7MiB/s (65.8MB/s), 62.7MiB/s-62.7MiB/s (65.8MB/s-65.8MB/s), io=18.4GiB (19.7GB), run=300001-300001msec
  WRITE: bw=62.7MiB/s (65.7MB/s), 62.7MiB/s-62.7MiB/s (65.7MB/s-65.7MB/s), io=18.4GiB (19.7GB), run=300001-300001msec
