test: (g=0): rw=read, bs=(R) 4096B-4096B, (W) 4096B-4096B, (T) 4096B-4096B, ioengine=libaio, iodepth=256
...
fio-3.27
Starting 2 processes
seq-read: Laying out IO file (1 file / 1024MiB)

test: (groupid=0, jobs=2): err= 0: pid=257192: Tue Jul 20 14:24:35 2021
  read: IOPS=33.8k, BW=132MiB/s (138MB/s)(38.7GiB/300001msec)
    slat (usec): min=10, max=267485, avg=47.81, stdev=581.36
    clat (usec): min=11, max=5795.9k, avg=15083.15, stdev=65499.30
     lat (usec): min=64, max=5813.2k, avg=15131.75, stdev=65687.33
    clat percentiles (msec):
     |  1.00th=[    5],  5.00th=[    5], 10.00th=[    5], 20.00th=[    5],
     | 30.00th=[    6], 40.00th=[    6], 50.00th=[    6], 60.00th=[    6],
     | 70.00th=[    6], 80.00th=[    6], 90.00th=[   17], 95.00th=[   27],
     | 99.00th=[  372], 99.50th=[  439], 99.90th=[  726], 99.95th=[  986],
     | 99.99th=[ 1133]
   bw (  KiB/s): min=   56, max=329392, per=100.00%, avg=140754.41, stdev=43167.88, samples=1172
   iops        : min=   14, max=82348, avg=35188.57, stdev=10791.99, samples=1172
  lat (usec)   : 20=0.01%, 100=0.01%, 250=0.01%, 500=0.01%, 750=0.01%
  lat (usec)   : 1000=0.01%
  lat (msec)   : 2=0.01%, 4=0.01%, 10=87.03%, 20=5.09%, 50=5.74%
  lat (msec)   : 100=0.07%, 250=0.15%, 500=1.68%, 750=0.14%, 1000=0.06%
  lat (msec)   : 2000=0.04%, >=2000=0.01%
  cpu          : usr=14.38%, sys=40.75%, ctx=201329, majf=0, minf=589
  IO depths    : 1=0.1%, 2=0.1%, 4=0.1%, 8=0.1%, 16=0.1%, 32=0.1%, >=64=100.0%
     submit    : 0=0.0%, 4=100.0%, 8=0.0%, 16=0.0%, 32=0.0%, 64=0.0%, >=64=0.0%
     complete  : 0=0.0%, 4=100.0%, 8=0.0%, 16=0.0%, 32=0.0%, 64=0.0%, >=64=0.1%
     issued rwts: total=10142200,0,0,0 short=0,0,0,0 dropped=0,0,0,0
     latency   : target=0, window=0, percentile=100.00%, depth=256

Run status group 0 (all jobs):
   READ: bw=132MiB/s (138MB/s), 132MiB/s-132MiB/s (138MB/s-138MB/s), io=38.7GiB (41.5GB), run=300001-300001msec
