readwrite: (g=0): rw=rw, bs=(R) 4096B-4096B, (W) 4096B-4096B, (T) 4096B-4096B, ioengine=libaio, iodepth=256
...
fio-3.27
Starting 8 processes
readwrite: Laying out IO file (1 file / 1024MiB)
readwrite: Laying out IO file (1 file / 1024MiB)
readwrite: Laying out IO file (1 file / 1024MiB)
readwrite: Laying out IO file (1 file / 1024MiB)

readwrite: (groupid=0, jobs=8): err= 0: pid=64997: Wed Jul 21 18:40:19 2021
  read: IOPS=29.6k, BW=116MiB/s (121MB/s)(33.9GiB/300036msec)
    slat (usec): min=7, max=713465, avg=170.28, stdev=3246.93
    clat (usec): min=10, max=18677k, avg=34452.58, stdev=255242.75
     lat (usec): min=19, max=18764k, avg=34623.59, stdev=257066.64
    clat percentiles (msec):
     |  1.00th=[   12],  5.00th=[   13], 10.00th=[   13], 20.00th=[   14],
     | 30.00th=[   14], 40.00th=[   14], 50.00th=[   14], 60.00th=[   14],
     | 70.00th=[   15], 80.00th=[   15], 90.00th=[   15], 95.00th=[   18],
     | 99.00th=[  558], 99.50th=[ 1552], 99.90th=[ 3675], 99.95th=[ 5067],
     | 99.99th=[ 8490]
   bw (  KiB/s): min=   72, max=328568, per=100.00%, avg=119927.62, stdev=15048.63, samples=4749
   iops        : min=   18, max=82142, avg=29981.70, stdev=3762.14, samples=4749
  write: IOPS=29.6k, BW=116MiB/s (121MB/s)(33.9GiB/300036msec); 0 zone resets
    slat (usec): min=68, max=180070, avg=78.53, stdev=94.38
    clat (usec): min=11, max=18638k, avg=34297.72, stdev=255491.62
     lat (usec): min=83, max=18638k, avg=34377.36, stdev=255493.57
    clat percentiles (msec):
     |  1.00th=[   12],  5.00th=[   13], 10.00th=[   13], 20.00th=[   14],
     | 30.00th=[   14], 40.00th=[   14], 50.00th=[   14], 60.00th=[   14],
     | 70.00th=[   15], 80.00th=[   15], 90.00th=[   15], 95.00th=[   18],
     | 99.00th=[  518], 99.50th=[ 1552], 99.90th=[ 3675], 99.95th=[ 5067],
     | 99.99th=[ 8658]
   bw (  KiB/s): min=   80, max=324490, per=100.00%, avg=119947.72, stdev=15042.10, samples=4751
   iops        : min=   20, max=81122, avg=29986.76, stdev=3760.52, samples=4751
  lat (usec)   : 20=0.01%, 50=0.01%, 100=0.01%, 250=0.01%, 500=0.01%
  lat (usec)   : 750=0.01%, 1000=0.01%
  lat (msec)   : 2=0.01%, 4=0.01%, 10=0.01%, 20=97.48%, 50=1.34%
  lat (msec)   : 100=0.06%, 250=0.06%, 500=0.05%, 750=0.07%, 1000=0.15%
  lat (msec)   : 2000=0.45%, >=2000=0.33%
  cpu          : usr=7.05%, sys=35.45%, ctx=88433, majf=0, minf=358
  IO depths    : 1=0.1%, 2=0.1%, 4=0.1%, 8=0.1%, 16=0.1%, 32=0.1%, >=64=100.0%
     submit    : 0=0.0%, 4=100.0%, 8=0.0%, 16=0.0%, 32=0.0%, 64=0.0%, >=64=0.0%
     complete  : 0=0.0%, 4=100.0%, 8=0.0%, 16=0.0%, 32=0.0%, 64=0.0%, >=64=0.1%
     issued rwts: total=8893510,8894075,0,0 short=0,0,0,0 dropped=0,0,0,0
     latency   : target=0, window=0, percentile=100.00%, depth=256

Run status group 0 (all jobs):
   READ: bw=116MiB/s (121MB/s), 116MiB/s-116MiB/s (121MB/s-121MB/s), io=33.9GiB (36.4GB), run=300036-300036msec
  WRITE: bw=116MiB/s (121MB/s), 116MiB/s-116MiB/s (121MB/s-121MB/s), io=33.9GiB (36.4GB), run=300036-300036msec
