test: (g=0): rw=randread, bs=(R) 4096B-4096B, (W) 4096B-4096B, (T) 4096B-4096B, ioengine=libaio, iodepth=256
...
fio-3.27
Starting 8 processes
rand-read: Laying out IO file (1 file / 1024MiB)
rand-read: Laying out IO file (1 file / 1024MiB)
rand-read: Laying out IO file (1 file / 1024MiB)
rand-read: Laying out IO file (1 file / 1024MiB)

test: (groupid=0, jobs=8): err= 0: pid=191208: Mon Jul 19 22:07:38 2021
  read: IOPS=648, BW=2595KiB/s (2657kB/s)(760MiB/300023msec)
    slat (usec): min=464, max=192813, avg=12308.91, stdev=9933.67
    clat (usec): min=15, max=4073.0k, avg=3129523.09, stdev=265158.47
     lat (msec): min=9, max=4081, avg=3141.83, stdev=265.50
    clat percentiles (msec):
     |  1.00th=[ 2635],  5.00th=[ 2869], 10.00th=[ 2903], 20.00th=[ 2970],
     | 30.00th=[ 3037], 40.00th=[ 3071], 50.00th=[ 3138], 60.00th=[ 3171],
     | 70.00th=[ 3239], 80.00th=[ 3306], 90.00th=[ 3406], 95.00th=[ 3473],
     | 99.00th=[ 3641], 99.50th=[ 3742], 99.90th=[ 3910], 99.95th=[ 3943],
     | 99.99th=[ 4044]
   bw (  KiB/s): min= 1248, max= 3592, per=99.98%, avg=2594.19, stdev=42.25, samples=4746
   iops        : min=  312, max=  898, avg=648.55, stdev=10.56, samples=4746
  lat (usec)   : 20=0.01%, 50=0.01%
  lat (msec)   : 10=0.01%, 20=0.01%, 50=0.01%, 100=0.01%, 250=0.05%
  lat (msec)   : 500=0.09%, 750=0.09%, 1000=0.08%, 2000=0.35%, >=2000=99.31%
  cpu          : usr=0.22%, sys=1.40%, ctx=194668, majf=0, minf=2360
  IO depths    : 1=0.1%, 2=0.1%, 4=0.1%, 8=0.1%, 16=0.1%, 32=0.1%, >=64=99.7%
     submit    : 0=0.0%, 4=100.0%, 8=0.0%, 16=0.0%, 32=0.0%, 64=0.0%, >=64=0.0%
     complete  : 0=0.0%, 4=100.0%, 8=0.0%, 16=0.0%, 32=0.0%, 64=0.0%, >=64=0.1%
     issued rwts: total=194605,0,0,0 short=0,0,0,0 dropped=0,0,0,0
     latency   : target=0, window=0, percentile=100.00%, depth=256

Run status group 0 (all jobs):
   READ: bw=2595KiB/s (2657kB/s), 2595KiB/s-2595KiB/s (2657kB/s-2657kB/s), io=760MiB (797MB), run=300023-300023msec
