test: (g=0): rw=read, bs=(R) 4096B-4096B, (W) 4096B-4096B, (T) 4096B-4096B, ioengine=libaio, iodepth=256
...
fio-3.27
Starting 2 processes
seq-read: Laying out IO file (1 file / 1024MiB)

test: (groupid=0, jobs=2): err= 0: pid=237366: Tue Jul 20 14:24:35 2021
  read: IOPS=33.6k, BW=131MiB/s (138MB/s)(38.4GiB/300001msec)
    slat (usec): min=10, max=115085, avg=48.26, stdev=607.25
    clat (usec): min=10, max=5291.3k, avg=15185.99, stdev=74057.06
     lat (usec): min=22, max=5303.1k, avg=15235.07, stdev=74293.63
    clat percentiles (msec):
     |  1.00th=[    5],  5.00th=[    5], 10.00th=[    5], 20.00th=[    5],
     | 30.00th=[    5], 40.00th=[    5], 50.00th=[    6], 60.00th=[    6],
     | 70.00th=[    6], 80.00th=[    6], 90.00th=[   16], 95.00th=[   26],
     | 99.00th=[  393], 99.50th=[  584], 99.90th=[  919], 99.95th=[  953],
     | 99.99th=[ 1083]
   bw (  KiB/s): min=  160, max=329320, per=100.00%, avg=139520.36, stdev=40154.86, samples=1174
   iops        : min=   40, max=82332, avg=34880.09, stdev=10038.73, samples=1174
  lat (usec)   : 20=0.01%, 50=0.01%, 100=0.01%, 250=0.01%, 500=0.01%
  lat (usec)   : 750=0.01%, 1000=0.01%
  lat (msec)   : 2=0.01%, 4=0.01%, 10=87.90%, 20=4.56%, 50=5.81%
  lat (msec)   : 100=0.04%, 250=0.12%, 500=0.92%, 750=0.41%, 1000=0.23%
  lat (msec)   : 2000=0.01%, >=2000=0.01%
  cpu          : usr=14.35%, sys=39.01%, ctx=162768, majf=0, minf=590
  IO depths    : 1=0.1%, 2=0.1%, 4=0.1%, 8=0.1%, 16=0.1%, 32=0.1%, >=64=100.0%
     submit    : 0=0.0%, 4=100.0%, 8=0.0%, 16=0.0%, 32=0.0%, 64=0.0%, >=64=0.0%
     complete  : 0=0.0%, 4=100.0%, 8=0.0%, 16=0.0%, 32=0.0%, 64=0.0%, >=64=0.1%
     issued rwts: total=10073044,0,0,0 short=0,0,0,0 dropped=0,0,0,0
     latency   : target=0, window=0, percentile=100.00%, depth=256

Run status group 0 (all jobs):
   READ: bw=131MiB/s (138MB/s), 131MiB/s-131MiB/s (138MB/s-138MB/s), io=38.4GiB (41.3GB), run=300001-300001msec
