test: (g=0): rw=read, bs=(R) 4096B-4096B, (W) 4096B-4096B, (T) 4096B-4096B, ioengine=libaio, iodepth=256
...
fio-3.27
Starting 2 processes

test: (groupid=0, jobs=2): err= 0: pid=260979: Fri Jul 16 03:59:55 2021
  read: IOPS=35.0k, BW=137MiB/s (143MB/s)(40.1GiB/300003msec)
    slat (usec): min=10, max=164849, avg=45.87, stdev=733.24
    clat (usec): min=26, max=6932.9k, avg=14556.12, stdev=110242.14
     lat (usec): min=892, max=6934.6k, avg=14602.77, stdev=110577.86
    clat percentiles (msec):
     |  1.00th=[    5],  5.00th=[    5], 10.00th=[    5], 20.00th=[    5],
     | 30.00th=[    5], 40.00th=[    5], 50.00th=[    5], 60.00th=[    6],
     | 70.00th=[    6], 80.00th=[    6], 90.00th=[   16], 95.00th=[   26],
     | 99.00th=[   54], 99.50th=[  625], 99.90th=[ 1200], 99.95th=[ 1502],
     | 99.99th=[ 5403]
   bw (  KiB/s): min=   32, max=329208, per=100.00%, avg=145239.68, stdev=41522.46, samples=1174
   iops        : min=    8, max=82304, avg=36309.91, stdev=10380.62, samples=1174
  lat (usec)   : 50=0.01%, 1000=0.01%
  lat (msec)   : 2=0.01%, 4=0.01%, 10=88.53%, 20=4.60%, 50=5.87%
  lat (msec)   : 100=0.02%, 250=0.10%, 500=0.22%, 750=0.27%, 1000=0.23%
  lat (msec)   : 2000=0.14%, >=2000=0.03%
  cpu          : usr=14.70%, sys=39.32%, ctx=95494, majf=0, minf=590
  IO depths    : 1=0.1%, 2=0.1%, 4=0.1%, 8=0.1%, 16=0.1%, 32=0.1%, >=64=100.0%
     submit    : 0=0.0%, 4=100.0%, 8=0.0%, 16=0.0%, 32=0.0%, 64=0.0%, >=64=0.0%
     complete  : 0=0.0%, 4=100.0%, 8=0.0%, 16=0.0%, 32=0.0%, 64=0.0%, >=64=0.1%
     issued rwts: total=10508178,0,0,0 short=0,0,0,0 dropped=0,0,0,0
     latency   : target=0, window=0, percentile=100.00%, depth=256

Run status group 0 (all jobs):
   READ: bw=137MiB/s (143MB/s), 137MiB/s-137MiB/s (143MB/s-143MB/s), io=40.1GiB (43.0GB), run=300003-300003msec
