test: (g=0): rw=read, bs=(R) 4096B-4096B, (W) 4096B-4096B, (T) 4096B-4096B, ioengine=libaio, iodepth=256
...
fio-3.27
Starting 32 processes
seq-read: Laying out IO file (1 file / 1024MiB)
seq-read: Laying out IO file (1 file / 1024MiB)
seq-read: Laying out IO file (1 file / 1024MiB)
seq-read: Laying out IO file (1 file / 1024MiB)
seq-read: Laying out IO file (1 file / 1024MiB)
seq-read: Laying out IO file (1 file / 1024MiB)
seq-read: Laying out IO file (1 file / 1024MiB)
seq-read: Laying out IO file (1 file / 1024MiB)
seq-read: Laying out IO file (1 file / 1024MiB)
seq-read: Laying out IO file (1 file / 1024MiB)
seq-read: Laying out IO file (1 file / 1024MiB)
seq-read: Laying out IO file (1 file / 1024MiB)
seq-read: Laying out IO file (1 file / 1024MiB)
seq-read: Laying out IO file (1 file / 1024MiB)
seq-read: Laying out IO file (1 file / 1024MiB)
seq-read: Laying out IO file (1 file / 1024MiB)

test: (groupid=0, jobs=32): err= 0: pid=260651: Tue Jul 20 15:59:12 2021
  read: IOPS=19.4k, BW=75.9MiB/s (79.6MB/s)(22.2GiB/300144msec)
    slat (usec): min=10, max=1432.5k, avg=1634.31, stdev=9326.25
    clat (usec): min=14, max=28956k, avg=419347.30, stdev=2006454.07
     lat (msec): min=4, max=29085, avg=420.98, stdev=2014.07
    clat percentiles (msec):
     |  1.00th=[    5],  5.00th=[    5], 10.00th=[    5], 20.00th=[    5],
     | 30.00th=[    5], 40.00th=[    5], 50.00th=[    6], 60.00th=[    6],
     | 70.00th=[    6], 80.00th=[   17], 90.00th=[   29], 95.00th=[ 2366],
     | 99.00th=[11745], 99.50th=[16040], 99.90th=[17113], 99.95th=[17113],
     | 99.99th=[17113]
   bw (  KiB/s): min=  600, max=4297824, per=100.00%, avg=78154.62, stdev=16806.40, samples=19067
   iops        : min=  150, max=1074456, avg=19538.65, stdev=4201.60, samples=19067
  lat (usec)   : 20=0.01%, 50=0.01%
  lat (msec)   : 10=71.95%, 20=15.16%, 50=4.97%, 100=0.08%, 250=0.02%
  lat (msec)   : 500=0.03%, 750=0.04%, 1000=0.15%, 2000=0.49%, >=2000=7.11%
  cpu          : usr=0.61%, sys=2.30%, ctx=442370, majf=0, minf=9470
  IO depths    : 1=0.1%, 2=0.1%, 4=0.1%, 8=0.1%, 16=0.1%, 32=0.1%, >=64=100.0%
     submit    : 0=0.0%, 4=100.0%, 8=0.0%, 16=0.0%, 32=0.0%, 64=0.0%, >=64=0.0%
     complete  : 0=0.0%, 4=100.0%, 8=0.0%, 16=0.0%, 32=0.0%, 64=0.0%, >=64=0.1%
     issued rwts: total=5831888,0,0,0 short=0,0,0,0 dropped=0,0,0,0
     latency   : target=0, window=0, percentile=100.00%, depth=256

Run status group 0 (all jobs):
   READ: bw=75.9MiB/s (79.6MB/s), 75.9MiB/s-75.9MiB/s (79.6MB/s-79.6MB/s), io=22.2GiB (23.9GB), run=300144-300144msec
