readwrite: (g=0): rw=rw, bs=(R) 4096B-4096B, (W) 4096B-4096B, (T) 4096B-4096B, ioengine=libaio, iodepth=256
fio-3.27
Starting 1 process

readwrite: (groupid=0, jobs=1): err= 0: pid=59017: Wed Jul 21 16:29:51 2021
  read: IOPS=1029, BW=4117KiB/s (4216kB/s)(1206MiB/300013msec)
    slat (usec): min=7, max=816672, avg=865.07, stdev=5875.63
    clat (usec): min=26, max=6469.5k, avg=124223.95, stdev=497485.12
     lat (msec): min=10, max=6543, avg=125.09, stdev=501.18
    clat percentiles (msec):
     |  1.00th=[   12],  5.00th=[   13], 10.00th=[   13], 20.00th=[   13],
     | 30.00th=[   13], 40.00th=[   14], 50.00th=[   14], 60.00th=[   14],
     | 70.00th=[   19], 80.00th=[   35], 90.00th=[  186], 95.00th=[  372],
     | 99.00th=[ 2869], 99.50th=[ 4178], 99.90th=[ 5671], 99.95th=[ 5940],
     | 99.99th=[ 6275]
   bw (  KiB/s): min=    8, max=41256, per=100.00%, avg=4122.34, stdev=9902.14, samples=596
   iops        : min=    2, max=10314, avg=1030.58, stdev=2475.53, samples=596
  write: IOPS=1028, BW=4115KiB/s (4214kB/s)(1206MiB/300013msec); 0 zone resets
    slat (usec): min=68, max=419981, avg=86.39, stdev=984.44
    clat (msec): min=10, max=6543, avg=123.13, stdev=495.40
     lat (msec): min=10, max=6543, avg=123.22, stdev=495.40
    clat percentiles (msec):
     |  1.00th=[   12],  5.00th=[   13], 10.00th=[   13], 20.00th=[   13],
     | 30.00th=[   13], 40.00th=[   14], 50.00th=[   14], 60.00th=[   14],
     | 70.00th=[   19], 80.00th=[   35], 90.00th=[  186], 95.00th=[  363],
     | 99.00th=[ 2802], 99.50th=[ 4178], 99.90th=[ 5738], 99.95th=[ 5940],
     | 99.99th=[ 6342]
   bw (  KiB/s): min=    8, max=41192, per=100.00%, avg=4134.17, stdev=9917.83, samples=594
   iops        : min=    2, max=10298, avg=1033.54, stdev=2479.46, samples=594
  lat (usec)   : 50=0.01%
  lat (msec)   : 20=75.64%, 50=5.25%, 100=1.00%, 250=11.50%, 500=2.07%
  lat (msec)   : 750=0.88%, 1000=0.74%, 2000=1.56%, >=2000=1.35%
  cpu          : usr=2.11%, sys=12.08%, ctx=56240, majf=0, minf=42
  IO depths    : 1=0.1%, 2=0.1%, 4=0.1%, 8=0.1%, 16=0.1%, 32=0.1%, >=64=100.0%
     submit    : 0=0.0%, 4=100.0%, 8=0.0%, 16=0.0%, 32=0.0%, 64=0.0%, >=64=0.0%
     complete  : 0=0.0%, 4=100.0%, 8=0.0%, 16=0.0%, 32=0.0%, 64=0.0%, >=64=0.1%
     issued rwts: total=308792,308630,0,0 short=0,0,0,0 dropped=0,0,0,0
     latency   : target=0, window=0, percentile=100.00%, depth=256

Run status group 0 (all jobs):
   READ: bw=4117KiB/s (4216kB/s), 4117KiB/s-4117KiB/s (4216kB/s-4216kB/s), io=1206MiB (1265MB), run=300013-300013msec
  WRITE: bw=4115KiB/s (4214kB/s), 4115KiB/s-4115KiB/s (4214kB/s-4214kB/s), io=1206MiB (1264MB), run=300013-300013msec
