readwrite: (g=0): rw=rw, bs=(R) 4096B-4096B, (W) 4096B-4096B, (T) 4096B-4096B, ioengine=libaio, iodepth=256
...
fio-3.27
Starting 16 processes
readwrite: Laying out IO file (1 file / 1024MiB)
readwrite: Laying out IO file (1 file / 1024MiB)
readwrite: Laying out IO file (1 file / 1024MiB)
readwrite: Laying out IO file (1 file / 1024MiB)
readwrite: Laying out IO file (1 file / 1024MiB)
readwrite: Laying out IO file (1 file / 1024MiB)
readwrite: Laying out IO file (1 file / 1024MiB)
readwrite: Laying out IO file (1 file / 1024MiB)

readwrite: (groupid=0, jobs=16): err= 0: pid=65516: Wed Jul 21 17:00:39 2021
  read: IOPS=39.3k, BW=154MiB/s (161MB/s)(45.0GiB/300170msec)
    slat (usec): min=7, max=1562.7k, avg=301.89, stdev=5451.20
    clat (usec): min=15, max=20191k, avg=52065.64, stdev=459578.46
     lat (msec): min=10, max=20206, avg=52.37, stdev=462.84
    clat percentiles (msec):
     |  1.00th=[   13],  5.00th=[   13], 10.00th=[   13], 20.00th=[   14],
     | 30.00th=[   14], 40.00th=[   14], 50.00th=[   14], 60.00th=[   15],
     | 70.00th=[   15], 80.00th=[   15], 90.00th=[   16], 95.00th=[   19],
     | 99.00th=[  902], 99.50th=[ 2769], 99.90th=[ 7550], 99.95th=[ 9463],
     | 99.99th=[13624]
   bw (  KiB/s): min=  128, max=624210, per=100.00%, avg=160336.23, stdev=12324.25, samples=9396
   iops        : min=   32, max=156052, avg=40083.82, stdev=3081.05, samples=9396
  write: IOPS=39.3k, BW=154MiB/s (161MB/s)(45.0GiB/300170msec); 0 zone resets
    slat (usec): min=68, max=1847.8k, avg=83.88, stdev=1403.14
    clat (usec): min=23, max=20204k, avg=51671.33, stdev=455999.87
     lat (msec): min=10, max=20204, avg=51.76, stdev=456.02
    clat percentiles (msec):
     |  1.00th=[   13],  5.00th=[   13], 10.00th=[   13], 20.00th=[   14],
     | 30.00th=[   14], 40.00th=[   14], 50.00th=[   14], 60.00th=[   15],
     | 70.00th=[   15], 80.00th=[   15], 90.00th=[   16], 95.00th=[   18],
     | 99.00th=[  894], 99.50th=[ 2735], 99.90th=[ 7483], 99.95th=[ 9463],
     | 99.99th=[13489]
   bw (  KiB/s): min=  128, max=618952, per=100.00%, avg=160560.24, stdev=12311.40, samples=9396
   iops        : min=   32, max=154738, avg=40139.84, stdev=3077.84, samples=9396
  lat (usec)   : 20=0.01%, 50=0.01%
  lat (msec)   : 20=97.36%, 50=1.26%, 100=0.09%, 250=0.07%, 500=0.09%
  lat (msec)   : 750=0.07%, 1000=0.10%, 2000=0.30%, >=2000=0.66%
  cpu          : usr=4.72%, sys=23.78%, ctx=125362, majf=0, minf=705
  IO depths    : 1=0.1%, 2=0.1%, 4=0.1%, 8=0.1%, 16=0.1%, 32=0.1%, >=64=100.0%
     submit    : 0=0.0%, 4=100.0%, 8=0.0%, 16=0.0%, 32=0.0%, 64=0.0%, >=64=0.0%
     complete  : 0=0.0%, 4=100.0%, 8=0.0%, 16=0.0%, 32=0.0%, 64=0.0%, >=64=0.1%
     issued rwts: total=11797208,11799723,0,0 short=0,0,0,0 dropped=0,0,0,0
     latency   : target=0, window=0, percentile=100.00%, depth=256

Run status group 0 (all jobs):
   READ: bw=154MiB/s (161MB/s), 154MiB/s-154MiB/s (161MB/s-161MB/s), io=45.0GiB (48.3GB), run=300170-300170msec
  WRITE: bw=154MiB/s (161MB/s), 154MiB/s-154MiB/s (161MB/s-161MB/s), io=45.0GiB (48.3GB), run=300170-300170msec
