test: (g=0): rw=randread, bs=(R) 4096B-4096B, (W) 4096B-4096B, (T) 4096B-4096B, ioengine=libaio, iodepth=256
...
fio-3.27
Starting 8 processes
rand-read: Laying out IO file (1 file / 1024MiB)
rand-read: Laying out IO file (1 file / 1024MiB)
rand-read: Laying out IO file (1 file / 1024MiB)
rand-read: Laying out IO file (1 file / 1024MiB)

test: (groupid=0, jobs=8): err= 0: pid=130497: Tue Jul 20 11:23:18 2021
  read: IOPS=577, BW=2309KiB/s (2365kB/s)(677MiB/300013msec)
    slat (usec): min=493, max=268496, avg=13831.57, stdev=11372.61
    clat (usec): min=16, max=4620.4k, avg=3513187.31, stdev=330954.64
     lat (msec): min=5, max=4632, avg=3527.02, stdev=331.48
    clat percentiles (msec):
     |  1.00th=[ 2869],  5.00th=[ 3171], 10.00th=[ 3239], 20.00th=[ 3306],
     | 30.00th=[ 3406], 40.00th=[ 3440], 50.00th=[ 3507], 60.00th=[ 3574],
     | 70.00th=[ 3641], 80.00th=[ 3742], 90.00th=[ 3842], 95.00th=[ 3977],
     | 99.00th=[ 4178], 99.50th=[ 4245], 99.90th=[ 4463], 99.95th=[ 4530],
     | 99.99th=[ 4597]
   bw (  KiB/s): min=  872, max= 3296, per=99.90%, avg=2307.43, stdev=40.35, samples=4739
   iops        : min=  218, max=  824, avg=576.86, stdev=10.09, samples=4739
  lat (usec)   : 20=0.01%, 50=0.01%
  lat (msec)   : 10=0.01%, 20=0.01%, 50=0.01%, 100=0.02%, 250=0.06%
  lat (msec)   : 500=0.09%, 750=0.08%, 1000=0.08%, 2000=0.34%, >=2000=99.30%
  cpu          : usr=0.21%, sys=1.30%, ctx=173256, majf=0, minf=2360
  IO depths    : 1=0.1%, 2=0.1%, 4=0.1%, 8=0.1%, 16=0.1%, 32=0.1%, >=64=99.7%
     submit    : 0=0.0%, 4=100.0%, 8=0.0%, 16=0.0%, 32=0.0%, 64=0.0%, >=64=0.0%
     complete  : 0=0.0%, 4=100.0%, 8=0.0%, 16=0.0%, 32=0.0%, 64=0.0%, >=64=0.1%
     issued rwts: total=173202,0,0,0 short=0,0,0,0 dropped=0,0,0,0
     latency   : target=0, window=0, percentile=100.00%, depth=256

Run status group 0 (all jobs):
   READ: bw=2309KiB/s (2365kB/s), 2309KiB/s-2309KiB/s (2365kB/s-2365kB/s), io=677MiB (709MB), run=300013-300013msec
