test: (g=0): rw=randread, bs=(R) 4096B-4096B, (W) 4096B-4096B, (T) 4096B-4096B, ioengine=libaio, iodepth=256
...
fio-3.27
Starting 2 processes
rand-read: Laying out IO file (1 file / 1024MiB)

test: (groupid=0, jobs=2): err= 0: pid=134370: Tue Jul 20 10:11:16 2021
  read: IOPS=321, BW=1288KiB/s (1319kB/s)(377MiB/300004msec)
    slat (usec): min=449, max=79300, avg=6189.90, stdev=4188.16
    clat (usec): min=11, max=1878.6k, avg=1579647.53, stdev=99656.52
     lat (msec): min=3, max=1887, avg=1585.84, stdev=99.79
    clat percentiles (msec):
     |  1.00th=[ 1401],  5.00th=[ 1469], 10.00th=[ 1485], 20.00th=[ 1519],
     | 30.00th=[ 1552], 40.00th=[ 1569], 50.00th=[ 1586], 60.00th=[ 1603],
     | 70.00th=[ 1620], 80.00th=[ 1636], 90.00th=[ 1670], 95.00th=[ 1703],
     | 99.00th=[ 1770], 99.50th=[ 1787], 99.90th=[ 1838], 99.95th=[ 1854],
     | 99.99th=[ 1854]
   bw (  KiB/s): min=  816, max= 1592, per=100.00%, avg=1288.26, stdev=51.51, samples=1192
   iops        : min=  204, max=  398, avg=322.05, stdev=12.88, samples=1192
  lat (usec)   : 20=0.01%
  lat (msec)   : 4=0.01%, 10=0.01%, 20=0.01%, 50=0.01%, 100=0.01%
  lat (msec)   : 250=0.05%, 500=0.10%, 750=0.08%, 1000=0.08%, 2000=99.64%
  cpu          : usr=0.41%, sys=2.52%, ctx=96626, majf=0, minf=589
  IO depths    : 1=0.1%, 2=0.1%, 4=0.1%, 8=0.1%, 16=0.1%, 32=0.1%, >=64=99.9%
     submit    : 0=0.0%, 4=100.0%, 8=0.0%, 16=0.0%, 32=0.0%, 64=0.0%, >=64=0.0%
     complete  : 0=0.0%, 4=100.0%, 8=0.0%, 16=0.0%, 32=0.0%, 64=0.0%, >=64=0.1%
     issued rwts: total=96598,0,0,0 short=0,0,0,0 dropped=0,0,0,0
     latency   : target=0, window=0, percentile=100.00%, depth=256

Run status group 0 (all jobs):
   READ: bw=1288KiB/s (1319kB/s), 1288KiB/s-1288KiB/s (1319kB/s-1319kB/s), io=377MiB (396MB), run=300004-300004msec
