readwrite: (g=0): rw=rw, bs=(R) 4096B-4096B, (W) 4096B-4096B, (T) 4096B-4096B, ioengine=libaio, iodepth=256
...
fio-3.27
Starting 2 processes
readwrite: Laying out IO file (1 file / 1024MiB)

readwrite: (groupid=0, jobs=2): err= 0: pid=82668: Wed Jul 21 19:27:18 2021
  read: IOPS=16.0k, BW=62.6MiB/s (65.6MB/s)(18.3GiB/300001msec)
    slat (usec): min=7, max=155567, avg=29.01, stdev=405.68
    clat (usec): min=90, max=978156, avg=15930.73, stdev=25660.01
     lat (usec): min=104, max=978167, avg=15960.48, stdev=25750.33
    clat percentiles (msec):
     |  1.00th=[   12],  5.00th=[   13], 10.00th=[   13], 20.00th=[   13],
     | 30.00th=[   13], 40.00th=[   14], 50.00th=[   14], 60.00th=[   14],
     | 70.00th=[   14], 80.00th=[   14], 90.00th=[   15], 95.00th=[   18],
     | 99.00th=[  123], 99.50th=[  165], 99.90th=[  305], 99.95th=[  489],
     | 99.99th=[  894]
   bw (  KiB/s): min= 1178, max=84888, per=100.00%, avg=64760.70, stdev=11273.22, samples=1186
   iops        : min=  294, max=21222, avg=16190.02, stdev=2818.29, samples=1186
  write: IOPS=16.0k, BW=62.5MiB/s (65.6MB/s)(18.3GiB/300001msec); 0 zone resets
    slat (usec): min=68, max=22212, avg=74.40, stdev=17.68
    clat (usec): min=11, max=978121, avg=15915.56, stdev=25420.05
     lat (usec): min=82, max=978192, avg=15991.05, stdev=25420.96
    clat percentiles (msec):
     |  1.00th=[   12],  5.00th=[   13], 10.00th=[   13], 20.00th=[   13],
     | 30.00th=[   13], 40.00th=[   14], 50.00th=[   14], 60.00th=[   14],
     | 70.00th=[   14], 80.00th=[   14], 90.00th=[   15], 95.00th=[   17],
     | 99.00th=[  123], 99.50th=[  165], 99.90th=[  300], 99.95th=[  464],
     | 99.99th=[  894]
   bw (  KiB/s): min= 1170, max=82290, per=100.00%, avg=64720.55, stdev=11252.21, samples=1186
   iops        : min=  292, max=20572, avg=16179.97, stdev=2813.03, samples=1186
  lat (usec)   : 20=0.01%, 100=0.01%, 250=0.01%, 500=0.01%, 750=0.01%
  lat (usec)   : 1000=0.01%
  lat (msec)   : 2=0.01%, 4=0.01%, 10=0.01%, 20=96.73%, 50=1.97%
  lat (msec)   : 100=0.10%, 250=1.05%, 500=0.10%, 750=0.01%, 1000=0.04%
  cpu          : usr=15.08%, sys=74.95%, ctx=55355, majf=0, minf=87
  IO depths    : 1=0.1%, 2=0.1%, 4=0.1%, 8=0.1%, 16=0.1%, 32=0.1%, >=64=100.0%
     submit    : 0=0.0%, 4=100.0%, 8=0.0%, 16=0.0%, 32=0.0%, 64=0.0%, >=64=0.0%
     complete  : 0=0.0%, 4=100.0%, 8=0.0%, 16=0.0%, 32=0.0%, 64=0.0%, >=64=0.1%
     issued rwts: total=4806589,4803587,0,0 short=0,0,0,0 dropped=0,0,0,0
     latency   : target=0, window=0, percentile=100.00%, depth=256

Run status group 0 (all jobs):
   READ: bw=62.6MiB/s (65.6MB/s), 62.6MiB/s-62.6MiB/s (65.6MB/s-65.6MB/s), io=18.3GiB (19.7GB), run=300001-300001msec
  WRITE: bw=62.5MiB/s (65.6MB/s), 62.5MiB/s-62.5MiB/s (65.6MB/s-65.6MB/s), io=18.3GiB (19.7GB), run=300001-300001msec
