test: (g=0): rw=read, bs=(R) 4096B-4096B, (W) 4096B-4096B, (T) 4096B-4096B, ioengine=libaio, iodepth=256
...
fio-3.27
Starting 16 processes
seq-read: Laying out IO file (1 file / 1024MiB)
seq-read: Laying out IO file (1 file / 1024MiB)
seq-read: Laying out IO file (1 file / 1024MiB)
seq-read: Laying out IO file (1 file / 1024MiB)
seq-read: Laying out IO file (1 file / 1024MiB)
seq-read: Laying out IO file (1 file / 1024MiB)
seq-read: Laying out IO file (1 file / 1024MiB)
seq-read: Laying out IO file (1 file / 1024MiB)

test: (groupid=0, jobs=16): err= 0: pid=3195: Tue Jul 20 14:45:32 2021
  read: IOPS=35.3k, BW=138MiB/s (144MB/s)(40.4GiB/300092msec)
    slat (usec): min=10, max=543732, avg=441.73, stdev=3022.75
    clat (usec): min=10, max=19479k, avg=115626.41, stdev=549674.13
     lat (usec): min=22, max=19549k, avg=116069.09, stdev=551692.58
    clat percentiles (msec):
     |  1.00th=[    5],  5.00th=[    5], 10.00th=[    5], 20.00th=[    6],
     | 30.00th=[    6], 40.00th=[    6], 50.00th=[    6], 60.00th=[    6],
     | 70.00th=[    6], 80.00th=[    6], 90.00th=[   27], 95.00th=[  936],
     | 99.00th=[ 2467], 99.50th=[ 3373], 99.90th=[ 7282], 99.95th=[ 8792],
     | 99.99th=[14429]
   bw (  KiB/s): min=  424, max=2344728, per=100.00%, avg=144031.72, stdev=24406.35, samples=9556
   iops        : min=  106, max=586182, avg=36007.40, stdev=6101.58, samples=9556
  lat (usec)   : 20=0.01%, 50=0.01%, 100=0.01%, 250=0.01%, 500=0.01%
  lat (usec)   : 750=0.01%, 1000=0.01%
  lat (msec)   : 2=0.01%, 4=0.01%, 10=81.14%, 20=6.41%, 50=5.40%
  lat (msec)   : 100=0.06%, 250=0.01%, 500=0.02%, 750=0.41%, 1000=2.55%
  lat (msec)   : 2000=2.65%, >=2000=1.36%
  cpu          : usr=2.15%, sys=7.27%, ctx=729384, majf=0, minf=4734
  IO depths    : 1=0.1%, 2=0.1%, 4=0.1%, 8=0.1%, 16=0.1%, 32=0.1%, >=64=100.0%
     submit    : 0=0.0%, 4=100.0%, 8=0.0%, 16=0.0%, 32=0.0%, 64=0.0%, >=64=0.0%
     complete  : 0=0.0%, 4=100.0%, 8=0.0%, 16=0.0%, 32=0.0%, 64=0.0%, >=64=0.1%
     issued rwts: total=10579755,0,0,0 short=0,0,0,0 dropped=0,0,0,0
     latency   : target=0, window=0, percentile=100.00%, depth=256

Run status group 0 (all jobs):
   READ: bw=138MiB/s (144MB/s), 138MiB/s-138MiB/s (144MB/s-144MB/s), io=40.4GiB (43.3GB), run=300092-300092msec
