test: (g=0): rw=randread, bs=(R) 4096B-4096B, (W) 4096B-4096B, (T) 4096B-4096B, ioengine=libaio, iodepth=256
...
fio-3.27
Starting 16 processes
rand-read: Laying out IO file (1 file / 1024MiB)
rand-read: Laying out IO file (1 file / 1024MiB)
rand-read: Laying out IO file (1 file / 1024MiB)
rand-read: Laying out IO file (1 file / 1024MiB)
rand-read: Laying out IO file (1 file / 1024MiB)
rand-read: Laying out IO file (1 file / 1024MiB)
rand-read: Laying out IO file (1 file / 1024MiB)
rand-read: Laying out IO file (1 file / 1024MiB)

test: (groupid=0, jobs=16): err= 0: pid=146282: Tue Jul 20 11:31:18 2021
  read: IOPS=535, BW=2143KiB/s (2195kB/s)(628MiB/300040msec)
    slat (usec): min=612, max=391437, avg=29830.90, stdev=15923.44
    clat (usec): min=13, max=13441k, avg=7511829.93, stdev=1445753.42
     lat (msec): min=7, max=13502, avg=7541.66, stdev=1450.04
    clat percentiles (msec):
     |  1.00th=[  986],  5.00th=[ 6611], 10.00th=[ 6745], 20.00th=[ 6946],
     | 30.00th=[ 7013], 40.00th=[ 7148], 50.00th=[ 7215], 60.00th=[ 7349],
     | 70.00th=[ 7617], 80.00th=[ 8154], 90.00th=[ 9060], 95.00th=[10402],
     | 99.00th=[12013], 99.50th=[12416], 99.90th=[12953], 99.95th=[13221],
     | 99.99th=[13355]
   bw (  KiB/s): min=  784, max= 5688, per=99.61%, avg=2135.48, stdev=20.70, samples=9341
   iops        : min=  196, max= 1422, avg=533.87, stdev= 5.18, samples=9341
  lat (usec)   : 20=0.01%, 50=0.01%, 100=0.01%
  lat (msec)   : 10=0.01%, 20=0.01%, 50=0.03%, 100=0.06%, 250=0.17%
  lat (msec)   : 500=0.30%, 750=0.27%, 1000=0.16%, 2000=0.35%, >=2000=98.65%
  cpu          : usr=0.10%, sys=0.61%, ctx=160880, majf=0, minf=4722
  IO depths    : 1=0.1%, 2=0.1%, 4=0.1%, 8=0.1%, 16=0.2%, 32=0.3%, >=64=99.4%
     submit    : 0=0.0%, 4=100.0%, 8=0.0%, 16=0.0%, 32=0.0%, 64=0.0%, >=64=0.0%
     complete  : 0=0.0%, 4=100.0%, 8=0.0%, 16=0.0%, 32=0.0%, 64=0.0%, >=64=0.1%
     issued rwts: total=160776,0,0,0 short=0,0,0,0 dropped=0,0,0,0
     latency   : target=0, window=0, percentile=100.00%, depth=256

Run status group 0 (all jobs):
   READ: bw=2143KiB/s (2195kB/s), 2143KiB/s-2143KiB/s (2195kB/s-2195kB/s), io=628MiB (659MB), run=300040-300040msec
