test: (g=0): rw=randread, bs=(R) 4096B-4096B, (W) 4096B-4096B, (T) 4096B-4096B, ioengine=libaio, iodepth=256
...
fio-3.27
Starting 16 processes
rand-read: Laying out IO file (1 file / 1024MiB)
rand-read: Laying out IO file (1 file / 1024MiB)
rand-read: Laying out IO file (1 file / 1024MiB)
rand-read: Laying out IO file (1 file / 1024MiB)
rand-read: Laying out IO file (1 file / 1024MiB)
rand-read: Laying out IO file (1 file / 1024MiB)
rand-read: Laying out IO file (1 file / 1024MiB)
rand-read: Laying out IO file (1 file / 1024MiB)

test: (groupid=0, jobs=16): err= 0: pid=161352: Tue Jul 20 11:31:17 2021
  read: IOPS=498, BW=1993KiB/s (2041kB/s)(584MiB/300095msec)
    slat (msec): min=2, max=359, avg=32.08, stdev=16.76
    clat (usec): min=15, max=14101k, avg=8076941.81, stdev=1495373.59
     lat (msec): min=7, max=14143, avg=8109.02, stdev=1499.45
    clat percentiles (msec):
     |  1.00th=[ 3004],  5.00th=[ 6812], 10.00th=[ 6946], 20.00th=[ 7080],
     | 30.00th=[ 7282], 40.00th=[ 7416], 50.00th=[ 7684], 60.00th=[ 8087],
     | 70.00th=[ 8658], 80.00th=[ 9194], 90.00th=[10134], 95.00th=[10805],
     | 99.00th=[12550], 99.50th=[12818], 99.90th=[13758], 99.95th=[13892],
     | 99.99th=[14026]
   bw (  KiB/s): min=  760, max= 2784, per=99.89%, avg=1991.36, stdev=18.81, samples=9327
   iops        : min=  190, max=  696, avg=497.84, stdev= 4.70, samples=9327
  lat (usec)   : 20=0.01%, 50=0.01%, 100=0.01%
  lat (msec)   : 10=0.01%, 20=0.01%, 50=0.02%, 100=0.02%, 250=0.06%
  lat (msec)   : 500=0.08%, 750=0.08%, 1000=0.07%, 2000=0.34%, >=2000=99.32%
  cpu          : usr=0.09%, sys=0.56%, ctx=149655, majf=0, minf=4720
  IO depths    : 1=0.1%, 2=0.1%, 4=0.1%, 8=0.1%, 16=0.2%, 32=0.3%, >=64=99.3%
     submit    : 0=0.0%, 4=100.0%, 8=0.0%, 16=0.0%, 32=0.0%, 64=0.0%, >=64=0.0%
     complete  : 0=0.0%, 4=100.0%, 8=0.0%, 16=0.0%, 32=0.0%, 64=0.0%, >=64=0.1%
     issued rwts: total=149530,0,0,0 short=0,0,0,0 dropped=0,0,0,0
     latency   : target=0, window=0, percentile=100.00%, depth=256

Run status group 0 (all jobs):
   READ: bw=1993KiB/s (2041kB/s), 1993KiB/s-1993KiB/s (2041kB/s-2041kB/s), io=584MiB (612MB), run=300095-300095msec
