test: (g=0): rw=read, bs=(R) 4096B-4096B, (W) 4096B-4096B, (T) 4096B-4096B, ioengine=libaio, iodepth=256
...
fio-3.27
Starting 16 processes
seq-read: Laying out IO file (1 file / 1024MiB)
seq-read: Laying out IO file (1 file / 1024MiB)
seq-read: Laying out IO file (1 file / 1024MiB)
seq-read: Laying out IO file (1 file / 1024MiB)
seq-read: Laying out IO file (1 file / 1024MiB)
seq-read: Laying out IO file (1 file / 1024MiB)
seq-read: Laying out IO file (1 file / 1024MiB)
seq-read: Laying out IO file (1 file / 1024MiB)

test: (groupid=0, jobs=16): err= 0: pid=253100: Tue Jul 20 15:48:26 2021
  read: IOPS=19.2k, BW=74.8MiB/s (78.4MB/s)(21.9GiB/300023msec)
    slat (usec): min=10, max=585413, avg=822.72, stdev=5541.61
    clat (usec): min=14, max=35400k, avg=212713.00, stdev=1142438.19
     lat (usec): min=1639, max=35527k, avg=213536.77, stdev=1146695.07
    clat percentiles (msec):
     |  1.00th=[    5],  5.00th=[    5], 10.00th=[    5], 20.00th=[    5],
     | 30.00th=[    6], 40.00th=[    6], 50.00th=[    6], 60.00th=[    6],
     | 70.00th=[   17], 80.00th=[   17], 90.00th=[   47], 95.00th=[ 1301],
     | 99.00th=[ 2903], 99.50th=[ 5805], 99.90th=[17113], 99.95th=[17113],
     | 99.99th=[17113]
   bw (  KiB/s): min=  360, max=2278152, per=100.00%, avg=77199.29, stdev=21331.64, samples=9548
   iops        : min=   90, max=569538, avg=19299.36, stdev=5332.90, samples=9548
  lat (usec)   : 20=0.01%, 50=0.01%, 100=0.01%
  lat (msec)   : 2=0.01%, 4=0.01%, 10=64.96%, 20=20.81%, 50=4.38%
  lat (msec)   : 100=0.27%, 250=0.06%, 500=0.04%, 750=0.01%, 1000=0.19%
  lat (msec)   : 2000=7.54%, >=2000=1.75%
  cpu          : usr=1.25%, sys=5.20%, ctx=539043, majf=0, minf=4733
  IO depths    : 1=0.1%, 2=0.1%, 4=0.1%, 8=0.1%, 16=0.1%, 32=0.1%, >=64=100.0%
     submit    : 0=0.0%, 4=100.0%, 8=0.0%, 16=0.0%, 32=0.0%, 64=0.0%, >=64=0.0%
     complete  : 0=0.0%, 4=100.0%, 8=0.0%, 16=0.0%, 32=0.0%, 64=0.0%, >=64=0.1%
     issued rwts: total=5746021,0,0,0 short=0,0,0,0 dropped=0,0,0,0
     latency   : target=0, window=0, percentile=100.00%, depth=256

Run status group 0 (all jobs):
   READ: bw=74.8MiB/s (78.4MB/s), 74.8MiB/s-74.8MiB/s (78.4MB/s-78.4MB/s), io=21.9GiB (23.5GB), run=300023-300023msec
